[29251] 01-07 05:46:50,758 INFO [RocksDB]RocksDB version: 5.14.2

[29251] 01-07 05:46:50,763 INFO [RocksDB]Git sha rocksdb_build_git_sha:5ee59bde6ee151270b065c58656993fea5e936e6
[29251] 01-07 05:46:50,763 INFO [RocksDB]Compile date Jan  7 2020
[29251] 01-07 05:46:50,763 INFO [RocksDB]DB SUMMARY

[29251] 01-07 05:46:50,763 INFO [RocksDB]SST files in /home/ubuntu/ardb/data/rocksdb dir, Total Num: 0, files: 

[29251] 01-07 05:46:50,763 INFO [RocksDB]Write Ahead Log file in /home/ubuntu/ardb/data/rocksdb: 

[29251] 01-07 05:46:50,763 INFO [RocksDB]                        Options.error_if_exists: 0
[29251] 01-07 05:46:50,763 INFO [RocksDB]                      Options.create_if_missing: 1
[29251] 01-07 05:46:50,763 INFO [RocksDB]                        Options.paranoid_checks: 1
[29251] 01-07 05:46:50,763 INFO [RocksDB]                                    Options.env: 0xbfd6c0
[29251] 01-07 05:46:50,763 INFO [RocksDB]                               Options.info_log: 0x7fdfa8e3f8a0
[29251] 01-07 05:46:50,763 INFO [RocksDB]               Options.max_file_opening_threads: 16
[29251] 01-07 05:46:50,763 INFO [RocksDB]                             Options.statistics: (nil)
[29251] 01-07 05:46:50,763 INFO [RocksDB]                              Options.use_fsync: 0
[29251] 01-07 05:46:50,763 INFO [RocksDB]                      Options.max_log_file_size: 0
[29251] 01-07 05:46:50,763 INFO [RocksDB]                 Options.max_manifest_file_size: 18446744073709551615
[29251] 01-07 05:46:50,763 INFO [RocksDB]                  Options.log_file_time_to_roll: 0
[29251] 01-07 05:46:50,763 INFO [RocksDB]                      Options.keep_log_file_num: 1000
[29251] 01-07 05:46:50,763 INFO [RocksDB]                   Options.recycle_log_file_num: 0
[29251] 01-07 05:46:50,763 INFO [RocksDB]                        Options.allow_fallocate: 1
[29251] 01-07 05:46:50,763 INFO [RocksDB]                       Options.allow_mmap_reads: 0
[29251] 01-07 05:46:50,763 INFO [RocksDB]                      Options.allow_mmap_writes: 0
[29251] 01-07 05:46:50,763 INFO [RocksDB]                       Options.use_direct_reads: 0
[29251] 01-07 05:46:50,763 INFO [RocksDB]                       Options.use_direct_io_for_flush_and_compaction: 0
[29251] 01-07 05:46:50,763 INFO [RocksDB]         Options.create_missing_column_families: 0
[29251] 01-07 05:46:50,763 INFO [RocksDB]                             Options.db_log_dir: 
[29251] 01-07 05:46:50,763 INFO [RocksDB]                                Options.wal_dir: /home/ubuntu/ardb/data/rocksdb
[29251] 01-07 05:46:50,763 INFO [RocksDB]               Options.table_cache_numshardbits: 6
[29251] 01-07 05:46:50,763 INFO [RocksDB]                     Options.max_subcompactions: 1
[29251] 01-07 05:46:50,763 INFO [RocksDB]                 Options.max_background_flushes: -1
[29251] 01-07 05:46:50,763 INFO [RocksDB]                        Options.WAL_ttl_seconds: 0
[29251] 01-07 05:46:50,763 INFO [RocksDB]                      Options.WAL_size_limit_MB: 0
[29251] 01-07 05:46:50,763 INFO [RocksDB]            Options.manifest_preallocation_size: 4194304
[29251] 01-07 05:46:50,763 INFO [RocksDB]                    Options.is_fd_close_on_exec: 1
[29251] 01-07 05:46:50,763 INFO [RocksDB]                  Options.advise_random_on_open: 1
[29251] 01-07 05:46:50,763 INFO [RocksDB]                   Options.db_write_buffer_size: 0
[29251] 01-07 05:46:50,763 INFO [RocksDB]                   Options.write_buffer_manager: 0x7fdfa95fa7d0
[29251] 01-07 05:46:50,763 INFO [RocksDB]        Options.access_hint_on_compaction_start: 1
[29251] 01-07 05:46:50,763 INFO [RocksDB] Options.new_table_reader_for_compaction_inputs: 0
[29251] 01-07 05:46:50,763 INFO [RocksDB]          Options.random_access_max_buffer_size: 1048576
[29251] 01-07 05:46:50,763 INFO [RocksDB]                     Options.use_adaptive_mutex: 1
[29251] 01-07 05:46:50,763 INFO [RocksDB]                           Options.rate_limiter: 0x7fdfa8e38540
[29251] 01-07 05:46:50,763 INFO [RocksDB]    Options.sst_file_manager.rate_bytes_per_sec: 0
[29251] 01-07 05:46:50,763 INFO [RocksDB]                      Options.wal_recovery_mode: 2
[29251] 01-07 05:46:50,763 INFO [RocksDB]                 Options.enable_thread_tracking: 0
[29251] 01-07 05:46:50,763 INFO [RocksDB]                 Options.enable_pipelined_write: 1
[29251] 01-07 05:46:50,763 INFO [RocksDB]        Options.allow_concurrent_memtable_write: 1
[29251] 01-07 05:46:50,763 INFO [RocksDB]     Options.enable_write_thread_adaptive_yield: 1
[29251] 01-07 05:46:50,763 INFO [RocksDB]            Options.write_thread_max_yield_usec: 100
[29251] 01-07 05:46:50,763 INFO [RocksDB]           Options.write_thread_slow_yield_usec: 3
[29251] 01-07 05:46:50,763 INFO [RocksDB]                              Options.row_cache: None
[29251] 01-07 05:46:50,763 INFO [RocksDB]                             Options.wal_filter: None
[29251] 01-07 05:46:50,763 INFO [RocksDB]            Options.avoid_flush_during_recovery: 0
[29251] 01-07 05:46:50,763 INFO [RocksDB]            Options.allow_ingest_behind: 0
[29251] 01-07 05:46:50,763 INFO [RocksDB]            Options.preserve_deletes: 0
[29251] 01-07 05:46:50,763 INFO [RocksDB]            Options.two_write_queues: 0
[29251] 01-07 05:46:50,763 INFO [RocksDB]            Options.manual_wal_flush: 0
[29251] 01-07 05:46:50,763 INFO [RocksDB]            Options.max_background_jobs: 16
[29251] 01-07 05:46:50,763 INFO [RocksDB]            Options.max_background_compactions: -1
[29251] 01-07 05:46:50,763 INFO [RocksDB]            Options.avoid_flush_during_shutdown: 0
[29251] 01-07 05:46:50,763 INFO [RocksDB]          Options.writable_file_max_buffer_size: 1048576
[29251] 01-07 05:46:50,763 INFO [RocksDB]            Options.delayed_write_rate : 52428800
[29251] 01-07 05:46:50,763 INFO [RocksDB]            Options.max_total_wal_size: 0
[29251] 01-07 05:46:50,763 INFO [RocksDB]            Options.delete_obsolete_files_period_micros: 21600000000
[29251] 01-07 05:46:50,764 INFO [RocksDB]                  Options.stats_dump_period_sec: 100000
[29251] 01-07 05:46:50,764 INFO [RocksDB]                         Options.max_open_files: 1024
[29251] 01-07 05:46:50,764 INFO [RocksDB]                         Options.bytes_per_sync: 1048576
[29251] 01-07 05:46:50,764 INFO [RocksDB]                     Options.wal_bytes_per_sync: 0
[29251] 01-07 05:46:50,764 INFO [RocksDB]      Options.compaction_readahead_size: 0
[29251] 01-07 05:46:50,764 INFO [RocksDB]Compression algorithms supported:
[29251] 01-07 05:46:50,764 INFO [RocksDB]	kZSTDNotFinalCompression supported: 0
[29251] 01-07 05:46:50,764 INFO [RocksDB]	kZSTD supported: 0
[29251] 01-07 05:46:50,764 INFO [RocksDB]	kXpressCompression supported: 0
[29251] 01-07 05:46:50,764 INFO [RocksDB]	kLZ4HCCompression supported: 0
[29251] 01-07 05:46:50,764 INFO [RocksDB]	kLZ4Compression supported: 0
[29251] 01-07 05:46:50,764 INFO [RocksDB]	kBZip2Compression supported: 0
[29251] 01-07 05:46:50,764 INFO [RocksDB]	kZlibCompression supported: 1
[29251] 01-07 05:46:50,764 INFO [RocksDB]	kSnappyCompression supported: 1
[29251] 01-07 05:46:50,764 INFO [RocksDB]Fast CRC32 supported: Supported on x86
[29251] 01-07 05:46:50,764 INFO [RocksDB][db/db_impl_open.cc:222] Creating manifest 1 

[29251] 01-07 05:46:50,771 INFO [RocksDB][db/version_set.cc:3085] Recovering from manifest file: MANIFEST-000001

[29251] 01-07 05:46:50,771 INFO [RocksDB][db/column_family.cc:475] --------------- Options for column family [default]:

[29251] 01-07 05:46:50,771 INFO [RocksDB]              Options.comparator: ardb.comparator
[29251] 01-07 05:46:50,771 INFO [RocksDB]          Options.merge_operator: ardb.merger
[29251] 01-07 05:46:50,771 INFO [RocksDB]       Options.compaction_filter: None
[29251] 01-07 05:46:50,771 INFO [RocksDB]       Options.compaction_filter_factory: ardb.compact_filter_factory
[29251] 01-07 05:46:50,771 INFO [RocksDB]        Options.memtable_factory: SkipListFactory
[29251] 01-07 05:46:50,771 INFO [RocksDB]           Options.table_factory: BlockBasedTable
[29251] 01-07 05:46:50,771 INFO [RocksDB]           table_factory options:   flush_block_policy_factory: FlushBlockBySizePolicyFactory (0x7fdfa9408018)
  cache_index_and_filter_blocks: 0
  cache_index_and_filter_blocks_with_high_priority: 0
  pin_l0_filter_and_index_blocks_in_cache: 0
  index_type: 0
  hash_index_allow_collision: 1
  checksum: 1
  no_block_cache: 0
  block_cache: 0x7fdfa9481cf0
  block_cache_name: LRUCache
  block_cache_options:
    capacity : 536870912
    num_shard_bits : 6
    strict_capacity_limit : 0
    high_pri_pool_ratio: 0.000
  block_cache_compressed: (nil)
  persistent_cache: (nil)
  block_size: 4096
  block_size_deviation: 10
  block_restart_interval: 16
  index_block_restart_interval: 1
  metadata_block_size: 4096
  partition_filters: 0
  use_delta_encoding: 1
  filter_policy: rocksdb.BuiltinBloomFilter
  whole_key_filtering: 1
  verify_compression: 0
  read_amp_bytes_per_bit: 0
  format_version: 2
  enable_index_compression: 1
  block_align: 0

[29251] 01-07 05:46:50,771 INFO [RocksDB]       Options.write_buffer_size: 268435456
[29251] 01-07 05:46:50,771 INFO [RocksDB] Options.max_write_buffer_number: 6
[29251] 01-07 05:46:50,771 INFO [RocksDB]       Options.compression[0]: NoCompression
[29251] 01-07 05:46:50,771 INFO [RocksDB]       Options.compression[1]: NoCompression
[29251] 01-07 05:46:50,771 INFO [RocksDB]       Options.compression[2]: Snappy
[29251] 01-07 05:46:50,771 INFO [RocksDB]       Options.compression[3]: Snappy
[29251] 01-07 05:46:50,771 INFO [RocksDB]       Options.compression[4]: Snappy
[29251] 01-07 05:46:50,771 INFO [RocksDB]       Options.compression[5]: Snappy
[29251] 01-07 05:46:50,771 INFO [RocksDB]       Options.compression[6]: Snappy
[29251] 01-07 05:46:50,771 INFO [RocksDB]                 Options.bottommost_compression: Disabled
[29251] 01-07 05:46:50,771 INFO [RocksDB]      Options.prefix_extractor: ardb.prefix_extractor
[29251] 01-07 05:46:50,771 INFO [RocksDB]  Options.memtable_insert_with_hint_prefix_extractor: nullptr
[29251] 01-07 05:46:50,771 INFO [RocksDB]            Options.num_levels: 7
[29251] 01-07 05:46:50,771 INFO [RocksDB]       Options.min_write_buffer_number_to_merge: 2
[29251] 01-07 05:46:50,771 INFO [RocksDB]    Options.max_write_buffer_number_to_maintain: 0
[29251] 01-07 05:46:50,771 INFO [RocksDB]           Options.compression_opts.window_bits: -14
[29251] 01-07 05:46:50,771 INFO [RocksDB]                 Options.compression_opts.level: -1
[29251] 01-07 05:46:50,771 INFO [RocksDB]              Options.compression_opts.strategy: 0
[29251] 01-07 05:46:50,771 INFO [RocksDB]        Options.compression_opts.max_dict_bytes: 0
[29251] 01-07 05:46:50,771 INFO [RocksDB]        Options.compression_opts.zstd_max_train_bytes: 0
[29251] 01-07 05:46:50,771 INFO [RocksDB]     Options.level0_file_num_compaction_trigger: 2
[29251] 01-07 05:46:50,771 INFO [RocksDB]         Options.level0_slowdown_writes_trigger: 20
[29251] 01-07 05:46:50,771 INFO [RocksDB]             Options.level0_stop_writes_trigger: 36
[29251] 01-07 05:46:50,771 INFO [RocksDB]                  Options.target_file_size_base: 67108864
[29251] 01-07 05:46:50,771 INFO [RocksDB]            Options.target_file_size_multiplier: 1
[29251] 01-07 05:46:50,771 INFO [RocksDB]               Options.max_bytes_for_level_base: 536870912
[29251] 01-07 05:46:50,771 INFO [RocksDB]Options.level_compaction_dynamic_level_bytes: 0
[29251] 01-07 05:46:50,771 INFO [RocksDB]         Options.max_bytes_for_level_multiplier: 10.000000
[29251] 01-07 05:46:50,771 INFO [RocksDB]Options.max_bytes_for_level_multiplier_addtl[0]: 1
[29251] 01-07 05:46:50,771 INFO [RocksDB]Options.max_bytes_for_level_multiplier_addtl[1]: 1
[29251] 01-07 05:46:50,771 INFO [RocksDB]Options.max_bytes_for_level_multiplier_addtl[2]: 1
[29251] 01-07 05:46:50,771 INFO [RocksDB]Options.max_bytes_for_level_multiplier_addtl[3]: 1
[29251] 01-07 05:46:50,771 INFO [RocksDB]Options.max_bytes_for_level_multiplier_addtl[4]: 1
[29251] 01-07 05:46:50,771 INFO [RocksDB]Options.max_bytes_for_level_multiplier_addtl[5]: 1
[29251] 01-07 05:46:50,771 INFO [RocksDB]Options.max_bytes_for_level_multiplier_addtl[6]: 1
[29251] 01-07 05:46:50,771 INFO [RocksDB]      Options.max_sequential_skip_in_iterations: 8
[29251] 01-07 05:46:50,771 INFO [RocksDB]                   Options.max_compaction_bytes: 1677721600
[29251] 01-07 05:46:50,771 INFO [RocksDB]                       Options.arena_block_size: 33554432
[29251] 01-07 05:46:50,771 INFO [RocksDB]  Options.soft_pending_compaction_bytes_limit: 68719476736
[29251] 01-07 05:46:50,771 INFO [RocksDB]  Options.hard_pending_compaction_bytes_limit: 274877906944
[29251] 01-07 05:46:50,771 INFO [RocksDB]      Options.rate_limit_delay_max_milliseconds: 100
[29251] 01-07 05:46:50,771 INFO [RocksDB]               Options.disable_auto_compactions: 0
[29251] 01-07 05:46:50,771 INFO [RocksDB]                       Options.compaction_style: kCompactionStyleLevel
[29251] 01-07 05:46:50,771 INFO [RocksDB]                         Options.compaction_pri: kByCompensatedSize
[29251] 01-07 05:46:50,771 INFO [RocksDB]Options.compaction_options_universal.size_ratio: 1
[29251] 01-07 05:46:50,771 INFO [RocksDB]Options.compaction_options_universal.min_merge_width: 2
[29251] 01-07 05:46:50,771 INFO [RocksDB]Options.compaction_options_universal.max_merge_width: 4294967295
[29251] 01-07 05:46:50,771 INFO [RocksDB]Options.compaction_options_universal.max_size_amplification_percent: 200
[29251] 01-07 05:46:50,771 INFO [RocksDB]Options.compaction_options_universal.compression_size_percent: -1
[29251] 01-07 05:46:50,771 INFO [RocksDB]Options.compaction_options_universal.stop_style: kCompactionStopStyleTotalSize
[29251] 01-07 05:46:50,771 INFO [RocksDB]Options.compaction_options_fifo.max_table_files_size: 1073741824
[29251] 01-07 05:46:50,771 INFO [RocksDB]Options.compaction_options_fifo.allow_compaction: 0
[29251] 01-07 05:46:50,771 INFO [RocksDB]Options.compaction_options_fifo.ttl: 0
[29251] 01-07 05:46:50,771 INFO [RocksDB]                  Options.table_properties_collectors: 
[29251] 01-07 05:46:50,771 INFO [RocksDB]                  Options.inplace_update_support: 0
[29251] 01-07 05:46:50,771 INFO [RocksDB]                Options.inplace_update_num_locks: 10000
[29251] 01-07 05:46:50,771 INFO [RocksDB]              Options.memtable_prefix_bloom_size_ratio: 0.000000
[29251] 01-07 05:46:50,771 INFO [RocksDB]  Options.memtable_huge_page_size: 0
[29251] 01-07 05:46:50,771 INFO [RocksDB]                          Options.bloom_locality: 0
[29251] 01-07 05:46:50,771 INFO [RocksDB]                   Options.max_successive_merges: 0
[29251] 01-07 05:46:50,771 INFO [RocksDB]               Options.optimize_filters_for_hits: 0
[29251] 01-07 05:46:50,771 INFO [RocksDB]               Options.paranoid_file_checks: 0
[29251] 01-07 05:46:50,771 INFO [RocksDB]               Options.force_consistency_checks: 0
[29251] 01-07 05:46:50,771 INFO [RocksDB]               Options.report_bg_io_stats: 0
[29251] 01-07 05:46:50,771 INFO [RocksDB]                              Options.ttl: 0
[29251] 01-07 05:46:50,772 INFO [RocksDB][db/version_set.cc:3361] Recovered from manifest file:/home/ubuntu/ardb/data/rocksdb/MANIFEST-000001 succeeded,manifest_file_number is 1, next_file_number is 3, last_sequence is 0, log_number is 0,prev_log_number is 0,max_column_family is 0,min_log_number_to_keep is 0

[29251] 01-07 05:46:50,772 INFO [RocksDB][db/version_set.cc:3369] Column family [default] (ID 0), log number is 0

[29251] 01-07 05:46:50,775 INFO [RocksDB][db/db_impl_open.cc:1219] DB pointer 0x7fdfa8dbe000
[29251] 01-07 05:46:50,775 INFO Ardb init engine:rocksdb success.
[29251] 01-07 05:46:50,777 INFO Ardb will accept connections on 0.0.0.0:16379
[29251] 01-07 05:46:50,778 INFO Ardb started with version 0.10.0
[29251] 01-07 05:46:51,779 INFO ========================Period Statistics Dump Begin===========================
[29251] 01-07 05:46:51,779 INFO slave_sync_total_commands_processed:0
[29251] 01-07 05:46:51,779 INFO slave_sync_instantaneous_ops_per_sec:0
[29251] 01-07 05:46:51,779 INFO total_commands_processed:0
[29251] 01-07 05:46:51,779 INFO instantaneous_ops_per_sec:0
[29251] 01-07 05:46:51,779 INFO total_connections_received:0
[29251] 01-07 05:46:51,779 INFO rejected_connections:0
[29251] 01-07 05:46:51,779 INFO ========================Period Statistics Dump End===========================
[29251] 01-07 05:47:03,266 INFO [RocksDB][db/version_set.cc:2847] Creating manifest 6

[29251] 01-07 05:47:03,272 INFO [RocksDB][db/column_family.cc:475] --------------- Options for column family [0]:

[29251] 01-07 05:47:03,272 INFO [RocksDB]              Options.comparator: ardb.comparator
[29251] 01-07 05:47:03,272 INFO [RocksDB]          Options.merge_operator: ardb.merger
[29251] 01-07 05:47:03,272 INFO [RocksDB]       Options.compaction_filter: None
[29251] 01-07 05:47:03,272 INFO [RocksDB]       Options.compaction_filter_factory: ardb.compact_filter_factory
[29251] 01-07 05:47:03,272 INFO [RocksDB]        Options.memtable_factory: SkipListFactory
[29251] 01-07 05:47:03,272 INFO [RocksDB]           Options.table_factory: BlockBasedTable
[29251] 01-07 05:47:03,272 INFO [RocksDB]           table_factory options:   flush_block_policy_factory: FlushBlockBySizePolicyFactory (0x7fdfa9408018)
  cache_index_and_filter_blocks: 0
  cache_index_and_filter_blocks_with_high_priority: 0
  pin_l0_filter_and_index_blocks_in_cache: 0
  index_type: 0
  hash_index_allow_collision: 1
  checksum: 1
  no_block_cache: 0
  block_cache: 0x7fdfa9481cf0
  block_cache_name: LRUCache
  block_cache_options:
    capacity : 536870912
    num_shard_bits : 6
    strict_capacity_limit : 0
    high_pri_pool_ratio: 0.000
  block_cache_compressed: (nil)
  persistent_cache: (nil)
  block_size: 4096
  block_size_deviation: 10
  block_restart_interval: 16
  index_block_restart_interval: 1
  metadata_block_size: 4096
  partition_filters: 0
  use_delta_encoding: 1
  filter_policy: rocksdb.BuiltinBloomFilter
  whole_key_filtering: 1
  verify_compression: 0
  read_amp_bytes_per_bit: 0
  format_version: 2
  enable_index_compression: 1
  block_align: 0

[29251] 01-07 05:47:03,272 INFO [RocksDB]       Options.write_buffer_size: 268435456
[29251] 01-07 05:47:03,272 INFO [RocksDB] Options.max_write_buffer_number: 6
[29251] 01-07 05:47:03,272 INFO [RocksDB]       Options.compression[0]: NoCompression
[29251] 01-07 05:47:03,272 INFO [RocksDB]       Options.compression[1]: NoCompression
[29251] 01-07 05:47:03,272 INFO [RocksDB]       Options.compression[2]: Snappy
[29251] 01-07 05:47:03,272 INFO [RocksDB]       Options.compression[3]: Snappy
[29251] 01-07 05:47:03,272 INFO [RocksDB]       Options.compression[4]: Snappy
[29251] 01-07 05:47:03,272 INFO [RocksDB]       Options.compression[5]: Snappy
[29251] 01-07 05:47:03,272 INFO [RocksDB]       Options.compression[6]: Snappy
[29251] 01-07 05:47:03,272 INFO [RocksDB]                 Options.bottommost_compression: Disabled
[29251] 01-07 05:47:03,272 INFO [RocksDB]      Options.prefix_extractor: ardb.prefix_extractor
[29251] 01-07 05:47:03,272 INFO [RocksDB]  Options.memtable_insert_with_hint_prefix_extractor: nullptr
[29251] 01-07 05:47:03,272 INFO [RocksDB]            Options.num_levels: 7
[29251] 01-07 05:47:03,272 INFO [RocksDB]       Options.min_write_buffer_number_to_merge: 2
[29251] 01-07 05:47:03,272 INFO [RocksDB]    Options.max_write_buffer_number_to_maintain: 0
[29251] 01-07 05:47:03,272 INFO [RocksDB]           Options.compression_opts.window_bits: -14
[29251] 01-07 05:47:03,272 INFO [RocksDB]                 Options.compression_opts.level: -1
[29251] 01-07 05:47:03,272 INFO [RocksDB]              Options.compression_opts.strategy: 0
[29251] 01-07 05:47:03,272 INFO [RocksDB]        Options.compression_opts.max_dict_bytes: 0
[29251] 01-07 05:47:03,272 INFO [RocksDB]        Options.compression_opts.zstd_max_train_bytes: 0
[29251] 01-07 05:47:03,272 INFO [RocksDB]     Options.level0_file_num_compaction_trigger: 2
[29251] 01-07 05:47:03,272 INFO [RocksDB]         Options.level0_slowdown_writes_trigger: 20
[29251] 01-07 05:47:03,272 INFO [RocksDB]             Options.level0_stop_writes_trigger: 36
[29251] 01-07 05:47:03,272 INFO [RocksDB]                  Options.target_file_size_base: 67108864
[29251] 01-07 05:47:03,272 INFO [RocksDB]            Options.target_file_size_multiplier: 1
[29251] 01-07 05:47:03,272 INFO [RocksDB]               Options.max_bytes_for_level_base: 536870912
[29251] 01-07 05:47:03,272 INFO [RocksDB]Options.level_compaction_dynamic_level_bytes: 0
[29251] 01-07 05:47:03,272 INFO [RocksDB]         Options.max_bytes_for_level_multiplier: 10.000000
[29251] 01-07 05:47:03,272 INFO [RocksDB]Options.max_bytes_for_level_multiplier_addtl[0]: 1
[29251] 01-07 05:47:03,272 INFO [RocksDB]Options.max_bytes_for_level_multiplier_addtl[1]: 1
[29251] 01-07 05:47:03,272 INFO [RocksDB]Options.max_bytes_for_level_multiplier_addtl[2]: 1
[29251] 01-07 05:47:03,272 INFO [RocksDB]Options.max_bytes_for_level_multiplier_addtl[3]: 1
[29251] 01-07 05:47:03,272 INFO [RocksDB]Options.max_bytes_for_level_multiplier_addtl[4]: 1
[29251] 01-07 05:47:03,272 INFO [RocksDB]Options.max_bytes_for_level_multiplier_addtl[5]: 1
[29251] 01-07 05:47:03,272 INFO [RocksDB]Options.max_bytes_for_level_multiplier_addtl[6]: 1
[29251] 01-07 05:47:03,272 INFO [RocksDB]      Options.max_sequential_skip_in_iterations: 8
[29251] 01-07 05:47:03,272 INFO [RocksDB]                   Options.max_compaction_bytes: 1677721600
[29251] 01-07 05:47:03,272 INFO [RocksDB]                       Options.arena_block_size: 33554432
[29251] 01-07 05:47:03,272 INFO [RocksDB]  Options.soft_pending_compaction_bytes_limit: 68719476736
[29251] 01-07 05:47:03,272 INFO [RocksDB]  Options.hard_pending_compaction_bytes_limit: 274877906944
[29251] 01-07 05:47:03,272 INFO [RocksDB]      Options.rate_limit_delay_max_milliseconds: 100
[29251] 01-07 05:47:03,272 INFO [RocksDB]               Options.disable_auto_compactions: 0
[29251] 01-07 05:47:03,272 INFO [RocksDB]                       Options.compaction_style: kCompactionStyleLevel
[29251] 01-07 05:47:03,272 INFO [RocksDB]                         Options.compaction_pri: kByCompensatedSize
[29251] 01-07 05:47:03,272 INFO [RocksDB]Options.compaction_options_universal.size_ratio: 1
[29251] 01-07 05:47:03,272 INFO [RocksDB]Options.compaction_options_universal.min_merge_width: 2
[29251] 01-07 05:47:03,272 INFO [RocksDB]Options.compaction_options_universal.max_merge_width: 4294967295
[29251] 01-07 05:47:03,272 INFO [RocksDB]Options.compaction_options_universal.max_size_amplification_percent: 200
[29251] 01-07 05:47:03,272 INFO [RocksDB]Options.compaction_options_universal.compression_size_percent: -1
[29251] 01-07 05:47:03,272 INFO [RocksDB]Options.compaction_options_universal.stop_style: kCompactionStopStyleTotalSize
[29251] 01-07 05:47:03,272 INFO [RocksDB]Options.compaction_options_fifo.max_table_files_size: 1073741824
[29251] 01-07 05:47:03,272 INFO [RocksDB]Options.compaction_options_fifo.allow_compaction: 0
[29251] 01-07 05:47:03,272 INFO [RocksDB]Options.compaction_options_fifo.ttl: 0
[29251] 01-07 05:47:03,272 INFO [RocksDB]                  Options.table_properties_collectors: 
[29251] 01-07 05:47:03,272 INFO [RocksDB]                  Options.inplace_update_support: 0
[29251] 01-07 05:47:03,272 INFO [RocksDB]                Options.inplace_update_num_locks: 10000
[29251] 01-07 05:47:03,272 INFO [RocksDB]              Options.memtable_prefix_bloom_size_ratio: 0.000000
[29251] 01-07 05:47:03,272 INFO [RocksDB]  Options.memtable_huge_page_size: 0
[29251] 01-07 05:47:03,272 INFO [RocksDB]                          Options.bloom_locality: 0
[29251] 01-07 05:47:03,272 INFO [RocksDB]                   Options.max_successive_merges: 0
[29251] 01-07 05:47:03,272 INFO [RocksDB]               Options.optimize_filters_for_hits: 0
[29251] 01-07 05:47:03,272 INFO [RocksDB]               Options.paranoid_file_checks: 0
[29251] 01-07 05:47:03,272 INFO [RocksDB]               Options.force_consistency_checks: 0
[29251] 01-07 05:47:03,272 INFO [RocksDB]               Options.report_bg_io_stats: 0
[29251] 01-07 05:47:03,272 INFO [RocksDB]                              Options.ttl: 0
[29251] 01-07 05:47:03,272 INFO [RocksDB][db/db_impl.cc:1396] Created column family [0] (ID 1)
[29251] 01-07 05:47:03,275 INFO Create ColumnFamilyHandle with name:0 success.
[29251] 01-07 05:47:11,334 INFO [RocksDB][db/db_impl_write.cc:1373] [0] New memtable created with log file: #9. Immutable memtables: 0.

[29251] 01-07 05:47:19,597 INFO [RocksDB][db/db_impl_write.cc:1373] [0] New memtable created with log file: #10. Immutable memtables: 1.

[29251] 01-07 05:47:19,597 INFO [RocksDB][db/db_impl_compaction_flush.cc:80] [JOB 2] Syncing log #3
[29251] 01-07 05:47:20,250 INFO [RocksDB][db/db_impl_compaction_flush.cc:80] [JOB 2] Syncing log #9
[29251] 01-07 05:47:21,777 INFO [RocksDB](Original Log Time 2020/01/07-05:47:19.597591) [db/db_impl_compaction_flush.cc:1424] Calling FlushMemTableToOutputFile with column family [0], flush slots available 4, compaction slots available 1, flush slots scheduled 1, compaction slots scheduled 0
[29251] 01-07 05:47:21,777 INFO [RocksDB][db/flush_job.cc:301] [0] [JOB 2] Flushing memtable with next log file: 9

[29251] 01-07 05:47:21,777 INFO [RocksDB][db/flush_job.cc:301] [0] [JOB 2] Flushing memtable with next log file: 10

[29251] 01-07 05:47:21,777 INFO [RocksDB]EVENT_LOG_v1 {"time_micros": 1578376041777350, "job": 2, "event": "flush_started", "num_memtables": 2, "num_entries": 3577844, "num_deletes": 0, "memory_usage": 520102040, "flush_reason": "Write Buffer Full"}
[29251] 01-07 05:47:21,777 INFO [RocksDB][db/flush_job.cc:331] [0] [JOB 2] Level-0 flush table #11: started
[29251] 01-07 05:47:29,156 INFO [RocksDB][db/db_impl_write.cc:1373] [0] New memtable created with log file: #12. Immutable memtables: 2.

[29251] 01-07 05:47:29,837 INFO [RocksDB]EVENT_LOG_v1 {"time_micros": 1578376049837334, "cf_name": "0", "job": 2, "event": "table_file_creation", "file_number": 11, "file_size": 347882988, "table_properties": {"data_size": 337998817, "index_size": 4538307, "filter_size": 5344821, "raw_key_size": 140797905, "raw_average_key_size": 42, "raw_value_size": 270767906, "raw_average_value_size": 81, "num_data_blocks": 84216, "num_entries": 3322291, "filter_policy_name": "rocksdb.BuiltinBloomFilter", "kDeletedKeys": "0", "kMergeOperands": "0"}}
[29251] 01-07 05:47:29,837 INFO [RocksDB][db/flush_job.cc:371] [0] [JOB 2] Level-0 flush table #11: 347882988 bytes OK
[29251] 01-07 05:47:29,840 INFO [RocksDB](Original Log Time 2020/01/07-05:47:29.838656) [db/memtable_list.cc:377] [0] Level-0 commit table #11 started
[29251] 01-07 05:47:29,840 INFO [RocksDB](Original Log Time 2020/01/07-05:47:29.840439) [db/memtable_list.cc:409] [0] Level-0 commit table #11: memtable #1 done
[29251] 01-07 05:47:29,840 INFO [RocksDB](Original Log Time 2020/01/07-05:47:29.840445) [db/memtable_list.cc:409] [0] Level-0 commit table #11: memtable #2 done
[29251] 01-07 05:47:29,840 INFO [RocksDB](Original Log Time 2020/01/07-05:47:29.840465) EVENT_LOG_v1 {"time_micros": 1578376049840455, "job": 2, "event": "flush_finished", "output_compression": "NoCompression", "lsm_state": [1, 0, 0, 0, 0, 0, 0], "immutable_memtables": 1}
[29251] 01-07 05:47:29,840 INFO [RocksDB](Original Log Time 2020/01/07-05:47:29.840488) [db/db_impl_compaction_flush.cc:177] [0] Level summary: base level 1 max bytes base 536870912 files[1 0 0 0 0 0 0] max score 0.65

[29251] 01-07 05:47:29,840 INFO [RocksDB][db/db_impl_files.cc:342] [JOB 2] Try to delete WAL files size 422462136, prev total WAL file size 650692153, number of live WAL files 4.

[29251] 01-07 05:47:38,989 INFO [RocksDB][db/db_impl_write.cc:1373] [0] New memtable created with log file: #13. Immutable memtables: 1.

[29251] 01-07 05:47:38,989 INFO [RocksDB][db/db_impl_compaction_flush.cc:80] [JOB 3] Syncing log #10
[29251] 01-07 05:47:39,604 INFO [RocksDB][db/db_impl_compaction_flush.cc:80] [JOB 3] Syncing log #12
[29251] 01-07 05:47:41,169 INFO [RocksDB](Original Log Time 2020/01/07-05:47:38.989908) [db/db_impl_compaction_flush.cc:1424] Calling FlushMemTableToOutputFile with column family [0], flush slots available 4, compaction slots available 1, flush slots scheduled 1, compaction slots scheduled 0
[29251] 01-07 05:47:41,169 INFO [RocksDB][db/flush_job.cc:301] [0] [JOB 3] Flushing memtable with next log file: 12

[29251] 01-07 05:47:41,169 INFO [RocksDB][db/flush_job.cc:301] [0] [JOB 3] Flushing memtable with next log file: 13

[29251] 01-07 05:47:41,169 INFO [RocksDB]EVENT_LOG_v1 {"time_micros": 1578376061169962, "job": 3, "event": "flush_started", "num_memtables": 2, "num_entries": 3578370, "num_deletes": 0, "memory_usage": 520099464, "flush_reason": "Write Buffer Full"}
[29251] 01-07 05:47:41,169 INFO [RocksDB][db/flush_job.cc:331] [0] [JOB 3] Level-0 flush table #14: started
[29251] 01-07 05:47:47,813 INFO [RocksDB]EVENT_LOG_v1 {"time_micros": 1578376067813296, "cf_name": "0", "job": 3, "event": "table_file_creation", "file_number": 14, "file_size": 347826818, "table_properties": {"data_size": 337941772, "index_size": 4538765, "filter_size": 5345238, "raw_key_size": 140817248, "raw_average_key_size": 42, "raw_value_size": 270805134, "raw_average_value_size": 81, "num_data_blocks": 84203, "num_entries": 3322770, "filter_policy_name": "rocksdb.BuiltinBloomFilter", "kDeletedKeys": "0", "kMergeOperands": "0"}}
[29251] 01-07 05:47:47,813 INFO [RocksDB][db/flush_job.cc:371] [0] [JOB 3] Level-0 flush table #14: 347826818 bytes OK
[29251] 01-07 05:47:47,816 INFO [RocksDB](Original Log Time 2020/01/07-05:47:47.814466) [db/memtable_list.cc:377] [0] Level-0 commit table #14 started
[29251] 01-07 05:47:47,816 INFO [RocksDB](Original Log Time 2020/01/07-05:47:47.816118) [db/memtable_list.cc:409] [0] Level-0 commit table #14: memtable #1 done
[29251] 01-07 05:47:47,816 INFO [RocksDB](Original Log Time 2020/01/07-05:47:47.816119) [db/memtable_list.cc:409] [0] Level-0 commit table #14: memtable #2 done
[29251] 01-07 05:47:47,816 INFO [RocksDB](Original Log Time 2020/01/07-05:47:47.816129) EVENT_LOG_v1 {"time_micros": 1578376067816124, "job": 3, "event": "flush_finished", "output_compression": "NoCompression", "lsm_state": [2, 0, 0, 0, 0, 0, 0], "immutable_memtables": 0}
[29251] 01-07 05:47:47,816 INFO [RocksDB](Original Log Time 2020/01/07-05:47:47.816153) [db/db_impl_compaction_flush.cc:177] [0] Level summary: base level 1 max bytes base 536870912 files[2 0 0 0 0 0 0] max score 1.30

[29251] 01-07 05:47:47,816 INFO [RocksDB][db/db_impl_files.cc:342] [JOB 3] Try to delete WAL files size 422607170, prev total WAL file size 596004878, number of live WAL files 3.

[29251] 01-07 05:47:47,816 WARN [RocksDB][db/db_impl.cc:491] ------- DUMPING STATS -------
[29251] 01-07 05:47:47,816 WARN [RocksDB][db/db_impl.cc:492] 
** DB Stats **
Uptime(secs): 57.0 total, 57.0 interval
Cumulative writes: 1232K writes, 8624K keys, 1230K commit groups, 1.0 writes per commit group, ingest: 0.95 GB, 17.03 MB/s
Cumulative WAL: 1232K writes, 0 syncs, 1232053.00 writes per sync, written: 0.95 GB, 17.03 MB/s
Cumulative stall: 00:00:0.000 H:M:S, 0.0 percent
Interval writes: 1232K writes, 8624K keys, 1230K commit groups, 1.0 writes per commit group, ingest: 971.29 MB, 17.03 MB/s
Interval WAL: 1232K writes, 0 syncs, 1232053.00 writes per sync, written: 0.95 MB, 17.03 MB/s
Interval stall: 00:00:0.000 H:M:S, 0.0 percent

** Compaction Stats [default] **
Level    Files   Size     Score Read(GB)  Rn(GB) Rnp1(GB) Write(GB) Wnew(GB) Moved(GB) W-Amp Rd(MB/s) Wr(MB/s) Comp(sec) Comp(cnt) Avg(sec) KeyIn KeyDrop
----------------------------------------------------------------------------------------------------------------------------------------------------------
 Sum      0/0    0.00 KB   0.0      0.0     0.0      0.0       0.0     
[29251] 01-07 05:47:47,816 INFO [RocksDB][db/compaction_job.cc:1531] [0] [JOB 4] Compacting 2@0 files to L1, score 1.30
[29251] 01-07 05:47:47,816 INFO [RocksDB][db/compaction_job.cc:1535] [0] Compaction start summary: Base version 4 Base level 0, inputs: [14(331MB) 11(331MB)]

[29251] 01-07 05:47:47,816 INFO [RocksDB]EVENT_LOG_v1 {"time_micros": 1578376067816555, "job": 4, "event": "compaction_started", "compaction_reason": "LevelL0FilesNum", "files_L0": [14, 11], "score": 1.29586, "input_data_size": 695709806}
[29251] 01-07 05:47:49,296 INFO [RocksDB][db/compaction_job.cc:1211] [0] [JOB 4] Generated table #15: 1225717 keys, 69821980 bytes
[29251] 01-07 05:47:49,296 INFO [RocksDB]EVENT_LOG_v1 {"time_micros": 1578376069296252, "cf_name": "0", "job": 4, "event": "table_file_creation", "file_number": 15, "file_size": 69821980, "table_properties": {"data_size": 67109273, "index_size": 981691, "filter_size": 1729985, "raw_key_size": 58597739, "raw_average_key_size": 47, "raw_value_size": 26735345, "raw_average_value_size": 21, "num_data_blocks": 16592, "num_entries": 1225717, "filter_policy_name": "rocksdb.BuiltinBloomFilter", "kDeletedKeys": "0", "kMergeOperands": "0"}}
[29251] 01-07 05:47:49,497 INFO [RocksDB][db/db_impl_write.cc:1373] [0] New memtable created with log file: #17. Immutable memtables: 0.

[29251] 01-07 05:47:50,595 INFO [RocksDB][db/compaction_job.cc:1211] [0] [JOB 4] Generated table #16: 597564 keys, 68990026 bytes
[29251] 01-07 05:47:50,595 INFO [RocksDB]EVENT_LOG_v1 {"time_micros": 1578376070595751, "cf_name": "0", "job": 4, "event": "table_file_creation", "file_number": 16, "file_size": 68990026, "table_properties": {"data_size": 67112750, "index_size": 888298, "filter_size": 987947, "raw_key_size": 24597008, "raw_average_key_size": 41, "raw_value_size": 56768580, "raw_average_value_size": 95, "num_data_blocks": 16739, "num_entries": 597564, "filter_policy_name": "rocksdb.BuiltinBloomFilter", "kDeletedKeys": "0", "kMergeOperands": "0"}}
[29251] 01-07 05:47:51,896 INFO [RocksDB][db/compaction_job.cc:1211] [0] [JOB 4] Generated table #18: 597545 keys, 68988745 bytes
[29251] 01-07 05:47:51,896 INFO [RocksDB]EVENT_LOG_v1 {"time_micros": 1578376071896984, "cf_name": "0", "job": 4, "event": "table_file_creation", "file_number": 18, "file_size": 68988745, "table_properties": {"data_size": 67111350, "index_size": 888440, "filter_size": 987924, "raw_key_size": 24596050, "raw_average_key_size": 41, "raw_value_size": 56766802, "raw_average_value_size": 95, "num_data_blocks": 16739, "num_entries": 597545, "filter_policy_name": "rocksdb.BuiltinBloomFilter", "kDeletedKeys": "0", "kMergeOperands": "0"}}
[29251] 01-07 05:47:53,200 INFO [RocksDB][db/compaction_job.cc:1211] [0] [JOB 4] Generated table #19: 597555 keys, 68989123 bytes
[29251] 01-07 05:47:53,200 INFO [RocksDB]EVENT_LOG_v1 {"time_micros": 1578376073200278, "cf_name": "0", "job": 4, "event": "table_file_creation", "file_number": 19, "file_size": 68989123, "table_properties": {"data_size": 67111830, "index_size": 888326, "filter_size": 987936, "raw_key_size": 24596022, "raw_average_key_size": 41, "raw_value_size": 56767743, "raw_average_value_size": 95, "num_data_blocks": 16739, "num_entries": 597555, "filter_policy_name": "rocksdb.BuiltinBloomFilter", "kDeletedKeys": "0", "kMergeOperands": "0"}}
[29251] 01-07 05:47:54,510 INFO [RocksDB][db/compaction_job.cc:1211] [0] [JOB 4] Generated table #20: 597545 keys, 68989672 bytes
[29251] 01-07 05:47:54,510 INFO [RocksDB]EVENT_LOG_v1 {"time_micros": 1578376074510068, "cf_name": "0", "job": 4, "event": "table_file_creation", "file_number": 20, "file_size": 68989672, "table_properties": {"data_size": 67112228, "index_size": 888469, "filter_size": 987944, "raw_key_size": 24595536, "raw_average_key_size": 41, "raw_value_size": 56766703, "raw_average_value_size": 94, "num_data_blocks": 16741, "num_entries": 597545, "filter_policy_name": "rocksdb.BuiltinBloomFilter", "kDeletedKeys": "0", "kMergeOperands": "0"}}
[29251] 01-07 05:47:55,818 INFO [RocksDB][db/compaction_job.cc:1211] [0] [JOB 4] Generated table #21: 597547 keys, 68990554 bytes
[29251] 01-07 05:47:55,818 INFO [RocksDB]EVENT_LOG_v1 {"time_micros": 1578376075818315, "cf_name": "0", "job": 4, "event": "table_file_creation", "file_number": 21, "file_size": 68990554, "table_properties": {"data_size": 67112810, "index_size": 888769, "filter_size": 987944, "raw_key_size": 24595375, "raw_average_key_size": 41, "raw_value_size": 56767010, "raw_average_value_size": 95, "num_data_blocks": 16741, "num_entries": 597547, "filter_policy_name": "rocksdb.BuiltinBloomFilter", "kDeletedKeys": "0", "kMergeOperands": "0"}}
[29251] 01-07 05:47:57,118 INFO [RocksDB][db/compaction_job.cc:1211] [0] [JOB 4] Generated table #22: 597537 keys, 68990034 bytes
[29251] 01-07 05:47:57,118 INFO [RocksDB]EVENT_LOG_v1 {"time_micros": 1578376077118157, "cf_name": "0", "job": 4, "event": "table_file_creation", "file_number": 22, "file_size": 68990034, "table_properties": {"data_size": 67112417, "index_size": 888652, "filter_size": 987934, "raw_key_size": 24595835, "raw_average_key_size": 41, "raw_value_size": 56765970, "raw_average_value_size": 94, "num_data_blocks": 16741, "num_entries": 597537, "filter_policy_name": "rocksdb.BuiltinBloomFilter", "kDeletedKeys": "0", "kMergeOperands": "0"}}
[29251] 01-07 05:47:58,499 INFO [RocksDB][db/compaction_job.cc:1211] [0] [JOB 4] Generated table #23: 597512 keys, 68986921 bytes
[29251] 01-07 05:47:58,499 INFO [RocksDB]EVENT_LOG_v1 {"time_micros": 1578376078499808, "cf_name": "0", "job": 4, "event": "table_file_creation", "file_number": 23, "file_size": 68986921, "table_properties": {"data_size": 67109293, "index_size": 888707, "filter_size": 987890, "raw_key_size": 24595568, "raw_average_key_size": 41, "raw_value_size": 56763667, "raw_average_value_size": 95, "num_data_blocks": 16740, "num_entries": 597512, "filter_policy_name": "rocksdb.BuiltinBloomFilter", "kDeletedKeys": "0", "kMergeOperands": "0"}}
[29251] 01-07 05:47:59,062 INFO [RocksDB][db/db_impl_write.cc:1373] [0] New memtable created with log file: #25. Immutable memtables: 1.

[29251] 01-07 05:47:59,062 INFO [RocksDB][db/db_impl_compaction_flush.cc:80] [JOB 5] Syncing log #13
[29251] 01-07 05:47:59,930 INFO [RocksDB][db/db_impl_compaction_flush.cc:80] [JOB 5] Syncing log #17
[29251] 01-07 05:47:59,931 INFO [RocksDB][db/compaction_job.cc:1211] [0] [JOB 4] Generated table #24: 597553 keys, 68990641 bytes
[29251] 01-07 05:47:59,931 INFO [RocksDB]EVENT_LOG_v1 {"time_micros": 1578376079931093, "cf_name": "0", "job": 4, "event": "table_file_creation", "file_number": 24, "file_size": 68990641, "table_properties": {"data_size": 67113005, "index_size": 888653, "filter_size": 987952, "raw_key_size": 24596730, "raw_average_key_size": 41, "raw_value_size": 56767535, "raw_average_value_size": 95, "num_data_blocks": 16741, "num_entries": 597553, "filter_policy_name": "rocksdb.BuiltinBloomFilter", "kDeletedKeys": "0", "kMergeOperands": "0"}}
[29251] 01-07 05:48:01,908 INFO [RocksDB][db/compaction_job.cc:1211] [0] [JOB 4] Generated table #27: 597553 keys, 68986650 bytes
[29251] 01-07 05:48:01,908 INFO [RocksDB]EVENT_LOG_v1 {"time_micros": 1578376081908930, "cf_name": "0", "job": 4, "event": "table_file_creation", "file_number": 27, "file_size": 68986650, "table_properties": {"data_size": 67109796, "index_size": 887902, "filter_size": 987921, "raw_key_size": 24585318, "raw_average_key_size": 41, "raw_value_size": 56767535, "raw_average_value_size": 95, "num_data_blocks": 16738, "num_entries": 597553, "filter_policy_name": "rocksdb.BuiltinBloomFilter", "kDeletedKeys": "0", "kMergeOperands": "0"}}
[29251] 01-07 05:48:01,910 INFO [RocksDB](Original Log Time 2020/01/07-05:47:59.062226) [db/db_impl_compaction_flush.cc:1424] Calling FlushMemTableToOutputFile with column family [0], flush slots available 4, compaction slots available 1, flush slots scheduled 1, compaction slots scheduled 1
[29251] 01-07 05:48:01,910 INFO [RocksDB][db/flush_job.cc:301] [0] [JOB 5] Flushing memtable with next log file: 17

[29251] 01-07 05:48:01,910 INFO [RocksDB][db/flush_job.cc:301] [0] [JOB 5] Flushing memtable with next log file: 25

[29251] 01-07 05:48:01,910 INFO [RocksDB]EVENT_LOG_v1 {"time_micros": 1578376081910081, "job": 5, "event": "flush_started", "num_memtables": 2, "num_entries": 3417041, "num_deletes": 0, "memory_usage": 520100904, "flush_reason": "Write Buffer Full"}
[29251] 01-07 05:48:01,910 INFO [RocksDB][db/flush_job.cc:331] [0] [JOB 5] Level-0 flush table #26: started
[29251] 01-07 05:48:01,968 INFO [RocksDB][db/compaction_job.cc:1211] [0] [JOB 4] Generated table #28: 41432 keys, 4779124 bytes
[29251] 01-07 05:48:01,968 INFO [RocksDB]EVENT_LOG_v1 {"time_micros": 1578376081968478, "cf_name": "0", "job": 4, "event": "table_file_creation", "file_number": 28, "file_size": 4779124, "table_properties": {"data_size": 4649619, "index_size": 59996, "filter_size": 68480, "raw_key_size": 1663953, "raw_average_key_size": 40, "raw_value_size": 3936094, "raw_average_value_size": 95, "num_data_blocks": 1159, "num_entries": 41432, "filter_policy_name": "rocksdb.BuiltinBloomFilter", "kDeletedKeys": "0", "kMergeOperands": "0"}}
[29251] 01-07 05:48:01,969 INFO [RocksDB][db/compaction_job.cc:1287] [0] [JOB 4] Compacted 2@0 files to L1 => 695503470 bytes
[29251] 01-07 05:48:01,971 INFO [RocksDB](Original Log Time 2020/01/07-05:48:01.971472) [db/compaction_job.cc:685] [0] compacted to: base level 1 max bytes base 536870912 files[0 11 0 0 0 0 0] max score 1.30, MB/sec: 49.2 rd, 49.1 wr, level 1, files in(2, 0) out(11) MB in(663.5, 0.0) out(663.3), read-write-amplify(2.0) write-amplify(1.0) OK, records in: 6645061, records dropped: 1 output_compression: NoCompression

[29251] 01-07 05:48:01,971 INFO [RocksDB](Original Log Time 2020/01/07-05:48:01.971497) EVENT_LOG_v1 {"time_micros": 1578376081971480, "job": 4, "event": "compaction_finished", "compaction_time_micros": 14153158, "output_level": 1, "num_output_files": 11, "total_output_size": 695503470, "num_input_records": 6645061, "num_output_records": 6645060, "num_subcompactions": 1, "output_compression": "NoCompression", "num_single_delete_mismatches": 0, "num_single_delete_fallthrough": 0, "lsm_state": [0, 11, 0, 0, 0, 0, 0]}
[29251] 01-07 05:48:01,972 INFO [RocksDB][db/compaction_job.cc:1531] [0] [JOB 6] Compacting 1@1 files to L2, score 1.30
[29251] 01-07 05:48:01,972 INFO [RocksDB][db/compaction_job.cc:1535] [0] Compaction start summary: Base version 5 Base level 1, inputs: [15(66MB)]

[29251] 01-07 05:48:01,972 INFO [RocksDB]EVENT_LOG_v1 {"time_micros": 1578376081972680, "job": 6, "event": "compaction_started", "compaction_reason": "LevelMaxLevelSize", "files_L1": [15], "score": 1.29548, "input_data_size": 69821980}
[29251] 01-07 05:48:05,360 INFO [RocksDB][db/compaction_job.cc:1211] [0] [JOB 6] Generated table #29: 1225717 keys, 53618046 bytes
[29251] 01-07 05:48:05,360 INFO [RocksDB]EVENT_LOG_v1 {"time_micros": 1578376085360421, "cf_name": "0", "job": 6, "event": "table_file_creation", "file_number": 29, "file_size": 53618046, "table_properties": {"data_size": 51384088, "index_size": 981387, "filter_size": 1699269, "raw_key_size": 58597739, "raw_average_key_size": 47, "raw_value_size": 26735345, "raw_average_value_size": 21, "num_data_blocks": 16592, "num_entries": 1225717, "filter_policy_name": "rocksdb.BuiltinBloomFilter", "kDeletedKeys": "0", "kMergeOperands": "0"}}
[29251] 01-07 05:48:05,361 INFO [RocksDB][db/compaction_job.cc:1287] [0] [JOB 6] Compacted 1@1 files to L2 => 53618046 bytes
[29251] 01-07 05:48:05,363 INFO [RocksDB](Original Log Time 2020/01/07-05:48:05.363573) [db/compaction_job.cc:685] [0] compacted to: base level 1 max bytes base 536870912 files[0 10 1 0 0 0 0] max score 1.17, MB/sec: 20.6 rd, 15.8 wr, level 2, files in(1, 0) out(1) MB in(66.6, 0.0) out(51.1), read-write-amplify(1.8) write-amplify(0.8) OK, records in: 1225717, records dropped: 0 output_compression: Snappy

[29251] 01-07 05:48:05,363 INFO [RocksDB](Original Log Time 2020/01/07-05:48:05.363603) EVENT_LOG_v1 {"time_micros": 1578376085363597, "job": 6, "event": "compaction_finished", "compaction_time_micros": 3389205, "output_level": 2, "num_output_files": 1, "total_output_size": 53618046, "num_input_records": 1225717, "num_output_records": 1225717, "num_subcompactions": 1, "output_compression": "Snappy", "num_single_delete_mismatches": 0, "num_single_delete_fallthrough": 0, "lsm_state": [0, 10, 1, 0, 0, 0, 0]}
[29251] 01-07 05:48:05,370 INFO [RocksDB]EVENT_LOG_v1 {"time_micros": 1578376085370837, "job": 6, "event": "table_file_deletion", "file_number": 15}
[29251] 01-07 05:48:05,370 INFO [RocksDB][db/compaction_job.cc:1531] [0] [JOB 7] Compacting 1@1 files to L2, score 1.17
[29251] 01-07 05:48:05,370 INFO [RocksDB][db/compaction_job.cc:1535] [0] Compaction start summary: Base version 6 Base level 1, inputs: [24(65MB)]

[29251] 01-07 05:48:05,370 INFO [RocksDB]EVENT_LOG_v1 {"time_micros": 1578376085370885, "job": 7, "event": "compaction_started", "compaction_reason": "LevelMaxLevelSize", "files_L1": [24], "score": 1.16542, "input_data_size": 68990641}
[29251] 01-07 05:48:08,649 INFO [RocksDB][db/compaction_job.cc:1211] [0] [JOB 7] Generated table #30: 597553 keys, 68589261 bytes
[29251] 01-07 05:48:08,649 INFO [RocksDB]EVENT_LOG_v1 {"time_micros": 1578376088649935, "cf_name": "0", "job": 7, "event": "table_file_creation", "file_number": 30, "file_size": 68589261, "table_properties": {"data_size": 67113005, "index_size": 888653, "filter_size": 987952, "raw_key_size": 24596730, "raw_average_key_size": 41, "raw_value_size": 56767535, "raw_average_value_size": 95, "num_data_blocks": 16741, "num_entries": 597553, "filter_policy_name": "rocksdb.BuiltinBloomFilter", "kDeletedKeys": "0", "kMergeOperands": "0"}}
[29251] 01-07 05:48:08,651 INFO [RocksDB][db/compaction_job.cc:1287] [0] [JOB 7] Compacted 1@1 files to L2 => 68589261 bytes
[29251] 01-07 05:48:08,656 INFO [RocksDB](Original Log Time 2020/01/07-05:48:08.656866) [db/compaction_job.cc:685] [0] compacted to: base level 1 max bytes base 536870912 files[0 9 2 0 0 0 0] max score 1.04, MB/sec: 21.0 rd, 20.9 wr, level 2, files in(1, 0) out(1) MB in(65.8, 0.0) out(65.4), read-write-amplify(2.0) write-amplify(1.0) OK, records in: 597553, records dropped: 0 output_compression: Snappy

[29251] 01-07 05:48:08,656 INFO [RocksDB](Original Log Time 2020/01/07-05:48:08.656887) EVENT_LOG_v1 {"time_micros": 1578376088656880, "job": 7, "event": "compaction_finished", "compaction_time_micros": 3280613, "output_level": 2, "num_output_files": 1, "total_output_size": 68589261, "num_input_records": 597553, "num_output_records": 597553, "num_subcompactions": 1, "output_compression": "Snappy", "num_single_delete_mismatches": 0, "num_single_delete_fallthrough": 0, "lsm_state": [0, 9, 2, 0, 0, 0, 0]}
[29251] 01-07 05:48:08,665 INFO [RocksDB]EVENT_LOG_v1 {"time_micros": 1578376088665914, "job": 7, "event": "table_file_deletion", "file_number": 24}
[29251] 01-07 05:48:08,665 INFO [RocksDB][db/compaction_job.cc:1531] [0] [JOB 8] Compacting 1@1 files to L2, score 1.04
[29251] 01-07 05:48:08,665 INFO [RocksDB][db/compaction_job.cc:1535] [0] Compaction start summary: Base version 7 Base level 1, inputs: [21(65MB)]

[29251] 01-07 05:48:08,665 INFO [RocksDB]EVENT_LOG_v1 {"time_micros": 1578376088665973, "job": 8, "event": "compaction_started", "compaction_reason": "LevelMaxLevelSize", "files_L1": [21], "score": 1.03692, "input_data_size": 68990554}
[29251] 01-07 05:48:09,884 INFO [RocksDB][db/db_impl_write.cc:1373] [0] New memtable created with log file: #32. Immutable memtables: 2.

[29251] 01-07 05:48:11,554 INFO [RocksDB]EVENT_LOG_v1 {"time_micros": 1578376091554971, "cf_name": "0", "job": 5, "event": "table_file_creation", "file_number": 26, "file_size": 332277582, "table_properties": {"data_size": 322840543, "index_size": 4331419, "filter_size": 5104578, "raw_key_size": 134472382, "raw_average_key_size": 42, "raw_value_size": 258597594, "raw_average_value_size": 81, "num_data_blocks": 80436, "num_entries": 3172970, "filter_policy_name": "rocksdb.BuiltinBloomFilter", "kDeletedKeys": "0", "kMergeOperands": "0"}}
[29251] 01-07 05:48:11,555 INFO [RocksDB][db/flush_job.cc:371] [0] [JOB 5] Level-0 flush table #26: 332277582 bytes OK
[29251] 01-07 05:48:11,558 INFO [RocksDB](Original Log Time 2020/01/07-05:48:11.556245) [db/memtable_list.cc:377] [0] Level-0 commit table #26 started
[29251] 01-07 05:48:11,558 INFO [RocksDB](Original Log Time 2020/01/07-05:48:11.558092) [db/memtable_list.cc:409] [0] Level-0 commit table #26: memtable #1 done
[29251] 01-07 05:48:11,558 INFO [RocksDB](Original Log Time 2020/01/07-05:48:11.558092) [db/memtable_list.cc:409] [0] Level-0 commit table #26: memtable #2 done
[29251] 01-07 05:48:11,558 INFO [RocksDB](Original Log Time 2020/01/07-05:48:11.558104) EVENT_LOG_v1 {"time_micros": 1578376091558100, "job": 5, "event": "flush_finished", "output_compression": "NoCompression", "lsm_state": [1, 9, 2, 0, 0, 0, 0], "immutable_memtables": 1}
[29251] 01-07 05:48:11,558 INFO [RocksDB](Original Log Time 2020/01/07-05:48:11.558116) [db/db_impl_compaction_flush.cc:177] [0] Level summary: base level 1 max bytes base 536870912 files[1 9 2 0 0 0 0] max score 0.91

[29251] 01-07 05:48:11,558 INFO [RocksDB][db/db_impl_files.cc:342] [JOB 5] Try to delete WAL files size 403564265, prev total WAL file size 625349598, number of live WAL files 4.

[29251] 01-07 05:48:11,608 INFO [RocksDB]EVENT_LOG_v1 {"time_micros": 1578376091608354, "job": 5, "event": "table_file_deletion", "file_number": 14}
[29251] 01-07 05:48:11,659 INFO [RocksDB]EVENT_LOG_v1 {"time_micros": 1578376091659464, "job": 5, "event": "table_file_deletion", "file_number": 11}
[29251] 01-07 05:48:11,949 INFO [RocksDB][db/compaction_job.cc:1211] [0] [JOB 8] Generated table #31: 597547 keys, 68588627 bytes
[29251] 01-07 05:48:11,949 INFO [RocksDB]EVENT_LOG_v1 {"time_micros": 1578376091949465, "cf_name": "0", "job": 8, "event": "table_file_creation", "file_number": 31, "file_size": 68588627, "table_properties": {"data_size": 67112810, "index_size": 888769, "filter_size": 987944, "raw_key_size": 24595375, "raw_average_key_size": 41, "raw_value_size": 56767010, "raw_average_value_size": 95, "num_data_blocks": 16741, "num_entries": 597547, "filter_policy_name": "rocksdb.BuiltinBloomFilter", "kDeletedKeys": "0", "kMergeOperands": "0"}}
[29251] 01-07 05:48:11,950 INFO [RocksDB][db/compaction_job.cc:1287] [0] [JOB 8] Compacted 1@1 files to L2 => 68588627 bytes
[29251] 01-07 05:48:11,952 INFO [RocksDB](Original Log Time 2020/01/07-05:48:11.952473) [db/compaction_job.cc:685] [0] compacted to: base level 1 max bytes base 536870912 files[1 8 3 0 0 0 0] max score 0.91, MB/sec: 21.0 rd, 20.9 wr, level 2, files in(1, 0) out(1) MB in(65.8, 0.0) out(65.4), read-write-amplify(2.0) write-amplify(1.0) OK, records in: 597547, records dropped: 0 output_compression: Snappy

[29251] 01-07 05:48:11,952 INFO [RocksDB](Original Log Time 2020/01/07-05:48:11.952486) EVENT_LOG_v1 {"time_micros": 1578376091952481, "job": 8, "event": "compaction_finished", "compaction_time_micros": 3284748, "output_level": 2, "num_output_files": 1, "total_output_size": 68588627, "num_input_records": 597547, "num_output_records": 597547, "num_subcompactions": 1, "output_compression": "Snappy", "num_single_delete_mismatches": 0, "num_single_delete_fallthrough": 0, "lsm_state": [1, 8, 3, 0, 0, 0, 0]}
[29251] 01-07 05:48:11,958 INFO [RocksDB]EVENT_LOG_v1 {"time_micros": 1578376091958848, "job": 8, "event": "table_file_deletion", "file_number": 21}
