[27991] 01-07 05:41:30,507 INFO [RocksDB]RocksDB version: 5.14.2

[27991] 01-07 05:41:30,513 INFO [RocksDB]Git sha rocksdb_build_git_sha:5ee59bde6ee151270b065c58656993fea5e936e6
[27991] 01-07 05:41:30,513 INFO [RocksDB]Compile date Jan  7 2020
[27991] 01-07 05:41:30,513 INFO [RocksDB]DB SUMMARY

[27991] 01-07 05:41:30,513 INFO [RocksDB]SST files in /home/ubuntu/ardb/data/rocksdb dir, Total Num: 0, files: 

[27991] 01-07 05:41:30,513 INFO [RocksDB]Write Ahead Log file in /home/ubuntu/ardb/data/rocksdb: 

[27991] 01-07 05:41:30,513 INFO [RocksDB]                        Options.error_if_exists: 0
[27991] 01-07 05:41:30,513 INFO [RocksDB]                      Options.create_if_missing: 1
[27991] 01-07 05:41:30,513 INFO [RocksDB]                        Options.paranoid_checks: 1
[27991] 01-07 05:41:30,513 INFO [RocksDB]                                    Options.env: 0xbfd6c0
[27991] 01-07 05:41:30,513 INFO [RocksDB]                               Options.info_log: 0x7f3c9a63f8a0
[27991] 01-07 05:41:30,513 INFO [RocksDB]               Options.max_file_opening_threads: 16
[27991] 01-07 05:41:30,513 INFO [RocksDB]                             Options.statistics: (nil)
[27991] 01-07 05:41:30,513 INFO [RocksDB]                              Options.use_fsync: 0
[27991] 01-07 05:41:30,513 INFO [RocksDB]                      Options.max_log_file_size: 0
[27991] 01-07 05:41:30,513 INFO [RocksDB]                 Options.max_manifest_file_size: 18446744073709551615
[27991] 01-07 05:41:30,513 INFO [RocksDB]                  Options.log_file_time_to_roll: 0
[27991] 01-07 05:41:30,513 INFO [RocksDB]                      Options.keep_log_file_num: 1000
[27991] 01-07 05:41:30,513 INFO [RocksDB]                   Options.recycle_log_file_num: 0
[27991] 01-07 05:41:30,513 INFO [RocksDB]                        Options.allow_fallocate: 1
[27991] 01-07 05:41:30,513 INFO [RocksDB]                       Options.allow_mmap_reads: 0
[27991] 01-07 05:41:30,513 INFO [RocksDB]                      Options.allow_mmap_writes: 0
[27991] 01-07 05:41:30,513 INFO [RocksDB]                       Options.use_direct_reads: 0
[27991] 01-07 05:41:30,513 INFO [RocksDB]                       Options.use_direct_io_for_flush_and_compaction: 0
[27991] 01-07 05:41:30,513 INFO [RocksDB]         Options.create_missing_column_families: 0
[27991] 01-07 05:41:30,513 INFO [RocksDB]                             Options.db_log_dir: 
[27991] 01-07 05:41:30,513 INFO [RocksDB]                                Options.wal_dir: /home/ubuntu/ardb/data/rocksdb
[27991] 01-07 05:41:30,513 INFO [RocksDB]               Options.table_cache_numshardbits: 6
[27991] 01-07 05:41:30,513 INFO [RocksDB]                     Options.max_subcompactions: 1
[27991] 01-07 05:41:30,513 INFO [RocksDB]                 Options.max_background_flushes: -1
[27991] 01-07 05:41:30,513 INFO [RocksDB]                        Options.WAL_ttl_seconds: 0
[27991] 01-07 05:41:30,513 INFO [RocksDB]                      Options.WAL_size_limit_MB: 0
[27991] 01-07 05:41:30,513 INFO [RocksDB]            Options.manifest_preallocation_size: 4194304
[27991] 01-07 05:41:30,513 INFO [RocksDB]                    Options.is_fd_close_on_exec: 1
[27991] 01-07 05:41:30,513 INFO [RocksDB]                  Options.advise_random_on_open: 1
[27991] 01-07 05:41:30,513 INFO [RocksDB]                   Options.db_write_buffer_size: 0
[27991] 01-07 05:41:30,513 INFO [RocksDB]                   Options.write_buffer_manager: 0x7f3c9adfa7d0
[27991] 01-07 05:41:30,513 INFO [RocksDB]        Options.access_hint_on_compaction_start: 1
[27991] 01-07 05:41:30,513 INFO [RocksDB] Options.new_table_reader_for_compaction_inputs: 0
[27991] 01-07 05:41:30,513 INFO [RocksDB]          Options.random_access_max_buffer_size: 1048576
[27991] 01-07 05:41:30,513 INFO [RocksDB]                     Options.use_adaptive_mutex: 1
[27991] 01-07 05:41:30,513 INFO [RocksDB]                           Options.rate_limiter: 0x7f3c9a638540
[27991] 01-07 05:41:30,513 INFO [RocksDB]    Options.sst_file_manager.rate_bytes_per_sec: 0
[27991] 01-07 05:41:30,513 INFO [RocksDB]                      Options.wal_recovery_mode: 2
[27991] 01-07 05:41:30,513 INFO [RocksDB]                 Options.enable_thread_tracking: 0
[27991] 01-07 05:41:30,513 INFO [RocksDB]                 Options.enable_pipelined_write: 1
[27991] 01-07 05:41:30,513 INFO [RocksDB]        Options.allow_concurrent_memtable_write: 1
[27991] 01-07 05:41:30,513 INFO [RocksDB]     Options.enable_write_thread_adaptive_yield: 1
[27991] 01-07 05:41:30,513 INFO [RocksDB]            Options.write_thread_max_yield_usec: 100
[27991] 01-07 05:41:30,513 INFO [RocksDB]           Options.write_thread_slow_yield_usec: 3
[27991] 01-07 05:41:30,513 INFO [RocksDB]                              Options.row_cache: None
[27991] 01-07 05:41:30,513 INFO [RocksDB]                             Options.wal_filter: None
[27991] 01-07 05:41:30,513 INFO [RocksDB]            Options.avoid_flush_during_recovery: 0
[27991] 01-07 05:41:30,513 INFO [RocksDB]            Options.allow_ingest_behind: 0
[27991] 01-07 05:41:30,513 INFO [RocksDB]            Options.preserve_deletes: 0
[27991] 01-07 05:41:30,513 INFO [RocksDB]            Options.two_write_queues: 0
[27991] 01-07 05:41:30,513 INFO [RocksDB]            Options.manual_wal_flush: 0
[27991] 01-07 05:41:30,513 INFO [RocksDB]            Options.max_background_jobs: 16
[27991] 01-07 05:41:30,513 INFO [RocksDB]            Options.max_background_compactions: -1
[27991] 01-07 05:41:30,513 INFO [RocksDB]            Options.avoid_flush_during_shutdown: 0
[27991] 01-07 05:41:30,513 INFO [RocksDB]          Options.writable_file_max_buffer_size: 1048576
[27991] 01-07 05:41:30,513 INFO [RocksDB]            Options.delayed_write_rate : 52428800
[27991] 01-07 05:41:30,513 INFO [RocksDB]            Options.max_total_wal_size: 0
[27991] 01-07 05:41:30,513 INFO [RocksDB]            Options.delete_obsolete_files_period_micros: 21600000000
[27991] 01-07 05:41:30,513 INFO [RocksDB]                  Options.stats_dump_period_sec: 100000
[27991] 01-07 05:41:30,513 INFO [RocksDB]                         Options.max_open_files: 1024
[27991] 01-07 05:41:30,513 INFO [RocksDB]                         Options.bytes_per_sync: 1048576
[27991] 01-07 05:41:30,513 INFO [RocksDB]                     Options.wal_bytes_per_sync: 0
[27991] 01-07 05:41:30,513 INFO [RocksDB]      Options.compaction_readahead_size: 0
[27991] 01-07 05:41:30,513 INFO [RocksDB]Compression algorithms supported:
[27991] 01-07 05:41:30,513 INFO [RocksDB]	kZSTDNotFinalCompression supported: 0
[27991] 01-07 05:41:30,513 INFO [RocksDB]	kZSTD supported: 0
[27991] 01-07 05:41:30,513 INFO [RocksDB]	kXpressCompression supported: 0
[27991] 01-07 05:41:30,513 INFO [RocksDB]	kLZ4HCCompression supported: 0
[27991] 01-07 05:41:30,513 INFO [RocksDB]	kLZ4Compression supported: 0
[27991] 01-07 05:41:30,513 INFO [RocksDB]	kBZip2Compression supported: 0
[27991] 01-07 05:41:30,513 INFO [RocksDB]	kZlibCompression supported: 1
[27991] 01-07 05:41:30,513 INFO [RocksDB]	kSnappyCompression supported: 1
[27991] 01-07 05:41:30,513 INFO [RocksDB]Fast CRC32 supported: Supported on x86
[27991] 01-07 05:41:30,513 INFO [RocksDB][db/db_impl_open.cc:222] Creating manifest 1 

[27991] 01-07 05:41:30,522 INFO [RocksDB][db/version_set.cc:3085] Recovering from manifest file: MANIFEST-000001

[27991] 01-07 05:41:30,522 INFO [RocksDB][db/column_family.cc:475] --------------- Options for column family [default]:

[27991] 01-07 05:41:30,522 INFO [RocksDB]              Options.comparator: ardb.comparator
[27991] 01-07 05:41:30,522 INFO [RocksDB]          Options.merge_operator: ardb.merger
[27991] 01-07 05:41:30,522 INFO [RocksDB]       Options.compaction_filter: None
[27991] 01-07 05:41:30,522 INFO [RocksDB]       Options.compaction_filter_factory: ardb.compact_filter_factory
[27991] 01-07 05:41:30,522 INFO [RocksDB]        Options.memtable_factory: SkipListFactory
[27991] 01-07 05:41:30,522 INFO [RocksDB]           Options.table_factory: BlockBasedTable
[27991] 01-07 05:41:30,522 INFO [RocksDB]           table_factory options:   flush_block_policy_factory: FlushBlockBySizePolicyFactory (0x7f3c9ac08018)
  cache_index_and_filter_blocks: 0
  cache_index_and_filter_blocks_with_high_priority: 0
  pin_l0_filter_and_index_blocks_in_cache: 0
  index_type: 0
  hash_index_allow_collision: 1
  checksum: 1
  no_block_cache: 0
  block_cache: 0x7f3c9ac81cf0
  block_cache_name: LRUCache
  block_cache_options:
    capacity : 536870912
    num_shard_bits : 6
    strict_capacity_limit : 0
    high_pri_pool_ratio: 0.000
  block_cache_compressed: (nil)
  persistent_cache: (nil)
  block_size: 4096
  block_size_deviation: 10
  block_restart_interval: 16
  index_block_restart_interval: 1
  metadata_block_size: 4096
  partition_filters: 0
  use_delta_encoding: 1
  filter_policy: rocksdb.BuiltinBloomFilter
  whole_key_filtering: 1
  verify_compression: 0
  read_amp_bytes_per_bit: 0
  format_version: 2
  enable_index_compression: 1
  block_align: 0

[27991] 01-07 05:41:30,522 INFO [RocksDB]       Options.write_buffer_size: 268435456
[27991] 01-07 05:41:30,522 INFO [RocksDB] Options.max_write_buffer_number: 6
[27991] 01-07 05:41:30,522 INFO [RocksDB]       Options.compression[0]: NoCompression
[27991] 01-07 05:41:30,522 INFO [RocksDB]       Options.compression[1]: NoCompression
[27991] 01-07 05:41:30,522 INFO [RocksDB]       Options.compression[2]: Snappy
[27991] 01-07 05:41:30,522 INFO [RocksDB]       Options.compression[3]: Snappy
[27991] 01-07 05:41:30,522 INFO [RocksDB]       Options.compression[4]: Snappy
[27991] 01-07 05:41:30,522 INFO [RocksDB]       Options.compression[5]: Snappy
[27991] 01-07 05:41:30,522 INFO [RocksDB]       Options.compression[6]: Snappy
[27991] 01-07 05:41:30,522 INFO [RocksDB]                 Options.bottommost_compression: Disabled
[27991] 01-07 05:41:30,522 INFO [RocksDB]      Options.prefix_extractor: ardb.prefix_extractor
[27991] 01-07 05:41:30,522 INFO [RocksDB]  Options.memtable_insert_with_hint_prefix_extractor: nullptr
[27991] 01-07 05:41:30,522 INFO [RocksDB]            Options.num_levels: 7
[27991] 01-07 05:41:30,522 INFO [RocksDB]       Options.min_write_buffer_number_to_merge: 2
[27991] 01-07 05:41:30,522 INFO [RocksDB]    Options.max_write_buffer_number_to_maintain: 0
[27991] 01-07 05:41:30,522 INFO [RocksDB]           Options.compression_opts.window_bits: -14
[27991] 01-07 05:41:30,522 INFO [RocksDB]                 Options.compression_opts.level: -1
[27991] 01-07 05:41:30,522 INFO [RocksDB]              Options.compression_opts.strategy: 0
[27991] 01-07 05:41:30,522 INFO [RocksDB]        Options.compression_opts.max_dict_bytes: 0
[27991] 01-07 05:41:30,522 INFO [RocksDB]        Options.compression_opts.zstd_max_train_bytes: 0
[27991] 01-07 05:41:30,522 INFO [RocksDB]     Options.level0_file_num_compaction_trigger: 2
[27991] 01-07 05:41:30,522 INFO [RocksDB]         Options.level0_slowdown_writes_trigger: 20
[27991] 01-07 05:41:30,522 INFO [RocksDB]             Options.level0_stop_writes_trigger: 36
[27991] 01-07 05:41:30,522 INFO [RocksDB]                  Options.target_file_size_base: 67108864
[27991] 01-07 05:41:30,522 INFO [RocksDB]            Options.target_file_size_multiplier: 1
[27991] 01-07 05:41:30,522 INFO [RocksDB]               Options.max_bytes_for_level_base: 536870912
[27991] 01-07 05:41:30,522 INFO [RocksDB]Options.level_compaction_dynamic_level_bytes: 0
[27991] 01-07 05:41:30,522 INFO [RocksDB]         Options.max_bytes_for_level_multiplier: 10.000000
[27991] 01-07 05:41:30,522 INFO [RocksDB]Options.max_bytes_for_level_multiplier_addtl[0]: 1
[27991] 01-07 05:41:30,522 INFO [RocksDB]Options.max_bytes_for_level_multiplier_addtl[1]: 1
[27991] 01-07 05:41:30,522 INFO [RocksDB]Options.max_bytes_for_level_multiplier_addtl[2]: 1
[27991] 01-07 05:41:30,522 INFO [RocksDB]Options.max_bytes_for_level_multiplier_addtl[3]: 1
[27991] 01-07 05:41:30,522 INFO [RocksDB]Options.max_bytes_for_level_multiplier_addtl[4]: 1
[27991] 01-07 05:41:30,522 INFO [RocksDB]Options.max_bytes_for_level_multiplier_addtl[5]: 1
[27991] 01-07 05:41:30,522 INFO [RocksDB]Options.max_bytes_for_level_multiplier_addtl[6]: 1
[27991] 01-07 05:41:30,522 INFO [RocksDB]      Options.max_sequential_skip_in_iterations: 8
[27991] 01-07 05:41:30,522 INFO [RocksDB]                   Options.max_compaction_bytes: 1677721600
[27991] 01-07 05:41:30,522 INFO [RocksDB]                       Options.arena_block_size: 33554432
[27991] 01-07 05:41:30,522 INFO [RocksDB]  Options.soft_pending_compaction_bytes_limit: 68719476736
[27991] 01-07 05:41:30,522 INFO [RocksDB]  Options.hard_pending_compaction_bytes_limit: 274877906944
[27991] 01-07 05:41:30,522 INFO [RocksDB]      Options.rate_limit_delay_max_milliseconds: 100
[27991] 01-07 05:41:30,522 INFO [RocksDB]               Options.disable_auto_compactions: 0
[27991] 01-07 05:41:30,522 INFO [RocksDB]                       Options.compaction_style: kCompactionStyleLevel
[27991] 01-07 05:41:30,522 INFO [RocksDB]                         Options.compaction_pri: kByCompensatedSize
[27991] 01-07 05:41:30,522 INFO [RocksDB]Options.compaction_options_universal.size_ratio: 1
[27991] 01-07 05:41:30,522 INFO [RocksDB]Options.compaction_options_universal.min_merge_width: 2
[27991] 01-07 05:41:30,522 INFO [RocksDB]Options.compaction_options_universal.max_merge_width: 4294967295
[27991] 01-07 05:41:30,522 INFO [RocksDB]Options.compaction_options_universal.max_size_amplification_percent: 200
[27991] 01-07 05:41:30,522 INFO [RocksDB]Options.compaction_options_universal.compression_size_percent: -1
[27991] 01-07 05:41:30,522 INFO [RocksDB]Options.compaction_options_universal.stop_style: kCompactionStopStyleTotalSize
[27991] 01-07 05:41:30,522 INFO [RocksDB]Options.compaction_options_fifo.max_table_files_size: 1073741824
[27991] 01-07 05:41:30,522 INFO [RocksDB]Options.compaction_options_fifo.allow_compaction: 0
[27991] 01-07 05:41:30,522 INFO [RocksDB]Options.compaction_options_fifo.ttl: 0
[27991] 01-07 05:41:30,522 INFO [RocksDB]                  Options.table_properties_collectors: 
[27991] 01-07 05:41:30,522 INFO [RocksDB]                  Options.inplace_update_support: 0
[27991] 01-07 05:41:30,522 INFO [RocksDB]                Options.inplace_update_num_locks: 10000
[27991] 01-07 05:41:30,522 INFO [RocksDB]              Options.memtable_prefix_bloom_size_ratio: 0.000000
[27991] 01-07 05:41:30,522 INFO [RocksDB]  Options.memtable_huge_page_size: 0
[27991] 01-07 05:41:30,522 INFO [RocksDB]                          Options.bloom_locality: 0
[27991] 01-07 05:41:30,522 INFO [RocksDB]                   Options.max_successive_merges: 0
[27991] 01-07 05:41:30,522 INFO [RocksDB]               Options.optimize_filters_for_hits: 0
[27991] 01-07 05:41:30,522 INFO [RocksDB]               Options.paranoid_file_checks: 0
[27991] 01-07 05:41:30,522 INFO [RocksDB]               Options.force_consistency_checks: 0
[27991] 01-07 05:41:30,522 INFO [RocksDB]               Options.report_bg_io_stats: 0
[27991] 01-07 05:41:30,522 INFO [RocksDB]                              Options.ttl: 0
[27991] 01-07 05:41:30,522 INFO [RocksDB][db/version_set.cc:3361] Recovered from manifest file:/home/ubuntu/ardb/data/rocksdb/MANIFEST-000001 succeeded,manifest_file_number is 1, next_file_number is 3, last_sequence is 0, log_number is 0,prev_log_number is 0,max_column_family is 0,min_log_number_to_keep is 0

[27991] 01-07 05:41:30,522 INFO [RocksDB][db/version_set.cc:3369] Column family [default] (ID 0), log number is 0

[27991] 01-07 05:41:30,527 INFO [RocksDB][db/db_impl_open.cc:1219] DB pointer 0x7f3c9a5be000
[27991] 01-07 05:41:30,527 INFO Ardb init engine:rocksdb success.
[27991] 01-07 05:41:30,531 INFO Ardb will accept connections on 0.0.0.0:16379
[27991] 01-07 05:41:30,531 INFO Ardb started with version 0.10.0
[27991] 01-07 05:41:31,531 INFO ========================Period Statistics Dump Begin===========================
[27991] 01-07 05:41:31,531 INFO slave_sync_total_commands_processed:0
[27991] 01-07 05:41:31,531 INFO slave_sync_instantaneous_ops_per_sec:0
[27991] 01-07 05:41:31,531 INFO total_commands_processed:0
[27991] 01-07 05:41:31,531 INFO instantaneous_ops_per_sec:0
[27991] 01-07 05:41:31,531 INFO total_connections_received:0
[27991] 01-07 05:41:31,531 INFO rejected_connections:0
[27991] 01-07 05:41:31,531 INFO ========================Period Statistics Dump End===========================
[27991] 01-07 05:41:43,133 INFO [RocksDB][db/version_set.cc:2847] Creating manifest 6

[27991] 01-07 05:41:43,139 INFO [RocksDB][db/column_family.cc:475] --------------- Options for column family [0]:

[27991] 01-07 05:41:43,139 INFO [RocksDB]              Options.comparator: ardb.comparator
[27991] 01-07 05:41:43,139 INFO [RocksDB]          Options.merge_operator: ardb.merger
[27991] 01-07 05:41:43,139 INFO [RocksDB]       Options.compaction_filter: None
[27991] 01-07 05:41:43,139 INFO [RocksDB]       Options.compaction_filter_factory: ardb.compact_filter_factory
[27991] 01-07 05:41:43,139 INFO [RocksDB]        Options.memtable_factory: SkipListFactory
[27991] 01-07 05:41:43,139 INFO [RocksDB]           Options.table_factory: BlockBasedTable
[27991] 01-07 05:41:43,139 INFO [RocksDB]           table_factory options:   flush_block_policy_factory: FlushBlockBySizePolicyFactory (0x7f3c9ac08018)
  cache_index_and_filter_blocks: 0
  cache_index_and_filter_blocks_with_high_priority: 0
  pin_l0_filter_and_index_blocks_in_cache: 0
  index_type: 0
  hash_index_allow_collision: 1
  checksum: 1
  no_block_cache: 0
  block_cache: 0x7f3c9ac81cf0
  block_cache_name: LRUCache
  block_cache_options:
    capacity : 536870912
    num_shard_bits : 6
    strict_capacity_limit : 0
    high_pri_pool_ratio: 0.000
  block_cache_compressed: (nil)
  persistent_cache: (nil)
  block_size: 4096
  block_size_deviation: 10
  block_restart_interval: 16
  index_block_restart_interval: 1
  metadata_block_size: 4096
  partition_filters: 0
  use_delta_encoding: 1
  filter_policy: rocksdb.BuiltinBloomFilter
  whole_key_filtering: 1
  verify_compression: 0
  read_amp_bytes_per_bit: 0
  format_version: 2
  enable_index_compression: 1
  block_align: 0

[27991] 01-07 05:41:43,139 INFO [RocksDB]       Options.write_buffer_size: 268435456
[27991] 01-07 05:41:43,139 INFO [RocksDB] Options.max_write_buffer_number: 6
[27991] 01-07 05:41:43,139 INFO [RocksDB]       Options.compression[0]: NoCompression
[27991] 01-07 05:41:43,139 INFO [RocksDB]       Options.compression[1]: NoCompression
[27991] 01-07 05:41:43,139 INFO [RocksDB]       Options.compression[2]: Snappy
[27991] 01-07 05:41:43,139 INFO [RocksDB]       Options.compression[3]: Snappy
[27991] 01-07 05:41:43,139 INFO [RocksDB]       Options.compression[4]: Snappy
[27991] 01-07 05:41:43,139 INFO [RocksDB]       Options.compression[5]: Snappy
[27991] 01-07 05:41:43,139 INFO [RocksDB]       Options.compression[6]: Snappy
[27991] 01-07 05:41:43,140 INFO [RocksDB]                 Options.bottommost_compression: Disabled
[27991] 01-07 05:41:43,140 INFO [RocksDB]      Options.prefix_extractor: ardb.prefix_extractor
[27991] 01-07 05:41:43,140 INFO [RocksDB]  Options.memtable_insert_with_hint_prefix_extractor: nullptr
[27991] 01-07 05:41:43,140 INFO [RocksDB]            Options.num_levels: 7
[27991] 01-07 05:41:43,140 INFO [RocksDB]       Options.min_write_buffer_number_to_merge: 2
[27991] 01-07 05:41:43,140 INFO [RocksDB]    Options.max_write_buffer_number_to_maintain: 0
[27991] 01-07 05:41:43,140 INFO [RocksDB]           Options.compression_opts.window_bits: -14
[27991] 01-07 05:41:43,140 INFO [RocksDB]                 Options.compression_opts.level: -1
[27991] 01-07 05:41:43,140 INFO [RocksDB]              Options.compression_opts.strategy: 0
[27991] 01-07 05:41:43,140 INFO [RocksDB]        Options.compression_opts.max_dict_bytes: 0
[27991] 01-07 05:41:43,140 INFO [RocksDB]        Options.compression_opts.zstd_max_train_bytes: 0
[27991] 01-07 05:41:43,140 INFO [RocksDB]     Options.level0_file_num_compaction_trigger: 2
[27991] 01-07 05:41:43,140 INFO [RocksDB]         Options.level0_slowdown_writes_trigger: 20
[27991] 01-07 05:41:43,140 INFO [RocksDB]             Options.level0_stop_writes_trigger: 36
[27991] 01-07 05:41:43,140 INFO [RocksDB]                  Options.target_file_size_base: 67108864
[27991] 01-07 05:41:43,140 INFO [RocksDB]            Options.target_file_size_multiplier: 1
[27991] 01-07 05:41:43,140 INFO [RocksDB]               Options.max_bytes_for_level_base: 536870912
[27991] 01-07 05:41:43,140 INFO [RocksDB]Options.level_compaction_dynamic_level_bytes: 0
[27991] 01-07 05:41:43,140 INFO [RocksDB]         Options.max_bytes_for_level_multiplier: 10.000000
[27991] 01-07 05:41:43,140 INFO [RocksDB]Options.max_bytes_for_level_multiplier_addtl[0]: 1
[27991] 01-07 05:41:43,140 INFO [RocksDB]Options.max_bytes_for_level_multiplier_addtl[1]: 1
[27991] 01-07 05:41:43,140 INFO [RocksDB]Options.max_bytes_for_level_multiplier_addtl[2]: 1
[27991] 01-07 05:41:43,140 INFO [RocksDB]Options.max_bytes_for_level_multiplier_addtl[3]: 1
[27991] 01-07 05:41:43,140 INFO [RocksDB]Options.max_bytes_for_level_multiplier_addtl[4]: 1
[27991] 01-07 05:41:43,140 INFO [RocksDB]Options.max_bytes_for_level_multiplier_addtl[5]: 1
[27991] 01-07 05:41:43,140 INFO [RocksDB]Options.max_bytes_for_level_multiplier_addtl[6]: 1
[27991] 01-07 05:41:43,140 INFO [RocksDB]      Options.max_sequential_skip_in_iterations: 8
[27991] 01-07 05:41:43,140 INFO [RocksDB]                   Options.max_compaction_bytes: 1677721600
[27991] 01-07 05:41:43,140 INFO [RocksDB]                       Options.arena_block_size: 33554432
[27991] 01-07 05:41:43,140 INFO [RocksDB]  Options.soft_pending_compaction_bytes_limit: 68719476736
[27991] 01-07 05:41:43,140 INFO [RocksDB]  Options.hard_pending_compaction_bytes_limit: 274877906944
[27991] 01-07 05:41:43,140 INFO [RocksDB]      Options.rate_limit_delay_max_milliseconds: 100
[27991] 01-07 05:41:43,140 INFO [RocksDB]               Options.disable_auto_compactions: 0
[27991] 01-07 05:41:43,140 INFO [RocksDB]                       Options.compaction_style: kCompactionStyleLevel
[27991] 01-07 05:41:43,140 INFO [RocksDB]                         Options.compaction_pri: kByCompensatedSize
[27991] 01-07 05:41:43,140 INFO [RocksDB]Options.compaction_options_universal.size_ratio: 1
[27991] 01-07 05:41:43,140 INFO [RocksDB]Options.compaction_options_universal.min_merge_width: 2
[27991] 01-07 05:41:43,140 INFO [RocksDB]Options.compaction_options_universal.max_merge_width: 4294967295
[27991] 01-07 05:41:43,140 INFO [RocksDB]Options.compaction_options_universal.max_size_amplification_percent: 200
[27991] 01-07 05:41:43,140 INFO [RocksDB]Options.compaction_options_universal.compression_size_percent: -1
[27991] 01-07 05:41:43,140 INFO [RocksDB]Options.compaction_options_universal.stop_style: kCompactionStopStyleTotalSize
[27991] 01-07 05:41:43,140 INFO [RocksDB]Options.compaction_options_fifo.max_table_files_size: 1073741824
[27991] 01-07 05:41:43,140 INFO [RocksDB]Options.compaction_options_fifo.allow_compaction: 0
[27991] 01-07 05:41:43,140 INFO [RocksDB]Options.compaction_options_fifo.ttl: 0
[27991] 01-07 05:41:43,140 INFO [RocksDB]                  Options.table_properties_collectors: 
[27991] 01-07 05:41:43,140 INFO [RocksDB]                  Options.inplace_update_support: 0
[27991] 01-07 05:41:43,140 INFO [RocksDB]                Options.inplace_update_num_locks: 10000
[27991] 01-07 05:41:43,140 INFO [RocksDB]              Options.memtable_prefix_bloom_size_ratio: 0.000000
[27991] 01-07 05:41:43,140 INFO [RocksDB]  Options.memtable_huge_page_size: 0
[27991] 01-07 05:41:43,140 INFO [RocksDB]                          Options.bloom_locality: 0
[27991] 01-07 05:41:43,140 INFO [RocksDB]                   Options.max_successive_merges: 0
[27991] 01-07 05:41:43,140 INFO [RocksDB]               Options.optimize_filters_for_hits: 0
[27991] 01-07 05:41:43,140 INFO [RocksDB]               Options.paranoid_file_checks: 0
[27991] 01-07 05:41:43,140 INFO [RocksDB]               Options.force_consistency_checks: 0
[27991] 01-07 05:41:43,140 INFO [RocksDB]               Options.report_bg_io_stats: 0
[27991] 01-07 05:41:43,140 INFO [RocksDB]                              Options.ttl: 0
[27991] 01-07 05:41:43,140 INFO [RocksDB][db/db_impl.cc:1396] Created column family [0] (ID 1)
[27991] 01-07 05:41:43,143 INFO Create ColumnFamilyHandle with name:0 success.
[27991] 01-07 05:41:51,491 INFO [RocksDB][db/db_impl_write.cc:1373] [0] New memtable created with log file: #9. Immutable memtables: 0.

[27991] 01-07 05:41:59,915 INFO [RocksDB][db/db_impl_write.cc:1373] [0] New memtable created with log file: #10. Immutable memtables: 1.

[27991] 01-07 05:41:59,916 INFO [RocksDB][db/db_impl_compaction_flush.cc:80] [JOB 2] Syncing log #3
[27991] 01-07 05:42:00,520 INFO [RocksDB][db/db_impl_compaction_flush.cc:80] [JOB 2] Syncing log #9
[27991] 01-07 05:42:03,894 INFO [RocksDB](Original Log Time 2020/01/07-05:41:59.915987) [db/db_impl_compaction_flush.cc:1424] Calling FlushMemTableToOutputFile with column family [0], flush slots available 4, compaction slots available 1, flush slots scheduled 1, compaction slots scheduled 0
[27991] 01-07 05:42:03,894 INFO [RocksDB][db/flush_job.cc:301] [0] [JOB 2] Flushing memtable with next log file: 9

[27991] 01-07 05:42:03,894 INFO [RocksDB][db/flush_job.cc:301] [0] [JOB 2] Flushing memtable with next log file: 10

[27991] 01-07 05:42:03,894 INFO [RocksDB]EVENT_LOG_v1 {"time_micros": 1578375723894364, "job": 2, "event": "flush_started", "num_memtables": 2, "num_entries": 3451662, "num_deletes": 0, "memory_usage": 520099480, "flush_reason": "Write Buffer Full"}
[27991] 01-07 05:42:03,894 INFO [RocksDB][db/flush_job.cc:331] [0] [JOB 2] Level-0 flush table #11: started
[27991] 01-07 05:42:09,324 INFO [RocksDB][db/db_impl_write.cc:1373] [0] New memtable created with log file: #12. Immutable memtables: 2.

[27991] 01-07 05:42:11,159 INFO [RocksDB]EVENT_LOG_v1 {"time_micros": 1578375731159475, "cf_name": "0", "job": 2, "event": "table_file_creation", "file_number": 11, "file_size": 335620568, "table_properties": {"data_size": 326087047, "index_size": 4376138, "filter_size": 5156341, "raw_key_size": 135832668, "raw_average_key_size": 42, "raw_value_size": 261218689, "raw_average_value_size": 81, "num_data_blocks": 81246, "num_entries": 3205122, "filter_policy_name": "rocksdb.BuiltinBloomFilter", "kDeletedKeys": "0", "kMergeOperands": "0"}}
[27991] 01-07 05:42:11,159 INFO [RocksDB][db/flush_job.cc:371] [0] [JOB 2] Level-0 flush table #11: 335620568 bytes OK
[27991] 01-07 05:42:11,162 INFO [RocksDB](Original Log Time 2020/01/07-05:42:11.160742) [db/memtable_list.cc:377] [0] Level-0 commit table #11 started
[27991] 01-07 05:42:11,162 INFO [RocksDB](Original Log Time 2020/01/07-05:42:11.162424) [db/memtable_list.cc:409] [0] Level-0 commit table #11: memtable #1 done
[27991] 01-07 05:42:11,162 INFO [RocksDB](Original Log Time 2020/01/07-05:42:11.162430) [db/memtable_list.cc:409] [0] Level-0 commit table #11: memtable #2 done
[27991] 01-07 05:42:11,162 INFO [RocksDB](Original Log Time 2020/01/07-05:42:11.162441) EVENT_LOG_v1 {"time_micros": 1578375731162435, "job": 2, "event": "flush_finished", "output_compression": "NoCompression", "lsm_state": [1, 0, 0, 0, 0, 0, 0], "immutable_memtables": 1}
[27991] 01-07 05:42:11,162 INFO [RocksDB](Original Log Time 2020/01/07-05:42:11.162467) [db/db_impl_compaction_flush.cc:177] [0] Level summary: base level 1 max bytes base 536870912 files[1 0 0 0 0 0 0] max score 0.63

[27991] 01-07 05:42:11,162 INFO [RocksDB][db/db_impl_files.cc:342] [JOB 2] Try to delete WAL files size 407573757, prev total WAL file size 632919982, number of live WAL files 4.

[27991] 01-07 05:42:18,256 INFO [RocksDB][db/db_impl_write.cc:1373] [0] New memtable created with log file: #13. Immutable memtables: 1.

[27991] 01-07 05:42:18,256 INFO [RocksDB][db/db_impl_compaction_flush.cc:80] [JOB 3] Syncing log #10
[27991] 01-07 05:42:18,676 INFO [RocksDB][db/db_impl_compaction_flush.cc:80] [JOB 3] Syncing log #12
[27991] 01-07 05:42:20,089 INFO [RocksDB](Original Log Time 2020/01/07-05:42:18.256936) [db/db_impl_compaction_flush.cc:1424] Calling FlushMemTableToOutputFile with column family [0], flush slots available 4, compaction slots available 1, flush slots scheduled 1, compaction slots scheduled 0
[27991] 01-07 05:42:20,089 INFO [RocksDB][db/flush_job.cc:301] [0] [JOB 3] Flushing memtable with next log file: 12

[27991] 01-07 05:42:20,089 INFO [RocksDB][db/flush_job.cc:301] [0] [JOB 3] Flushing memtable with next log file: 13

[27991] 01-07 05:42:20,089 INFO [RocksDB]EVENT_LOG_v1 {"time_micros": 1578375740089879, "job": 3, "event": "flush_started", "num_memtables": 2, "num_entries": 3186809, "num_deletes": 0, "memory_usage": 520100624, "flush_reason": "Write Buffer Full"}
[27991] 01-07 05:42:20,089 INFO [RocksDB][db/flush_job.cc:331] [0] [JOB 3] Level-0 flush table #14: started
[27991] 01-07 05:42:26,039 INFO [RocksDB]EVENT_LOG_v1 {"time_micros": 1578375746039920, "cf_name": "0", "job": 3, "event": "table_file_creation", "file_number": 14, "file_size": 309802610, "table_properties": {"data_size": 301006623, "index_size": 4034528, "filter_size": 4760417, "raw_key_size": 125407696, "raw_average_key_size": 42, "raw_value_size": 241172844, "raw_average_value_size": 81, "num_data_blocks": 74993, "num_entries": 2959180, "filter_policy_name": "rocksdb.BuiltinBloomFilter", "kDeletedKeys": "0", "kMergeOperands": "0"}}
[27991] 01-07 05:42:26,039 INFO [RocksDB][db/flush_job.cc:371] [0] [JOB 3] Level-0 flush table #14: 309802610 bytes OK
[27991] 01-07 05:42:26,043 INFO [RocksDB](Original Log Time 2020/01/07-05:42:26.041148) [db/memtable_list.cc:377] [0] Level-0 commit table #14 started
[27991] 01-07 05:42:26,043 INFO [RocksDB](Original Log Time 2020/01/07-05:42:26.043249) [db/memtable_list.cc:409] [0] Level-0 commit table #14: memtable #1 done
[27991] 01-07 05:42:26,043 INFO [RocksDB](Original Log Time 2020/01/07-05:42:26.043251) [db/memtable_list.cc:409] [0] Level-0 commit table #14: memtable #2 done
[27991] 01-07 05:42:26,043 INFO [RocksDB](Original Log Time 2020/01/07-05:42:26.043278) EVENT_LOG_v1 {"time_micros": 1578375746043261, "job": 3, "event": "flush_finished", "output_compression": "NoCompression", "lsm_state": [2, 0, 0, 0, 0, 0, 0], "immutable_memtables": 0}
[27991] 01-07 05:42:26,043 INFO [RocksDB](Original Log Time 2020/01/07-05:42:26.043297) [db/db_impl_compaction_flush.cc:177] [0] Level summary: base level 1 max bytes base 536870912 files[2 0 0 0 0 0 0] max score 1.20

[27991] 01-07 05:42:26,043 INFO [RocksDB][db/db_impl_files.cc:342] [JOB 3] Try to delete WAL files size 376366043, prev total WAL file size 527697904, number of live WAL files 3.

[27991] 01-07 05:42:26,043 WARN [RocksDB][db/db_impl.cc:491] ------- DUMPING STATS -------
[27991] 01-07 05:42:26,043 WARN [RocksDB][db/db_impl.cc:492] 
** DB Stats **
Uptime(secs): 55.5 total, 55.5 interval
Cumulative writes: 1131K writes, 7919K keys, 1130K commit groups, 1.0 writes per commit group, ingest: 0.87 GB, 16.07 MB/s
Cumulative WAL: 1131K writes, 0 syncs, 1131398.00 writes per sync, written: 0.87 GB, 16.07 MB/s
Cumulative stall: 00:00:0.000 H:M:S, 0.0 percent
Interval writes: 1131K writes, 7919K keys, 1130K commit groups, 1.0 writes per commit group, ingest: 891.94 MB, 16.07 MB/s
Interval WAL: 1131K writes, 0 syncs, 1131398.00 writes per sync, written: 0.87 MB, 16.07 MB/s
Interval stall: 00:00:0.000 H:M:S, 0.0 percent

** Compaction Stats [default] **
Level    Files   Size     Score Read(GB)  Rn(GB) Rnp1(GB) Write(GB) Wnew(GB) Moved(GB) W-Amp Rd(MB/s) Wr(MB/s) Comp(sec) Comp(cnt) Avg(sec) KeyIn KeyDrop
----------------------------------------------------------------------------------------------------------------------------------------------------------
 Sum      0/0    0.00 KB   0.0      0.0     0.0      0.0       0.0     
[27991] 01-07 05:42:26,043 INFO [RocksDB][db/compaction_job.cc:1531] [0] [JOB 4] Compacting 2@0 files to L1, score 1.20
[27991] 01-07 05:42:26,043 INFO [RocksDB][db/compaction_job.cc:1535] [0] Compaction start summary: Base version 4 Base level 0, inputs: [14(295MB) 11(320MB)]

[27991] 01-07 05:42:26,043 INFO [RocksDB]EVENT_LOG_v1 {"time_micros": 1578375746043702, "job": 4, "event": "compaction_started", "compaction_reason": "LevelL0FilesNum", "files_L0": [14, 11], "score": 1.20219, "input_data_size": 645423178}
[27991] 01-07 05:42:27,542 INFO [RocksDB][db/compaction_job.cc:1211] [0] [JOB 4] Generated table #15: 1180097 keys, 69763489 bytes
[27991] 01-07 05:42:27,542 INFO [RocksDB]EVENT_LOG_v1 {"time_micros": 1578375747542884, "cf_name": "0", "job": 4, "event": "table_file_creation", "file_number": 15, "file_size": 69763489, "table_properties": {"data_size": 67111531, "index_size": 974929, "filter_size": 1675998, "raw_key_size": 56130360, "raw_average_key_size": 47, "raw_value_size": 28892052, "raw_average_value_size": 24, "num_data_blocks": 16602, "num_entries": 1180097, "filter_policy_name": "rocksdb.BuiltinBloomFilter", "kDeletedKeys": "0", "kMergeOperands": "0"}}
[27991] 01-07 05:42:27,987 INFO [RocksDB][db/db_impl_write.cc:1373] [0] New memtable created with log file: #17. Immutable memtables: 0.

[27991] 01-07 05:42:28,843 INFO [RocksDB][db/compaction_job.cc:1211] [0] [JOB 4] Generated table #16: 597513 keys, 68989996 bytes
[27991] 01-07 05:42:28,843 INFO [RocksDB]EVENT_LOG_v1 {"time_micros": 1578375748843331, "cf_name": "0", "job": 4, "event": "table_file_creation", "file_number": 16, "file_size": 68989996, "table_properties": {"data_size": 67112141, "index_size": 888920, "filter_size": 987904, "raw_key_size": 24595489, "raw_average_key_size": 41, "raw_value_size": 56763771, "raw_average_value_size": 95, "num_data_blocks": 16741, "num_entries": 597513, "filter_policy_name": "rocksdb.BuiltinBloomFilter", "kDeletedKeys": "0", "kMergeOperands": "0"}}
[27991] 01-07 05:42:30,152 INFO [RocksDB][db/compaction_job.cc:1211] [0] [JOB 4] Generated table #18: 597506 keys, 68989846 bytes
[27991] 01-07 05:42:30,152 INFO [RocksDB]EVENT_LOG_v1 {"time_micros": 1578375750152568, "cf_name": "0", "job": 4, "event": "table_file_creation", "file_number": 18, "file_size": 68989846, "table_properties": {"data_size": 67112092, "index_size": 888835, "filter_size": 987888, "raw_key_size": 24593908, "raw_average_key_size": 41, "raw_value_size": 56763043, "raw_average_value_size": 94, "num_data_blocks": 16740, "num_entries": 597506, "filter_policy_name": "rocksdb.BuiltinBloomFilter", "kDeletedKeys": "0", "kMergeOperands": "0"}}
[27991] 01-07 05:42:31,462 INFO [RocksDB][db/compaction_job.cc:1211] [0] [JOB 4] Generated table #19: 597493 keys, 68988195 bytes
[27991] 01-07 05:42:31,462 INFO [RocksDB]EVENT_LOG_v1 {"time_micros": 1578375751462174, "cf_name": "0", "job": 4, "event": "table_file_creation", "file_number": 19, "file_size": 68988195, "table_properties": {"data_size": 67110437, "index_size": 888858, "filter_size": 987869, "raw_key_size": 24593469, "raw_average_key_size": 41, "raw_value_size": 56761790, "raw_average_value_size": 94, "num_data_blocks": 16740, "num_entries": 597493, "filter_policy_name": "rocksdb.BuiltinBloomFilter", "kDeletedKeys": "0", "kMergeOperands": "0"}}
[27991] 01-07 05:42:32,860 INFO [RocksDB][db/compaction_job.cc:1211] [0] [JOB 4] Generated table #20: 597499 keys, 68989208 bytes
[27991] 01-07 05:42:32,860 INFO [RocksDB]EVENT_LOG_v1 {"time_micros": 1578375752860478, "cf_name": "0", "job": 4, "event": "table_file_creation", "file_number": 20, "file_size": 68989208, "table_properties": {"data_size": 67111528, "index_size": 888770, "filter_size": 987879, "raw_key_size": 24593413, "raw_average_key_size": 41, "raw_value_size": 56762414, "raw_average_value_size": 95, "num_data_blocks": 16740, "num_entries": 597499, "filter_policy_name": "rocksdb.BuiltinBloomFilter", "kDeletedKeys": "0", "kMergeOperands": "0"}}
[27991] 01-07 05:42:34,161 INFO [RocksDB][db/compaction_job.cc:1211] [0] [JOB 4] Generated table #21: 597505 keys, 68988201 bytes
[27991] 01-07 05:42:34,161 INFO [RocksDB]EVENT_LOG_v1 {"time_micros": 1578375754161639, "cf_name": "0", "job": 4, "event": "table_file_creation", "file_number": 21, "file_size": 68988201, "table_properties": {"data_size": 67110576, "index_size": 888722, "filter_size": 987872, "raw_key_size": 24594281, "raw_average_key_size": 41, "raw_value_size": 56763038, "raw_average_value_size": 95, "num_data_blocks": 16739, "num_entries": 597505, "filter_policy_name": "rocksdb.BuiltinBloomFilter", "kDeletedKeys": "0", "kMergeOperands": "0"}}
[27991] 01-07 05:42:35,463 INFO [RocksDB][db/compaction_job.cc:1211] [0] [JOB 4] Generated table #22: 597501 keys, 68989345 bytes
[27991] 01-07 05:42:35,463 INFO [RocksDB]EVENT_LOG_v1 {"time_micros": 1578375755463146, "cf_name": "0", "job": 4, "event": "table_file_creation", "file_number": 22, "file_size": 68989345, "table_properties": {"data_size": 67111488, "index_size": 888934, "filter_size": 987892, "raw_key_size": 24594941, "raw_average_key_size": 41, "raw_value_size": 56762523, "raw_average_value_size": 94, "num_data_blocks": 16741, "num_entries": 597501, "filter_policy_name": "rocksdb.BuiltinBloomFilter", "kDeletedKeys": "0", "kMergeOperands": "0"}}
[27991] 01-07 05:42:36,790 INFO [RocksDB][db/compaction_job.cc:1211] [0] [JOB 4] Generated table #23: 597514 keys, 68987648 bytes
[27991] 01-07 05:42:36,790 INFO [RocksDB]EVENT_LOG_v1 {"time_micros": 1578375756790783, "cf_name": "0", "job": 4, "event": "table_file_creation", "file_number": 23, "file_size": 68987648, "table_properties": {"data_size": 67110231, "index_size": 888512, "filter_size": 987874, "raw_key_size": 24595135, "raw_average_key_size": 41, "raw_value_size": 56763875, "raw_average_value_size": 95, "num_data_blocks": 16738, "num_entries": 597514, "filter_policy_name": "rocksdb.BuiltinBloomFilter", "kDeletedKeys": "0", "kMergeOperands": "0"}}
[27991] 01-07 05:42:38,077 INFO [RocksDB][db/compaction_job.cc:1211] [0] [JOB 4] Generated table #24: 597529 keys, 68990224 bytes
[27991] 01-07 05:42:38,078 INFO [RocksDB]EVENT_LOG_v1 {"time_micros": 1578375758078008, "cf_name": "0", "job": 4, "event": "table_file_creation", "file_number": 24, "file_size": 68990224, "table_properties": {"data_size": 67112654, "index_size": 888633, "filter_size": 987906, "raw_key_size": 24595474, "raw_average_key_size": 41, "raw_value_size": 56765237, "raw_average_value_size": 94, "num_data_blocks": 16739, "num_entries": 597529, "filter_policy_name": "rocksdb.BuiltinBloomFilter", "kDeletedKeys": "0", "kMergeOperands": "0"}}
[27991] 01-07 05:42:38,365 INFO [RocksDB][db/db_impl_write.cc:1373] [0] New memtable created with log file: #26. Immutable memtables: 1.

[27991] 01-07 05:42:38,365 INFO [RocksDB][db/db_impl_compaction_flush.cc:80] [JOB 5] Syncing log #13
[27991] 01-07 05:42:38,912 INFO [RocksDB][db/compaction_job.cc:1211] [0] [JOB 4] Generated table #25: 204144 keys, 23564154 bytes
[27991] 01-07 05:42:38,913 INFO [RocksDB]EVENT_LOG_v1 {"time_micros": 1578375758913012, "cf_name": "0", "job": 4, "event": "table_file_creation", "file_number": 25, "file_size": 23564154, "table_properties": {"data_size": 22923865, "index_size": 301771, "filter_size": 337488, "raw_key_size": 8353875, "raw_average_key_size": 40, "raw_value_size": 19393734, "raw_average_value_size": 95, "num_data_blocks": 5717, "num_entries": 204144, "filter_policy_name": "rocksdb.BuiltinBloomFilter", "kDeletedKeys": "0", "kMergeOperands": "0"}}
[27991] 01-07 05:42:38,913 INFO [RocksDB][db/db_impl_compaction_flush.cc:80] [JOB 5] Syncing log #17
[27991] 01-07 05:42:38,914 INFO [RocksDB][db/compaction_job.cc:1287] [0] [JOB 4] Compacted 2@0 files to L1 => 645240306 bytes
[27991] 01-07 05:42:40,470 INFO [RocksDB](Original Log Time 2020/01/07-05:42:40.470605) [db/compaction_job.cc:685] [0] compacted to: base level 1 max bytes base 536870912 files[0 10 0 0 0 0 0] max score 1.20, MB/sec: 50.1 rd, 50.1 wr, level 1, files in(2, 0) out(10) MB in(615.5, 0.0) out(615.3), read-write-amplify(2.0) write-amplify(1.0) OK, records in: 6164302, records dropped: 1 output_compression: NoCompression

[27991] 01-07 05:42:40,470 INFO [RocksDB](Original Log Time 2020/01/07-05:42:40.470639) EVENT_LOG_v1 {"time_micros": 1578375760470631, "job": 4, "event": "compaction_finished", "compaction_time_micros": 12871259, "output_level": 1, "num_output_files": 10, "total_output_size": 645240306, "num_input_records": 6164302, "num_output_records": 6164301, "num_subcompactions": 1, "output_compression": "NoCompression", "num_single_delete_mismatches": 0, "num_single_delete_fallthrough": 0, "lsm_state": [0, 10, 0, 0, 0, 0, 0]}
[27991] 01-07 05:42:40,470 INFO [RocksDB][db/compaction_job.cc:1531] [0] [JOB 6] Compacting 1@1 files to L2, score 1.20
[27991] 01-07 05:42:40,470 INFO [RocksDB][db/compaction_job.cc:1535] [0] Compaction start summary: Base version 5 Base level 1, inputs: [15(66MB)]

[27991] 01-07 05:42:40,470 INFO [RocksDB]EVENT_LOG_v1 {"time_micros": 1578375760470728, "job": 6, "event": "compaction_started", "compaction_reason": "LevelMaxLevelSize", "files_L1": [15], "score": 1.20185, "input_data_size": 69763489}
[27991] 01-07 05:42:40,473 INFO [RocksDB](Original Log Time 2020/01/07-05:42:38.365415) [db/db_impl_compaction_flush.cc:1424] Calling FlushMemTableToOutputFile with column family [0], flush slots available 4, compaction slots available 1, flush slots scheduled 1, compaction slots scheduled 1
[27991] 01-07 05:42:40,473 INFO [RocksDB][db/flush_job.cc:301] [0] [JOB 5] Flushing memtable with next log file: 17

[27991] 01-07 05:42:40,473 INFO [RocksDB][db/flush_job.cc:301] [0] [JOB 5] Flushing memtable with next log file: 26

[27991] 01-07 05:42:40,473 INFO [RocksDB]EVENT_LOG_v1 {"time_micros": 1578375760473274, "job": 5, "event": "flush_started", "num_memtables": 2, "num_entries": 3394154, "num_deletes": 0, "memory_usage": 520100320, "flush_reason": "Write Buffer Full"}
[27991] 01-07 05:42:40,473 INFO [RocksDB][db/flush_job.cc:331] [0] [JOB 5] Level-0 flush table #27: started
[27991] 01-07 05:42:43,994 INFO [RocksDB][db/compaction_job.cc:1211] [0] [JOB 6] Generated table #28: 1180097 keys, 54702061 bytes
[27991] 01-07 05:42:43,994 INFO [RocksDB]EVENT_LOG_v1 {"time_micros": 1578375763994453, "cf_name": "0", "job": 6, "event": "table_file_creation", "file_number": 28, "file_size": 54702061, "table_properties": {"data_size": 52523516, "index_size": 974625, "filter_size": 1647506, "raw_key_size": 56130360, "raw_average_key_size": 47, "raw_value_size": 28892052, "raw_average_value_size": 24, "num_data_blocks": 16602, "num_entries": 1180097, "filter_policy_name": "rocksdb.BuiltinBloomFilter", "kDeletedKeys": "0", "kMergeOperands": "0"}}
[27991] 01-07 05:42:43,995 INFO [RocksDB][db/compaction_job.cc:1287] [0] [JOB 6] Compacted 1@1 files to L2 => 54702061 bytes
[27991] 01-07 05:42:43,997 INFO [RocksDB](Original Log Time 2020/01/07-05:42:43.997693) [db/compaction_job.cc:685] [0] compacted to: base level 1 max bytes base 536870912 files[0 9 1 0 0 0 0] max score 1.07, MB/sec: 19.8 rd, 15.5 wr, level 2, files in(1, 0) out(1) MB in(66.5, 0.0) out(52.2), read-write-amplify(1.8) write-amplify(0.8) OK, records in: 1180097, records dropped: 0 output_compression: Snappy

[27991] 01-07 05:42:43,997 INFO [RocksDB](Original Log Time 2020/01/07-05:42:43.997725) EVENT_LOG_v1 {"time_micros": 1578375763997719, "job": 6, "event": "compaction_finished", "compaction_time_micros": 3525043, "output_level": 2, "num_output_files": 1, "total_output_size": 54702061, "num_input_records": 1180097, "num_output_records": 1180097, "num_subcompactions": 1, "output_compression": "Snappy", "num_single_delete_mismatches": 0, "num_single_delete_fallthrough": 0, "lsm_state": [0, 9, 1, 0, 0, 0, 0]}
[27991] 01-07 05:42:44,005 INFO [RocksDB]EVENT_LOG_v1 {"time_micros": 1578375764005000, "job": 6, "event": "table_file_deletion", "file_number": 15}
[27991] 01-07 05:42:44,005 INFO [RocksDB][db/compaction_job.cc:1531] [0] [JOB 7] Compacting 1@1 files to L2, score 1.07
[27991] 01-07 05:42:44,005 INFO [RocksDB][db/compaction_job.cc:1535] [0] Compaction start summary: Base version 6 Base level 1, inputs: [24(65MB)]

[27991] 01-07 05:42:44,005 INFO [RocksDB]EVENT_LOG_v1 {"time_micros": 1578375764005640, "job": 7, "event": "compaction_started", "compaction_reason": "LevelMaxLevelSize", "files_L1": [24], "score": 1.07191, "input_data_size": 68990224}
[27991] 01-07 05:42:47,310 INFO [RocksDB][db/compaction_job.cc:1211] [0] [JOB 7] Generated table #29: 597529 keys, 68588117 bytes
[27991] 01-07 05:42:47,310 INFO [RocksDB]EVENT_LOG_v1 {"time_micros": 1578375767310208, "cf_name": "0", "job": 7, "event": "table_file_creation", "file_number": 29, "file_size": 68588117, "table_properties": {"data_size": 67112654, "index_size": 888633, "filter_size": 987906, "raw_key_size": 24595474, "raw_average_key_size": 41, "raw_value_size": 56765237, "raw_average_value_size": 94, "num_data_blocks": 16739, "num_entries": 597529, "filter_policy_name": "rocksdb.BuiltinBloomFilter", "kDeletedKeys": "0", "kMergeOperands": "0"}}
[27991] 01-07 05:42:47,311 INFO [RocksDB][db/compaction_job.cc:1287] [0] [JOB 7] Compacted 1@1 files to L2 => 68588117 bytes
[27991] 01-07 05:42:47,313 INFO [RocksDB](Original Log Time 2020/01/07-05:42:47.313312) [db/compaction_job.cc:685] [0] compacted to: base level 1 max bytes base 536870912 files[0 8 2 0 0 0 0] max score 0.94, MB/sec: 20.9 rd, 20.7 wr, level 2, files in(1, 0) out(1) MB in(65.8, 0.0) out(65.4), read-write-amplify(2.0) write-amplify(1.0) OK, records in: 597529, records dropped: 0 output_compression: Snappy

[27991] 01-07 05:42:47,313 INFO [RocksDB](Original Log Time 2020/01/07-05:42:47.313337) EVENT_LOG_v1 {"time_micros": 1578375767313321, "job": 7, "event": "compaction_finished", "compaction_time_micros": 3305796, "output_level": 2, "num_output_files": 1, "total_output_size": 68588117, "num_input_records": 597529, "num_output_records": 597529, "num_subcompactions": 1, "output_compression": "Snappy", "num_single_delete_mismatches": 0, "num_single_delete_fallthrough": 0, "lsm_state": [0, 8, 2, 0, 0, 0, 0]}
[27991] 01-07 05:42:48,865 INFO [RocksDB][db/db_impl_write.cc:1373] [0] New memtable created with log file: #30. Immutable memtables: 2.

[27991] 01-07 05:42:49,085 INFO [RocksDB]EVENT_LOG_v1 {"time_micros": 1578375769085153, "cf_name": "0", "job": 5, "event": "table_file_creation", "file_number": 27, "file_size": 330023391, "table_properties": {"data_size": 320649251, "index_size": 4302711, "filter_size": 5070387, "raw_key_size": 133571118, "raw_average_key_size": 42, "raw_value_size": 256865299, "raw_average_value_size": 81, "num_data_blocks": 79896, "num_entries": 3151717, "filter_policy_name": "rocksdb.BuiltinBloomFilter", "kDeletedKeys": "0", "kMergeOperands": "0"}}
[27991] 01-07 05:42:49,085 INFO [RocksDB][db/flush_job.cc:371] [0] [JOB 5] Level-0 flush table #27: 330023391 bytes OK
[27991] 01-07 05:42:49,088 INFO [RocksDB](Original Log Time 2020/01/07-05:42:49.086408) [db/memtable_list.cc:377] [0] Level-0 commit table #27 started
[27991] 01-07 05:42:49,088 INFO [RocksDB](Original Log Time 2020/01/07-05:42:49.088051) [db/memtable_list.cc:409] [0] Level-0 commit table #27: memtable #1 done
[27991] 01-07 05:42:49,088 INFO [RocksDB](Original Log Time 2020/01/07-05:42:49.088053) [db/memtable_list.cc:409] [0] Level-0 commit table #27: memtable #2 done
[27991] 01-07 05:42:49,088 INFO [RocksDB](Original Log Time 2020/01/07-05:42:49.088078) EVENT_LOG_v1 {"time_micros": 1578375769088062, "job": 5, "event": "flush_finished", "output_compression": "NoCompression", "lsm_state": [1, 8, 2, 0, 0, 0, 0], "immutable_memtables": 1}
[27991] 01-07 05:42:49,088 INFO [RocksDB](Original Log Time 2020/01/07-05:42:49.088088) [db/db_impl_compaction_flush.cc:177] [0] Level summary: base level 1 max bytes base 536870912 files[1 8 2 0 0 0 0] max score 0.94

[27991] 01-07 05:42:49,088 INFO [RocksDB][db/db_impl_files.cc:342] [JOB 5] Try to delete WAL files size 400858796, prev total WAL file size 599652726, number of live WAL files 4.

[27991] 01-07 05:42:49,094 INFO [RocksDB]EVENT_LOG_v1 {"time_micros": 1578375769094379, "job": 5, "event": "table_file_deletion", "file_number": 24}
[27991] 01-07 05:42:49,143 INFO [RocksDB]EVENT_LOG_v1 {"time_micros": 1578375769143627, "job": 5, "event": "table_file_deletion", "file_number": 14}
[27991] 01-07 05:42:49,193 INFO [RocksDB]EVENT_LOG_v1 {"time_micros": 1578375769193273, "job": 5, "event": "table_file_deletion", "file_number": 11}
[27991] 01-07 05:43:03,826 INFO [RocksDB][db/db_impl_write.cc:1373] [0] New memtable created with log file: #31. Immutable memtables: 1.

[27991] 01-07 05:43:03,826 INFO [RocksDB][db/db_impl_compaction_flush.cc:80] [JOB 8] Syncing log #26
[27991] 01-07 05:43:04,292 INFO [RocksDB][db/db_impl_compaction_flush.cc:80] [JOB 8] Syncing log #30
[27991] 01-07 05:43:05,931 INFO [RocksDB](Original Log Time 2020/01/07-05:43:03.826136) [db/db_impl_compaction_flush.cc:1424] Calling FlushMemTableToOutputFile with column family [0], flush slots available 4, compaction slots available 1, flush slots scheduled 1, compaction slots scheduled 0
[27991] 01-07 05:43:05,931 INFO [RocksDB][db/flush_job.cc:301] [0] [JOB 8] Flushing memtable with next log file: 30

[27991] 01-07 05:43:05,931 INFO [RocksDB][db/flush_job.cc:301] [0] [JOB 8] Flushing memtable with next log file: 31

[27991] 01-07 05:43:05,931 INFO [RocksDB]EVENT_LOG_v1 {"time_micros": 1578375785931796, "job": 8, "event": "flush_started", "num_memtables": 2, "num_entries": 3493813, "num_deletes": 0, "memory_usage": 520100696, "flush_reason": "Write Buffer Full"}
[27991] 01-07 05:43:05,931 INFO [RocksDB][db/flush_job.cc:331] [0] [JOB 8] Level-0 flush table #32: started
[27991] 01-07 05:43:12,477 INFO [RocksDB]EVENT_LOG_v1 {"time_micros": 1578375792477060, "cf_name": "0", "job": 8, "event": "table_file_creation", "file_number": 32, "file_size": 339709009, "table_properties": {"data_size": 330057780, "index_size": 4431075, "filter_size": 5219112, "raw_key_size": 137490942, "raw_average_key_size": 42, "raw_value_size": 264405399, "raw_average_value_size": 81, "num_data_blocks": 82235, "num_entries": 3244252, "filter_policy_name": "rocksdb.BuiltinBloomFilter", "kDeletedKeys": "0", "kMergeOperands": "0"}}
[27991] 01-07 05:43:12,477 INFO [RocksDB][db/flush_job.cc:371] [0] [JOB 8] Level-0 flush table #32: 339709009 bytes OK
[27991] 01-07 05:43:12,480 INFO [RocksDB](Original Log Time 2020/01/07-05:43:12.478418) [db/memtable_list.cc:377] [0] Level-0 commit table #32 started
[27991] 01-07 05:43:12,480 INFO [RocksDB](Original Log Time 2020/01/07-05:43:12.480032) [db/memtable_list.cc:409] [0] Level-0 commit table #32: memtable #1 done
[27991] 01-07 05:43:12,480 INFO [RocksDB](Original Log Time 2020/01/07-05:43:12.480033) [db/memtable_list.cc:409] [0] Level-0 commit table #32: memtable #2 done
[27991] 01-07 05:43:12,480 INFO [RocksDB](Original Log Time 2020/01/07-05:43:12.480043) EVENT_LOG_v1 {"time_micros": 1578375792480038, "job": 8, "event": "flush_finished", "output_compression": "NoCompression", "lsm_state": [2, 8, 2, 0, 0, 0, 0], "immutable_memtables": 0}
[27991] 01-07 05:43:12,480 INFO [RocksDB](Original Log Time 2020/01/07-05:43:12.480061) [db/db_impl_compaction_flush.cc:177] [0] Level summary: base level 1 max bytes base 536870912 files[2 8 2 0 0 0 0] max score 1.25

[27991] 01-07 05:43:12,480 INFO [RocksDB][db/db_impl_files.cc:342] [JOB 8] Try to delete WAL files size 412625936, prev total WAL file size 468553996, number of live WAL files 3.

[27991] 01-07 05:43:12,480 INFO [RocksDB][db/compaction_job.cc:1531] [0] [JOB 9] Compacting 2@0 + 8@1 files to L1, score 1.25
[27991] 01-07 05:43:12,480 INFO [RocksDB][db/compaction_job.cc:1535] [0] Compaction start summary: Base version 9 Base level 0, inputs: [32(323MB) 27(314MB)], [16(65MB) 18(65MB) 19(65MB) 20(65MB) 21(65MB) 22(65MB) 23(65MB) 25(22MB)]

[27991] 01-07 05:43:12,480 INFO [RocksDB]EVENT_LOG_v1 {"time_micros": 1578375792480239, "job": 9, "event": "compaction_started", "compaction_reason": "LevelL0FilesNum", "files_L0": [32, 27], "files_L1": [16, 18, 19, 20, 21, 22, 23, 25], "score": 1.24747, "input_data_size": 1176218993}
[27991] 01-07 05:43:13,932 INFO [RocksDB][db/compaction_job.cc:1211] [0] [JOB 9] Generated table #33: 1201778 keys, 69793588 bytes
[27991] 01-07 05:43:13,932 INFO [RocksDB]EVENT_LOG_v1 {"time_micros": 1578375793932460, "cf_name": "0", "job": 9, "event": "table_file_creation", "file_number": 33, "file_size": 69793588, "table_properties": {"data_size": 67112660, "index_size": 978374, "filter_size": 1701523, "raw_key_size": 57307419, "raw_average_key_size": 47, "raw_value_size": 27822583, "raw_average_value_size": 23, "num_data_blocks": 16598, "num_entries": 1201778, "filter_policy_name": "rocksdb.BuiltinBloomFilter", "kDeletedKeys": "0", "kMergeOperands": "0"}}
[27991] 01-07 05:43:15,238 INFO [RocksDB][db/compaction_job.cc:1211] [0] [JOB 9] Generated table #34: 597602 keys, 68989667 bytes
[27991] 01-07 05:43:15,238 INFO [RocksDB]EVENT_LOG_v1 {"time_micros": 1578375795238972, "cf_name": "0", "job": 9, "event": "table_file_creation", "file_number": 34, "file_size": 68989667, "table_properties": {"data_size": 67111340, "index_size": 889259, "filter_size": 988037, "raw_key_size": 24600109, "raw_average_key_size": 41, "raw_value_size": 56772235, "raw_average_value_size": 95, "num_data_blocks": 16744, "num_entries": 597602, "filter_policy_name": "rocksdb.BuiltinBloomFilter", "kDeletedKeys": "0", "kMergeOperands": "0"}}
[27991] 01-07 05:43:16,618 INFO [RocksDB][db/compaction_job.cc:1211] [0] [JOB 9] Generated table #35: 597592 keys, 68987532 bytes
[27991] 01-07 05:43:16,618 INFO [RocksDB]EVENT_LOG_v1 {"time_micros": 1578375796618827, "cf_name": "0", "job": 9, "event": "table_file_creation", "file_number": 35, "file_size": 68987532, "table_properties": {"data_size": 67109453, "index_size": 889035, "filter_size": 988013, "raw_key_size": 24598160, "raw_average_key_size": 41, "raw_value_size": 56771195, "raw_average_value_size": 94, "num_data_blocks": 16743, "num_entries": 597592, "filter_policy_name": "rocksdb.BuiltinBloomFilter", "kDeletedKeys": "0", "kMergeOperands": "0"}}
[27991] 01-07 05:43:17,922 INFO [RocksDB][db/compaction_job.cc:1211] [0] [JOB 9] Generated table #36: 597586 keys, 68989696 bytes
[27991] 01-07 05:43:17,922 INFO [RocksDB]EVENT_LOG_v1 {"time_micros": 1578375797922110, "cf_name": "0", "job": 9, "event": "table_file_creation", "file_number": 36, "file_size": 68989696, "table_properties": {"data_size": 67111528, "index_size": 889128, "filter_size": 988009, "raw_key_size": 24595485, "raw_average_key_size": 41, "raw_value_size": 56770670, "raw_average_value_size": 95, "num_data_blocks": 16743, "num_entries": 597586, "filter_policy_name": "rocksdb.BuiltinBloomFilter", "kDeletedKeys": "0", "kMergeOperands": "0"}}
[27991] 01-07 05:43:19,222 INFO [RocksDB][db/compaction_job.cc:1211] [0] [JOB 9] Generated table #37: 597581 keys, 68987983 bytes
[27991] 01-07 05:43:19,222 INFO [RocksDB]EVENT_LOG_v1 {"time_micros": 1578375799222797, "cf_name": "0", "job": 9, "event": "table_file_creation", "file_number": 37, "file_size": 68987983, "table_properties": {"data_size": 67109553, "index_size": 889392, "filter_size": 988007, "raw_key_size": 24598979, "raw_average_key_size": 41, "raw_value_size": 56770249, "raw_average_value_size": 95, "num_data_blocks": 16744, "num_entries": 597581, "filter_policy_name": "rocksdb.BuiltinBloomFilter", "kDeletedKeys": "0", "kMergeOperands": "0"}}
[27991] 01-07 05:43:20,526 INFO [RocksDB][db/compaction_job.cc:1211] [0] [JOB 9] Generated table #38: 597571 keys, 68987398 bytes
[27991] 01-07 05:43:20,527 INFO [RocksDB]EVENT_LOG_v1 {"time_micros": 1578375800526992, "cf_name": "0", "job": 9, "event": "table_file_creation", "file_number": 38, "file_size": 68987398, "table_properties": {"data_size": 67109395, "index_size": 888986, "filter_size": 987986, "raw_key_size": 24595490, "raw_average_key_size": 41, "raw_value_size": 56769209, "raw_average_value_size": 94, "num_data_blocks": 16743, "num_entries": 597571, "filter_policy_name": "rocksdb.BuiltinBloomFilter", "kDeletedKeys": "0", "kMergeOperands": "0"}}
[27991] 01-07 05:43:21,834 INFO [RocksDB][db/compaction_job.cc:1211] [0] [JOB 9] Generated table #39: 597600 keys, 68986770 bytes
[27991] 01-07 05:43:21,834 INFO [RocksDB]EVENT_LOG_v1 {"time_micros": 1578375801834401, "cf_name": "0", "job": 9, "event": "table_file_creation", "file_number": 39, "file_size": 68986770, "table_properties": {"data_size": 67109136, "index_size": 888591, "filter_size": 988012, "raw_key_size": 24597572, "raw_average_key_size": 41, "raw_value_size": 56772027, "raw_average_value_size": 95, "num_data_blocks": 16742, "num_entries": 597600, "filter_policy_name": "rocksdb.BuiltinBloomFilter", "kDeletedKeys": "0", "kMergeOperands": "0"}}
[27991] 01-07 05:43:23,144 INFO [RocksDB][db/compaction_job.cc:1211] [0] [JOB 9] Generated table #40: 597608 keys, 68989297 bytes
[27991] 01-07 05:43:23,144 INFO [RocksDB]EVENT_LOG_v1 {"time_micros": 1578375803144639, "cf_name": "0", "job": 9, "event": "table_file_creation", "file_number": 40, "file_size": 68989297, "table_properties": {"data_size": 67111593, "index_size": 888638, "filter_size": 988035, "raw_key_size": 24597901, "raw_average_key_size": 41, "raw_value_size": 56772760, "raw_average_value_size": 95, "num_data_blocks": 16743, "num_entries": 597608, "filter_policy_name": "rocksdb.BuiltinBloomFilter", "kDeletedKeys": "0", "kMergeOperands": "0"}}
[27991] 01-07 05:43:24,523 INFO [RocksDB][db/compaction_job.cc:1211] [0] [JOB 9] Generated table #41: 597622 keys, 68988492 bytes
[27991] 01-07 05:43:24,523 INFO [RocksDB]EVENT_LOG_v1 {"time_micros": 1578375804523192, "cf_name": "0", "job": 9, "event": "table_file_creation", "file_number": 41, "file_size": 68988492, "table_properties": {"data_size": 67111146, "index_size": 888271, "filter_size": 988044, "raw_key_size": 24597514, "raw_average_key_size": 41, "raw_value_size": 56774018, "raw_average_value_size": 94, "num_data_blocks": 16742, "num_entries": 597622, "filter_policy_name": "rocksdb.BuiltinBloomFilter", "kDeletedKeys": "0", "kMergeOperands": "0"}}
[27991] 01-07 05:43:25,849 INFO [RocksDB][db/compaction_job.cc:1211] [0] [JOB 9] Generated table #42: 597586 keys, 68986982 bytes
[27991] 01-07 05:43:25,849 INFO [RocksDB]EVENT_LOG_v1 {"time_micros": 1578375805849971, "cf_name": "0", "job": 9, "event": "table_file_creation", "file_number": 42, "file_size": 68986982, "table_properties": {"data_size": 67109032, "index_size": 888923, "filter_size": 987996, "raw_key_size": 24598818, "raw_average_key_size": 41, "raw_value_size": 56770670, "raw_average_value_size": 95, "num_data_blocks": 16742, "num_entries": 597586, "filter_policy_name": "rocksdb.BuiltinBloomFilter", "kDeletedKeys": "0", "kMergeOperands": "0"}}
[27991] 01-07 05:43:27,126 INFO [RocksDB][db/compaction_job.cc:1211] [0] [JOB 9] Generated table #43: 597627 keys, 68989882 bytes
[27991] 01-07 05:43:27,126 INFO [RocksDB]EVENT_LOG_v1 {"time_micros": 1578375807126548, "cf_name": "0", "job": 9, "event": "table_file_creation", "file_number": 43, "file_size": 68989882, "table_properties": {"data_size": 67112085, "index_size": 888719, "filter_size": 988047, "raw_key_size": 24599372, "raw_average_key_size": 41, "raw_value_size": 56774637, "raw_average_value_size": 95, "num_data_blocks": 16742, "num_entries": 597627, "filter_policy_name": "rocksdb.BuiltinBloomFilter", "kDeletedKeys": "0", "kMergeOperands": "0"}}
[27991] 01-07 05:43:28,430 INFO [RocksDB][db/compaction_job.cc:1211] [0] [JOB 9] Generated table #44: 597594 keys, 68988228 bytes
[27991] 01-07 05:43:28,430 INFO [RocksDB]EVENT_LOG_v1 {"time_micros": 1578375808430986, "cf_name": "0", "job": 9, "event": "table_file_creation", "file_number": 44, "file_size": 68988228, "table_properties": {"data_size": 67110466, "index_size": 888734, "filter_size": 987997, "raw_key_size": 24596495, "raw_average_key_size": 41, "raw_value_size": 56771403, "raw_average_value_size": 94, "num_data_blocks": 16741, "num_entries": 597594, "filter_policy_name": "rocksdb.BuiltinBloomFilter", "kDeletedKeys": "0", "kMergeOperands": "0"}}
[27991] 01-07 05:43:29,740 INFO [RocksDB][db/compaction_job.cc:1211] [0] [JOB 9] Generated table #45: 597628 keys, 68990770 bytes
[27991] 01-07 05:43:29,740 INFO [RocksDB]EVENT_LOG_v1 {"time_micros": 1578375809740777, "cf_name": "0", "job": 9, "event": "table_file_creation", "file_number": 45, "file_size": 68990770, "table_properties": {"data_size": 67112608, "index_size": 889081, "filter_size": 988050, "raw_key_size": 24601529, "raw_average_key_size": 41, "raw_value_size": 56774642, "raw_average_value_size": 94, "num_data_blocks": 16742, "num_entries": 597628, "filter_policy_name": "rocksdb.BuiltinBloomFilter", "kDeletedKeys": "0", "kMergeOperands": "0"}}
[27991] 01-07 05:43:31,048 INFO [RocksDB][db/compaction_job.cc:1211] [0] [JOB 9] Generated table #46: 597625 keys, 68987357 bytes
[27991] 01-07 05:43:31,048 INFO [RocksDB]EVENT_LOG_v1 {"time_micros": 1578375811048866, "cf_name": "0", "job": 9, "event": "table_file_creation", "file_number": 46, "file_size": 68987357, "table_properties": {"data_size": 67109958, "index_size": 888336, "filter_size": 988032, "raw_key_size": 24599684, "raw_average_key_size": 41, "raw_value_size": 56774429, "raw_average_value_size": 95, "num_data_blocks": 16741, "num_entries": 597625, "filter_policy_name": "rocksdb.BuiltinBloomFilter", "kDeletedKeys": "0", "kMergeOperands": "0"}}
[27991] 01-07 05:43:32,349 INFO [RocksDB][db/compaction_job.cc:1211] [0] [JOB 9] Generated table #47: 597608 keys, 68989193 bytes
[27991] 01-07 05:43:32,349 INFO [RocksDB]EVENT_LOG_v1 {"time_micros": 1578375812349673, "cf_name": "0", "job": 9, "event": "table_file_creation", "file_number": 47, "file_size": 68989193, "table_properties": {"data_size": 67110931, "index_size": 889202, "filter_size": 988029, "raw_key_size": 24599759, "raw_average_key_size": 41, "raw_value_size": 56772760, "raw_average_value_size": 95, "num_data_blocks": 16743, "num_entries": 597608, "filter_policy_name": "rocksdb.BuiltinBloomFilter", "kDeletedKeys": "0", "kMergeOperands": "0"}}
[27991] 01-07 05:43:33,728 INFO [RocksDB][db/compaction_job.cc:1211] [0] [JOB 9] Generated table #48: 597512 keys, 68989884 bytes
[27991] 01-07 05:43:33,728 INFO [RocksDB]EVENT_LOG_v1 {"time_micros": 1578375813728191, "cf_name": "0", "job": 9, "event": "table_file_creation", "file_number": 48, "file_size": 68989884, "table_properties": {"data_size": 67111732, "index_size": 889218, "filter_size": 987903, "raw_key_size": 24595868, "raw_average_key_size": 41, "raw_value_size": 56763568, "raw_average_value_size": 94, "num_data_blocks": 16741, "num_entries": 597512, "filter_policy_name": "rocksdb.BuiltinBloomFilter", "kDeletedKeys": "0", "kMergeOperands": "0"}}
[27991] 01-07 05:43:35,031 INFO [RocksDB][db/compaction_job.cc:1211] [0] [JOB 9] Generated table #49: 597631 keys, 68988239 bytes
[27991] 01-07 05:43:35,031 INFO [RocksDB]EVENT_LOG_v1 {"time_micros": 1578375815031255, "cf_name": "0", "job": 9, "event": "table_file_creation", "file_number": 49, "file_size": 68988239, "table_properties": {"data_size": 67112021, "index_size": 887170, "filter_size": 988017, "raw_key_size": 24521760, "raw_average_key_size": 41, "raw_value_size": 56774954, "raw_average_value_size": 95, "num_data_blocks": 16739, "num_entries": 597631, "filter_policy_name": "rocksdb.BuiltinBloomFilter", "kDeletedKeys": "0", "kMergeOperands": "0"}}
[27991] 01-07 05:43:35,055 INFO [RocksDB][db/compaction_job.cc:1211] [0] [JOB 9] Generated table #50: 19292 keys, 2226713 bytes
[27991] 01-07 05:43:35,055 INFO [RocksDB]EVENT_LOG_v1 {"time_micros": 1578375815055142, "cf_name": "0", "job": 9, "event": "table_file_creation", "file_number": 50, "file_size": 2226713, "table_properties": {"data_size": 2165960, "index_size": 27840, "filter_size": 31885, "raw_key_size": 774638, "raw_average_key_size": 40, "raw_value_size": 1832821, "raw_average_value_size": 95, "num_data_blocks": 540, "num_entries": 19292, "filter_policy_name": "rocksdb.BuiltinBloomFilter", "kDeletedKeys": "0", "kMergeOperands": "0"}}
[27991] 01-07 05:43:35,056 INFO [RocksDB][db/compaction_job.cc:1287] [0] [JOB 9] Compacted 2@0 + 8@1 files to L1 => 1175837671 bytes
[27991] 01-07 05:43:35,058 INFO [RocksDB](Original Log Time 2020/01/07-05:43:35.058089) [db/compaction_job.cc:685] [0] compacted to: base level 1 max bytes base 536870912 files[0 18 2 0 0 0 0] max score 2.19, MB/sec: 52.1 rd, 52.1 wr, level 1, files in(2, 8) out(18) MB in(638.7, 483.0) out(1121.4), read-write-amplify(3.5) write-amplify(1.8) OK, records in: 10782644, records dropped: 1 output_compression: NoCompression

[27991] 01-07 05:43:35,058 INFO [RocksDB](Original Log Time 2020/01/07-05:43:35.058114) EVENT_LOG_v1 {"time_micros": 1578375815058097, "job": 9, "event": "compaction_finished", "compaction_time_micros": 22576053, "output_level": 1, "num_output_files": 18, "total_output_size": 1175837671, "num_input_records": 10782644, "num_output_records": 10782643, "num_subcompactions": 1, "output_compression": "NoCompression", "num_single_delete_mismatches": 0, "num_single_delete_fallthrough": 0, "lsm_state": [0, 18, 2, 0, 0, 0, 0]}
[27991] 01-07 05:43:35,058 INFO [RocksDB][db/compaction_picker.cc:485] [0] Expanding@1 1+1(69793588+54702061 bytes) to 2+1 (138783255+54702061 bytes)

[27991] 01-07 05:43:35,058 INFO [RocksDB][db/compaction_job.cc:1531] [0] [JOB 10] Compacting 2@1 + 1@2 files to L2, score 2.19
[27991] 01-07 05:43:35,058 INFO [RocksDB][db/compaction_job.cc:1535] [0] Compaction start summary: Base version 10 Base level 1, inputs: [33(66MB) 34(65MB)], [28(52MB)]

[27991] 01-07 05:43:35,058 INFO [RocksDB]EVENT_LOG_v1 {"time_micros": 1578375815058215, "job": 10, "event": "compaction_started", "compaction_reason": "LevelMaxLevelSize", "files_L1": [33, 34], "files_L2": [28], "score": 2.19017, "input_data_size": 193485316}
[27991] 01-07 05:43:35,093 INFO [RocksDB]EVENT_LOG_v1 {"time_micros": 1578375815093553, "job": 0, "event": "table_file_deletion", "file_number": 32}
[27991] 01-07 05:43:35,125 INFO [RocksDB]EVENT_LOG_v1 {"time_micros": 1578375815125343, "job": 0, "event": "table_file_deletion", "file_number": 27}
[27991] 01-07 05:43:35,127 INFO [RocksDB]EVENT_LOG_v1 {"time_micros": 1578375815127668, "job": 0, "event": "table_file_deletion", "file_number": 25}
[27991] 01-07 05:43:35,134 INFO [RocksDB]EVENT_LOG_v1 {"time_micros": 1578375815134259, "job": 0, "event": "table_file_deletion", "file_number": 23}
[27991] 01-07 05:43:35,140 INFO [RocksDB]EVENT_LOG_v1 {"time_micros": 1578375815140775, "job": 0, "event": "table_file_deletion", "file_number": 22}
[27991] 01-07 05:43:35,147 INFO [RocksDB]EVENT_LOG_v1 {"time_micros": 1578375815147282, "job": 0, "event": "table_file_deletion", "file_number": 21}
[27991] 01-07 05:43:35,153 INFO [RocksDB]EVENT_LOG_v1 {"time_micros": 1578375815153988, "job": 0, "event": "table_file_deletion", "file_number": 20}
[27991] 01-07 05:43:35,160 INFO [RocksDB]EVENT_LOG_v1 {"time_micros": 1578375815160609, "job": 0, "event": "table_file_deletion", "file_number": 19}
[27991] 01-07 05:43:35,167 INFO [RocksDB]EVENT_LOG_v1 {"time_micros": 1578375815167230, "job": 0, "event": "table_file_deletion", "file_number": 18}
[27991] 01-07 05:43:35,173 INFO [RocksDB]EVENT_LOG_v1 {"time_micros": 1578375815173758, "job": 0, "event": "table_file_deletion", "file_number": 16}
[27991] 01-07 05:43:38,579 INFO [RocksDB][db/compaction_job.cc:1211] [0] [JOB 10] Generated table #51: 2052039 keys, 70673388 bytes
[27991] 01-07 05:43:38,579 INFO [RocksDB]EVENT_LOG_v1 {"time_micros": 1578375818579134, "cf_name": "0", "job": 10, "event": "table_file_creation", "file_number": 51, "file_size": 70673388, "table_properties": {"data_size": 67111555, "index_size": 1459749, "filter_size": 2773661, "raw_key_size": 99861398, "raw_average_key_size": 48, "raw_value_size": 25380254, "raw_average_value_size": 12, "num_data_blocks": 23900, "num_entries": 2052039, "filter_policy_name": "rocksdb.BuiltinBloomFilter", "kDeletedKeys": "0", "kMergeOperands": "0"}}
[27991] 01-07 05:43:39,906 INFO [RocksDB][db/compaction_job.cc:1211] [0] [JOB 10] Generated table #52: 597594 keys, 68583154 bytes
[27991] 01-07 05:43:39,906 INFO [RocksDB]EVENT_LOG_v1 {"time_micros": 1578375819906193, "cf_name": "0", "job": 10, "event": "table_file_creation", "file_number": 52, "file_size": 68583154, "table_properties": {"data_size": 67110145, "index_size": 889214, "filter_size": 988015, "raw_key_size": 24599058, "raw_average_key_size": 41, "raw_value_size": 56771403, "raw_average_value_size": 94, "num_data_blocks": 16743, "num_entries": 597594, "filter_policy_name": "rocksdb.BuiltinBloomFilter", "kDeletedKeys": "0", "kMergeOperands": "0"}}
[27991] 01-07 05:43:40,618 INFO [RocksDB][db/compaction_job.cc:1211] [0] [JOB 10] Generated table #53: 329843 keys, 37854164 bytes
[27991] 01-07 05:43:40,618 INFO [RocksDB]EVENT_LOG_v1 {"time_micros": 1578375820618431, "cf_name": "0", "job": 10, "event": "table_file_creation", "file_number": 53, "file_size": 37854164, "table_properties": {"data_size": 37040664, "index_size": 490429, "filter_size": 545343, "raw_key_size": 13577413, "raw_average_key_size": 41, "raw_value_size": 31335157, "raw_average_value_size": 95, "num_data_blocks": 9242, "num_entries": 329843, "filter_policy_name": "rocksdb.BuiltinBloomFilter", "kDeletedKeys": "0", "kMergeOperands": "0"}}
[27991] 01-07 05:43:40,619 INFO [RocksDB][db/compaction_job.cc:1287] [0] [JOB 10] Compacted 2@1 + 1@2 files to L2 => 177110706 bytes
[27991] 01-07 05:43:40,621 INFO [RocksDB](Original Log Time 2020/01/07-05:43:40.621598) [db/compaction_job.cc:685] [0] compacted to: base level 1 max bytes base 536870912 files[0 16 4 0 0 0 0] max score 1.93, MB/sec: 34.8 rd, 31.8 wr, level 2, files in(2, 1) out(3) MB in(132.4, 52.2) out(168.9), read-write-amplify(2.7) write-amplify(1.3) OK, records in: 2979477, records dropped: 1 output_compression: Snappy

[27991] 01-07 05:43:40,621 INFO [RocksDB](Original Log Time 2020/01/07-05:43:40.621622) EVENT_LOG_v1 {"time_micros": 1578375820621606, "job": 10, "event": "compaction_finished", "compaction_time_micros": 5561618, "output_level": 2, "num_output_files": 3, "total_output_size": 177110706, "num_input_records": 2979477, "num_output_records": 2979476, "num_subcompactions": 1, "output_compression": "Snappy", "num_single_delete_mismatches": 0, "num_single_delete_fallthrough": 0, "lsm_state": [0, 16, 4, 0, 0, 0, 0]}
[27991] 01-07 05:43:40,629 INFO [RocksDB]EVENT_LOG_v1 {"time_micros": 1578375820629119, "job": 10, "event": "table_file_deletion", "file_number": 34}
[27991] 01-07 05:43:40,636 INFO [RocksDB]EVENT_LOG_v1 {"time_micros": 1578375820636817, "job": 10, "event": "table_file_deletion", "file_number": 33}
[27991] 01-07 05:43:40,642 INFO [RocksDB]EVENT_LOG_v1 {"time_micros": 1578375820642159, "job": 10, "event": "table_file_deletion", "file_number": 28}
[27991] 01-07 05:43:40,642 INFO [RocksDB][db/compaction_job.cc:1531] [0] [JOB 11] Compacting 1@1 files to L2, score 1.93
[27991] 01-07 05:43:40,642 INFO [RocksDB][db/compaction_job.cc:1535] [0] Compaction start summary: Base version 11 Base level 1, inputs: [45(65MB)]

[27991] 01-07 05:43:40,642 INFO [RocksDB]EVENT_LOG_v1 {"time_micros": 1578375820642206, "job": 11, "event": "compaction_started", "compaction_reason": "LevelMaxLevelSize", "files_L1": [45], "score": 1.93166, "input_data_size": 68990770}
[27991] 01-07 05:43:41,938 INFO [RocksDB][db/compaction_job.cc:1211] [0] [JOB 11] Generated table #54: 597628 keys, 68585179 bytes
[27991] 01-07 05:43:41,938 INFO [RocksDB]EVENT_LOG_v1 {"time_micros": 1578375821938423, "cf_name": "0", "job": 11, "event": "table_file_creation", "file_number": 54, "file_size": 68585179, "table_properties": {"data_size": 67112608, "index_size": 889081, "filter_size": 988050, "raw_key_size": 24601529, "raw_average_key_size": 41, "raw_value_size": 56774642, "raw_average_value_size": 94, "num_data_blocks": 16742, "num_entries": 597628, "filter_policy_name": "rocksdb.BuiltinBloomFilter", "kDeletedKeys": "0", "kMergeOperands": "0"}}
[27991] 01-07 05:43:41,939 INFO [RocksDB][db/compaction_job.cc:1287] [0] [JOB 11] Compacted 1@1 files to L2 => 68585179 bytes
[27991] 01-07 05:43:41,941 INFO [RocksDB](Original Log Time 2020/01/07-05:43:41.941541) [db/compaction_job.cc:685] [0] compacted to: base level 1 max bytes base 536870912 files[0 15 5 0 0 0 0] max score 1.80, MB/sec: 53.2 rd, 52.9 wr, level 2, files in(1, 0) out(1) MB in(65.8, 0.0) out(65.4), read-write-amplify(2.0) write-amplify(1.0) OK, records in: 597628, records dropped: 0 output_compression: Snappy

[27991] 01-07 05:43:41,941 INFO [RocksDB](Original Log Time 2020/01/07-05:43:41.941566) EVENT_LOG_v1 {"time_micros": 1578375821941550, "job": 11, "event": "compaction_finished", "compaction_time_micros": 1297396, "output_level": 2, "num_output_files": 1, "total_output_size": 68585179, "num_input_records": 597628, "num_output_records": 597628, "num_subcompactions": 1, "output_compression": "Snappy", "num_single_delete_mismatches": 0, "num_single_delete_fallthrough": 0, "lsm_state": [0, 15, 5, 0, 0, 0, 0]}
[27991] 01-07 05:43:41,948 INFO [RocksDB]EVENT_LOG_v1 {"time_micros": 1578375821948090, "job": 11, "event": "table_file_deletion", "file_number": 45}
[27991] 01-07 05:43:41,948 INFO [RocksDB][db/compaction_picker.cc:485] [0] Expanding@1 1+1(68989884+68588117 bytes) to 2+1 (137978123+68588117 bytes)

[27991] 01-07 05:43:41,948 INFO [RocksDB][db/compaction_job.cc:1531] [0] [JOB 12] Compacting 2@1 + 1@2 files to L2, score 1.80
[27991] 01-07 05:43:41,948 INFO [RocksDB][db/compaction_job.cc:1535] [0] Compaction start summary: Base version 12 Base level 1, inputs: [48(65MB) 49(65MB)], [29(65MB)]

[27991] 01-07 05:43:41,948 INFO [RocksDB]EVENT_LOG_v1 {"time_micros": 1578375821948150, "job": 12, "event": "compaction_started", "compaction_reason": "LevelMaxLevelSize", "files_L1": [48, 49], "files_L2": [29], "score": 1.80316, "input_data_size": 206566240}
[27991] 01-07 05:43:43,247 INFO [RocksDB][db/compaction_job.cc:1211] [0] [JOB 12] Generated table #55: 597635 keys, 68585130 bytes
[27991] 01-07 05:43:43,247 INFO [RocksDB]EVENT_LOG_v1 {"time_micros": 1578375823247475, "cf_name": "0", "job": 12, "event": "table_file_creation", "file_number": 55, "file_size": 68585130, "table_properties": {"data_size": 67112174, "index_size": 888711, "filter_size": 988057, "raw_key_size": 24600913, "raw_average_key_size": 41, "raw_value_size": 56775271, "raw_average_value_size": 94, "num_data_blocks": 16742, "num_entries": 597635, "filter_policy_name": "rocksdb.BuiltinBloomFilter", "kDeletedKeys": "0", "kMergeOperands": "0"}}
