[26716] 01-07 05:36:35,361 INFO [RocksDB]RocksDB version: 5.14.2

[26716] 01-07 05:36:35,367 INFO [RocksDB]Git sha rocksdb_build_git_sha:5ee59bde6ee151270b065c58656993fea5e936e6
[26716] 01-07 05:36:35,367 INFO [RocksDB]Compile date Jan  7 2020
[26716] 01-07 05:36:35,367 INFO [RocksDB]DB SUMMARY

[26716] 01-07 05:36:35,367 INFO [RocksDB]SST files in /home/ubuntu/ardb/data/rocksdb dir, Total Num: 0, files: 

[26716] 01-07 05:36:35,367 INFO [RocksDB]Write Ahead Log file in /home/ubuntu/ardb/data/rocksdb: 

[26716] 01-07 05:36:35,367 INFO [RocksDB]                        Options.error_if_exists: 0
[26716] 01-07 05:36:35,367 INFO [RocksDB]                      Options.create_if_missing: 1
[26716] 01-07 05:36:35,367 INFO [RocksDB]                        Options.paranoid_checks: 1
[26716] 01-07 05:36:35,367 INFO [RocksDB]                                    Options.env: 0xbfd6c0
[26716] 01-07 05:36:35,367 INFO [RocksDB]                               Options.info_log: 0x7f1301c3f8a0
[26716] 01-07 05:36:35,367 INFO [RocksDB]               Options.max_file_opening_threads: 16
[26716] 01-07 05:36:35,367 INFO [RocksDB]                             Options.statistics: (nil)
[26716] 01-07 05:36:35,367 INFO [RocksDB]                              Options.use_fsync: 0
[26716] 01-07 05:36:35,367 INFO [RocksDB]                      Options.max_log_file_size: 0
[26716] 01-07 05:36:35,367 INFO [RocksDB]                 Options.max_manifest_file_size: 18446744073709551615
[26716] 01-07 05:36:35,367 INFO [RocksDB]                  Options.log_file_time_to_roll: 0
[26716] 01-07 05:36:35,367 INFO [RocksDB]                      Options.keep_log_file_num: 1000
[26716] 01-07 05:36:35,367 INFO [RocksDB]                   Options.recycle_log_file_num: 0
[26716] 01-07 05:36:35,367 INFO [RocksDB]                        Options.allow_fallocate: 1
[26716] 01-07 05:36:35,367 INFO [RocksDB]                       Options.allow_mmap_reads: 0
[26716] 01-07 05:36:35,367 INFO [RocksDB]                      Options.allow_mmap_writes: 0
[26716] 01-07 05:36:35,367 INFO [RocksDB]                       Options.use_direct_reads: 0
[26716] 01-07 05:36:35,367 INFO [RocksDB]                       Options.use_direct_io_for_flush_and_compaction: 0
[26716] 01-07 05:36:35,367 INFO [RocksDB]         Options.create_missing_column_families: 0
[26716] 01-07 05:36:35,367 INFO [RocksDB]                             Options.db_log_dir: 
[26716] 01-07 05:36:35,367 INFO [RocksDB]                                Options.wal_dir: /home/ubuntu/ardb/data/rocksdb
[26716] 01-07 05:36:35,367 INFO [RocksDB]               Options.table_cache_numshardbits: 6
[26716] 01-07 05:36:35,367 INFO [RocksDB]                     Options.max_subcompactions: 1
[26716] 01-07 05:36:35,367 INFO [RocksDB]                 Options.max_background_flushes: -1
[26716] 01-07 05:36:35,367 INFO [RocksDB]                        Options.WAL_ttl_seconds: 0
[26716] 01-07 05:36:35,367 INFO [RocksDB]                      Options.WAL_size_limit_MB: 0
[26716] 01-07 05:36:35,367 INFO [RocksDB]            Options.manifest_preallocation_size: 4194304
[26716] 01-07 05:36:35,367 INFO [RocksDB]                    Options.is_fd_close_on_exec: 1
[26716] 01-07 05:36:35,367 INFO [RocksDB]                  Options.advise_random_on_open: 1
[26716] 01-07 05:36:35,367 INFO [RocksDB]                   Options.db_write_buffer_size: 0
[26716] 01-07 05:36:35,367 INFO [RocksDB]                   Options.write_buffer_manager: 0x7f13023fa7d0
[26716] 01-07 05:36:35,367 INFO [RocksDB]        Options.access_hint_on_compaction_start: 1
[26716] 01-07 05:36:35,368 INFO [RocksDB] Options.new_table_reader_for_compaction_inputs: 0
[26716] 01-07 05:36:35,368 INFO [RocksDB]          Options.random_access_max_buffer_size: 1048576
[26716] 01-07 05:36:35,368 INFO [RocksDB]                     Options.use_adaptive_mutex: 1
[26716] 01-07 05:36:35,368 INFO [RocksDB]                           Options.rate_limiter: 0x7f1301c38540
[26716] 01-07 05:36:35,368 INFO [RocksDB]    Options.sst_file_manager.rate_bytes_per_sec: 0
[26716] 01-07 05:36:35,368 INFO [RocksDB]                      Options.wal_recovery_mode: 2
[26716] 01-07 05:36:35,368 INFO [RocksDB]                 Options.enable_thread_tracking: 0
[26716] 01-07 05:36:35,368 INFO [RocksDB]                 Options.enable_pipelined_write: 1
[26716] 01-07 05:36:35,368 INFO [RocksDB]        Options.allow_concurrent_memtable_write: 1
[26716] 01-07 05:36:35,368 INFO [RocksDB]     Options.enable_write_thread_adaptive_yield: 1
[26716] 01-07 05:36:35,368 INFO [RocksDB]            Options.write_thread_max_yield_usec: 100
[26716] 01-07 05:36:35,368 INFO [RocksDB]           Options.write_thread_slow_yield_usec: 3
[26716] 01-07 05:36:35,368 INFO [RocksDB]                              Options.row_cache: None
[26716] 01-07 05:36:35,368 INFO [RocksDB]                             Options.wal_filter: None
[26716] 01-07 05:36:35,368 INFO [RocksDB]            Options.avoid_flush_during_recovery: 0
[26716] 01-07 05:36:35,368 INFO [RocksDB]            Options.allow_ingest_behind: 0
[26716] 01-07 05:36:35,368 INFO [RocksDB]            Options.preserve_deletes: 0
[26716] 01-07 05:36:35,368 INFO [RocksDB]            Options.two_write_queues: 0
[26716] 01-07 05:36:35,368 INFO [RocksDB]            Options.manual_wal_flush: 0
[26716] 01-07 05:36:35,368 INFO [RocksDB]            Options.max_background_jobs: 16
[26716] 01-07 05:36:35,368 INFO [RocksDB]            Options.max_background_compactions: -1
[26716] 01-07 05:36:35,368 INFO [RocksDB]            Options.avoid_flush_during_shutdown: 0
[26716] 01-07 05:36:35,368 INFO [RocksDB]          Options.writable_file_max_buffer_size: 1048576
[26716] 01-07 05:36:35,368 INFO [RocksDB]            Options.delayed_write_rate : 52428800
[26716] 01-07 05:36:35,368 INFO [RocksDB]            Options.max_total_wal_size: 0
[26716] 01-07 05:36:35,368 INFO [RocksDB]            Options.delete_obsolete_files_period_micros: 21600000000
[26716] 01-07 05:36:35,368 INFO [RocksDB]                  Options.stats_dump_period_sec: 100000
[26716] 01-07 05:36:35,368 INFO [RocksDB]                         Options.max_open_files: 1024
[26716] 01-07 05:36:35,368 INFO [RocksDB]                         Options.bytes_per_sync: 1048576
[26716] 01-07 05:36:35,368 INFO [RocksDB]                     Options.wal_bytes_per_sync: 0
[26716] 01-07 05:36:35,368 INFO [RocksDB]      Options.compaction_readahead_size: 0
[26716] 01-07 05:36:35,368 INFO [RocksDB]Compression algorithms supported:
[26716] 01-07 05:36:35,368 INFO [RocksDB]	kZSTDNotFinalCompression supported: 0
[26716] 01-07 05:36:35,368 INFO [RocksDB]	kZSTD supported: 0
[26716] 01-07 05:36:35,368 INFO [RocksDB]	kXpressCompression supported: 0
[26716] 01-07 05:36:35,368 INFO [RocksDB]	kLZ4HCCompression supported: 0
[26716] 01-07 05:36:35,368 INFO [RocksDB]	kLZ4Compression supported: 0
[26716] 01-07 05:36:35,368 INFO [RocksDB]	kBZip2Compression supported: 0
[26716] 01-07 05:36:35,368 INFO [RocksDB]	kZlibCompression supported: 1
[26716] 01-07 05:36:35,368 INFO [RocksDB]	kSnappyCompression supported: 1
[26716] 01-07 05:36:35,368 INFO [RocksDB]Fast CRC32 supported: Supported on x86
[26716] 01-07 05:36:35,368 INFO [RocksDB][db/db_impl_open.cc:222] Creating manifest 1 

[26716] 01-07 05:36:35,376 INFO [RocksDB][db/version_set.cc:3085] Recovering from manifest file: MANIFEST-000001

[26716] 01-07 05:36:35,376 INFO [RocksDB][db/column_family.cc:475] --------------- Options for column family [default]:

[26716] 01-07 05:36:35,376 INFO [RocksDB]              Options.comparator: ardb.comparator
[26716] 01-07 05:36:35,376 INFO [RocksDB]          Options.merge_operator: ardb.merger
[26716] 01-07 05:36:35,376 INFO [RocksDB]       Options.compaction_filter: None
[26716] 01-07 05:36:35,376 INFO [RocksDB]       Options.compaction_filter_factory: ardb.compact_filter_factory
[26716] 01-07 05:36:35,376 INFO [RocksDB]        Options.memtable_factory: SkipListFactory
[26716] 01-07 05:36:35,376 INFO [RocksDB]           Options.table_factory: BlockBasedTable
[26716] 01-07 05:36:35,376 INFO [RocksDB]           table_factory options:   flush_block_policy_factory: FlushBlockBySizePolicyFactory (0x7f1302208018)
  cache_index_and_filter_blocks: 0
  cache_index_and_filter_blocks_with_high_priority: 0
  pin_l0_filter_and_index_blocks_in_cache: 0
  index_type: 0
  hash_index_allow_collision: 1
  checksum: 1
  no_block_cache: 0
  block_cache: 0x7f1302281cf0
  block_cache_name: LRUCache
  block_cache_options:
    capacity : 536870912
    num_shard_bits : 6
    strict_capacity_limit : 0
    high_pri_pool_ratio: 0.000
  block_cache_compressed: (nil)
  persistent_cache: (nil)
  block_size: 4096
  block_size_deviation: 10
  block_restart_interval: 16
  index_block_restart_interval: 1
  metadata_block_size: 4096
  partition_filters: 0
  use_delta_encoding: 1
  filter_policy: rocksdb.BuiltinBloomFilter
  whole_key_filtering: 1
  verify_compression: 0
  read_amp_bytes_per_bit: 0
  format_version: 2
  enable_index_compression: 1
  block_align: 0

[26716] 01-07 05:36:35,376 INFO [RocksDB]       Options.write_buffer_size: 268435456
[26716] 01-07 05:36:35,376 INFO [RocksDB] Options.max_write_buffer_number: 6
[26716] 01-07 05:36:35,376 INFO [RocksDB]       Options.compression[0]: NoCompression
[26716] 01-07 05:36:35,376 INFO [RocksDB]       Options.compression[1]: NoCompression
[26716] 01-07 05:36:35,376 INFO [RocksDB]       Options.compression[2]: Snappy
[26716] 01-07 05:36:35,376 INFO [RocksDB]       Options.compression[3]: Snappy
[26716] 01-07 05:36:35,376 INFO [RocksDB]       Options.compression[4]: Snappy
[26716] 01-07 05:36:35,376 INFO [RocksDB]       Options.compression[5]: Snappy
[26716] 01-07 05:36:35,376 INFO [RocksDB]       Options.compression[6]: Snappy
[26716] 01-07 05:36:35,376 INFO [RocksDB]                 Options.bottommost_compression: Disabled
[26716] 01-07 05:36:35,376 INFO [RocksDB]      Options.prefix_extractor: ardb.prefix_extractor
[26716] 01-07 05:36:35,376 INFO [RocksDB]  Options.memtable_insert_with_hint_prefix_extractor: nullptr
[26716] 01-07 05:36:35,376 INFO [RocksDB]            Options.num_levels: 7
[26716] 01-07 05:36:35,376 INFO [RocksDB]       Options.min_write_buffer_number_to_merge: 2
[26716] 01-07 05:36:35,376 INFO [RocksDB]    Options.max_write_buffer_number_to_maintain: 0
[26716] 01-07 05:36:35,376 INFO [RocksDB]           Options.compression_opts.window_bits: -14
[26716] 01-07 05:36:35,376 INFO [RocksDB]                 Options.compression_opts.level: -1
[26716] 01-07 05:36:35,376 INFO [RocksDB]              Options.compression_opts.strategy: 0
[26716] 01-07 05:36:35,376 INFO [RocksDB]        Options.compression_opts.max_dict_bytes: 0
[26716] 01-07 05:36:35,376 INFO [RocksDB]        Options.compression_opts.zstd_max_train_bytes: 0
[26716] 01-07 05:36:35,376 INFO [RocksDB]     Options.level0_file_num_compaction_trigger: 2
[26716] 01-07 05:36:35,376 INFO [RocksDB]         Options.level0_slowdown_writes_trigger: 20
[26716] 01-07 05:36:35,376 INFO [RocksDB]             Options.level0_stop_writes_trigger: 36
[26716] 01-07 05:36:35,376 INFO [RocksDB]                  Options.target_file_size_base: 67108864
[26716] 01-07 05:36:35,376 INFO [RocksDB]            Options.target_file_size_multiplier: 1
[26716] 01-07 05:36:35,376 INFO [RocksDB]               Options.max_bytes_for_level_base: 536870912
[26716] 01-07 05:36:35,376 INFO [RocksDB]Options.level_compaction_dynamic_level_bytes: 0
[26716] 01-07 05:36:35,376 INFO [RocksDB]         Options.max_bytes_for_level_multiplier: 10.000000
[26716] 01-07 05:36:35,376 INFO [RocksDB]Options.max_bytes_for_level_multiplier_addtl[0]: 1
[26716] 01-07 05:36:35,376 INFO [RocksDB]Options.max_bytes_for_level_multiplier_addtl[1]: 1
[26716] 01-07 05:36:35,376 INFO [RocksDB]Options.max_bytes_for_level_multiplier_addtl[2]: 1
[26716] 01-07 05:36:35,376 INFO [RocksDB]Options.max_bytes_for_level_multiplier_addtl[3]: 1
[26716] 01-07 05:36:35,376 INFO [RocksDB]Options.max_bytes_for_level_multiplier_addtl[4]: 1
[26716] 01-07 05:36:35,376 INFO [RocksDB]Options.max_bytes_for_level_multiplier_addtl[5]: 1
[26716] 01-07 05:36:35,376 INFO [RocksDB]Options.max_bytes_for_level_multiplier_addtl[6]: 1
[26716] 01-07 05:36:35,376 INFO [RocksDB]      Options.max_sequential_skip_in_iterations: 8
[26716] 01-07 05:36:35,376 INFO [RocksDB]                   Options.max_compaction_bytes: 1677721600
[26716] 01-07 05:36:35,376 INFO [RocksDB]                       Options.arena_block_size: 33554432
[26716] 01-07 05:36:35,376 INFO [RocksDB]  Options.soft_pending_compaction_bytes_limit: 68719476736
[26716] 01-07 05:36:35,376 INFO [RocksDB]  Options.hard_pending_compaction_bytes_limit: 274877906944
[26716] 01-07 05:36:35,376 INFO [RocksDB]      Options.rate_limit_delay_max_milliseconds: 100
[26716] 01-07 05:36:35,376 INFO [RocksDB]               Options.disable_auto_compactions: 0
[26716] 01-07 05:36:35,376 INFO [RocksDB]                       Options.compaction_style: kCompactionStyleLevel
[26716] 01-07 05:36:35,376 INFO [RocksDB]                         Options.compaction_pri: kByCompensatedSize
[26716] 01-07 05:36:35,376 INFO [RocksDB]Options.compaction_options_universal.size_ratio: 1
[26716] 01-07 05:36:35,376 INFO [RocksDB]Options.compaction_options_universal.min_merge_width: 2
[26716] 01-07 05:36:35,376 INFO [RocksDB]Options.compaction_options_universal.max_merge_width: 4294967295
[26716] 01-07 05:36:35,376 INFO [RocksDB]Options.compaction_options_universal.max_size_amplification_percent: 200
[26716] 01-07 05:36:35,376 INFO [RocksDB]Options.compaction_options_universal.compression_size_percent: -1
[26716] 01-07 05:36:35,376 INFO [RocksDB]Options.compaction_options_universal.stop_style: kCompactionStopStyleTotalSize
[26716] 01-07 05:36:35,376 INFO [RocksDB]Options.compaction_options_fifo.max_table_files_size: 1073741824
[26716] 01-07 05:36:35,376 INFO [RocksDB]Options.compaction_options_fifo.allow_compaction: 0
[26716] 01-07 05:36:35,376 INFO [RocksDB]Options.compaction_options_fifo.ttl: 0
[26716] 01-07 05:36:35,376 INFO [RocksDB]                  Options.table_properties_collectors: 
[26716] 01-07 05:36:35,376 INFO [RocksDB]                  Options.inplace_update_support: 0
[26716] 01-07 05:36:35,376 INFO [RocksDB]                Options.inplace_update_num_locks: 10000
[26716] 01-07 05:36:35,376 INFO [RocksDB]              Options.memtable_prefix_bloom_size_ratio: 0.000000
[26716] 01-07 05:36:35,376 INFO [RocksDB]  Options.memtable_huge_page_size: 0
[26716] 01-07 05:36:35,376 INFO [RocksDB]                          Options.bloom_locality: 0
[26716] 01-07 05:36:35,376 INFO [RocksDB]                   Options.max_successive_merges: 0
[26716] 01-07 05:36:35,376 INFO [RocksDB]               Options.optimize_filters_for_hits: 0
[26716] 01-07 05:36:35,376 INFO [RocksDB]               Options.paranoid_file_checks: 0
[26716] 01-07 05:36:35,376 INFO [RocksDB]               Options.force_consistency_checks: 0
[26716] 01-07 05:36:35,376 INFO [RocksDB]               Options.report_bg_io_stats: 0
[26716] 01-07 05:36:35,376 INFO [RocksDB]                              Options.ttl: 0
[26716] 01-07 05:36:35,376 INFO [RocksDB][db/version_set.cc:3361] Recovered from manifest file:/home/ubuntu/ardb/data/rocksdb/MANIFEST-000001 succeeded,manifest_file_number is 1, next_file_number is 3, last_sequence is 0, log_number is 0,prev_log_number is 0,max_column_family is 0,min_log_number_to_keep is 0

[26716] 01-07 05:36:35,376 INFO [RocksDB][db/version_set.cc:3369] Column family [default] (ID 0), log number is 0

[26716] 01-07 05:36:35,380 INFO [RocksDB][db/db_impl_open.cc:1219] DB pointer 0x7f1301bbe000
[26716] 01-07 05:36:35,380 INFO Ardb init engine:rocksdb success.
[26716] 01-07 05:36:35,382 INFO Ardb will accept connections on 0.0.0.0:16379
[26716] 01-07 05:36:35,383 INFO Ardb started with version 0.10.0
[26716] 01-07 05:36:36,384 INFO ========================Period Statistics Dump Begin===========================
[26716] 01-07 05:36:36,384 INFO slave_sync_total_commands_processed:0
[26716] 01-07 05:36:36,384 INFO slave_sync_instantaneous_ops_per_sec:0
[26716] 01-07 05:36:36,384 INFO total_commands_processed:0
[26716] 01-07 05:36:36,384 INFO instantaneous_ops_per_sec:0
[26716] 01-07 05:36:36,384 INFO total_connections_received:0
[26716] 01-07 05:36:36,384 INFO rejected_connections:0
[26716] 01-07 05:36:36,384 INFO ========================Period Statistics Dump End===========================
[26716] 01-07 05:36:47,972 INFO [RocksDB][db/version_set.cc:2847] Creating manifest 6

[26716] 01-07 05:36:47,979 INFO [RocksDB][db/column_family.cc:475] --------------- Options for column family [0]:

[26716] 01-07 05:36:47,979 INFO [RocksDB]              Options.comparator: ardb.comparator
[26716] 01-07 05:36:47,979 INFO [RocksDB]          Options.merge_operator: ardb.merger
[26716] 01-07 05:36:47,979 INFO [RocksDB]       Options.compaction_filter: None
[26716] 01-07 05:36:47,979 INFO [RocksDB]       Options.compaction_filter_factory: ardb.compact_filter_factory
[26716] 01-07 05:36:47,979 INFO [RocksDB]        Options.memtable_factory: SkipListFactory
[26716] 01-07 05:36:47,979 INFO [RocksDB]           Options.table_factory: BlockBasedTable
[26716] 01-07 05:36:47,979 INFO [RocksDB]           table_factory options:   flush_block_policy_factory: FlushBlockBySizePolicyFactory (0x7f1302208018)
  cache_index_and_filter_blocks: 0
  cache_index_and_filter_blocks_with_high_priority: 0
  pin_l0_filter_and_index_blocks_in_cache: 0
  index_type: 0
  hash_index_allow_collision: 1
  checksum: 1
  no_block_cache: 0
  block_cache: 0x7f1302281cf0
  block_cache_name: LRUCache
  block_cache_options:
    capacity : 536870912
    num_shard_bits : 6
    strict_capacity_limit : 0
    high_pri_pool_ratio: 0.000
  block_cache_compressed: (nil)
  persistent_cache: (nil)
  block_size: 4096
  block_size_deviation: 10
  block_restart_interval: 16
  index_block_restart_interval: 1
  metadata_block_size: 4096
  partition_filters: 0
  use_delta_encoding: 1
  filter_policy: rocksdb.BuiltinBloomFilter
  whole_key_filtering: 1
  verify_compression: 0
  read_amp_bytes_per_bit: 0
  format_version: 2
  enable_index_compression: 1
  block_align: 0

[26716] 01-07 05:36:47,979 INFO [RocksDB]       Options.write_buffer_size: 268435456
[26716] 01-07 05:36:47,979 INFO [RocksDB] Options.max_write_buffer_number: 6
[26716] 01-07 05:36:47,979 INFO [RocksDB]       Options.compression[0]: NoCompression
[26716] 01-07 05:36:47,979 INFO [RocksDB]       Options.compression[1]: NoCompression
[26716] 01-07 05:36:47,979 INFO [RocksDB]       Options.compression[2]: Snappy
[26716] 01-07 05:36:47,979 INFO [RocksDB]       Options.compression[3]: Snappy
[26716] 01-07 05:36:47,979 INFO [RocksDB]       Options.compression[4]: Snappy
[26716] 01-07 05:36:47,979 INFO [RocksDB]       Options.compression[5]: Snappy
[26716] 01-07 05:36:47,979 INFO [RocksDB]       Options.compression[6]: Snappy
[26716] 01-07 05:36:47,979 INFO [RocksDB]                 Options.bottommost_compression: Disabled
[26716] 01-07 05:36:47,979 INFO [RocksDB]      Options.prefix_extractor: ardb.prefix_extractor
[26716] 01-07 05:36:47,979 INFO [RocksDB]  Options.memtable_insert_with_hint_prefix_extractor: nullptr
[26716] 01-07 05:36:47,979 INFO [RocksDB]            Options.num_levels: 7
[26716] 01-07 05:36:47,979 INFO [RocksDB]       Options.min_write_buffer_number_to_merge: 2
[26716] 01-07 05:36:47,979 INFO [RocksDB]    Options.max_write_buffer_number_to_maintain: 0
[26716] 01-07 05:36:47,979 INFO [RocksDB]           Options.compression_opts.window_bits: -14
[26716] 01-07 05:36:47,979 INFO [RocksDB]                 Options.compression_opts.level: -1
[26716] 01-07 05:36:47,979 INFO [RocksDB]              Options.compression_opts.strategy: 0
[26716] 01-07 05:36:47,979 INFO [RocksDB]        Options.compression_opts.max_dict_bytes: 0
[26716] 01-07 05:36:47,979 INFO [RocksDB]        Options.compression_opts.zstd_max_train_bytes: 0
[26716] 01-07 05:36:47,979 INFO [RocksDB]     Options.level0_file_num_compaction_trigger: 2
[26716] 01-07 05:36:47,979 INFO [RocksDB]         Options.level0_slowdown_writes_trigger: 20
[26716] 01-07 05:36:47,979 INFO [RocksDB]             Options.level0_stop_writes_trigger: 36
[26716] 01-07 05:36:47,979 INFO [RocksDB]                  Options.target_file_size_base: 67108864
[26716] 01-07 05:36:47,979 INFO [RocksDB]            Options.target_file_size_multiplier: 1
[26716] 01-07 05:36:47,979 INFO [RocksDB]               Options.max_bytes_for_level_base: 536870912
[26716] 01-07 05:36:47,979 INFO [RocksDB]Options.level_compaction_dynamic_level_bytes: 0
[26716] 01-07 05:36:47,979 INFO [RocksDB]         Options.max_bytes_for_level_multiplier: 10.000000
[26716] 01-07 05:36:47,979 INFO [RocksDB]Options.max_bytes_for_level_multiplier_addtl[0]: 1
[26716] 01-07 05:36:47,979 INFO [RocksDB]Options.max_bytes_for_level_multiplier_addtl[1]: 1
[26716] 01-07 05:36:47,979 INFO [RocksDB]Options.max_bytes_for_level_multiplier_addtl[2]: 1
[26716] 01-07 05:36:47,979 INFO [RocksDB]Options.max_bytes_for_level_multiplier_addtl[3]: 1
[26716] 01-07 05:36:47,979 INFO [RocksDB]Options.max_bytes_for_level_multiplier_addtl[4]: 1
[26716] 01-07 05:36:47,979 INFO [RocksDB]Options.max_bytes_for_level_multiplier_addtl[5]: 1
[26716] 01-07 05:36:47,979 INFO [RocksDB]Options.max_bytes_for_level_multiplier_addtl[6]: 1
[26716] 01-07 05:36:47,979 INFO [RocksDB]      Options.max_sequential_skip_in_iterations: 8
[26716] 01-07 05:36:47,979 INFO [RocksDB]                   Options.max_compaction_bytes: 1677721600
[26716] 01-07 05:36:47,979 INFO [RocksDB]                       Options.arena_block_size: 33554432
[26716] 01-07 05:36:47,979 INFO [RocksDB]  Options.soft_pending_compaction_bytes_limit: 68719476736
[26716] 01-07 05:36:47,979 INFO [RocksDB]  Options.hard_pending_compaction_bytes_limit: 274877906944
[26716] 01-07 05:36:47,979 INFO [RocksDB]      Options.rate_limit_delay_max_milliseconds: 100
[26716] 01-07 05:36:47,979 INFO [RocksDB]               Options.disable_auto_compactions: 0
[26716] 01-07 05:36:47,979 INFO [RocksDB]                       Options.compaction_style: kCompactionStyleLevel
[26716] 01-07 05:36:47,979 INFO [RocksDB]                         Options.compaction_pri: kByCompensatedSize
[26716] 01-07 05:36:47,979 INFO [RocksDB]Options.compaction_options_universal.size_ratio: 1
[26716] 01-07 05:36:47,979 INFO [RocksDB]Options.compaction_options_universal.min_merge_width: 2
[26716] 01-07 05:36:47,979 INFO [RocksDB]Options.compaction_options_universal.max_merge_width: 4294967295
[26716] 01-07 05:36:47,979 INFO [RocksDB]Options.compaction_options_universal.max_size_amplification_percent: 200
[26716] 01-07 05:36:47,979 INFO [RocksDB]Options.compaction_options_universal.compression_size_percent: -1
[26716] 01-07 05:36:47,979 INFO [RocksDB]Options.compaction_options_universal.stop_style: kCompactionStopStyleTotalSize
[26716] 01-07 05:36:47,979 INFO [RocksDB]Options.compaction_options_fifo.max_table_files_size: 1073741824
[26716] 01-07 05:36:47,979 INFO [RocksDB]Options.compaction_options_fifo.allow_compaction: 0
[26716] 01-07 05:36:47,979 INFO [RocksDB]Options.compaction_options_fifo.ttl: 0
[26716] 01-07 05:36:47,979 INFO [RocksDB]                  Options.table_properties_collectors: 
[26716] 01-07 05:36:47,979 INFO [RocksDB]                  Options.inplace_update_support: 0
[26716] 01-07 05:36:47,979 INFO [RocksDB]                Options.inplace_update_num_locks: 10000
[26716] 01-07 05:36:47,979 INFO [RocksDB]              Options.memtable_prefix_bloom_size_ratio: 0.000000
[26716] 01-07 05:36:47,979 INFO [RocksDB]  Options.memtable_huge_page_size: 0
[26716] 01-07 05:36:47,979 INFO [RocksDB]                          Options.bloom_locality: 0
[26716] 01-07 05:36:47,979 INFO [RocksDB]                   Options.max_successive_merges: 0
[26716] 01-07 05:36:47,979 INFO [RocksDB]               Options.optimize_filters_for_hits: 0
[26716] 01-07 05:36:47,979 INFO [RocksDB]               Options.paranoid_file_checks: 0
[26716] 01-07 05:36:47,979 INFO [RocksDB]               Options.force_consistency_checks: 0
[26716] 01-07 05:36:47,979 INFO [RocksDB]               Options.report_bg_io_stats: 0
[26716] 01-07 05:36:47,979 INFO [RocksDB]                              Options.ttl: 0
[26716] 01-07 05:36:47,979 INFO [RocksDB][db/db_impl.cc:1396] Created column family [0] (ID 1)
[26716] 01-07 05:36:47,982 INFO Create ColumnFamilyHandle with name:0 success.
[26716] 01-07 05:36:56,602 INFO [RocksDB][db/db_impl_write.cc:1373] [0] New memtable created with log file: #9. Immutable memtables: 0.

[26716] 01-07 05:37:05,985 INFO [RocksDB][db/db_impl_write.cc:1373] [0] New memtable created with log file: #10. Immutable memtables: 1.

[26716] 01-07 05:37:05,985 INFO [RocksDB][db/db_impl_compaction_flush.cc:80] [JOB 2] Syncing log #3
[26716] 01-07 05:37:07,282 INFO [RocksDB][db/db_impl_compaction_flush.cc:80] [JOB 2] Syncing log #9
[26716] 01-07 05:37:08,923 INFO [RocksDB](Original Log Time 2020/01/07-05:37:05.985772) [db/db_impl_compaction_flush.cc:1424] Calling FlushMemTableToOutputFile with column family [0], flush slots available 4, compaction slots available 1, flush slots scheduled 1, compaction slots scheduled 0
[26716] 01-07 05:37:08,923 INFO [RocksDB][db/flush_job.cc:301] [0] [JOB 2] Flushing memtable with next log file: 9

[26716] 01-07 05:37:08,923 INFO [RocksDB][db/flush_job.cc:301] [0] [JOB 2] Flushing memtable with next log file: 10

[26716] 01-07 05:37:08,923 INFO [RocksDB]EVENT_LOG_v1 {"time_micros": 1578375428923092, "job": 2, "event": "flush_started", "num_memtables": 2, "num_entries": 3686742, "num_deletes": 0, "memory_usage": 520100376, "flush_reason": "Write Buffer Full"}
[26716] 01-07 05:37:08,923 INFO [RocksDB][db/flush_job.cc:331] [0] [JOB 2] Level-0 flush table #11: started
[26716] 01-07 05:37:15,813 INFO [RocksDB]EVENT_LOG_v1 {"time_micros": 1578375435813018, "cf_name": "0", "job": 2, "event": "table_file_creation", "file_number": 11, "file_size": 358464618, "table_properties": {"data_size": 348277502, "index_size": 4678589, "filter_size": 5507484, "raw_key_size": 145083339, "raw_average_key_size": 42, "raw_value_size": 279008762, "raw_average_value_size": 81, "num_data_blocks": 86777, "num_entries": 3423409, "filter_policy_name": "rocksdb.BuiltinBloomFilter", "kDeletedKeys": "0", "kMergeOperands": "0"}}
[26716] 01-07 05:37:15,813 INFO [RocksDB][db/flush_job.cc:371] [0] [JOB 2] Level-0 flush table #11: 358464618 bytes OK
[26716] 01-07 05:37:15,816 INFO [RocksDB](Original Log Time 2020/01/07-05:37:15.814867) [db/memtable_list.cc:377] [0] Level-0 commit table #11 started
[26716] 01-07 05:37:15,816 INFO [RocksDB](Original Log Time 2020/01/07-05:37:15.816763) [db/memtable_list.cc:409] [0] Level-0 commit table #11: memtable #1 done
[26716] 01-07 05:37:15,816 INFO [RocksDB](Original Log Time 2020/01/07-05:37:15.816767) [db/memtable_list.cc:409] [0] Level-0 commit table #11: memtable #2 done
[26716] 01-07 05:37:15,816 INFO [RocksDB](Original Log Time 2020/01/07-05:37:15.816778) EVENT_LOG_v1 {"time_micros": 1578375435816773, "job": 2, "event": "flush_finished", "output_compression": "NoCompression", "lsm_state": [1, 0, 0, 0, 0, 0, 0], "immutable_memtables": 0}
[26716] 01-07 05:37:15,816 INFO [RocksDB](Original Log Time 2020/01/07-05:37:15.816789) [db/db_impl_compaction_flush.cc:177] [0] Level summary: base level 1 max bytes base 536870912 files[1 0 0 0 0 0 0] max score 0.67

[26716] 01-07 05:37:15,816 INFO [RocksDB][db/db_impl_files.cc:342] [JOB 2] Try to delete WAL files size 435337722, prev total WAL file size 634621734, number of live WAL files 3.

[26716] 01-07 05:37:16,591 INFO [RocksDB][db/db_impl_write.cc:1373] [0] New memtable created with log file: #12. Immutable memtables: 0.

[26716] 01-07 05:37:25,864 INFO [RocksDB][db/db_impl_write.cc:1373] [0] New memtable created with log file: #13. Immutable memtables: 1.

[26716] 01-07 05:37:25,864 INFO [RocksDB][db/db_impl_compaction_flush.cc:80] [JOB 3] Syncing log #10
[26716] 01-07 05:37:27,118 INFO [RocksDB][db/db_impl_compaction_flush.cc:80] [JOB 3] Syncing log #12
[26716] 01-07 05:37:28,631 INFO [RocksDB](Original Log Time 2020/01/07-05:37:25.864133) [db/db_impl_compaction_flush.cc:1424] Calling FlushMemTableToOutputFile with column family [0], flush slots available 4, compaction slots available 1, flush slots scheduled 1, compaction slots scheduled 0
[26716] 01-07 05:37:28,631 INFO [RocksDB][db/flush_job.cc:301] [0] [JOB 3] Flushing memtable with next log file: 12

[26716] 01-07 05:37:28,631 INFO [RocksDB][db/flush_job.cc:301] [0] [JOB 3] Flushing memtable with next log file: 13

[26716] 01-07 05:37:28,631 INFO [RocksDB]EVENT_LOG_v1 {"time_micros": 1578375448631654, "job": 3, "event": "flush_started", "num_memtables": 2, "num_entries": 3538491, "num_deletes": 0, "memory_usage": 520100136, "flush_reason": "Write Buffer Full"}
[26716] 01-07 05:37:28,631 INFO [RocksDB][db/flush_job.cc:331] [0] [JOB 3] Level-0 flush table #14: started
[26716] 01-07 05:37:35,178 INFO [RocksDB]EVENT_LOG_v1 {"time_micros": 1578375455178548, "cf_name": "0", "job": 3, "event": "table_file_creation", "file_number": 14, "file_size": 343952907, "table_properties": {"data_size": 334177374, "index_size": 4488835, "filter_size": 5285656, "raw_key_size": 139248052, "raw_average_key_size": 42, "raw_value_size": 267788595, "raw_average_value_size": 81, "num_data_blocks": 83267, "num_entries": 3285745, "filter_policy_name": "rocksdb.BuiltinBloomFilter", "kDeletedKeys": "0", "kMergeOperands": "0"}}
[26716] 01-07 05:37:35,178 INFO [RocksDB][db/flush_job.cc:371] [0] [JOB 3] Level-0 flush table #14: 343952907 bytes OK
[26716] 01-07 05:37:35,181 INFO [RocksDB](Original Log Time 2020/01/07-05:37:35.179908) [db/memtable_list.cc:377] [0] Level-0 commit table #14 started
[26716] 01-07 05:37:35,181 INFO [RocksDB](Original Log Time 2020/01/07-05:37:35.181536) [db/memtable_list.cc:409] [0] Level-0 commit table #14: memtable #1 done
[26716] 01-07 05:37:35,181 INFO [RocksDB](Original Log Time 2020/01/07-05:37:35.181537) [db/memtable_list.cc:409] [0] Level-0 commit table #14: memtable #2 done
[26716] 01-07 05:37:35,181 INFO [RocksDB](Original Log Time 2020/01/07-05:37:35.181547) EVENT_LOG_v1 {"time_micros": 1578375455181542, "job": 3, "event": "flush_finished", "output_compression": "NoCompression", "lsm_state": [2, 0, 0, 0, 0, 0, 0], "immutable_memtables": 0}
[26716] 01-07 05:37:35,181 INFO [RocksDB](Original Log Time 2020/01/07-05:37:35.181570) [db/db_impl_compaction_flush.cc:177] [0] Level summary: base level 1 max bytes base 536870912 files[2 0 0 0 0 0 0] max score 1.31

[26716] 01-07 05:37:35,181 INFO [RocksDB][db/db_impl_files.cc:342] [JOB 3] Try to delete WAL files size 417903577, prev total WAL file size 601450234, number of live WAL files 3.

[26716] 01-07 05:37:35,181 WARN [RocksDB][db/db_impl.cc:491] ------- DUMPING STATS -------
[26716] 01-07 05:37:35,181 WARN [RocksDB][db/db_impl.cc:492] 
** DB Stats **
Uptime(secs): 59.8 total, 59.8 interval
Cumulative writes: 1254K writes, 8779K keys, 1253K commit groups, 1.0 writes per commit group, ingest: 0.97 GB, 16.53 MB/s
Cumulative WAL: 1254K writes, 0 syncs, 1254190.00 writes per sync, written: 0.97 GB, 16.53 MB/s
Cumulative stall: 00:00:0.000 H:M:S, 0.0 percent
Interval writes: 1254K writes, 8779K keys, 1253K commit groups, 1.0 writes per commit group, ingest: 988.76 MB, 16.53 MB/s
Interval WAL: 1254K writes, 0 syncs, 1254190.00 writes per sync, written: 0.97 MB, 16.53 MB/s
Interval stall: 00:00:0.000 H:M:S, 0.0 percent

** Compaction Stats [default] **
Level    Files   Size     Score Read(GB)  Rn(GB) Rnp1(GB) Write(GB) Wnew(GB) Moved(GB) W-Amp Rd(MB/s) Wr(MB/s) Comp(sec) Comp(cnt) Avg(sec) KeyIn KeyDrop
----------------------------------------------------------------------------------------------------------------------------------------------------------
 Sum      0/0    0.00 KB   0.0      0.0     0.0      0.0       0.0     
[26716] 01-07 05:37:35,181 INFO [RocksDB][db/compaction_job.cc:1531] [0] [JOB 4] Compacting 2@0 files to L1, score 1.31
[26716] 01-07 05:37:35,181 INFO [RocksDB][db/compaction_job.cc:1535] [0] Compaction start summary: Base version 4 Base level 0, inputs: [14(328MB) 11(341MB)]

[26716] 01-07 05:37:35,181 INFO [RocksDB]EVENT_LOG_v1 {"time_micros": 1578375455181956, "job": 4, "event": "compaction_started", "compaction_reason": "LevelL0FilesNum", "files_L0": [14, 11], "score": 1.30835, "input_data_size": 702417525}
[26716] 01-07 05:37:35,977 INFO [RocksDB][db/db_impl_write.cc:1373] [0] New memtable created with log file: #16. Immutable memtables: 0.

[26716] 01-07 05:37:36,666 INFO [RocksDB][db/compaction_job.cc:1211] [0] [JOB 4] Generated table #15: 1231798 keys, 69830949 bytes
[26716] 01-07 05:37:36,666 INFO [RocksDB]EVENT_LOG_v1 {"time_micros": 1578375456666193, "cf_name": "0", "job": 4, "event": "table_file_creation", "file_number": 15, "file_size": 69830949, "table_properties": {"data_size": 67109758, "index_size": 982969, "filter_size": 1737191, "raw_key_size": 58926485, "raw_average_key_size": 47, "raw_value_size": 26448540, "raw_average_value_size": 21, "num_data_blocks": 16592, "num_entries": 1231798, "filter_policy_name": "rocksdb.BuiltinBloomFilter", "kDeletedKeys": "0", "kMergeOperands": "0"}}
[26716] 01-07 05:37:37,967 INFO [RocksDB][db/compaction_job.cc:1211] [0] [JOB 4] Generated table #17: 597540 keys, 68987214 bytes
[26716] 01-07 05:37:37,967 INFO [RocksDB]EVENT_LOG_v1 {"time_micros": 1578375457967662, "cf_name": "0", "job": 4, "event": "table_file_creation", "file_number": 17, "file_size": 68987214, "table_properties": {"data_size": 67110053, "index_size": 888206, "filter_size": 987924, "raw_key_size": 24595554, "raw_average_key_size": 41, "raw_value_size": 56766282, "raw_average_value_size": 94, "num_data_blocks": 16740, "num_entries": 597540, "filter_policy_name": "rocksdb.BuiltinBloomFilter", "kDeletedKeys": "0", "kMergeOperands": "0"}}
[26716] 01-07 05:37:39,274 INFO [RocksDB][db/compaction_job.cc:1211] [0] [JOB 4] Generated table #18: 597583 keys, 68989114 bytes
[26716] 01-07 05:37:39,274 INFO [RocksDB]EVENT_LOG_v1 {"time_micros": 1578375459274710, "cf_name": "0", "job": 4, "event": "table_file_creation", "file_number": 18, "file_size": 68989114, "table_properties": {"data_size": 67112144, "index_size": 887969, "filter_size": 987970, "raw_key_size": 24597845, "raw_average_key_size": 41, "raw_value_size": 56770358, "raw_average_value_size": 94, "num_data_blocks": 16739, "num_entries": 597583, "filter_policy_name": "rocksdb.BuiltinBloomFilter", "kDeletedKeys": "0", "kMergeOperands": "0"}}
[26716] 01-07 05:37:40,578 INFO [RocksDB][db/compaction_job.cc:1211] [0] [JOB 4] Generated table #19: 597558 keys, 68989364 bytes
[26716] 01-07 05:37:40,578 INFO [RocksDB]EVENT_LOG_v1 {"time_micros": 1578375460578256, "cf_name": "0", "job": 4, "event": "table_file_creation", "file_number": 19, "file_size": 68989364, "table_properties": {"data_size": 67111973, "index_size": 888421, "filter_size": 987939, "raw_key_size": 24596731, "raw_average_key_size": 41, "raw_value_size": 56768055, "raw_average_value_size": 95, "num_data_blocks": 16739, "num_entries": 597558, "filter_policy_name": "rocksdb.BuiltinBloomFilter", "kDeletedKeys": "0", "kMergeOperands": "0"}}
[26716] 01-07 05:37:41,884 INFO [RocksDB][db/compaction_job.cc:1211] [0] [JOB 4] Generated table #20: 597567 keys, 68988582 bytes
[26716] 01-07 05:37:41,884 INFO [RocksDB]EVENT_LOG_v1 {"time_micros": 1578375461884718, "cf_name": "0", "job": 4, "event": "table_file_creation", "file_number": 20, "file_size": 68988582, "table_properties": {"data_size": 67111634, "index_size": 887958, "filter_size": 987959, "raw_key_size": 24596067, "raw_average_key_size": 41, "raw_value_size": 56768892, "raw_average_value_size": 95, "num_data_blocks": 16740, "num_entries": 597567, "filter_policy_name": "rocksdb.BuiltinBloomFilter", "kDeletedKeys": "0", "kMergeOperands": "0"}}
[26716] 01-07 05:37:43,266 INFO [RocksDB][db/compaction_job.cc:1211] [0] [JOB 4] Generated table #21: 597542 keys, 68989306 bytes
[26716] 01-07 05:37:43,266 INFO [RocksDB]EVENT_LOG_v1 {"time_micros": 1578375463266025, "cf_name": "0", "job": 4, "event": "table_file_creation", "file_number": 21, "file_size": 68989306, "table_properties": {"data_size": 67111749, "index_size": 888587, "filter_size": 987939, "raw_key_size": 24594945, "raw_average_key_size": 41, "raw_value_size": 56766490, "raw_average_value_size": 95, "num_data_blocks": 16741, "num_entries": 597542, "filter_policy_name": "rocksdb.BuiltinBloomFilter", "kDeletedKeys": "0", "kMergeOperands": "0"}}
[26716] 01-07 05:37:44,567 INFO [RocksDB][db/compaction_job.cc:1211] [0] [JOB 4] Generated table #22: 597528 keys, 68987268 bytes
[26716] 01-07 05:37:44,567 INFO [RocksDB]EVENT_LOG_v1 {"time_micros": 1578375464567325, "cf_name": "0", "job": 4, "event": "table_file_creation", "file_number": 22, "file_size": 68987268, "table_properties": {"data_size": 67109764, "index_size": 888563, "filter_size": 987910, "raw_key_size": 24595619, "raw_average_key_size": 41, "raw_value_size": 56765133, "raw_average_value_size": 94, "num_data_blocks": 16740, "num_entries": 597528, "filter_policy_name": "rocksdb.BuiltinBloomFilter", "kDeletedKeys": "0", "kMergeOperands": "0"}}
[26716] 01-07 05:37:45,642 INFO [RocksDB][db/db_impl_write.cc:1373] [0] New memtable created with log file: #24. Immutable memtables: 1.

[26716] 01-07 05:37:45,642 INFO [RocksDB][db/db_impl_compaction_flush.cc:80] [JOB 5] Syncing log #13
[26716] 01-07 05:37:46,277 INFO [RocksDB][db/db_impl_compaction_flush.cc:80] [JOB 5] Syncing log #16
[26716] 01-07 05:37:46,277 INFO [RocksDB][db/compaction_job.cc:1211] [0] [JOB 4] Generated table #23: 597563 keys, 68990364 bytes
[26716] 01-07 05:37:46,277 INFO [RocksDB]EVENT_LOG_v1 {"time_micros": 1578375466277534, "cf_name": "0", "job": 4, "event": "table_file_creation", "file_number": 23, "file_size": 68990364, "table_properties": {"data_size": 67112836, "index_size": 888542, "filter_size": 987955, "raw_key_size": 24597472, "raw_average_key_size": 41, "raw_value_size": 56768476, "raw_average_value_size": 94, "num_data_blocks": 16740, "num_entries": 597563, "filter_policy_name": "rocksdb.BuiltinBloomFilter", "kDeletedKeys": "0", "kMergeOperands": "0"}}
[26716] 01-07 05:37:48,915 INFO [RocksDB](Original Log Time 2020/01/07-05:37:45.642401) [db/db_impl_compaction_flush.cc:1424] Calling FlushMemTableToOutputFile with column family [0], flush slots available 4, compaction slots available 1, flush slots scheduled 1, compaction slots scheduled 1
[26716] 01-07 05:37:48,915 INFO [RocksDB][db/flush_job.cc:301] [0] [JOB 5] Flushing memtable with next log file: 16

[26716] 01-07 05:37:48,915 INFO [RocksDB][db/flush_job.cc:301] [0] [JOB 5] Flushing memtable with next log file: 24

[26716] 01-07 05:37:48,915 INFO [RocksDB]EVENT_LOG_v1 {"time_micros": 1578375468915965, "job": 5, "event": "flush_started", "num_memtables": 2, "num_entries": 3417454, "num_deletes": 0, "memory_usage": 520100536, "flush_reason": "Write Buffer Full"}
[26716] 01-07 05:37:48,915 INFO [RocksDB][db/flush_job.cc:331] [0] [JOB 5] Level-0 flush table #25: started
[26716] 01-07 05:37:48,916 INFO [RocksDB][db/compaction_job.cc:1211] [0] [JOB 4] Generated table #26: 597528 keys, 68987533 bytes
[26716] 01-07 05:37:48,916 INFO [RocksDB]EVENT_LOG_v1 {"time_micros": 1578375468916173, "cf_name": "0", "job": 4, "event": "table_file_creation", "file_number": 26, "file_size": 68987533, "table_properties": {"data_size": 67110022, "index_size": 888570, "filter_size": 987910, "raw_key_size": 24596026, "raw_average_key_size": 41, "raw_value_size": 56765133, "raw_average_value_size": 94, "num_data_blocks": 16740, "num_entries": 597528, "filter_policy_name": "rocksdb.BuiltinBloomFilter", "kDeletedKeys": "0", "kMergeOperands": "0"}}
[26716] 01-07 05:37:51,548 INFO [RocksDB][db/compaction_job.cc:1211] [0] [JOB 4] Generated table #27: 597538 keys, 68989349 bytes
[26716] 01-07 05:37:51,548 INFO [RocksDB]EVENT_LOG_v1 {"time_micros": 1578375471548532, "cf_name": "0", "job": 4, "event": "table_file_creation", "file_number": 27, "file_size": 68989349, "table_properties": {"data_size": 67111541, "index_size": 888862, "filter_size": 987915, "raw_key_size": 24596919, "raw_average_key_size": 41, "raw_value_size": 56766173, "raw_average_value_size": 95, "num_data_blocks": 16739, "num_entries": 597538, "filter_policy_name": "rocksdb.BuiltinBloomFilter", "kDeletedKeys": "0", "kMergeOperands": "0"}}
[26716] 01-07 05:37:52,105 INFO [RocksDB][db/compaction_job.cc:1211] [0] [JOB 4] Generated table #28: 99408 keys, 11471110 bytes
[26716] 01-07 05:37:52,105 INFO [RocksDB]EVENT_LOG_v1 {"time_micros": 1578375472105480, "cf_name": "0", "job": 4, "event": "table_file_creation", "file_number": 28, "file_size": 11471110, "table_properties": {"data_size": 11159840, "index_size": 145916, "filter_size": 164324, "raw_key_size": 4037709, "raw_average_key_size": 40, "raw_value_size": 9443769, "raw_average_value_size": 95, "num_data_blocks": 2783, "num_entries": 99408, "filter_policy_name": "rocksdb.BuiltinBloomFilter", "kDeletedKeys": "0", "kMergeOperands": "0"}}
[26716] 01-07 05:37:52,106 INFO [RocksDB][db/compaction_job.cc:1287] [0] [JOB 4] Compacted 2@0 files to L1 => 702200153 bytes
[26716] 01-07 05:37:52,108 INFO [RocksDB](Original Log Time 2020/01/07-05:37:52.108864) [db/compaction_job.cc:685] [0] compacted to: base level 1 max bytes base 536870912 files[0 11 0 0 0 0 0] max score 1.31, MB/sec: 41.5 rd, 41.5 wr, level 1, files in(2, 0) out(11) MB in(669.9, 0.0) out(669.7), read-write-amplify(2.0) write-amplify(1.0) OK, records in: 6709154, records dropped: 1 output_compression: NoCompression

[26716] 01-07 05:37:52,108 INFO [RocksDB](Original Log Time 2020/01/07-05:37:52.108884) EVENT_LOG_v1 {"time_micros": 1578375472108877, "job": 4, "event": "compaction_finished", "compaction_time_micros": 16924770, "output_level": 1, "num_output_files": 11, "total_output_size": 702200153, "num_input_records": 6709154, "num_output_records": 6709153, "num_subcompactions": 1, "output_compression": "NoCompression", "num_single_delete_mismatches": 0, "num_single_delete_fallthrough": 0, "lsm_state": [0, 11, 0, 0, 0, 0, 0]}
[26716] 01-07 05:37:52,110 INFO [RocksDB][db/compaction_job.cc:1531] [0] [JOB 6] Compacting 1@1 files to L2, score 1.31
[26716] 01-07 05:37:52,110 INFO [RocksDB][db/compaction_job.cc:1535] [0] Compaction start summary: Base version 5 Base level 1, inputs: [15(66MB)]

[26716] 01-07 05:37:52,110 INFO [RocksDB]EVENT_LOG_v1 {"time_micros": 1578375472110045, "job": 6, "event": "compaction_started", "compaction_reason": "LevelMaxLevelSize", "files_L1": [15], "score": 1.30795, "input_data_size": 69830949}
[26716] 01-07 05:37:55,972 INFO [RocksDB][db/compaction_job.cc:1211] [0] [JOB 6] Generated table #29: 1231798 keys, 53476290 bytes
[26716] 01-07 05:37:55,972 INFO [RocksDB]EVENT_LOG_v1 {"time_micros": 1578375475972579, "cf_name": "0", "job": 6, "event": "table_file_creation", "file_number": 29, "file_size": 53476290, "table_properties": {"data_size": 51234697, "index_size": 982664, "filter_size": 1706183, "raw_key_size": 58926485, "raw_average_key_size": 47, "raw_value_size": 26448540, "raw_average_value_size": 21, "num_data_blocks": 16592, "num_entries": 1231798, "filter_policy_name": "rocksdb.BuiltinBloomFilter", "kDeletedKeys": "0", "kMergeOperands": "0"}}
[26716] 01-07 05:37:55,973 INFO [RocksDB][db/compaction_job.cc:1287] [0] [JOB 6] Compacted 1@1 files to L2 => 53476290 bytes
[26716] 01-07 05:37:55,975 INFO [RocksDB](Original Log Time 2020/01/07-05:37:55.975878) [db/compaction_job.cc:685] [0] compacted to: base level 1 max bytes base 536870912 files[0 10 1 0 0 0 0] max score 1.18, MB/sec: 18.1 rd, 13.8 wr, level 2, files in(1, 0) out(1) MB in(66.6, 0.0) out(51.0), read-write-amplify(1.8) write-amplify(0.8) OK, records in: 1231798, records dropped: 0 output_compression: Snappy

[26716] 01-07 05:37:55,975 INFO [RocksDB](Original Log Time 2020/01/07-05:37:55.975891) EVENT_LOG_v1 {"time_micros": 1578375475975886, "job": 6, "event": "compaction_finished", "compaction_time_micros": 3863866, "output_level": 2, "num_output_files": 1, "total_output_size": 53476290, "num_input_records": 1231798, "num_output_records": 1231798, "num_subcompactions": 1, "output_compression": "Snappy", "num_single_delete_mismatches": 0, "num_single_delete_fallthrough": 0, "lsm_state": [0, 10, 1, 0, 0, 0, 0]}
[26716] 01-07 05:37:55,975 INFO [RocksDB][db/compaction_job.cc:1531] [0] [JOB 7] Compacting 1@1 files to L2, score 1.18
[26716] 01-07 05:37:55,975 INFO [RocksDB][db/compaction_job.cc:1535] [0] Compaction start summary: Base version 6 Base level 1, inputs: [23(65MB)]

[26716] 01-07 05:37:55,975 INFO [RocksDB]EVENT_LOG_v1 {"time_micros": 1578375475975954, "job": 7, "event": "compaction_started", "compaction_reason": "LevelMaxLevelSize", "files_L1": [23], "score": 1.17788, "input_data_size": 68990364}
[26716] 01-07 05:37:56,897 INFO [RocksDB][db/db_impl_write.cc:1373] [0] New memtable created with log file: #31. Immutable memtables: 2.

[26716] 01-07 05:37:58,865 INFO [RocksDB]EVENT_LOG_v1 {"time_micros": 1578375478865455, "cf_name": "0", "job": 5, "event": "table_file_creation", "file_number": 25, "file_size": 332326164, "table_properties": {"data_size": 322886878, "index_size": 4333005, "filter_size": 5105239, "raw_key_size": 134488612, "raw_average_key_size": 42, "raw_value_size": 258627419, "raw_average_value_size": 81, "num_data_blocks": 80449, "num_entries": 3173348, "filter_policy_name": "rocksdb.BuiltinBloomFilter", "kDeletedKeys": "0", "kMergeOperands": "0"}}
[26716] 01-07 05:37:58,865 INFO [RocksDB][db/flush_job.cc:371] [0] [JOB 5] Level-0 flush table #25: 332326164 bytes OK
[26716] 01-07 05:37:58,868 INFO [RocksDB](Original Log Time 2020/01/07-05:37:58.866954) [db/memtable_list.cc:377] [0] Level-0 commit table #25 started
[26716] 01-07 05:37:58,868 INFO [RocksDB](Original Log Time 2020/01/07-05:37:58.868803) [db/memtable_list.cc:409] [0] Level-0 commit table #25: memtable #1 done
[26716] 01-07 05:37:58,868 INFO [RocksDB](Original Log Time 2020/01/07-05:37:58.868804) [db/memtable_list.cc:409] [0] Level-0 commit table #25: memtable #2 done
[26716] 01-07 05:37:58,868 INFO [RocksDB](Original Log Time 2020/01/07-05:37:58.868813) EVENT_LOG_v1 {"time_micros": 1578375478868809, "job": 5, "event": "flush_finished", "output_compression": "NoCompression", "lsm_state": [1, 10, 1, 0, 0, 0, 0], "immutable_memtables": 1}
[26716] 01-07 05:37:58,868 INFO [RocksDB](Original Log Time 2020/01/07-05:37:58.868822) [db/db_impl_compaction_flush.cc:177] [0] Level summary: base level 1 max bytes base 536870912 files[1 10 1 0 0 0 0] max score 1.05

[26716] 01-07 05:37:58,868 INFO [RocksDB][db/db_impl_files.cc:342] [JOB 5] Try to delete WAL files size 403611893, prev total WAL file size 630720908, number of live WAL files 4.

[26716] 01-07 05:37:58,897 INFO [RocksDB]EVENT_LOG_v1 {"time_micros": 1578375478897347, "job": 5, "event": "table_file_deletion", "file_number": 15}
[26716] 01-07 05:37:58,927 INFO [RocksDB]EVENT_LOG_v1 {"time_micros": 1578375478927720, "job": 5, "event": "table_file_deletion", "file_number": 14}
[26716] 01-07 05:37:58,979 INFO [RocksDB]EVENT_LOG_v1 {"time_micros": 1578375478979889, "job": 5, "event": "table_file_deletion", "file_number": 11}
[26716] 01-07 05:37:59,090 INFO [RocksDB][db/compaction_job.cc:1211] [0] [JOB 7] Generated table #30: 597563 keys, 68588707 bytes
[26716] 01-07 05:37:59,090 INFO [RocksDB]EVENT_LOG_v1 {"time_micros": 1578375479090597, "cf_name": "0", "job": 7, "event": "table_file_creation", "file_number": 30, "file_size": 68588707, "table_properties": {"data_size": 67112836, "index_size": 888542, "filter_size": 987955, "raw_key_size": 24597472, "raw_average_key_size": 41, "raw_value_size": 56768476, "raw_average_value_size": 94, "num_data_blocks": 16740, "num_entries": 597563, "filter_policy_name": "rocksdb.BuiltinBloomFilter", "kDeletedKeys": "0", "kMergeOperands": "0"}}
[26716] 01-07 05:37:59,091 INFO [RocksDB][db/compaction_job.cc:1287] [0] [JOB 7] Compacted 1@1 files to L2 => 68588707 bytes
[26716] 01-07 05:37:59,093 INFO [RocksDB](Original Log Time 2020/01/07-05:37:59.093556) [db/compaction_job.cc:685] [0] compacted to: base level 1 max bytes base 536870912 files[1 9 2 0 0 0 0] max score 1.05, MB/sec: 22.1 rd, 22.0 wr, level 2, files in(1, 0) out(1) MB in(65.8, 0.0) out(65.4), read-write-amplify(2.0) write-amplify(1.0) OK, records in: 597563, records dropped: 0 output_compression: Snappy

[26716] 01-07 05:37:59,093 INFO [RocksDB](Original Log Time 2020/01/07-05:37:59.093581) EVENT_LOG_v1 {"time_micros": 1578375479093564, "job": 7, "event": "compaction_finished", "compaction_time_micros": 3115776, "output_level": 2, "num_output_files": 1, "total_output_size": 68588707, "num_input_records": 597563, "num_output_records": 597563, "num_subcompactions": 1, "output_compression": "Snappy", "num_single_delete_mismatches": 0, "num_single_delete_fallthrough": 0, "lsm_state": [1, 9, 2, 0, 0, 0, 0]}
[26716] 01-07 05:37:59,099 INFO [RocksDB]EVENT_LOG_v1 {"time_micros": 1578375479099653, "job": 7, "event": "table_file_deletion", "file_number": 23}
[26716] 01-07 05:37:59,099 INFO [RocksDB][db/compaction_job.cc:1531] [0] [JOB 8] Compacting 1@1 files to L2, score 1.05
[26716] 01-07 05:37:59,099 INFO [RocksDB][db/compaction_job.cc:1535] [0] Compaction start summary: Base version 8 Base level 1, inputs: [19(65MB)]

[26716] 01-07 05:37:59,099 INFO [RocksDB]EVENT_LOG_v1 {"time_micros": 1578375479099704, "job": 8, "event": "compaction_started", "compaction_reason": "LevelMaxLevelSize", "files_L1": [19], "score": 1.04937, "input_data_size": 68989364}
[26716] 01-07 05:38:00,396 INFO [RocksDB][db/compaction_job.cc:1211] [0] [JOB 8] Generated table #32: 597558 keys, 68587060 bytes
[26716] 01-07 05:38:00,396 INFO [RocksDB]EVENT_LOG_v1 {"time_micros": 1578375480396637, "cf_name": "0", "job": 8, "event": "table_file_creation", "file_number": 32, "file_size": 68587060, "table_properties": {"data_size": 67111973, "index_size": 888421, "filter_size": 987939, "raw_key_size": 24596731, "raw_average_key_size": 41, "raw_value_size": 56768055, "raw_average_value_size": 95, "num_data_blocks": 16739, "num_entries": 597558, "filter_policy_name": "rocksdb.BuiltinBloomFilter", "kDeletedKeys": "0", "kMergeOperands": "0"}}
[26716] 01-07 05:38:00,397 INFO [RocksDB][db/compaction_job.cc:1287] [0] [JOB 8] Compacted 1@1 files to L2 => 68587060 bytes
[26716] 01-07 05:38:00,399 INFO [RocksDB](Original Log Time 2020/01/07-05:38:00.399824) [db/compaction_job.cc:685] [0] compacted to: base level 1 max bytes base 536870912 files[1 8 3 0 0 0 0] max score 0.92, MB/sec: 53.1 rd, 52.8 wr, level 2, files in(1, 0) out(1) MB in(65.8, 0.0) out(65.4), read-write-amplify(2.0) write-amplify(1.0) OK, records in: 597558, records dropped: 0 output_compression: Snappy

[26716] 01-07 05:38:00,399 INFO [RocksDB](Original Log Time 2020/01/07-05:38:00.399849) EVENT_LOG_v1 {"time_micros": 1578375480399834, "job": 8, "event": "compaction_finished", "compaction_time_micros": 1298222, "output_level": 2, "num_output_files": 1, "total_output_size": 68587060, "num_input_records": 597558, "num_output_records": 597558, "num_subcompactions": 1, "output_compression": "Snappy", "num_single_delete_mismatches": 0, "num_single_delete_fallthrough": 0, "lsm_state": [1, 8, 3, 0, 0, 0, 0]}
[26716] 01-07 05:38:26,718 INFO [RocksDB][db/db_impl_write.cc:1373] [0] New memtable created with log file: #33. Immutable memtables: 1.

[26716] 01-07 05:38:26,718 INFO [RocksDB][db/db_impl_compaction_flush.cc:80] [JOB 9] Syncing log #24
[26716] 01-07 05:38:26,721 INFO [RocksDB][db/db_impl_compaction_flush.cc:80] [JOB 9] Syncing log #31
[26716] 01-07 05:38:27,510 INFO [RocksDB](Original Log Time 2020/01/07-05:38:26.718467) [db/db_impl_compaction_flush.cc:1424] Calling FlushMemTableToOutputFile with column family [0], flush slots available 4, compaction slots available 1, flush slots scheduled 1, compaction slots scheduled 0
[26716] 01-07 05:38:27,510 INFO [RocksDB][db/flush_job.cc:301] [0] [JOB 9] Flushing memtable with next log file: 31

[26716] 01-07 05:38:27,510 INFO [RocksDB][db/flush_job.cc:301] [0] [JOB 9] Flushing memtable with next log file: 33

[26716] 01-07 05:38:27,510 INFO [RocksDB]EVENT_LOG_v1 {"time_micros": 1578375507510115, "job": 9, "event": "flush_started", "num_memtables": 2, "num_entries": 3595323, "num_deletes": 0, "memory_usage": 520099288, "flush_reason": "Write Buffer Full"}
[26716] 01-07 05:38:27,510 INFO [RocksDB][db/flush_job.cc:331] [0] [JOB 9] Level-0 flush table #34: started
[26716] 01-07 05:38:34,267 INFO [RocksDB]EVENT_LOG_v1 {"time_micros": 1578375514267238, "cf_name": "0", "job": 9, "event": "table_file_creation", "file_number": 34, "file_size": 337724243, "table_properties": {"data_size": 327984069, "index_size": 4458795, "filter_size": 5280337, "raw_key_size": 136865819, "raw_average_key_size": 42, "raw_value_size": 261368891, "raw_average_value_size": 80, "num_data_blocks": 81802, "num_entries": 3241723, "filter_policy_name": "rocksdb.BuiltinBloomFilter", "kDeletedKeys": "0", "kMergeOperands": "0"}}
[26716] 01-07 05:38:34,267 INFO [RocksDB][db/flush_job.cc:371] [0] [JOB 9] Level-0 flush table #34: 337724243 bytes OK
[26716] 01-07 05:38:34,270 INFO [RocksDB](Original Log Time 2020/01/07-05:38:34.268516) [db/memtable_list.cc:377] [0] Level-0 commit table #34 started
[26716] 01-07 05:38:34,270 INFO [RocksDB](Original Log Time 2020/01/07-05:38:34.270335) [db/memtable_list.cc:409] [0] Level-0 commit table #34: memtable #1 done
[26716] 01-07 05:38:34,270 INFO [RocksDB](Original Log Time 2020/01/07-05:38:34.270337) [db/memtable_list.cc:409] [0] Level-0 commit table #34: memtable #2 done
[26716] 01-07 05:38:34,270 INFO [RocksDB](Original Log Time 2020/01/07-05:38:34.270368) EVENT_LOG_v1 {"time_micros": 1578375514270347, "job": 9, "event": "flush_finished", "output_compression": "NoCompression", "lsm_state": [2, 8, 3, 0, 0, 0, 0], "immutable_memtables": 0}
[26716] 01-07 05:38:34,270 INFO [RocksDB](Original Log Time 2020/01/07-05:38:34.270386) [db/db_impl_compaction_flush.cc:177] [0] Level summary: base level 1 max bytes base 536870912 files[2 8 3 0 0 0 0] max score 1.25

[26716] 01-07 05:38:34,270 INFO [RocksDB][db/db_impl_files.cc:342] [JOB 9] Try to delete WAL files size 418963691, prev total WAL file size 469460329, number of live WAL files 3.

[26716] 01-07 05:38:34,270 INFO [RocksDB][db/compaction_job.cc:1531] [0] [JOB 10] Compacting 2@0 + 8@1 files to L1, score 1.25
[26716] 01-07 05:38:34,270 INFO [RocksDB][db/compaction_job.cc:1535] [0] Compaction start summary: Base version 10 Base level 0, inputs: [34(322MB) 25(316MB)], [17(65MB) 18(65MB) 20(65MB) 21(65MB) 22(65MB) 26(65MB) 27(65MB) 28(10MB)]

[26716] 01-07 05:38:34,270 INFO [RocksDB]EVENT_LOG_v1 {"time_micros": 1578375514270572, "job": 10, "event": "compaction_started", "compaction_reason": "LevelL0FilesNum", "files_L0": [34, 25], "files_L1": [17, 18, 20, 21, 22, 26, 27, 28], "score": 1.24807, "input_data_size": 1164439883}
[26716] 01-07 05:38:34,277 INFO [RocksDB]EVENT_LOG_v1 {"time_micros": 1578375514277310, "job": 9, "event": "table_file_deletion", "file_number": 19}
[26716] 01-07 05:38:35,768 INFO [RocksDB][db/compaction_job.cc:1211] [0] [JOB 10] Generated table #35: 1192433 keys, 69784866 bytes
[26716] 01-07 05:38:35,768 INFO [RocksDB]EVENT_LOG_v1 {"time_micros": 1578375515768926, "cf_name": "0", "job": 10, "event": "table_file_creation", "file_number": 35, "file_size": 69784866, "table_properties": {"data_size": 67110564, "index_size": 980840, "filter_size": 1692431, "raw_key_size": 56784783, "raw_average_key_size": 47, "raw_value_size": 28243796, "raw_average_value_size": 23, "num_data_blocks": 16606, "num_entries": 1192433, "filter_policy_name": "rocksdb.BuiltinBloomFilter", "kDeletedKeys": "0", "kMergeOperands": "0"}}
[26716] 01-07 05:38:37,070 INFO [RocksDB][db/compaction_job.cc:1211] [0] [JOB 10] Generated table #36: 597633 keys, 68991058 bytes
[26716] 01-07 05:38:37,070 INFO [RocksDB]EVENT_LOG_v1 {"time_micros": 1578375517070058, "cf_name": "0", "job": 10, "event": "table_file_creation", "file_number": 36, "file_size": 68991058, "table_properties": {"data_size": 67112950, "index_size": 889013, "filter_size": 988064, "raw_key_size": 24601211, "raw_average_key_size": 41, "raw_value_size": 56775162, "raw_average_value_size": 95, "num_data_blocks": 16743, "num_entries": 597633, "filter_policy_name": "rocksdb.BuiltinBloomFilter", "kDeletedKeys": "0", "kMergeOperands": "0"}}
[26716] 01-07 05:38:38,380 INFO [RocksDB][db/compaction_job.cc:1211] [0] [JOB 10] Generated table #37: 597610 keys, 68988755 bytes
[26716] 01-07 05:38:38,380 INFO [RocksDB]EVENT_LOG_v1 {"time_micros": 1578375518380126, "cf_name": "0", "job": 10, "event": "table_file_creation", "file_number": 37, "file_size": 68988755, "table_properties": {"data_size": 67110748, "index_size": 888934, "filter_size": 988042, "raw_key_size": 24598347, "raw_average_key_size": 41, "raw_value_size": 56772968, "raw_average_value_size": 95, "num_data_blocks": 16744, "num_entries": 597610, "filter_policy_name": "rocksdb.BuiltinBloomFilter", "kDeletedKeys": "0", "kMergeOperands": "0"}}
[26716] 01-07 05:38:39,689 INFO [RocksDB][db/compaction_job.cc:1211] [0] [JOB 10] Generated table #38: 597584 keys, 68988507 bytes
[26716] 01-07 05:38:39,690 INFO [RocksDB]EVENT_LOG_v1 {"time_micros": 1578375519690009, "cf_name": "0", "job": 10, "event": "table_file_creation", "file_number": 38, "file_size": 68988507, "table_properties": {"data_size": 67110341, "index_size": 889123, "filter_size": 988012, "raw_key_size": 24596721, "raw_average_key_size": 41, "raw_value_size": 56770462, "raw_average_value_size": 94, "num_data_blocks": 16744, "num_entries": 597584, "filter_policy_name": "rocksdb.BuiltinBloomFilter", "kDeletedKeys": "0", "kMergeOperands": "0"}}
[26716] 01-07 05:38:41,068 INFO [RocksDB][db/compaction_job.cc:1211] [0] [JOB 10] Generated table #39: 597899 keys, 68992987 bytes
[26716] 01-07 05:38:41,068 INFO [RocksDB]EVENT_LOG_v1 {"time_micros": 1578375521068203, "cf_name": "0", "job": 10, "event": "table_file_creation", "file_number": 39, "file_size": 68992987, "table_properties": {"data_size": 67111666, "index_size": 890864, "filter_size": 989426, "raw_key_size": 24606638, "raw_average_key_size": 41, "raw_value_size": 56741743, "raw_average_value_size": 94, "num_data_blocks": 16746, "num_entries": 597899, "filter_policy_name": "rocksdb.BuiltinBloomFilter", "kDeletedKeys": "0", "kMergeOperands": "0"}}
[26716] 01-07 05:38:42,370 INFO [RocksDB][db/compaction_job.cc:1211] [0] [JOB 10] Generated table #40: 598802 keys, 69003807 bytes
[26716] 01-07 05:38:42,370 INFO [RocksDB]EVENT_LOG_v1 {"time_micros": 1578375522370862, "cf_name": "0", "job": 10, "event": "table_file_creation", "file_number": 40, "file_size": 69003807, "table_properties": {"data_size": 67110856, "index_size": 897837, "filter_size": 994083, "raw_key_size": 24625281, "raw_average_key_size": 41, "raw_value_size": 56628052, "raw_average_value_size": 94, "num_data_blocks": 16755, "num_entries": 598802, "filter_policy_name": "rocksdb.BuiltinBloomFilter", "kDeletedKeys": "0", "kMergeOperands": "0"}}
[26716] 01-07 05:38:43,671 INFO [RocksDB][db/compaction_job.cc:1211] [0] [JOB 10] Generated table #41: 597618 keys, 68988151 bytes
[26716] 01-07 05:38:43,671 INFO [RocksDB]EVENT_LOG_v1 {"time_micros": 1578375523671802, "cf_name": "0", "job": 10, "event": "table_file_creation", "file_number": 41, "file_size": 68988151, "table_properties": {"data_size": 67110480, "index_size": 888606, "filter_size": 988034, "raw_key_size": 24597157, "raw_average_key_size": 41, "raw_value_size": 56773701, "raw_average_value_size": 94, "num_data_blocks": 16742, "num_entries": 597618, "filter_policy_name": "rocksdb.BuiltinBloomFilter", "kDeletedKeys": "0", "kMergeOperands": "0"}}
[26716] 01-07 05:38:44,974 INFO [RocksDB][db/compaction_job.cc:1211] [0] [JOB 10] Generated table #42: 597597 keys, 68988503 bytes
[26716] 01-07 05:38:44,974 INFO [RocksDB]EVENT_LOG_v1 {"time_micros": 1578375524974795, "cf_name": "0", "job": 10, "event": "table_file_creation", "file_number": 42, "file_size": 68988503, "table_properties": {"data_size": 67110466, "index_size": 888988, "filter_size": 988018, "raw_key_size": 24597787, "raw_average_key_size": 41, "raw_value_size": 56771715, "raw_average_value_size": 95, "num_data_blocks": 16743, "num_entries": 597597, "filter_policy_name": "rocksdb.BuiltinBloomFilter", "kDeletedKeys": "0", "kMergeOperands": "0"}}
[26716] 01-07 05:38:46,284 INFO [RocksDB][db/compaction_job.cc:1211] [0] [JOB 10] Generated table #43: 597629 keys, 68990731 bytes
[26716] 01-07 05:38:46,284 INFO [RocksDB]EVENT_LOG_v1 {"time_micros": 1578375526284784, "cf_name": "0", "job": 10, "event": "table_file_creation", "file_number": 43, "file_size": 68990731, "table_properties": {"data_size": 67112862, "index_size": 888778, "filter_size": 988060, "raw_key_size": 24599437, "raw_average_key_size": 41, "raw_value_size": 56774746, "raw_average_value_size": 94, "num_data_blocks": 16743, "num_entries": 597629, "filter_policy_name": "rocksdb.BuiltinBloomFilter", "kDeletedKeys": "0", "kMergeOperands": "0"}}
[26716] 01-07 05:38:47,594 INFO [RocksDB][db/compaction_job.cc:1211] [0] [JOB 10] Generated table #44: 597586 keys, 68987434 bytes
[26716] 01-07 05:38:47,594 INFO [RocksDB]EVENT_LOG_v1 {"time_micros": 1578375527594777, "cf_name": "0", "job": 10, "event": "table_file_creation", "file_number": 44, "file_size": 68987434, "table_properties": {"data_size": 67109498, "index_size": 888900, "filter_size": 988005, "raw_key_size": 24596420, "raw_average_key_size": 41, "raw_value_size": 56770670, "raw_average_value_size": 95, "num_data_blocks": 16743, "num_entries": 597586, "filter_policy_name": "rocksdb.BuiltinBloomFilter", "kDeletedKeys": "0", "kMergeOperands": "0"}}
[26716] 01-07 05:38:48,895 INFO [RocksDB][db/compaction_job.cc:1211] [0] [JOB 10] Generated table #45: 597597 keys, 68987293 bytes
[26716] 01-07 05:38:48,895 INFO [RocksDB]EVENT_LOG_v1 {"time_micros": 1578375528895729, "cf_name": "0", "job": 10, "event": "table_file_creation", "file_number": 45, "file_size": 68987293, "table_properties": {"data_size": 67109334, "index_size": 888910, "filter_size": 988018, "raw_key_size": 24598810, "raw_average_key_size": 41, "raw_value_size": 56771715, "raw_average_value_size": 95, "num_data_blocks": 16743, "num_entries": 597597, "filter_policy_name": "rocksdb.BuiltinBloomFilter", "kDeletedKeys": "0", "kMergeOperands": "0"}}
