[25370] 01-07 05:31:13,762 INFO [RocksDB]RocksDB version: 5.14.2

[25370] 01-07 05:31:13,768 INFO [RocksDB]Git sha rocksdb_build_git_sha:fc00d54a097e35332052f4c39c3229d413a023b6
[25370] 01-07 05:31:13,768 INFO [RocksDB]Compile date Jan  7 2020
[25370] 01-07 05:31:13,768 INFO [RocksDB]DB SUMMARY

[25370] 01-07 05:31:13,768 INFO [RocksDB]SST files in /home/ubuntu/ardb/data/rocksdb dir, Total Num: 0, files: 

[25370] 01-07 05:31:13,768 INFO [RocksDB]Write Ahead Log file in /home/ubuntu/ardb/data/rocksdb: 

[25370] 01-07 05:31:13,768 INFO [RocksDB]                        Options.error_if_exists: 0
[25370] 01-07 05:31:13,768 INFO [RocksDB]                      Options.create_if_missing: 1
[25370] 01-07 05:31:13,768 INFO [RocksDB]                        Options.paranoid_checks: 1
[25370] 01-07 05:31:13,768 INFO [RocksDB]                                    Options.env: 0xbf86c0
[25370] 01-07 05:31:13,768 INFO [RocksDB]                               Options.info_log: 0x7f01eae3f8a0
[25370] 01-07 05:31:13,768 INFO [RocksDB]               Options.max_file_opening_threads: 16
[25370] 01-07 05:31:13,768 INFO [RocksDB]                             Options.statistics: (nil)
[25370] 01-07 05:31:13,768 INFO [RocksDB]                              Options.use_fsync: 0
[25370] 01-07 05:31:13,768 INFO [RocksDB]                      Options.max_log_file_size: 0
[25370] 01-07 05:31:13,768 INFO [RocksDB]                 Options.max_manifest_file_size: 18446744073709551615
[25370] 01-07 05:31:13,768 INFO [RocksDB]                  Options.log_file_time_to_roll: 0
[25370] 01-07 05:31:13,768 INFO [RocksDB]                      Options.keep_log_file_num: 1000
[25370] 01-07 05:31:13,768 INFO [RocksDB]                   Options.recycle_log_file_num: 0
[25370] 01-07 05:31:13,768 INFO [RocksDB]                        Options.allow_fallocate: 1
[25370] 01-07 05:31:13,768 INFO [RocksDB]                       Options.allow_mmap_reads: 0
[25370] 01-07 05:31:13,768 INFO [RocksDB]                      Options.allow_mmap_writes: 0
[25370] 01-07 05:31:13,768 INFO [RocksDB]                       Options.use_direct_reads: 0
[25370] 01-07 05:31:13,768 INFO [RocksDB]                       Options.use_direct_io_for_flush_and_compaction: 0
[25370] 01-07 05:31:13,768 INFO [RocksDB]         Options.create_missing_column_families: 0
[25370] 01-07 05:31:13,768 INFO [RocksDB]                             Options.db_log_dir: 
[25370] 01-07 05:31:13,768 INFO [RocksDB]                                Options.wal_dir: /home/ubuntu/ardb/data/rocksdb
[25370] 01-07 05:31:13,768 INFO [RocksDB]               Options.table_cache_numshardbits: 6
[25370] 01-07 05:31:13,768 INFO [RocksDB]                     Options.max_subcompactions: 1
[25370] 01-07 05:31:13,768 INFO [RocksDB]                 Options.max_background_flushes: -1
[25370] 01-07 05:31:13,768 INFO [RocksDB]                        Options.WAL_ttl_seconds: 0
[25370] 01-07 05:31:13,768 INFO [RocksDB]                      Options.WAL_size_limit_MB: 0
[25370] 01-07 05:31:13,768 INFO [RocksDB]            Options.manifest_preallocation_size: 4194304
[25370] 01-07 05:31:13,768 INFO [RocksDB]                    Options.is_fd_close_on_exec: 1
[25370] 01-07 05:31:13,768 INFO [RocksDB]                  Options.advise_random_on_open: 1
[25370] 01-07 05:31:13,768 INFO [RocksDB]                   Options.db_write_buffer_size: 0
[25370] 01-07 05:31:13,768 INFO [RocksDB]                   Options.write_buffer_manager: 0x7f01eb5fa7d0
[25370] 01-07 05:31:13,768 INFO [RocksDB]        Options.access_hint_on_compaction_start: 1
[25370] 01-07 05:31:13,768 INFO [RocksDB] Options.new_table_reader_for_compaction_inputs: 0
[25370] 01-07 05:31:13,768 INFO [RocksDB]          Options.random_access_max_buffer_size: 1048576
[25370] 01-07 05:31:13,768 INFO [RocksDB]                     Options.use_adaptive_mutex: 1
[25370] 01-07 05:31:13,768 INFO [RocksDB]                           Options.rate_limiter: 0x7f01eae38540
[25370] 01-07 05:31:13,768 INFO [RocksDB]    Options.sst_file_manager.rate_bytes_per_sec: 0
[25370] 01-07 05:31:13,768 INFO [RocksDB]                      Options.wal_recovery_mode: 2
[25370] 01-07 05:31:13,768 INFO [RocksDB]                 Options.enable_thread_tracking: 0
[25370] 01-07 05:31:13,768 INFO [RocksDB]                 Options.enable_pipelined_write: 1
[25370] 01-07 05:31:13,768 INFO [RocksDB]        Options.allow_concurrent_memtable_write: 1
[25370] 01-07 05:31:13,768 INFO [RocksDB]     Options.enable_write_thread_adaptive_yield: 1
[25370] 01-07 05:31:13,768 INFO [RocksDB]            Options.write_thread_max_yield_usec: 100
[25370] 01-07 05:31:13,768 INFO [RocksDB]           Options.write_thread_slow_yield_usec: 3
[25370] 01-07 05:31:13,768 INFO [RocksDB]                              Options.row_cache: None
[25370] 01-07 05:31:13,768 INFO [RocksDB]                             Options.wal_filter: None
[25370] 01-07 05:31:13,768 INFO [RocksDB]            Options.avoid_flush_during_recovery: 0
[25370] 01-07 05:31:13,768 INFO [RocksDB]            Options.allow_ingest_behind: 0
[25370] 01-07 05:31:13,768 INFO [RocksDB]            Options.preserve_deletes: 0
[25370] 01-07 05:31:13,768 INFO [RocksDB]            Options.two_write_queues: 0
[25370] 01-07 05:31:13,768 INFO [RocksDB]            Options.manual_wal_flush: 0
[25370] 01-07 05:31:13,768 INFO [RocksDB]            Options.max_background_jobs: 16
[25370] 01-07 05:31:13,768 INFO [RocksDB]            Options.max_background_compactions: -1
[25370] 01-07 05:31:13,768 INFO [RocksDB]            Options.avoid_flush_during_shutdown: 0
[25370] 01-07 05:31:13,768 INFO [RocksDB]          Options.writable_file_max_buffer_size: 1048576
[25370] 01-07 05:31:13,768 INFO [RocksDB]            Options.delayed_write_rate : 52428800
[25370] 01-07 05:31:13,768 INFO [RocksDB]            Options.max_total_wal_size: 0
[25370] 01-07 05:31:13,768 INFO [RocksDB]            Options.delete_obsolete_files_period_micros: 21600000000
[25370] 01-07 05:31:13,768 INFO [RocksDB]                  Options.stats_dump_period_sec: 100000
[25370] 01-07 05:31:13,768 INFO [RocksDB]                         Options.max_open_files: 1024
[25370] 01-07 05:31:13,768 INFO [RocksDB]                         Options.bytes_per_sync: 1048576
[25370] 01-07 05:31:13,768 INFO [RocksDB]                     Options.wal_bytes_per_sync: 0
[25370] 01-07 05:31:13,768 INFO [RocksDB]      Options.compaction_readahead_size: 0
[25370] 01-07 05:31:13,768 INFO [RocksDB]Compression algorithms supported:
[25370] 01-07 05:31:13,768 INFO [RocksDB]	kZSTDNotFinalCompression supported: 0
[25370] 01-07 05:31:13,768 INFO [RocksDB]	kZSTD supported: 0
[25370] 01-07 05:31:13,768 INFO [RocksDB]	kXpressCompression supported: 0
[25370] 01-07 05:31:13,768 INFO [RocksDB]	kLZ4HCCompression supported: 0
[25370] 01-07 05:31:13,768 INFO [RocksDB]	kLZ4Compression supported: 0
[25370] 01-07 05:31:13,768 INFO [RocksDB]	kBZip2Compression supported: 0
[25370] 01-07 05:31:13,768 INFO [RocksDB]	kZlibCompression supported: 1
[25370] 01-07 05:31:13,768 INFO [RocksDB]	kSnappyCompression supported: 1
[25370] 01-07 05:31:13,768 INFO [RocksDB]Fast CRC32 supported: Supported on x86
[25370] 01-07 05:31:13,768 INFO [RocksDB][db/db_impl_open.cc:222] Creating manifest 1 

[25370] 01-07 05:31:13,776 INFO [RocksDB][db/version_set.cc:3085] Recovering from manifest file: MANIFEST-000001

[25370] 01-07 05:31:13,776 INFO [RocksDB][db/column_family.cc:475] --------------- Options for column family [default]:

[25370] 01-07 05:31:13,776 INFO [RocksDB]              Options.comparator: ardb.comparator
[25370] 01-07 05:31:13,776 INFO [RocksDB]          Options.merge_operator: ardb.merger
[25370] 01-07 05:31:13,776 INFO [RocksDB]       Options.compaction_filter: None
[25370] 01-07 05:31:13,776 INFO [RocksDB]       Options.compaction_filter_factory: ardb.compact_filter_factory
[25370] 01-07 05:31:13,776 INFO [RocksDB]        Options.memtable_factory: SkipListFactory
[25370] 01-07 05:31:13,776 INFO [RocksDB]           Options.table_factory: BlockBasedTable
[25370] 01-07 05:31:13,776 INFO [RocksDB]           table_factory options:   flush_block_policy_factory: FlushBlockBySizePolicyFactory (0x7f01eb408018)
  cache_index_and_filter_blocks: 0
  cache_index_and_filter_blocks_with_high_priority: 0
  pin_l0_filter_and_index_blocks_in_cache: 0
  index_type: 0
  hash_index_allow_collision: 1
  checksum: 1
  no_block_cache: 0
  block_cache: 0x7f01eb481cf0
  block_cache_name: LRUCache
  block_cache_options:
    capacity : 536870912
    num_shard_bits : 6
    strict_capacity_limit : 0
    high_pri_pool_ratio: 0.000
  block_cache_compressed: (nil)
  persistent_cache: (nil)
  block_size: 4096
  block_size_deviation: 10
  block_restart_interval: 16
  index_block_restart_interval: 1
  metadata_block_size: 4096
  partition_filters: 0
  use_delta_encoding: 1
  filter_policy: rocksdb.BuiltinBloomFilter
  whole_key_filtering: 1
  verify_compression: 0
  read_amp_bytes_per_bit: 0
  format_version: 2
  enable_index_compression: 1
  block_align: 0

[25370] 01-07 05:31:13,776 INFO [RocksDB]       Options.write_buffer_size: 268435456
[25370] 01-07 05:31:13,776 INFO [RocksDB] Options.max_write_buffer_number: 6
[25370] 01-07 05:31:13,776 INFO [RocksDB]       Options.compression[0]: NoCompression
[25370] 01-07 05:31:13,776 INFO [RocksDB]       Options.compression[1]: NoCompression
[25370] 01-07 05:31:13,776 INFO [RocksDB]       Options.compression[2]: Snappy
[25370] 01-07 05:31:13,776 INFO [RocksDB]       Options.compression[3]: Snappy
[25370] 01-07 05:31:13,776 INFO [RocksDB]       Options.compression[4]: Snappy
[25370] 01-07 05:31:13,776 INFO [RocksDB]       Options.compression[5]: Snappy
[25370] 01-07 05:31:13,776 INFO [RocksDB]       Options.compression[6]: Snappy
[25370] 01-07 05:31:13,776 INFO [RocksDB]                 Options.bottommost_compression: Disabled
[25370] 01-07 05:31:13,776 INFO [RocksDB]      Options.prefix_extractor: ardb.prefix_extractor
[25370] 01-07 05:31:13,776 INFO [RocksDB]  Options.memtable_insert_with_hint_prefix_extractor: nullptr
[25370] 01-07 05:31:13,776 INFO [RocksDB]            Options.num_levels: 7
[25370] 01-07 05:31:13,776 INFO [RocksDB]       Options.min_write_buffer_number_to_merge: 2
[25370] 01-07 05:31:13,776 INFO [RocksDB]    Options.max_write_buffer_number_to_maintain: 0
[25370] 01-07 05:31:13,776 INFO [RocksDB]           Options.compression_opts.window_bits: -14
[25370] 01-07 05:31:13,776 INFO [RocksDB]                 Options.compression_opts.level: -1
[25370] 01-07 05:31:13,776 INFO [RocksDB]              Options.compression_opts.strategy: 0
[25370] 01-07 05:31:13,776 INFO [RocksDB]        Options.compression_opts.max_dict_bytes: 0
[25370] 01-07 05:31:13,776 INFO [RocksDB]        Options.compression_opts.zstd_max_train_bytes: 0
[25370] 01-07 05:31:13,776 INFO [RocksDB]     Options.level0_file_num_compaction_trigger: 2
[25370] 01-07 05:31:13,776 INFO [RocksDB]         Options.level0_slowdown_writes_trigger: 20
[25370] 01-07 05:31:13,776 INFO [RocksDB]             Options.level0_stop_writes_trigger: 36
[25370] 01-07 05:31:13,776 INFO [RocksDB]                  Options.target_file_size_base: 67108864
[25370] 01-07 05:31:13,776 INFO [RocksDB]            Options.target_file_size_multiplier: 1
[25370] 01-07 05:31:13,776 INFO [RocksDB]               Options.max_bytes_for_level_base: 536870912
[25370] 01-07 05:31:13,776 INFO [RocksDB]Options.level_compaction_dynamic_level_bytes: 0
[25370] 01-07 05:31:13,776 INFO [RocksDB]         Options.max_bytes_for_level_multiplier: 10.000000
[25370] 01-07 05:31:13,776 INFO [RocksDB]Options.max_bytes_for_level_multiplier_addtl[0]: 1
[25370] 01-07 05:31:13,776 INFO [RocksDB]Options.max_bytes_for_level_multiplier_addtl[1]: 1
[25370] 01-07 05:31:13,776 INFO [RocksDB]Options.max_bytes_for_level_multiplier_addtl[2]: 1
[25370] 01-07 05:31:13,776 INFO [RocksDB]Options.max_bytes_for_level_multiplier_addtl[3]: 1
[25370] 01-07 05:31:13,776 INFO [RocksDB]Options.max_bytes_for_level_multiplier_addtl[4]: 1
[25370] 01-07 05:31:13,776 INFO [RocksDB]Options.max_bytes_for_level_multiplier_addtl[5]: 1
[25370] 01-07 05:31:13,776 INFO [RocksDB]Options.max_bytes_for_level_multiplier_addtl[6]: 1
[25370] 01-07 05:31:13,776 INFO [RocksDB]      Options.max_sequential_skip_in_iterations: 8
[25370] 01-07 05:31:13,776 INFO [RocksDB]                   Options.max_compaction_bytes: 1677721600
[25370] 01-07 05:31:13,776 INFO [RocksDB]                       Options.arena_block_size: 33554432
[25370] 01-07 05:31:13,776 INFO [RocksDB]  Options.soft_pending_compaction_bytes_limit: 68719476736
[25370] 01-07 05:31:13,776 INFO [RocksDB]  Options.hard_pending_compaction_bytes_limit: 274877906944
[25370] 01-07 05:31:13,776 INFO [RocksDB]      Options.rate_limit_delay_max_milliseconds: 100
[25370] 01-07 05:31:13,776 INFO [RocksDB]               Options.disable_auto_compactions: 0
[25370] 01-07 05:31:13,776 INFO [RocksDB]                       Options.compaction_style: kCompactionStyleLevel
[25370] 01-07 05:31:13,776 INFO [RocksDB]                         Options.compaction_pri: kByCompensatedSize
[25370] 01-07 05:31:13,776 INFO [RocksDB]Options.compaction_options_universal.size_ratio: 1
[25370] 01-07 05:31:13,776 INFO [RocksDB]Options.compaction_options_universal.min_merge_width: 2
[25370] 01-07 05:31:13,776 INFO [RocksDB]Options.compaction_options_universal.max_merge_width: 4294967295
[25370] 01-07 05:31:13,776 INFO [RocksDB]Options.compaction_options_universal.max_size_amplification_percent: 200
[25370] 01-07 05:31:13,776 INFO [RocksDB]Options.compaction_options_universal.compression_size_percent: -1
[25370] 01-07 05:31:13,776 INFO [RocksDB]Options.compaction_options_universal.stop_style: kCompactionStopStyleTotalSize
[25370] 01-07 05:31:13,776 INFO [RocksDB]Options.compaction_options_fifo.max_table_files_size: 1073741824
[25370] 01-07 05:31:13,776 INFO [RocksDB]Options.compaction_options_fifo.allow_compaction: 0
[25370] 01-07 05:31:13,776 INFO [RocksDB]Options.compaction_options_fifo.ttl: 0
[25370] 01-07 05:31:13,776 INFO [RocksDB]                  Options.table_properties_collectors: 
[25370] 01-07 05:31:13,776 INFO [RocksDB]                  Options.inplace_update_support: 0
[25370] 01-07 05:31:13,776 INFO [RocksDB]                Options.inplace_update_num_locks: 10000
[25370] 01-07 05:31:13,776 INFO [RocksDB]              Options.memtable_prefix_bloom_size_ratio: 0.000000
[25370] 01-07 05:31:13,776 INFO [RocksDB]  Options.memtable_huge_page_size: 0
[25370] 01-07 05:31:13,776 INFO [RocksDB]                          Options.bloom_locality: 0
[25370] 01-07 05:31:13,776 INFO [RocksDB]                   Options.max_successive_merges: 0
[25370] 01-07 05:31:13,776 INFO [RocksDB]               Options.optimize_filters_for_hits: 0
[25370] 01-07 05:31:13,776 INFO [RocksDB]               Options.paranoid_file_checks: 0
[25370] 01-07 05:31:13,776 INFO [RocksDB]               Options.force_consistency_checks: 0
[25370] 01-07 05:31:13,776 INFO [RocksDB]               Options.report_bg_io_stats: 0
[25370] 01-07 05:31:13,776 INFO [RocksDB]                              Options.ttl: 0
[25370] 01-07 05:31:13,776 INFO [RocksDB][db/version_set.cc:3361] Recovered from manifest file:/home/ubuntu/ardb/data/rocksdb/MANIFEST-000001 succeeded,manifest_file_number is 1, next_file_number is 3, last_sequence is 0, log_number is 0,prev_log_number is 0,max_column_family is 0,min_log_number_to_keep is 0

[25370] 01-07 05:31:13,776 INFO [RocksDB][db/version_set.cc:3369] Column family [default] (ID 0), log number is 0

[25370] 01-07 05:31:13,780 INFO [RocksDB][db/db_impl_open.cc:1219] DB pointer 0x7f01eadbe000
[25370] 01-07 05:31:13,780 INFO Ardb init engine:rocksdb success.
[25370] 01-07 05:31:13,783 INFO Ardb will accept connections on 0.0.0.0:16379
[25370] 01-07 05:31:13,784 INFO Ardb started with version 0.10.0
[25370] 01-07 05:31:14,784 INFO ========================Period Statistics Dump Begin===========================
[25370] 01-07 05:31:14,784 INFO slave_sync_total_commands_processed:0
[25370] 01-07 05:31:14,784 INFO slave_sync_instantaneous_ops_per_sec:0
[25370] 01-07 05:31:14,784 INFO total_commands_processed:0
[25370] 01-07 05:31:14,784 INFO instantaneous_ops_per_sec:0
[25370] 01-07 05:31:14,784 INFO total_connections_received:0
[25370] 01-07 05:31:14,784 INFO rejected_connections:0
[25370] 01-07 05:31:14,784 INFO ========================Period Statistics Dump End===========================
[25370] 01-07 05:31:26,374 INFO [RocksDB][db/version_set.cc:2847] Creating manifest 6

[25370] 01-07 05:31:26,380 INFO [RocksDB][db/column_family.cc:475] --------------- Options for column family [0]:

[25370] 01-07 05:31:26,380 INFO [RocksDB]              Options.comparator: ardb.comparator
[25370] 01-07 05:31:26,380 INFO [RocksDB]          Options.merge_operator: ardb.merger
[25370] 01-07 05:31:26,380 INFO [RocksDB]       Options.compaction_filter: None
[25370] 01-07 05:31:26,380 INFO [RocksDB]       Options.compaction_filter_factory: ardb.compact_filter_factory
[25370] 01-07 05:31:26,380 INFO [RocksDB]        Options.memtable_factory: SkipListFactory
[25370] 01-07 05:31:26,380 INFO [RocksDB]           Options.table_factory: BlockBasedTable
[25370] 01-07 05:31:26,380 INFO [RocksDB]           table_factory options:   flush_block_policy_factory: FlushBlockBySizePolicyFactory (0x7f01eb408018)
  cache_index_and_filter_blocks: 0
  cache_index_and_filter_blocks_with_high_priority: 0
  pin_l0_filter_and_index_blocks_in_cache: 0
  index_type: 0
  hash_index_allow_collision: 1
  checksum: 1
  no_block_cache: 0
  block_cache: 0x7f01eb481cf0
  block_cache_name: LRUCache
  block_cache_options:
    capacity : 536870912
    num_shard_bits : 6
    strict_capacity_limit : 0
    high_pri_pool_ratio: 0.000
  block_cache_compressed: (nil)
  persistent_cache: (nil)
  block_size: 4096
  block_size_deviation: 10
  block_restart_interval: 16
  index_block_restart_interval: 1
  metadata_block_size: 4096
  partition_filters: 0
  use_delta_encoding: 1
  filter_policy: rocksdb.BuiltinBloomFilter
  whole_key_filtering: 1
  verify_compression: 0
  read_amp_bytes_per_bit: 0
  format_version: 2
  enable_index_compression: 1
  block_align: 0

[25370] 01-07 05:31:26,380 INFO [RocksDB]       Options.write_buffer_size: 268435456
[25370] 01-07 05:31:26,380 INFO [RocksDB] Options.max_write_buffer_number: 6
[25370] 01-07 05:31:26,380 INFO [RocksDB]       Options.compression[0]: NoCompression
[25370] 01-07 05:31:26,380 INFO [RocksDB]       Options.compression[1]: NoCompression
[25370] 01-07 05:31:26,380 INFO [RocksDB]       Options.compression[2]: Snappy
[25370] 01-07 05:31:26,380 INFO [RocksDB]       Options.compression[3]: Snappy
[25370] 01-07 05:31:26,380 INFO [RocksDB]       Options.compression[4]: Snappy
[25370] 01-07 05:31:26,380 INFO [RocksDB]       Options.compression[5]: Snappy
[25370] 01-07 05:31:26,380 INFO [RocksDB]       Options.compression[6]: Snappy
[25370] 01-07 05:31:26,380 INFO [RocksDB]                 Options.bottommost_compression: Disabled
[25370] 01-07 05:31:26,380 INFO [RocksDB]      Options.prefix_extractor: ardb.prefix_extractor
[25370] 01-07 05:31:26,380 INFO [RocksDB]  Options.memtable_insert_with_hint_prefix_extractor: nullptr
[25370] 01-07 05:31:26,380 INFO [RocksDB]            Options.num_levels: 7
[25370] 01-07 05:31:26,380 INFO [RocksDB]       Options.min_write_buffer_number_to_merge: 2
[25370] 01-07 05:31:26,380 INFO [RocksDB]    Options.max_write_buffer_number_to_maintain: 0
[25370] 01-07 05:31:26,380 INFO [RocksDB]           Options.compression_opts.window_bits: -14
[25370] 01-07 05:31:26,380 INFO [RocksDB]                 Options.compression_opts.level: -1
[25370] 01-07 05:31:26,380 INFO [RocksDB]              Options.compression_opts.strategy: 0
[25370] 01-07 05:31:26,380 INFO [RocksDB]        Options.compression_opts.max_dict_bytes: 0
[25370] 01-07 05:31:26,380 INFO [RocksDB]        Options.compression_opts.zstd_max_train_bytes: 0
[25370] 01-07 05:31:26,380 INFO [RocksDB]     Options.level0_file_num_compaction_trigger: 2
[25370] 01-07 05:31:26,380 INFO [RocksDB]         Options.level0_slowdown_writes_trigger: 20
[25370] 01-07 05:31:26,380 INFO [RocksDB]             Options.level0_stop_writes_trigger: 36
[25370] 01-07 05:31:26,380 INFO [RocksDB]                  Options.target_file_size_base: 67108864
[25370] 01-07 05:31:26,380 INFO [RocksDB]            Options.target_file_size_multiplier: 1
[25370] 01-07 05:31:26,380 INFO [RocksDB]               Options.max_bytes_for_level_base: 536870912
[25370] 01-07 05:31:26,380 INFO [RocksDB]Options.level_compaction_dynamic_level_bytes: 0
[25370] 01-07 05:31:26,380 INFO [RocksDB]         Options.max_bytes_for_level_multiplier: 10.000000
[25370] 01-07 05:31:26,380 INFO [RocksDB]Options.max_bytes_for_level_multiplier_addtl[0]: 1
[25370] 01-07 05:31:26,380 INFO [RocksDB]Options.max_bytes_for_level_multiplier_addtl[1]: 1
[25370] 01-07 05:31:26,380 INFO [RocksDB]Options.max_bytes_for_level_multiplier_addtl[2]: 1
[25370] 01-07 05:31:26,380 INFO [RocksDB]Options.max_bytes_for_level_multiplier_addtl[3]: 1
[25370] 01-07 05:31:26,380 INFO [RocksDB]Options.max_bytes_for_level_multiplier_addtl[4]: 1
[25370] 01-07 05:31:26,380 INFO [RocksDB]Options.max_bytes_for_level_multiplier_addtl[5]: 1
[25370] 01-07 05:31:26,380 INFO [RocksDB]Options.max_bytes_for_level_multiplier_addtl[6]: 1
[25370] 01-07 05:31:26,380 INFO [RocksDB]      Options.max_sequential_skip_in_iterations: 8
[25370] 01-07 05:31:26,380 INFO [RocksDB]                   Options.max_compaction_bytes: 1677721600
[25370] 01-07 05:31:26,380 INFO [RocksDB]                       Options.arena_block_size: 33554432
[25370] 01-07 05:31:26,380 INFO [RocksDB]  Options.soft_pending_compaction_bytes_limit: 68719476736
[25370] 01-07 05:31:26,380 INFO [RocksDB]  Options.hard_pending_compaction_bytes_limit: 274877906944
[25370] 01-07 05:31:26,380 INFO [RocksDB]      Options.rate_limit_delay_max_milliseconds: 100
[25370] 01-07 05:31:26,380 INFO [RocksDB]               Options.disable_auto_compactions: 0
[25370] 01-07 05:31:26,380 INFO [RocksDB]                       Options.compaction_style: kCompactionStyleLevel
[25370] 01-07 05:31:26,380 INFO [RocksDB]                         Options.compaction_pri: kByCompensatedSize
[25370] 01-07 05:31:26,380 INFO [RocksDB]Options.compaction_options_universal.size_ratio: 1
[25370] 01-07 05:31:26,380 INFO [RocksDB]Options.compaction_options_universal.min_merge_width: 2
[25370] 01-07 05:31:26,380 INFO [RocksDB]Options.compaction_options_universal.max_merge_width: 4294967295
[25370] 01-07 05:31:26,380 INFO [RocksDB]Options.compaction_options_universal.max_size_amplification_percent: 200
[25370] 01-07 05:31:26,380 INFO [RocksDB]Options.compaction_options_universal.compression_size_percent: -1
[25370] 01-07 05:31:26,380 INFO [RocksDB]Options.compaction_options_universal.stop_style: kCompactionStopStyleTotalSize
[25370] 01-07 05:31:26,380 INFO [RocksDB]Options.compaction_options_fifo.max_table_files_size: 1073741824
[25370] 01-07 05:31:26,380 INFO [RocksDB]Options.compaction_options_fifo.allow_compaction: 0
[25370] 01-07 05:31:26,380 INFO [RocksDB]Options.compaction_options_fifo.ttl: 0
[25370] 01-07 05:31:26,380 INFO [RocksDB]                  Options.table_properties_collectors: 
[25370] 01-07 05:31:26,380 INFO [RocksDB]                  Options.inplace_update_support: 0
[25370] 01-07 05:31:26,380 INFO [RocksDB]                Options.inplace_update_num_locks: 10000
[25370] 01-07 05:31:26,380 INFO [RocksDB]              Options.memtable_prefix_bloom_size_ratio: 0.000000
[25370] 01-07 05:31:26,380 INFO [RocksDB]  Options.memtable_huge_page_size: 0
[25370] 01-07 05:31:26,380 INFO [RocksDB]                          Options.bloom_locality: 0
[25370] 01-07 05:31:26,380 INFO [RocksDB]                   Options.max_successive_merges: 0
[25370] 01-07 05:31:26,380 INFO [RocksDB]               Options.optimize_filters_for_hits: 0
[25370] 01-07 05:31:26,380 INFO [RocksDB]               Options.paranoid_file_checks: 0
[25370] 01-07 05:31:26,380 INFO [RocksDB]               Options.force_consistency_checks: 0
[25370] 01-07 05:31:26,380 INFO [RocksDB]               Options.report_bg_io_stats: 0
[25370] 01-07 05:31:26,380 INFO [RocksDB]                              Options.ttl: 0
[25370] 01-07 05:31:26,380 INFO [RocksDB][db/db_impl.cc:1396] Created column family [0] (ID 1)
[25370] 01-07 05:31:26,383 INFO Create ColumnFamilyHandle with name:0 success.
[25370] 01-07 05:31:33,394 INFO [RocksDB][db/db_impl_write.cc:1373] [0] New memtable created with log file: #9. Immutable memtables: 0.

[25370] 01-07 05:31:41,449 INFO [RocksDB][db/db_impl_write.cc:1373] [0] New memtable created with log file: #10. Immutable memtables: 1.

[25370] 01-07 05:31:41,450 INFO [RocksDB][db/db_impl_compaction_flush.cc:80] [JOB 2] Syncing log #3
[25370] 01-07 05:31:41,880 INFO [RocksDB][db/db_impl_compaction_flush.cc:80] [JOB 2] Syncing log #9
[25370] 01-07 05:31:45,230 INFO [RocksDB](Original Log Time 2020/01/07-05:31:41.449996) [db/db_impl_compaction_flush.cc:1424] Calling FlushMemTableToOutputFile with column family [0], flush slots available 4, compaction slots available 1, flush slots scheduled 1, compaction slots scheduled 0
[25370] 01-07 05:31:45,230 INFO [RocksDB][db/flush_job.cc:301] [0] [JOB 2] Flushing memtable with next log file: 9

[25370] 01-07 05:31:45,230 INFO [RocksDB][db/flush_job.cc:301] [0] [JOB 2] Flushing memtable with next log file: 10

[25370] 01-07 05:31:45,230 INFO [RocksDB]EVENT_LOG_v1 {"time_micros": 1578375105230602, "job": 2, "event": "flush_started", "num_memtables": 2, "num_entries": 3329551, "num_deletes": 0, "memory_usage": 528027928, "flush_reason": "Write Buffer Full"}
[25370] 01-07 05:31:45,230 INFO [RocksDB][db/flush_job.cc:331] [0] [JOB 2] Level-0 flush table #11: started
[25370] 01-07 05:31:51,037 INFO [RocksDB][db/db_impl_write.cc:1373] [0] New memtable created with log file: #12. Immutable memtables: 2.

[25370] 01-07 05:31:52,136 INFO [RocksDB]EVENT_LOG_v1 {"time_micros": 1578375112136613, "cf_name": "0", "job": 2, "event": "table_file_creation", "file_number": 11, "file_size": 323761929, "table_properties": {"data_size": 314566430, "index_size": 4220474, "filter_size": 4973983, "raw_key_size": 131027299, "raw_average_key_size": 42, "raw_value_size": 251977811, "raw_average_value_size": 81, "num_data_blocks": 78376, "num_entries": 3091734, "filter_policy_name": "rocksdb.BuiltinBloomFilter", "kDeletedKeys": "0", "kMergeOperands": "0"}}
[25370] 01-07 05:31:52,136 INFO [RocksDB][db/flush_job.cc:371] [0] [JOB 2] Level-0 flush table #11: 323761929 bytes OK
[25370] 01-07 05:31:52,139 INFO [RocksDB](Original Log Time 2020/01/07-05:31:52.137842) [db/memtable_list.cc:377] [0] Level-0 commit table #11 started
[25370] 01-07 05:31:52,139 INFO [RocksDB](Original Log Time 2020/01/07-05:31:52.139621) [db/memtable_list.cc:409] [0] Level-0 commit table #11: memtable #1 done
[25370] 01-07 05:31:52,139 INFO [RocksDB](Original Log Time 2020/01/07-05:31:52.139625) [db/memtable_list.cc:409] [0] Level-0 commit table #11: memtable #2 done
[25370] 01-07 05:31:52,139 INFO [RocksDB](Original Log Time 2020/01/07-05:31:52.139636) EVENT_LOG_v1 {"time_micros": 1578375112139631, "job": 2, "event": "flush_finished", "output_compression": "NoCompression", "lsm_state": [1, 0, 0, 0, 0, 0, 0], "immutable_memtables": 1}
[25370] 01-07 05:31:52,139 INFO [RocksDB](Original Log Time 2020/01/07-05:31:52.139647) [db/db_impl_compaction_flush.cc:177] [0] Level summary: base level 1 max bytes base 536870912 files[1 0 0 0 0 0 0] max score 0.60

[25370] 01-07 05:31:52,139 INFO [RocksDB][db/db_impl_files.cc:342] [JOB 2] Try to delete WAL files size 393146974, prev total WAL file size 609524410, number of live WAL files 4.

[25370] 01-07 05:31:59,793 INFO [RocksDB][db/db_impl_write.cc:1373] [0] New memtable created with log file: #13. Immutable memtables: 1.

[25370] 01-07 05:31:59,793 INFO [RocksDB][db/db_impl_compaction_flush.cc:80] [JOB 3] Syncing log #10
[25370] 01-07 05:32:00,894 INFO [RocksDB][db/db_impl_compaction_flush.cc:80] [JOB 3] Syncing log #12
[25370] 01-07 05:32:02,319 INFO [RocksDB](Original Log Time 2020/01/07-05:31:59.793255) [db/db_impl_compaction_flush.cc:1424] Calling FlushMemTableToOutputFile with column family [0], flush slots available 4, compaction slots available 1, flush slots scheduled 1, compaction slots scheduled 0
[25370] 01-07 05:32:02,319 INFO [RocksDB][db/flush_job.cc:301] [0] [JOB 3] Flushing memtable with next log file: 12

[25370] 01-07 05:32:02,319 INFO [RocksDB][db/flush_job.cc:301] [0] [JOB 3] Flushing memtable with next log file: 13

[25370] 01-07 05:32:02,319 INFO [RocksDB]EVENT_LOG_v1 {"time_micros": 1578375122319153, "job": 3, "event": "flush_started", "num_memtables": 2, "num_entries": 3247844, "num_deletes": 0, "memory_usage": 520101408, "flush_reason": "Write Buffer Full"}
[25370] 01-07 05:32:02,319 INFO [RocksDB][db/flush_job.cc:331] [0] [JOB 3] Level-0 flush table #14: started
[25370] 01-07 05:32:08,350 INFO [RocksDB]EVENT_LOG_v1 {"time_micros": 1578375128350262, "cf_name": "0", "job": 3, "event": "table_file_creation", "file_number": 14, "file_size": 315745504, "table_properties": {"data_size": 306778339, "index_size": 4114439, "filter_size": 4851684, "raw_key_size": 127809490, "raw_average_key_size": 42, "raw_value_size": 245791113, "raw_average_value_size": 81, "num_data_blocks": 76439, "num_entries": 3015853, "filter_policy_name": "rocksdb.BuiltinBloomFilter", "kDeletedKeys": "0", "kMergeOperands": "0"}}
[25370] 01-07 05:32:08,350 INFO [RocksDB][db/flush_job.cc:371] [0] [JOB 3] Level-0 flush table #14: 315745504 bytes OK
[25370] 01-07 05:32:08,353 INFO [RocksDB](Original Log Time 2020/01/07-05:32:08.351531) [db/memtable_list.cc:377] [0] Level-0 commit table #14 started
[25370] 01-07 05:32:08,353 INFO [RocksDB](Original Log Time 2020/01/07-05:32:08.353217) [db/memtable_list.cc:409] [0] Level-0 commit table #14: memtable #1 done
[25370] 01-07 05:32:08,353 INFO [RocksDB](Original Log Time 2020/01/07-05:32:08.353218) [db/memtable_list.cc:409] [0] Level-0 commit table #14: memtable #2 done
[25370] 01-07 05:32:08,353 INFO [RocksDB](Original Log Time 2020/01/07-05:32:08.353231) EVENT_LOG_v1 {"time_micros": 1578375128353226, "job": 3, "event": "flush_finished", "output_compression": "NoCompression", "lsm_state": [2, 0, 0, 0, 0, 0, 0], "immutable_memtables": 0}
[25370] 01-07 05:32:08,353 INFO [RocksDB](Original Log Time 2020/01/07-05:32:08.353258) [db/db_impl_compaction_flush.cc:177] [0] Level summary: base level 1 max bytes base 536870912 files[2 0 0 0 0 0 0] max score 1.19

[25370] 01-07 05:32:08,353 INFO [RocksDB][db/db_impl_files.cc:342] [JOB 3] Try to delete WAL files size 383575256, prev total WAL file size 553113972, number of live WAL files 3.

[25370] 01-07 05:32:08,353 WARN [RocksDB][db/db_impl.cc:491] ------- DUMPING STATS -------
[25370] 01-07 05:32:08,353 WARN [RocksDB][db/db_impl.cc:492] 
** DB Stats **
Uptime(secs): 54.6 total, 54.6 interval
Cumulative writes: 1144K writes, 8012K keys, 1143K commit groups, 1.0 writes per commit group, ingest: 0.88 GB, 16.53 MB/s
Cumulative WAL: 1144K writes, 0 syncs, 1144697.00 writes per sync, written: 0.88 GB, 16.53 MB/s
Cumulative stall: 00:00:0.000 H:M:S, 0.0 percent
Interval writes: 1144K writes, 8012K keys, 1143K commit groups, 1.0 writes per commit group, ingest: 902.42 MB, 16.53 MB/s
Interval WAL: 1144K writes, 0 syncs, 1144697.00 writes per sync, written: 0.88 MB, 16.53 MB/s
Interval stall: 00:00:0.000 H:M:S, 0.0 percent

** Compaction Stats [default] **
Level    Files   Size     Score Read(GB)  Rn(GB) Rnp1(GB) Write(GB) Wnew(GB) Moved(GB) W-Amp Rd(MB/s) Wr(MB/s) Comp(sec) Comp(cnt) Avg(sec) KeyIn KeyDrop
----------------------------------------------------------------------------------------------------------------------------------------------------------
 Sum      0/0    0.00 KB   0.0      0.0     0.0      0.0       0.0     
[25370] 01-07 05:32:08,353 INFO [RocksDB][db/compaction_job.cc:1531] [0] [JOB 4] Compacting 2@0 files to L1, score 1.19
[25370] 01-07 05:32:08,353 INFO [RocksDB][db/compaction_job.cc:1535] [0] Compaction start summary: Base version 4 Base level 0, inputs: [14(301MB) 11(308MB)]

[25370] 01-07 05:32:08,353 INFO [RocksDB]EVENT_LOG_v1 {"time_micros": 1578375128353620, "job": 4, "event": "compaction_started", "compaction_reason": "LevelL0FilesNum", "files_L0": [14, 11], "score": 1.19118, "input_data_size": 639507433}
[25370] 01-07 05:32:09,113 INFO [RocksDB][db/db_impl_write.cc:1373] [0] New memtable created with log file: #16. Immutable memtables: 0.

[25370] 01-07 05:32:09,804 INFO [RocksDB][db/compaction_job.cc:1211] [0] [JOB 4] Generated table #15: 1174709 keys, 69754821 bytes
[25370] 01-07 05:32:09,804 INFO [RocksDB]EVENT_LOG_v1 {"time_micros": 1578375129804829, "cf_name": "0", "job": 4, "event": "table_file_creation", "file_number": 15, "file_size": 69754821, "table_properties": {"data_size": 67110061, "index_size": 974072, "filter_size": 1669657, "raw_key_size": 55838833, "raw_average_key_size": 47, "raw_value_size": 29145517, "raw_average_value_size": 24, "num_data_blocks": 16603, "num_entries": 1174709, "filter_policy_name": "rocksdb.BuiltinBloomFilter", "kDeletedKeys": "0", "kMergeOperands": "0"}}
[25370] 01-07 05:32:11,105 INFO [RocksDB][db/compaction_job.cc:1211] [0] [JOB 4] Generated table #17: 597537 keys, 68990431 bytes
[25370] 01-07 05:32:11,105 INFO [RocksDB]EVENT_LOG_v1 {"time_micros": 1578375131105286, "cf_name": "0", "job": 4, "event": "table_file_creation", "file_number": 17, "file_size": 68990431, "table_properties": {"data_size": 67112948, "index_size": 888527, "filter_size": 987925, "raw_key_size": 24596869, "raw_average_key_size": 41, "raw_value_size": 56765970, "raw_average_value_size": 94, "num_data_blocks": 16740, "num_entries": 597537, "filter_policy_name": "rocksdb.BuiltinBloomFilter", "kDeletedKeys": "0", "kMergeOperands": "0"}}
[25370] 01-07 05:32:12,415 INFO [RocksDB][db/compaction_job.cc:1211] [0] [JOB 4] Generated table #18: 597534 keys, 68988805 bytes
[25370] 01-07 05:32:12,415 INFO [RocksDB]EVENT_LOG_v1 {"time_micros": 1578375132415039, "cf_name": "0", "job": 4, "event": "table_file_creation", "file_number": 18, "file_size": 68988805, "table_properties": {"data_size": 67111688, "index_size": 888184, "filter_size": 987902, "raw_key_size": 24595431, "raw_average_key_size": 41, "raw_value_size": 56765757, "raw_average_value_size": 95, "num_data_blocks": 16738, "num_entries": 597534, "filter_policy_name": "rocksdb.BuiltinBloomFilter", "kDeletedKeys": "0", "kMergeOperands": "0"}}
[25370] 01-07 05:32:13,715 INFO [RocksDB][db/compaction_job.cc:1211] [0] [JOB 4] Generated table #19: 597506 keys, 68989635 bytes
[25370] 01-07 05:32:13,715 INFO [RocksDB]EVENT_LOG_v1 {"time_micros": 1578375133715357, "cf_name": "0", "job": 4, "event": "table_file_creation", "file_number": 19, "file_size": 68989635, "table_properties": {"data_size": 67112289, "index_size": 888427, "filter_size": 987888, "raw_key_size": 24593017, "raw_average_key_size": 41, "raw_value_size": 56763043, "raw_average_value_size": 94, "num_data_blocks": 16740, "num_entries": 597506, "filter_policy_name": "rocksdb.BuiltinBloomFilter", "kDeletedKeys": "0", "kMergeOperands": "0"}}
[25370] 01-07 05:32:15,023 INFO [RocksDB][db/compaction_job.cc:1211] [0] [JOB 4] Generated table #20: 597531 keys, 68989591 bytes
[25370] 01-07 05:32:15,023 INFO [RocksDB]EVENT_LOG_v1 {"time_micros": 1578375135023527, "cf_name": "0", "job": 4, "event": "table_file_creation", "file_number": 20, "file_size": 68989591, "table_properties": {"data_size": 67112284, "index_size": 888359, "filter_size": 987917, "raw_key_size": 24595070, "raw_average_key_size": 41, "raw_value_size": 56765445, "raw_average_value_size": 95, "num_data_blocks": 16740, "num_entries": 597531, "filter_policy_name": "rocksdb.BuiltinBloomFilter", "kDeletedKeys": "0", "kMergeOperands": "0"}}
[25370] 01-07 05:32:16,404 INFO [RocksDB][db/compaction_job.cc:1211] [0] [JOB 4] Generated table #21: 597501 keys, 68987059 bytes
[25370] 01-07 05:32:16,404 INFO [RocksDB]EVENT_LOG_v1 {"time_micros": 1578375136404706, "cf_name": "0", "job": 4, "event": "table_file_creation", "file_number": 21, "file_size": 68987059, "table_properties": {"data_size": 67109559, "index_size": 888601, "filter_size": 987868, "raw_key_size": 24594304, "raw_average_key_size": 41, "raw_value_size": 56762622, "raw_average_value_size": 95, "num_data_blocks": 16739, "num_entries": 597501, "filter_policy_name": "rocksdb.BuiltinBloomFilter", "kDeletedKeys": "0", "kMergeOperands": "0"}}
[25370] 01-07 05:32:17,706 INFO [RocksDB][db/compaction_job.cc:1211] [0] [JOB 4] Generated table #22: 597514 keys, 68988811 bytes
[25370] 01-07 05:32:17,706 INFO [RocksDB]EVENT_LOG_v1 {"time_micros": 1578375137706976, "cf_name": "0", "job": 4, "event": "table_file_creation", "file_number": 22, "file_size": 68988811, "table_properties": {"data_size": 67111113, "index_size": 888771, "filter_size": 987896, "raw_key_size": 24595685, "raw_average_key_size": 41, "raw_value_size": 56763875, "raw_average_value_size": 95, "num_data_blocks": 16740, "num_entries": 597514, "filter_policy_name": "rocksdb.BuiltinBloomFilter", "kDeletedKeys": "0", "kMergeOperands": "0"}}
[25370] 01-07 05:32:18,383 INFO [RocksDB][db/db_impl_write.cc:1373] [0] New memtable created with log file: #24. Immutable memtables: 1.

[25370] 01-07 05:32:18,383 INFO [RocksDB][db/db_impl_compaction_flush.cc:80] [JOB 5] Syncing log #13
[25370] 01-07 05:32:19,059 INFO [RocksDB][db/db_impl_compaction_flush.cc:80] [JOB 5] Syncing log #16
[25370] 01-07 05:32:19,061 INFO [RocksDB][db/compaction_job.cc:1211] [0] [JOB 4] Generated table #23: 597506 keys, 68987681 bytes
[25370] 01-07 05:32:19,061 INFO [RocksDB]EVENT_LOG_v1 {"time_micros": 1578375139061269, "cf_name": "0", "job": 4, "event": "table_file_creation", "file_number": 23, "file_size": 68987681, "table_properties": {"data_size": 67110207, "index_size": 888568, "filter_size": 987875, "raw_key_size": 24594293, "raw_average_key_size": 41, "raw_value_size": 56763043, "raw_average_value_size": 94, "num_data_blocks": 16739, "num_entries": 597506, "filter_policy_name": "rocksdb.BuiltinBloomFilter", "kDeletedKeys": "0", "kMergeOperands": "0"}}
[25370] 01-07 05:32:21,306 INFO [RocksDB][db/compaction_job.cc:1211] [0] [JOB 4] Generated table #26: 597523 keys, 68989041 bytes
[25370] 01-07 05:32:21,306 INFO [RocksDB]EVENT_LOG_v1 {"time_micros": 1578375141306151, "cf_name": "0", "job": 4, "event": "table_file_creation", "file_number": 26, "file_size": 68989041, "table_properties": {"data_size": 67111576, "index_size": 888527, "filter_size": 987907, "raw_key_size": 24595560, "raw_average_key_size": 41, "raw_value_size": 56764712, "raw_average_value_size": 95, "num_data_blocks": 16740, "num_entries": 597523, "filter_policy_name": "rocksdb.BuiltinBloomFilter", "kDeletedKeys": "0", "kMergeOperands": "0"}}
[25370] 01-07 05:32:21,307 INFO [RocksDB](Original Log Time 2020/01/07-05:32:18.383880) [db/db_impl_compaction_flush.cc:1424] Calling FlushMemTableToOutputFile with column family [0], flush slots available 4, compaction slots available 1, flush slots scheduled 1, compaction slots scheduled 1
[25370] 01-07 05:32:21,307 INFO [RocksDB][db/flush_job.cc:301] [0] [JOB 5] Flushing memtable with next log file: 16

[25370] 01-07 05:32:21,307 INFO [RocksDB][db/flush_job.cc:301] [0] [JOB 5] Flushing memtable with next log file: 24

[25370] 01-07 05:32:21,307 INFO [RocksDB]EVENT_LOG_v1 {"time_micros": 1578375141307164, "job": 5, "event": "flush_started", "num_memtables": 2, "num_entries": 3214725, "num_deletes": 0, "memory_usage": 520098208, "flush_reason": "Write Buffer Full"}
[25370] 01-07 05:32:21,307 INFO [RocksDB][db/flush_job.cc:331] [0] [JOB 5] Level-0 flush table #25: started
[25370] 01-07 05:32:21,747 INFO [RocksDB][db/compaction_job.cc:1211] [0] [JOB 4] Generated table #27: 152725 keys, 17626406 bytes
[25370] 01-07 05:32:21,748 INFO [RocksDB]EVENT_LOG_v1 {"time_micros": 1578375141747993, "cf_name": "0", "job": 4, "event": "table_file_creation", "file_number": 27, "file_size": 17626406, "table_properties": {"data_size": 17147797, "index_size": 225100, "filter_size": 252479, "raw_key_size": 6237708, "raw_average_key_size": 40, "raw_value_size": 14508884, "raw_average_value_size": 95, "num_data_blocks": 4277, "num_entries": 152725, "filter_policy_name": "rocksdb.BuiltinBloomFilter", "kDeletedKeys": "0", "kMergeOperands": "0"}}
[25370] 01-07 05:32:21,749 INFO [RocksDB][db/compaction_job.cc:1287] [0] [JOB 4] Compacted 2@0 files to L1 => 639292281 bytes
[25370] 01-07 05:32:21,755 INFO [RocksDB](Original Log Time 2020/01/07-05:32:21.755229) [db/compaction_job.cc:685] [0] compacted to: base level 1 max bytes base 536870912 files[0 10 0 0 0 0 0] max score 1.19, MB/sec: 47.7 rd, 47.7 wr, level 1, files in(2, 0) out(10) MB in(609.9, 0.0) out(609.7), read-write-amplify(2.0) write-amplify(1.0) OK, records in: 6107587, records dropped: 1 output_compression: NoCompression

[25370] 01-07 05:32:21,755 INFO [RocksDB](Original Log Time 2020/01/07-05:32:21.755255) EVENT_LOG_v1 {"time_micros": 1578375141755237, "job": 4, "event": "compaction_finished", "compaction_time_micros": 13395634, "output_level": 1, "num_output_files": 10, "total_output_size": 639292281, "num_input_records": 6107587, "num_output_records": 6107586, "num_subcompactions": 1, "output_compression": "NoCompression", "num_single_delete_mismatches": 0, "num_single_delete_fallthrough": 0, "lsm_state": [0, 10, 0, 0, 0, 0, 0]}
[25370] 01-07 05:32:21,755 INFO [RocksDB][db/compaction_job.cc:1531] [0] [JOB 6] Compacting 1@1 files to L2, score 1.19
[25370] 01-07 05:32:21,755 INFO [RocksDB][db/compaction_job.cc:1535] [0] Compaction start summary: Base version 5 Base level 1, inputs: [15(66MB)]

[25370] 01-07 05:32:21,755 INFO [RocksDB]EVENT_LOG_v1 {"time_micros": 1578375141755885, "job": 6, "event": "compaction_started", "compaction_reason": "LevelMaxLevelSize", "files_L1": [15], "score": 1.19077, "input_data_size": 69754821}
[25370] 01-07 05:32:25,259 INFO [RocksDB][db/compaction_job.cc:1211] [0] [JOB 6] Generated table #28: 1174709 keys, 54827174 bytes
[25370] 01-07 05:32:25,259 INFO [RocksDB]EVENT_LOG_v1 {"time_micros": 1578375145259497, "cf_name": "0", "job": 6, "event": "table_file_creation", "file_number": 28, "file_size": 54827174, "table_properties": {"data_size": 52654643, "index_size": 973768, "filter_size": 1641425, "raw_key_size": 55838833, "raw_average_key_size": 47, "raw_value_size": 29145517, "raw_average_value_size": 24, "num_data_blocks": 16603, "num_entries": 1174709, "filter_policy_name": "rocksdb.BuiltinBloomFilter", "kDeletedKeys": "0", "kMergeOperands": "0"}}
[25370] 01-07 05:32:25,261 INFO [RocksDB][db/compaction_job.cc:1287] [0] [JOB 6] Compacted 1@1 files to L2 => 54827174 bytes
[25370] 01-07 05:32:25,263 INFO [RocksDB](Original Log Time 2020/01/07-05:32:25.263083) [db/compaction_job.cc:685] [0] compacted to: base level 1 max bytes base 536870912 files[0 9 1 0 0 0 0] max score 1.06, MB/sec: 19.9 rd, 15.6 wr, level 2, files in(1, 0) out(1) MB in(66.5, 0.0) out(52.3), read-write-amplify(1.8) write-amplify(0.8) OK, records in: 1174709, records dropped: 0 output_compression: Snappy

[25370] 01-07 05:32:25,263 INFO [RocksDB](Original Log Time 2020/01/07-05:32:25.263102) EVENT_LOG_v1 {"time_micros": 1578375145263095, "job": 6, "event": "compaction_finished", "compaction_time_micros": 3505236, "output_level": 2, "num_output_files": 1, "total_output_size": 54827174, "num_input_records": 1174709, "num_output_records": 1174709, "num_subcompactions": 1, "output_compression": "Snappy", "num_single_delete_mismatches": 0, "num_single_delete_fallthrough": 0, "lsm_state": [0, 9, 1, 0, 0, 0, 0]}
[25370] 01-07 05:32:25,263 INFO [RocksDB][db/compaction_job.cc:1531] [0] [JOB 7] Compacting 1@1 files to L2, score 1.06
[25370] 01-07 05:32:25,263 INFO [RocksDB][db/compaction_job.cc:1535] [0] Compaction start summary: Base version 6 Base level 1, inputs: [17(65MB)]

[25370] 01-07 05:32:25,263 INFO [RocksDB]EVENT_LOG_v1 {"time_micros": 1578375145263184, "job": 7, "event": "compaction_started", "compaction_reason": "LevelMaxLevelSize", "files_L1": [17], "score": 1.06085, "input_data_size": 68990431}
[25370] 01-07 05:32:28,544 INFO [RocksDB][db/compaction_job.cc:1211] [0] [JOB 7] Generated table #29: 597537 keys, 68588570 bytes
[25370] 01-07 05:32:28,544 INFO [RocksDB]EVENT_LOG_v1 {"time_micros": 1578375148544853, "cf_name": "0", "job": 7, "event": "table_file_creation", "file_number": 29, "file_size": 68588570, "table_properties": {"data_size": 67112948, "index_size": 888527, "filter_size": 987925, "raw_key_size": 24596869, "raw_average_key_size": 41, "raw_value_size": 56765970, "raw_average_value_size": 94, "num_data_blocks": 16740, "num_entries": 597537, "filter_policy_name": "rocksdb.BuiltinBloomFilter", "kDeletedKeys": "0", "kMergeOperands": "0"}}
[25370] 01-07 05:32:28,546 INFO [RocksDB][db/compaction_job.cc:1287] [0] [JOB 7] Compacted 1@1 files to L2 => 68588570 bytes
[25370] 01-07 05:32:28,550 INFO [RocksDB](Original Log Time 2020/01/07-05:32:28.550099) [db/compaction_job.cc:685] [0] compacted to: base level 1 max bytes base 536870912 files[0 8 2 0 0 0 0] max score 0.93, MB/sec: 21.0 rd, 20.9 wr, level 2, files in(1, 0) out(1) MB in(65.8, 0.0) out(65.4), read-write-amplify(2.0) write-amplify(1.0) OK, records in: 597537, records dropped: 0 output_compression: Snappy

[25370] 01-07 05:32:28,550 INFO [RocksDB](Original Log Time 2020/01/07-05:32:28.550125) EVENT_LOG_v1 {"time_micros": 1578375148550107, "job": 7, "event": "compaction_finished", "compaction_time_micros": 3283173, "output_level": 2, "num_output_files": 1, "total_output_size": 68588570, "num_input_records": 597537, "num_output_records": 597537, "num_subcompactions": 1, "output_compression": "Snappy", "num_single_delete_mismatches": 0, "num_single_delete_fallthrough": 0, "lsm_state": [0, 8, 2, 0, 0, 0, 0]}
[25370] 01-07 05:32:28,556 INFO [RocksDB]EVENT_LOG_v1 {"time_micros": 1578375148556859, "job": 7, "event": "table_file_deletion", "file_number": 17}
[25370] 01-07 05:32:28,563 INFO [RocksDB]EVENT_LOG_v1 {"time_micros": 1578375148563955, "job": 7, "event": "table_file_deletion", "file_number": 15}
[25370] 01-07 05:32:28,911 INFO [RocksDB][db/db_impl_write.cc:1373] [0] New memtable created with log file: #30. Immutable memtables: 2.

[25370] 01-07 05:32:29,951 INFO [RocksDB]EVENT_LOG_v1 {"time_micros": 1578375149950989, "cf_name": "0", "job": 5, "event": "table_file_creation", "file_number": 25, "file_size": 312582612, "table_properties": {"data_size": 303707315, "index_size": 4071967, "filter_size": 4802288, "raw_key_size": 126509778, "raw_average_key_size": 42, "raw_value_size": 243285752, "raw_average_value_size": 81, "num_data_blocks": 75672, "num_entries": 2985102, "filter_policy_name": "rocksdb.BuiltinBloomFilter", "kDeletedKeys": "0", "kMergeOperands": "0"}}
[25370] 01-07 05:32:29,951 INFO [RocksDB][db/flush_job.cc:371] [0] [JOB 5] Level-0 flush table #25: 312582612 bytes OK
[25370] 01-07 05:32:29,953 INFO [RocksDB](Original Log Time 2020/01/07-05:32:29.952107) [db/memtable_list.cc:377] [0] Level-0 commit table #25 started
[25370] 01-07 05:32:29,953 INFO [RocksDB](Original Log Time 2020/01/07-05:32:29.953835) [db/memtable_list.cc:409] [0] Level-0 commit table #25: memtable #1 done
[25370] 01-07 05:32:29,953 INFO [RocksDB](Original Log Time 2020/01/07-05:32:29.953836) [db/memtable_list.cc:409] [0] Level-0 commit table #25: memtable #2 done
[25370] 01-07 05:32:29,953 INFO [RocksDB](Original Log Time 2020/01/07-05:32:29.953845) EVENT_LOG_v1 {"time_micros": 1578375149953841, "job": 5, "event": "flush_finished", "output_compression": "NoCompression", "lsm_state": [1, 8, 2, 0, 0, 0, 0], "immutable_memtables": 1}
[25370] 01-07 05:32:29,953 INFO [RocksDB](Original Log Time 2020/01/07-05:32:29.953869) [db/db_impl_compaction_flush.cc:177] [0] Level summary: base level 1 max bytes base 536870912 files[1 8 2 0 0 0 0] max score 0.93

[25370] 01-07 05:32:29,953 INFO [RocksDB][db/db_impl_files.cc:342] [JOB 5] Try to delete WAL files size 379668227, prev total WAL file size 585963297, number of live WAL files 4.

[25370] 01-07 05:32:29,001 INFO [RocksDB]EVENT_LOG_v1 {"time_micros": 1578375150001665, "job": 5, "event": "table_file_deletion", "file_number": 14}
[25370] 01-07 05:32:30,049 INFO [RocksDB]EVENT_LOG_v1 {"time_micros": 1578375150049012, "job": 5, "event": "table_file_deletion", "file_number": 11}
[25370] 01-07 05:32:44,867 INFO [RocksDB][db/db_impl_write.cc:1373] [0] New memtable created with log file: #31. Immutable memtables: 1.

[25370] 01-07 05:32:44,867 INFO [RocksDB][db/db_impl_compaction_flush.cc:80] [JOB 8] Syncing log #24
[25370] 01-07 05:32:45,705 INFO [RocksDB][db/db_impl_compaction_flush.cc:80] [JOB 8] Syncing log #30
[25370] 01-07 05:32:47,450 INFO [RocksDB](Original Log Time 2020/01/07-05:32:44.867363) [db/db_impl_compaction_flush.cc:1424] Calling FlushMemTableToOutputFile with column family [0], flush slots available 4, compaction slots available 1, flush slots scheduled 1, compaction slots scheduled 0
[25370] 01-07 05:32:47,450 INFO [RocksDB][db/flush_job.cc:301] [0] [JOB 8] Flushing memtable with next log file: 30

[25370] 01-07 05:32:47,450 INFO [RocksDB][db/flush_job.cc:301] [0] [JOB 8] Flushing memtable with next log file: 31

[25370] 01-07 05:32:47,450 INFO [RocksDB]EVENT_LOG_v1 {"time_micros": 1578375167450449, "job": 8, "event": "flush_started", "num_memtables": 2, "num_entries": 3421992, "num_deletes": 0, "memory_usage": 520100912, "flush_reason": "Write Buffer Full"}
[25370] 01-07 05:32:47,450 INFO [RocksDB][db/flush_job.cc:331] [0] [JOB 8] Level-0 flush table #32: started
[25370] 01-07 05:32:53,811 INFO [RocksDB]EVENT_LOG_v1 {"time_micros": 1578375173811147, "cf_name": "0", "job": 8, "event": "table_file_creation", "file_number": 32, "file_size": 332733695, "table_properties": {"data_size": 323282578, "index_size": 4338214, "filter_size": 5111861, "raw_key_size": 134664997, "raw_average_key_size": 42, "raw_value_size": 258971140, "raw_average_value_size": 81, "num_data_blocks": 80546, "num_entries": 3177565, "filter_policy_name": "rocksdb.BuiltinBloomFilter", "kDeletedKeys": "0", "kMergeOperands": "0"}}
[25370] 01-07 05:32:53,811 INFO [RocksDB][db/flush_job.cc:371] [0] [JOB 8] Level-0 flush table #32: 332733695 bytes OK
[25370] 01-07 05:32:53,814 INFO [RocksDB](Original Log Time 2020/01/07-05:32:53.812331) [db/memtable_list.cc:377] [0] Level-0 commit table #32 started
[25370] 01-07 05:32:53,814 INFO [RocksDB](Original Log Time 2020/01/07-05:32:53.814080) [db/memtable_list.cc:409] [0] Level-0 commit table #32: memtable #1 done
[25370] 01-07 05:32:53,814 INFO [RocksDB](Original Log Time 2020/01/07-05:32:53.814081) [db/memtable_list.cc:409] [0] Level-0 commit table #32: memtable #2 done
[25370] 01-07 05:32:53,814 INFO [RocksDB](Original Log Time 2020/01/07-05:32:53.814093) EVENT_LOG_v1 {"time_micros": 1578375173814087, "job": 8, "event": "flush_finished", "output_compression": "NoCompression", "lsm_state": [2, 8, 2, 0, 0, 0, 0], "immutable_memtables": 0}
[25370] 01-07 05:32:53,814 INFO [RocksDB](Original Log Time 2020/01/07-05:32:53.814126) [db/db_impl_compaction_flush.cc:177] [0] Level summary: base level 1 max bytes base 536870912 files[2 8 2 0 0 0 0] max score 1.20

[25370] 01-07 05:32:53,814 INFO [RocksDB][db/db_impl_files.cc:342] [JOB 8] Try to delete WAL files size 404146070, prev total WAL file size 496960692, number of live WAL files 3.

[25370] 01-07 05:32:53,814 INFO [RocksDB][db/compaction_job.cc:1531] [0] [JOB 9] Compacting 2@0 + 8@1 files to L1, score 1.20
[25370] 01-07 05:32:53,814 INFO [RocksDB][db/compaction_job.cc:1535] [0] Compaction start summary: Base version 9 Base level 0, inputs: [32(317MB) 25(298MB)], [18(65MB) 19(65MB) 20(65MB) 21(65MB) 22(65MB) 23(65MB) 26(65MB) 27(16MB)]

[25370] 01-07 05:32:53,814 INFO [RocksDB]EVENT_LOG_v1 {"time_micros": 1578375173814334, "job": 9, "event": "compaction_started", "compaction_reason": "LevelL0FilesNum", "files_L0": [32, 25], "files_L1": [18, 19, 20, 21, 22, 23, 26, 27], "score": 1.202, "input_data_size": 1145863336}
[25370] 01-07 05:32:55,230 INFO [RocksDB][db/compaction_job.cc:1211] [0] [JOB 9] Generated table #33: 1179662 keys, 69761691 bytes
[25370] 01-07 05:32:55,230 INFO [RocksDB]EVENT_LOG_v1 {"time_micros": 1578375175230801, "cf_name": "0", "job": 9, "event": "table_file_creation", "file_number": 33, "file_size": 69761691, "table_properties": {"data_size": 67110186, "index_size": 975094, "filter_size": 1675380, "raw_key_size": 56111813, "raw_average_key_size": 47, "raw_value_size": 28871420, "raw_average_value_size": 24, "num_data_blocks": 16602, "num_entries": 1179662, "filter_policy_name": "rocksdb.BuiltinBloomFilter", "kDeletedKeys": "0", "kMergeOperands": "0"}}
[25370] 01-07 05:32:56,615 INFO [RocksDB][db/compaction_job.cc:1211] [0] [JOB 9] Generated table #34: 597487 keys, 68988404 bytes
[25370] 01-07 05:32:56,615 INFO [RocksDB]EVENT_LOG_v1 {"time_micros": 1578375176615743, "cf_name": "0", "job": 9, "event": "table_file_creation", "file_number": 34, "file_size": 68988404, "table_properties": {"data_size": 67110905, "index_size": 888607, "filter_size": 987861, "raw_key_size": 24594644, "raw_average_key_size": 41, "raw_value_size": 56761265, "raw_average_value_size": 95, "num_data_blocks": 16740, "num_entries": 597487, "filter_policy_name": "rocksdb.BuiltinBloomFilter", "kDeletedKeys": "0", "kMergeOperands": "0"}}
[25370] 01-07 05:32:57,916 INFO [RocksDB][db/compaction_job.cc:1211] [0] [JOB 9] Generated table #35: 597612 keys, 68988558 bytes
[25370] 01-07 05:32:57,916 INFO [RocksDB]EVENT_LOG_v1 {"time_micros": 1578375177916935, "cf_name": "0", "job": 9, "event": "table_file_creation", "file_number": 35, "file_size": 68988558, "table_properties": {"data_size": 67111177, "index_size": 888327, "filter_size": 988023, "raw_key_size": 24596086, "raw_average_key_size": 41, "raw_value_size": 56773176, "raw_average_value_size": 95, "num_data_blocks": 16741, "num_entries": 597612, "filter_policy_name": "rocksdb.BuiltinBloomFilter", "kDeletedKeys": "0", "kMergeOperands": "0"}}
[25370] 01-07 05:32:59,220 INFO [RocksDB][db/compaction_job.cc:1211] [0] [JOB 9] Generated table #36: 597600 keys, 68988968 bytes
[25370] 01-07 05:32:59,220 INFO [RocksDB]EVENT_LOG_v1 {"time_micros": 1578375179220591, "cf_name": "0", "job": 9, "event": "table_file_creation", "file_number": 36, "file_size": 68988968, "table_properties": {"data_size": 67110676, "index_size": 889240, "filter_size": 988021, "raw_key_size": 24599499, "raw_average_key_size": 41, "raw_value_size": 56772027, "raw_average_value_size": 95, "num_data_blocks": 16743, "num_entries": 597600, "filter_policy_name": "rocksdb.BuiltinBloomFilter", "kDeletedKeys": "0", "kMergeOperands": "0"}}
[25370] 01-07 05:33:00,522 INFO [RocksDB][db/compaction_job.cc:1211] [0] [JOB 9] Generated table #37: 597608 keys, 68989733 bytes
[25370] 01-07 05:33:00,522 INFO [RocksDB]EVENT_LOG_v1 {"time_micros": 1578375180522892, "cf_name": "0", "job": 9, "event": "table_file_creation", "file_number": 37, "file_size": 68989733, "table_properties": {"data_size": 67111867, "index_size": 888800, "filter_size": 988035, "raw_key_size": 24597526, "raw_average_key_size": 41, "raw_value_size": 56772760, "raw_average_value_size": 95, "num_data_blocks": 16743, "num_entries": 597608, "filter_policy_name": "rocksdb.BuiltinBloomFilter", "kDeletedKeys": "0", "kMergeOperands": "0"}}
[25370] 01-07 05:33:01,831 INFO [RocksDB][db/compaction_job.cc:1211] [0] [JOB 9] Generated table #38: 597624 keys, 68990179 bytes
[25370] 01-07 05:33:01,832 INFO [RocksDB]EVENT_LOG_v1 {"time_micros": 1578375181832001, "cf_name": "0", "job": 9, "event": "table_file_creation", "file_number": 38, "file_size": 68990179, "table_properties": {"data_size": 67112470, "index_size": 888625, "filter_size": 988053, "raw_key_size": 24597673, "raw_average_key_size": 41, "raw_value_size": 56774325, "raw_average_value_size": 95, "num_data_blocks": 16743, "num_entries": 597624, "filter_policy_name": "rocksdb.BuiltinBloomFilter", "kDeletedKeys": "0", "kMergeOperands": "0"}}
[25370] 01-07 05:33:03,142 INFO [RocksDB][db/compaction_job.cc:1211] [0] [JOB 9] Generated table #39: 597594 keys, 68989775 bytes
[25370] 01-07 05:33:03,142 INFO [RocksDB]EVENT_LOG_v1 {"time_micros": 1578375183142244, "cf_name": "0", "job": 9, "event": "table_file_creation", "file_number": 39, "file_size": 68989775, "table_properties": {"data_size": 67111376, "index_size": 889349, "filter_size": 988019, "raw_key_size": 24598442, "raw_average_key_size": 41, "raw_value_size": 56771403, "raw_average_value_size": 94, "num_data_blocks": 16743, "num_entries": 597594, "filter_policy_name": "rocksdb.BuiltinBloomFilter", "kDeletedKeys": "0", "kMergeOperands": "0"}}
[25370] 01-07 05:33:04,441 INFO [RocksDB][db/compaction_job.cc:1211] [0] [JOB 9] Generated table #40: 597622 keys, 68989212 bytes
[25370] 01-07 05:33:04,441 INFO [RocksDB]EVENT_LOG_v1 {"time_micros": 1578375184441154, "cf_name": "0", "job": 9, "event": "table_file_creation", "file_number": 40, "file_size": 68989212, "table_properties": {"data_size": 67111723, "index_size": 888416, "filter_size": 988042, "raw_key_size": 24597765, "raw_average_key_size": 41, "raw_value_size": 56774117, "raw_average_value_size": 95, "num_data_blocks": 16742, "num_entries": 597622, "filter_policy_name": "rocksdb.BuiltinBloomFilter", "kDeletedKeys": "0", "kMergeOperands": "0"}}
[25370] 01-07 05:33:05,822 INFO [RocksDB][db/compaction_job.cc:1211] [0] [JOB 9] Generated table #41: 597603 keys, 68989827 bytes
[25370] 01-07 05:33:05,822 INFO [RocksDB]EVENT_LOG_v1 {"time_micros": 1578375185822865, "cf_name": "0", "job": 9, "event": "table_file_creation", "file_number": 41, "file_size": 68989827, "table_properties": {"data_size": 67111933, "index_size": 888842, "filter_size": 988021, "raw_key_size": 24597382, "raw_average_key_size": 41, "raw_value_size": 56772240, "raw_average_value_size": 94, "num_data_blocks": 16742, "num_entries": 597603, "filter_policy_name": "rocksdb.BuiltinBloomFilter", "kDeletedKeys": "0", "kMergeOperands": "0"}}
[25370] 01-07 05:33:07,125 INFO [RocksDB][db/compaction_job.cc:1211] [0] [JOB 9] Generated table #42: 597610 keys, 68989644 bytes
[25370] 01-07 05:33:07,125 INFO [RocksDB]EVENT_LOG_v1 {"time_micros": 1578375187125406, "cf_name": "0", "job": 9, "event": "table_file_creation", "file_number": 42, "file_size": 68989644, "table_properties": {"data_size": 67111398, "index_size": 889178, "filter_size": 988037, "raw_key_size": 24600525, "raw_average_key_size": 41, "raw_value_size": 56772968, "raw_average_value_size": 95, "num_data_blocks": 16743, "num_entries": 597610, "filter_policy_name": "rocksdb.BuiltinBloomFilter", "kDeletedKeys": "0", "kMergeOperands": "0"}}
[25370] 01-07 05:33:08,428 INFO [RocksDB][db/compaction_job.cc:1211] [0] [JOB 9] Generated table #43: 597630 keys, 68989386 bytes
[25370] 01-07 05:33:08,428 INFO [RocksDB]EVENT_LOG_v1 {"time_micros": 1578375188428173, "cf_name": "0", "job": 9, "event": "table_file_creation", "file_number": 43, "file_size": 68989386, "table_properties": {"data_size": 67111869, "index_size": 888443, "filter_size": 988043, "raw_key_size": 24597778, "raw_average_key_size": 41, "raw_value_size": 56774850, "raw_average_value_size": 95, "num_data_blocks": 16741, "num_entries": 597630, "filter_policy_name": "rocksdb.BuiltinBloomFilter", "kDeletedKeys": "0", "kMergeOperands": "0"}}
[25370] 01-07 05:33:09,758 INFO [RocksDB][db/compaction_job.cc:1211] [0] [JOB 9] Generated table #44: 597614 keys, 68987705 bytes
[25370] 01-07 05:33:09,758 INFO [RocksDB]EVENT_LOG_v1 {"time_micros": 1578375189758260, "cf_name": "0", "job": 9, "event": "table_file_creation", "file_number": 44, "file_size": 68987705, "table_properties": {"data_size": 67110110, "index_size": 888534, "filter_size": 988030, "raw_key_size": 24600074, "raw_average_key_size": 41, "raw_value_size": 56773285, "raw_average_value_size": 94, "num_data_blocks": 16742, "num_entries": 597614, "filter_policy_name": "rocksdb.BuiltinBloomFilter", "kDeletedKeys": "0", "kMergeOperands": "0"}}
[25370] 01-07 05:33:11,037 INFO [RocksDB][db/compaction_job.cc:1211] [0] [JOB 9] Generated table #45: 597632 keys, 68988058 bytes
[25370] 01-07 05:33:11,037 INFO [RocksDB]EVENT_LOG_v1 {"time_micros": 1578375191037571, "cf_name": "0", "job": 9, "event": "table_file_creation", "file_number": 45, "file_size": 68988058, "table_properties": {"data_size": 67110239, "index_size": 888747, "filter_size": 988041, "raw_key_size": 24602502, "raw_average_key_size": 41, "raw_value_size": 56775058, "raw_average_value_size": 95, "num_data_blocks": 16741, "num_entries": 597632, "filter_policy_name": "rocksdb.BuiltinBloomFilter", "kDeletedKeys": "0", "kMergeOperands": "0"}}
[25370] 01-07 05:33:12,360 INFO [RocksDB][db/compaction_job.cc:1211] [0] [JOB 9] Generated table #46: 597588 keys, 68987449 bytes
[25370] 01-07 05:33:12,360 INFO [RocksDB]EVENT_LOG_v1 {"time_micros": 1578375192360127, "cf_name": "0", "job": 9, "event": "table_file_creation", "file_number": 46, "file_size": 68987449, "table_properties": {"data_size": 67109877, "index_size": 888552, "filter_size": 987989, "raw_key_size": 24595695, "raw_average_key_size": 41, "raw_value_size": 56770878, "raw_average_value_size": 95, "num_data_blocks": 16741, "num_entries": 597588, "filter_policy_name": "rocksdb.BuiltinBloomFilter", "kDeletedKeys": "0", "kMergeOperands": "0"}}
[25370] 01-07 05:33:13,726 INFO [RocksDB][db/compaction_job.cc:1211] [0] [JOB 9] Generated table #47: 597629 keys, 68986558 bytes
[25370] 01-07 05:33:13,727 INFO [RocksDB]EVENT_LOG_v1 {"time_micros": 1578375193727015, "cf_name": "0", "job": 9, "event": "table_file_creation", "file_number": 47, "file_size": 68986558, "table_properties": {"data_size": 67109033, "index_size": 888456, "filter_size": 988038, "raw_key_size": 24602633, "raw_average_key_size": 41, "raw_value_size": 56774746, "raw_average_value_size": 94, "num_data_blocks": 16741, "num_entries": 597629, "filter_policy_name": "rocksdb.BuiltinBloomFilter", "kDeletedKeys": "0", "kMergeOperands": "0"}}
[25370] 01-07 05:33:15,029 INFO [RocksDB][db/compaction_job.cc:1211] [0] [JOB 9] Generated table #48: 597605 keys, 68987281 bytes
[25370] 01-07 05:33:15,029 INFO [RocksDB]EVENT_LOG_v1 {"time_micros": 1578375195029044, "cf_name": "0", "job": 9, "event": "table_file_creation", "file_number": 48, "file_size": 68987281, "table_properties": {"data_size": 67109706, "index_size": 888534, "filter_size": 988010, "raw_key_size": 24598720, "raw_average_key_size": 41, "raw_value_size": 56772448, "raw_average_value_size": 94, "num_data_blocks": 16741, "num_entries": 597605, "filter_policy_name": "rocksdb.BuiltinBloomFilter", "kDeletedKeys": "0", "kMergeOperands": "0"}}
[25370] 01-07 05:33:15,828 INFO [RocksDB][db/compaction_job.cc:1211] [0] [JOB 9] Generated table #49: 354286 keys, 40891969 bytes
[25370] 01-07 05:33:15,828 INFO [RocksDB]EVENT_LOG_v1 {"time_micros": 1578375195828448, "cf_name": "0", "job": 9, "event": "table_file_creation", "file_number": 49, "file_size": 40891969, "table_properties": {"data_size": 39780457, "index_size": 524811, "filter_size": 585671, "raw_key_size": 14487067, "raw_average_key_size": 40, "raw_value_size": 33657251, "raw_average_value_size": 95, "num_data_blocks": 9920, "num_entries": 354286, "filter_policy_name": "rocksdb.BuiltinBloomFilter", "kDeletedKeys": "0", "kMergeOperands": "0"}}
[25370] 01-07 05:33:15,829 INFO [RocksDB][db/compaction_job.cc:1287] [0] [JOB 9] Compacted 2@0 + 8@1 files to L1 => 1145484397 bytes
[25370] 01-07 05:33:15,831 INFO [RocksDB](Original Log Time 2020/01/07-05:33:15.831567) [db/compaction_job.cc:685] [0] compacted to: base level 1 max bytes base 536870912 files[0 17 2 0 0 0 0] max score 2.13, MB/sec: 52.0 rd, 52.0 wr, level 1, files in(2, 8) out(17) MB in(615.4, 477.4) out(1092.4), read-write-amplify(3.6) write-amplify(1.8) OK, records in: 10498007, records dropped: 1 output_compression: NoCompression

[25370] 01-07 05:33:15,831 INFO [RocksDB](Original Log Time 2020/01/07-05:33:15.831583) EVENT_LOG_v1 {"time_micros": 1578375195831576, "job": 9, "event": "compaction_finished", "compaction_time_micros": 22015428, "output_level": 1, "num_output_files": 17, "total_output_size": 1145484397, "num_input_records": 10498007, "num_output_records": 10498006, "num_subcompactions": 1, "output_compression": "NoCompression", "num_single_delete_mismatches": 0, "num_single_delete_fallthrough": 0, "lsm_state": [0, 17, 2, 0, 0, 0, 0]}
[25370] 01-07 05:33:15,831 INFO [RocksDB][db/compaction_job.cc:1531] [0] [JOB 10] Compacting 1@1 + 1@2 files to L2, score 2.13
[25370] 01-07 05:33:15,831 INFO [RocksDB][db/compaction_job.cc:1535] [0] Compaction start summary: Base version 10 Base level 1, inputs: [33(66MB)], [28(52MB)]

[25370] 01-07 05:33:15,831 INFO [RocksDB]EVENT_LOG_v1 {"time_micros": 1578375195831686, "job": 10, "event": "compaction_started", "compaction_reason": "LevelMaxLevelSize", "files_L1": [33], "files_L2": [28], "score": 2.13363, "input_data_size": 124588865}
[25370] 01-07 05:33:15,865 INFO [RocksDB]EVENT_LOG_v1 {"time_micros": 1578375195865641, "job": 0, "event": "table_file_deletion", "file_number": 32}
[25370] 01-07 05:33:15,867 INFO [RocksDB]EVENT_LOG_v1 {"time_micros": 1578375195867448, "job": 0, "event": "table_file_deletion", "file_number": 27}
[25370] 01-07 05:33:15,874 INFO [RocksDB]EVENT_LOG_v1 {"time_micros": 1578375195874246, "job": 0, "event": "table_file_deletion", "file_number": 26}
[25370] 01-07 05:33:15,904 INFO [RocksDB]EVENT_LOG_v1 {"time_micros": 1578375195904667, "job": 0, "event": "table_file_deletion", "file_number": 25}
[25370] 01-07 05:33:15,911 INFO [RocksDB]EVENT_LOG_v1 {"time_micros": 1578375195911342, "job": 0, "event": "table_file_deletion", "file_number": 23}
[25370] 01-07 05:33:15,917 INFO [RocksDB]EVENT_LOG_v1 {"time_micros": 1578375195917925, "job": 0, "event": "table_file_deletion", "file_number": 22}
[25370] 01-07 05:33:15,924 INFO [RocksDB]EVENT_LOG_v1 {"time_micros": 1578375195924552, "job": 0, "event": "table_file_deletion", "file_number": 21}
[25370] 01-07 05:33:15,931 INFO [RocksDB]EVENT_LOG_v1 {"time_micros": 1578375195931164, "job": 0, "event": "table_file_deletion", "file_number": 20}
[25370] 01-07 05:33:15,937 INFO [RocksDB]EVENT_LOG_v1 {"time_micros": 1578375195937799, "job": 0, "event": "table_file_deletion", "file_number": 19}
[25370] 01-07 05:33:15,944 INFO [RocksDB]EVENT_LOG_v1 {"time_micros": 1578375195944404, "job": 0, "event": "table_file_deletion", "file_number": 18}
[25370] 01-07 05:33:19,162 INFO [RocksDB][db/compaction_job.cc:1211] [0] [JOB 10] Generated table #50: 2018344 keys, 70623417 bytes
[25370] 01-07 05:33:19,162 INFO [RocksDB]EVENT_LOG_v1 {"time_micros": 1578375199162338, "cf_name": "0", "job": 10, "event": "table_file_creation", "file_number": 50, "file_size": 70623417, "table_properties": {"data_size": 67109519, "index_size": 1446211, "filter_size": 2732239, "raw_key_size": 98118956, "raw_average_key_size": 48, "raw_value_size": 26094429, "raw_average_value_size": 12, "num_data_blocks": 23732, "num_entries": 2018344, "filter_policy_name": "rocksdb.BuiltinBloomFilter", "kDeletedKeys": "0", "kMergeOperands": "0"}}
[25370] 01-07 05:33:19,895 INFO [RocksDB][db/compaction_job.cc:1211] [0] [JOB 10] Generated table #51: 336026 keys, 38562460 bytes
[25370] 01-07 05:33:19,895 INFO [RocksDB]EVENT_LOG_v1 {"time_micros": 1578375199895962, "cf_name": "0", "job": 10, "event": "table_file_creation", "file_number": 51, "file_size": 38562460, "table_properties": {"data_size": 37734164, "index_size": 499351, "filter_size": 555538, "raw_key_size": 13831671, "raw_average_key_size": 41, "raw_value_size": 31922452, "raw_average_value_size": 94, "num_data_blocks": 9413, "num_entries": 336026, "filter_policy_name": "rocksdb.BuiltinBloomFilter", "kDeletedKeys": "0", "kMergeOperands": "0"}}
[25370] 01-07 05:33:19,897 INFO [RocksDB][db/compaction_job.cc:1287] [0] [JOB 10] Compacted 1@1 + 1@2 files to L2 => 109185877 bytes
[25370] 01-07 05:33:19,898 INFO [RocksDB](Original Log Time 2020/01/07-05:33:19.898870) [db/compaction_job.cc:685] [0] compacted to: base level 1 max bytes base 536870912 files[0 16 3 0 0 0 0] max score 2.00, MB/sec: 30.6 rd, 26.9 wr, level 2, files in(1, 1) out(2) MB in(66.5, 52.3) out(104.1), read-write-amplify(3.4) write-amplify(1.6) OK, records in: 2354371, records dropped: 1 output_compression: Snappy

[25370] 01-07 05:33:19,898 INFO [RocksDB](Original Log Time 2020/01/07-05:33:19.898899) EVENT_LOG_v1 {"time_micros": 1578375199898892, "job": 10, "event": "compaction_finished", "compaction_time_micros": 4065488, "output_level": 2, "num_output_files": 2, "total_output_size": 109185877, "num_input_records": 2354371, "num_output_records": 2354370, "num_subcompactions": 1, "output_compression": "Snappy", "num_single_delete_mismatches": 0, "num_single_delete_fallthrough": 0, "lsm_state": [0, 16, 3, 0, 0, 0, 0]}
[25370] 01-07 05:33:19,898 INFO [RocksDB][db/compaction_job.cc:1531] [0] [JOB 11] Compacting 1@1 files to L2, score 2.00
[25370] 01-07 05:33:19,898 INFO [RocksDB][db/compaction_job.cc:1535] [0] Compaction start summary: Base version 11 Base level 1, inputs: [38(65MB)]

[25370] 01-07 05:33:19,898 INFO [RocksDB]EVENT_LOG_v1 {"time_micros": 1578375199898981, "job": 11, "event": "compaction_started", "compaction_reason": "LevelMaxLevelSize", "files_L1": [38], "score": 2.00369, "input_data_size": 68990179}
[25370] 01-07 05:33:19,906 INFO [RocksDB]EVENT_LOG_v1 {"time_micros": 1578375199906764, "job": 0, "event": "table_file_deletion", "file_number": 33}
[25370] 01-07 05:33:19,912 INFO [RocksDB]EVENT_LOG_v1 {"time_micros": 1578375199912364, "job": 0, "event": "table_file_deletion", "file_number": 28}
[25370] 01-07 05:33:21,205 INFO [RocksDB][db/compaction_job.cc:1211] [0] [JOB 11] Generated table #52: 597624 keys, 68585256 bytes
[25370] 01-07 05:33:21,205 INFO [RocksDB]EVENT_LOG_v1 {"time_micros": 1578375201205414, "cf_name": "0", "job": 11, "event": "table_file_creation", "file_number": 52, "file_size": 68585256, "table_properties": {"data_size": 67112470, "index_size": 888625, "filter_size": 988053, "raw_key_size": 24597673, "raw_average_key_size": 41, "raw_value_size": 56774325, "raw_average_value_size": 95, "num_data_blocks": 16743, "num_entries": 597624, "filter_policy_name": "rocksdb.BuiltinBloomFilter", "kDeletedKeys": "0", "kMergeOperands": "0"}}
[25370] 01-07 05:33:21,206 INFO [RocksDB][db/compaction_job.cc:1287] [0] [JOB 11] Compacted 1@1 files to L2 => 68585256 bytes
[25370] 01-07 05:33:21,208 INFO [RocksDB](Original Log Time 2020/01/07-05:33:21.208429) [db/compaction_job.cc:685] [0] compacted to: base level 1 max bytes base 536870912 files[0 15 4 0 0 0 0] max score 1.88, MB/sec: 52.8 rd, 52.4 wr, level 2, files in(1, 0) out(1) MB in(65.8, 0.0) out(65.4), read-write-amplify(2.0) write-amplify(1.0) OK, records in: 597624, records dropped: 0 output_compression: Snappy

[25370] 01-07 05:33:21,208 INFO [RocksDB](Original Log Time 2020/01/07-05:33:21.208449) EVENT_LOG_v1 {"time_micros": 1578375201208442, "job": 11, "event": "compaction_finished", "compaction_time_micros": 1307710, "output_level": 2, "num_output_files": 1, "total_output_size": 68585256, "num_input_records": 597624, "num_output_records": 597624, "num_subcompactions": 1, "output_compression": "Snappy", "num_single_delete_mismatches": 0, "num_single_delete_fallthrough": 0, "lsm_state": [0, 15, 4, 0, 0, 0, 0]}
[25370] 01-07 05:33:21,208 INFO [RocksDB][db/compaction_job.cc:1531] [0] [JOB 12] Compacting 1@1 files to L2, score 1.88
[25370] 01-07 05:33:21,208 INFO [RocksDB][db/compaction_job.cc:1535] [0] Compaction start summary: Base version 12 Base level 1, inputs: [41(65MB)]

[25370] 01-07 05:33:21,208 INFO [RocksDB]EVENT_LOG_v1 {"time_micros": 1578375201208538, "job": 12, "event": "compaction_started", "compaction_reason": "LevelMaxLevelSize", "files_L1": [41], "score": 1.87519, "input_data_size": 68989827}
[25370] 01-07 05:33:21,215 INFO [RocksDB]EVENT_LOG_v1 {"time_micros": 1578375201215680, "job": 0, "event": "table_file_deletion", "file_number": 38}
[25370] 01-07 05:33:22,538 INFO [RocksDB][db/compaction_job.cc:1211] [0] [JOB 12] Generated table #53: 597603 keys, 68584931 bytes
[25370] 01-07 05:33:22,538 INFO [RocksDB]EVENT_LOG_v1 {"time_micros": 1578375202538700, "cf_name": "0", "job": 12, "event": "table_file_creation", "file_number": 53, "file_size": 68584931, "table_properties": {"data_size": 67111933, "index_size": 888842, "filter_size": 988021, "raw_key_size": 24597382, "raw_average_key_size": 41, "raw_value_size": 56772240, "raw_average_value_size": 94, "num_data_blocks": 16742, "num_entries": 597603, "filter_policy_name": "rocksdb.BuiltinBloomFilter", "kDeletedKeys": "0", "kMergeOperands": "0"}}
[25370] 01-07 05:33:22,540 INFO [RocksDB][db/compaction_job.cc:1287] [0] [JOB 12] Compacted 1@1 files to L2 => 68584931 bytes
[25370] 01-07 05:33:22,541 INFO [RocksDB](Original Log Time 2020/01/07-05:33:22.541707) [db/compaction_job.cc:685] [0] compacted to: base level 1 max bytes base 536870912 files[0 14 5 0 0 0 0] max score 1.75, MB/sec: 51.8 rd, 51.5 wr, level 2, files in(1, 0) out(1) MB in(65.8, 0.0) out(65.4), read-write-amplify(2.0) write-amplify(1.0) OK, records in: 597603, records dropped: 0 output_compression: Snappy

[25370] 01-07 05:33:22,541 INFO [RocksDB](Original Log Time 2020/01/07-05:33:22.541721) EVENT_LOG_v1 {"time_micros": 1578375202541716, "job": 12, "event": "compaction_finished", "compaction_time_micros": 1331448, "output_level": 2, "num_output_files": 1, "total_output_size": 68584931, "num_input_records": 597603, "num_output_records": 597603, "num_subcompactions": 1, "output_compression": "Snappy", "num_single_delete_mismatches": 0, "num_single_delete_fallthrough": 0, "lsm_state": [0, 14, 5, 0, 0, 0, 0]}
[25370] 01-07 05:33:22,548 INFO [RocksDB]EVENT_LOG_v1 {"time_micros": 1578375202548995, "job": 12, "event": "table_file_deletion", "file_number": 41}
[25370] 01-07 05:33:22,549 INFO [RocksDB][db/compaction_job.cc:1531] [0] [JOB 13] Compacting 1@1 files to L2, score 1.75
[25370] 01-07 05:33:22,549 INFO [RocksDB][db/compaction_job.cc:1535] [0] Compaction start summary: Base version 13 Base level 1, inputs: [39(65MB)]

[25370] 01-07 05:33:22,549 INFO [RocksDB]EVENT_LOG_v1 {"time_micros": 1578375202549044, "job": 13, "event": "compaction_started", "compaction_reason": "LevelMaxLevelSize", "files_L1": [39], "score": 1.74668, "input_data_size": 68989775}
[25370] 01-07 05:33:23,850 INFO [RocksDB][db/compaction_job.cc:1211] [0] [JOB 13] Generated table #54: 597594 keys, 68584829 bytes
[25370] 01-07 05:33:23,851 INFO [RocksDB]EVENT_LOG_v1 {"time_micros": 1578375203850995, "cf_name": "0", "job": 13, "event": "table_file_creation", "file_number": 54, "file_size": 68584829, "table_properties": {"data_size": 67111376, "index_size": 889349, "filter_size": 988019, "raw_key_size": 24598442, "raw_average_key_size": 41, "raw_value_size": 56771403, "raw_average_value_size": 94, "num_data_blocks": 16743, "num_entries": 597594, "filter_policy_name": "rocksdb.BuiltinBloomFilter", "kDeletedKeys": "0", "kMergeOperands": "0"}}
[25370] 01-07 05:33:23,852 INFO [RocksDB][db/compaction_job.cc:1287] [0] [JOB 13] Compacted 1@1 files to L2 => 68584829 bytes
[25370] 01-07 05:33:23,854 INFO [RocksDB](Original Log Time 2020/01/07-05:33:23.854057) [db/compaction_job.cc:685] [0] compacted to: base level 1 max bytes base 536870912 files[0 13 6 0 0 0 0] max score 1.62, MB/sec: 52.9 rd, 52.6 wr, level 2, files in(1, 0) out(1) MB in(65.8, 0.0) out(65.4), read-write-amplify(2.0) write-amplify(1.0) OK, records in: 597594, records dropped: 0 output_compression: Snappy

[25370] 01-07 05:33:23,854 INFO [RocksDB](Original Log Time 2020/01/07-05:33:23.854076) EVENT_LOG_v1 {"time_micros": 1578375203854069, "job": 13, "event": "compaction_finished", "compaction_time_micros": 1303223, "output_level": 2, "num_output_files": 1, "total_output_size": 68584829, "num_input_records": 597594, "num_output_records": 597594, "num_subcompactions": 1, "output_compression": "Snappy", "num_single_delete_mismatches": 0, "num_single_delete_fallthrough": 0, "lsm_state": [0, 13, 6, 0, 0, 0, 0]}
[25370] 01-07 05:33:23,854 INFO [RocksDB][db/compaction_job.cc:1531] [0] [JOB 14] Compacting 1@1 files to L2, score 1.62
[25370] 01-07 05:33:23,854 INFO [RocksDB][db/compaction_job.cc:1535] [0] Compaction start summary: Base version 14 Base level 1, inputs: [37(65MB)]

[25370] 01-07 05:33:23,854 INFO [RocksDB]EVENT_LOG_v1 {"time_micros": 1578375203854162, "job": 14, "event": "compaction_started", "compaction_reason": "LevelMaxLevelSize", "files_L1": [37], "score": 1.61818, "input_data_size": 68989733}
[25370] 01-07 05:33:23,861 INFO [RocksDB]EVENT_LOG_v1 {"time_micros": 1578375203861116, "job": 0, "event": "table_file_deletion", "file_number": 39}
[25370] 01-07 05:33:25,154 INFO [RocksDB][db/compaction_job.cc:1211] [0] [JOB 14] Generated table #55: 597608 keys, 68585122 bytes
[25370] 01-07 05:33:25,154 INFO [RocksDB]EVENT_LOG_v1 {"time_micros": 1578375205154135, "cf_name": "0", "job": 14, "event": "table_file_creation", "file_number": 55, "file_size": 68585122, "table_properties": {"data_size": 67111867, "index_size": 888800, "filter_size": 988035, "raw_key_size": 24597526, "raw_average_key_size": 41, "raw_value_size": 56772760, "raw_average_value_size": 95, "num_data_blocks": 16743, "num_entries": 597608, "filter_policy_name": "rocksdb.BuiltinBloomFilter", "kDeletedKeys": "0", "kMergeOperands": "0"}}
[25370] 01-07 05:33:25,155 INFO [RocksDB][db/compaction_job.cc:1287] [0] [JOB 14] Compacted 1@1 files to L2 => 68585122 bytes
[25370] 01-07 05:33:25,157 INFO [RocksDB](Original Log Time 2020/01/07-05:33:25.157189) [db/compaction_job.cc:685] [0] compacted to: base level 1 max bytes base 536870912 files[0 12 7 0 0 0 0] max score 1.49, MB/sec: 53.0 rd, 52.7 wr, level 2, files in(1, 0) out(1) MB in(65.8, 0.0) out(65.4), read-write-amplify(2.0) write-amplify(1.0) OK, records in: 597608, records dropped: 0 output_compression: Snappy

[25370] 01-07 05:33:25,157 INFO [RocksDB](Original Log Time 2020/01/07-05:33:25.157214) EVENT_LOG_v1 {"time_micros": 1578375205157198, "job": 14, "event": "compaction_finished", "compaction_time_micros": 1301132, "output_level": 2, "num_output_files": 1, "total_output_size": 68585122, "num_input_records": 597608, "num_output_records": 597608, "num_subcompactions": 1, "output_compression": "Snappy", "num_single_delete_mismatches": 0, "num_single_delete_fallthrough": 0, "lsm_state": [0, 12, 7, 0, 0, 0, 0]}
[25370] 01-07 05:33:25,157 INFO [RocksDB][db/compaction_job.cc:1531] [0] [JOB 15] Compacting 1@1 files to L2, score 1.49
[25370] 01-07 05:33:25,157 INFO [RocksDB][db/compaction_job.cc:1535] [0] Compaction start summary: Base version 15 Base level 1, inputs: [42(65MB)]

[25370] 01-07 05:33:25,157 INFO [RocksDB]EVENT_LOG_v1 {"time_micros": 1578375205157284, "job": 15, "event": "compaction_started", "compaction_reason": "LevelMaxLevelSize", "files_L1": [42], "score": 1.48968, "input_data_size": 68989644}
[25370] 01-07 05:33:25,164 INFO [RocksDB]EVENT_LOG_v1 {"time_micros": 1578375205164723, "job": 0, "event": "table_file_deletion", "file_number": 37}
[25370] 01-07 05:33:26,482 INFO [RocksDB][db/compaction_job.cc:1211] [0] [JOB 15] Generated table #56: 597610 keys, 68584438 bytes
[25370] 01-07 05:33:26,482 INFO [RocksDB]EVENT_LOG_v1 {"time_micros": 1578375206482872, "cf_name": "0", "job": 15, "event": "table_file_creation", "file_number": 56, "file_size": 68584438, "table_properties": {"data_size": 67111398, "index_size": 889178, "filter_size": 988037, "raw_key_size": 24600525, "raw_average_key_size": 41, "raw_value_size": 56772968, "raw_average_value_size": 95, "num_data_blocks": 16743, "num_entries": 597610, "filter_policy_name": "rocksdb.BuiltinBloomFilter", "kDeletedKeys": "0", "kMergeOperands": "0"}}
[25370] 01-07 05:33:26,484 INFO [RocksDB][db/compaction_job.cc:1287] [0] [JOB 15] Compacted 1@1 files to L2 => 68584438 bytes
[25370] 01-07 05:33:26,486 INFO [RocksDB](Original Log Time 2020/01/07-05:33:26.486016) [db/compaction_job.cc:685] [0] compacted to: base level 1 max bytes base 536870912 files[0 11 8 0 0 0 0] max score 1.36, MB/sec: 52.0 rd, 51.7 wr, level 2, files in(1, 0) out(1) MB in(65.8, 0.0) out(65.4), read-write-amplify(2.0) write-amplify(1.0) OK, records in: 597610, records dropped: 0 output_compression: Snappy

[25370] 01-07 05:33:26,486 INFO [RocksDB](Original Log Time 2020/01/07-05:33:26.486042) EVENT_LOG_v1 {"time_micros": 1578375206486025, "job": 15, "event": "compaction_finished", "compaction_time_micros": 1326821, "output_level": 2, "num_output_files": 1, "total_output_size": 68584438, "num_input_records": 597610, "num_output_records": 597610, "num_subcompactions": 1, "output_compression": "Snappy", "num_single_delete_mismatches": 0, "num_single_delete_fallthrough": 0, "lsm_state": [0, 11, 8, 0, 0, 0, 0]}
[25370] 01-07 05:33:26,486 INFO [RocksDB][db/compaction_job.cc:1531] [0] [JOB 16] Compacting 1@1 files to L2, score 1.36
[25370] 01-07 05:33:26,486 INFO [RocksDB][db/compaction_job.cc:1535] [0] Compaction start summary: Base version 16 Base level 1, inputs: [43(65MB)]

[25370] 01-07 05:33:26,486 INFO [RocksDB]EVENT_LOG_v1 {"time_micros": 1578375206486105, "job": 16, "event": "compaction_started", "compaction_reason": "LevelMaxLevelSize", "files_L1": [43], "score": 1.36117, "input_data_size": 68989386}
[25370] 01-07 05:33:26,493 INFO [RocksDB]EVENT_LOG_v1 {"time_micros": 1578375206493165, "job": 0, "event": "table_file_deletion", "file_number": 42}
[25370] 01-07 05:33:27,805 INFO [RocksDB][db/compaction_job.cc:1211] [0] [JOB 16] Generated table #57: 597630 keys, 68584388 bytes
[25370] 01-07 05:33:27,805 INFO [RocksDB]EVENT_LOG_v1 {"time_micros": 1578375207805713, "cf_name": "0", "job": 16, "event": "table_file_creation", "file_number": 57, "file_size": 68584388, "table_properties": {"data_size": 67111869, "index_size": 888443, "filter_size": 988043, "raw_key_size": 24597778, "raw_average_key_size": 41, "raw_value_size": 56774850, "raw_average_value_size": 95, "num_data_blocks": 16741, "num_entries": 597630, "filter_policy_name": "rocksdb.BuiltinBloomFilter", "kDeletedKeys": "0", "kMergeOperands": "0"}}
[25370] 01-07 05:33:27,806 INFO [RocksDB][db/compaction_job.cc:1287] [0] [JOB 16] Compacted 1@1 files to L2 => 68584388 bytes
[25370] 01-07 05:33:27,808 INFO [RocksDB](Original Log Time 2020/01/07-05:33:27.808708) [db/compaction_job.cc:685] [0] compacted to: base level 1 max bytes base 536870912 files[0 10 9 0 0 0 0] max score 1.23, MB/sec: 52.2 rd, 51.9 wr, level 2, files in(1, 0) out(1) MB in(65.8, 0.0) out(65.4), read-write-amplify(2.0) write-amplify(1.0) OK, records in: 597630, records dropped: 0 output_compression: Snappy

[25370] 01-07 05:33:27,808 INFO [RocksDB](Original Log Time 2020/01/07-05:33:27.808734) EVENT_LOG_v1 {"time_micros": 1578375207808718, "job": 16, "event": "compaction_finished", "compaction_time_micros": 1320844, "output_level": 2, "num_output_files": 1, "total_output_size": 68584388, "num_input_records": 597630, "num_output_records": 597630, "num_subcompactions": 1, "output_compression": "Snappy", "num_single_delete_mismatches": 0, "num_single_delete_fallthrough": 0, "lsm_state": [0, 10, 9, 0, 0, 0, 0]}
[25370] 01-07 05:33:27,816 INFO [RocksDB]EVENT_LOG_v1 {"time_micros": 1578375207816347, "job": 16, "event": "table_file_deletion", "file_number": 43}
[25370] 01-07 05:33:27,816 INFO [RocksDB][db/compaction_job.cc:1531] [0] [JOB 17] Compacting 1@1 files to L2, score 1.23
[25370] 01-07 05:33:27,816 INFO [RocksDB][db/compaction_job.cc:1535] [0] Compaction start summary: Base version 17 Base level 1, inputs: [40(65MB)]

[25370] 01-07 05:33:27,816 INFO [RocksDB]EVENT_LOG_v1 {"time_micros": 1578375207816425, "job": 17, "event": "compaction_started", "compaction_reason": "LevelMaxLevelSize", "files_L1": [40], "score": 1.23267, "input_data_size": 68989212}
[25370] 01-07 05:33:29,112 INFO [RocksDB][db/compaction_job.cc:1211] [0] [JOB 17] Generated table #58: 597622 keys, 68584565 bytes
[25370] 01-07 05:33:29,112 INFO [RocksDB]EVENT_LOG_v1 {"time_micros": 1578375209112798, "cf_name": "0", "job": 17, "event": "table_file_creation", "file_number": 58, "file_size": 68584565, "table_properties": {"data_size": 67111723, "index_size": 888416, "filter_size": 988042, "raw_key_size": 24597765, "raw_average_key_size": 41, "raw_value_size": 56774117, "raw_average_value_size": 95, "num_data_blocks": 16742, "num_entries": 597622, "filter_policy_name": "rocksdb.BuiltinBloomFilter", "kDeletedKeys": "0", "kMergeOperands": "0"}}
[25370] 01-07 05:33:29,114 INFO [RocksDB][db/compaction_job.cc:1287] [0] [JOB 17] Compacted 1@1 files to L2 => 68584565 bytes
[25370] 01-07 05:33:29,115 INFO [RocksDB](Original Log Time 2020/01/07-05:33:29.115753) [db/compaction_job.cc:685] [0] compacted to: base level 1 max bytes base 536870912 files[0 9 10 0 0 0 0] max score 1.10, MB/sec: 53.2 rd, 52.9 wr, level 2, files in(1, 0) out(1) MB in(65.8, 0.0) out(65.4), read-write-amplify(2.0) write-amplify(1.0) OK, records in: 597622, records dropped: 0 output_compression: Snappy

[25370] 01-07 05:33:29,115 INFO [RocksDB](Original Log Time 2020/01/07-05:33:29.115766) EVENT_LOG_v1 {"time_micros": 1578375209115761, "job": 17, "event": "compaction_finished", "compaction_time_micros": 1297611, "output_level": 2, "num_output_files": 1, "total_output_size": 68584565, "num_input_records": 597622, "num_output_records": 597622, "num_subcompactions": 1, "output_compression": "Snappy", "num_single_delete_mismatches": 0, "num_single_delete_fallthrough": 0, "lsm_state": [0, 9, 10, 0, 0, 0, 0]}
[25370] 01-07 05:33:29,115 INFO [RocksDB][db/compaction_job.cc:1531] [0] [JOB 18] Compacting 1@1 files to L2, score 1.10
[25370] 01-07 05:33:29,115 INFO [RocksDB][db/compaction_job.cc:1535] [0] Compaction start summary: Base version 18 Base level 1, inputs: [36(65MB)]

[25370] 01-07 05:33:29,115 INFO [RocksDB]EVENT_LOG_v1 {"time_micros": 1578375209115834, "job": 18, "event": "compaction_started", "compaction_reason": "LevelMaxLevelSize", "files_L1": [36], "score": 1.10417, "input_data_size": 68988968}
[25370] 01-07 05:33:29,122 INFO [RocksDB]EVENT_LOG_v1 {"time_micros": 1578375209122853, "job": 0, "event": "table_file_deletion", "file_number": 40}
[25370] 01-07 05:33:30,438 INFO [RocksDB][db/compaction_job.cc:1211] [0] [JOB 18] Generated table #59: 597600 keys, 68583696 bytes
[25370] 01-07 05:33:30,438 INFO [RocksDB]EVENT_LOG_v1 {"time_micros": 1578375210438812, "cf_name": "0", "job": 18, "event": "table_file_creation", "file_number": 59, "file_size": 68583696, "table_properties": {"data_size": 67110676, "index_size": 889240, "filter_size": 988021, "raw_key_size": 24599499, "raw_average_key_size": 41, "raw_value_size": 56772027, "raw_average_value_size": 95, "num_data_blocks": 16743, "num_entries": 597600, "filter_policy_name": "rocksdb.BuiltinBloomFilter", "kDeletedKeys": "0", "kMergeOperands": "0"}}
[25370] 01-07 05:33:30,440 INFO [RocksDB][db/compaction_job.cc:1287] [0] [JOB 18] Compacted 1@1 files to L2 => 68583696 bytes
[25370] 01-07 05:33:30,441 INFO [RocksDB](Original Log Time 2020/01/07-05:33:30.441902) [db/compaction_job.cc:685] [0] compacted to: base level 1 max bytes base 536870912 files[0 8 11 0 0 0 0] max score 0.98, MB/sec: 52.1 rd, 51.8 wr, level 2, files in(1, 0) out(1) MB in(65.8, 0.0) out(65.4), read-write-amplify(2.0) write-amplify(1.0) OK, records in: 597600, records dropped: 0 output_compression: Snappy

[25370] 01-07 05:33:30,441 INFO [RocksDB](Original Log Time 2020/01/07-05:33:30.441919) EVENT_LOG_v1 {"time_micros": 1578375210441914, "job": 18, "event": "compaction_finished", "compaction_time_micros": 1324358, "output_level": 2, "num_output_files": 1, "total_output_size": 68583696, "num_input_records": 597600, "num_output_records": 597600, "num_subcompactions": 1, "output_compression": "Snappy", "num_single_delete_mismatches": 0, "num_single_delete_fallthrough": 0, "lsm_state": [0, 8, 11, 0, 0, 0, 0]}
[25370] 01-07 05:33:30,449 INFO [RocksDB]EVENT_LOG_v1 {"time_micros": 1578375210449400, "job": 0, "event": "table_file_deletion", "file_number": 36}
