[26089] 01-07 05:33:59,718 INFO [RocksDB]RocksDB version: 5.14.2

[26089] 01-07 05:33:59,724 INFO [RocksDB]Git sha rocksdb_build_git_sha:fc00d54a097e35332052f4c39c3229d413a023b6
[26089] 01-07 05:33:59,724 INFO [RocksDB]Compile date Jan  7 2020
[26089] 01-07 05:33:59,724 INFO [RocksDB]DB SUMMARY

[26089] 01-07 05:33:59,724 INFO [RocksDB]SST files in /home/ubuntu/ardb/data/rocksdb dir, Total Num: 0, files: 

[26089] 01-07 05:33:59,724 INFO [RocksDB]Write Ahead Log file in /home/ubuntu/ardb/data/rocksdb: 

[26089] 01-07 05:33:59,724 INFO [RocksDB]                        Options.error_if_exists: 0
[26089] 01-07 05:33:59,724 INFO [RocksDB]                      Options.create_if_missing: 1
[26089] 01-07 05:33:59,724 INFO [RocksDB]                        Options.paranoid_checks: 1
[26089] 01-07 05:33:59,724 INFO [RocksDB]                                    Options.env: 0xbf86c0
[26089] 01-07 05:33:59,724 INFO [RocksDB]                               Options.info_log: 0x7fd1d5c3f8a0
[26089] 01-07 05:33:59,724 INFO [RocksDB]               Options.max_file_opening_threads: 16
[26089] 01-07 05:33:59,724 INFO [RocksDB]                             Options.statistics: (nil)
[26089] 01-07 05:33:59,724 INFO [RocksDB]                              Options.use_fsync: 0
[26089] 01-07 05:33:59,724 INFO [RocksDB]                      Options.max_log_file_size: 0
[26089] 01-07 05:33:59,724 INFO [RocksDB]                 Options.max_manifest_file_size: 18446744073709551615
[26089] 01-07 05:33:59,724 INFO [RocksDB]                  Options.log_file_time_to_roll: 0
[26089] 01-07 05:33:59,724 INFO [RocksDB]                      Options.keep_log_file_num: 1000
[26089] 01-07 05:33:59,724 INFO [RocksDB]                   Options.recycle_log_file_num: 0
[26089] 01-07 05:33:59,724 INFO [RocksDB]                        Options.allow_fallocate: 1
[26089] 01-07 05:33:59,724 INFO [RocksDB]                       Options.allow_mmap_reads: 0
[26089] 01-07 05:33:59,724 INFO [RocksDB]                      Options.allow_mmap_writes: 0
[26089] 01-07 05:33:59,724 INFO [RocksDB]                       Options.use_direct_reads: 0
[26089] 01-07 05:33:59,724 INFO [RocksDB]                       Options.use_direct_io_for_flush_and_compaction: 0
[26089] 01-07 05:33:59,724 INFO [RocksDB]         Options.create_missing_column_families: 0
[26089] 01-07 05:33:59,724 INFO [RocksDB]                             Options.db_log_dir: 
[26089] 01-07 05:33:59,724 INFO [RocksDB]                                Options.wal_dir: /home/ubuntu/ardb/data/rocksdb
[26089] 01-07 05:33:59,724 INFO [RocksDB]               Options.table_cache_numshardbits: 6
[26089] 01-07 05:33:59,724 INFO [RocksDB]                     Options.max_subcompactions: 1
[26089] 01-07 05:33:59,724 INFO [RocksDB]                 Options.max_background_flushes: -1
[26089] 01-07 05:33:59,724 INFO [RocksDB]                        Options.WAL_ttl_seconds: 0
[26089] 01-07 05:33:59,724 INFO [RocksDB]                      Options.WAL_size_limit_MB: 0
[26089] 01-07 05:33:59,724 INFO [RocksDB]            Options.manifest_preallocation_size: 4194304
[26089] 01-07 05:33:59,724 INFO [RocksDB]                    Options.is_fd_close_on_exec: 1
[26089] 01-07 05:33:59,724 INFO [RocksDB]                  Options.advise_random_on_open: 1
[26089] 01-07 05:33:59,724 INFO [RocksDB]                   Options.db_write_buffer_size: 0
[26089] 01-07 05:33:59,724 INFO [RocksDB]                   Options.write_buffer_manager: 0x7fd1d63fa7d0
[26089] 01-07 05:33:59,724 INFO [RocksDB]        Options.access_hint_on_compaction_start: 1
[26089] 01-07 05:33:59,724 INFO [RocksDB] Options.new_table_reader_for_compaction_inputs: 0
[26089] 01-07 05:33:59,724 INFO [RocksDB]          Options.random_access_max_buffer_size: 1048576
[26089] 01-07 05:33:59,724 INFO [RocksDB]                     Options.use_adaptive_mutex: 1
[26089] 01-07 05:33:59,724 INFO [RocksDB]                           Options.rate_limiter: 0x7fd1d5c38540
[26089] 01-07 05:33:59,724 INFO [RocksDB]    Options.sst_file_manager.rate_bytes_per_sec: 0
[26089] 01-07 05:33:59,724 INFO [RocksDB]                      Options.wal_recovery_mode: 2
[26089] 01-07 05:33:59,724 INFO [RocksDB]                 Options.enable_thread_tracking: 0
[26089] 01-07 05:33:59,724 INFO [RocksDB]                 Options.enable_pipelined_write: 1
[26089] 01-07 05:33:59,724 INFO [RocksDB]        Options.allow_concurrent_memtable_write: 1
[26089] 01-07 05:33:59,724 INFO [RocksDB]     Options.enable_write_thread_adaptive_yield: 1
[26089] 01-07 05:33:59,724 INFO [RocksDB]            Options.write_thread_max_yield_usec: 100
[26089] 01-07 05:33:59,724 INFO [RocksDB]           Options.write_thread_slow_yield_usec: 3
[26089] 01-07 05:33:59,724 INFO [RocksDB]                              Options.row_cache: None
[26089] 01-07 05:33:59,724 INFO [RocksDB]                             Options.wal_filter: None
[26089] 01-07 05:33:59,724 INFO [RocksDB]            Options.avoid_flush_during_recovery: 0
[26089] 01-07 05:33:59,724 INFO [RocksDB]            Options.allow_ingest_behind: 0
[26089] 01-07 05:33:59,724 INFO [RocksDB]            Options.preserve_deletes: 0
[26089] 01-07 05:33:59,724 INFO [RocksDB]            Options.two_write_queues: 0
[26089] 01-07 05:33:59,724 INFO [RocksDB]            Options.manual_wal_flush: 0
[26089] 01-07 05:33:59,724 INFO [RocksDB]            Options.max_background_jobs: 16
[26089] 01-07 05:33:59,724 INFO [RocksDB]            Options.max_background_compactions: -1
[26089] 01-07 05:33:59,724 INFO [RocksDB]            Options.avoid_flush_during_shutdown: 0
[26089] 01-07 05:33:59,724 INFO [RocksDB]          Options.writable_file_max_buffer_size: 1048576
[26089] 01-07 05:33:59,724 INFO [RocksDB]            Options.delayed_write_rate : 52428800
[26089] 01-07 05:33:59,724 INFO [RocksDB]            Options.max_total_wal_size: 0
[26089] 01-07 05:33:59,724 INFO [RocksDB]            Options.delete_obsolete_files_period_micros: 21600000000
[26089] 01-07 05:33:59,724 INFO [RocksDB]                  Options.stats_dump_period_sec: 100000
[26089] 01-07 05:33:59,724 INFO [RocksDB]                         Options.max_open_files: 1024
[26089] 01-07 05:33:59,724 INFO [RocksDB]                         Options.bytes_per_sync: 1048576
[26089] 01-07 05:33:59,724 INFO [RocksDB]                     Options.wal_bytes_per_sync: 0
[26089] 01-07 05:33:59,724 INFO [RocksDB]      Options.compaction_readahead_size: 0
[26089] 01-07 05:33:59,724 INFO [RocksDB]Compression algorithms supported:
[26089] 01-07 05:33:59,724 INFO [RocksDB]	kZSTDNotFinalCompression supported: 0
[26089] 01-07 05:33:59,724 INFO [RocksDB]	kZSTD supported: 0
[26089] 01-07 05:33:59,724 INFO [RocksDB]	kXpressCompression supported: 0
[26089] 01-07 05:33:59,724 INFO [RocksDB]	kLZ4HCCompression supported: 0
[26089] 01-07 05:33:59,724 INFO [RocksDB]	kLZ4Compression supported: 0
[26089] 01-07 05:33:59,724 INFO [RocksDB]	kBZip2Compression supported: 0
[26089] 01-07 05:33:59,724 INFO [RocksDB]	kZlibCompression supported: 1
[26089] 01-07 05:33:59,724 INFO [RocksDB]	kSnappyCompression supported: 1
[26089] 01-07 05:33:59,724 INFO [RocksDB]Fast CRC32 supported: Supported on x86
[26089] 01-07 05:33:59,725 INFO [RocksDB][db/db_impl_open.cc:222] Creating manifest 1 

[26089] 01-07 05:33:59,732 INFO [RocksDB][db/version_set.cc:3085] Recovering from manifest file: MANIFEST-000001

[26089] 01-07 05:33:59,732 INFO [RocksDB][db/column_family.cc:475] --------------- Options for column family [default]:

[26089] 01-07 05:33:59,732 INFO [RocksDB]              Options.comparator: ardb.comparator
[26089] 01-07 05:33:59,732 INFO [RocksDB]          Options.merge_operator: ardb.merger
[26089] 01-07 05:33:59,732 INFO [RocksDB]       Options.compaction_filter: None
[26089] 01-07 05:33:59,732 INFO [RocksDB]       Options.compaction_filter_factory: ardb.compact_filter_factory
[26089] 01-07 05:33:59,732 INFO [RocksDB]        Options.memtable_factory: SkipListFactory
[26089] 01-07 05:33:59,732 INFO [RocksDB]           Options.table_factory: BlockBasedTable
[26089] 01-07 05:33:59,732 INFO [RocksDB]           table_factory options:   flush_block_policy_factory: FlushBlockBySizePolicyFactory (0x7fd1d6208018)
  cache_index_and_filter_blocks: 0
  cache_index_and_filter_blocks_with_high_priority: 0
  pin_l0_filter_and_index_blocks_in_cache: 0
  index_type: 0
  hash_index_allow_collision: 1
  checksum: 1
  no_block_cache: 0
  block_cache: 0x7fd1d6281cf0
  block_cache_name: LRUCache
  block_cache_options:
    capacity : 536870912
    num_shard_bits : 6
    strict_capacity_limit : 0
    high_pri_pool_ratio: 0.000
  block_cache_compressed: (nil)
  persistent_cache: (nil)
  block_size: 4096
  block_size_deviation: 10
  block_restart_interval: 16
  index_block_restart_interval: 1
  metadata_block_size: 4096
  partition_filters: 0
  use_delta_encoding: 1
  filter_policy: rocksdb.BuiltinBloomFilter
  whole_key_filtering: 1
  verify_compression: 0
  read_amp_bytes_per_bit: 0
  format_version: 2
  enable_index_compression: 1
  block_align: 0

[26089] 01-07 05:33:59,732 INFO [RocksDB]       Options.write_buffer_size: 268435456
[26089] 01-07 05:33:59,732 INFO [RocksDB] Options.max_write_buffer_number: 6
[26089] 01-07 05:33:59,732 INFO [RocksDB]       Options.compression[0]: NoCompression
[26089] 01-07 05:33:59,732 INFO [RocksDB]       Options.compression[1]: NoCompression
[26089] 01-07 05:33:59,732 INFO [RocksDB]       Options.compression[2]: Snappy
[26089] 01-07 05:33:59,732 INFO [RocksDB]       Options.compression[3]: Snappy
[26089] 01-07 05:33:59,732 INFO [RocksDB]       Options.compression[4]: Snappy
[26089] 01-07 05:33:59,732 INFO [RocksDB]       Options.compression[5]: Snappy
[26089] 01-07 05:33:59,732 INFO [RocksDB]       Options.compression[6]: Snappy
[26089] 01-07 05:33:59,732 INFO [RocksDB]                 Options.bottommost_compression: Disabled
[26089] 01-07 05:33:59,732 INFO [RocksDB]      Options.prefix_extractor: ardb.prefix_extractor
[26089] 01-07 05:33:59,732 INFO [RocksDB]  Options.memtable_insert_with_hint_prefix_extractor: nullptr
[26089] 01-07 05:33:59,732 INFO [RocksDB]            Options.num_levels: 7
[26089] 01-07 05:33:59,732 INFO [RocksDB]       Options.min_write_buffer_number_to_merge: 2
[26089] 01-07 05:33:59,732 INFO [RocksDB]    Options.max_write_buffer_number_to_maintain: 0
[26089] 01-07 05:33:59,732 INFO [RocksDB]           Options.compression_opts.window_bits: -14
[26089] 01-07 05:33:59,732 INFO [RocksDB]                 Options.compression_opts.level: -1
[26089] 01-07 05:33:59,732 INFO [RocksDB]              Options.compression_opts.strategy: 0
[26089] 01-07 05:33:59,732 INFO [RocksDB]        Options.compression_opts.max_dict_bytes: 0
[26089] 01-07 05:33:59,732 INFO [RocksDB]        Options.compression_opts.zstd_max_train_bytes: 0
[26089] 01-07 05:33:59,732 INFO [RocksDB]     Options.level0_file_num_compaction_trigger: 2
[26089] 01-07 05:33:59,732 INFO [RocksDB]         Options.level0_slowdown_writes_trigger: 20
[26089] 01-07 05:33:59,732 INFO [RocksDB]             Options.level0_stop_writes_trigger: 36
[26089] 01-07 05:33:59,732 INFO [RocksDB]                  Options.target_file_size_base: 67108864
[26089] 01-07 05:33:59,732 INFO [RocksDB]            Options.target_file_size_multiplier: 1
[26089] 01-07 05:33:59,732 INFO [RocksDB]               Options.max_bytes_for_level_base: 536870912
[26089] 01-07 05:33:59,732 INFO [RocksDB]Options.level_compaction_dynamic_level_bytes: 0
[26089] 01-07 05:33:59,732 INFO [RocksDB]         Options.max_bytes_for_level_multiplier: 10.000000
[26089] 01-07 05:33:59,732 INFO [RocksDB]Options.max_bytes_for_level_multiplier_addtl[0]: 1
[26089] 01-07 05:33:59,732 INFO [RocksDB]Options.max_bytes_for_level_multiplier_addtl[1]: 1
[26089] 01-07 05:33:59,732 INFO [RocksDB]Options.max_bytes_for_level_multiplier_addtl[2]: 1
[26089] 01-07 05:33:59,732 INFO [RocksDB]Options.max_bytes_for_level_multiplier_addtl[3]: 1
[26089] 01-07 05:33:59,732 INFO [RocksDB]Options.max_bytes_for_level_multiplier_addtl[4]: 1
[26089] 01-07 05:33:59,732 INFO [RocksDB]Options.max_bytes_for_level_multiplier_addtl[5]: 1
[26089] 01-07 05:33:59,732 INFO [RocksDB]Options.max_bytes_for_level_multiplier_addtl[6]: 1
[26089] 01-07 05:33:59,732 INFO [RocksDB]      Options.max_sequential_skip_in_iterations: 8
[26089] 01-07 05:33:59,732 INFO [RocksDB]                   Options.max_compaction_bytes: 1677721600
[26089] 01-07 05:33:59,732 INFO [RocksDB]                       Options.arena_block_size: 33554432
[26089] 01-07 05:33:59,732 INFO [RocksDB]  Options.soft_pending_compaction_bytes_limit: 68719476736
[26089] 01-07 05:33:59,732 INFO [RocksDB]  Options.hard_pending_compaction_bytes_limit: 274877906944
[26089] 01-07 05:33:59,732 INFO [RocksDB]      Options.rate_limit_delay_max_milliseconds: 100
[26089] 01-07 05:33:59,732 INFO [RocksDB]               Options.disable_auto_compactions: 0
[26089] 01-07 05:33:59,732 INFO [RocksDB]                       Options.compaction_style: kCompactionStyleLevel
[26089] 01-07 05:33:59,732 INFO [RocksDB]                         Options.compaction_pri: kByCompensatedSize
[26089] 01-07 05:33:59,732 INFO [RocksDB]Options.compaction_options_universal.size_ratio: 1
[26089] 01-07 05:33:59,732 INFO [RocksDB]Options.compaction_options_universal.min_merge_width: 2
[26089] 01-07 05:33:59,732 INFO [RocksDB]Options.compaction_options_universal.max_merge_width: 4294967295
[26089] 01-07 05:33:59,732 INFO [RocksDB]Options.compaction_options_universal.max_size_amplification_percent: 200
[26089] 01-07 05:33:59,732 INFO [RocksDB]Options.compaction_options_universal.compression_size_percent: -1
[26089] 01-07 05:33:59,732 INFO [RocksDB]Options.compaction_options_universal.stop_style: kCompactionStopStyleTotalSize
[26089] 01-07 05:33:59,732 INFO [RocksDB]Options.compaction_options_fifo.max_table_files_size: 1073741824
[26089] 01-07 05:33:59,732 INFO [RocksDB]Options.compaction_options_fifo.allow_compaction: 0
[26089] 01-07 05:33:59,732 INFO [RocksDB]Options.compaction_options_fifo.ttl: 0
[26089] 01-07 05:33:59,732 INFO [RocksDB]                  Options.table_properties_collectors: 
[26089] 01-07 05:33:59,732 INFO [RocksDB]                  Options.inplace_update_support: 0
[26089] 01-07 05:33:59,732 INFO [RocksDB]                Options.inplace_update_num_locks: 10000
[26089] 01-07 05:33:59,732 INFO [RocksDB]              Options.memtable_prefix_bloom_size_ratio: 0.000000
[26089] 01-07 05:33:59,732 INFO [RocksDB]  Options.memtable_huge_page_size: 0
[26089] 01-07 05:33:59,732 INFO [RocksDB]                          Options.bloom_locality: 0
[26089] 01-07 05:33:59,732 INFO [RocksDB]                   Options.max_successive_merges: 0
[26089] 01-07 05:33:59,732 INFO [RocksDB]               Options.optimize_filters_for_hits: 0
[26089] 01-07 05:33:59,732 INFO [RocksDB]               Options.paranoid_file_checks: 0
[26089] 01-07 05:33:59,732 INFO [RocksDB]               Options.force_consistency_checks: 0
[26089] 01-07 05:33:59,732 INFO [RocksDB]               Options.report_bg_io_stats: 0
[26089] 01-07 05:33:59,732 INFO [RocksDB]                              Options.ttl: 0
[26089] 01-07 05:33:59,732 INFO [RocksDB][db/version_set.cc:3361] Recovered from manifest file:/home/ubuntu/ardb/data/rocksdb/MANIFEST-000001 succeeded,manifest_file_number is 1, next_file_number is 3, last_sequence is 0, log_number is 0,prev_log_number is 0,max_column_family is 0,min_log_number_to_keep is 0

[26089] 01-07 05:33:59,732 INFO [RocksDB][db/version_set.cc:3369] Column family [default] (ID 0), log number is 0

[26089] 01-07 05:33:59,737 INFO [RocksDB][db/db_impl_open.cc:1219] DB pointer 0x7fd1d5bbe000
[26089] 01-07 05:33:59,737 INFO Ardb init engine:rocksdb success.
[26089] 01-07 05:33:59,739 INFO Ardb will accept connections on 0.0.0.0:16379
[26089] 01-07 05:33:59,739 INFO Ardb started with version 0.10.0
[26089] 01-07 05:34:00,740 INFO ========================Period Statistics Dump Begin===========================
[26089] 01-07 05:34:00,740 INFO slave_sync_total_commands_processed:0
[26089] 01-07 05:34:00,740 INFO slave_sync_instantaneous_ops_per_sec:0
[26089] 01-07 05:34:00,740 INFO total_commands_processed:0
[26089] 01-07 05:34:00,740 INFO instantaneous_ops_per_sec:0
[26089] 01-07 05:34:00,740 INFO total_connections_received:0
[26089] 01-07 05:34:00,740 INFO rejected_connections:0
[26089] 01-07 05:34:00,740 INFO ========================Period Statistics Dump End===========================
[26089] 01-07 05:34:12,369 INFO [RocksDB][db/version_set.cc:2847] Creating manifest 6

[26089] 01-07 05:34:12,375 INFO [RocksDB][db/column_family.cc:475] --------------- Options for column family [0]:

[26089] 01-07 05:34:12,375 INFO [RocksDB]              Options.comparator: ardb.comparator
[26089] 01-07 05:34:12,375 INFO [RocksDB]          Options.merge_operator: ardb.merger
[26089] 01-07 05:34:12,375 INFO [RocksDB]       Options.compaction_filter: None
[26089] 01-07 05:34:12,375 INFO [RocksDB]       Options.compaction_filter_factory: ardb.compact_filter_factory
[26089] 01-07 05:34:12,375 INFO [RocksDB]        Options.memtable_factory: SkipListFactory
[26089] 01-07 05:34:12,375 INFO [RocksDB]           Options.table_factory: BlockBasedTable
[26089] 01-07 05:34:12,375 INFO [RocksDB]           table_factory options:   flush_block_policy_factory: FlushBlockBySizePolicyFactory (0x7fd1d6208018)
  cache_index_and_filter_blocks: 0
  cache_index_and_filter_blocks_with_high_priority: 0
  pin_l0_filter_and_index_blocks_in_cache: 0
  index_type: 0
  hash_index_allow_collision: 1
  checksum: 1
  no_block_cache: 0
  block_cache: 0x7fd1d6281cf0
  block_cache_name: LRUCache
  block_cache_options:
    capacity : 536870912
    num_shard_bits : 6
    strict_capacity_limit : 0
    high_pri_pool_ratio: 0.000
  block_cache_compressed: (nil)
  persistent_cache: (nil)
  block_size: 4096
  block_size_deviation: 10
  block_restart_interval: 16
  index_block_restart_interval: 1
  metadata_block_size: 4096
  partition_filters: 0
  use_delta_encoding: 1
  filter_policy: rocksdb.BuiltinBloomFilter
  whole_key_filtering: 1
  verify_compression: 0
  read_amp_bytes_per_bit: 0
  format_version: 2
  enable_index_compression: 1
  block_align: 0

[26089] 01-07 05:34:12,375 INFO [RocksDB]       Options.write_buffer_size: 268435456
[26089] 01-07 05:34:12,375 INFO [RocksDB] Options.max_write_buffer_number: 6
[26089] 01-07 05:34:12,375 INFO [RocksDB]       Options.compression[0]: NoCompression
[26089] 01-07 05:34:12,375 INFO [RocksDB]       Options.compression[1]: NoCompression
[26089] 01-07 05:34:12,375 INFO [RocksDB]       Options.compression[2]: Snappy
[26089] 01-07 05:34:12,375 INFO [RocksDB]       Options.compression[3]: Snappy
[26089] 01-07 05:34:12,375 INFO [RocksDB]       Options.compression[4]: Snappy
[26089] 01-07 05:34:12,375 INFO [RocksDB]       Options.compression[5]: Snappy
[26089] 01-07 05:34:12,375 INFO [RocksDB]       Options.compression[6]: Snappy
[26089] 01-07 05:34:12,375 INFO [RocksDB]                 Options.bottommost_compression: Disabled
[26089] 01-07 05:34:12,375 INFO [RocksDB]      Options.prefix_extractor: ardb.prefix_extractor
[26089] 01-07 05:34:12,375 INFO [RocksDB]  Options.memtable_insert_with_hint_prefix_extractor: nullptr
[26089] 01-07 05:34:12,375 INFO [RocksDB]            Options.num_levels: 7
[26089] 01-07 05:34:12,375 INFO [RocksDB]       Options.min_write_buffer_number_to_merge: 2
[26089] 01-07 05:34:12,375 INFO [RocksDB]    Options.max_write_buffer_number_to_maintain: 0
[26089] 01-07 05:34:12,375 INFO [RocksDB]           Options.compression_opts.window_bits: -14
[26089] 01-07 05:34:12,375 INFO [RocksDB]                 Options.compression_opts.level: -1
[26089] 01-07 05:34:12,375 INFO [RocksDB]              Options.compression_opts.strategy: 0
[26089] 01-07 05:34:12,375 INFO [RocksDB]        Options.compression_opts.max_dict_bytes: 0
[26089] 01-07 05:34:12,375 INFO [RocksDB]        Options.compression_opts.zstd_max_train_bytes: 0
[26089] 01-07 05:34:12,375 INFO [RocksDB]     Options.level0_file_num_compaction_trigger: 2
[26089] 01-07 05:34:12,375 INFO [RocksDB]         Options.level0_slowdown_writes_trigger: 20
[26089] 01-07 05:34:12,375 INFO [RocksDB]             Options.level0_stop_writes_trigger: 36
[26089] 01-07 05:34:12,375 INFO [RocksDB]                  Options.target_file_size_base: 67108864
[26089] 01-07 05:34:12,375 INFO [RocksDB]            Options.target_file_size_multiplier: 1
[26089] 01-07 05:34:12,375 INFO [RocksDB]               Options.max_bytes_for_level_base: 536870912
[26089] 01-07 05:34:12,375 INFO [RocksDB]Options.level_compaction_dynamic_level_bytes: 0
[26089] 01-07 05:34:12,375 INFO [RocksDB]         Options.max_bytes_for_level_multiplier: 10.000000
[26089] 01-07 05:34:12,375 INFO [RocksDB]Options.max_bytes_for_level_multiplier_addtl[0]: 1
[26089] 01-07 05:34:12,375 INFO [RocksDB]Options.max_bytes_for_level_multiplier_addtl[1]: 1
[26089] 01-07 05:34:12,375 INFO [RocksDB]Options.max_bytes_for_level_multiplier_addtl[2]: 1
[26089] 01-07 05:34:12,375 INFO [RocksDB]Options.max_bytes_for_level_multiplier_addtl[3]: 1
[26089] 01-07 05:34:12,375 INFO [RocksDB]Options.max_bytes_for_level_multiplier_addtl[4]: 1
[26089] 01-07 05:34:12,375 INFO [RocksDB]Options.max_bytes_for_level_multiplier_addtl[5]: 1
[26089] 01-07 05:34:12,375 INFO [RocksDB]Options.max_bytes_for_level_multiplier_addtl[6]: 1
[26089] 01-07 05:34:12,375 INFO [RocksDB]      Options.max_sequential_skip_in_iterations: 8
[26089] 01-07 05:34:12,375 INFO [RocksDB]                   Options.max_compaction_bytes: 1677721600
[26089] 01-07 05:34:12,375 INFO [RocksDB]                       Options.arena_block_size: 33554432
[26089] 01-07 05:34:12,375 INFO [RocksDB]  Options.soft_pending_compaction_bytes_limit: 68719476736
[26089] 01-07 05:34:12,375 INFO [RocksDB]  Options.hard_pending_compaction_bytes_limit: 274877906944
[26089] 01-07 05:34:12,375 INFO [RocksDB]      Options.rate_limit_delay_max_milliseconds: 100
[26089] 01-07 05:34:12,375 INFO [RocksDB]               Options.disable_auto_compactions: 0
[26089] 01-07 05:34:12,375 INFO [RocksDB]                       Options.compaction_style: kCompactionStyleLevel
[26089] 01-07 05:34:12,375 INFO [RocksDB]                         Options.compaction_pri: kByCompensatedSize
[26089] 01-07 05:34:12,375 INFO [RocksDB]Options.compaction_options_universal.size_ratio: 1
[26089] 01-07 05:34:12,375 INFO [RocksDB]Options.compaction_options_universal.min_merge_width: 2
[26089] 01-07 05:34:12,375 INFO [RocksDB]Options.compaction_options_universal.max_merge_width: 4294967295
[26089] 01-07 05:34:12,375 INFO [RocksDB]Options.compaction_options_universal.max_size_amplification_percent: 200
[26089] 01-07 05:34:12,375 INFO [RocksDB]Options.compaction_options_universal.compression_size_percent: -1
[26089] 01-07 05:34:12,375 INFO [RocksDB]Options.compaction_options_universal.stop_style: kCompactionStopStyleTotalSize
[26089] 01-07 05:34:12,375 INFO [RocksDB]Options.compaction_options_fifo.max_table_files_size: 1073741824
[26089] 01-07 05:34:12,375 INFO [RocksDB]Options.compaction_options_fifo.allow_compaction: 0
[26089] 01-07 05:34:12,375 INFO [RocksDB]Options.compaction_options_fifo.ttl: 0
[26089] 01-07 05:34:12,375 INFO [RocksDB]                  Options.table_properties_collectors: 
[26089] 01-07 05:34:12,375 INFO [RocksDB]                  Options.inplace_update_support: 0
[26089] 01-07 05:34:12,375 INFO [RocksDB]                Options.inplace_update_num_locks: 10000
[26089] 01-07 05:34:12,375 INFO [RocksDB]              Options.memtable_prefix_bloom_size_ratio: 0.000000
[26089] 01-07 05:34:12,375 INFO [RocksDB]  Options.memtable_huge_page_size: 0
[26089] 01-07 05:34:12,375 INFO [RocksDB]                          Options.bloom_locality: 0
[26089] 01-07 05:34:12,375 INFO [RocksDB]                   Options.max_successive_merges: 0
[26089] 01-07 05:34:12,375 INFO [RocksDB]               Options.optimize_filters_for_hits: 0
[26089] 01-07 05:34:12,375 INFO [RocksDB]               Options.paranoid_file_checks: 0
[26089] 01-07 05:34:12,375 INFO [RocksDB]               Options.force_consistency_checks: 0
[26089] 01-07 05:34:12,375 INFO [RocksDB]               Options.report_bg_io_stats: 0
[26089] 01-07 05:34:12,375 INFO [RocksDB]                              Options.ttl: 0
[26089] 01-07 05:34:12,375 INFO [RocksDB][db/db_impl.cc:1396] Created column family [0] (ID 1)
[26089] 01-07 05:34:12,378 INFO Create ColumnFamilyHandle with name:0 success.
[26089] 01-07 05:34:19,992 INFO [RocksDB][db/db_impl_write.cc:1373] [0] New memtable created with log file: #9. Immutable memtables: 0.

[26089] 01-07 05:34:27,956 INFO [RocksDB][db/db_impl_write.cc:1373] [0] New memtable created with log file: #10. Immutable memtables: 1.

[26089] 01-07 05:34:27,956 INFO [RocksDB][db/db_impl_compaction_flush.cc:80] [JOB 2] Syncing log #3
[26089] 01-07 05:34:31,407 INFO [RocksDB][db/db_impl_compaction_flush.cc:80] [JOB 2] Syncing log #9
[26089] 01-07 05:34:32,820 INFO [RocksDB](Original Log Time 2020/01/07-05:34:27.956159) [db/db_impl_compaction_flush.cc:1424] Calling FlushMemTableToOutputFile with column family [0], flush slots available 4, compaction slots available 1, flush slots scheduled 1, compaction slots scheduled 0
[26089] 01-07 05:34:32,820 INFO [RocksDB][db/flush_job.cc:301] [0] [JOB 2] Flushing memtable with next log file: 9

[26089] 01-07 05:34:32,820 INFO [RocksDB][db/flush_job.cc:301] [0] [JOB 2] Flushing memtable with next log file: 10

[26089] 01-07 05:34:32,820 INFO [RocksDB]EVENT_LOG_v1 {"time_micros": 1578375272820814, "job": 2, "event": "flush_started", "num_memtables": 2, "num_entries": 3228163, "num_deletes": 0, "memory_usage": 520100816, "flush_reason": "Write Buffer Full"}
[26089] 01-07 05:34:32,820 INFO [RocksDB][db/flush_job.cc:331] [0] [JOB 2] Level-0 flush table #11: started
[26089] 01-07 05:34:36,952 INFO [RocksDB][db/db_impl_write.cc:1373] [0] New memtable created with log file: #12. Immutable memtables: 2.

[26089] 01-07 05:34:38,796 INFO [RocksDB]EVENT_LOG_v1 {"time_micros": 1578375278796442, "cf_name": "0", "job": 2, "event": "table_file_creation", "file_number": 11, "file_size": 313892872, "table_properties": {"data_size": 304981948, "index_size": 4087452, "filter_size": 4822430, "raw_key_size": 127037471, "raw_average_key_size": 42, "raw_value_size": 244304933, "raw_average_value_size": 81, "num_data_blocks": 75984, "num_entries": 2997588, "filter_policy_name": "rocksdb.BuiltinBloomFilter", "kDeletedKeys": "0", "kMergeOperands": "0"}}
[26089] 01-07 05:34:38,796 INFO [RocksDB][db/flush_job.cc:371] [0] [JOB 2] Level-0 flush table #11: 313892872 bytes OK
[26089] 01-07 05:34:38,799 INFO [RocksDB](Original Log Time 2020/01/07-05:34:38.797921) [db/memtable_list.cc:377] [0] Level-0 commit table #11 started
[26089] 01-07 05:34:38,799 INFO [RocksDB](Original Log Time 2020/01/07-05:34:38.799685) [db/memtable_list.cc:409] [0] Level-0 commit table #11: memtable #1 done
[26089] 01-07 05:34:38,799 INFO [RocksDB](Original Log Time 2020/01/07-05:34:38.799689) [db/memtable_list.cc:409] [0] Level-0 commit table #11: memtable #2 done
[26089] 01-07 05:34:38,799 INFO [RocksDB](Original Log Time 2020/01/07-05:34:38.799713) EVENT_LOG_v1 {"time_micros": 1578375278799697, "job": 2, "event": "flush_finished", "output_compression": "NoCompression", "lsm_state": [1, 0, 0, 0, 0, 0, 0], "immutable_memtables": 1}
[26089] 01-07 05:34:38,799 INFO [RocksDB](Original Log Time 2020/01/07-05:34:38.799727) [db/db_impl_compaction_flush.cc:177] [0] Level summary: base level 1 max bytes base 536870912 files[1 0 0 0 0 0 0] max score 0.58

[26089] 01-07 05:34:38,799 INFO [RocksDB][db/db_impl_files.cc:342] [JOB 2] Try to delete WAL files size 381177833, prev total WAL file size 605104016, number of live WAL files 4.

[26089] 01-07 05:34:45,724 INFO [RocksDB][db/db_impl_write.cc:1373] [0] New memtable created with log file: #13. Immutable memtables: 1.

[26089] 01-07 05:34:45,724 INFO [RocksDB][db/db_impl_compaction_flush.cc:80] [JOB 3] Syncing log #10
[26089] 01-07 05:34:46,792 INFO [RocksDB][db/db_impl_compaction_flush.cc:80] [JOB 3] Syncing log #12
[26089] 01-07 05:34:48,249 INFO [RocksDB](Original Log Time 2020/01/07-05:34:45.724093) [db/db_impl_compaction_flush.cc:1424] Calling FlushMemTableToOutputFile with column family [0], flush slots available 4, compaction slots available 1, flush slots scheduled 1, compaction slots scheduled 0
[26089] 01-07 05:34:48,249 INFO [RocksDB][db/flush_job.cc:301] [0] [JOB 3] Flushing memtable with next log file: 12

[26089] 01-07 05:34:48,249 INFO [RocksDB][db/flush_job.cc:301] [0] [JOB 3] Flushing memtable with next log file: 13

[26089] 01-07 05:34:48,249 INFO [RocksDB]EVENT_LOG_v1 {"time_micros": 1578375288249151, "job": 3, "event": "flush_started", "num_memtables": 2, "num_entries": 3214887, "num_deletes": 0, "memory_usage": 520098632, "flush_reason": "Write Buffer Full"}
[26089] 01-07 05:34:48,249 INFO [RocksDB][db/flush_job.cc:331] [0] [JOB 3] Level-0 flush table #14: started
[26089] 01-07 05:34:54,218 INFO [RocksDB]EVENT_LOG_v1 {"time_micros": 1578375294218099, "cf_name": "0", "job": 3, "event": "table_file_creation", "file_number": 14, "file_size": 312551844, "table_properties": {"data_size": 303675984, "index_size": 4072352, "filter_size": 4802466, "raw_key_size": 126512756, "raw_average_key_size": 42, "raw_value_size": 243298037, "raw_average_value_size": 81, "num_data_blocks": 75665, "num_entries": 2985254, "filter_policy_name": "rocksdb.BuiltinBloomFilter", "kDeletedKeys": "0", "kMergeOperands": "0"}}
[26089] 01-07 05:34:54,218 INFO [RocksDB][db/flush_job.cc:371] [0] [JOB 3] Level-0 flush table #14: 312551844 bytes OK
[26089] 01-07 05:34:54,221 INFO [RocksDB](Original Log Time 2020/01/07-05:34:54.219407) [db/memtable_list.cc:377] [0] Level-0 commit table #14 started
[26089] 01-07 05:34:54,221 INFO [RocksDB](Original Log Time 2020/01/07-05:34:54.221118) [db/memtable_list.cc:409] [0] Level-0 commit table #14: memtable #1 done
[26089] 01-07 05:34:54,221 INFO [RocksDB](Original Log Time 2020/01/07-05:34:54.221119) [db/memtable_list.cc:409] [0] Level-0 commit table #14: memtable #2 done
[26089] 01-07 05:34:54,221 INFO [RocksDB](Original Log Time 2020/01/07-05:34:54.221129) EVENT_LOG_v1 {"time_micros": 1578375294221124, "job": 3, "event": "flush_finished", "output_compression": "NoCompression", "lsm_state": [2, 0, 0, 0, 0, 0, 0], "immutable_memtables": 0}
[26089] 01-07 05:34:54,221 INFO [RocksDB](Original Log Time 2020/01/07-05:34:54.221144) [db/db_impl_compaction_flush.cc:177] [0] Level summary: base level 1 max bytes base 536870912 files[2 0 0 0 0 0 0] max score 1.17

[26089] 01-07 05:34:54,221 INFO [RocksDB][db/db_impl_files.cc:342] [JOB 3] Try to delete WAL files size 379683412, prev total WAL file size 549442883, number of live WAL files 3.

[26089] 01-07 05:34:54,221 WARN [RocksDB][db/db_impl.cc:491] ------- DUMPING STATS -------
[26089] 01-07 05:34:54,221 WARN [RocksDB][db/db_impl.cc:492] 
** DB Stats **
Uptime(secs): 54.5 total, 54.5 interval
Cumulative writes: 1125K writes, 7880K keys, 1125K commit groups, 1.0 writes per commit group, ingest: 0.87 GB, 16.29 MB/s
Cumulative WAL: 1125K writes, 0 syncs, 1125776.00 writes per sync, written: 0.87 GB, 16.29 MB/s
Cumulative stall: 00:00:0.000 H:M:S, 0.0 percent
Interval writes: 1125K writes, 7880K keys, 1125K commit groups, 1.0 writes per commit group, ingest: 887.51 MB, 16.29 MB/s
Interval WAL: 1125K writes, 0 syncs, 1125776.00 writes per sync, written: 0.87 MB, 16.29 MB/s
Interval stall: 00:00:0.000 H:M:S, 0.0 percent

** Compaction Stats [default] **
Level    Files   Size     Score Read(GB)  Rn(GB) Rnp1(GB) Write(GB) Wnew(GB) Moved(GB) W-Amp Rd(MB/s) Wr(MB/s) Comp(sec) Comp(cnt) Avg(sec) KeyIn KeyDrop
----------------------------------------------------------------------------------------------------------------------------------------------------------
 Sum      0/0    0.00 KB   0.0      0.0     0.0      0.0       0.0     
[26089] 01-07 05:34:54,221 INFO [RocksDB][db/compaction_job.cc:1531] [0] [JOB 4] Compacting 2@0 files to L1, score 1.17
[26089] 01-07 05:34:54,221 INFO [RocksDB][db/compaction_job.cc:1535] [0] Compaction start summary: Base version 4 Base level 0, inputs: [14(298MB) 11(299MB)]

[26089] 01-07 05:34:54,221 INFO [RocksDB]EVENT_LOG_v1 {"time_micros": 1578375294221532, "job": 4, "event": "compaction_started", "compaction_reason": "LevelL0FilesNum", "files_L0": [14, 11], "score": 1.16684, "input_data_size": 626444716}
[26089] 01-07 05:34:55,602 INFO [RocksDB][db/compaction_job.cc:1211] [0] [JOB 4] Generated table #15: 1162867 keys, 69741796 bytes
[26089] 01-07 05:34:55,602 INFO [RocksDB]EVENT_LOG_v1 {"time_micros": 1578375295602147, "cf_name": "0", "job": 4, "event": "table_file_creation", "file_number": 15, "file_size": 69741796, "table_properties": {"data_size": 67112658, "index_size": 972412, "filter_size": 1655695, "raw_key_size": 55198533, "raw_average_key_size": 47, "raw_value_size": 29705339, "raw_average_value_size": 25, "num_data_blocks": 16606, "num_entries": 1162867, "filter_policy_name": "rocksdb.BuiltinBloomFilter", "kDeletedKeys": "0", "kMergeOperands": "0"}}
[26089] 01-07 05:34:55,669 INFO [RocksDB][db/db_impl_write.cc:1373] [0] New memtable created with log file: #17. Immutable memtables: 0.

[26089] 01-07 05:34:56,908 INFO [RocksDB][db/compaction_job.cc:1211] [0] [JOB 4] Generated table #16: 597513 keys, 68987901 bytes
[26089] 01-07 05:34:56,908 INFO [RocksDB]EVENT_LOG_v1 {"time_micros": 1578375296908755, "cf_name": "0", "job": 4, "event": "table_file_creation", "file_number": 16, "file_size": 68987901, "table_properties": {"data_size": 67110580, "index_size": 888408, "filter_size": 987882, "raw_key_size": 24595434, "raw_average_key_size": 41, "raw_value_size": 56763771, "raw_average_value_size": 95, "num_data_blocks": 16739, "num_entries": 597513, "filter_policy_name": "rocksdb.BuiltinBloomFilter", "kDeletedKeys": "0", "kMergeOperands": "0"}}
[26089] 01-07 05:34:58,290 INFO [RocksDB][db/compaction_job.cc:1211] [0] [JOB 4] Generated table #18: 597539 keys, 68989743 bytes
[26089] 01-07 05:34:58,290 INFO [RocksDB]EVENT_LOG_v1 {"time_micros": 1578375298290098, "cf_name": "0", "job": 4, "event": "table_file_creation", "file_number": 18, "file_size": 68989743, "table_properties": {"data_size": 67112803, "index_size": 887991, "filter_size": 987918, "raw_key_size": 24595336, "raw_average_key_size": 41, "raw_value_size": 56766178, "raw_average_value_size": 94, "num_data_blocks": 16739, "num_entries": 597539, "filter_policy_name": "rocksdb.BuiltinBloomFilter", "kDeletedKeys": "0", "kMergeOperands": "0"}}
[26089] 01-07 05:34:59,591 INFO [RocksDB][db/compaction_job.cc:1211] [0] [JOB 4] Generated table #19: 597487 keys, 68988993 bytes
[26089] 01-07 05:34:59,591 INFO [RocksDB]EVENT_LOG_v1 {"time_micros": 1578375299591636, "cf_name": "0", "job": 4, "event": "table_file_creation", "file_number": 19, "file_size": 68988993, "table_properties": {"data_size": 67111275, "index_size": 888831, "filter_size": 987856, "raw_key_size": 24592763, "raw_average_key_size": 41, "raw_value_size": 56761265, "raw_average_value_size": 95, "num_data_blocks": 16739, "num_entries": 597487, "filter_policy_name": "rocksdb.BuiltinBloomFilter", "kDeletedKeys": "0", "kMergeOperands": "0"}}
[26089] 01-07 05:35:01,084 INFO [RocksDB][db/compaction_job.cc:1211] [0] [JOB 4] Generated table #20: 597493 keys, 68986526 bytes
[26089] 01-07 05:35:01,084 INFO [RocksDB]EVENT_LOG_v1 {"time_micros": 1578375301084513, "cf_name": "0", "job": 4, "event": "table_file_creation", "file_number": 20, "file_size": 68986526, "table_properties": {"data_size": 67109169, "index_size": 888466, "filter_size": 987860, "raw_key_size": 24594303, "raw_average_key_size": 41, "raw_value_size": 56761790, "raw_average_value_size": 94, "num_data_blocks": 16739, "num_entries": 597493, "filter_policy_name": "rocksdb.BuiltinBloomFilter", "kDeletedKeys": "0", "kMergeOperands": "0"}}
[26089] 01-07 05:35:02,323 INFO [RocksDB][db/compaction_job.cc:1211] [0] [JOB 4] Generated table #21: 597487 keys, 68988005 bytes
[26089] 01-07 05:35:02,323 INFO [RocksDB]EVENT_LOG_v1 {"time_micros": 1578375302323766, "cf_name": "0", "job": 4, "event": "table_file_creation", "file_number": 21, "file_size": 68988005, "table_properties": {"data_size": 67110360, "index_size": 888762, "filter_size": 987852, "raw_key_size": 24593458, "raw_average_key_size": 41, "raw_value_size": 56761265, "raw_average_value_size": 95, "num_data_blocks": 16739, "num_entries": 597487, "filter_policy_name": "rocksdb.BuiltinBloomFilter", "kDeletedKeys": "0", "kMergeOperands": "0"}}
[26089] 01-07 05:35:03,653 INFO [RocksDB][db/compaction_job.cc:1211] [0] [JOB 4] Generated table #22: 597506 keys, 68987849 bytes
[26089] 01-07 05:35:03,653 INFO [RocksDB]EVENT_LOG_v1 {"time_micros": 1578375303653137, "cf_name": "0", "job": 4, "event": "table_file_creation", "file_number": 22, "file_size": 68987849, "table_properties": {"data_size": 67110407, "index_size": 888547, "filter_size": 987864, "raw_key_size": 24594719, "raw_average_key_size": 41, "raw_value_size": 56763142, "raw_average_value_size": 95, "num_data_blocks": 16738, "num_entries": 597506, "filter_policy_name": "rocksdb.BuiltinBloomFilter", "kDeletedKeys": "0", "kMergeOperands": "0"}}
[26089] 01-07 05:35:04,549 INFO [RocksDB][db/db_impl_write.cc:1373] [0] New memtable created with log file: #24. Immutable memtables: 1.

[26089] 01-07 05:35:04,549 INFO [RocksDB][db/db_impl_compaction_flush.cc:80] [JOB 5] Syncing log #13
[26089] 01-07 05:35:05,236 INFO [RocksDB][db/db_impl_compaction_flush.cc:80] [JOB 5] Syncing log #17
[26089] 01-07 05:35:05,236 INFO [RocksDB][db/compaction_job.cc:1211] [0] [JOB 4] Generated table #23: 597520 keys, 68990004 bytes
[26089] 01-07 05:35:05,236 INFO [RocksDB]EVENT_LOG_v1 {"time_micros": 1578375305236442, "cf_name": "0", "job": 4, "event": "table_file_creation", "file_number": 23, "file_size": 68990004, "table_properties": {"data_size": 67112478, "index_size": 888600, "filter_size": 987895, "raw_key_size": 24595544, "raw_average_key_size": 41, "raw_value_size": 56764400, "raw_average_value_size": 95, "num_data_blocks": 16739, "num_entries": 597520, "filter_policy_name": "rocksdb.BuiltinBloomFilter", "kDeletedKeys": "0", "kMergeOperands": "0"}}
[26089] 01-07 05:35:07,752 INFO [RocksDB][db/compaction_job.cc:1211] [0] [JOB 4] Generated table #26: 597539 keys, 68987793 bytes
[26089] 01-07 05:35:07,752 INFO [RocksDB]EVENT_LOG_v1 {"time_micros": 1578375307752876, "cf_name": "0", "job": 4, "event": "table_file_creation", "file_number": 26, "file_size": 68987793, "table_properties": {"data_size": 67110899, "index_size": 887949, "filter_size": 987914, "raw_key_size": 24588194, "raw_average_key_size": 41, "raw_value_size": 56766178, "raw_average_value_size": 94, "num_data_blocks": 16739, "num_entries": 597539, "filter_policy_name": "rocksdb.BuiltinBloomFilter", "kDeletedKeys": "0", "kMergeOperands": "0"}}
[26089] 01-07 05:35:07,755 INFO [RocksDB](Original Log Time 2020/01/07-05:35:04.549884) [db/db_impl_compaction_flush.cc:1424] Calling FlushMemTableToOutputFile with column family [0], flush slots available 4, compaction slots available 1, flush slots scheduled 1, compaction slots scheduled 1
[26089] 01-07 05:35:07,755 INFO [RocksDB][db/flush_job.cc:301] [0] [JOB 5] Flushing memtable with next log file: 17

[26089] 01-07 05:35:07,755 INFO [RocksDB][db/flush_job.cc:301] [0] [JOB 5] Flushing memtable with next log file: 24

[26089] 01-07 05:35:07,755 INFO [RocksDB]EVENT_LOG_v1 {"time_micros": 1578375307755360, "job": 5, "event": "flush_started", "num_memtables": 2, "num_entries": 3292173, "num_deletes": 0, "memory_usage": 520100312, "flush_reason": "Write Buffer Full"}
[26089] 01-07 05:35:07,755 INFO [RocksDB][db/flush_job.cc:331] [0] [JOB 5] Level-0 flush table #25: started
[26089] 01-07 05:35:07,793 INFO [RocksDB][db/compaction_job.cc:1211] [0] [JOB 4] Generated table #27: 39890 keys, 4601006 bytes
[26089] 01-07 05:35:07,793 INFO [RocksDB]EVENT_LOG_v1 {"time_micros": 1578375307793929, "cf_name": "0", "job": 4, "event": "table_file_creation", "file_number": 27, "file_size": 4601006, "table_properties": {"data_size": 4476393, "index_size": 57654, "filter_size": 65930, "raw_key_size": 1601924, "raw_average_key_size": 40, "raw_value_size": 3789586, "raw_average_value_size": 95, "num_data_blocks": 1116, "num_entries": 39890, "filter_policy_name": "rocksdb.BuiltinBloomFilter", "kDeletedKeys": "0", "kMergeOperands": "0"}}
[26089] 01-07 05:35:07,795 INFO [RocksDB][db/compaction_job.cc:1287] [0] [JOB 4] Compacted 2@0 files to L1 => 626249616 bytes
[26089] 01-07 05:35:07,797 INFO [RocksDB](Original Log Time 2020/01/07-05:35:07.797047) [db/compaction_job.cc:685] [0] compacted to: base level 1 max bytes base 536870912 files[0 10 0 0 0 0 0] max score 1.17, MB/sec: 46.2 rd, 46.1 wr, level 1, files in(2, 0) out(10) MB in(597.4, 0.0) out(597.2), read-write-amplify(2.0) write-amplify(1.0) OK, records in: 5982842, records dropped: 1 output_compression: NoCompression

[26089] 01-07 05:35:07,797 INFO [RocksDB](Original Log Time 2020/01/07-05:35:07.797060) EVENT_LOG_v1 {"time_micros": 1578375307797055, "job": 4, "event": "compaction_finished", "compaction_time_micros": 13573709, "output_level": 1, "num_output_files": 10, "total_output_size": 626249616, "num_input_records": 5982842, "num_output_records": 5982841, "num_subcompactions": 1, "output_compression": "NoCompression", "num_single_delete_mismatches": 0, "num_single_delete_fallthrough": 0, "lsm_state": [0, 10, 0, 0, 0, 0, 0]}
[26089] 01-07 05:35:07,797 INFO [RocksDB][db/compaction_job.cc:1531] [0] [JOB 6] Compacting 1@1 files to L2, score 1.17
[26089] 01-07 05:35:07,797 INFO [RocksDB][db/compaction_job.cc:1535] [0] Compaction start summary: Base version 5 Base level 1, inputs: [15(66MB)]

[26089] 01-07 05:35:07,797 INFO [RocksDB]EVENT_LOG_v1 {"time_micros": 1578375307797741, "job": 6, "event": "compaction_started", "compaction_reason": "LevelMaxLevelSize", "files_L1": [15], "score": 1.16648, "input_data_size": 69741796}
[26089] 01-07 05:35:11,015 INFO [RocksDB][db/compaction_job.cc:1211] [0] [JOB 6] Generated table #28: 1162867 keys, 55112218 bytes
[26089] 01-07 05:35:11,015 INFO [RocksDB]EVENT_LOG_v1 {"time_micros": 1578375311015614, "cf_name": "0", "job": 6, "event": "table_file_creation", "file_number": 28, "file_size": 55112218, "table_properties": {"data_size": 52953799, "index_size": 972108, "filter_size": 1628043, "raw_key_size": 55198533, "raw_average_key_size": 47, "raw_value_size": 29705339, "raw_average_value_size": 25, "num_data_blocks": 16606, "num_entries": 1162867, "filter_policy_name": "rocksdb.BuiltinBloomFilter", "kDeletedKeys": "0", "kMergeOperands": "0"}}
[26089] 01-07 05:35:11,017 INFO [RocksDB][db/compaction_job.cc:1287] [0] [JOB 6] Compacted 1@1 files to L2 => 55112218 bytes
[26089] 01-07 05:35:11,018 INFO [RocksDB](Original Log Time 2020/01/07-05:35:11.018921) [db/compaction_job.cc:685] [0] compacted to: base level 1 max bytes base 536870912 files[0 9 1 0 0 0 0] max score 1.04, MB/sec: 21.7 rd, 17.1 wr, level 2, files in(1, 0) out(1) MB in(66.5, 0.0) out(52.6), read-write-amplify(1.8) write-amplify(0.8) OK, records in: 1162867, records dropped: 0 output_compression: Snappy

[26089] 01-07 05:35:11,018 INFO [RocksDB](Original Log Time 2020/01/07-05:35:11.018955) EVENT_LOG_v1 {"time_micros": 1578375311018949, "job": 6, "event": "compaction_finished", "compaction_time_micros": 3219340, "output_level": 2, "num_output_files": 1, "total_output_size": 55112218, "num_input_records": 1162867, "num_output_records": 1162867, "num_subcompactions": 1, "output_compression": "Snappy", "num_single_delete_mismatches": 0, "num_single_delete_fallthrough": 0, "lsm_state": [0, 9, 1, 0, 0, 0, 0]}
[26089] 01-07 05:35:11,026 INFO [RocksDB]EVENT_LOG_v1 {"time_micros": 1578375311026336, "job": 6, "event": "table_file_deletion", "file_number": 15}
[26089] 01-07 05:35:11,026 INFO [RocksDB][db/compaction_job.cc:1531] [0] [JOB 7] Compacting 1@1 files to L2, score 1.04
[26089] 01-07 05:35:11,026 INFO [RocksDB][db/compaction_job.cc:1535] [0] Compaction start summary: Base version 6 Base level 1, inputs: [23(65MB)]

[26089] 01-07 05:35:11,026 INFO [RocksDB]EVENT_LOG_v1 {"time_micros": 1578375311026384, "job": 7, "event": "compaction_started", "compaction_reason": "LevelMaxLevelSize", "files_L1": [23], "score": 1.03658, "input_data_size": 68990004}
[26089] 01-07 05:35:14,301 INFO [RocksDB][db/compaction_job.cc:1211] [0] [JOB 7] Generated table #29: 597520 keys, 68588338 bytes
[26089] 01-07 05:35:14,301 INFO [RocksDB]EVENT_LOG_v1 {"time_micros": 1578375314301192, "cf_name": "0", "job": 7, "event": "table_file_creation", "file_number": 29, "file_size": 68588338, "table_properties": {"data_size": 67112478, "index_size": 888600, "filter_size": 987895, "raw_key_size": 24595544, "raw_average_key_size": 41, "raw_value_size": 56764400, "raw_average_value_size": 95, "num_data_blocks": 16739, "num_entries": 597520, "filter_policy_name": "rocksdb.BuiltinBloomFilter", "kDeletedKeys": "0", "kMergeOperands": "0"}}
[26089] 01-07 05:35:14,302 INFO [RocksDB][db/compaction_job.cc:1287] [0] [JOB 7] Compacted 1@1 files to L2 => 68588338 bytes
[26089] 01-07 05:35:14,304 INFO [RocksDB](Original Log Time 2020/01/07-05:35:14.304290) [db/compaction_job.cc:685] [0] compacted to: base level 1 max bytes base 536870912 files[0 8 2 0 0 0 0] max score 0.91, MB/sec: 21.1 rd, 20.9 wr, level 2, files in(1, 0) out(1) MB in(65.8, 0.0) out(65.4), read-write-amplify(2.0) write-amplify(1.0) OK, records in: 597520, records dropped: 0 output_compression: Snappy

[26089] 01-07 05:35:14,304 INFO [RocksDB](Original Log Time 2020/01/07-05:35:14.304306) EVENT_LOG_v1 {"time_micros": 1578375314304300, "job": 7, "event": "compaction_finished", "compaction_time_micros": 3276149, "output_level": 2, "num_output_files": 1, "total_output_size": 68588338, "num_input_records": 597520, "num_output_records": 597520, "num_subcompactions": 1, "output_compression": "Snappy", "num_single_delete_mismatches": 0, "num_single_delete_fallthrough": 0, "lsm_state": [0, 8, 2, 0, 0, 0, 0]}
[26089] 01-07 05:35:14,310 INFO [RocksDB]EVENT_LOG_v1 {"time_micros": 1578375314310656, "job": 7, "event": "table_file_deletion", "file_number": 23}
[26089] 01-07 05:35:14,416 INFO [RocksDB][db/db_impl_write.cc:1373] [0] New memtable created with log file: #30. Immutable memtables: 2.

[26089] 01-07 05:35:16,208 INFO [RocksDB]EVENT_LOG_v1 {"time_micros": 1578375316208309, "cf_name": "0", "job": 5, "event": "table_file_creation", "file_number": 25, "file_size": 320108683, "table_properties": {"data_size": 311018179, "index_size": 4171510, "filter_size": 4917952, "raw_key_size": 129557420, "raw_average_key_size": 42, "raw_value_size": 249146897, "raw_average_value_size": 81, "num_data_blocks": 77492, "num_entries": 3057018, "filter_policy_name": "rocksdb.BuiltinBloomFilter", "kDeletedKeys": "0", "kMergeOperands": "0"}}
[26089] 01-07 05:35:16,208 INFO [RocksDB][db/flush_job.cc:371] [0] [JOB 5] Level-0 flush table #25: 320108683 bytes OK
[26089] 01-07 05:35:16,211 INFO [RocksDB](Original Log Time 2020/01/07-05:35:16.209533) [db/memtable_list.cc:377] [0] Level-0 commit table #25 started
[26089] 01-07 05:35:16,211 INFO [RocksDB](Original Log Time 2020/01/07-05:35:16.211437) [db/memtable_list.cc:409] [0] Level-0 commit table #25: memtable #1 done
[26089] 01-07 05:35:16,211 INFO [RocksDB](Original Log Time 2020/01/07-05:35:16.211438) [db/memtable_list.cc:409] [0] Level-0 commit table #25: memtable #2 done
[26089] 01-07 05:35:16,211 INFO [RocksDB](Original Log Time 2020/01/07-05:35:16.211449) EVENT_LOG_v1 {"time_micros": 1578375316211444, "job": 5, "event": "flush_finished", "output_compression": "NoCompression", "lsm_state": [1, 8, 2, 0, 0, 0, 0], "immutable_memtables": 1}
[26089] 01-07 05:35:16,211 INFO [RocksDB](Original Log Time 2020/01/07-05:35:16.211470) [db/db_impl_compaction_flush.cc:177] [0] Level summary: base level 1 max bytes base 536870912 files[1 8 2 0 0 0 0] max score 0.91

[26089] 01-07 05:35:16,211 INFO [RocksDB][db/db_impl_files.cc:342] [JOB 5] Try to delete WAL files size 388815058, prev total WAL file size 609467671, number of live WAL files 4.

[26089] 01-07 05:35:16,259 INFO [RocksDB]EVENT_LOG_v1 {"time_micros": 1578375316259972, "job": 5, "event": "table_file_deletion", "file_number": 14}
[26089] 01-07 05:35:16,310 INFO [RocksDB]EVENT_LOG_v1 {"time_micros": 1578375316310254, "job": 5, "event": "table_file_deletion", "file_number": 11}
[26089] 01-07 05:35:26,275 INFO [RocksDB][db/db_impl_write.cc:1373] [0] New memtable created with log file: #31. Immutable memtables: 1.

[26089] 01-07 05:35:26,276 INFO [RocksDB][db/db_impl_compaction_flush.cc:80] [JOB 8] Syncing log #24
[26089] 01-07 05:35:26,687 INFO [RocksDB][db/db_impl_compaction_flush.cc:80] [JOB 8] Syncing log #30
[26089] 01-07 05:35:28,535 INFO [RocksDB](Original Log Time 2020/01/07-05:35:26.275993) [db/db_impl_compaction_flush.cc:1424] Calling FlushMemTableToOutputFile with column family [0], flush slots available 4, compaction slots available 1, flush slots scheduled 1, compaction slots scheduled 0
[26089] 01-07 05:35:28,535 INFO [RocksDB][db/flush_job.cc:301] [0] [JOB 8] Flushing memtable with next log file: 30

[26089] 01-07 05:35:28,535 INFO [RocksDB][db/flush_job.cc:301] [0] [JOB 8] Flushing memtable with next log file: 31

[26089] 01-07 05:35:28,535 INFO [RocksDB]EVENT_LOG_v1 {"time_micros": 1578375328535282, "job": 8, "event": "flush_started", "num_memtables": 2, "num_entries": 3215193, "num_deletes": 0, "memory_usage": 520099648, "flush_reason": "Write Buffer Full"}
[26089] 01-07 05:35:28,535 INFO [RocksDB][db/flush_job.cc:331] [0] [JOB 8] Level-0 flush table #32: started
[26089] 01-07 05:35:34,580 INFO [RocksDB]EVENT_LOG_v1 {"time_micros": 1578375334580924, "cf_name": "0", "job": 8, "event": "table_file_creation", "file_number": 32, "file_size": 312632159, "table_properties": {"data_size": 303755804, "index_size": 4072280, "filter_size": 4803033, "raw_key_size": 126527235, "raw_average_key_size": 42, "raw_value_size": 243320418, "raw_average_value_size": 81, "num_data_blocks": 75685, "num_entries": 2985535, "filter_policy_name": "rocksdb.BuiltinBloomFilter", "kDeletedKeys": "0", "kMergeOperands": "0"}}
[26089] 01-07 05:35:34,580 INFO [RocksDB][db/flush_job.cc:371] [0] [JOB 8] Level-0 flush table #32: 312632159 bytes OK
[26089] 01-07 05:35:34,584 INFO [RocksDB](Original Log Time 2020/01/07-05:35:34.582300) [db/memtable_list.cc:377] [0] Level-0 commit table #32 started
[26089] 01-07 05:35:34,584 INFO [RocksDB](Original Log Time 2020/01/07-05:35:34.584244) [db/memtable_list.cc:409] [0] Level-0 commit table #32: memtable #1 done
[26089] 01-07 05:35:34,584 INFO [RocksDB](Original Log Time 2020/01/07-05:35:34.584245) [db/memtable_list.cc:409] [0] Level-0 commit table #32: memtable #2 done
[26089] 01-07 05:35:34,584 INFO [RocksDB](Original Log Time 2020/01/07-05:35:34.584258) EVENT_LOG_v1 {"time_micros": 1578375334584253, "job": 8, "event": "flush_finished", "output_compression": "NoCompression", "lsm_state": [2, 8, 2, 0, 0, 0, 0], "immutable_memtables": 0}
[26089] 01-07 05:35:34,584 INFO [RocksDB](Original Log Time 2020/01/07-05:35:34.584271) [db/db_impl_compaction_flush.cc:177] [0] Level summary: base level 1 max bytes base 536870912 files[2 8 2 0 0 0 0] max score 1.18

[26089] 01-07 05:35:34,584 INFO [RocksDB][db/db_impl_files.cc:342] [JOB 8] Try to delete WAL files size 379722375, prev total WAL file size 483015900, number of live WAL files 3.

[26089] 01-07 05:35:34,584 INFO [RocksDB][db/compaction_job.cc:1531] [0] [JOB 9] Compacting 2@0 + 8@1 files to L1, score 1.18
[26089] 01-07 05:35:34,584 INFO [RocksDB][db/compaction_job.cc:1535] [0] Compaction start summary: Base version 9 Base level 0, inputs: [32(298MB) 25(305MB)], [16(65MB) 18(65MB) 19(65MB) 20(65MB) 21(65MB) 22(65MB) 26(65MB) 27(4493KB)]

[26089] 01-07 05:35:34,584 INFO [RocksDB]EVENT_LOG_v1 {"time_micros": 1578375334584447, "job": 9, "event": "compaction_started", "compaction_reason": "LevelL0FilesNum", "files_L0": [32, 25], "files_L1": [16, 18, 19, 20, 21, 22, 26, 27], "score": 1.17857, "input_data_size": 1120258658}
[26089] 01-07 05:35:36,023 INFO [RocksDB][db/compaction_job.cc:1211] [0] [JOB 9] Generated table #33: 1168280 keys, 69748612 bytes
[26089] 01-07 05:35:36,024 INFO [RocksDB]EVENT_LOG_v1 {"time_micros": 1578375336024004, "cf_name": "0", "job": 9, "event": "table_file_creation", "file_number": 33, "file_size": 69748612, "table_properties": {"data_size": 67112074, "index_size": 973571, "filter_size": 1661936, "raw_key_size": 55496102, "raw_average_key_size": 47, "raw_value_size": 29411356, "raw_average_value_size": 25, "num_data_blocks": 16606, "num_entries": 1168280, "filter_policy_name": "rocksdb.BuiltinBloomFilter", "kDeletedKeys": "0", "kMergeOperands": "0"}}
[26089] 01-07 05:35:37,332 INFO [RocksDB][db/compaction_job.cc:1211] [0] [JOB 9] Generated table #34: 597616 keys, 68987867 bytes
[26089] 01-07 05:35:37,332 INFO [RocksDB]EVENT_LOG_v1 {"time_micros": 1578375337332211, "cf_name": "0", "job": 9, "event": "table_file_creation", "file_number": 34, "file_size": 68987867, "table_properties": {"data_size": 67110039, "index_size": 888766, "filter_size": 988031, "raw_key_size": 24600260, "raw_average_key_size": 41, "raw_value_size": 56773592, "raw_average_value_size": 95, "num_data_blocks": 16742, "num_entries": 597616, "filter_policy_name": "rocksdb.BuiltinBloomFilter", "kDeletedKeys": "0", "kMergeOperands": "0"}}
[26089] 01-07 05:35:38,640 INFO [RocksDB][db/compaction_job.cc:1211] [0] [JOB 9] Generated table #35: 597592 keys, 68987167 bytes
[26089] 01-07 05:35:38,640 INFO [RocksDB]EVENT_LOG_v1 {"time_micros": 1578375338640207, "cf_name": "0", "job": 9, "event": "table_file_creation", "file_number": 35, "file_size": 68987167, "table_properties": {"data_size": 67109232, "index_size": 888900, "filter_size": 988004, "raw_key_size": 24598589, "raw_average_key_size": 41, "raw_value_size": 56771195, "raw_average_value_size": 94, "num_data_blocks": 16742, "num_entries": 597592, "filter_policy_name": "rocksdb.BuiltinBloomFilter", "kDeletedKeys": "0", "kMergeOperands": "0"}}
[26089] 01-07 05:35:39,949 INFO [RocksDB][db/compaction_job.cc:1211] [0] [JOB 9] Generated table #36: 597589 keys, 68987027 bytes
[26089] 01-07 05:35:39,949 INFO [RocksDB]EVENT_LOG_v1 {"time_micros": 1578375339949208, "cf_name": "0", "job": 9, "event": "table_file_creation", "file_number": 36, "file_size": 68987027, "table_properties": {"data_size": 67109377, "index_size": 888620, "filter_size": 987999, "raw_key_size": 24595831, "raw_average_key_size": 41, "raw_value_size": 56770982, "raw_average_value_size": 95, "num_data_blocks": 16742, "num_entries": 597589, "filter_policy_name": "rocksdb.BuiltinBloomFilter", "kDeletedKeys": "0", "kMergeOperands": "0"}}
[26089] 01-07 05:35:41,321 INFO [RocksDB][db/compaction_job.cc:1211] [0] [JOB 9] Generated table #37: 597608 keys, 68990613 bytes
[26089] 01-07 05:35:41,321 INFO [RocksDB]EVENT_LOG_v1 {"time_micros": 1578375341321806, "cf_name": "0", "job": 9, "event": "table_file_creation", "file_number": 37, "file_size": 68990613, "table_properties": {"data_size": 67112454, "index_size": 889093, "filter_size": 988035, "raw_key_size": 24599000, "raw_average_key_size": 41, "raw_value_size": 56772760, "raw_average_value_size": 95, "num_data_blocks": 16743, "num_entries": 597608, "filter_policy_name": "rocksdb.BuiltinBloomFilter", "kDeletedKeys": "0", "kMergeOperands": "0"}}
[26089] 01-07 05:35:42,622 INFO [RocksDB][db/compaction_job.cc:1211] [0] [JOB 9] Generated table #38: 597602 keys, 68988631 bytes
[26089] 01-07 05:35:42,622 INFO [RocksDB]EVENT_LOG_v1 {"time_micros": 1578375342622913, "cf_name": "0", "job": 9, "event": "table_file_creation", "file_number": 38, "file_size": 68988631, "table_properties": {"data_size": 67110708, "index_size": 888869, "filter_size": 988023, "raw_key_size": 24598239, "raw_average_key_size": 41, "raw_value_size": 56772235, "raw_average_value_size": 95, "num_data_blocks": 16743, "num_entries": 597602, "filter_policy_name": "rocksdb.BuiltinBloomFilter", "kDeletedKeys": "0", "kMergeOperands": "0"}}
[26089] 01-07 05:35:43,927 INFO [RocksDB][db/compaction_job.cc:1211] [0] [JOB 9] Generated table #39: 597608 keys, 68989994 bytes
[26089] 01-07 05:35:43,927 INFO [RocksDB]EVENT_LOG_v1 {"time_micros": 1578375343927227, "cf_name": "0", "job": 9, "event": "table_file_creation", "file_number": 39, "file_size": 68989994, "table_properties": {"data_size": 67112174, "index_size": 888754, "filter_size": 988035, "raw_key_size": 24596019, "raw_average_key_size": 41, "raw_value_size": 56772760, "raw_average_value_size": 95, "num_data_blocks": 16743, "num_entries": 597608, "filter_policy_name": "rocksdb.BuiltinBloomFilter", "kDeletedKeys": "0", "kMergeOperands": "0"}}
[26089] 01-07 05:35:45,237 INFO [RocksDB][db/compaction_job.cc:1211] [0] [JOB 9] Generated table #40: 597611 keys, 68987054 bytes
[26089] 01-07 05:35:45,237 INFO [RocksDB]EVENT_LOG_v1 {"time_micros": 1578375345237859, "cf_name": "0", "job": 9, "event": "table_file_creation", "file_number": 40, "file_size": 68987054, "table_properties": {"data_size": 67109383, "index_size": 888622, "filter_size": 988018, "raw_key_size": 24599657, "raw_average_key_size": 41, "raw_value_size": 56772973, "raw_average_value_size": 94, "num_data_blocks": 16741, "num_entries": 597611, "filter_policy_name": "rocksdb.BuiltinBloomFilter", "kDeletedKeys": "0", "kMergeOperands": "0"}}
[26089] 01-07 05:35:46,538 INFO [RocksDB][db/compaction_job.cc:1211] [0] [JOB 9] Generated table #41: 597627 keys, 68990464 bytes
[26089] 01-07 05:35:46,538 INFO [RocksDB]EVENT_LOG_v1 {"time_micros": 1578375346538629, "cf_name": "0", "job": 9, "event": "table_file_creation", "file_number": 41, "file_size": 68990464, "table_properties": {"data_size": 67112864, "index_size": 888531, "filter_size": 988038, "raw_key_size": 24597898, "raw_average_key_size": 41, "raw_value_size": 56774637, "raw_average_value_size": 95, "num_data_blocks": 16741, "num_entries": 597627, "filter_policy_name": "rocksdb.BuiltinBloomFilter", "kDeletedKeys": "0", "kMergeOperands": "0"}}
[26089] 01-07 05:35:47,845 INFO [RocksDB][db/compaction_job.cc:1211] [0] [JOB 9] Generated table #42: 597638 keys, 68990583 bytes
[26089] 01-07 05:35:47,845 INFO [RocksDB]EVENT_LOG_v1 {"time_micros": 1578375347845726, "cf_name": "0", "job": 9, "event": "table_file_creation", "file_number": 42, "file_size": 68990583, "table_properties": {"data_size": 67112883, "index_size": 888607, "filter_size": 988062, "raw_key_size": 24599323, "raw_average_key_size": 41, "raw_value_size": 56775583, "raw_average_value_size": 94, "num_data_blocks": 16742, "num_entries": 597638, "filter_policy_name": "rocksdb.BuiltinBloomFilter", "kDeletedKeys": "0", "kMergeOperands": "0"}}
[26089] 01-07 05:35:49,225 INFO [RocksDB][db/compaction_job.cc:1211] [0] [JOB 9] Generated table #43: 597595 keys, 68986812 bytes
[26089] 01-07 05:35:49,225 INFO [RocksDB]EVENT_LOG_v1 {"time_micros": 1578375349225169, "cf_name": "0", "job": 9, "event": "table_file_creation", "file_number": 43, "file_size": 68986812, "table_properties": {"data_size": 67109173, "index_size": 888610, "filter_size": 987998, "raw_key_size": 24598066, "raw_average_key_size": 41, "raw_value_size": 56771507, "raw_average_value_size": 94, "num_data_blocks": 16741, "num_entries": 597595, "filter_policy_name": "rocksdb.BuiltinBloomFilter", "kDeletedKeys": "0", "kMergeOperands": "0"}}
[26089] 01-07 05:35:50,529 INFO [RocksDB][db/compaction_job.cc:1211] [0] [JOB 9] Generated table #44: 597632 keys, 68989785 bytes
[26089] 01-07 05:35:50,529 INFO [RocksDB]EVENT_LOG_v1 {"time_micros": 1578375350529269, "cf_name": "0", "job": 9, "event": "table_file_creation", "file_number": 44, "file_size": 68989785, "table_properties": {"data_size": 67111863, "index_size": 888837, "filter_size": 988054, "raw_key_size": 24600894, "raw_average_key_size": 41, "raw_value_size": 56775058, "raw_average_value_size": 95, "num_data_blocks": 16742, "num_entries": 597632, "filter_policy_name": "rocksdb.BuiltinBloomFilter", "kDeletedKeys": "0", "kMergeOperands": "0"}}
[26089] 01-07 05:35:51,832 INFO [RocksDB][db/compaction_job.cc:1211] [0] [JOB 9] Generated table #45: 597606 keys, 68988840 bytes
[26089] 01-07 05:35:51,832 INFO [RocksDB]EVENT_LOG_v1 {"time_micros": 1578375351832143, "cf_name": "0", "job": 9, "event": "table_file_creation", "file_number": 45, "file_size": 68988840, "table_properties": {"data_size": 67111275, "index_size": 888519, "filter_size": 988015, "raw_key_size": 24597794, "raw_average_key_size": 41, "raw_value_size": 56772552, "raw_average_value_size": 94, "num_data_blocks": 16741, "num_entries": 597606, "filter_policy_name": "rocksdb.BuiltinBloomFilter", "kDeletedKeys": "0", "kMergeOperands": "0"}}
[26089] 01-07 05:35:53,133 INFO [RocksDB][db/compaction_job.cc:1211] [0] [JOB 9] Generated table #46: 597508 keys, 68988461 bytes
[26089] 01-07 05:35:53,133 INFO [RocksDB]EVENT_LOG_v1 {"time_micros": 1578375353133386, "cf_name": "0", "job": 9, "event": "table_file_creation", "file_number": 46, "file_size": 68988461, "table_properties": {"data_size": 67110896, "index_size": 888657, "filter_size": 987877, "raw_key_size": 24596632, "raw_average_key_size": 41, "raw_value_size": 56763251, "raw_average_value_size": 94, "num_data_blocks": 16739, "num_entries": 597508, "filter_policy_name": "rocksdb.BuiltinBloomFilter", "kDeletedKeys": "0", "kMergeOperands": "0"}}
[26089] 01-07 05:35:54,470 INFO [RocksDB][db/compaction_job.cc:1211] [0] [JOB 9] Generated table #47: 597606 keys, 68986887 bytes
[26089] 01-07 05:35:54,470 INFO [RocksDB]EVENT_LOG_v1 {"time_micros": 1578375354470534, "cf_name": "0", "job": 9, "event": "table_file_creation", "file_number": 47, "file_size": 68986887, "table_properties": {"data_size": 67109226, "index_size": 888618, "filter_size": 988012, "raw_key_size": 24599750, "raw_average_key_size": 41, "raw_value_size": 56772552, "raw_average_value_size": 94, "num_data_blocks": 16741, "num_entries": 597606, "filter_policy_name": "rocksdb.BuiltinBloomFilter", "kDeletedKeys": "0", "kMergeOperands": "0"}}
[26089] 01-07 05:35:55,751 INFO [RocksDB][db/compaction_job.cc:1211] [0] [JOB 9] Generated table #48: 597589 keys, 68990060 bytes
[26089] 01-07 05:35:55,751 INFO [RocksDB]EVENT_LOG_v1 {"time_micros": 1578375355751735, "cf_name": "0", "job": 9, "event": "table_file_creation", "file_number": 48, "file_size": 68990060, "table_properties": {"data_size": 67111687, "index_size": 889321, "filter_size": 988021, "raw_key_size": 24598963, "raw_average_key_size": 41, "raw_value_size": 56770982, "raw_average_value_size": 95, "num_data_blocks": 16744, "num_entries": 597589, "filter_policy_name": "rocksdb.BuiltinBloomFilter", "kDeletedKeys": "0", "kMergeOperands": "0"}}
[26089] 01-07 05:35:56,054 INFO [RocksDB][db/compaction_job.cc:1211] [0] [JOB 9] Generated table #49: 132699 keys, 15314968 bytes
[26089] 01-07 05:35:56,054 INFO [RocksDB]EVENT_LOG_v1 {"time_micros": 1578375356054967, "cf_name": "0", "job": 9, "event": "table_file_creation", "file_number": 49, "file_size": 15314968, "table_properties": {"data_size": 14899006, "index_size": 195584, "filter_size": 219348, "raw_key_size": 5367750, "raw_average_key_size": 40, "raw_value_size": 12606459, "raw_average_value_size": 95, "num_data_blocks": 3714, "num_entries": 132699, "filter_policy_name": "rocksdb.BuiltinBloomFilter", "kDeletedKeys": "0", "kMergeOperands": "0"}}
[26089] 01-07 05:35:56,056 INFO [RocksDB][db/compaction_job.cc:1287] [0] [JOB 9] Compacted 2@0 + 8@1 files to L1 => 1119893825 bytes
[26089] 01-07 05:35:56,058 INFO [RocksDB](Original Log Time 2020/01/07-05:35:56.058450) [db/compaction_job.cc:685] [0] compacted to: base level 1 max bytes base 536870912 files[0 17 2 0 0 0 0] max score 2.09, MB/sec: 52.2 rd, 52.2 wr, level 1, files in(2, 8) out(17) MB in(603.4, 464.9) out(1068.0), read-write-amplify(3.5) write-amplify(1.8) OK, records in: 10265007, records dropped: 1 output_compression: NoCompression

[26089] 01-07 05:35:56,058 INFO [RocksDB](Original Log Time 2020/01/07-05:35:56.058464) EVENT_LOG_v1 {"time_micros": 1578375356058458, "job": 9, "event": "compaction_finished", "compaction_time_micros": 21471992, "output_level": 1, "num_output_files": 17, "total_output_size": 1119893825, "num_input_records": 10265007, "num_output_records": 10265006, "num_subcompactions": 1, "output_compression": "NoCompression", "num_single_delete_mismatches": 0, "num_single_delete_fallthrough": 0, "lsm_state": [0, 17, 2, 0, 0, 0, 0]}
[26089] 01-07 05:35:56,058 INFO [RocksDB][db/compaction_picker.cc:485] [0] Expanding@1 1+1(69748612+55112218 bytes) to 2+1 (138736479+55112218 bytes)

[26089] 01-07 05:35:56,058 INFO [RocksDB][db/compaction_job.cc:1531] [0] [JOB 10] Compacting 2@1 + 1@2 files to L2, score 2.09
[26089] 01-07 05:35:56,058 INFO [RocksDB][db/compaction_job.cc:1535] [0] Compaction start summary: Base version 10 Base level 1, inputs: [33(66MB) 34(65MB)], [28(52MB)]

[26089] 01-07 05:35:56,058 INFO [RocksDB]EVENT_LOG_v1 {"time_micros": 1578375356058556, "job": 10, "event": "compaction_started", "compaction_reason": "LevelMaxLevelSize", "files_L1": [33, 34], "files_L2": [28], "score": 2.08596, "input_data_size": 193848697}
[26089] 01-07 05:35:56,090 INFO [RocksDB]EVENT_LOG_v1 {"time_micros": 1578375356090720, "job": 0, "event": "table_file_deletion", "file_number": 32}
[26089] 01-07 05:35:56,091 INFO [RocksDB]EVENT_LOG_v1 {"time_micros": 1578375356091221, "job": 0, "event": "table_file_deletion", "file_number": 27}
[26089] 01-07 05:35:56,097 INFO [RocksDB]EVENT_LOG_v1 {"time_micros": 1578375356097955, "job": 0, "event": "table_file_deletion", "file_number": 26}
[26089] 01-07 05:35:56,128 INFO [RocksDB]EVENT_LOG_v1 {"time_micros": 1578375356128612, "job": 0, "event": "table_file_deletion", "file_number": 25}
[26089] 01-07 05:35:56,135 INFO [RocksDB]EVENT_LOG_v1 {"time_micros": 1578375356135075, "job": 0, "event": "table_file_deletion", "file_number": 22}
[26089] 01-07 05:35:56,141 INFO [RocksDB]EVENT_LOG_v1 {"time_micros": 1578375356141471, "job": 0, "event": "table_file_deletion", "file_number": 21}
[26089] 01-07 05:35:56,147 INFO [RocksDB]EVENT_LOG_v1 {"time_micros": 1578375356147673, "job": 0, "event": "table_file_deletion", "file_number": 20}
[26089] 01-07 05:35:56,154 INFO [RocksDB]EVENT_LOG_v1 {"time_micros": 1578375356154415, "job": 0, "event": "table_file_deletion", "file_number": 19}
[26089] 01-07 05:35:56,161 INFO [RocksDB]EVENT_LOG_v1 {"time_micros": 1578375356161131, "job": 0, "event": "table_file_deletion", "file_number": 18}
[26089] 01-07 05:35:56,167 INFO [RocksDB]EVENT_LOG_v1 {"time_micros": 1578375356167697, "job": 0, "event": "table_file_deletion", "file_number": 16}
[26089] 01-07 05:35:59,404 INFO [RocksDB][db/compaction_job.cc:1211] [0] [JOB 10] Generated table #50: 1989970 keys, 70584295 bytes
[26089] 01-07 05:35:59,404 INFO [RocksDB]EVENT_LOG_v1 {"time_micros": 1578375359404756, "cf_name": "0", "job": 10, "event": "table_file_creation", "file_number": 50, "file_size": 70584295, "table_properties": {"data_size": 67110611, "index_size": 1435008, "filter_size": 2697399, "raw_key_size": 96651123, "raw_average_key_size": 48, "raw_value_size": 26705018, "raw_average_value_size": 13, "num_data_blocks": 23592, "num_entries": 1989970, "filter_policy_name": "rocksdb.BuiltinBloomFilter", "kDeletedKeys": "0", "kMergeOperands": "0"}}
[26089] 01-07 05:36:00,706 INFO [RocksDB][db/compaction_job.cc:1211] [0] [JOB 10] Generated table #51: 597595 keys, 68583523 bytes
[26089] 01-07 05:36:00,707 INFO [RocksDB]EVENT_LOG_v1 {"time_micros": 1578375360706992, "cf_name": "0", "job": 10, "event": "table_file_creation", "file_number": 51, "file_size": 68583523, "table_properties": {"data_size": 67109922, "index_size": 889355, "filter_size": 988016, "raw_key_size": 24600035, "raw_average_key_size": 41, "raw_value_size": 56771507, "raw_average_value_size": 94, "num_data_blocks": 16743, "num_entries": 597595, "filter_policy_name": "rocksdb.BuiltinBloomFilter", "kDeletedKeys": "0", "kMergeOperands": "0"}}
[26089] 01-07 05:36:01,441 INFO [RocksDB][db/compaction_job.cc:1211] [0] [JOB 10] Generated table #52: 341197 keys, 39156477 bytes
[26089] 01-07 05:36:01,441 INFO [RocksDB]EVENT_LOG_v1 {"time_micros": 1578375361441549, "cf_name": "0", "job": 10, "event": "table_file_creation", "file_number": 52, "file_size": 39156477, "table_properties": {"data_size": 38315076, "index_size": 506955, "filter_size": 564095, "raw_key_size": 14043718, "raw_average_key_size": 41, "raw_value_size": 32413706, "raw_average_value_size": 94, "num_data_blocks": 9558, "num_entries": 341197, "filter_policy_name": "rocksdb.BuiltinBloomFilter", "kDeletedKeys": "0", "kMergeOperands": "0"}}
[26089] 01-07 05:36:01,442 INFO [RocksDB][db/compaction_job.cc:1287] [0] [JOB 10] Compacted 2@1 + 1@2 files to L2 => 178324295 bytes
[26089] 01-07 05:36:01,445 INFO [RocksDB](Original Log Time 2020/01/07-05:36:01.445079) [db/compaction_job.cc:685] [0] compacted to: base level 1 max bytes base 536870912 files[0 15 4 0 0 0 0] max score 1.83, MB/sec: 36.0 rd, 33.1 wr, level 2, files in(2, 1) out(3) MB in(132.3, 52.6) out(170.1), read-write-amplify(2.7) write-amplify(1.3) OK, records in: 2928763, records dropped: 1 output_compression: Snappy

[26089] 01-07 05:36:01,445 INFO [RocksDB](Original Log Time 2020/01/07-05:36:01.445092) EVENT_LOG_v1 {"time_micros": 1578375361445086, "job": 10, "event": "compaction_finished", "compaction_time_micros": 5384397, "output_level": 2, "num_output_files": 3, "total_output_size": 178324295, "num_input_records": 2928763, "num_output_records": 2928762, "num_subcompactions": 1, "output_compression": "Snappy", "num_single_delete_mismatches": 0, "num_single_delete_fallthrough": 0, "lsm_state": [0, 15, 4, 0, 0, 0, 0]}
[26089] 01-07 05:36:01,445 INFO [RocksDB][db/compaction_job.cc:1531] [0] [JOB 11] Compacting 1@1 files to L2, score 1.83
[26089] 01-07 05:36:01,445 INFO [RocksDB][db/compaction_job.cc:1535] [0] Compaction start summary: Base version 11 Base level 1, inputs: [37(65MB)]

[26089] 01-07 05:36:01,445 INFO [RocksDB]EVENT_LOG_v1 {"time_micros": 1578375361445176, "job": 11, "event": "compaction_started", "compaction_reason": "LevelMaxLevelSize", "files_L1": [37], "score": 1.82755, "input_data_size": 68990613}
[26089] 01-07 05:36:01,452 INFO [RocksDB]EVENT_LOG_v1 {"time_micros": 1578375361452586, "job": 0, "event": "table_file_deletion", "file_number": 34}
[26089] 01-07 05:36:01,460 INFO [RocksDB]EVENT_LOG_v1 {"time_micros": 1578375361460016, "job": 0, "event": "table_file_deletion", "file_number": 33}
[26089] 01-07 05:36:01,465 INFO [RocksDB]EVENT_LOG_v1 {"time_micros": 1578375361465441, "job": 0, "event": "table_file_deletion", "file_number": 28}
[26089] 01-07 05:36:02,761 INFO [RocksDB][db/compaction_job.cc:1211] [0] [JOB 11] Generated table #53: 597608 keys, 68586131 bytes
[26089] 01-07 05:36:02,761 INFO [RocksDB]EVENT_LOG_v1 {"time_micros": 1578375362761421, "cf_name": "0", "job": 11, "event": "table_file_creation", "file_number": 53, "file_size": 68586131, "table_properties": {"data_size": 67112454, "index_size": 889093, "filter_size": 988035, "raw_key_size": 24599000, "raw_average_key_size": 41, "raw_value_size": 56772760, "raw_average_value_size": 95, "num_data_blocks": 16743, "num_entries": 597608, "filter_policy_name": "rocksdb.BuiltinBloomFilter", "kDeletedKeys": "0", "kMergeOperands": "0"}}
[26089] 01-07 05:36:02,762 INFO [RocksDB][db/compaction_job.cc:1287] [0] [JOB 11] Compacted 1@1 files to L2 => 68586131 bytes
[26089] 01-07 05:36:02,764 INFO [RocksDB](Original Log Time 2020/01/07-05:36:02.764415) [db/compaction_job.cc:685] [0] compacted to: base level 1 max bytes base 536870912 files[0 14 5 0 0 0 0] max score 1.70, MB/sec: 52.4 rd, 52.1 wr, level 2, files in(1, 0) out(1) MB in(65.8, 0.0) out(65.4), read-write-amplify(2.0) write-amplify(1.0) OK, records in: 597608, records dropped: 0 output_compression: Snappy

[26089] 01-07 05:36:02,764 INFO [RocksDB](Original Log Time 2020/01/07-05:36:02.764428) EVENT_LOG_v1 {"time_micros": 1578375362764423, "job": 11, "event": "compaction_finished", "compaction_time_micros": 1317505, "output_level": 2, "num_output_files": 1, "total_output_size": 68586131, "num_input_records": 597608, "num_output_records": 597608, "num_subcompactions": 1, "output_compression": "Snappy", "num_single_delete_mismatches": 0, "num_single_delete_fallthrough": 0, "lsm_state": [0, 14, 5, 0, 0, 0, 0]}
[26089] 01-07 05:36:02,764 INFO [RocksDB][db/compaction_job.cc:1531] [0] [JOB 12] Compacting 1@1 files to L2, score 1.70
[26089] 01-07 05:36:02,764 INFO [RocksDB][db/compaction_job.cc:1535] [0] Compaction start summary: Base version 12 Base level 1, inputs: [42(65MB)]

[26089] 01-07 05:36:02,764 INFO [RocksDB]EVENT_LOG_v1 {"time_micros": 1578375362764489, "job": 12, "event": "compaction_started", "compaction_reason": "LevelMaxLevelSize", "files_L1": [42], "score": 1.69904, "input_data_size": 68990583}
[26089] 01-07 05:36:02,771 INFO [RocksDB]EVENT_LOG_v1 {"time_micros": 1578375362771887, "job": 0, "event": "table_file_deletion", "file_number": 37}
[26089] 01-07 05:36:04,059 INFO [RocksDB][db/compaction_job.cc:1211] [0] [JOB 12] Generated table #54: 597638 keys, 68586030 bytes
[26089] 01-07 05:36:04,059 INFO [RocksDB]EVENT_LOG_v1 {"time_micros": 1578375364059281, "cf_name": "0", "job": 12, "event": "table_file_creation", "file_number": 54, "file_size": 68586030, "table_properties": {"data_size": 67112883, "index_size": 888607, "filter_size": 988062, "raw_key_size": 24599323, "raw_average_key_size": 41, "raw_value_size": 56775583, "raw_average_value_size": 94, "num_data_blocks": 16742, "num_entries": 597638, "filter_policy_name": "rocksdb.BuiltinBloomFilter", "kDeletedKeys": "0", "kMergeOperands": "0"}}
[26089] 01-07 05:36:04,060 INFO [RocksDB][db/compaction_job.cc:1287] [0] [JOB 12] Compacted 1@1 files to L2 => 68586030 bytes
[26089] 01-07 05:36:04,062 INFO [RocksDB](Original Log Time 2020/01/07-05:36:04.062369) [db/compaction_job.cc:685] [0] compacted to: base level 1 max bytes base 536870912 files[0 13 6 0 0 0 0] max score 1.57, MB/sec: 53.2 rd, 52.9 wr, level 2, files in(1, 0) out(1) MB in(65.8, 0.0) out(65.4), read-write-amplify(2.0) write-amplify(1.0) OK, records in: 597638, records dropped: 0 output_compression: Snappy

[26089] 01-07 05:36:04,062 INFO [RocksDB](Original Log Time 2020/01/07-05:36:04.062381) EVENT_LOG_v1 {"time_micros": 1578375364062377, "job": 12, "event": "compaction_finished", "compaction_time_micros": 1296096, "output_level": 2, "num_output_files": 1, "total_output_size": 68586030, "num_input_records": 597638, "num_output_records": 597638, "num_subcompactions": 1, "output_compression": "Snappy", "num_single_delete_mismatches": 0, "num_single_delete_fallthrough": 0, "lsm_state": [0, 13, 6, 0, 0, 0, 0]}
[26089] 01-07 05:36:04,062 INFO [RocksDB][db/compaction_job.cc:1531] [0] [JOB 13] Compacting 1@1 files to L2, score 1.57
[26089] 01-07 05:36:04,062 INFO [RocksDB][db/compaction_job.cc:1535] [0] Compaction start summary: Base version 13 Base level 1, inputs: [41(65MB)]

[26089] 01-07 05:36:04,062 INFO [RocksDB]EVENT_LOG_v1 {"time_micros": 1578375364062443, "job": 13, "event": "compaction_started", "compaction_reason": "LevelMaxLevelSize", "files_L1": [41], "score": 1.57054, "input_data_size": 68990464}
[26089] 01-07 05:36:04,069 INFO [RocksDB]EVENT_LOG_v1 {"time_micros": 1578375364069268, "job": 0, "event": "table_file_deletion", "file_number": 42}
[26089] 01-07 05:36:05,395 INFO [RocksDB][db/compaction_job.cc:1211] [0] [JOB 13] Generated table #55: 597627 keys, 68585873 bytes
[26089] 01-07 05:36:05,395 INFO [RocksDB]EVENT_LOG_v1 {"time_micros": 1578375365395255, "cf_name": "0", "job": 13, "event": "table_file_creation", "file_number": 55, "file_size": 68585873, "table_properties": {"data_size": 67112864, "index_size": 888531, "filter_size": 988038, "raw_key_size": 24597898, "raw_average_key_size": 41, "raw_value_size": 56774637, "raw_average_value_size": 95, "num_data_blocks": 16741, "num_entries": 597627, "filter_policy_name": "rocksdb.BuiltinBloomFilter", "kDeletedKeys": "0", "kMergeOperands": "0"}}
[26089] 01-07 05:36:05,396 INFO [RocksDB][db/compaction_job.cc:1287] [0] [JOB 13] Compacted 1@1 files to L2 => 68585873 bytes
[26089] 01-07 05:36:05,398 INFO [RocksDB](Original Log Time 2020/01/07-05:36:05.398334) [db/compaction_job.cc:685] [0] compacted to: base level 1 max bytes base 536870912 files[0 12 7 0 0 0 0] max score 1.44, MB/sec: 51.7 rd, 51.4 wr, level 2, files in(1, 0) out(1) MB in(65.8, 0.0) out(65.4), read-write-amplify(2.0) write-amplify(1.0) OK, records in: 597627, records dropped: 0 output_compression: Snappy

[26089] 01-07 05:36:05,398 INFO [RocksDB](Original Log Time 2020/01/07-05:36:05.398359) EVENT_LOG_v1 {"time_micros": 1578375365398342, "job": 13, "event": "compaction_finished", "compaction_time_micros": 1334112, "output_level": 2, "num_output_files": 1, "total_output_size": 68585873, "num_input_records": 597627, "num_output_records": 597627, "num_subcompactions": 1, "output_compression": "Snappy", "num_single_delete_mismatches": 0, "num_single_delete_fallthrough": 0, "lsm_state": [0, 12, 7, 0, 0, 0, 0]}
[26089] 01-07 05:36:05,405 INFO [RocksDB]EVENT_LOG_v1 {"time_micros": 1578375365405288, "job": 13, "event": "table_file_deletion", "file_number": 41}
[26089] 01-07 05:36:05,405 INFO [RocksDB][db/compaction_job.cc:1531] [0] [JOB 14] Compacting 1@1 files to L2, score 1.44
[26089] 01-07 05:36:05,405 INFO [RocksDB][db/compaction_job.cc:1535] [0] Compaction start summary: Base version 14 Base level 1, inputs: [48(65MB)]

[26089] 01-07 05:36:05,405 INFO [RocksDB]EVENT_LOG_v1 {"time_micros": 1578375365405335, "job": 14, "event": "compaction_started", "compaction_reason": "LevelMaxLevelSize", "files_L1": [48], "score": 1.44203, "input_data_size": 68990060}
[26089] 01-07 05:36:06,706 INFO [RocksDB][db/compaction_job.cc:1211] [0] [JOB 14] Generated table #56: 597589 keys, 68584945 bytes
[26089] 01-07 05:36:06,707 INFO [RocksDB]EVENT_LOG_v1 {"time_micros": 1578375366707002, "cf_name": "0", "job": 14, "event": "table_file_creation", "file_number": 56, "file_size": 68584945, "table_properties": {"data_size": 67111687, "index_size": 889321, "filter_size": 988021, "raw_key_size": 24598963, "raw_average_key_size": 41, "raw_value_size": 56770982, "raw_average_value_size": 95, "num_data_blocks": 16744, "num_entries": 597589, "filter_policy_name": "rocksdb.BuiltinBloomFilter", "kDeletedKeys": "0", "kMergeOperands": "0"}}
[26089] 01-07 05:36:06,708 INFO [RocksDB][db/compaction_job.cc:1287] [0] [JOB 14] Compacted 1@1 files to L2 => 68584945 bytes
[26089] 01-07 05:36:06,710 INFO [RocksDB](Original Log Time 2020/01/07-05:36:06.710101) [db/compaction_job.cc:685] [0] compacted to: base level 1 max bytes base 536870912 files[0 11 8 0 0 0 0] max score 1.31, MB/sec: 52.9 rd, 52.6 wr, level 2, files in(1, 0) out(1) MB in(65.8, 0.0) out(65.4), read-write-amplify(2.0) write-amplify(1.0) OK, records in: 597589, records dropped: 0 output_compression: Snappy

[26089] 01-07 05:36:06,710 INFO [RocksDB](Original Log Time 2020/01/07-05:36:06.710126) EVENT_LOG_v1 {"time_micros": 1578375366710109, "job": 14, "event": "compaction_finished", "compaction_time_micros": 1302966, "output_level": 2, "num_output_files": 1, "total_output_size": 68584945, "num_input_records": 597589, "num_output_records": 597589, "num_subcompactions": 1, "output_compression": "Snappy", "num_single_delete_mismatches": 0, "num_single_delete_fallthrough": 0, "lsm_state": [0, 11, 8, 0, 0, 0, 0]}
[26089] 01-07 05:36:06,717 INFO [RocksDB]EVENT_LOG_v1 {"time_micros": 1578375366717214, "job": 14, "event": "table_file_deletion", "file_number": 48}
[26089] 01-07 05:36:06,717 INFO [RocksDB][db/compaction_job.cc:1531] [0] [JOB 15] Compacting 1@1 files to L2, score 1.31
[26089] 01-07 05:36:06,717 INFO [RocksDB][db/compaction_job.cc:1535] [0] Compaction start summary: Base version 15 Base level 1, inputs: [39(65MB)]

[26089] 01-07 05:36:06,717 INFO [RocksDB]EVENT_LOG_v1 {"time_micros": 1578375366717261, "job": 15, "event": "compaction_started", "compaction_reason": "LevelMaxLevelSize", "files_L1": [39], "score": 1.31353, "input_data_size": 68989994}
[26089] 01-07 05:36:06,978 INFO [RocksDB][db/db_impl_write.cc:1373] [0] New memtable created with log file: #58. Immutable memtables: 0.

[26089] 01-07 05:36:08,016 INFO [RocksDB][db/compaction_job.cc:1211] [0] [JOB 15] Generated table #57: 597608 keys, 68585228 bytes
[26089] 01-07 05:36:08,016 INFO [RocksDB]EVENT_LOG_v1 {"time_micros": 1578375368016876, "cf_name": "0", "job": 15, "event": "table_file_creation", "file_number": 57, "file_size": 68585228, "table_properties": {"data_size": 67112174, "index_size": 888754, "filter_size": 988035, "raw_key_size": 24596019, "raw_average_key_size": 41, "raw_value_size": 56772760, "raw_average_value_size": 95, "num_data_blocks": 16743, "num_entries": 597608, "filter_policy_name": "rocksdb.BuiltinBloomFilter", "kDeletedKeys": "0", "kMergeOperands": "0"}}
[26089] 01-07 05:36:08,018 INFO [RocksDB][db/compaction_job.cc:1287] [0] [JOB 15] Compacted 1@1 files to L2 => 68585228 bytes
[26089] 01-07 05:36:08,019 INFO [RocksDB](Original Log Time 2020/01/07-05:36:08.019684) [db/compaction_job.cc:685] [0] compacted to: base level 1 max bytes base 536870912 files[0 10 9 0 0 0 0] max score 1.19, MB/sec: 53.0 rd, 52.7 wr, level 2, files in(1, 0) out(1) MB in(65.8, 0.0) out(65.4), read-write-amplify(2.0) write-amplify(1.0) OK, records in: 597608, records dropped: 0 output_compression: Snappy

[26089] 01-07 05:36:08,019 INFO [RocksDB](Original Log Time 2020/01/07-05:36:08.019709) EVENT_LOG_v1 {"time_micros": 1578375368019692, "job": 15, "event": "compaction_finished", "compaction_time_micros": 1300773, "output_level": 2, "num_output_files": 1, "total_output_size": 68585228, "num_input_records": 597608, "num_output_records": 597608, "num_subcompactions": 1, "output_compression": "Snappy", "num_single_delete_mismatches": 0, "num_single_delete_fallthrough": 0, "lsm_state": [0, 10, 9, 0, 0, 0, 0]}
[26089] 01-07 05:36:08,019 INFO [RocksDB][db/compaction_job.cc:1531] [0] [JOB 16] Compacting 1@1 files to L2, score 1.19
[26089] 01-07 05:36:08,019 INFO [RocksDB][db/compaction_job.cc:1535] [0] Compaction start summary: Base version 16 Base level 1, inputs: [44(65MB)]

[26089] 01-07 05:36:08,019 INFO [RocksDB]EVENT_LOG_v1 {"time_micros": 1578375368019773, "job": 16, "event": "compaction_started", "compaction_reason": "LevelMaxLevelSize", "files_L1": [44], "score": 1.18503, "input_data_size": 68989785}
[26089] 01-07 05:36:09,409 INFO [RocksDB][db/compaction_job.cc:1211] [0] [JOB 16] Generated table #59: 597632 keys, 68584878 bytes
[26089] 01-07 05:36:09,409 INFO [RocksDB]EVENT_LOG_v1 {"time_micros": 1578375369409867, "cf_name": "0", "job": 16, "event": "table_file_creation", "file_number": 59, "file_size": 68584878, "table_properties": {"data_size": 67111863, "index_size": 888837, "filter_size": 988054, "raw_key_size": 24600894, "raw_average_key_size": 41, "raw_value_size": 56775058, "raw_average_value_size": 95, "num_data_blocks": 16742, "num_entries": 597632, "filter_policy_name": "rocksdb.BuiltinBloomFilter", "kDeletedKeys": "0", "kMergeOperands": "0"}}
[26089] 01-07 05:36:09,411 INFO [RocksDB][db/compaction_job.cc:1287] [0] [JOB 16] Compacted 1@1 files to L2 => 68584878 bytes
[26089] 01-07 05:36:09,413 INFO [RocksDB](Original Log Time 2020/01/07-05:36:09.413080) [db/compaction_job.cc:685] [0] compacted to: base level 1 max bytes base 536870912 files[0 9 10 0 0 0 0] max score 1.06, MB/sec: 49.6 rd, 49.3 wr, level 2, files in(1, 0) out(1) MB in(65.8, 0.0) out(65.4), read-write-amplify(2.0) write-amplify(1.0) OK, records in: 597632, records dropped: 0 output_compression: Snappy

[26089] 01-07 05:36:09,413 INFO [RocksDB](Original Log Time 2020/01/07-05:36:09.413105) EVENT_LOG_v1 {"time_micros": 1578375369413089, "job": 16, "event": "compaction_finished", "compaction_time_micros": 1391427, "output_level": 2, "num_output_files": 1, "total_output_size": 68584878, "num_input_records": 597632, "num_output_records": 597632, "num_subcompactions": 1, "output_compression": "Snappy", "num_single_delete_mismatches": 0, "num_single_delete_fallthrough": 0, "lsm_state": [0, 9, 10, 0, 0, 0, 0]}
[26089] 01-07 05:36:09,420 INFO [RocksDB]EVENT_LOG_v1 {"time_micros": 1578375369420071, "job": 16, "event": "table_file_deletion", "file_number": 44}
[26089] 01-07 05:36:09,427 INFO [RocksDB]EVENT_LOG_v1 {"time_micros": 1578375369427209, "job": 16, "event": "table_file_deletion", "file_number": 39}
[26089] 01-07 05:36:09,427 INFO [RocksDB][db/compaction_job.cc:1531] [0] [JOB 17] Compacting 1@1 files to L2, score 1.06
[26089] 01-07 05:36:09,427 INFO [RocksDB][db/compaction_job.cc:1535] [0] Compaction start summary: Base version 17 Base level 1, inputs: [45(65MB)]

[26089] 01-07 05:36:09,427 INFO [RocksDB]EVENT_LOG_v1 {"time_micros": 1578375369427257, "job": 17, "event": "compaction_started", "compaction_reason": "LevelMaxLevelSize", "files_L1": [45], "score": 1.05652, "input_data_size": 68988840}
[26089] 01-07 05:36:10,725 INFO [RocksDB][db/compaction_job.cc:1211] [0] [JOB 17] Generated table #60: 597606 keys, 68583888 bytes
[26089] 01-07 05:36:10,725 INFO [RocksDB]EVENT_LOG_v1 {"time_micros": 1578375370725368, "cf_name": "0", "job": 17, "event": "table_file_creation", "file_number": 60, "file_size": 68583888, "table_properties": {"data_size": 67111275, "index_size": 888519, "filter_size": 988015, "raw_key_size": 24597794, "raw_average_key_size": 41, "raw_value_size": 56772552, "raw_average_value_size": 94, "num_data_blocks": 16741, "num_entries": 597606, "filter_policy_name": "rocksdb.BuiltinBloomFilter", "kDeletedKeys": "0", "kMergeOperands": "0"}}
[26089] 01-07 05:36:10,726 INFO [RocksDB][db/compaction_job.cc:1287] [0] [JOB 17] Compacted 1@1 files to L2 => 68583888 bytes
[26089] 01-07 05:36:10,728 INFO [RocksDB](Original Log Time 2020/01/07-05:36:10.728549) [db/compaction_job.cc:685] [0] compacted to: base level 1 max bytes base 536870912 files[0 8 11 0 0 0 0] max score 0.93, MB/sec: 53.1 rd, 52.8 wr, level 2, files in(1, 0) out(1) MB in(65.8, 0.0) out(65.4), read-write-amplify(2.0) write-amplify(1.0) OK, records in: 597606, records dropped: 0 output_compression: Snappy

[26089] 01-07 05:36:10,728 INFO [RocksDB](Original Log Time 2020/01/07-05:36:10.728574) EVENT_LOG_v1 {"time_micros": 1578375370728557, "job": 17, "event": "compaction_finished", "compaction_time_micros": 1299354, "output_level": 2, "num_output_files": 1, "total_output_size": 68583888, "num_input_records": 597606, "num_output_records": 597606, "num_subcompactions": 1, "output_compression": "Snappy", "num_single_delete_mismatches": 0, "num_single_delete_fallthrough": 0, "lsm_state": [0, 8, 11, 0, 0, 0, 0]}
[26089] 01-07 05:36:10,735 INFO [RocksDB]EVENT_LOG_v1 {"time_micros": 1578375370735501, "job": 17, "event": "table_file_deletion", "file_number": 45}
