[23518] 01-07 05:24:16,618 INFO [RocksDB]RocksDB version: 5.14.2

[23518] 01-07 05:24:16,625 INFO [RocksDB]Git sha rocksdb_build_git_sha:fc00d54a097e35332052f4c39c3229d413a023b6
[23518] 01-07 05:24:16,625 INFO [RocksDB]Compile date Jan  7 2020
[23518] 01-07 05:24:16,625 INFO [RocksDB]DB SUMMARY

[23518] 01-07 05:24:16,625 INFO [RocksDB]SST files in /home/ubuntu/ardb/data/rocksdb dir, Total Num: 0, files: 

[23518] 01-07 05:24:16,625 INFO [RocksDB]Write Ahead Log file in /home/ubuntu/ardb/data/rocksdb: 

[23518] 01-07 05:24:16,625 INFO [RocksDB]                        Options.error_if_exists: 0
[23518] 01-07 05:24:16,625 INFO [RocksDB]                      Options.create_if_missing: 1
[23518] 01-07 05:24:16,625 INFO [RocksDB]                        Options.paranoid_checks: 1
[23518] 01-07 05:24:16,625 INFO [RocksDB]                                    Options.env: 0xbf86c0
[23518] 01-07 05:24:16,625 INFO [RocksDB]                               Options.info_log: 0x7fb0b9e3f8a0
[23518] 01-07 05:24:16,625 INFO [RocksDB]               Options.max_file_opening_threads: 16
[23518] 01-07 05:24:16,625 INFO [RocksDB]                             Options.statistics: (nil)
[23518] 01-07 05:24:16,625 INFO [RocksDB]                              Options.use_fsync: 0
[23518] 01-07 05:24:16,625 INFO [RocksDB]                      Options.max_log_file_size: 0
[23518] 01-07 05:24:16,625 INFO [RocksDB]                 Options.max_manifest_file_size: 18446744073709551615
[23518] 01-07 05:24:16,625 INFO [RocksDB]                  Options.log_file_time_to_roll: 0
[23518] 01-07 05:24:16,625 INFO [RocksDB]                      Options.keep_log_file_num: 1000
[23518] 01-07 05:24:16,625 INFO [RocksDB]                   Options.recycle_log_file_num: 0
[23518] 01-07 05:24:16,625 INFO [RocksDB]                        Options.allow_fallocate: 1
[23518] 01-07 05:24:16,625 INFO [RocksDB]                       Options.allow_mmap_reads: 0
[23518] 01-07 05:24:16,625 INFO [RocksDB]                      Options.allow_mmap_writes: 0
[23518] 01-07 05:24:16,625 INFO [RocksDB]                       Options.use_direct_reads: 0
[23518] 01-07 05:24:16,625 INFO [RocksDB]                       Options.use_direct_io_for_flush_and_compaction: 0
[23518] 01-07 05:24:16,625 INFO [RocksDB]         Options.create_missing_column_families: 0
[23518] 01-07 05:24:16,625 INFO [RocksDB]                             Options.db_log_dir: 
[23518] 01-07 05:24:16,625 INFO [RocksDB]                                Options.wal_dir: /home/ubuntu/ardb/data/rocksdb
[23518] 01-07 05:24:16,625 INFO [RocksDB]               Options.table_cache_numshardbits: 6
[23518] 01-07 05:24:16,625 INFO [RocksDB]                     Options.max_subcompactions: 1
[23518] 01-07 05:24:16,625 INFO [RocksDB]                 Options.max_background_flushes: -1
[23518] 01-07 05:24:16,625 INFO [RocksDB]                        Options.WAL_ttl_seconds: 0
[23518] 01-07 05:24:16,625 INFO [RocksDB]                      Options.WAL_size_limit_MB: 0
[23518] 01-07 05:24:16,625 INFO [RocksDB]            Options.manifest_preallocation_size: 4194304
[23518] 01-07 05:24:16,625 INFO [RocksDB]                    Options.is_fd_close_on_exec: 1
[23518] 01-07 05:24:16,625 INFO [RocksDB]                  Options.advise_random_on_open: 1
[23518] 01-07 05:24:16,625 INFO [RocksDB]                   Options.db_write_buffer_size: 0
[23518] 01-07 05:24:16,625 INFO [RocksDB]                   Options.write_buffer_manager: 0x7fb0ba5fa7d0
[23518] 01-07 05:24:16,625 INFO [RocksDB]        Options.access_hint_on_compaction_start: 1
[23518] 01-07 05:24:16,625 INFO [RocksDB] Options.new_table_reader_for_compaction_inputs: 0
[23518] 01-07 05:24:16,625 INFO [RocksDB]          Options.random_access_max_buffer_size: 1048576
[23518] 01-07 05:24:16,625 INFO [RocksDB]                     Options.use_adaptive_mutex: 1
[23518] 01-07 05:24:16,625 INFO [RocksDB]                           Options.rate_limiter: 0x7fb0b9e38540
[23518] 01-07 05:24:16,625 INFO [RocksDB]    Options.sst_file_manager.rate_bytes_per_sec: 0
[23518] 01-07 05:24:16,625 INFO [RocksDB]                      Options.wal_recovery_mode: 2
[23518] 01-07 05:24:16,625 INFO [RocksDB]                 Options.enable_thread_tracking: 0
[23518] 01-07 05:24:16,625 INFO [RocksDB]                 Options.enable_pipelined_write: 1
[23518] 01-07 05:24:16,625 INFO [RocksDB]        Options.allow_concurrent_memtable_write: 1
[23518] 01-07 05:24:16,625 INFO [RocksDB]     Options.enable_write_thread_adaptive_yield: 1
[23518] 01-07 05:24:16,625 INFO [RocksDB]            Options.write_thread_max_yield_usec: 100
[23518] 01-07 05:24:16,625 INFO [RocksDB]           Options.write_thread_slow_yield_usec: 3
[23518] 01-07 05:24:16,625 INFO [RocksDB]                              Options.row_cache: None
[23518] 01-07 05:24:16,625 INFO [RocksDB]                             Options.wal_filter: None
[23518] 01-07 05:24:16,625 INFO [RocksDB]            Options.avoid_flush_during_recovery: 0
[23518] 01-07 05:24:16,625 INFO [RocksDB]            Options.allow_ingest_behind: 0
[23518] 01-07 05:24:16,625 INFO [RocksDB]            Options.preserve_deletes: 0
[23518] 01-07 05:24:16,625 INFO [RocksDB]            Options.two_write_queues: 0
[23518] 01-07 05:24:16,625 INFO [RocksDB]            Options.manual_wal_flush: 0
[23518] 01-07 05:24:16,625 INFO [RocksDB]            Options.max_background_jobs: 16
[23518] 01-07 05:24:16,625 INFO [RocksDB]            Options.max_background_compactions: -1
[23518] 01-07 05:24:16,625 INFO [RocksDB]            Options.avoid_flush_during_shutdown: 0
[23518] 01-07 05:24:16,625 INFO [RocksDB]          Options.writable_file_max_buffer_size: 1048576
[23518] 01-07 05:24:16,625 INFO [RocksDB]            Options.delayed_write_rate : 52428800
[23518] 01-07 05:24:16,625 INFO [RocksDB]            Options.max_total_wal_size: 0
[23518] 01-07 05:24:16,625 INFO [RocksDB]            Options.delete_obsolete_files_period_micros: 21600000000
[23518] 01-07 05:24:16,625 INFO [RocksDB]                  Options.stats_dump_period_sec: 100000
[23518] 01-07 05:24:16,625 INFO [RocksDB]                         Options.max_open_files: 1024
[23518] 01-07 05:24:16,625 INFO [RocksDB]                         Options.bytes_per_sync: 1048576
[23518] 01-07 05:24:16,625 INFO [RocksDB]                     Options.wal_bytes_per_sync: 0
[23518] 01-07 05:24:16,625 INFO [RocksDB]      Options.compaction_readahead_size: 0
[23518] 01-07 05:24:16,625 INFO [RocksDB]Compression algorithms supported:
[23518] 01-07 05:24:16,625 INFO [RocksDB]	kZSTDNotFinalCompression supported: 0
[23518] 01-07 05:24:16,625 INFO [RocksDB]	kZSTD supported: 0
[23518] 01-07 05:24:16,625 INFO [RocksDB]	kXpressCompression supported: 0
[23518] 01-07 05:24:16,625 INFO [RocksDB]	kLZ4HCCompression supported: 0
[23518] 01-07 05:24:16,625 INFO [RocksDB]	kLZ4Compression supported: 0
[23518] 01-07 05:24:16,625 INFO [RocksDB]	kBZip2Compression supported: 0
[23518] 01-07 05:24:16,625 INFO [RocksDB]	kZlibCompression supported: 1
[23518] 01-07 05:24:16,625 INFO [RocksDB]	kSnappyCompression supported: 1
[23518] 01-07 05:24:16,625 INFO [RocksDB]Fast CRC32 supported: Supported on x86
[23518] 01-07 05:24:16,625 INFO [RocksDB][db/db_impl_open.cc:222] Creating manifest 1 

[23518] 01-07 05:24:16,633 INFO [RocksDB][db/version_set.cc:3085] Recovering from manifest file: MANIFEST-000001

[23518] 01-07 05:24:16,633 INFO [RocksDB][db/column_family.cc:475] --------------- Options for column family [default]:

[23518] 01-07 05:24:16,633 INFO [RocksDB]              Options.comparator: ardb.comparator
[23518] 01-07 05:24:16,633 INFO [RocksDB]          Options.merge_operator: ardb.merger
[23518] 01-07 05:24:16,633 INFO [RocksDB]       Options.compaction_filter: None
[23518] 01-07 05:24:16,633 INFO [RocksDB]       Options.compaction_filter_factory: ardb.compact_filter_factory
[23518] 01-07 05:24:16,633 INFO [RocksDB]        Options.memtable_factory: SkipListFactory
[23518] 01-07 05:24:16,633 INFO [RocksDB]           Options.table_factory: BlockBasedTable
[23518] 01-07 05:24:16,633 INFO [RocksDB]           table_factory options:   flush_block_policy_factory: FlushBlockBySizePolicyFactory (0x7fb0ba408018)
  cache_index_and_filter_blocks: 0
  cache_index_and_filter_blocks_with_high_priority: 0
  pin_l0_filter_and_index_blocks_in_cache: 0
  index_type: 0
  hash_index_allow_collision: 1
  checksum: 1
  no_block_cache: 0
  block_cache: 0x7fb0ba481cf0
  block_cache_name: LRUCache
  block_cache_options:
    capacity : 536870912
    num_shard_bits : 6
    strict_capacity_limit : 0
    high_pri_pool_ratio: 0.000
  block_cache_compressed: (nil)
  persistent_cache: (nil)
  block_size: 4096
  block_size_deviation: 10
  block_restart_interval: 16
  index_block_restart_interval: 1
  metadata_block_size: 4096
  partition_filters: 0
  use_delta_encoding: 1
  filter_policy: rocksdb.BuiltinBloomFilter
  whole_key_filtering: 1
  verify_compression: 0
  read_amp_bytes_per_bit: 0
  format_version: 2
  enable_index_compression: 1
  block_align: 0

[23518] 01-07 05:24:16,633 INFO [RocksDB]       Options.write_buffer_size: 268435456
[23518] 01-07 05:24:16,633 INFO [RocksDB] Options.max_write_buffer_number: 6
[23518] 01-07 05:24:16,633 INFO [RocksDB]       Options.compression[0]: NoCompression
[23518] 01-07 05:24:16,633 INFO [RocksDB]       Options.compression[1]: NoCompression
[23518] 01-07 05:24:16,633 INFO [RocksDB]       Options.compression[2]: Snappy
[23518] 01-07 05:24:16,633 INFO [RocksDB]       Options.compression[3]: Snappy
[23518] 01-07 05:24:16,633 INFO [RocksDB]       Options.compression[4]: Snappy
[23518] 01-07 05:24:16,633 INFO [RocksDB]       Options.compression[5]: Snappy
[23518] 01-07 05:24:16,633 INFO [RocksDB]       Options.compression[6]: Snappy
[23518] 01-07 05:24:16,633 INFO [RocksDB]                 Options.bottommost_compression: Disabled
[23518] 01-07 05:24:16,633 INFO [RocksDB]      Options.prefix_extractor: ardb.prefix_extractor
[23518] 01-07 05:24:16,633 INFO [RocksDB]  Options.memtable_insert_with_hint_prefix_extractor: nullptr
[23518] 01-07 05:24:16,633 INFO [RocksDB]            Options.num_levels: 7
[23518] 01-07 05:24:16,633 INFO [RocksDB]       Options.min_write_buffer_number_to_merge: 2
[23518] 01-07 05:24:16,633 INFO [RocksDB]    Options.max_write_buffer_number_to_maintain: 0
[23518] 01-07 05:24:16,633 INFO [RocksDB]           Options.compression_opts.window_bits: -14
[23518] 01-07 05:24:16,633 INFO [RocksDB]                 Options.compression_opts.level: -1
[23518] 01-07 05:24:16,633 INFO [RocksDB]              Options.compression_opts.strategy: 0
[23518] 01-07 05:24:16,633 INFO [RocksDB]        Options.compression_opts.max_dict_bytes: 0
[23518] 01-07 05:24:16,633 INFO [RocksDB]        Options.compression_opts.zstd_max_train_bytes: 0
[23518] 01-07 05:24:16,633 INFO [RocksDB]     Options.level0_file_num_compaction_trigger: 2
[23518] 01-07 05:24:16,633 INFO [RocksDB]         Options.level0_slowdown_writes_trigger: 20
[23518] 01-07 05:24:16,633 INFO [RocksDB]             Options.level0_stop_writes_trigger: 36
[23518] 01-07 05:24:16,633 INFO [RocksDB]                  Options.target_file_size_base: 67108864
[23518] 01-07 05:24:16,633 INFO [RocksDB]            Options.target_file_size_multiplier: 1
[23518] 01-07 05:24:16,633 INFO [RocksDB]               Options.max_bytes_for_level_base: 536870912
[23518] 01-07 05:24:16,633 INFO [RocksDB]Options.level_compaction_dynamic_level_bytes: 0
[23518] 01-07 05:24:16,633 INFO [RocksDB]         Options.max_bytes_for_level_multiplier: 10.000000
[23518] 01-07 05:24:16,633 INFO [RocksDB]Options.max_bytes_for_level_multiplier_addtl[0]: 1
[23518] 01-07 05:24:16,633 INFO [RocksDB]Options.max_bytes_for_level_multiplier_addtl[1]: 1
[23518] 01-07 05:24:16,633 INFO [RocksDB]Options.max_bytes_for_level_multiplier_addtl[2]: 1
[23518] 01-07 05:24:16,633 INFO [RocksDB]Options.max_bytes_for_level_multiplier_addtl[3]: 1
[23518] 01-07 05:24:16,633 INFO [RocksDB]Options.max_bytes_for_level_multiplier_addtl[4]: 1
[23518] 01-07 05:24:16,633 INFO [RocksDB]Options.max_bytes_for_level_multiplier_addtl[5]: 1
[23518] 01-07 05:24:16,633 INFO [RocksDB]Options.max_bytes_for_level_multiplier_addtl[6]: 1
[23518] 01-07 05:24:16,633 INFO [RocksDB]      Options.max_sequential_skip_in_iterations: 8
[23518] 01-07 05:24:16,633 INFO [RocksDB]                   Options.max_compaction_bytes: 1677721600
[23518] 01-07 05:24:16,633 INFO [RocksDB]                       Options.arena_block_size: 33554432
[23518] 01-07 05:24:16,633 INFO [RocksDB]  Options.soft_pending_compaction_bytes_limit: 68719476736
[23518] 01-07 05:24:16,633 INFO [RocksDB]  Options.hard_pending_compaction_bytes_limit: 274877906944
[23518] 01-07 05:24:16,633 INFO [RocksDB]      Options.rate_limit_delay_max_milliseconds: 100
[23518] 01-07 05:24:16,633 INFO [RocksDB]               Options.disable_auto_compactions: 0
[23518] 01-07 05:24:16,633 INFO [RocksDB]                       Options.compaction_style: kCompactionStyleLevel
[23518] 01-07 05:24:16,633 INFO [RocksDB]                         Options.compaction_pri: kByCompensatedSize
[23518] 01-07 05:24:16,633 INFO [RocksDB]Options.compaction_options_universal.size_ratio: 1
[23518] 01-07 05:24:16,633 INFO [RocksDB]Options.compaction_options_universal.min_merge_width: 2
[23518] 01-07 05:24:16,633 INFO [RocksDB]Options.compaction_options_universal.max_merge_width: 4294967295
[23518] 01-07 05:24:16,633 INFO [RocksDB]Options.compaction_options_universal.max_size_amplification_percent: 200
[23518] 01-07 05:24:16,633 INFO [RocksDB]Options.compaction_options_universal.compression_size_percent: -1
[23518] 01-07 05:24:16,633 INFO [RocksDB]Options.compaction_options_universal.stop_style: kCompactionStopStyleTotalSize
[23518] 01-07 05:24:16,633 INFO [RocksDB]Options.compaction_options_fifo.max_table_files_size: 1073741824
[23518] 01-07 05:24:16,633 INFO [RocksDB]Options.compaction_options_fifo.allow_compaction: 0
[23518] 01-07 05:24:16,633 INFO [RocksDB]Options.compaction_options_fifo.ttl: 0
[23518] 01-07 05:24:16,633 INFO [RocksDB]                  Options.table_properties_collectors: 
[23518] 01-07 05:24:16,633 INFO [RocksDB]                  Options.inplace_update_support: 0
[23518] 01-07 05:24:16,633 INFO [RocksDB]                Options.inplace_update_num_locks: 10000
[23518] 01-07 05:24:16,633 INFO [RocksDB]              Options.memtable_prefix_bloom_size_ratio: 0.000000
[23518] 01-07 05:24:16,633 INFO [RocksDB]  Options.memtable_huge_page_size: 0
[23518] 01-07 05:24:16,633 INFO [RocksDB]                          Options.bloom_locality: 0
[23518] 01-07 05:24:16,633 INFO [RocksDB]                   Options.max_successive_merges: 0
[23518] 01-07 05:24:16,633 INFO [RocksDB]               Options.optimize_filters_for_hits: 0
[23518] 01-07 05:24:16,633 INFO [RocksDB]               Options.paranoid_file_checks: 0
[23518] 01-07 05:24:16,634 INFO [RocksDB]               Options.force_consistency_checks: 0
[23518] 01-07 05:24:16,634 INFO [RocksDB]               Options.report_bg_io_stats: 0
[23518] 01-07 05:24:16,634 INFO [RocksDB]                              Options.ttl: 0
[23518] 01-07 05:24:16,634 INFO [RocksDB][db/version_set.cc:3361] Recovered from manifest file:/home/ubuntu/ardb/data/rocksdb/MANIFEST-000001 succeeded,manifest_file_number is 1, next_file_number is 3, last_sequence is 0, log_number is 0,prev_log_number is 0,max_column_family is 0,min_log_number_to_keep is 0

[23518] 01-07 05:24:16,634 INFO [RocksDB][db/version_set.cc:3369] Column family [default] (ID 0), log number is 0

[23518] 01-07 05:24:16,638 INFO [RocksDB][db/db_impl_open.cc:1219] DB pointer 0x7fb0b9dbe000
[23518] 01-07 05:24:16,638 INFO Ardb init engine:rocksdb success.
[23518] 01-07 05:24:16,640 INFO Ardb will accept connections on 0.0.0.0:16379
[23518] 01-07 05:24:16,641 INFO Ardb started with version 0.10.0
[23518] 01-07 05:24:17,641 INFO ========================Period Statistics Dump Begin===========================
[23518] 01-07 05:24:17,642 INFO slave_sync_total_commands_processed:0
[23518] 01-07 05:24:17,642 INFO slave_sync_instantaneous_ops_per_sec:0
[23518] 01-07 05:24:17,642 INFO total_commands_processed:0
[23518] 01-07 05:24:17,642 INFO instantaneous_ops_per_sec:0
[23518] 01-07 05:24:17,642 INFO total_connections_received:0
[23518] 01-07 05:24:17,642 INFO rejected_connections:0
[23518] 01-07 05:24:17,642 INFO ========================Period Statistics Dump End===========================
[23518] 01-07 05:24:29,377 INFO [RocksDB][db/version_set.cc:2847] Creating manifest 6

[23518] 01-07 05:24:29,383 INFO [RocksDB][db/column_family.cc:475] --------------- Options for column family [0]:

[23518] 01-07 05:24:29,383 INFO [RocksDB]              Options.comparator: ardb.comparator
[23518] 01-07 05:24:29,383 INFO [RocksDB]          Options.merge_operator: ardb.merger
[23518] 01-07 05:24:29,383 INFO [RocksDB]       Options.compaction_filter: None
[23518] 01-07 05:24:29,383 INFO [RocksDB]       Options.compaction_filter_factory: ardb.compact_filter_factory
[23518] 01-07 05:24:29,383 INFO [RocksDB]        Options.memtable_factory: SkipListFactory
[23518] 01-07 05:24:29,383 INFO [RocksDB]           Options.table_factory: BlockBasedTable
[23518] 01-07 05:24:29,383 INFO [RocksDB]           table_factory options:   flush_block_policy_factory: FlushBlockBySizePolicyFactory (0x7fb0ba408018)
  cache_index_and_filter_blocks: 0
  cache_index_and_filter_blocks_with_high_priority: 0
  pin_l0_filter_and_index_blocks_in_cache: 0
  index_type: 0
  hash_index_allow_collision: 1
  checksum: 1
  no_block_cache: 0
  block_cache: 0x7fb0ba481cf0
  block_cache_name: LRUCache
  block_cache_options:
    capacity : 536870912
    num_shard_bits : 6
    strict_capacity_limit : 0
    high_pri_pool_ratio: 0.000
  block_cache_compressed: (nil)
  persistent_cache: (nil)
  block_size: 4096
  block_size_deviation: 10
  block_restart_interval: 16
  index_block_restart_interval: 1
  metadata_block_size: 4096
  partition_filters: 0
  use_delta_encoding: 1
  filter_policy: rocksdb.BuiltinBloomFilter
  whole_key_filtering: 1
  verify_compression: 0
  read_amp_bytes_per_bit: 0
  format_version: 2
  enable_index_compression: 1
  block_align: 0

[23518] 01-07 05:24:29,383 INFO [RocksDB]       Options.write_buffer_size: 268435456
[23518] 01-07 05:24:29,383 INFO [RocksDB] Options.max_write_buffer_number: 6
[23518] 01-07 05:24:29,383 INFO [RocksDB]       Options.compression[0]: NoCompression
[23518] 01-07 05:24:29,383 INFO [RocksDB]       Options.compression[1]: NoCompression
[23518] 01-07 05:24:29,383 INFO [RocksDB]       Options.compression[2]: Snappy
[23518] 01-07 05:24:29,383 INFO [RocksDB]       Options.compression[3]: Snappy
[23518] 01-07 05:24:29,383 INFO [RocksDB]       Options.compression[4]: Snappy
[23518] 01-07 05:24:29,383 INFO [RocksDB]       Options.compression[5]: Snappy
[23518] 01-07 05:24:29,383 INFO [RocksDB]       Options.compression[6]: Snappy
[23518] 01-07 05:24:29,383 INFO [RocksDB]                 Options.bottommost_compression: Disabled
[23518] 01-07 05:24:29,383 INFO [RocksDB]      Options.prefix_extractor: ardb.prefix_extractor
[23518] 01-07 05:24:29,383 INFO [RocksDB]  Options.memtable_insert_with_hint_prefix_extractor: nullptr
[23518] 01-07 05:24:29,383 INFO [RocksDB]            Options.num_levels: 7
[23518] 01-07 05:24:29,383 INFO [RocksDB]       Options.min_write_buffer_number_to_merge: 2
[23518] 01-07 05:24:29,383 INFO [RocksDB]    Options.max_write_buffer_number_to_maintain: 0
[23518] 01-07 05:24:29,383 INFO [RocksDB]           Options.compression_opts.window_bits: -14
[23518] 01-07 05:24:29,383 INFO [RocksDB]                 Options.compression_opts.level: -1
[23518] 01-07 05:24:29,383 INFO [RocksDB]              Options.compression_opts.strategy: 0
[23518] 01-07 05:24:29,383 INFO [RocksDB]        Options.compression_opts.max_dict_bytes: 0
[23518] 01-07 05:24:29,383 INFO [RocksDB]        Options.compression_opts.zstd_max_train_bytes: 0
[23518] 01-07 05:24:29,383 INFO [RocksDB]     Options.level0_file_num_compaction_trigger: 2
[23518] 01-07 05:24:29,383 INFO [RocksDB]         Options.level0_slowdown_writes_trigger: 20
[23518] 01-07 05:24:29,383 INFO [RocksDB]             Options.level0_stop_writes_trigger: 36
[23518] 01-07 05:24:29,383 INFO [RocksDB]                  Options.target_file_size_base: 67108864
[23518] 01-07 05:24:29,383 INFO [RocksDB]            Options.target_file_size_multiplier: 1
[23518] 01-07 05:24:29,383 INFO [RocksDB]               Options.max_bytes_for_level_base: 536870912
[23518] 01-07 05:24:29,384 INFO [RocksDB]Options.level_compaction_dynamic_level_bytes: 0
[23518] 01-07 05:24:29,384 INFO [RocksDB]         Options.max_bytes_for_level_multiplier: 10.000000
[23518] 01-07 05:24:29,384 INFO [RocksDB]Options.max_bytes_for_level_multiplier_addtl[0]: 1
[23518] 01-07 05:24:29,384 INFO [RocksDB]Options.max_bytes_for_level_multiplier_addtl[1]: 1
[23518] 01-07 05:24:29,384 INFO [RocksDB]Options.max_bytes_for_level_multiplier_addtl[2]: 1
[23518] 01-07 05:24:29,384 INFO [RocksDB]Options.max_bytes_for_level_multiplier_addtl[3]: 1
[23518] 01-07 05:24:29,384 INFO [RocksDB]Options.max_bytes_for_level_multiplier_addtl[4]: 1
[23518] 01-07 05:24:29,384 INFO [RocksDB]Options.max_bytes_for_level_multiplier_addtl[5]: 1
[23518] 01-07 05:24:29,384 INFO [RocksDB]Options.max_bytes_for_level_multiplier_addtl[6]: 1
[23518] 01-07 05:24:29,384 INFO [RocksDB]      Options.max_sequential_skip_in_iterations: 8
[23518] 01-07 05:24:29,384 INFO [RocksDB]                   Options.max_compaction_bytes: 1677721600
[23518] 01-07 05:24:29,384 INFO [RocksDB]                       Options.arena_block_size: 33554432
[23518] 01-07 05:24:29,384 INFO [RocksDB]  Options.soft_pending_compaction_bytes_limit: 68719476736
[23518] 01-07 05:24:29,384 INFO [RocksDB]  Options.hard_pending_compaction_bytes_limit: 274877906944
[23518] 01-07 05:24:29,384 INFO [RocksDB]      Options.rate_limit_delay_max_milliseconds: 100
[23518] 01-07 05:24:29,384 INFO [RocksDB]               Options.disable_auto_compactions: 0
[23518] 01-07 05:24:29,384 INFO [RocksDB]                       Options.compaction_style: kCompactionStyleLevel
[23518] 01-07 05:24:29,384 INFO [RocksDB]                         Options.compaction_pri: kByCompensatedSize
[23518] 01-07 05:24:29,384 INFO [RocksDB]Options.compaction_options_universal.size_ratio: 1
[23518] 01-07 05:24:29,384 INFO [RocksDB]Options.compaction_options_universal.min_merge_width: 2
[23518] 01-07 05:24:29,384 INFO [RocksDB]Options.compaction_options_universal.max_merge_width: 4294967295
[23518] 01-07 05:24:29,384 INFO [RocksDB]Options.compaction_options_universal.max_size_amplification_percent: 200
[23518] 01-07 05:24:29,384 INFO [RocksDB]Options.compaction_options_universal.compression_size_percent: -1
[23518] 01-07 05:24:29,384 INFO [RocksDB]Options.compaction_options_universal.stop_style: kCompactionStopStyleTotalSize
[23518] 01-07 05:24:29,384 INFO [RocksDB]Options.compaction_options_fifo.max_table_files_size: 1073741824
[23518] 01-07 05:24:29,384 INFO [RocksDB]Options.compaction_options_fifo.allow_compaction: 0
[23518] 01-07 05:24:29,384 INFO [RocksDB]Options.compaction_options_fifo.ttl: 0
[23518] 01-07 05:24:29,384 INFO [RocksDB]                  Options.table_properties_collectors: 
[23518] 01-07 05:24:29,384 INFO [RocksDB]                  Options.inplace_update_support: 0
[23518] 01-07 05:24:29,384 INFO [RocksDB]                Options.inplace_update_num_locks: 10000
[23518] 01-07 05:24:29,384 INFO [RocksDB]              Options.memtable_prefix_bloom_size_ratio: 0.000000
[23518] 01-07 05:24:29,384 INFO [RocksDB]  Options.memtable_huge_page_size: 0
[23518] 01-07 05:24:29,384 INFO [RocksDB]                          Options.bloom_locality: 0
[23518] 01-07 05:24:29,384 INFO [RocksDB]                   Options.max_successive_merges: 0
[23518] 01-07 05:24:29,384 INFO [RocksDB]               Options.optimize_filters_for_hits: 0
[23518] 01-07 05:24:29,384 INFO [RocksDB]               Options.paranoid_file_checks: 0
[23518] 01-07 05:24:29,384 INFO [RocksDB]               Options.force_consistency_checks: 0
[23518] 01-07 05:24:29,384 INFO [RocksDB]               Options.report_bg_io_stats: 0
[23518] 01-07 05:24:29,384 INFO [RocksDB]                              Options.ttl: 0
[23518] 01-07 05:24:29,384 INFO [RocksDB][db/db_impl.cc:1396] Created column family [0] (ID 1)
[23518] 01-07 05:24:29,387 INFO Create ColumnFamilyHandle with name:0 success.
[23518] 01-07 05:24:37,638 INFO [RocksDB][db/db_impl_write.cc:1373] [0] New memtable created with log file: #9. Immutable memtables: 0.

[23518] 01-07 05:24:45,813 INFO [RocksDB][db/db_impl_write.cc:1373] [0] New memtable created with log file: #10. Immutable memtables: 1.

[23518] 01-07 05:24:45,813 INFO [RocksDB][db/db_impl_compaction_flush.cc:80] [JOB 2] Syncing log #3
[23518] 01-07 05:24:46,397 INFO [RocksDB][db/db_impl_compaction_flush.cc:80] [JOB 2] Syncing log #9
[23518] 01-07 05:24:49,156 INFO [RocksDB](Original Log Time 2020/01/07-05:24:45.813348) [db/db_impl_compaction_flush.cc:1424] Calling FlushMemTableToOutputFile with column family [0], flush slots available 4, compaction slots available 1, flush slots scheduled 1, compaction slots scheduled 0
[23518] 01-07 05:24:49,156 INFO [RocksDB][db/flush_job.cc:301] [0] [JOB 2] Flushing memtable with next log file: 9

[23518] 01-07 05:24:49,156 INFO [RocksDB][db/flush_job.cc:301] [0] [JOB 2] Flushing memtable with next log file: 10

[23518] 01-07 05:24:49,156 INFO [RocksDB]EVENT_LOG_v1 {"time_micros": 1578374689156096, "job": 2, "event": "flush_started", "num_memtables": 2, "num_entries": 3374424, "num_deletes": 0, "memory_usage": 520100736, "flush_reason": "Write Buffer Full"}
[23518] 01-07 05:24:49,156 INFO [RocksDB][db/flush_job.cc:331] [0] [JOB 2] Level-0 flush table #11: started
[23518] 01-07 05:24:55,507 INFO [RocksDB][db/db_impl_write.cc:1373] [0] New memtable created with log file: #12. Immutable memtables: 2.

[23518] 01-07 05:24:55,635 INFO [RocksDB]EVENT_LOG_v1 {"time_micros": 1578374695635688, "cf_name": "0", "job": 2, "event": "table_file_creation", "file_number": 11, "file_size": 328108867, "table_properties": {"data_size": 318790731, "index_size": 4276156, "filter_size": 5040938, "raw_key_size": 132793288, "raw_average_key_size": 42, "raw_value_size": 255373480, "raw_average_value_size": 81, "num_data_blocks": 79427, "num_entries": 3133401, "filter_policy_name": "rocksdb.BuiltinBloomFilter", "kDeletedKeys": "0", "kMergeOperands": "0"}}
[23518] 01-07 05:24:55,635 INFO [RocksDB][db/flush_job.cc:371] [0] [JOB 2] Level-0 flush table #11: 328108867 bytes OK
[23518] 01-07 05:24:55,638 INFO [RocksDB](Original Log Time 2020/01/07-05:24:55.636901) [db/memtable_list.cc:377] [0] Level-0 commit table #11 started
[23518] 01-07 05:24:55,638 INFO [RocksDB](Original Log Time 2020/01/07-05:24:55.638556) [db/memtable_list.cc:409] [0] Level-0 commit table #11: memtable #1 done
[23518] 01-07 05:24:55,638 INFO [RocksDB](Original Log Time 2020/01/07-05:24:55.638560) [db/memtable_list.cc:409] [0] Level-0 commit table #11: memtable #2 done
[23518] 01-07 05:24:55,638 INFO [RocksDB](Original Log Time 2020/01/07-05:24:55.638570) EVENT_LOG_v1 {"time_micros": 1578374695638565, "job": 2, "event": "flush_finished", "output_compression": "NoCompression", "lsm_state": [1, 0, 0, 0, 0, 0, 0], "immutable_memtables": 1}
[23518] 01-07 05:24:55,638 INFO [RocksDB](Original Log Time 2020/01/07-05:24:55.638595) [db/db_impl_compaction_flush.cc:177] [0] Level summary: base level 1 max bytes base 536870912 files[1 0 0 0 0 0 0] max score 0.61

[23518] 01-07 05:24:55,638 INFO [RocksDB][db/db_impl_files.cc:342] [JOB 2] Try to delete WAL files size 398452343, prev total WAL file size 604890765, number of live WAL files 4.

[23518] 01-07 05:25:03,883 INFO [RocksDB][db/db_impl_write.cc:1373] [0] New memtable created with log file: #13. Immutable memtables: 1.

[23518] 01-07 05:25:03,883 INFO [RocksDB][db/db_impl_compaction_flush.cc:80] [JOB 3] Syncing log #10
[23518] 01-07 05:25:04,417 INFO [RocksDB][db/db_impl_compaction_flush.cc:80] [JOB 3] Syncing log #12
[23518] 01-07 05:25:05,823 INFO [RocksDB](Original Log Time 2020/01/07-05:25:03.883330) [db/db_impl_compaction_flush.cc:1424] Calling FlushMemTableToOutputFile with column family [0], flush slots available 4, compaction slots available 1, flush slots scheduled 1, compaction slots scheduled 0
[23518] 01-07 05:25:05,823 INFO [RocksDB][db/flush_job.cc:301] [0] [JOB 3] Flushing memtable with next log file: 12

[23518] 01-07 05:25:05,823 INFO [RocksDB][db/flush_job.cc:301] [0] [JOB 3] Flushing memtable with next log file: 13

[23518] 01-07 05:25:05,823 INFO [RocksDB]EVENT_LOG_v1 {"time_micros": 1578374705823149, "job": 3, "event": "flush_started", "num_memtables": 2, "num_entries": 3307615, "num_deletes": 0, "memory_usage": 520100928, "flush_reason": "Write Buffer Full"}
[23518] 01-07 05:25:05,823 INFO [RocksDB][db/flush_job.cc:331] [0] [JOB 3] Level-0 flush table #14: started
[23518] 01-07 05:25:11,932 INFO [RocksDB]EVENT_LOG_v1 {"time_micros": 1578374711932517, "cf_name": "0", "job": 3, "event": "table_file_creation", "file_number": 14, "file_size": 321546955, "table_properties": {"data_size": 312414540, "index_size": 4190473, "filter_size": 4940900, "raw_key_size": 130161554, "raw_average_key_size": 42, "raw_value_size": 250315190, "raw_average_value_size": 81, "num_data_blocks": 77840, "num_entries": 3071357, "filter_policy_name": "rocksdb.BuiltinBloomFilter", "kDeletedKeys": "0", "kMergeOperands": "0"}}
[23518] 01-07 05:25:11,932 INFO [RocksDB][db/flush_job.cc:371] [0] [JOB 3] Level-0 flush table #14: 321546955 bytes OK
[23518] 01-07 05:25:11,935 INFO [RocksDB](Original Log Time 2020/01/07-05:25:11.933708) [db/memtable_list.cc:377] [0] Level-0 commit table #14 started
[23518] 01-07 05:25:11,935 INFO [RocksDB](Original Log Time 2020/01/07-05:25:11.935403) [db/memtable_list.cc:409] [0] Level-0 commit table #14: memtable #1 done
[23518] 01-07 05:25:11,935 INFO [RocksDB](Original Log Time 2020/01/07-05:25:11.935405) [db/memtable_list.cc:409] [0] Level-0 commit table #14: memtable #2 done
[23518] 01-07 05:25:11,935 INFO [RocksDB](Original Log Time 2020/01/07-05:25:11.935438) EVENT_LOG_v1 {"time_micros": 1578374711935414, "job": 3, "event": "flush_finished", "output_compression": "NoCompression", "lsm_state": [2, 0, 0, 0, 0, 0, 0], "immutable_memtables": 0}
[23518] 01-07 05:25:11,935 INFO [RocksDB](Original Log Time 2020/01/07-05:25:11.935452) [db/db_impl_compaction_flush.cc:177] [0] Level summary: base level 1 max bytes base 536870912 files[2 0 0 0 0 0 0] max score 1.21

[23518] 01-07 05:25:11,935 INFO [RocksDB][db/db_impl_files.cc:342] [JOB 3] Try to delete WAL files size 390634998, prev total WAL file size 550381092, number of live WAL files 3.

[23518] 01-07 05:25:11,935 WARN [RocksDB][db/db_impl.cc:491] ------- DUMPING STATS -------
[23518] 01-07 05:25:11,935 WARN [RocksDB][db/db_impl.cc:492] 
** DB Stats **
Uptime(secs): 55.3 total, 55.3 interval
Cumulative writes: 1147K writes, 8034K keys, 1147K commit groups, 1.0 writes per commit group, ingest: 0.88 GB, 16.36 MB/s
Cumulative WAL: 1147K writes, 0 syncs, 1147803.00 writes per sync, written: 0.88 GB, 16.36 MB/s
Cumulative stall: 00:00:0.000 H:M:S, 0.0 percent
Interval writes: 1147K writes, 8034K keys, 1147K commit groups, 1.0 writes per commit group, ingest: 904.88 MB, 16.36 MB/s
Interval WAL: 1147K writes, 0 syncs, 1147803.00 writes per sync, written: 0.88 MB, 16.36 MB/s
Interval stall: 00:00:0.000 H:M:S, 0.0 percent

** Compaction Stats [default] **
Level    Files   Size     Score Read(GB)  Rn(GB) Rnp1(GB) Write(GB) Wnew(GB) Moved(GB) W-Amp Rd(MB/s) Wr(MB/s) Comp(sec) Comp(cnt) Avg(sec) KeyIn KeyDrop
----------------------------------------------------------------------------------------------------------------------------------------------------------
 Sum      0/0    0.00 KB   0.0      0.0     0.0      0.0       0.0     
[23518] 01-07 05:25:11,935 INFO [RocksDB][db/compaction_job.cc:1531] [0] [JOB 4] Compacting 2@0 files to L1, score 1.21
[23518] 01-07 05:25:11,935 INFO [RocksDB][db/compaction_job.cc:1535] [0] Compaction start summary: Base version 4 Base level 0, inputs: [14(306MB) 11(312MB)]

[23518] 01-07 05:25:11,935 INFO [RocksDB]EVENT_LOG_v1 {"time_micros": 1578374711935826, "job": 4, "event": "compaction_started", "compaction_reason": "LevelL0FilesNum", "files_L0": [14, 11], "score": 1.21008, "input_data_size": 649655822}
[23518] 01-07 05:25:13,388 INFO [RocksDB][db/compaction_job.cc:1211] [0] [JOB 4] Generated table #15: 1183922 keys, 69769973 bytes
[23518] 01-07 05:25:13,388 INFO [RocksDB]EVENT_LOG_v1 {"time_micros": 1578374713388270, "cf_name": "0", "job": 4, "event": "table_file_creation", "file_number": 15, "file_size": 69769973, "table_properties": {"data_size": 67112567, "index_size": 975804, "filter_size": 1680571, "raw_key_size": 56337508, "raw_average_key_size": 47, "raw_value_size": 28709235, "raw_average_value_size": 24, "num_data_blocks": 16603, "num_entries": 1183922, "filter_policy_name": "rocksdb.BuiltinBloomFilter", "kDeletedKeys": "0", "kMergeOperands": "0"}}
[23518] 01-07 05:25:13,483 INFO [RocksDB][db/db_impl_write.cc:1373] [0] New memtable created with log file: #17. Immutable memtables: 0.

[23518] 01-07 05:25:14,687 INFO [RocksDB][db/compaction_job.cc:1211] [0] [JOB 4] Generated table #16: 597533 keys, 68989375 bytes
[23518] 01-07 05:25:14,687 INFO [RocksDB]EVENT_LOG_v1 {"time_micros": 1578374714687966, "cf_name": "0", "job": 4, "event": "table_file_creation", "file_number": 16, "file_size": 68989375, "table_properties": {"data_size": 67112053, "index_size": 888372, "filter_size": 987919, "raw_key_size": 24595921, "raw_average_key_size": 41, "raw_value_size": 56765653, "raw_average_value_size": 95, "num_data_blocks": 16740, "num_entries": 597533, "filter_policy_name": "rocksdb.BuiltinBloomFilter", "kDeletedKeys": "0", "kMergeOperands": "0"}}
[23518] 01-07 05:25:15,990 INFO [RocksDB][db/compaction_job.cc:1211] [0] [JOB 4] Generated table #18: 597542 keys, 68989134 bytes
[23518] 01-07 05:25:15,990 INFO [RocksDB]EVENT_LOG_v1 {"time_micros": 1578374715990474, "cf_name": "0", "job": 4, "event": "table_file_creation", "file_number": 18, "file_size": 68989134, "table_properties": {"data_size": 67112008, "index_size": 888165, "filter_size": 987930, "raw_key_size": 24596217, "raw_average_key_size": 41, "raw_value_size": 56766490, "raw_average_value_size": 95, "num_data_blocks": 16740, "num_entries": 597542, "filter_policy_name": "rocksdb.BuiltinBloomFilter", "kDeletedKeys": "0", "kMergeOperands": "0"}}
[23518] 01-07 05:25:17,297 INFO [RocksDB][db/compaction_job.cc:1211] [0] [JOB 4] Generated table #19: 597518 keys, 68988134 bytes
[23518] 01-07 05:25:17,297 INFO [RocksDB]EVENT_LOG_v1 {"time_micros": 1578374717297231, "cf_name": "0", "job": 4, "event": "table_file_creation", "file_number": 19, "file_size": 68988134, "table_properties": {"data_size": 67110787, "index_size": 888418, "filter_size": 987898, "raw_key_size": 24594052, "raw_average_key_size": 41, "raw_value_size": 56764192, "raw_average_value_size": 94, "num_data_blocks": 16740, "num_entries": 597518, "filter_policy_name": "rocksdb.BuiltinBloomFilter", "kDeletedKeys": "0", "kMergeOperands": "0"}}
[23518] 01-07 05:25:18,606 INFO [RocksDB][db/compaction_job.cc:1211] [0] [JOB 4] Generated table #20: 597511 keys, 68990604 bytes
[23518] 01-07 05:25:18,606 INFO [RocksDB]EVENT_LOG_v1 {"time_micros": 1578374718606608, "cf_name": "0", "job": 4, "event": "table_file_creation", "file_number": 20, "file_size": 68990604, "table_properties": {"data_size": 67112927, "index_size": 888753, "filter_size": 987893, "raw_key_size": 24593502, "raw_average_key_size": 41, "raw_value_size": 56763563, "raw_average_value_size": 95, "num_data_blocks": 16740, "num_entries": 597511, "filter_policy_name": "rocksdb.BuiltinBloomFilter", "kDeletedKeys": "0", "kMergeOperands": "0"}}
[23518] 01-07 05:25:19,987 INFO [RocksDB][db/compaction_job.cc:1211] [0] [JOB 4] Generated table #21: 597509 keys, 68987105 bytes
[23518] 01-07 05:25:19,987 INFO [RocksDB]EVENT_LOG_v1 {"time_micros": 1578374719987946, "cf_name": "0", "job": 4, "event": "table_file_creation", "file_number": 21, "file_size": 68987105, "table_properties": {"data_size": 67109669, "index_size": 888527, "filter_size": 987878, "raw_key_size": 24595288, "raw_average_key_size": 41, "raw_value_size": 56763355, "raw_average_value_size": 95, "num_data_blocks": 16739, "num_entries": 597509, "filter_policy_name": "rocksdb.BuiltinBloomFilter", "kDeletedKeys": "0", "kMergeOperands": "0"}}
[23518] 01-07 05:25:21,289 INFO [RocksDB][db/compaction_job.cc:1211] [0] [JOB 4] Generated table #22: 597515 keys, 68988562 bytes
[23518] 01-07 05:25:21,289 INFO [RocksDB]EVENT_LOG_v1 {"time_micros": 1578374721289342, "cf_name": "0", "job": 4, "event": "table_file_creation", "file_number": 22, "file_size": 68988562, "table_properties": {"data_size": 67111098, "index_size": 888534, "filter_size": 987899, "raw_key_size": 24595026, "raw_average_key_size": 41, "raw_value_size": 56763880, "raw_average_value_size": 94, "num_data_blocks": 16740, "num_entries": 597515, "filter_policy_name": "rocksdb.BuiltinBloomFilter", "kDeletedKeys": "0", "kMergeOperands": "0"}}
[23518] 01-07 05:25:22,589 INFO [RocksDB][db/compaction_job.cc:1211] [0] [JOB 4] Generated table #23: 597516 keys, 68990449 bytes
[23518] 01-07 05:25:22,589 INFO [RocksDB]EVENT_LOG_v1 {"time_micros": 1578374722589666, "cf_name": "0", "job": 4, "event": "table_file_creation", "file_number": 23, "file_size": 68990449, "table_properties": {"data_size": 67112554, "index_size": 888966, "filter_size": 987898, "raw_key_size": 24594647, "raw_average_key_size": 41, "raw_value_size": 56764083, "raw_average_value_size": 95, "num_data_blocks": 16740, "num_entries": 597516, "filter_policy_name": "rocksdb.BuiltinBloomFilter", "kDeletedKeys": "0", "kMergeOperands": "0"}}
[23518] 01-07 05:25:23,068 INFO [RocksDB][db/db_impl_write.cc:1373] [0] New memtable created with log file: #25. Immutable memtables: 1.

[23518] 01-07 05:25:23,068 INFO [RocksDB][db/db_impl_compaction_flush.cc:80] [JOB 5] Syncing log #13
[23518] 01-07 05:25:24,247 INFO [RocksDB][db/db_impl_compaction_flush.cc:80] [JOB 5] Syncing log #17
[23518] 01-07 05:25:24,247 INFO [RocksDB][db/compaction_job.cc:1211] [0] [JOB 4] Generated table #24: 597507 keys, 68986850 bytes
[23518] 01-07 05:25:24,247 INFO [RocksDB]EVENT_LOG_v1 {"time_micros": 1578374724247754, "cf_name": "0", "job": 4, "event": "table_file_creation", "file_number": 24, "file_size": 68986850, "table_properties": {"data_size": 67109412, "index_size": 888531, "filter_size": 987876, "raw_key_size": 24594878, "raw_average_key_size": 41, "raw_value_size": 56763147, "raw_average_value_size": 94, "num_data_blocks": 16739, "num_entries": 597507, "filter_policy_name": "rocksdb.BuiltinBloomFilter", "kDeletedKeys": "0", "kMergeOperands": "0"}}
[23518] 01-07 05:25:25,958 INFO [RocksDB][db/compaction_job.cc:1211] [0] [JOB 4] Generated table #27: 240684 keys, 27784441 bytes
[23518] 01-07 05:25:25,958 INFO [RocksDB]EVENT_LOG_v1 {"time_micros": 1578374725958735, "cf_name": "0", "job": 4, "event": "table_file_creation", "file_number": 27, "file_size": 27784441, "table_properties": {"data_size": 27029126, "index_size": 356370, "filter_size": 397915, "raw_key_size": 9857784, "raw_average_key_size": 40, "raw_value_size": 22865016, "raw_average_value_size": 95, "num_data_blocks": 6742, "num_entries": 240684, "filter_policy_name": "rocksdb.BuiltinBloomFilter", "kDeletedKeys": "0", "kMergeOperands": "0"}}
[23518] 01-07 05:25:25,960 INFO [RocksDB][db/compaction_job.cc:1287] [0] [JOB 4] Compacted 2@0 files to L1 => 649464627 bytes
[23518] 01-07 05:25:25,960 INFO [RocksDB](Original Log Time 2020/01/07-05:25:23.068890) [db/db_impl_compaction_flush.cc:1424] Calling FlushMemTableToOutputFile with column family [0], flush slots available 4, compaction slots available 1, flush slots scheduled 1, compaction slots scheduled 1
[23518] 01-07 05:25:25,960 INFO [RocksDB][db/flush_job.cc:301] [0] [JOB 5] Flushing memtable with next log file: 17

[23518] 01-07 05:25:25,960 INFO [RocksDB][db/flush_job.cc:301] [0] [JOB 5] Flushing memtable with next log file: 25

[23518] 01-07 05:25:25,960 INFO [RocksDB]EVENT_LOG_v1 {"time_micros": 1578374725960160, "job": 5, "event": "flush_started", "num_memtables": 2, "num_entries": 3338563, "num_deletes": 0, "memory_usage": 520100616, "flush_reason": "Write Buffer Full"}
[23518] 01-07 05:25:25,960 INFO [RocksDB][db/flush_job.cc:331] [0] [JOB 5] Level-0 flush table #26: started
[23518] 01-07 05:25:25,962 INFO [RocksDB](Original Log Time 2020/01/07-05:25:25.962028) [db/compaction_job.cc:685] [0] compacted to: base level 1 max bytes base 536870912 files[0 10 0 0 0 0 0] max score 1.21, MB/sec: 46.3 rd, 46.3 wr, level 1, files in(2, 0) out(10) MB in(619.6, 0.0) out(619.4), read-write-amplify(2.0) write-amplify(1.0) OK, records in: 6204758, records dropped: 1 output_compression: NoCompression

[23518] 01-07 05:25:25,962 INFO [RocksDB](Original Log Time 2020/01/07-05:25:25.962057) EVENT_LOG_v1 {"time_micros": 1578374725962050, "job": 4, "event": "compaction_finished", "compaction_time_micros": 14024259, "output_level": 1, "num_output_files": 10, "total_output_size": 649464627, "num_input_records": 6204758, "num_output_records": 6204757, "num_subcompactions": 1, "output_compression": "NoCompression", "num_single_delete_mismatches": 0, "num_single_delete_fallthrough": 0, "lsm_state": [0, 10, 0, 0, 0, 0, 0]}
[23518] 01-07 05:25:25,963 INFO [RocksDB][db/compaction_job.cc:1531] [0] [JOB 6] Compacting 1@1 files to L2, score 1.21
[23518] 01-07 05:25:25,963 INFO [RocksDB][db/compaction_job.cc:1535] [0] Compaction start summary: Base version 5 Base level 1, inputs: [15(66MB)]

[23518] 01-07 05:25:25,963 INFO [RocksDB]EVENT_LOG_v1 {"time_micros": 1578374725963283, "job": 6, "event": "compaction_started", "compaction_reason": "LevelMaxLevelSize", "files_L1": [15], "score": 1.20972, "input_data_size": 69769973}
[23518] 01-07 05:25:29,132 INFO [RocksDB][db/compaction_job.cc:1211] [0] [JOB 6] Generated table #28: 1183922 keys, 54614277 bytes
[23518] 01-07 05:25:29,132 INFO [RocksDB]EVENT_LOG_v1 {"time_micros": 1578374729132025, "cf_name": "0", "job": 6, "event": "table_file_creation", "file_number": 28, "file_size": 54614277, "table_properties": {"data_size": 52430072, "index_size": 975500, "filter_size": 1651895, "raw_key_size": 56337508, "raw_average_key_size": 47, "raw_value_size": 28709235, "raw_average_value_size": 24, "num_data_blocks": 16603, "num_entries": 1183922, "filter_policy_name": "rocksdb.BuiltinBloomFilter", "kDeletedKeys": "0", "kMergeOperands": "0"}}
[23518] 01-07 05:25:29,133 INFO [RocksDB][db/compaction_job.cc:1287] [0] [JOB 6] Compacted 1@1 files to L2 => 54614277 bytes
[23518] 01-07 05:25:29,135 INFO [RocksDB](Original Log Time 2020/01/07-05:25:29.135176) [db/compaction_job.cc:685] [0] compacted to: base level 1 max bytes base 536870912 files[0 9 1 0 0 0 0] max score 1.08, MB/sec: 22.0 rd, 17.2 wr, level 2, files in(1, 0) out(1) MB in(66.5, 0.0) out(52.1), read-write-amplify(1.8) write-amplify(0.8) OK, records in: 1183922, records dropped: 0 output_compression: Snappy

[23518] 01-07 05:25:29,135 INFO [RocksDB](Original Log Time 2020/01/07-05:25:29.135202) EVENT_LOG_v1 {"time_micros": 1578374729135196, "job": 6, "event": "compaction_finished", "compaction_time_micros": 3170023, "output_level": 2, "num_output_files": 1, "total_output_size": 54614277, "num_input_records": 1183922, "num_output_records": 1183922, "num_subcompactions": 1, "output_compression": "Snappy", "num_single_delete_mismatches": 0, "num_single_delete_fallthrough": 0, "lsm_state": [0, 9, 1, 0, 0, 0, 0]}
[23518] 01-07 05:25:29,142 INFO [RocksDB]EVENT_LOG_v1 {"time_micros": 1578374729142490, "job": 6, "event": "table_file_deletion", "file_number": 15}
[23518] 01-07 05:25:29,142 INFO [RocksDB][db/compaction_job.cc:1531] [0] [JOB 7] Compacting 1@1 files to L2, score 1.08
[23518] 01-07 05:25:29,142 INFO [RocksDB][db/compaction_job.cc:1535] [0] Compaction start summary: Base version 6 Base level 1, inputs: [20(65MB)]

[23518] 01-07 05:25:29,142 INFO [RocksDB]EVENT_LOG_v1 {"time_micros": 1578374729142537, "job": 7, "event": "compaction_started", "compaction_reason": "LevelMaxLevelSize", "files_L1": [20], "score": 1.07977, "input_data_size": 68990604}
[23518] 01-07 05:25:32,420 INFO [RocksDB][db/compaction_job.cc:1211] [0] [JOB 7] Generated table #29: 597511 keys, 68588904 bytes
[23518] 01-07 05:25:32,420 INFO [RocksDB]EVENT_LOG_v1 {"time_micros": 1578374732420255, "cf_name": "0", "job": 7, "event": "table_file_creation", "file_number": 29, "file_size": 68588904, "table_properties": {"data_size": 67112927, "index_size": 888753, "filter_size": 987893, "raw_key_size": 24593502, "raw_average_key_size": 41, "raw_value_size": 56763563, "raw_average_value_size": 95, "num_data_blocks": 16740, "num_entries": 597511, "filter_policy_name": "rocksdb.BuiltinBloomFilter", "kDeletedKeys": "0", "kMergeOperands": "0"}}
[23518] 01-07 05:25:32,424 INFO [RocksDB][db/compaction_job.cc:1287] [0] [JOB 7] Compacted 1@1 files to L2 => 68588904 bytes
[23518] 01-07 05:25:32,426 INFO [RocksDB](Original Log Time 2020/01/07-05:25:32.426276) [db/compaction_job.cc:685] [0] compacted to: base level 1 max bytes base 536870912 files[0 8 2 0 0 0 0] max score 0.95, MB/sec: 21.0 rd, 20.9 wr, level 2, files in(1, 0) out(1) MB in(65.8, 0.0) out(65.4), read-write-amplify(2.0) write-amplify(1.0) OK, records in: 597511, records dropped: 0 output_compression: Snappy

[23518] 01-07 05:25:32,426 INFO [RocksDB](Original Log Time 2020/01/07-05:25:32.426306) EVENT_LOG_v1 {"time_micros": 1578374732426300, "job": 7, "event": "compaction_finished", "compaction_time_micros": 3282021, "output_level": 2, "num_output_files": 1, "total_output_size": 68588904, "num_input_records": 597511, "num_output_records": 597511, "num_subcompactions": 1, "output_compression": "Snappy", "num_single_delete_mismatches": 0, "num_single_delete_fallthrough": 0, "lsm_state": [0, 8, 2, 0, 0, 0, 0]}
[23518] 01-07 05:25:33,650 INFO [RocksDB][db/db_impl_write.cc:1373] [0] New memtable created with log file: #30. Immutable memtables: 2.

[23518] 01-07 05:25:34,523 INFO [RocksDB]EVENT_LOG_v1 {"time_micros": 1578374734523151, "cf_name": "0", "job": 5, "event": "table_file_creation", "file_number": 26, "file_size": 324609383, "table_properties": {"data_size": 315391841, "index_size": 4229270, "filter_size": 4987230, "raw_key_size": 131383388, "raw_average_key_size": 42, "raw_value_size": 252658066, "raw_average_value_size": 81, "num_data_blocks": 78579, "num_entries": 3100096, "filter_policy_name": "rocksdb.BuiltinBloomFilter", "kDeletedKeys": "0", "kMergeOperands": "0"}}
[23518] 01-07 05:25:34,523 INFO [RocksDB][db/flush_job.cc:371] [0] [JOB 5] Level-0 flush table #26: 324609383 bytes OK
[23518] 01-07 05:25:34,526 INFO [RocksDB](Original Log Time 2020/01/07-05:25:34.524395) [db/memtable_list.cc:377] [0] Level-0 commit table #26 started
[23518] 01-07 05:25:34,526 INFO [RocksDB](Original Log Time 2020/01/07-05:25:34.526152) [db/memtable_list.cc:409] [0] Level-0 commit table #26: memtable #1 done
[23518] 01-07 05:25:34,526 INFO [RocksDB](Original Log Time 2020/01/07-05:25:34.526153) [db/memtable_list.cc:409] [0] Level-0 commit table #26: memtable #2 done
[23518] 01-07 05:25:34,526 INFO [RocksDB](Original Log Time 2020/01/07-05:25:34.526162) EVENT_LOG_v1 {"time_micros": 1578374734526158, "job": 5, "event": "flush_finished", "output_compression": "NoCompression", "lsm_state": [1, 8, 2, 0, 0, 0, 0], "immutable_memtables": 1}
[23518] 01-07 05:25:34,526 INFO [RocksDB](Original Log Time 2020/01/07-05:25:34.526182) [db/db_impl_compaction_flush.cc:177] [0] Level summary: base level 1 max bytes base 536870912 files[1 8 2 0 0 0 0] max score 0.95

[23518] 01-07 05:25:34,526 INFO [RocksDB][db/db_impl_files.cc:342] [JOB 5] Try to delete WAL files size 394294607, prev total WAL file size 617918912, number of live WAL files 4.

[23518] 01-07 05:25:34,533 INFO [RocksDB]EVENT_LOG_v1 {"time_micros": 1578374734533015, "job": 5, "event": "table_file_deletion", "file_number": 20}
[23518] 01-07 05:25:34,582 INFO [RocksDB]EVENT_LOG_v1 {"time_micros": 1578374734582079, "job": 5, "event": "table_file_deletion", "file_number": 14}
[23518] 01-07 05:25:34,630 INFO [RocksDB]EVENT_LOG_v1 {"time_micros": 1578374734630901, "job": 5, "event": "table_file_deletion", "file_number": 11}
[23518] 01-07 05:25:47,305 INFO [RocksDB][db/db_impl_write.cc:1373] [0] New memtable created with log file: #31. Immutable memtables: 1.

[23518] 01-07 05:25:47,305 INFO [RocksDB][db/db_impl_compaction_flush.cc:80] [JOB 8] Syncing log #25
[23518] 01-07 05:25:47,862 INFO [RocksDB][db/db_impl_compaction_flush.cc:80] [JOB 8] Syncing log #30
[23518] 01-07 05:25:49,733 INFO [RocksDB](Original Log Time 2020/01/07-05:25:47.305435) [db/db_impl_compaction_flush.cc:1424] Calling FlushMemTableToOutputFile with column family [0], flush slots available 4, compaction slots available 1, flush slots scheduled 1, compaction slots scheduled 0
[23518] 01-07 05:25:49,733 INFO [RocksDB][db/flush_job.cc:301] [0] [JOB 8] Flushing memtable with next log file: 30

[23518] 01-07 05:25:49,733 INFO [RocksDB][db/flush_job.cc:301] [0] [JOB 8] Flushing memtable with next log file: 31

[23518] 01-07 05:25:49,733 INFO [RocksDB]EVENT_LOG_v1 {"time_micros": 1578374749733459, "job": 8, "event": "flush_started", "num_memtables": 2, "num_entries": 3428166, "num_deletes": 0, "memory_usage": 520100640, "flush_reason": "Write Buffer Full"}
[23518] 01-07 05:25:49,733 INFO [RocksDB][db/flush_job.cc:331] [0] [JOB 8] Level-0 flush table #32: started
[23518] 01-07 05:25:56,076 INFO [RocksDB]EVENT_LOG_v1 {"time_micros": 1578374756076548, "cf_name": "0", "job": 8, "event": "table_file_creation", "file_number": 32, "file_size": 333329873, "table_properties": {"data_size": 323861362, "index_size": 4346397, "filter_size": 5121072, "raw_key_size": 134907776, "raw_average_key_size": 42, "raw_value_size": 259438387, "raw_average_value_size": 81, "num_data_blocks": 80690, "num_entries": 3183298, "filter_policy_name": "rocksdb.BuiltinBloomFilter", "kDeletedKeys": "0", "kMergeOperands": "0"}}
[23518] 01-07 05:25:56,076 INFO [RocksDB][db/flush_job.cc:371] [0] [JOB 8] Level-0 flush table #32: 333329873 bytes OK
[23518] 01-07 05:25:56,079 INFO [RocksDB](Original Log Time 2020/01/07-05:25:56.077683) [db/memtable_list.cc:377] [0] Level-0 commit table #32 started
[23518] 01-07 05:25:56,079 INFO [RocksDB](Original Log Time 2020/01/07-05:25:56.079324) [db/memtable_list.cc:409] [0] Level-0 commit table #32: memtable #1 done
[23518] 01-07 05:25:56,079 INFO [RocksDB](Original Log Time 2020/01/07-05:25:56.079325) [db/memtable_list.cc:409] [0] Level-0 commit table #32: memtable #2 done
[23518] 01-07 05:25:56,079 INFO [RocksDB](Original Log Time 2020/01/07-05:25:56.079335) EVENT_LOG_v1 {"time_micros": 1578374756079330, "job": 8, "event": "flush_finished", "output_compression": "NoCompression", "lsm_state": [2, 8, 2, 0, 0, 0, 0], "immutable_memtables": 0}
[23518] 01-07 05:25:56,079 INFO [RocksDB](Original Log Time 2020/01/07-05:25:56.079354) [db/db_impl_compaction_flush.cc:177] [0] Level summary: base level 1 max bytes base 536870912 files[2 8 2 0 0 0 0] max score 1.23

[23518] 01-07 05:25:56,079 INFO [RocksDB][db/db_impl_files.cc:342] [JOB 8] Try to delete WAL files size 404875035, prev total WAL file size 469975442, number of live WAL files 3.

[23518] 01-07 05:25:56,079 INFO [RocksDB][db/compaction_job.cc:1531] [0] [JOB 9] Compacting 2@0 + 8@1 files to L1, score 1.23
[23518] 01-07 05:25:56,079 INFO [RocksDB][db/compaction_job.cc:1535] [0] Compaction start summary: Base version 9 Base level 0, inputs: [32(317MB) 26(309MB)], [16(65MB) 18(65MB) 19(65MB) 21(65MB) 22(65MB) 23(65MB) 24(65MB) 27(26MB)]

[23518] 01-07 05:25:56,079 INFO [RocksDB]EVENT_LOG_v1 {"time_micros": 1578374756079543, "job": 9, "event": "compaction_started", "compaction_reason": "LevelL0FilesNum", "files_L0": [32, 26], "files_L1": [16, 18, 19, 21, 22, 23, 24, 27], "score": 1.22551, "input_data_size": 1168643306}
[23518] 01-07 05:25:57,572 INFO [RocksDB][db/compaction_job.cc:1211] [0] [JOB 9] Generated table #33: 1191085 keys, 69777840 bytes
[23518] 01-07 05:25:57,572 INFO [RocksDB]EVENT_LOG_v1 {"time_micros": 1578374757572482, "cf_name": "0", "job": 9, "event": "table_file_creation", "file_number": 33, "file_size": 69777840, "table_properties": {"data_size": 67111068, "index_size": 976858, "filter_size": 1688883, "raw_key_size": 56729613, "raw_average_key_size": 47, "raw_value_size": 28327128, "raw_average_value_size": 23, "num_data_blocks": 16600, "num_entries": 1191085, "filter_policy_name": "rocksdb.BuiltinBloomFilter", "kDeletedKeys": "0", "kMergeOperands": "0"}}
[23518] 01-07 05:25:58,870 INFO [RocksDB][db/compaction_job.cc:1211] [0] [JOB 9] Generated table #34: 597600 keys, 68987172 bytes
[23518] 01-07 05:25:58,870 INFO [RocksDB]EVENT_LOG_v1 {"time_micros": 1578374758870633, "cf_name": "0", "job": 9, "event": "table_file_creation", "file_number": 34, "file_size": 68987172, "table_properties": {"data_size": 67109371, "index_size": 888757, "filter_size": 988013, "raw_key_size": 24599519, "raw_average_key_size": 41, "raw_value_size": 56772027, "raw_average_value_size": 95, "num_data_blocks": 16742, "num_entries": 597600, "filter_policy_name": "rocksdb.BuiltinBloomFilter", "kDeletedKeys": "0", "kMergeOperands": "0"}}
[23518] 01-07 05:26:00,175 INFO [RocksDB][db/compaction_job.cc:1211] [0] [JOB 9] Generated table #35: 597614 keys, 68988753 bytes
[23518] 01-07 05:26:00,176 INFO [RocksDB]EVENT_LOG_v1 {"time_micros": 1578374760175996, "cf_name": "0", "job": 9, "event": "table_file_creation", "file_number": 35, "file_size": 68988753, "table_properties": {"data_size": 67110802, "index_size": 888881, "filter_size": 988039, "raw_key_size": 24599101, "raw_average_key_size": 41, "raw_value_size": 56773285, "raw_average_value_size": 94, "num_data_blocks": 16743, "num_entries": 597614, "filter_policy_name": "rocksdb.BuiltinBloomFilter", "kDeletedKeys": "0", "kMergeOperands": "0"}}
[23518] 01-07 05:26:01,476 INFO [RocksDB][db/compaction_job.cc:1211] [0] [JOB 9] Generated table #36: 597611 keys, 68990739 bytes
[23518] 01-07 05:26:01,476 INFO [RocksDB]EVENT_LOG_v1 {"time_micros": 1578374761476408, "cf_name": "0", "job": 9, "event": "table_file_creation", "file_number": 36, "file_size": 68990739, "table_properties": {"data_size": 67112728, "index_size": 888933, "filter_size": 988047, "raw_key_size": 24596739, "raw_average_key_size": 41, "raw_value_size": 56773072, "raw_average_value_size": 95, "num_data_blocks": 16744, "num_entries": 597611, "filter_policy_name": "rocksdb.BuiltinBloomFilter", "kDeletedKeys": "0", "kMergeOperands": "0"}}
[23518] 01-07 05:26:02,792 INFO [RocksDB][db/compaction_job.cc:1211] [0] [JOB 9] Generated table #37: 597630 keys, 68988536 bytes
[23518] 01-07 05:26:02,792 INFO [RocksDB]EVENT_LOG_v1 {"time_micros": 1578374762792243, "cf_name": "0", "job": 9, "event": "table_file_creation", "file_number": 37, "file_size": 68988536, "table_properties": {"data_size": 67110744, "index_size": 888713, "filter_size": 988048, "raw_key_size": 24601261, "raw_average_key_size": 41, "raw_value_size": 56774850, "raw_average_value_size": 95, "num_data_blocks": 16742, "num_entries": 597630, "filter_policy_name": "rocksdb.BuiltinBloomFilter", "kDeletedKeys": "0", "kMergeOperands": "0"}}
[23518] 01-07 05:26:04,093 INFO [RocksDB][db/compaction_job.cc:1211] [0] [JOB 9] Generated table #38: 597599 keys, 68987907 bytes
[23518] 01-07 05:26:04,094 INFO [RocksDB]EVENT_LOG_v1 {"time_micros": 1578374764094016, "cf_name": "0", "job": 9, "event": "table_file_creation", "file_number": 38, "file_size": 68987907, "table_properties": {"data_size": 67110428, "index_size": 888428, "filter_size": 988020, "raw_key_size": 24595902, "raw_average_key_size": 41, "raw_value_size": 56771923, "raw_average_value_size": 95, "num_data_blocks": 16743, "num_entries": 597599, "filter_policy_name": "rocksdb.BuiltinBloomFilter", "kDeletedKeys": "0", "kMergeOperands": "0"}}
SEEK FAIL
[23518] 01-07 05:26:05,473 INFO [RocksDB][db/compaction_job.cc:1211] [0] [JOB 9] Generated table #39: 597636 keys, 68989107 bytes
[23518] 01-07 05:26:05,473 INFO [RocksDB]EVENT_LOG_v1 {"time_micros": 1578374765473236, "cf_name": "0", "job": 9, "event": "table_file_creation", "file_number": 39, "file_size": 68989107, "table_properties": {"data_size": 67111690, "index_size": 888326, "filter_size": 988060, "raw_key_size": 24598931, "raw_average_key_size": 41, "raw_value_size": 56775375, "raw_average_value_size": 94, "num_data_blocks": 16742, "num_entries": 597636, "filter_policy_name": "rocksdb.BuiltinBloomFilter", "kDeletedKeys": "0", "kMergeOperands": "0"}}
[23518] 01-07 05:26:06,775 INFO [RocksDB][db/compaction_job.cc:1211] [0] [JOB 9] Generated table #40: 597486 keys, 68990280 bytes
[23518] 01-07 05:26:06,775 INFO [RocksDB]EVENT_LOG_v1 {"time_micros": 1578374766775723, "cf_name": "0", "job": 9, "event": "table_file_creation", "file_number": 40, "file_size": 68990280, "table_properties": {"data_size": 67112720, "index_size": 888674, "filter_size": 987855, "raw_key_size": 24592820, "raw_average_key_size": 41, "raw_value_size": 56761161, "raw_average_value_size": 94, "num_data_blocks": 16739, "num_entries": 597486, "filter_policy_name": "rocksdb.BuiltinBloomFilter", "kDeletedKeys": "0", "kMergeOperands": "0"}}
[23518] 01-07 05:26:08,076 INFO [RocksDB][db/compaction_job.cc:1211] [0] [JOB 9] Generated table #41: 597574 keys, 68987696 bytes
[23518] 01-07 05:26:08,076 INFO [RocksDB]EVENT_LOG_v1 {"time_micros": 1578374768076848, "cf_name": "0", "job": 9, "event": "table_file_creation", "file_number": 41, "file_size": 68987696, "table_properties": {"data_size": 67109581, "index_size": 889100, "filter_size": 987984, "raw_key_size": 24597662, "raw_average_key_size": 41, "raw_value_size": 56769521, "raw_average_value_size": 94, "num_data_blocks": 16742, "num_entries": 597574, "filter_policy_name": "rocksdb.BuiltinBloomFilter", "kDeletedKeys": "0", "kMergeOperands": "0"}}
[23518] 01-07 05:26:09,381 INFO [RocksDB][db/compaction_job.cc:1211] [0] [JOB 9] Generated table #42: 597605 keys, 68987593 bytes
[23518] 01-07 05:26:09,381 INFO [RocksDB]EVENT_LOG_v1 {"time_micros": 1578374769381023, "cf_name": "0", "job": 9, "event": "table_file_creation", "file_number": 42, "file_size": 68987593, "table_properties": {"data_size": 67109789, "index_size": 888756, "filter_size": 988017, "raw_key_size": 24598640, "raw_average_key_size": 41, "raw_value_size": 56772547, "raw_average_value_size": 95, "num_data_blocks": 16742, "num_entries": 597605, "filter_policy_name": "rocksdb.BuiltinBloomFilter", "kDeletedKeys": "0", "kMergeOperands": "0"}}
[23518] 01-07 05:26:10,689 INFO [RocksDB][db/compaction_job.cc:1211] [0] [JOB 9] Generated table #43: 597622 keys, 68989573 bytes
[23518] 01-07 05:26:10,689 INFO [RocksDB]EVENT_LOG_v1 {"time_micros": 1578374770689712, "cf_name": "0", "job": 9, "event": "table_file_creation", "file_number": 43, "file_size": 68989573, "table_properties": {"data_size": 67111861, "index_size": 888637, "filter_size": 988044, "raw_key_size": 24598450, "raw_average_key_size": 41, "raw_value_size": 56774018, "raw_average_value_size": 94, "num_data_blocks": 16742, "num_entries": 597622, "filter_policy_name": "rocksdb.BuiltinBloomFilter", "kDeletedKeys": "0", "kMergeOperands": "0"}}
[23518] 01-07 05:26:11,996 INFO [RocksDB][db/compaction_job.cc:1211] [0] [JOB 9] Generated table #44: 597605 keys, 68988718 bytes
[23518] 01-07 05:26:11,996 INFO [RocksDB]EVENT_LOG_v1 {"time_micros": 1578374771996558, "cf_name": "0", "job": 9, "event": "table_file_creation", "file_number": 44, "file_size": 68988718, "table_properties": {"data_size": 67110747, "index_size": 888914, "filter_size": 988026, "raw_key_size": 24600631, "raw_average_key_size": 41, "raw_value_size": 56772547, "raw_average_value_size": 95, "num_data_blocks": 16743, "num_entries": 597605, "filter_policy_name": "rocksdb.BuiltinBloomFilter", "kDeletedKeys": "0", "kMergeOperands": "0"}}
[23518] 01-07 05:26:13,304 INFO [RocksDB][db/compaction_job.cc:1211] [0] [JOB 9] Generated table #45: 597603 keys, 68988088 bytes
[23518] 01-07 05:26:13,304 INFO [RocksDB]EVENT_LOG_v1 {"time_micros": 1578374773304967, "cf_name": "0", "job": 9, "event": "table_file_creation", "file_number": 45, "file_size": 68988088, "table_properties": {"data_size": 67110260, "index_size": 888771, "filter_size": 988026, "raw_key_size": 24598328, "raw_average_key_size": 41, "raw_value_size": 56772240, "raw_average_value_size": 94, "num_data_blocks": 16743, "num_entries": 597603, "filter_policy_name": "rocksdb.BuiltinBloomFilter", "kDeletedKeys": "0", "kMergeOperands": "0"}}
[23518] 01-07 05:26:14,679 INFO [RocksDB][db/compaction_job.cc:1211] [0] [JOB 9] Generated table #46: 597624 keys, 68990525 bytes
[23518] 01-07 05:26:14,679 INFO [RocksDB]EVENT_LOG_v1 {"time_micros": 1578374774679844, "cf_name": "0", "job": 9, "event": "table_file_creation", "file_number": 46, "file_size": 68990525, "table_properties": {"data_size": 67112461, "index_size": 888989, "filter_size": 988044, "raw_key_size": 24599785, "raw_average_key_size": 41, "raw_value_size": 56774325, "raw_average_value_size": 95, "num_data_blocks": 16742, "num_entries": 597624, "filter_policy_name": "rocksdb.BuiltinBloomFilter", "kDeletedKeys": "0", "kMergeOperands": "0"}}
[23518] 01-07 05:26:15,981 INFO [RocksDB][db/compaction_job.cc:1211] [0] [JOB 9] Generated table #47: 597614 keys, 68988126 bytes
[23518] 01-07 05:26:15,981 INFO [RocksDB]EVENT_LOG_v1 {"time_micros": 1578374775981026, "cf_name": "0", "job": 9, "event": "table_file_creation", "file_number": 47, "file_size": 68988126, "table_properties": {"data_size": 67110104, "index_size": 888961, "filter_size": 988030, "raw_key_size": 24601290, "raw_average_key_size": 41, "raw_value_size": 56773285, "raw_average_value_size": 94, "num_data_blocks": 16742, "num_entries": 597614, "filter_policy_name": "rocksdb.BuiltinBloomFilter", "kDeletedKeys": "0", "kMergeOperands": "0"}}
[23518] 01-07 05:26:17,284 INFO [RocksDB][db/compaction_job.cc:1211] [0] [JOB 9] Generated table #48: 597605 keys, 68989106 bytes
[23518] 01-07 05:26:17,284 INFO [RocksDB]EVENT_LOG_v1 {"time_micros": 1578374777284706, "cf_name": "0", "job": 9, "event": "table_file_creation", "file_number": 48, "file_size": 68989106, "table_properties": {"data_size": 67111124, "index_size": 888919, "filter_size": 988032, "raw_key_size": 24597488, "raw_average_key_size": 41, "raw_value_size": 56772448, "raw_average_value_size": 94, "num_data_blocks": 16743, "num_entries": 597605, "filter_policy_name": "rocksdb.BuiltinBloomFilter", "kDeletedKeys": "0", "kMergeOperands": "0"}}
[23518] 01-07 05:26:18,493 INFO [RocksDB][db/compaction_job.cc:1211] [0] [JOB 9] Generated table #49: 551604 keys, 63668031 bytes
[23518] 01-07 05:26:18,493 INFO [RocksDB]EVENT_LOG_v1 {"time_micros": 1578374778493159, "cf_name": "0", "job": 9, "event": "table_file_creation", "file_number": 49, "file_size": 63668031, "table_properties": {"data_size": 61936748, "index_size": 818379, "filter_size": 911874, "raw_key_size": 22608798, "raw_average_key_size": 40, "raw_value_size": 52402461, "raw_average_value_size": 95, "num_data_blocks": 15447, "num_entries": 551604, "filter_policy_name": "rocksdb.BuiltinBloomFilter", "kDeletedKeys": "0", "kMergeOperands": "0"}}
[23518] 01-07 05:26:18,494 INFO [RocksDB][db/compaction_job.cc:1287] [0] [JOB 9] Compacted 2@0 + 8@1 files to L1 => 1168277790 bytes
[23518] 01-07 05:26:18,496 INFO [RocksDB](Original Log Time 2020/01/07-05:26:18.496298) [db/compaction_job.cc:685] [0] compacted to: base level 1 max bytes base 536870912 files[0 17 2 0 0 0 0] max score 2.18, MB/sec: 52.1 rd, 52.1 wr, level 1, files in(2, 8) out(17) MB in(627.5, 487.0) out(1114.2), read-write-amplify(3.6) write-amplify(1.8) OK, records in: 10706718, records dropped: 1 output_compression: NoCompression

[23518] 01-07 05:26:18,496 INFO [RocksDB](Original Log Time 2020/01/07-05:26:18.496312) EVENT_LOG_v1 {"time_micros": 1578374778496306, "job": 9, "event": "compaction_finished", "compaction_time_micros": 22414896, "output_level": 1, "num_output_files": 17, "total_output_size": 1168277790, "num_input_records": 10706718, "num_output_records": 10706717, "num_subcompactions": 1, "output_compression": "NoCompression", "num_single_delete_mismatches": 0, "num_single_delete_fallthrough": 0, "lsm_state": [0, 17, 2, 0, 0, 0, 0]}
[23518] 01-07 05:26:18,496 INFO [RocksDB][db/compaction_picker.cc:485] [0] Expanding@1 1+1(69777840+54614277 bytes) to 2+1 (138765012+54614277 bytes)

[23518] 01-07 05:26:18,496 INFO [RocksDB][db/compaction_job.cc:1531] [0] [JOB 10] Compacting 2@1 + 1@2 files to L2, score 2.18
[23518] 01-07 05:26:18,496 INFO [RocksDB][db/compaction_job.cc:1535] [0] Compaction start summary: Base version 10 Base level 1, inputs: [33(66MB) 34(65MB)], [28(52MB)]

[23518] 01-07 05:26:18,496 INFO [RocksDB]EVENT_LOG_v1 {"time_micros": 1578374778496435, "job": 10, "event": "compaction_started", "compaction_reason": "LevelMaxLevelSize", "files_L1": [33, 34], "files_L2": [28], "score": 2.17609, "input_data_size": 193379289}
[23518] 01-07 05:26:18,531 INFO [RocksDB]EVENT_LOG_v1 {"time_micros": 1578374778531004, "job": 0, "event": "table_file_deletion", "file_number": 32}
[23518] 01-07 05:26:18,533 INFO [RocksDB]EVENT_LOG_v1 {"time_micros": 1578374778533775, "job": 0, "event": "table_file_deletion", "file_number": 27}
[23518] 01-07 05:26:18,564 INFO [RocksDB]EVENT_LOG_v1 {"time_micros": 1578374778564853, "job": 0, "event": "table_file_deletion", "file_number": 26}
[23518] 01-07 05:26:18,571 INFO [RocksDB]EVENT_LOG_v1 {"time_micros": 1578374778571482, "job": 0, "event": "table_file_deletion", "file_number": 24}
[23518] 01-07 05:26:18,578 INFO [RocksDB]EVENT_LOG_v1 {"time_micros": 1578374778578085, "job": 0, "event": "table_file_deletion", "file_number": 23}
[23518] 01-07 05:26:18,584 INFO [RocksDB]EVENT_LOG_v1 {"time_micros": 1578374778584523, "job": 0, "event": "table_file_deletion", "file_number": 22}
[23518] 01-07 05:26:18,591 INFO [RocksDB]EVENT_LOG_v1 {"time_micros": 1578374778591366, "job": 0, "event": "table_file_deletion", "file_number": 21}
[23518] 01-07 05:26:18,597 INFO [RocksDB]EVENT_LOG_v1 {"time_micros": 1578374778597872, "job": 0, "event": "table_file_deletion", "file_number": 19}
[23518] 01-07 05:26:18,604 INFO [RocksDB]EVENT_LOG_v1 {"time_micros": 1578374778604605, "job": 0, "event": "table_file_deletion", "file_number": 18}
[23518] 01-07 05:26:18,611 INFO [RocksDB]EVENT_LOG_v1 {"time_micros": 1578374778611133, "job": 0, "event": "table_file_deletion", "file_number": 16}
[23518] 01-07 05:26:21,875 INFO [RocksDB][db/compaction_job.cc:1211] [0] [JOB 10] Generated table #50: 2043681 keys, 70663218 bytes
[23518] 01-07 05:26:21,875 INFO [RocksDB]EVENT_LOG_v1 {"time_micros": 1578374781875741, "cf_name": "0", "job": 10, "event": "table_file_creation", "file_number": 50, "file_size": 70663218, "table_properties": {"data_size": 67112662, "index_size": 1456682, "filter_size": 2763373, "raw_key_size": 99429017, "raw_average_key_size": 48, "raw_value_size": 25560486, "raw_average_value_size": 12, "num_data_blocks": 23861, "num_entries": 2043681, "filter_policy_name": "rocksdb.BuiltinBloomFilter", "kDeletedKeys": "0", "kMergeOperands": "0"}}
[23518] 01-07 05:26:23,179 INFO [RocksDB][db/compaction_job.cc:1211] [0] [JOB 10] Generated table #51: 597644 keys, 68583319 bytes
[23518] 01-07 05:26:23,179 INFO [RocksDB]EVENT_LOG_v1 {"time_micros": 1578374783179290, "cf_name": "0", "job": 10, "event": "table_file_creation", "file_number": 51, "file_size": 68583319, "table_properties": {"data_size": 67111116, "index_size": 888281, "filter_size": 988061, "raw_key_size": 24601327, "raw_average_key_size": 41, "raw_value_size": 56776108, "raw_average_value_size": 94, "num_data_blocks": 16741, "num_entries": 597644, "filter_policy_name": "rocksdb.BuiltinBloomFilter", "kDeletedKeys": "0", "kMergeOperands": "0"}}
[23518] 01-07 05:26:23,893 INFO [RocksDB][db/compaction_job.cc:1211] [0] [JOB 10] Generated table #52: 331281 keys, 38019671 bytes
[23518] 01-07 05:26:23,893 INFO [RocksDB]EVENT_LOG_v1 {"time_micros": 1578374783893032, "cf_name": "0", "job": 10, "event": "table_file_creation", "file_number": 52, "file_size": 38019671, "table_properties": {"data_size": 37202682, "index_size": 492518, "filter_size": 547719, "raw_key_size": 13636277, "raw_average_key_size": 41, "raw_value_size": 31471740, "raw_average_value_size": 95, "num_data_blocks": 9282, "num_entries": 331281, "filter_policy_name": "rocksdb.BuiltinBloomFilter", "kDeletedKeys": "0", "kMergeOperands": "0"}}
[23518] 01-07 05:26:23,894 INFO [RocksDB][db/compaction_job.cc:1287] [0] [JOB 10] Compacted 2@1 + 1@2 files to L2 => 177266208 bytes
[23518] 01-07 05:26:23,896 INFO [RocksDB](Original Log Time 2020/01/07-05:26:23.896200) [db/compaction_job.cc:685] [0] compacted to: base level 1 max bytes base 536870912 files[0 15 4 0 0 0 0] max score 1.92, MB/sec: 35.8 rd, 32.8 wr, level 2, files in(2, 1) out(3) MB in(132.3, 52.1) out(169.1), read-write-amplify(2.7) write-amplify(1.3) OK, records in: 2972607, records dropped: 1 output_compression: Snappy

[23518] 01-07 05:26:23,896 INFO [RocksDB](Original Log Time 2020/01/07-05:26:23.896212) EVENT_LOG_v1 {"time_micros": 1578374783896207, "job": 10, "event": "compaction_finished", "compaction_time_micros": 5398025, "output_level": 2, "num_output_files": 3, "total_output_size": 177266208, "num_input_records": 2972607, "num_output_records": 2972606, "num_subcompactions": 1, "output_compression": "Snappy", "num_single_delete_mismatches": 0, "num_single_delete_fallthrough": 0, "lsm_state": [0, 15, 4, 0, 0, 0, 0]}
[23518] 01-07 05:26:23,903 INFO [RocksDB]EVENT_LOG_v1 {"time_micros": 1578374783903796, "job": 10, "event": "table_file_deletion", "file_number": 34}
[23518] 01-07 05:26:23,911 INFO [RocksDB]EVENT_LOG_v1 {"time_micros": 1578374783911475, "job": 10, "event": "table_file_deletion", "file_number": 33}
[23518] 01-07 05:26:23,916 INFO [RocksDB]EVENT_LOG_v1 {"time_micros": 1578374783916829, "job": 10, "event": "table_file_deletion", "file_number": 28}
[23518] 01-07 05:26:23,916 INFO [RocksDB][db/compaction_job.cc:1531] [0] [JOB 11] Compacting 1@1 files to L2, score 1.92
[23518] 01-07 05:26:23,916 INFO [RocksDB][db/compaction_job.cc:1535] [0] Compaction start summary: Base version 11 Base level 1, inputs: [36(65MB)]

[23518] 01-07 05:26:23,916 INFO [RocksDB]EVENT_LOG_v1 {"time_micros": 1578374783916874, "job": 11, "event": "compaction_started", "compaction_reason": "LevelMaxLevelSize", "files_L1": [36], "score": 1.91762, "input_data_size": 68990739}
[23518] 01-07 05:26:25,196 INFO [RocksDB][db/compaction_job.cc:1211] [0] [JOB 11] Generated table #53: 597611 keys, 68585740 bytes
[23518] 01-07 05:26:25,196 INFO [RocksDB]EVENT_LOG_v1 {"time_micros": 1578374785196967, "cf_name": "0", "job": 11, "event": "table_file_creation", "file_number": 53, "file_size": 68585740, "table_properties": {"data_size": 67112728, "index_size": 888933, "filter_size": 988047, "raw_key_size": 24596739, "raw_average_key_size": 41, "raw_value_size": 56773072, "raw_average_value_size": 95, "num_data_blocks": 16744, "num_entries": 597611, "filter_policy_name": "rocksdb.BuiltinBloomFilter", "kDeletedKeys": "0", "kMergeOperands": "0"}}
[23518] 01-07 05:26:25,198 INFO [RocksDB][db/compaction_job.cc:1287] [0] [JOB 11] Compacted 1@1 files to L2 => 68585740 bytes
[23518] 01-07 05:26:25,200 INFO [RocksDB](Original Log Time 2020/01/07-05:26:25.200311) [db/compaction_job.cc:685] [0] compacted to: base level 1 max bytes base 536870912 files[0 14 5 0 0 0 0] max score 1.79, MB/sec: 53.8 rd, 53.5 wr, level 2, files in(1, 0) out(1) MB in(65.8, 0.0) out(65.4), read-write-amplify(2.0) write-amplify(1.0) OK, records in: 597611, records dropped: 0 output_compression: Snappy

[23518] 01-07 05:26:25,200 INFO [RocksDB](Original Log Time 2020/01/07-05:26:25.200336) EVENT_LOG_v1 {"time_micros": 1578374785200319, "job": 11, "event": "compaction_finished", "compaction_time_micros": 1281445, "output_level": 2, "num_output_files": 1, "total_output_size": 68585740, "num_input_records": 597611, "num_output_records": 597611, "num_subcompactions": 1, "output_compression": "Snappy", "num_single_delete_mismatches": 0, "num_single_delete_fallthrough": 0, "lsm_state": [0, 14, 5, 0, 0, 0, 0]}
[23518] 01-07 05:26:25,207 INFO [RocksDB]EVENT_LOG_v1 {"time_micros": 1578374785207220, "job": 11, "event": "table_file_deletion", "file_number": 36}
[23518] 01-07 05:26:25,207 INFO [RocksDB][db/compaction_job.cc:1531] [0] [JOB 12] Compacting 1@1 files to L2, score 1.79
[23518] 01-07 05:26:25,207 INFO [RocksDB][db/compaction_job.cc:1535] [0] Compaction start summary: Base version 12 Base level 1, inputs: [46(65MB)]

[23518] 01-07 05:26:25,207 INFO [RocksDB]EVENT_LOG_v1 {"time_micros": 1578374785207267, "job": 12, "event": "compaction_started", "compaction_reason": "LevelMaxLevelSize", "files_L1": [46], "score": 1.78911, "input_data_size": 68990525}
[23518] 01-07 05:26:26,514 INFO [RocksDB][db/compaction_job.cc:1211] [0] [JOB 12] Generated table #54: 597624 keys, 68585366 bytes
[23518] 01-07 05:26:26,514 INFO [RocksDB]EVENT_LOG_v1 {"time_micros": 1578374786514301, "cf_name": "0", "job": 12, "event": "table_file_creation", "file_number": 54, "file_size": 68585366, "table_properties": {"data_size": 67112461, "index_size": 888989, "filter_size": 988044, "raw_key_size": 24599785, "raw_average_key_size": 41, "raw_value_size": 56774325, "raw_average_value_size": 95, "num_data_blocks": 16742, "num_entries": 597624, "filter_policy_name": "rocksdb.BuiltinBloomFilter", "kDeletedKeys": "0", "kMergeOperands": "0"}}
[23518] 01-07 05:26:26,515 INFO [RocksDB][db/compaction_job.cc:1287] [0] [JOB 12] Compacted 1@1 files to L2 => 68585366 bytes
[23518] 01-07 05:26:26,517 INFO [RocksDB](Original Log Time 2020/01/07-05:26:26.517200) [db/compaction_job.cc:685] [0] compacted to: base level 1 max bytes base 536870912 files[0 13 6 0 0 0 0] max score 1.66, MB/sec: 52.7 rd, 52.4 wr, level 2, files in(1, 0) out(1) MB in(65.8, 0.0) out(65.4), read-write-amplify(2.0) write-amplify(1.0) OK, records in: 597624, records dropped: 0 output_compression: Snappy

[23518] 01-07 05:26:26,517 INFO [RocksDB](Original Log Time 2020/01/07-05:26:26.517225) EVENT_LOG_v1 {"time_micros": 1578374786517209, "job": 12, "event": "compaction_finished", "compaction_time_micros": 1308243, "output_level": 2, "num_output_files": 1, "total_output_size": 68585366, "num_input_records": 597624, "num_output_records": 597624, "num_subcompactions": 1, "output_compression": "Snappy", "num_single_delete_mismatches": 0, "num_single_delete_fallthrough": 0, "lsm_state": [0, 13, 6, 0, 0, 0, 0]}
[23518] 01-07 05:26:26,523 INFO [RocksDB]EVENT_LOG_v1 {"time_micros": 1578374786523761, "job": 12, "event": "table_file_deletion", "file_number": 46}
[23518] 01-07 05:26:26,523 INFO [RocksDB][db/compaction_picker.cc:485] [0] Expanding@1 1+1(68990280+68588904 bytes) to 2+1 (137977976+68588904 bytes)

[23518] 01-07 05:26:26,523 INFO [RocksDB][db/compaction_job.cc:1531] [0] [JOB 13] Compacting 2@1 + 1@2 files to L2, score 1.66
[23518] 01-07 05:26:26,523 INFO [RocksDB][db/compaction_job.cc:1535] [0] Compaction start summary: Base version 13 Base level 1, inputs: [40(65MB) 41(65MB)], [29(65MB)]

[23518] 01-07 05:26:26,523 INFO [RocksDB]EVENT_LOG_v1 {"time_micros": 1578374786523817, "job": 13, "event": "compaction_started", "compaction_reason": "LevelMaxLevelSize", "files_L1": [40, 41], "files_L2": [29], "score": 1.66061, "input_data_size": 206566880}
[23518] 01-07 05:26:27,821 INFO [RocksDB][db/compaction_job.cc:1211] [0] [JOB 13] Generated table #55: 597605 keys, 68583306 bytes
[23518] 01-07 05:26:27,821 INFO [RocksDB]EVENT_LOG_v1 {"time_micros": 1578374787821953, "cf_name": "0", "job": 13, "event": "table_file_creation", "file_number": 55, "file_size": 68583306, "table_properties": {"data_size": 67110132, "index_size": 888646, "filter_size": 988017, "raw_key_size": 24598706, "raw_average_key_size": 41, "raw_value_size": 56772547, "raw_average_value_size": 95, "num_data_blocks": 16742, "num_entries": 597605, "filter_policy_name": "rocksdb.BuiltinBloomFilter", "kDeletedKeys": "0", "kMergeOperands": "0"}}
