[19751] 01-07 05:07:56,245 INFO [RocksDB]RocksDB version: 5.14.2

[19751] 01-07 05:07:56,251 INFO [RocksDB]Git sha rocksdb_build_git_sha:9f703a6b9c3430e30aba2286240e44570994efe6
[19751] 01-07 05:07:56,251 INFO [RocksDB]Compile date Jan  7 2020
[19751] 01-07 05:07:56,251 INFO [RocksDB]DB SUMMARY

[19751] 01-07 05:07:56,251 INFO [RocksDB]SST files in /home/ubuntu/ardb/data/rocksdb dir, Total Num: 0, files: 

[19751] 01-07 05:07:56,251 INFO [RocksDB]Write Ahead Log file in /home/ubuntu/ardb/data/rocksdb: 

[19751] 01-07 05:07:56,251 INFO [RocksDB]                        Options.error_if_exists: 0
[19751] 01-07 05:07:56,251 INFO [RocksDB]                      Options.create_if_missing: 1
[19751] 01-07 05:07:56,251 INFO [RocksDB]                        Options.paranoid_checks: 1
[19751] 01-07 05:07:56,251 INFO [RocksDB]                                    Options.env: 0xbfa6c0
[19751] 01-07 05:07:56,251 INFO [RocksDB]                               Options.info_log: 0x7fd9ab43f8a0
[19751] 01-07 05:07:56,251 INFO [RocksDB]               Options.max_file_opening_threads: 16
[19751] 01-07 05:07:56,251 INFO [RocksDB]                             Options.statistics: (nil)
[19751] 01-07 05:07:56,251 INFO [RocksDB]                              Options.use_fsync: 0
[19751] 01-07 05:07:56,251 INFO [RocksDB]                      Options.max_log_file_size: 0
[19751] 01-07 05:07:56,251 INFO [RocksDB]                 Options.max_manifest_file_size: 18446744073709551615
[19751] 01-07 05:07:56,251 INFO [RocksDB]                  Options.log_file_time_to_roll: 0
[19751] 01-07 05:07:56,251 INFO [RocksDB]                      Options.keep_log_file_num: 1000
[19751] 01-07 05:07:56,251 INFO [RocksDB]                   Options.recycle_log_file_num: 0
[19751] 01-07 05:07:56,251 INFO [RocksDB]                        Options.allow_fallocate: 1
[19751] 01-07 05:07:56,251 INFO [RocksDB]                       Options.allow_mmap_reads: 0
[19751] 01-07 05:07:56,251 INFO [RocksDB]                      Options.allow_mmap_writes: 0
[19751] 01-07 05:07:56,251 INFO [RocksDB]                       Options.use_direct_reads: 0
[19751] 01-07 05:07:56,251 INFO [RocksDB]                       Options.use_direct_io_for_flush_and_compaction: 0
[19751] 01-07 05:07:56,251 INFO [RocksDB]         Options.create_missing_column_families: 0
[19751] 01-07 05:07:56,251 INFO [RocksDB]                             Options.db_log_dir: 
[19751] 01-07 05:07:56,251 INFO [RocksDB]                                Options.wal_dir: /home/ubuntu/ardb/data/rocksdb
[19751] 01-07 05:07:56,251 INFO [RocksDB]               Options.table_cache_numshardbits: 6
[19751] 01-07 05:07:56,251 INFO [RocksDB]                     Options.max_subcompactions: 1
[19751] 01-07 05:07:56,251 INFO [RocksDB]                 Options.max_background_flushes: -1
[19751] 01-07 05:07:56,251 INFO [RocksDB]                        Options.WAL_ttl_seconds: 0
[19751] 01-07 05:07:56,251 INFO [RocksDB]                      Options.WAL_size_limit_MB: 0
[19751] 01-07 05:07:56,251 INFO [RocksDB]            Options.manifest_preallocation_size: 4194304
[19751] 01-07 05:07:56,251 INFO [RocksDB]                    Options.is_fd_close_on_exec: 1
[19751] 01-07 05:07:56,251 INFO [RocksDB]                  Options.advise_random_on_open: 1
[19751] 01-07 05:07:56,251 INFO [RocksDB]                   Options.db_write_buffer_size: 0
[19751] 01-07 05:07:56,251 INFO [RocksDB]                   Options.write_buffer_manager: 0x7fd9abbfa7d0
[19751] 01-07 05:07:56,251 INFO [RocksDB]        Options.access_hint_on_compaction_start: 1
[19751] 01-07 05:07:56,251 INFO [RocksDB] Options.new_table_reader_for_compaction_inputs: 0
[19751] 01-07 05:07:56,251 INFO [RocksDB]          Options.random_access_max_buffer_size: 1048576
[19751] 01-07 05:07:56,251 INFO [RocksDB]                     Options.use_adaptive_mutex: 1
[19751] 01-07 05:07:56,251 INFO [RocksDB]                           Options.rate_limiter: 0x7fd9ab438540
[19751] 01-07 05:07:56,251 INFO [RocksDB]    Options.sst_file_manager.rate_bytes_per_sec: 0
[19751] 01-07 05:07:56,251 INFO [RocksDB]                      Options.wal_recovery_mode: 2
[19751] 01-07 05:07:56,251 INFO [RocksDB]                 Options.enable_thread_tracking: 0
[19751] 01-07 05:07:56,251 INFO [RocksDB]                 Options.enable_pipelined_write: 1
[19751] 01-07 05:07:56,251 INFO [RocksDB]        Options.allow_concurrent_memtable_write: 1
[19751] 01-07 05:07:56,251 INFO [RocksDB]     Options.enable_write_thread_adaptive_yield: 1
[19751] 01-07 05:07:56,251 INFO [RocksDB]            Options.write_thread_max_yield_usec: 100
[19751] 01-07 05:07:56,251 INFO [RocksDB]           Options.write_thread_slow_yield_usec: 3
[19751] 01-07 05:07:56,251 INFO [RocksDB]                              Options.row_cache: None
[19751] 01-07 05:07:56,251 INFO [RocksDB]                             Options.wal_filter: None
[19751] 01-07 05:07:56,251 INFO [RocksDB]            Options.avoid_flush_during_recovery: 0
[19751] 01-07 05:07:56,251 INFO [RocksDB]            Options.allow_ingest_behind: 0
[19751] 01-07 05:07:56,251 INFO [RocksDB]            Options.preserve_deletes: 0
[19751] 01-07 05:07:56,251 INFO [RocksDB]            Options.two_write_queues: 0
[19751] 01-07 05:07:56,251 INFO [RocksDB]            Options.manual_wal_flush: 0
[19751] 01-07 05:07:56,251 INFO [RocksDB]            Options.max_background_jobs: 16
[19751] 01-07 05:07:56,251 INFO [RocksDB]            Options.max_background_compactions: -1
[19751] 01-07 05:07:56,251 INFO [RocksDB]            Options.avoid_flush_during_shutdown: 0
[19751] 01-07 05:07:56,251 INFO [RocksDB]          Options.writable_file_max_buffer_size: 1048576
[19751] 01-07 05:07:56,251 INFO [RocksDB]            Options.delayed_write_rate : 52428800
[19751] 01-07 05:07:56,251 INFO [RocksDB]            Options.max_total_wal_size: 0
[19751] 01-07 05:07:56,251 INFO [RocksDB]            Options.delete_obsolete_files_period_micros: 21600000000
[19751] 01-07 05:07:56,251 INFO [RocksDB]                  Options.stats_dump_period_sec: 100000
[19751] 01-07 05:07:56,251 INFO [RocksDB]                         Options.max_open_files: 1024
[19751] 01-07 05:07:56,251 INFO [RocksDB]                         Options.bytes_per_sync: 1048576
[19751] 01-07 05:07:56,251 INFO [RocksDB]                     Options.wal_bytes_per_sync: 0
[19751] 01-07 05:07:56,251 INFO [RocksDB]      Options.compaction_readahead_size: 0
[19751] 01-07 05:07:56,251 INFO [RocksDB]Compression algorithms supported:
[19751] 01-07 05:07:56,251 INFO [RocksDB]	kZSTDNotFinalCompression supported: 0
[19751] 01-07 05:07:56,251 INFO [RocksDB]	kZSTD supported: 0
[19751] 01-07 05:07:56,251 INFO [RocksDB]	kXpressCompression supported: 0
[19751] 01-07 05:07:56,251 INFO [RocksDB]	kLZ4HCCompression supported: 0
[19751] 01-07 05:07:56,251 INFO [RocksDB]	kLZ4Compression supported: 0
[19751] 01-07 05:07:56,251 INFO [RocksDB]	kBZip2Compression supported: 0
[19751] 01-07 05:07:56,251 INFO [RocksDB]	kZlibCompression supported: 1
[19751] 01-07 05:07:56,251 INFO [RocksDB]	kSnappyCompression supported: 1
[19751] 01-07 05:07:56,251 INFO [RocksDB]Fast CRC32 supported: Supported on x86
[19751] 01-07 05:07:56,251 INFO [RocksDB][db/db_impl_open.cc:222] Creating manifest 1 

[19751] 01-07 05:07:56,259 INFO [RocksDB][db/version_set.cc:3085] Recovering from manifest file: MANIFEST-000001

[19751] 01-07 05:07:56,259 INFO [RocksDB][db/column_family.cc:475] --------------- Options for column family [default]:

[19751] 01-07 05:07:56,259 INFO [RocksDB]              Options.comparator: ardb.comparator
[19751] 01-07 05:07:56,259 INFO [RocksDB]          Options.merge_operator: ardb.merger
[19751] 01-07 05:07:56,259 INFO [RocksDB]       Options.compaction_filter: None
[19751] 01-07 05:07:56,259 INFO [RocksDB]       Options.compaction_filter_factory: ardb.compact_filter_factory
[19751] 01-07 05:07:56,259 INFO [RocksDB]        Options.memtable_factory: SkipListFactory
[19751] 01-07 05:07:56,259 INFO [RocksDB]           Options.table_factory: BlockBasedTable
[19751] 01-07 05:07:56,259 INFO [RocksDB]           table_factory options:   flush_block_policy_factory: FlushBlockBySizePolicyFactory (0x7fd9aba08018)
  cache_index_and_filter_blocks: 0
  cache_index_and_filter_blocks_with_high_priority: 0
  pin_l0_filter_and_index_blocks_in_cache: 0
  index_type: 0
  hash_index_allow_collision: 1
  checksum: 1
  no_block_cache: 0
  block_cache: 0x7fd9aba81cf0
  block_cache_name: LRUCache
  block_cache_options:
    capacity : 536870912
    num_shard_bits : 6
    strict_capacity_limit : 0
    high_pri_pool_ratio: 0.000
  block_cache_compressed: (nil)
  persistent_cache: (nil)
  block_size: 4096
  block_size_deviation: 10
  block_restart_interval: 16
  index_block_restart_interval: 1
  metadata_block_size: 4096
  partition_filters: 0
  use_delta_encoding: 1
  filter_policy: rocksdb.BuiltinBloomFilter
  whole_key_filtering: 1
  verify_compression: 0
  read_amp_bytes_per_bit: 0
  format_version: 2
  enable_index_compression: 1
  block_align: 0

[19751] 01-07 05:07:56,259 INFO [RocksDB]       Options.write_buffer_size: 268435456
[19751] 01-07 05:07:56,259 INFO [RocksDB] Options.max_write_buffer_number: 6
[19751] 01-07 05:07:56,259 INFO [RocksDB]       Options.compression[0]: NoCompression
[19751] 01-07 05:07:56,259 INFO [RocksDB]       Options.compression[1]: NoCompression
[19751] 01-07 05:07:56,259 INFO [RocksDB]       Options.compression[2]: Snappy
[19751] 01-07 05:07:56,259 INFO [RocksDB]       Options.compression[3]: Snappy
[19751] 01-07 05:07:56,259 INFO [RocksDB]       Options.compression[4]: Snappy
[19751] 01-07 05:07:56,259 INFO [RocksDB]       Options.compression[5]: Snappy
[19751] 01-07 05:07:56,259 INFO [RocksDB]       Options.compression[6]: Snappy
[19751] 01-07 05:07:56,259 INFO [RocksDB]                 Options.bottommost_compression: Disabled
[19751] 01-07 05:07:56,259 INFO [RocksDB]      Options.prefix_extractor: ardb.prefix_extractor
[19751] 01-07 05:07:56,259 INFO [RocksDB]  Options.memtable_insert_with_hint_prefix_extractor: nullptr
[19751] 01-07 05:07:56,259 INFO [RocksDB]            Options.num_levels: 7
[19751] 01-07 05:07:56,259 INFO [RocksDB]       Options.min_write_buffer_number_to_merge: 2
[19751] 01-07 05:07:56,259 INFO [RocksDB]    Options.max_write_buffer_number_to_maintain: 0
[19751] 01-07 05:07:56,259 INFO [RocksDB]           Options.compression_opts.window_bits: -14
[19751] 01-07 05:07:56,259 INFO [RocksDB]                 Options.compression_opts.level: -1
[19751] 01-07 05:07:56,259 INFO [RocksDB]              Options.compression_opts.strategy: 0
[19751] 01-07 05:07:56,259 INFO [RocksDB]        Options.compression_opts.max_dict_bytes: 0
[19751] 01-07 05:07:56,259 INFO [RocksDB]        Options.compression_opts.zstd_max_train_bytes: 0
[19751] 01-07 05:07:56,259 INFO [RocksDB]     Options.level0_file_num_compaction_trigger: 2
[19751] 01-07 05:07:56,259 INFO [RocksDB]         Options.level0_slowdown_writes_trigger: 20
[19751] 01-07 05:07:56,259 INFO [RocksDB]             Options.level0_stop_writes_trigger: 36
[19751] 01-07 05:07:56,259 INFO [RocksDB]                  Options.target_file_size_base: 67108864
[19751] 01-07 05:07:56,259 INFO [RocksDB]            Options.target_file_size_multiplier: 1
[19751] 01-07 05:07:56,259 INFO [RocksDB]               Options.max_bytes_for_level_base: 536870912
[19751] 01-07 05:07:56,259 INFO [RocksDB]Options.level_compaction_dynamic_level_bytes: 0
[19751] 01-07 05:07:56,259 INFO [RocksDB]         Options.max_bytes_for_level_multiplier: 10.000000
[19751] 01-07 05:07:56,259 INFO [RocksDB]Options.max_bytes_for_level_multiplier_addtl[0]: 1
[19751] 01-07 05:07:56,259 INFO [RocksDB]Options.max_bytes_for_level_multiplier_addtl[1]: 1
[19751] 01-07 05:07:56,259 INFO [RocksDB]Options.max_bytes_for_level_multiplier_addtl[2]: 1
[19751] 01-07 05:07:56,259 INFO [RocksDB]Options.max_bytes_for_level_multiplier_addtl[3]: 1
[19751] 01-07 05:07:56,259 INFO [RocksDB]Options.max_bytes_for_level_multiplier_addtl[4]: 1
[19751] 01-07 05:07:56,259 INFO [RocksDB]Options.max_bytes_for_level_multiplier_addtl[5]: 1
[19751] 01-07 05:07:56,259 INFO [RocksDB]Options.max_bytes_for_level_multiplier_addtl[6]: 1
[19751] 01-07 05:07:56,259 INFO [RocksDB]      Options.max_sequential_skip_in_iterations: 8
[19751] 01-07 05:07:56,259 INFO [RocksDB]                   Options.max_compaction_bytes: 1677721600
[19751] 01-07 05:07:56,259 INFO [RocksDB]                       Options.arena_block_size: 33554432
[19751] 01-07 05:07:56,259 INFO [RocksDB]  Options.soft_pending_compaction_bytes_limit: 68719476736
[19751] 01-07 05:07:56,259 INFO [RocksDB]  Options.hard_pending_compaction_bytes_limit: 274877906944
[19751] 01-07 05:07:56,259 INFO [RocksDB]      Options.rate_limit_delay_max_milliseconds: 100
[19751] 01-07 05:07:56,259 INFO [RocksDB]               Options.disable_auto_compactions: 0
[19751] 01-07 05:07:56,259 INFO [RocksDB]                       Options.compaction_style: kCompactionStyleLevel
[19751] 01-07 05:07:56,259 INFO [RocksDB]                         Options.compaction_pri: kByCompensatedSize
[19751] 01-07 05:07:56,259 INFO [RocksDB]Options.compaction_options_universal.size_ratio: 1
[19751] 01-07 05:07:56,259 INFO [RocksDB]Options.compaction_options_universal.min_merge_width: 2
[19751] 01-07 05:07:56,259 INFO [RocksDB]Options.compaction_options_universal.max_merge_width: 4294967295
[19751] 01-07 05:07:56,259 INFO [RocksDB]Options.compaction_options_universal.max_size_amplification_percent: 200
[19751] 01-07 05:07:56,259 INFO [RocksDB]Options.compaction_options_universal.compression_size_percent: -1
[19751] 01-07 05:07:56,259 INFO [RocksDB]Options.compaction_options_universal.stop_style: kCompactionStopStyleTotalSize
[19751] 01-07 05:07:56,259 INFO [RocksDB]Options.compaction_options_fifo.max_table_files_size: 1073741824
[19751] 01-07 05:07:56,259 INFO [RocksDB]Options.compaction_options_fifo.allow_compaction: 0
[19751] 01-07 05:07:56,259 INFO [RocksDB]Options.compaction_options_fifo.ttl: 0
[19751] 01-07 05:07:56,259 INFO [RocksDB]                  Options.table_properties_collectors: 
[19751] 01-07 05:07:56,259 INFO [RocksDB]                  Options.inplace_update_support: 0
[19751] 01-07 05:07:56,259 INFO [RocksDB]                Options.inplace_update_num_locks: 10000
[19751] 01-07 05:07:56,259 INFO [RocksDB]              Options.memtable_prefix_bloom_size_ratio: 0.000000
[19751] 01-07 05:07:56,259 INFO [RocksDB]  Options.memtable_huge_page_size: 0
[19751] 01-07 05:07:56,259 INFO [RocksDB]                          Options.bloom_locality: 0
[19751] 01-07 05:07:56,259 INFO [RocksDB]                   Options.max_successive_merges: 0
[19751] 01-07 05:07:56,259 INFO [RocksDB]               Options.optimize_filters_for_hits: 0
[19751] 01-07 05:07:56,259 INFO [RocksDB]               Options.paranoid_file_checks: 0
[19751] 01-07 05:07:56,259 INFO [RocksDB]               Options.force_consistency_checks: 0
[19751] 01-07 05:07:56,259 INFO [RocksDB]               Options.report_bg_io_stats: 0
[19751] 01-07 05:07:56,259 INFO [RocksDB]                              Options.ttl: 0
[19751] 01-07 05:07:56,259 INFO [RocksDB][db/version_set.cc:3361] Recovered from manifest file:/home/ubuntu/ardb/data/rocksdb/MANIFEST-000001 succeeded,manifest_file_number is 1, next_file_number is 3, last_sequence is 0, log_number is 0,prev_log_number is 0,max_column_family is 0,min_log_number_to_keep is 0

[19751] 01-07 05:07:56,259 INFO [RocksDB][db/version_set.cc:3369] Column family [default] (ID 0), log number is 0

[19751] 01-07 05:07:56,263 INFO [RocksDB][db/db_impl_open.cc:1219] DB pointer 0x7fd9ab3be000
[19751] 01-07 05:07:56,263 INFO Ardb init engine:rocksdb success.
[19751] 01-07 05:07:56,265 INFO Ardb will accept connections on 0.0.0.0:16379
[19751] 01-07 05:07:56,266 INFO Ardb started with version 0.10.0
[19751] 01-07 05:07:57,267 INFO ========================Period Statistics Dump Begin===========================
[19751] 01-07 05:07:57,267 INFO slave_sync_total_commands_processed:0
[19751] 01-07 05:07:57,267 INFO slave_sync_instantaneous_ops_per_sec:0
[19751] 01-07 05:07:57,267 INFO total_commands_processed:0
[19751] 01-07 05:07:57,267 INFO instantaneous_ops_per_sec:0
[19751] 01-07 05:07:57,267 INFO total_connections_received:0
[19751] 01-07 05:07:57,267 INFO rejected_connections:0
[19751] 01-07 05:07:57,267 INFO ========================Period Statistics Dump End===========================
[19751] 01-07 05:08:08,773 INFO [RocksDB][db/version_set.cc:2847] Creating manifest 6

[19751] 01-07 05:08:08,779 INFO [RocksDB][db/column_family.cc:475] --------------- Options for column family [0]:

[19751] 01-07 05:08:08,779 INFO [RocksDB]              Options.comparator: ardb.comparator
[19751] 01-07 05:08:08,779 INFO [RocksDB]          Options.merge_operator: ardb.merger
[19751] 01-07 05:08:08,779 INFO [RocksDB]       Options.compaction_filter: None
[19751] 01-07 05:08:08,779 INFO [RocksDB]       Options.compaction_filter_factory: ardb.compact_filter_factory
[19751] 01-07 05:08:08,779 INFO [RocksDB]        Options.memtable_factory: SkipListFactory
[19751] 01-07 05:08:08,779 INFO [RocksDB]           Options.table_factory: BlockBasedTable
[19751] 01-07 05:08:08,779 INFO [RocksDB]           table_factory options:   flush_block_policy_factory: FlushBlockBySizePolicyFactory (0x7fd9aba08018)
  cache_index_and_filter_blocks: 0
  cache_index_and_filter_blocks_with_high_priority: 0
  pin_l0_filter_and_index_blocks_in_cache: 0
  index_type: 0
  hash_index_allow_collision: 1
  checksum: 1
  no_block_cache: 0
  block_cache: 0x7fd9aba81cf0
  block_cache_name: LRUCache
  block_cache_options:
    capacity : 536870912
    num_shard_bits : 6
    strict_capacity_limit : 0
    high_pri_pool_ratio: 0.000
  block_cache_compressed: (nil)
  persistent_cache: (nil)
  block_size: 4096
  block_size_deviation: 10
  block_restart_interval: 16
  index_block_restart_interval: 1
  metadata_block_size: 4096
  partition_filters: 0
  use_delta_encoding: 1
  filter_policy: rocksdb.BuiltinBloomFilter
  whole_key_filtering: 1
  verify_compression: 0
  read_amp_bytes_per_bit: 0
  format_version: 2
  enable_index_compression: 1
  block_align: 0

[19751] 01-07 05:08:08,779 INFO [RocksDB]       Options.write_buffer_size: 268435456
[19751] 01-07 05:08:08,779 INFO [RocksDB] Options.max_write_buffer_number: 6
[19751] 01-07 05:08:08,779 INFO [RocksDB]       Options.compression[0]: NoCompression
[19751] 01-07 05:08:08,779 INFO [RocksDB]       Options.compression[1]: NoCompression
[19751] 01-07 05:08:08,779 INFO [RocksDB]       Options.compression[2]: Snappy
[19751] 01-07 05:08:08,779 INFO [RocksDB]       Options.compression[3]: Snappy
[19751] 01-07 05:08:08,779 INFO [RocksDB]       Options.compression[4]: Snappy
[19751] 01-07 05:08:08,779 INFO [RocksDB]       Options.compression[5]: Snappy
[19751] 01-07 05:08:08,779 INFO [RocksDB]       Options.compression[6]: Snappy
[19751] 01-07 05:08:08,779 INFO [RocksDB]                 Options.bottommost_compression: Disabled
[19751] 01-07 05:08:08,779 INFO [RocksDB]      Options.prefix_extractor: ardb.prefix_extractor
[19751] 01-07 05:08:08,779 INFO [RocksDB]  Options.memtable_insert_with_hint_prefix_extractor: nullptr
[19751] 01-07 05:08:08,779 INFO [RocksDB]            Options.num_levels: 7
[19751] 01-07 05:08:08,779 INFO [RocksDB]       Options.min_write_buffer_number_to_merge: 2
[19751] 01-07 05:08:08,779 INFO [RocksDB]    Options.max_write_buffer_number_to_maintain: 0
[19751] 01-07 05:08:08,779 INFO [RocksDB]           Options.compression_opts.window_bits: -14
[19751] 01-07 05:08:08,779 INFO [RocksDB]                 Options.compression_opts.level: -1
[19751] 01-07 05:08:08,779 INFO [RocksDB]              Options.compression_opts.strategy: 0
[19751] 01-07 05:08:08,779 INFO [RocksDB]        Options.compression_opts.max_dict_bytes: 0
[19751] 01-07 05:08:08,779 INFO [RocksDB]        Options.compression_opts.zstd_max_train_bytes: 0
[19751] 01-07 05:08:08,779 INFO [RocksDB]     Options.level0_file_num_compaction_trigger: 2
[19751] 01-07 05:08:08,779 INFO [RocksDB]         Options.level0_slowdown_writes_trigger: 20
[19751] 01-07 05:08:08,779 INFO [RocksDB]             Options.level0_stop_writes_trigger: 36
[19751] 01-07 05:08:08,779 INFO [RocksDB]                  Options.target_file_size_base: 67108864
[19751] 01-07 05:08:08,779 INFO [RocksDB]            Options.target_file_size_multiplier: 1
[19751] 01-07 05:08:08,779 INFO [RocksDB]               Options.max_bytes_for_level_base: 536870912
[19751] 01-07 05:08:08,779 INFO [RocksDB]Options.level_compaction_dynamic_level_bytes: 0
[19751] 01-07 05:08:08,779 INFO [RocksDB]         Options.max_bytes_for_level_multiplier: 10.000000
[19751] 01-07 05:08:08,779 INFO [RocksDB]Options.max_bytes_for_level_multiplier_addtl[0]: 1
[19751] 01-07 05:08:08,779 INFO [RocksDB]Options.max_bytes_for_level_multiplier_addtl[1]: 1
[19751] 01-07 05:08:08,779 INFO [RocksDB]Options.max_bytes_for_level_multiplier_addtl[2]: 1
[19751] 01-07 05:08:08,779 INFO [RocksDB]Options.max_bytes_for_level_multiplier_addtl[3]: 1
[19751] 01-07 05:08:08,779 INFO [RocksDB]Options.max_bytes_for_level_multiplier_addtl[4]: 1
[19751] 01-07 05:08:08,779 INFO [RocksDB]Options.max_bytes_for_level_multiplier_addtl[5]: 1
[19751] 01-07 05:08:08,779 INFO [RocksDB]Options.max_bytes_for_level_multiplier_addtl[6]: 1
[19751] 01-07 05:08:08,779 INFO [RocksDB]      Options.max_sequential_skip_in_iterations: 8
[19751] 01-07 05:08:08,779 INFO [RocksDB]                   Options.max_compaction_bytes: 1677721600
[19751] 01-07 05:08:08,779 INFO [RocksDB]                       Options.arena_block_size: 33554432
[19751] 01-07 05:08:08,779 INFO [RocksDB]  Options.soft_pending_compaction_bytes_limit: 68719476736
[19751] 01-07 05:08:08,779 INFO [RocksDB]  Options.hard_pending_compaction_bytes_limit: 274877906944
[19751] 01-07 05:08:08,779 INFO [RocksDB]      Options.rate_limit_delay_max_milliseconds: 100
[19751] 01-07 05:08:08,779 INFO [RocksDB]               Options.disable_auto_compactions: 0
[19751] 01-07 05:08:08,779 INFO [RocksDB]                       Options.compaction_style: kCompactionStyleLevel
[19751] 01-07 05:08:08,779 INFO [RocksDB]                         Options.compaction_pri: kByCompensatedSize
[19751] 01-07 05:08:08,779 INFO [RocksDB]Options.compaction_options_universal.size_ratio: 1
[19751] 01-07 05:08:08,779 INFO [RocksDB]Options.compaction_options_universal.min_merge_width: 2
[19751] 01-07 05:08:08,779 INFO [RocksDB]Options.compaction_options_universal.max_merge_width: 4294967295
[19751] 01-07 05:08:08,779 INFO [RocksDB]Options.compaction_options_universal.max_size_amplification_percent: 200
[19751] 01-07 05:08:08,779 INFO [RocksDB]Options.compaction_options_universal.compression_size_percent: -1
[19751] 01-07 05:08:08,779 INFO [RocksDB]Options.compaction_options_universal.stop_style: kCompactionStopStyleTotalSize
[19751] 01-07 05:08:08,779 INFO [RocksDB]Options.compaction_options_fifo.max_table_files_size: 1073741824
[19751] 01-07 05:08:08,779 INFO [RocksDB]Options.compaction_options_fifo.allow_compaction: 0
[19751] 01-07 05:08:08,779 INFO [RocksDB]Options.compaction_options_fifo.ttl: 0
[19751] 01-07 05:08:08,779 INFO [RocksDB]                  Options.table_properties_collectors: 
[19751] 01-07 05:08:08,779 INFO [RocksDB]                  Options.inplace_update_support: 0
[19751] 01-07 05:08:08,779 INFO [RocksDB]                Options.inplace_update_num_locks: 10000
[19751] 01-07 05:08:08,779 INFO [RocksDB]              Options.memtable_prefix_bloom_size_ratio: 0.000000
[19751] 01-07 05:08:08,779 INFO [RocksDB]  Options.memtable_huge_page_size: 0
[19751] 01-07 05:08:08,779 INFO [RocksDB]                          Options.bloom_locality: 0
[19751] 01-07 05:08:08,779 INFO [RocksDB]                   Options.max_successive_merges: 0
[19751] 01-07 05:08:08,779 INFO [RocksDB]               Options.optimize_filters_for_hits: 0
[19751] 01-07 05:08:08,779 INFO [RocksDB]               Options.paranoid_file_checks: 0
[19751] 01-07 05:08:08,779 INFO [RocksDB]               Options.force_consistency_checks: 0
[19751] 01-07 05:08:08,779 INFO [RocksDB]               Options.report_bg_io_stats: 0
[19751] 01-07 05:08:08,779 INFO [RocksDB]                              Options.ttl: 0
[19751] 01-07 05:08:08,779 INFO [RocksDB][db/db_impl.cc:1396] Created column family [0] (ID 1)
[19751] 01-07 05:08:08,782 INFO Create ColumnFamilyHandle with name:0 success.
[19751] 01-07 05:08:17,086 INFO [RocksDB][db/db_impl_write.cc:1373] [0] New memtable created with log file: #9. Immutable memtables: 0.

[19751] 01-07 05:08:26,155 INFO [RocksDB][db/db_impl_write.cc:1373] [0] New memtable created with log file: #10. Immutable memtables: 1.

[19751] 01-07 05:08:26,156 INFO [RocksDB][db/db_impl_compaction_flush.cc:80] [JOB 2] Syncing log #3
[19751] 01-07 05:08:26,733 INFO [RocksDB][db/db_impl_compaction_flush.cc:80] [JOB 2] Syncing log #9
[19751] 01-07 05:08:31,268 INFO [RocksDB](Original Log Time 2020/01/07-05:08:26.156011) [db/db_impl_compaction_flush.cc:1424] Calling FlushMemTableToOutputFile with column family [0], flush slots available 4, compaction slots available 1, flush slots scheduled 1, compaction slots scheduled 0
[19751] 01-07 05:08:31,268 INFO [RocksDB][db/flush_job.cc:301] [0] [JOB 2] Flushing memtable with next log file: 9

[19751] 01-07 05:08:31,268 INFO [RocksDB][db/flush_job.cc:301] [0] [JOB 2] Flushing memtable with next log file: 10

[19751] 01-07 05:08:31,268 INFO [RocksDB]EVENT_LOG_v1 {"time_micros": 1578373711268509, "job": 2, "event": "flush_started", "num_memtables": 2, "num_entries": 3561161, "num_deletes": 0, "memory_usage": 520100648, "flush_reason": "Write Buffer Full"}
[19751] 01-07 05:08:31,268 INFO [RocksDB][db/flush_job.cc:331] [0] [JOB 2] Level-0 flush table #11: started
[19751] 01-07 05:08:36,171 INFO [RocksDB][db/db_impl_write.cc:1373] [0] New memtable created with log file: #12. Immutable memtables: 2.

[19751] 01-07 05:08:38,205 INFO [RocksDB]EVENT_LOG_v1 {"time_micros": 1578373718205645, "cf_name": "0", "job": 2, "event": "table_file_creation", "file_number": 11, "file_size": 346264030, "table_properties": {"data_size": 336425851, "index_size": 4517195, "filter_size": 5319941, "raw_key_size": 140141533, "raw_average_key_size": 42, "raw_value_size": 269506015, "raw_average_value_size": 81, "num_data_blocks": 83824, "num_entries": 3306802, "filter_policy_name": "rocksdb.BuiltinBloomFilter", "kDeletedKeys": "0", "kMergeOperands": "0"}}
[19751] 01-07 05:08:38,205 INFO [RocksDB][db/flush_job.cc:371] [0] [JOB 2] Level-0 flush table #11: 346264030 bytes OK
[19751] 01-07 05:08:38,209 INFO [RocksDB](Original Log Time 2020/01/07-05:08:38.207034) [db/memtable_list.cc:377] [0] Level-0 commit table #11 started
[19751] 01-07 05:08:38,209 INFO [RocksDB](Original Log Time 2020/01/07-05:08:38.208947) [db/memtable_list.cc:409] [0] Level-0 commit table #11: memtable #1 done
[19751] 01-07 05:08:38,209 INFO [RocksDB](Original Log Time 2020/01/07-05:08:38.208959) [db/memtable_list.cc:409] [0] Level-0 commit table #11: memtable #2 done
[19751] 01-07 05:08:38,209 INFO [RocksDB](Original Log Time 2020/01/07-05:08:38.208973) EVENT_LOG_v1 {"time_micros": 1578373718208967, "job": 2, "event": "flush_finished", "output_compression": "NoCompression", "lsm_state": [1, 0, 0, 0, 0, 0, 0], "immutable_memtables": 1}
[19751] 01-07 05:08:38,209 INFO [RocksDB](Original Log Time 2020/01/07-05:08:38.209000) [db/db_impl_compaction_flush.cc:177] [0] Level summary: base level 1 max bytes base 536870912 files[1 0 0 0 0 0 0] max score 0.64

[19751] 01-07 05:08:38,209 INFO [RocksDB][db/db_impl_files.cc:342] [JOB 2] Try to delete WAL files size 420507163, prev total WAL file size 672920343, number of live WAL files 4.

[19751] 01-07 05:08:45,989 INFO [RocksDB][db/db_impl_write.cc:1373] [0] New memtable created with log file: #13. Immutable memtables: 1.

[19751] 01-07 05:08:45,989 INFO [RocksDB][db/db_impl_compaction_flush.cc:80] [JOB 3] Syncing log #10
[19751] 01-07 05:08:46,579 INFO [RocksDB][db/db_impl_compaction_flush.cc:80] [JOB 3] Syncing log #12
[19751] 01-07 05:08:48,166 INFO [RocksDB](Original Log Time 2020/01/07-05:08:45.989630) [db/db_impl_compaction_flush.cc:1424] Calling FlushMemTableToOutputFile with column family [0], flush slots available 4, compaction slots available 1, flush slots scheduled 1, compaction slots scheduled 0
[19751] 01-07 05:08:48,166 INFO [RocksDB][db/flush_job.cc:301] [0] [JOB 3] Flushing memtable with next log file: 12

[19751] 01-07 05:08:48,166 INFO [RocksDB][db/flush_job.cc:301] [0] [JOB 3] Flushing memtable with next log file: 13

[19751] 01-07 05:08:48,166 INFO [RocksDB]EVENT_LOG_v1 {"time_micros": 1578373728166530, "job": 3, "event": "flush_started", "num_memtables": 2, "num_entries": 3575592, "num_deletes": 0, "memory_usage": 520098448, "flush_reason": "Write Buffer Full"}
[19751] 01-07 05:08:48,166 INFO [RocksDB][db/flush_job.cc:331] [0] [JOB 3] Level-0 flush table #14: started
[19751] 01-07 05:08:55,134 INFO [RocksDB]EVENT_LOG_v1 {"time_micros": 1578373735134134, "cf_name": "0", "job": 3, "event": "table_file_creation", "file_number": 14, "file_size": 347566708, "table_properties": {"data_size": 337688375, "index_size": 4536187, "filter_size": 5341103, "raw_key_size": 140707689, "raw_average_key_size": 42, "raw_value_size": 270595294, "raw_average_value_size": 81, "num_data_blocks": 84140, "num_entries": 3320192, "filter_policy_name": "rocksdb.BuiltinBloomFilter", "kDeletedKeys": "0", "kMergeOperands": "0"}}
[19751] 01-07 05:08:55,134 INFO [RocksDB][db/flush_job.cc:371] [0] [JOB 3] Level-0 flush table #14: 347566708 bytes OK
[19751] 01-07 05:08:55,137 INFO [RocksDB](Original Log Time 2020/01/07-05:08:55.135404) [db/memtable_list.cc:377] [0] Level-0 commit table #14 started
[19751] 01-07 05:08:55,137 INFO [RocksDB](Original Log Time 2020/01/07-05:08:55.137107) [db/memtable_list.cc:409] [0] Level-0 commit table #14: memtable #1 done
[19751] 01-07 05:08:55,137 INFO [RocksDB](Original Log Time 2020/01/07-05:08:55.137109) [db/memtable_list.cc:409] [0] Level-0 commit table #14: memtable #2 done
[19751] 01-07 05:08:55,137 INFO [RocksDB](Original Log Time 2020/01/07-05:08:55.137122) EVENT_LOG_v1 {"time_micros": 1578373735137117, "job": 3, "event": "flush_finished", "output_compression": "NoCompression", "lsm_state": [2, 0, 0, 0, 0, 0, 0], "immutable_memtables": 0}
[19751] 01-07 05:08:55,137 INFO [RocksDB](Original Log Time 2020/01/07-05:08:55.137147) [db/db_impl_compaction_flush.cc:177] [0] Level summary: base level 1 max bytes base 536870912 files[2 0 0 0 0 0 0] max score 1.29

[19751] 01-07 05:08:55,137 INFO [RocksDB][db/db_impl_files.cc:342] [JOB 3] Try to delete WAL files size 422283703, prev total WAL file size 604667090, number of live WAL files 3.

[19751] 01-07 05:08:55,137 WARN [RocksDB][db/db_impl.cc:491] ------- DUMPING STATS -------
[19751] 01-07 05:08:55,137 WARN [RocksDB][db/db_impl.cc:492] 
** DB Stats **
Uptime(secs): 58.9 total, 58.9 interval
Cumulative writes: 1240K writes, 8681K keys, 1239K commit groups, 1.0 writes per commit group, ingest: 0.95 GB, 16.61 MB/s
Cumulative WAL: 1240K writes, 0 syncs, 1240143.00 writes per sync, written: 0.95 GB, 16.61 MB/s
Cumulative stall: 00:00:0.000 H:M:S, 0.0 percent
Interval writes: 1240K writes, 8681K keys, 1239K commit groups, 1.0 writes per commit group, ingest: 977.68 MB, 16.61 MB/s
Interval WAL: 1240K writes, 0 syncs, 1240143.00 writes per sync, written: 0.95 MB, 16.61 MB/s
Interval stall: 00:00:0.000 H:M:S, 0.0 percent

** Compaction Stats [default] **
Level    Files   Size     Score Read(GB)  Rn(GB) Rnp1(GB) Write(GB) Wnew(GB) Moved(GB) W-Amp Rd(MB/s) Wr(MB/s) Comp(sec) Comp(cnt) Avg(sec) KeyIn KeyDrop
----------------------------------------------------------------------------------------------------------------------------------------------------------
 Sum      0/0    0.00 KB   0.0      0.0     0.0      0.0       0.0     
[19751] 01-07 05:08:55,137 INFO [RocksDB][db/compaction_job.cc:1531] [0] [JOB 4] Compacting 2@0 files to L1, score 1.29
[19751] 01-07 05:08:55,137 INFO [RocksDB][db/compaction_job.cc:1535] [0] Compaction start summary: Base version 4 Base level 0, inputs: [14(331MB) 11(330MB)]

[19751] 01-07 05:08:55,137 INFO [RocksDB]EVENT_LOG_v1 {"time_micros": 1578373735137568, "job": 4, "event": "compaction_started", "compaction_reason": "LevelL0FilesNum", "files_L0": [14, 11], "score": 1.29236, "input_data_size": 693830738}
[19751] 01-07 05:08:56,528 INFO [RocksDB][db/db_impl_write.cc:1373] [0] New memtable created with log file: #16. Immutable memtables: 0.

[19751] 01-07 05:08:56,628 INFO [RocksDB][db/compaction_job.cc:1211] [0] [JOB 4] Generated table #15: 1224000 keys, 69821015 bytes
[19751] 01-07 05:08:56,628 INFO [RocksDB]EVENT_LOG_v1 {"time_micros": 1578373736628111, "cf_name": "0", "job": 4, "event": "table_file_creation", "file_number": 15, "file_size": 69821015, "table_properties": {"data_size": 67110242, "index_size": 981767, "filter_size": 1727975, "raw_key_size": 58504739, "raw_average_key_size": 47, "raw_value_size": 26816900, "raw_average_value_size": 21, "num_data_blocks": 16593, "num_entries": 1224000, "filter_policy_name": "rocksdb.BuiltinBloomFilter", "kDeletedKeys": "0", "kMergeOperands": "0"}}
[19751] 01-07 05:08:57,953 INFO [RocksDB][db/compaction_job.cc:1211] [0] [JOB 4] Generated table #17: 597538 keys, 68988608 bytes
[19751] 01-07 05:08:57,953 INFO [RocksDB]EVENT_LOG_v1 {"time_micros": 1578373737953893, "cf_name": "0", "job": 4, "event": "table_file_creation", "file_number": 17, "file_size": 68988608, "table_properties": {"data_size": 67111104, "index_size": 888547, "filter_size": 987926, "raw_key_size": 24596031, "raw_average_key_size": 41, "raw_value_size": 56766074, "raw_average_value_size": 94, "num_data_blocks": 16740, "num_entries": 597538, "filter_policy_name": "rocksdb.BuiltinBloomFilter", "kDeletedKeys": "0", "kMergeOperands": "0"}}
[19751] 01-07 05:08:59,240 INFO [RocksDB][db/compaction_job.cc:1211] [0] [JOB 4] Generated table #18: 597533 keys, 68989557 bytes
[19751] 01-07 05:08:59,240 INFO [RocksDB]EVENT_LOG_v1 {"time_micros": 1578373739240900, "cf_name": "0", "job": 4, "event": "table_file_creation", "file_number": 18, "file_size": 68989557, "table_properties": {"data_size": 67111810, "index_size": 888788, "filter_size": 987928, "raw_key_size": 24595697, "raw_average_key_size": 41, "raw_value_size": 56765653, "raw_average_value_size": 95, "num_data_blocks": 16741, "num_entries": 597533, "filter_policy_name": "rocksdb.BuiltinBloomFilter", "kDeletedKeys": "0", "kMergeOperands": "0"}}
[19751] 01-07 05:09:00,621 INFO [RocksDB][db/compaction_job.cc:1211] [0] [JOB 4] Generated table #19: 597515 keys, 68987310 bytes
[19751] 01-07 05:09:00,621 INFO [RocksDB]EVENT_LOG_v1 {"time_micros": 1578373740621917, "cf_name": "0", "job": 4, "event": "table_file_creation", "file_number": 19, "file_size": 68987310, "table_properties": {"data_size": 67109734, "index_size": 888650, "filter_size": 987895, "raw_key_size": 24594080, "raw_average_key_size": 41, "raw_value_size": 56763880, "raw_average_value_size": 94, "num_data_blocks": 16740, "num_entries": 597515, "filter_policy_name": "rocksdb.BuiltinBloomFilter", "kDeletedKeys": "0", "kMergeOperands": "0"}}
[19751] 01-07 05:09:01,925 INFO [RocksDB][db/compaction_job.cc:1211] [0] [JOB 4] Generated table #20: 597536 keys, 68988881 bytes
[19751] 01-07 05:09:01,925 INFO [RocksDB]EVENT_LOG_v1 {"time_micros": 1578373741925490, "cf_name": "0", "job": 4, "event": "table_file_creation", "file_number": 20, "file_size": 68988881, "table_properties": {"data_size": 67111355, "index_size": 888573, "filter_size": 987922, "raw_key_size": 24595108, "raw_average_key_size": 41, "raw_value_size": 56765965, "raw_average_value_size": 95, "num_data_blocks": 16740, "num_entries": 597536, "filter_policy_name": "rocksdb.BuiltinBloomFilter", "kDeletedKeys": "0", "kMergeOperands": "0"}}
[19751] 01-07 05:09:03,273 INFO [RocksDB][db/compaction_job.cc:1211] [0] [JOB 4] Generated table #21: 597540 keys, 68987558 bytes
[19751] 01-07 05:09:03,273 INFO [RocksDB]EVENT_LOG_v1 {"time_micros": 1578373743273826, "cf_name": "0", "job": 4, "event": "table_file_creation", "file_number": 21, "file_size": 68987558, "table_properties": {"data_size": 67110319, "index_size": 888302, "filter_size": 987906, "raw_key_size": 24595026, "raw_average_key_size": 41, "raw_value_size": 56766282, "raw_average_value_size": 94, "num_data_blocks": 16738, "num_entries": 597540, "filter_policy_name": "rocksdb.BuiltinBloomFilter", "kDeletedKeys": "0", "kMergeOperands": "0"}}
[19751] 01-07 05:09:04,537 INFO [RocksDB][db/compaction_job.cc:1211] [0] [JOB 4] Generated table #22: 597544 keys, 68990429 bytes
[19751] 01-07 05:09:04,537 INFO [RocksDB]EVENT_LOG_v1 {"time_micros": 1578373744537323, "cf_name": "0", "job": 4, "event": "table_file_creation", "file_number": 22, "file_size": 68990429, "table_properties": {"data_size": 67112895, "index_size": 888562, "filter_size": 987941, "raw_key_size": 24596217, "raw_average_key_size": 41, "raw_value_size": 56766698, "raw_average_value_size": 95, "num_data_blocks": 16741, "num_entries": 597544, "filter_policy_name": "rocksdb.BuiltinBloomFilter", "kDeletedKeys": "0", "kMergeOperands": "0"}}
[19751] 01-07 05:09:05,838 INFO [RocksDB][db/compaction_job.cc:1211] [0] [JOB 4] Generated table #23: 597562 keys, 68989127 bytes
[19751] 01-07 05:09:05,838 INFO [RocksDB]EVENT_LOG_v1 {"time_micros": 1578373745838377, "cf_name": "0", "job": 4, "event": "table_file_creation", "file_number": 23, "file_size": 68989127, "table_properties": {"data_size": 67111827, "index_size": 888324, "filter_size": 987945, "raw_key_size": 24598101, "raw_average_key_size": 41, "raw_value_size": 56768372, "raw_average_value_size": 94, "num_data_blocks": 16739, "num_entries": 597562, "filter_policy_name": "rocksdb.BuiltinBloomFilter", "kDeletedKeys": "0", "kMergeOperands": "0"}}
[19751] 01-07 05:09:07,146 INFO [RocksDB][db/compaction_job.cc:1211] [0] [JOB 4] Generated table #24: 597561 keys, 68989921 bytes
[19751] 01-07 05:09:07,146 INFO [RocksDB]EVENT_LOG_v1 {"time_micros": 1578373747146485, "cf_name": "0", "job": 4, "event": "table_file_creation", "file_number": 24, "file_size": 68989921, "table_properties": {"data_size": 67112616, "index_size": 888321, "filter_size": 987953, "raw_key_size": 24596805, "raw_average_key_size": 41, "raw_value_size": 56768268, "raw_average_value_size": 94, "num_data_blocks": 16740, "num_entries": 597561, "filter_policy_name": "rocksdb.BuiltinBloomFilter", "kDeletedKeys": "0", "kMergeOperands": "0"}}
[19751] 01-07 05:09:08,310 INFO [RocksDB][db/db_impl_write.cc:1373] [0] New memtable created with log file: #26. Immutable memtables: 1.

[19751] 01-07 05:09:08,310 INFO [RocksDB][db/db_impl_compaction_flush.cc:80] [JOB 5] Syncing log #13
[19751] 01-07 05:09:09,450 INFO [RocksDB][db/db_impl_compaction_flush.cc:80] [JOB 5] Syncing log #16
[19751] 01-07 05:09:09,450 INFO [RocksDB][db/compaction_job.cc:1211] [0] [JOB 4] Generated table #25: 597551 keys, 68986676 bytes
[19751] 01-07 05:09:09,450 INFO [RocksDB]EVENT_LOG_v1 {"time_micros": 1578373749450987, "cf_name": "0", "job": 4, "event": "table_file_creation", "file_number": 25, "file_size": 68986676, "table_properties": {"data_size": 67109942, "index_size": 887795, "filter_size": 987908, "raw_key_size": 24568725, "raw_average_key_size": 41, "raw_value_size": 56767426, "raw_average_value_size": 95, "num_data_blocks": 16737, "num_entries": 597551, "filter_policy_name": "rocksdb.BuiltinBloomFilter", "kDeletedKeys": "0", "kMergeOperands": "0"}}
[19751] 01-07 05:09:11,056 INFO [RocksDB][db/compaction_job.cc:1211] [0] [JOB 4] Generated table #28: 25113 keys, 2897090 bytes
[19751] 01-07 05:09:11,056 INFO [RocksDB]EVENT_LOG_v1 {"time_micros": 1578373751056959, "cf_name": "0", "job": 4, "event": "table_file_creation", "file_number": 28, "file_size": 2897090, "table_properties": {"data_size": 2818339, "index_size": 36212, "filter_size": 41510, "raw_key_size": 1008674, "raw_average_key_size": 40, "raw_value_size": 2385735, "raw_average_value_size": 95, "num_data_blocks": 703, "num_entries": 25113, "filter_policy_name": "rocksdb.BuiltinBloomFilter", "kDeletedKeys": "0", "kMergeOperands": "0"}}
[19751] 01-07 05:09:11,058 INFO [RocksDB][db/compaction_job.cc:1287] [0] [JOB 4] Compacted 2@0 files to L1 => 693616172 bytes
[19751] 01-07 05:09:11,059 INFO [RocksDB](Original Log Time 2020/01/07-05:09:08.310700) [db/db_impl_compaction_flush.cc:1424] Calling FlushMemTableToOutputFile with column family [0], flush slots available 4, compaction slots available 1, flush slots scheduled 1, compaction slots scheduled 1
[19751] 01-07 05:09:11,060 INFO [RocksDB][db/flush_job.cc:301] [0] [JOB 5] Flushing memtable with next log file: 16

[19751] 01-07 05:09:11,060 INFO [RocksDB][db/flush_job.cc:301] [0] [JOB 5] Flushing memtable with next log file: 26

[19751] 01-07 05:09:11,060 INFO [RocksDB]EVENT_LOG_v1 {"time_micros": 1578373751060628, "job": 5, "event": "flush_started", "num_memtables": 2, "num_entries": 3575430, "num_deletes": 0, "memory_usage": 520098896, "flush_reason": "Write Buffer Full"}
[19751] 01-07 05:09:11,060 INFO [RocksDB][db/flush_job.cc:331] [0] [JOB 5] Level-0 flush table #27: started
[19751] 01-07 05:09:11,061 INFO [RocksDB](Original Log Time 2020/01/07-05:09:11.061187) [db/compaction_job.cc:685] [0] compacted to: base level 1 max bytes base 536870912 files[0 11 0 0 0 0 0] max score 1.29, MB/sec: 43.6 rd, 43.6 wr, level 1, files in(2, 0) out(11) MB in(661.7, 0.0) out(661.5), read-write-amplify(2.0) write-amplify(1.0) OK, records in: 6626994, records dropped: 1 output_compression: NoCompression

[19751] 01-07 05:09:11,061 INFO [RocksDB](Original Log Time 2020/01/07-05:09:11.061216) EVENT_LOG_v1 {"time_micros": 1578373751061197, "job": 4, "event": "compaction_finished", "compaction_time_micros": 15921192, "output_level": 1, "num_output_files": 11, "total_output_size": 693616172, "num_input_records": 6626994, "num_output_records": 6626993, "num_subcompactions": 1, "output_compression": "NoCompression", "num_single_delete_mismatches": 0, "num_single_delete_fallthrough": 0, "lsm_state": [0, 11, 0, 0, 0, 0, 0]}
[19751] 01-07 05:09:11,061 INFO [RocksDB][db/compaction_job.cc:1531] [0] [JOB 6] Compacting 1@1 files to L2, score 1.29
[19751] 01-07 05:09:11,061 INFO [RocksDB][db/compaction_job.cc:1535] [0] Compaction start summary: Base version 5 Base level 1, inputs: [15(66MB)]

[19751] 01-07 05:09:11,061 INFO [RocksDB]EVENT_LOG_v1 {"time_micros": 1578373751061919, "job": 6, "event": "compaction_started", "compaction_reason": "LevelMaxLevelSize", "files_L1": [15], "score": 1.29196, "input_data_size": 69821015}
[19751] 01-07 05:09:14,180 INFO [RocksDB][db/compaction_job.cc:1211] [0] [JOB 6] Generated table #29: 1224000 keys, 53660270 bytes
[19751] 01-07 05:09:14,180 INFO [RocksDB]EVENT_LOG_v1 {"time_micros": 1578373754180580, "cf_name": "0", "job": 6, "event": "table_file_creation", "file_number": 29, "file_size": 53660270, "table_properties": {"data_size": 51428419, "index_size": 981462, "filter_size": 1697347, "raw_key_size": 58504739, "raw_average_key_size": 47, "raw_value_size": 26816900, "raw_average_value_size": 21, "num_data_blocks": 16593, "num_entries": 1224000, "filter_policy_name": "rocksdb.BuiltinBloomFilter", "kDeletedKeys": "0", "kMergeOperands": "0"}}
[19751] 01-07 05:09:14,181 INFO [RocksDB][db/compaction_job.cc:1287] [0] [JOB 6] Compacted 1@1 files to L2 => 53660270 bytes
[19751] 01-07 05:09:14,183 INFO [RocksDB](Original Log Time 2020/01/07-05:09:14.183701) [db/compaction_job.cc:685] [0] compacted to: base level 1 max bytes base 536870912 files[0 10 1 0 0 0 0] max score 1.16, MB/sec: 22.4 rd, 17.2 wr, level 2, files in(1, 0) out(1) MB in(66.6, 0.0) out(51.2), read-write-amplify(1.8) write-amplify(0.8) OK, records in: 1224000, records dropped: 0 output_compression: Snappy

[19751] 01-07 05:09:14,183 INFO [RocksDB](Original Log Time 2020/01/07-05:09:14.183728) EVENT_LOG_v1 {"time_micros": 1578373754183710, "job": 6, "event": "compaction_finished", "compaction_time_micros": 3119947, "output_level": 2, "num_output_files": 1, "total_output_size": 53660270, "num_input_records": 1224000, "num_output_records": 1224000, "num_subcompactions": 1, "output_compression": "Snappy", "num_single_delete_mismatches": 0, "num_single_delete_fallthrough": 0, "lsm_state": [0, 10, 1, 0, 0, 0, 0]}
[19751] 01-07 05:09:14,191 INFO [RocksDB]EVENT_LOG_v1 {"time_micros": 1578373754191098, "job": 6, "event": "table_file_deletion", "file_number": 15}
[19751] 01-07 05:09:14,191 INFO [RocksDB][db/compaction_job.cc:1531] [0] [JOB 7] Compacting 1@1 files to L2, score 1.16
[19751] 01-07 05:09:14,191 INFO [RocksDB][db/compaction_job.cc:1535] [0] Compaction start summary: Base version 6 Base level 1, inputs: [22(65MB)]

[19751] 01-07 05:09:14,191 INFO [RocksDB]EVENT_LOG_v1 {"time_micros": 1578373754191146, "job": 7, "event": "compaction_started", "compaction_reason": "LevelMaxLevelSize", "files_L1": [22], "score": 1.16191, "input_data_size": 68990429}
[19751] 01-07 05:09:17,472 INFO [RocksDB][db/compaction_job.cc:1211] [0] [JOB 7] Generated table #30: 597544 keys, 68588516 bytes
[19751] 01-07 05:09:17,472 INFO [RocksDB]EVENT_LOG_v1 {"time_micros": 1578373757472078, "cf_name": "0", "job": 7, "event": "table_file_creation", "file_number": 30, "file_size": 68588516, "table_properties": {"data_size": 67112895, "index_size": 888562, "filter_size": 987941, "raw_key_size": 24596217, "raw_average_key_size": 41, "raw_value_size": 56766698, "raw_average_value_size": 95, "num_data_blocks": 16741, "num_entries": 597544, "filter_policy_name": "rocksdb.BuiltinBloomFilter", "kDeletedKeys": "0", "kMergeOperands": "0"}}
[19751] 01-07 05:09:17,501 INFO [RocksDB][db/compaction_job.cc:1287] [0] [JOB 7] Compacted 1@1 files to L2 => 68588516 bytes
[19751] 01-07 05:09:17,503 INFO [RocksDB](Original Log Time 2020/01/07-05:09:17.503209) [db/compaction_job.cc:685] [0] compacted to: base level 1 max bytes base 536870912 files[0 9 2 0 0 0 0] max score 1.03, MB/sec: 20.8 rd, 20.7 wr, level 2, files in(1, 0) out(1) MB in(65.8, 0.0) out(65.4), read-write-amplify(2.0) write-amplify(1.0) OK, records in: 597544, records dropped: 0 output_compression: Snappy

[19751] 01-07 05:09:17,503 INFO [RocksDB](Original Log Time 2020/01/07-05:09:17.503236) EVENT_LOG_v1 {"time_micros": 1578373757503218, "job": 7, "event": "compaction_finished", "compaction_time_micros": 3310355, "output_level": 2, "num_output_files": 1, "total_output_size": 68588516, "num_input_records": 597544, "num_output_records": 597544, "num_subcompactions": 1, "output_compression": "Snappy", "num_single_delete_mismatches": 0, "num_single_delete_fallthrough": 0, "lsm_state": [0, 9, 2, 0, 0, 0, 0]}
[19751] 01-07 05:09:17,503 INFO [RocksDB][db/compaction_job.cc:1531] [0] [JOB 8] Compacting 1@1 files to L2, score 1.03
[19751] 01-07 05:09:17,503 INFO [RocksDB][db/compaction_job.cc:1535] [0] Compaction start summary: Base version 7 Base level 1, inputs: [24(65MB)]

[19751] 01-07 05:09:17,503 INFO [RocksDB]EVENT_LOG_v1 {"time_micros": 1578373757503297, "job": 8, "event": "compaction_started", "compaction_reason": "LevelMaxLevelSize", "files_L1": [24], "score": 1.0334, "input_data_size": 68989921}
[19751] 01-07 05:09:20,773 INFO [RocksDB][db/compaction_job.cc:1211] [0] [JOB 8] Generated table #31: 597561 keys, 68588460 bytes
[19751] 01-07 05:09:20,773 INFO [RocksDB]EVENT_LOG_v1 {"time_micros": 1578373760773068, "cf_name": "0", "job": 8, "event": "table_file_creation", "file_number": 31, "file_size": 68588460, "table_properties": {"data_size": 67112616, "index_size": 888321, "filter_size": 987953, "raw_key_size": 24596805, "raw_average_key_size": 41, "raw_value_size": 56768268, "raw_average_value_size": 94, "num_data_blocks": 16740, "num_entries": 597561, "filter_policy_name": "rocksdb.BuiltinBloomFilter", "kDeletedKeys": "0", "kMergeOperands": "0"}}
[19751] 01-07 05:09:20,774 INFO [RocksDB][db/compaction_job.cc:1287] [0] [JOB 8] Compacted 1@1 files to L2 => 68588460 bytes
[19751] 01-07 05:09:20,776 INFO [RocksDB](Original Log Time 2020/01/07-05:09:20.776390) [db/compaction_job.cc:685] [0] compacted to: base level 1 max bytes base 536870912 files[0 8 3 0 0 0 0] max score 0.90, MB/sec: 21.1 rd, 21.0 wr, level 2, files in(1, 0) out(1) MB in(65.8, 0.0) out(65.4), read-write-amplify(2.0) write-amplify(1.0) OK, records in: 597561, records dropped: 0 output_compression: Snappy

[19751] 01-07 05:09:20,776 INFO [RocksDB](Original Log Time 2020/01/07-05:09:20.776417) EVENT_LOG_v1 {"time_micros": 1578373760776400, "job": 8, "event": "compaction_finished", "compaction_time_micros": 3271087, "output_level": 2, "num_output_files": 1, "total_output_size": 68588460, "num_input_records": 597561, "num_output_records": 597561, "num_subcompactions": 1, "output_compression": "Snappy", "num_single_delete_mismatches": 0, "num_single_delete_fallthrough": 0, "lsm_state": [0, 8, 3, 0, 0, 0, 0]}
[19751] 01-07 05:09:20,782 INFO [RocksDB]EVENT_LOG_v1 {"time_micros": 1578373760782524, "job": 8, "event": "table_file_deletion", "file_number": 24}
[19751] 01-07 05:09:20,788 INFO [RocksDB]EVENT_LOG_v1 {"time_micros": 1578373760788595, "job": 8, "event": "table_file_deletion", "file_number": 22}
[19751] 01-07 05:09:21,397 INFO [RocksDB]EVENT_LOG_v1 {"time_micros": 1578373761397372, "cf_name": "0", "job": 5, "event": "table_file_creation", "file_number": 27, "file_size": 347673424, "table_properties": {"data_size": 337795616, "index_size": 4535563, "filter_size": 5341202, "raw_key_size": 140705826, "raw_average_key_size": 42, "raw_value_size": 270582802, "raw_average_value_size": 81, "num_data_blocks": 84166, "num_entries": 3320040, "filter_policy_name": "rocksdb.BuiltinBloomFilter", "kDeletedKeys": "0", "kMergeOperands": "0"}}
[19751] 01-07 05:09:21,397 INFO [RocksDB][db/flush_job.cc:371] [0] [JOB 5] Level-0 flush table #27: 347673424 bytes OK
[19751] 01-07 05:09:21,400 INFO [RocksDB](Original Log Time 2020/01/07-05:09:21.398614) [db/memtable_list.cc:377] [0] Level-0 commit table #27 started
[19751] 01-07 05:09:21,400 INFO [RocksDB](Original Log Time 2020/01/07-05:09:21.400258) [db/memtable_list.cc:409] [0] Level-0 commit table #27: memtable #1 done
[19751] 01-07 05:09:21,400 INFO [RocksDB](Original Log Time 2020/01/07-05:09:21.400259) [db/memtable_list.cc:409] [0] Level-0 commit table #27: memtable #2 done
[19751] 01-07 05:09:21,400 INFO [RocksDB](Original Log Time 2020/01/07-05:09:21.400268) EVENT_LOG_v1 {"time_micros": 1578373761400263, "job": 5, "event": "flush_finished", "output_compression": "NoCompression", "lsm_state": [1, 8, 3, 0, 0, 0, 0], "immutable_memtables": 0}
[19751] 01-07 05:09:21,400 INFO [RocksDB](Original Log Time 2020/01/07-05:09:21.400292) [db/db_impl_compaction_flush.cc:177] [0] Level summary: base level 1 max bytes base 536870912 files[1 8 3 0 0 0 0] max score 0.90

[19751] 01-07 05:09:21,400 INFO [RocksDB][db/db_impl_files.cc:342] [JOB 5] Try to delete WAL files size 422268598, prev total WAL file size 587377519, number of live WAL files 3.

[19751] 01-07 05:09:21,453 INFO [RocksDB]EVENT_LOG_v1 {"time_micros": 1578373761453076, "job": 5, "event": "table_file_deletion", "file_number": 14}
[19751] 01-07 05:09:21,505 INFO [RocksDB]EVENT_LOG_v1 {"time_micros": 1578373761505158, "job": 5, "event": "table_file_deletion", "file_number": 11}
[19751] 01-07 05:09:24,653 INFO [RocksDB][db/db_impl_write.cc:1373] [0] New memtable created with log file: #32. Immutable memtables: 0.

