[20985] 01-07 05:13:26,394 INFO [RocksDB]RocksDB version: 5.14.2

[20985] 01-07 05:13:26,400 INFO [RocksDB]Git sha rocksdb_build_git_sha:9f703a6b9c3430e30aba2286240e44570994efe6
[20985] 01-07 05:13:26,400 INFO [RocksDB]Compile date Jan  7 2020
[20985] 01-07 05:13:26,400 INFO [RocksDB]DB SUMMARY

[20985] 01-07 05:13:26,400 INFO [RocksDB]SST files in /home/ubuntu/ardb/data/rocksdb dir, Total Num: 0, files: 

[20985] 01-07 05:13:26,400 INFO [RocksDB]Write Ahead Log file in /home/ubuntu/ardb/data/rocksdb: 

[20985] 01-07 05:13:26,400 INFO [RocksDB]                        Options.error_if_exists: 0
[20985] 01-07 05:13:26,400 INFO [RocksDB]                      Options.create_if_missing: 1
[20985] 01-07 05:13:26,400 INFO [RocksDB]                        Options.paranoid_checks: 1
[20985] 01-07 05:13:26,400 INFO [RocksDB]                                    Options.env: 0xbfa6c0
[20985] 01-07 05:13:26,400 INFO [RocksDB]                               Options.info_log: 0x7f6c0b23f8a0
[20985] 01-07 05:13:26,400 INFO [RocksDB]               Options.max_file_opening_threads: 16
[20985] 01-07 05:13:26,400 INFO [RocksDB]                             Options.statistics: (nil)
[20985] 01-07 05:13:26,400 INFO [RocksDB]                              Options.use_fsync: 0
[20985] 01-07 05:13:26,400 INFO [RocksDB]                      Options.max_log_file_size: 0
[20985] 01-07 05:13:26,400 INFO [RocksDB]                 Options.max_manifest_file_size: 18446744073709551615
[20985] 01-07 05:13:26,400 INFO [RocksDB]                  Options.log_file_time_to_roll: 0
[20985] 01-07 05:13:26,400 INFO [RocksDB]                      Options.keep_log_file_num: 1000
[20985] 01-07 05:13:26,400 INFO [RocksDB]                   Options.recycle_log_file_num: 0
[20985] 01-07 05:13:26,400 INFO [RocksDB]                        Options.allow_fallocate: 1
[20985] 01-07 05:13:26,400 INFO [RocksDB]                       Options.allow_mmap_reads: 0
[20985] 01-07 05:13:26,400 INFO [RocksDB]                      Options.allow_mmap_writes: 0
[20985] 01-07 05:13:26,400 INFO [RocksDB]                       Options.use_direct_reads: 0
[20985] 01-07 05:13:26,400 INFO [RocksDB]                       Options.use_direct_io_for_flush_and_compaction: 0
[20985] 01-07 05:13:26,400 INFO [RocksDB]         Options.create_missing_column_families: 0
[20985] 01-07 05:13:26,400 INFO [RocksDB]                             Options.db_log_dir: 
[20985] 01-07 05:13:26,400 INFO [RocksDB]                                Options.wal_dir: /home/ubuntu/ardb/data/rocksdb
[20985] 01-07 05:13:26,400 INFO [RocksDB]               Options.table_cache_numshardbits: 6
[20985] 01-07 05:13:26,400 INFO [RocksDB]                     Options.max_subcompactions: 1
[20985] 01-07 05:13:26,400 INFO [RocksDB]                 Options.max_background_flushes: -1
[20985] 01-07 05:13:26,400 INFO [RocksDB]                        Options.WAL_ttl_seconds: 0
[20985] 01-07 05:13:26,400 INFO [RocksDB]                      Options.WAL_size_limit_MB: 0
[20985] 01-07 05:13:26,400 INFO [RocksDB]            Options.manifest_preallocation_size: 4194304
[20985] 01-07 05:13:26,400 INFO [RocksDB]                    Options.is_fd_close_on_exec: 1
[20985] 01-07 05:13:26,400 INFO [RocksDB]                  Options.advise_random_on_open: 1
[20985] 01-07 05:13:26,400 INFO [RocksDB]                   Options.db_write_buffer_size: 0
[20985] 01-07 05:13:26,400 INFO [RocksDB]                   Options.write_buffer_manager: 0x7f6c0b9fa7d0
[20985] 01-07 05:13:26,400 INFO [RocksDB]        Options.access_hint_on_compaction_start: 1
[20985] 01-07 05:13:26,400 INFO [RocksDB] Options.new_table_reader_for_compaction_inputs: 0
[20985] 01-07 05:13:26,400 INFO [RocksDB]          Options.random_access_max_buffer_size: 1048576
[20985] 01-07 05:13:26,400 INFO [RocksDB]                     Options.use_adaptive_mutex: 1
[20985] 01-07 05:13:26,400 INFO [RocksDB]                           Options.rate_limiter: 0x7f6c0b238540
[20985] 01-07 05:13:26,400 INFO [RocksDB]    Options.sst_file_manager.rate_bytes_per_sec: 0
[20985] 01-07 05:13:26,400 INFO [RocksDB]                      Options.wal_recovery_mode: 2
[20985] 01-07 05:13:26,400 INFO [RocksDB]                 Options.enable_thread_tracking: 0
[20985] 01-07 05:13:26,400 INFO [RocksDB]                 Options.enable_pipelined_write: 1
[20985] 01-07 05:13:26,400 INFO [RocksDB]        Options.allow_concurrent_memtable_write: 1
[20985] 01-07 05:13:26,400 INFO [RocksDB]     Options.enable_write_thread_adaptive_yield: 1
[20985] 01-07 05:13:26,400 INFO [RocksDB]            Options.write_thread_max_yield_usec: 100
[20985] 01-07 05:13:26,400 INFO [RocksDB]           Options.write_thread_slow_yield_usec: 3
[20985] 01-07 05:13:26,400 INFO [RocksDB]                              Options.row_cache: None
[20985] 01-07 05:13:26,400 INFO [RocksDB]                             Options.wal_filter: None
[20985] 01-07 05:13:26,400 INFO [RocksDB]            Options.avoid_flush_during_recovery: 0
[20985] 01-07 05:13:26,400 INFO [RocksDB]            Options.allow_ingest_behind: 0
[20985] 01-07 05:13:26,400 INFO [RocksDB]            Options.preserve_deletes: 0
[20985] 01-07 05:13:26,400 INFO [RocksDB]            Options.two_write_queues: 0
[20985] 01-07 05:13:26,400 INFO [RocksDB]            Options.manual_wal_flush: 0
[20985] 01-07 05:13:26,400 INFO [RocksDB]            Options.max_background_jobs: 16
[20985] 01-07 05:13:26,400 INFO [RocksDB]            Options.max_background_compactions: -1
[20985] 01-07 05:13:26,400 INFO [RocksDB]            Options.avoid_flush_during_shutdown: 0
[20985] 01-07 05:13:26,400 INFO [RocksDB]          Options.writable_file_max_buffer_size: 1048576
[20985] 01-07 05:13:26,400 INFO [RocksDB]            Options.delayed_write_rate : 52428800
[20985] 01-07 05:13:26,400 INFO [RocksDB]            Options.max_total_wal_size: 0
[20985] 01-07 05:13:26,400 INFO [RocksDB]            Options.delete_obsolete_files_period_micros: 21600000000
[20985] 01-07 05:13:26,400 INFO [RocksDB]                  Options.stats_dump_period_sec: 100000
[20985] 01-07 05:13:26,400 INFO [RocksDB]                         Options.max_open_files: 1024
[20985] 01-07 05:13:26,400 INFO [RocksDB]                         Options.bytes_per_sync: 1048576
[20985] 01-07 05:13:26,400 INFO [RocksDB]                     Options.wal_bytes_per_sync: 0
[20985] 01-07 05:13:26,400 INFO [RocksDB]      Options.compaction_readahead_size: 0
[20985] 01-07 05:13:26,400 INFO [RocksDB]Compression algorithms supported:
[20985] 01-07 05:13:26,400 INFO [RocksDB]	kZSTDNotFinalCompression supported: 0
[20985] 01-07 05:13:26,400 INFO [RocksDB]	kZSTD supported: 0
[20985] 01-07 05:13:26,400 INFO [RocksDB]	kXpressCompression supported: 0
[20985] 01-07 05:13:26,400 INFO [RocksDB]	kLZ4HCCompression supported: 0
[20985] 01-07 05:13:26,400 INFO [RocksDB]	kLZ4Compression supported: 0
[20985] 01-07 05:13:26,400 INFO [RocksDB]	kBZip2Compression supported: 0
[20985] 01-07 05:13:26,400 INFO [RocksDB]	kZlibCompression supported: 1
[20985] 01-07 05:13:26,400 INFO [RocksDB]	kSnappyCompression supported: 1
[20985] 01-07 05:13:26,400 INFO [RocksDB]Fast CRC32 supported: Supported on x86
[20985] 01-07 05:13:26,400 INFO [RocksDB][db/db_impl_open.cc:222] Creating manifest 1 

[20985] 01-07 05:13:26,408 INFO [RocksDB][db/version_set.cc:3085] Recovering from manifest file: MANIFEST-000001

[20985] 01-07 05:13:26,409 INFO [RocksDB][db/column_family.cc:475] --------------- Options for column family [default]:

[20985] 01-07 05:13:26,409 INFO [RocksDB]              Options.comparator: ardb.comparator
[20985] 01-07 05:13:26,409 INFO [RocksDB]          Options.merge_operator: ardb.merger
[20985] 01-07 05:13:26,409 INFO [RocksDB]       Options.compaction_filter: None
[20985] 01-07 05:13:26,409 INFO [RocksDB]       Options.compaction_filter_factory: ardb.compact_filter_factory
[20985] 01-07 05:13:26,409 INFO [RocksDB]        Options.memtable_factory: SkipListFactory
[20985] 01-07 05:13:26,409 INFO [RocksDB]           Options.table_factory: BlockBasedTable
[20985] 01-07 05:13:26,409 INFO [RocksDB]           table_factory options:   flush_block_policy_factory: FlushBlockBySizePolicyFactory (0x7f6c0b808018)
  cache_index_and_filter_blocks: 0
  cache_index_and_filter_blocks_with_high_priority: 0
  pin_l0_filter_and_index_blocks_in_cache: 0
  index_type: 0
  hash_index_allow_collision: 1
  checksum: 1
  no_block_cache: 0
  block_cache: 0x7f6c0b881cf0
  block_cache_name: LRUCache
  block_cache_options:
    capacity : 536870912
    num_shard_bits : 6
    strict_capacity_limit : 0
    high_pri_pool_ratio: 0.000
  block_cache_compressed: (nil)
  persistent_cache: (nil)
  block_size: 4096
  block_size_deviation: 10
  block_restart_interval: 16
  index_block_restart_interval: 1
  metadata_block_size: 4096
  partition_filters: 0
  use_delta_encoding: 1
  filter_policy: rocksdb.BuiltinBloomFilter
  whole_key_filtering: 1
  verify_compression: 0
  read_amp_bytes_per_bit: 0
  format_version: 2
  enable_index_compression: 1
  block_align: 0

[20985] 01-07 05:13:26,409 INFO [RocksDB]       Options.write_buffer_size: 268435456
[20985] 01-07 05:13:26,409 INFO [RocksDB] Options.max_write_buffer_number: 6
[20985] 01-07 05:13:26,409 INFO [RocksDB]       Options.compression[0]: NoCompression
[20985] 01-07 05:13:26,409 INFO [RocksDB]       Options.compression[1]: NoCompression
[20985] 01-07 05:13:26,409 INFO [RocksDB]       Options.compression[2]: Snappy
[20985] 01-07 05:13:26,409 INFO [RocksDB]       Options.compression[3]: Snappy
[20985] 01-07 05:13:26,409 INFO [RocksDB]       Options.compression[4]: Snappy
[20985] 01-07 05:13:26,409 INFO [RocksDB]       Options.compression[5]: Snappy
[20985] 01-07 05:13:26,409 INFO [RocksDB]       Options.compression[6]: Snappy
[20985] 01-07 05:13:26,409 INFO [RocksDB]                 Options.bottommost_compression: Disabled
[20985] 01-07 05:13:26,409 INFO [RocksDB]      Options.prefix_extractor: ardb.prefix_extractor
[20985] 01-07 05:13:26,409 INFO [RocksDB]  Options.memtable_insert_with_hint_prefix_extractor: nullptr
[20985] 01-07 05:13:26,409 INFO [RocksDB]            Options.num_levels: 7
[20985] 01-07 05:13:26,409 INFO [RocksDB]       Options.min_write_buffer_number_to_merge: 2
[20985] 01-07 05:13:26,409 INFO [RocksDB]    Options.max_write_buffer_number_to_maintain: 0
[20985] 01-07 05:13:26,409 INFO [RocksDB]           Options.compression_opts.window_bits: -14
[20985] 01-07 05:13:26,409 INFO [RocksDB]                 Options.compression_opts.level: -1
[20985] 01-07 05:13:26,409 INFO [RocksDB]              Options.compression_opts.strategy: 0
[20985] 01-07 05:13:26,409 INFO [RocksDB]        Options.compression_opts.max_dict_bytes: 0
[20985] 01-07 05:13:26,409 INFO [RocksDB]        Options.compression_opts.zstd_max_train_bytes: 0
[20985] 01-07 05:13:26,409 INFO [RocksDB]     Options.level0_file_num_compaction_trigger: 2
[20985] 01-07 05:13:26,409 INFO [RocksDB]         Options.level0_slowdown_writes_trigger: 20
[20985] 01-07 05:13:26,409 INFO [RocksDB]             Options.level0_stop_writes_trigger: 36
[20985] 01-07 05:13:26,409 INFO [RocksDB]                  Options.target_file_size_base: 67108864
[20985] 01-07 05:13:26,409 INFO [RocksDB]            Options.target_file_size_multiplier: 1
[20985] 01-07 05:13:26,409 INFO [RocksDB]               Options.max_bytes_for_level_base: 536870912
[20985] 01-07 05:13:26,409 INFO [RocksDB]Options.level_compaction_dynamic_level_bytes: 0
[20985] 01-07 05:13:26,409 INFO [RocksDB]         Options.max_bytes_for_level_multiplier: 10.000000
[20985] 01-07 05:13:26,409 INFO [RocksDB]Options.max_bytes_for_level_multiplier_addtl[0]: 1
[20985] 01-07 05:13:26,409 INFO [RocksDB]Options.max_bytes_for_level_multiplier_addtl[1]: 1
[20985] 01-07 05:13:26,409 INFO [RocksDB]Options.max_bytes_for_level_multiplier_addtl[2]: 1
[20985] 01-07 05:13:26,409 INFO [RocksDB]Options.max_bytes_for_level_multiplier_addtl[3]: 1
[20985] 01-07 05:13:26,409 INFO [RocksDB]Options.max_bytes_for_level_multiplier_addtl[4]: 1
[20985] 01-07 05:13:26,409 INFO [RocksDB]Options.max_bytes_for_level_multiplier_addtl[5]: 1
[20985] 01-07 05:13:26,409 INFO [RocksDB]Options.max_bytes_for_level_multiplier_addtl[6]: 1
[20985] 01-07 05:13:26,409 INFO [RocksDB]      Options.max_sequential_skip_in_iterations: 8
[20985] 01-07 05:13:26,409 INFO [RocksDB]                   Options.max_compaction_bytes: 1677721600
[20985] 01-07 05:13:26,409 INFO [RocksDB]                       Options.arena_block_size: 33554432
[20985] 01-07 05:13:26,409 INFO [RocksDB]  Options.soft_pending_compaction_bytes_limit: 68719476736
[20985] 01-07 05:13:26,409 INFO [RocksDB]  Options.hard_pending_compaction_bytes_limit: 274877906944
[20985] 01-07 05:13:26,409 INFO [RocksDB]      Options.rate_limit_delay_max_milliseconds: 100
[20985] 01-07 05:13:26,409 INFO [RocksDB]               Options.disable_auto_compactions: 0
[20985] 01-07 05:13:26,409 INFO [RocksDB]                       Options.compaction_style: kCompactionStyleLevel
[20985] 01-07 05:13:26,409 INFO [RocksDB]                         Options.compaction_pri: kByCompensatedSize
[20985] 01-07 05:13:26,409 INFO [RocksDB]Options.compaction_options_universal.size_ratio: 1
[20985] 01-07 05:13:26,409 INFO [RocksDB]Options.compaction_options_universal.min_merge_width: 2
[20985] 01-07 05:13:26,409 INFO [RocksDB]Options.compaction_options_universal.max_merge_width: 4294967295
[20985] 01-07 05:13:26,409 INFO [RocksDB]Options.compaction_options_universal.max_size_amplification_percent: 200
[20985] 01-07 05:13:26,409 INFO [RocksDB]Options.compaction_options_universal.compression_size_percent: -1
[20985] 01-07 05:13:26,409 INFO [RocksDB]Options.compaction_options_universal.stop_style: kCompactionStopStyleTotalSize
[20985] 01-07 05:13:26,409 INFO [RocksDB]Options.compaction_options_fifo.max_table_files_size: 1073741824
[20985] 01-07 05:13:26,409 INFO [RocksDB]Options.compaction_options_fifo.allow_compaction: 0
[20985] 01-07 05:13:26,409 INFO [RocksDB]Options.compaction_options_fifo.ttl: 0
[20985] 01-07 05:13:26,409 INFO [RocksDB]                  Options.table_properties_collectors: 
[20985] 01-07 05:13:26,409 INFO [RocksDB]                  Options.inplace_update_support: 0
[20985] 01-07 05:13:26,409 INFO [RocksDB]                Options.inplace_update_num_locks: 10000
[20985] 01-07 05:13:26,409 INFO [RocksDB]              Options.memtable_prefix_bloom_size_ratio: 0.000000
[20985] 01-07 05:13:26,409 INFO [RocksDB]  Options.memtable_huge_page_size: 0
[20985] 01-07 05:13:26,409 INFO [RocksDB]                          Options.bloom_locality: 0
[20985] 01-07 05:13:26,409 INFO [RocksDB]                   Options.max_successive_merges: 0
[20985] 01-07 05:13:26,409 INFO [RocksDB]               Options.optimize_filters_for_hits: 0
[20985] 01-07 05:13:26,409 INFO [RocksDB]               Options.paranoid_file_checks: 0
[20985] 01-07 05:13:26,409 INFO [RocksDB]               Options.force_consistency_checks: 0
[20985] 01-07 05:13:26,409 INFO [RocksDB]               Options.report_bg_io_stats: 0
[20985] 01-07 05:13:26,409 INFO [RocksDB]                              Options.ttl: 0
[20985] 01-07 05:13:26,409 INFO [RocksDB][db/version_set.cc:3361] Recovered from manifest file:/home/ubuntu/ardb/data/rocksdb/MANIFEST-000001 succeeded,manifest_file_number is 1, next_file_number is 3, last_sequence is 0, log_number is 0,prev_log_number is 0,max_column_family is 0,min_log_number_to_keep is 0

[20985] 01-07 05:13:26,409 INFO [RocksDB][db/version_set.cc:3369] Column family [default] (ID 0), log number is 0

[20985] 01-07 05:13:26,413 INFO [RocksDB][db/db_impl_open.cc:1219] DB pointer 0x7f6c0b1be000
[20985] 01-07 05:13:26,413 INFO Ardb init engine:rocksdb success.
[20985] 01-07 05:13:26,416 INFO Ardb will accept connections on 0.0.0.0:16379
[20985] 01-07 05:13:26,416 INFO Ardb started with version 0.10.0
[20985] 01-07 05:13:27,417 INFO ========================Period Statistics Dump Begin===========================
[20985] 01-07 05:13:27,417 INFO slave_sync_total_commands_processed:0
[20985] 01-07 05:13:27,417 INFO slave_sync_instantaneous_ops_per_sec:0
[20985] 01-07 05:13:27,417 INFO total_commands_processed:0
[20985] 01-07 05:13:27,417 INFO instantaneous_ops_per_sec:0
[20985] 01-07 05:13:27,417 INFO total_connections_received:0
[20985] 01-07 05:13:27,417 INFO rejected_connections:0
[20985] 01-07 05:13:27,417 INFO ========================Period Statistics Dump End===========================
[20985] 01-07 05:13:39,330 INFO [RocksDB][db/version_set.cc:2847] Creating manifest 6

[20985] 01-07 05:13:39,336 INFO [RocksDB][db/column_family.cc:475] --------------- Options for column family [0]:

[20985] 01-07 05:13:39,336 INFO [RocksDB]              Options.comparator: ardb.comparator
[20985] 01-07 05:13:39,336 INFO [RocksDB]          Options.merge_operator: ardb.merger
[20985] 01-07 05:13:39,336 INFO [RocksDB]       Options.compaction_filter: None
[20985] 01-07 05:13:39,336 INFO [RocksDB]       Options.compaction_filter_factory: ardb.compact_filter_factory
[20985] 01-07 05:13:39,336 INFO [RocksDB]        Options.memtable_factory: SkipListFactory
[20985] 01-07 05:13:39,336 INFO [RocksDB]           Options.table_factory: BlockBasedTable
[20985] 01-07 05:13:39,336 INFO [RocksDB]           table_factory options:   flush_block_policy_factory: FlushBlockBySizePolicyFactory (0x7f6c0b808018)
  cache_index_and_filter_blocks: 0
  cache_index_and_filter_blocks_with_high_priority: 0
  pin_l0_filter_and_index_blocks_in_cache: 0
  index_type: 0
  hash_index_allow_collision: 1
  checksum: 1
  no_block_cache: 0
  block_cache: 0x7f6c0b881cf0
  block_cache_name: LRUCache
  block_cache_options:
    capacity : 536870912
    num_shard_bits : 6
    strict_capacity_limit : 0
    high_pri_pool_ratio: 0.000
  block_cache_compressed: (nil)
  persistent_cache: (nil)
  block_size: 4096
  block_size_deviation: 10
  block_restart_interval: 16
  index_block_restart_interval: 1
  metadata_block_size: 4096
  partition_filters: 0
  use_delta_encoding: 1
  filter_policy: rocksdb.BuiltinBloomFilter
  whole_key_filtering: 1
  verify_compression: 0
  read_amp_bytes_per_bit: 0
  format_version: 2
  enable_index_compression: 1
  block_align: 0

[20985] 01-07 05:13:39,336 INFO [RocksDB]       Options.write_buffer_size: 268435456
[20985] 01-07 05:13:39,336 INFO [RocksDB] Options.max_write_buffer_number: 6
[20985] 01-07 05:13:39,336 INFO [RocksDB]       Options.compression[0]: NoCompression
[20985] 01-07 05:13:39,336 INFO [RocksDB]       Options.compression[1]: NoCompression
[20985] 01-07 05:13:39,336 INFO [RocksDB]       Options.compression[2]: Snappy
[20985] 01-07 05:13:39,336 INFO [RocksDB]       Options.compression[3]: Snappy
[20985] 01-07 05:13:39,336 INFO [RocksDB]       Options.compression[4]: Snappy
[20985] 01-07 05:13:39,336 INFO [RocksDB]       Options.compression[5]: Snappy
[20985] 01-07 05:13:39,336 INFO [RocksDB]       Options.compression[6]: Snappy
[20985] 01-07 05:13:39,336 INFO [RocksDB]                 Options.bottommost_compression: Disabled
[20985] 01-07 05:13:39,336 INFO [RocksDB]      Options.prefix_extractor: ardb.prefix_extractor
[20985] 01-07 05:13:39,336 INFO [RocksDB]  Options.memtable_insert_with_hint_prefix_extractor: nullptr
[20985] 01-07 05:13:39,336 INFO [RocksDB]            Options.num_levels: 7
[20985] 01-07 05:13:39,336 INFO [RocksDB]       Options.min_write_buffer_number_to_merge: 2
[20985] 01-07 05:13:39,336 INFO [RocksDB]    Options.max_write_buffer_number_to_maintain: 0
[20985] 01-07 05:13:39,336 INFO [RocksDB]           Options.compression_opts.window_bits: -14
[20985] 01-07 05:13:39,336 INFO [RocksDB]                 Options.compression_opts.level: -1
[20985] 01-07 05:13:39,336 INFO [RocksDB]              Options.compression_opts.strategy: 0
[20985] 01-07 05:13:39,336 INFO [RocksDB]        Options.compression_opts.max_dict_bytes: 0
[20985] 01-07 05:13:39,336 INFO [RocksDB]        Options.compression_opts.zstd_max_train_bytes: 0
[20985] 01-07 05:13:39,336 INFO [RocksDB]     Options.level0_file_num_compaction_trigger: 2
[20985] 01-07 05:13:39,336 INFO [RocksDB]         Options.level0_slowdown_writes_trigger: 20
[20985] 01-07 05:13:39,336 INFO [RocksDB]             Options.level0_stop_writes_trigger: 36
[20985] 01-07 05:13:39,336 INFO [RocksDB]                  Options.target_file_size_base: 67108864
[20985] 01-07 05:13:39,336 INFO [RocksDB]            Options.target_file_size_multiplier: 1
[20985] 01-07 05:13:39,336 INFO [RocksDB]               Options.max_bytes_for_level_base: 536870912
[20985] 01-07 05:13:39,336 INFO [RocksDB]Options.level_compaction_dynamic_level_bytes: 0
[20985] 01-07 05:13:39,336 INFO [RocksDB]         Options.max_bytes_for_level_multiplier: 10.000000
[20985] 01-07 05:13:39,336 INFO [RocksDB]Options.max_bytes_for_level_multiplier_addtl[0]: 1
[20985] 01-07 05:13:39,336 INFO [RocksDB]Options.max_bytes_for_level_multiplier_addtl[1]: 1
[20985] 01-07 05:13:39,336 INFO [RocksDB]Options.max_bytes_for_level_multiplier_addtl[2]: 1
[20985] 01-07 05:13:39,336 INFO [RocksDB]Options.max_bytes_for_level_multiplier_addtl[3]: 1
[20985] 01-07 05:13:39,336 INFO [RocksDB]Options.max_bytes_for_level_multiplier_addtl[4]: 1
[20985] 01-07 05:13:39,336 INFO [RocksDB]Options.max_bytes_for_level_multiplier_addtl[5]: 1
[20985] 01-07 05:13:39,336 INFO [RocksDB]Options.max_bytes_for_level_multiplier_addtl[6]: 1
[20985] 01-07 05:13:39,336 INFO [RocksDB]      Options.max_sequential_skip_in_iterations: 8
[20985] 01-07 05:13:39,336 INFO [RocksDB]                   Options.max_compaction_bytes: 1677721600
[20985] 01-07 05:13:39,336 INFO [RocksDB]                       Options.arena_block_size: 33554432
[20985] 01-07 05:13:39,336 INFO [RocksDB]  Options.soft_pending_compaction_bytes_limit: 68719476736
[20985] 01-07 05:13:39,336 INFO [RocksDB]  Options.hard_pending_compaction_bytes_limit: 274877906944
[20985] 01-07 05:13:39,336 INFO [RocksDB]      Options.rate_limit_delay_max_milliseconds: 100
[20985] 01-07 05:13:39,336 INFO [RocksDB]               Options.disable_auto_compactions: 0
[20985] 01-07 05:13:39,336 INFO [RocksDB]                       Options.compaction_style: kCompactionStyleLevel
[20985] 01-07 05:13:39,336 INFO [RocksDB]                         Options.compaction_pri: kByCompensatedSize
[20985] 01-07 05:13:39,336 INFO [RocksDB]Options.compaction_options_universal.size_ratio: 1
[20985] 01-07 05:13:39,336 INFO [RocksDB]Options.compaction_options_universal.min_merge_width: 2
[20985] 01-07 05:13:39,336 INFO [RocksDB]Options.compaction_options_universal.max_merge_width: 4294967295
[20985] 01-07 05:13:39,336 INFO [RocksDB]Options.compaction_options_universal.max_size_amplification_percent: 200
[20985] 01-07 05:13:39,336 INFO [RocksDB]Options.compaction_options_universal.compression_size_percent: -1
[20985] 01-07 05:13:39,336 INFO [RocksDB]Options.compaction_options_universal.stop_style: kCompactionStopStyleTotalSize
[20985] 01-07 05:13:39,336 INFO [RocksDB]Options.compaction_options_fifo.max_table_files_size: 1073741824
[20985] 01-07 05:13:39,336 INFO [RocksDB]Options.compaction_options_fifo.allow_compaction: 0
[20985] 01-07 05:13:39,336 INFO [RocksDB]Options.compaction_options_fifo.ttl: 0
[20985] 01-07 05:13:39,336 INFO [RocksDB]                  Options.table_properties_collectors: 
[20985] 01-07 05:13:39,336 INFO [RocksDB]                  Options.inplace_update_support: 0
[20985] 01-07 05:13:39,336 INFO [RocksDB]                Options.inplace_update_num_locks: 10000
[20985] 01-07 05:13:39,336 INFO [RocksDB]              Options.memtable_prefix_bloom_size_ratio: 0.000000
[20985] 01-07 05:13:39,336 INFO [RocksDB]  Options.memtable_huge_page_size: 0
[20985] 01-07 05:13:39,336 INFO [RocksDB]                          Options.bloom_locality: 0
[20985] 01-07 05:13:39,336 INFO [RocksDB]                   Options.max_successive_merges: 0
[20985] 01-07 05:13:39,336 INFO [RocksDB]               Options.optimize_filters_for_hits: 0
[20985] 01-07 05:13:39,336 INFO [RocksDB]               Options.paranoid_file_checks: 0
[20985] 01-07 05:13:39,336 INFO [RocksDB]               Options.force_consistency_checks: 0
[20985] 01-07 05:13:39,336 INFO [RocksDB]               Options.report_bg_io_stats: 0
[20985] 01-07 05:13:39,336 INFO [RocksDB]                              Options.ttl: 0
[20985] 01-07 05:13:39,336 INFO [RocksDB][db/db_impl.cc:1396] Created column family [0] (ID 1)
[20985] 01-07 05:13:39,339 INFO Create ColumnFamilyHandle with name:0 success.
[20985] 01-07 05:13:46,429 INFO [RocksDB][db/db_impl_write.cc:1373] [0] New memtable created with log file: #9. Immutable memtables: 0.

[20985] 01-07 05:13:54,989 INFO [RocksDB][db/db_impl_write.cc:1373] [0] New memtable created with log file: #10. Immutable memtables: 1.

[20985] 01-07 05:13:54,989 INFO [RocksDB][db/db_impl_compaction_flush.cc:80] [JOB 2] Syncing log #3
[20985] 01-07 05:13:55,486 INFO [RocksDB][db/db_impl_compaction_flush.cc:80] [JOB 2] Syncing log #9
[20985] 01-07 05:13:57,073 INFO [RocksDB](Original Log Time 2020/01/07-05:13:54.989700) [db/db_impl_compaction_flush.cc:1424] Calling FlushMemTableToOutputFile with column family [0], flush slots available 4, compaction slots available 1, flush slots scheduled 1, compaction slots scheduled 0
[20985] 01-07 05:13:57,073 INFO [RocksDB][db/flush_job.cc:301] [0] [JOB 2] Flushing memtable with next log file: 9

[20985] 01-07 05:13:57,073 INFO [RocksDB][db/flush_job.cc:301] [0] [JOB 2] Flushing memtable with next log file: 10

[20985] 01-07 05:13:57,073 INFO [RocksDB]EVENT_LOG_v1 {"time_micros": 1578374037073342, "job": 2, "event": "flush_started", "num_memtables": 2, "num_entries": 3471007, "num_deletes": 0, "memory_usage": 524529328, "flush_reason": "Write Buffer Full"}
[20985] 01-07 05:13:57,073 INFO [RocksDB][db/flush_job.cc:331] [0] [JOB 2] Level-0 flush table #11: started
[20985] 01-07 05:14:04,307 INFO [RocksDB]EVENT_LOG_v1 {"time_micros": 1578374044307436, "cf_name": "0", "job": 2, "event": "table_file_creation", "file_number": 11, "file_size": 337502133, "table_properties": {"data_size": 327914429, "index_size": 4401393, "filter_size": 5185269, "raw_key_size": 136593884, "raw_average_key_size": 42, "raw_value_size": 262682912, "raw_average_value_size": 81, "num_data_blocks": 81704, "num_entries": 3223086, "filter_policy_name": "rocksdb.BuiltinBloomFilter", "kDeletedKeys": "0", "kMergeOperands": "0"}}
[20985] 01-07 05:14:04,307 INFO [RocksDB][db/flush_job.cc:371] [0] [JOB 2] Level-0 flush table #11: 337502133 bytes OK
[20985] 01-07 05:14:04,310 INFO [RocksDB](Original Log Time 2020/01/07-05:14:04.308861) [db/memtable_list.cc:377] [0] Level-0 commit table #11 started
[20985] 01-07 05:14:04,310 INFO [RocksDB](Original Log Time 2020/01/07-05:14:04.310547) [db/memtable_list.cc:409] [0] Level-0 commit table #11: memtable #1 done
[20985] 01-07 05:14:04,310 INFO [RocksDB](Original Log Time 2020/01/07-05:14:04.310552) [db/memtable_list.cc:409] [0] Level-0 commit table #11: memtable #2 done
[20985] 01-07 05:14:04,310 INFO [RocksDB](Original Log Time 2020/01/07-05:14:04.310575) EVENT_LOG_v1 {"time_micros": 1578374044310558, "job": 2, "event": "flush_finished", "output_compression": "NoCompression", "lsm_state": [1, 0, 0, 0, 0, 0, 0], "immutable_memtables": 0}
[20985] 01-07 05:14:04,310 INFO [RocksDB](Original Log Time 2020/01/07-05:14:04.310587) [db/db_impl_compaction_flush.cc:177] [0] Level summary: base level 1 max bytes base 536870912 files[1 0 0 0 0 0 0] max score 0.63

[20985] 01-07 05:14:04,310 INFO [RocksDB][db/db_impl_files.cc:342] [JOB 2] Try to delete WAL files size 409850894, prev total WAL file size 603190532, number of live WAL files 3.

[20985] 01-07 05:14:05,098 INFO [RocksDB][db/db_impl_write.cc:1373] [0] New memtable created with log file: #12. Immutable memtables: 0.

[20985] 01-07 05:14:14,573 INFO [RocksDB][db/db_impl_write.cc:1373] [0] New memtable created with log file: #13. Immutable memtables: 1.

[20985] 01-07 05:14:14,573 INFO [RocksDB][db/db_impl_compaction_flush.cc:80] [JOB 3] Syncing log #10
[20985] 01-07 05:14:15,177 INFO [RocksDB][db/db_impl_compaction_flush.cc:80] [JOB 3] Syncing log #12
[20985] 01-07 05:14:16,750 INFO [RocksDB](Original Log Time 2020/01/07-05:14:14.573879) [db/db_impl_compaction_flush.cc:1424] Calling FlushMemTableToOutputFile with column family [0], flush slots available 4, compaction slots available 1, flush slots scheduled 1, compaction slots scheduled 0
[20985] 01-07 05:14:16,751 INFO [RocksDB][db/flush_job.cc:301] [0] [JOB 3] Flushing memtable with next log file: 12

[20985] 01-07 05:14:16,751 INFO [RocksDB][db/flush_job.cc:301] [0] [JOB 3] Flushing memtable with next log file: 13

[20985] 01-07 05:14:16,751 INFO [RocksDB]EVENT_LOG_v1 {"time_micros": 1578374056751037, "job": 3, "event": "flush_started", "num_memtables": 2, "num_entries": 3575556, "num_deletes": 0, "memory_usage": 520098696, "flush_reason": "Write Buffer Full"}
[20985] 01-07 05:14:16,751 INFO [RocksDB][db/flush_job.cc:331] [0] [JOB 3] Level-0 flush table #14: started
[20985] 01-07 05:14:23,437 INFO [RocksDB]EVENT_LOG_v1 {"time_micros": 1578374063437378, "cf_name": "0", "job": 3, "event": "table_file_creation", "file_number": 14, "file_size": 347564122, "table_properties": {"data_size": 337687235, "index_size": 4534832, "filter_size": 5341012, "raw_key_size": 140706233, "raw_average_key_size": 42, "raw_value_size": 270592076, "raw_average_value_size": 81, "num_data_blocks": 84136, "num_entries": 3320157, "filter_policy_name": "rocksdb.BuiltinBloomFilter", "kDeletedKeys": "0", "kMergeOperands": "0"}}
[20985] 01-07 05:14:23,437 INFO [RocksDB][db/flush_job.cc:371] [0] [JOB 3] Level-0 flush table #14: 347564122 bytes OK
[20985] 01-07 05:14:23,440 INFO [RocksDB](Original Log Time 2020/01/07-05:14:23.438674) [db/memtable_list.cc:377] [0] Level-0 commit table #14 started
[20985] 01-07 05:14:23,440 INFO [RocksDB](Original Log Time 2020/01/07-05:14:23.440304) [db/memtable_list.cc:409] [0] Level-0 commit table #14: memtable #1 done
[20985] 01-07 05:14:23,440 INFO [RocksDB](Original Log Time 2020/01/07-05:14:23.440305) [db/memtable_list.cc:409] [0] Level-0 commit table #14: memtable #2 done
[20985] 01-07 05:14:23,440 INFO [RocksDB](Original Log Time 2020/01/07-05:14:23.440315) EVENT_LOG_v1 {"time_micros": 1578374063440310, "job": 3, "event": "flush_finished", "output_compression": "NoCompression", "lsm_state": [2, 0, 0, 0, 0, 0, 0], "immutable_memtables": 0}
[20985] 01-07 05:14:23,440 INFO [RocksDB](Original Log Time 2020/01/07-05:14:23.440342) [db/db_impl_compaction_flush.cc:177] [0] Level summary: base level 1 max bytes base 536870912 files[2 0 0 0 0 0 0] max score 1.28

[20985] 01-07 05:14:23,440 INFO [RocksDB][db/db_impl_files.cc:342] [JOB 3] Try to delete WAL files size 422279470, prev total WAL file size 597514313, number of live WAL files 3.

[20985] 01-07 05:14:23,440 WARN [RocksDB][db/db_impl.cc:491] ------- DUMPING STATS -------
[20985] 01-07 05:14:23,440 WARN [RocksDB][db/db_impl.cc:492] 
** DB Stats **
Uptime(secs): 57.0 total, 57.0 interval
Cumulative writes: 1218K writes, 8530K keys, 1217K commit groups, 1.0 writes per commit group, ingest: 0.94 GB, 16.85 MB/s
Cumulative WAL: 1218K writes, 0 syncs, 1218610.00 writes per sync, written: 0.94 GB, 16.85 MB/s
Cumulative stall: 00:00:0.000 H:M:S, 0.0 percent
Interval writes: 1218K writes, 8530K keys, 1217K commit groups, 1.0 writes per commit group, ingest: 960.70 MB, 16.85 MB/s
Interval WAL: 1218K writes, 0 syncs, 1218610.00 writes per sync, written: 0.94 MB, 16.85 MB/s
Interval stall: 00:00:0.000 H:M:S, 0.0 percent

** Compaction Stats [default] **
Level    Files   Size     Score Read(GB)  Rn(GB) Rnp1(GB) Write(GB) Wnew(GB) Moved(GB) W-Amp Rd(MB/s) Wr(MB/s) Comp(sec) Comp(cnt) Avg(sec) KeyIn KeyDrop
----------------------------------------------------------------------------------------------------------------------------------------------------------
 Sum      0/0    0.00 KB   0.0      0.0     0.0      0.0       0.0     
[20985] 01-07 05:14:23,440 INFO [RocksDB][db/compaction_job.cc:1531] [0] [JOB 4] Compacting 2@0 files to L1, score 1.28
[20985] 01-07 05:14:23,440 INFO [RocksDB][db/compaction_job.cc:1535] [0] Compaction start summary: Base version 4 Base level 0, inputs: [14(331MB) 11(321MB)]

[20985] 01-07 05:14:23,440 INFO [RocksDB]EVENT_LOG_v1 {"time_micros": 1578374063440727, "job": 4, "event": "compaction_started", "compaction_reason": "LevelL0FilesNum", "files_L0": [14, 11], "score": 1.27604, "input_data_size": 685066255}
[20985] 01-07 05:14:24,859 INFO [RocksDB][db/compaction_job.cc:1211] [0] [JOB 4] Generated table #15: 1216038 keys, 69810968 bytes
[20985] 01-07 05:14:24,859 INFO [RocksDB]EVENT_LOG_v1 {"time_micros": 1578374064859504, "cf_name": "0", "job": 4, "event": "table_file_creation", "file_number": 15, "file_size": 69810968, "table_properties": {"data_size": 67110719, "index_size": 980695, "filter_size": 1718523, "raw_key_size": 58074286, "raw_average_key_size": 47, "raw_value_size": 27190525, "raw_average_value_size": 22, "num_data_blocks": 16595, "num_entries": 1216038, "filter_policy_name": "rocksdb.BuiltinBloomFilter", "kDeletedKeys": "0", "kMergeOperands": "0"}}
[20985] 01-07 05:14:25,068 INFO [RocksDB][db/db_impl_write.cc:1373] [0] New memtable created with log file: #17. Immutable memtables: 0.

[20985] 01-07 05:14:26,210 INFO [RocksDB][db/compaction_job.cc:1211] [0] [JOB 4] Generated table #16: 597515 keys, 68987231 bytes
[20985] 01-07 05:14:26,210 INFO [RocksDB]EVENT_LOG_v1 {"time_micros": 1578374066210450, "cf_name": "0", "job": 4, "event": "table_file_creation", "file_number": 16, "file_size": 68987231, "table_properties": {"data_size": 67109794, "index_size": 888511, "filter_size": 987895, "raw_key_size": 24594987, "raw_average_key_size": 41, "raw_value_size": 56763880, "raw_average_value_size": 94, "num_data_blocks": 16740, "num_entries": 597515, "filter_policy_name": "rocksdb.BuiltinBloomFilter", "kDeletedKeys": "0", "kMergeOperands": "0"}}
[20985] 01-07 05:14:27,513 INFO [RocksDB][db/compaction_job.cc:1211] [0] [JOB 4] Generated table #18: 597560 keys, 68990530 bytes
[20985] 01-07 05:14:27,513 INFO [RocksDB]EVENT_LOG_v1 {"time_micros": 1578374067513140, "cf_name": "0", "job": 4, "event": "table_file_creation", "file_number": 18, "file_size": 68990530, "table_properties": {"data_size": 67113015, "index_size": 888543, "filter_size": 987941, "raw_key_size": 24597134, "raw_average_key_size": 41, "raw_value_size": 56768263, "raw_average_value_size": 95, "num_data_blocks": 16739, "num_entries": 597560, "filter_policy_name": "rocksdb.BuiltinBloomFilter", "kDeletedKeys": "0", "kMergeOperands": "0"}}
[20985] 01-07 05:14:28,817 INFO [RocksDB][db/compaction_job.cc:1211] [0] [JOB 4] Generated table #19: 597534 keys, 68990377 bytes
[20985] 01-07 05:14:28,817 INFO [RocksDB]EVENT_LOG_v1 {"time_micros": 1578374068817955, "cf_name": "0", "job": 4, "event": "table_file_creation", "file_number": 19, "file_size": 68990377, "table_properties": {"data_size": 67112674, "index_size": 888750, "filter_size": 987922, "raw_key_size": 24595258, "raw_average_key_size": 41, "raw_value_size": 56765658, "raw_average_value_size": 94, "num_data_blocks": 16740, "num_entries": 597534, "filter_policy_name": "rocksdb.BuiltinBloomFilter", "kDeletedKeys": "0", "kMergeOperands": "0"}}
[20985] 01-07 05:14:30,126 INFO [RocksDB][db/compaction_job.cc:1211] [0] [JOB 4] Generated table #20: 597523 keys, 68988433 bytes
[20985] 01-07 05:14:30,126 INFO [RocksDB]EVENT_LOG_v1 {"time_micros": 1578374070126737, "cf_name": "0", "job": 4, "event": "table_file_creation", "file_number": 20, "file_size": 68988433, "table_properties": {"data_size": 67111110, "index_size": 888394, "filter_size": 987898, "raw_key_size": 24594328, "raw_average_key_size": 41, "raw_value_size": 56764712, "raw_average_value_size": 95, "num_data_blocks": 16739, "num_entries": 597523, "filter_policy_name": "rocksdb.BuiltinBloomFilter", "kDeletedKeys": "0", "kMergeOperands": "0"}}
[20985] 01-07 05:14:31,427 INFO [RocksDB][db/compaction_job.cc:1211] [0] [JOB 4] Generated table #21: 597522 keys, 68986910 bytes
[20985] 01-07 05:14:31,427 INFO [RocksDB]EVENT_LOG_v1 {"time_micros": 1578374071427175, "cf_name": "0", "job": 4, "event": "table_file_creation", "file_number": 21, "file_size": 68986910, "table_properties": {"data_size": 67109516, "index_size": 888470, "filter_size": 987893, "raw_key_size": 24594264, "raw_average_key_size": 41, "raw_value_size": 56764608, "raw_average_value_size": 95, "num_data_blocks": 16739, "num_entries": 597522, "filter_policy_name": "rocksdb.BuiltinBloomFilter", "kDeletedKeys": "0", "kMergeOperands": "0"}}
[20985] 01-07 05:14:32,736 INFO [RocksDB][db/compaction_job.cc:1211] [0] [JOB 4] Generated table #22: 597556 keys, 68986904 bytes
[20985] 01-07 05:14:32,736 INFO [RocksDB]EVENT_LOG_v1 {"time_micros": 1578374072736390, "cf_name": "0", "job": 4, "event": "table_file_creation", "file_number": 22, "file_size": 68986904, "table_properties": {"data_size": 67110201, "index_size": 887748, "filter_size": 987924, "raw_key_size": 24597329, "raw_average_key_size": 41, "raw_value_size": 56767847, "raw_average_value_size": 95, "num_data_blocks": 16738, "num_entries": 597556, "filter_policy_name": "rocksdb.BuiltinBloomFilter", "kDeletedKeys": "0", "kMergeOperands": "0"}}
[20985] 01-07 05:14:34,114 INFO [RocksDB][db/compaction_job.cc:1211] [0] [JOB 4] Generated table #23: 597548 keys, 68987278 bytes
[20985] 01-07 05:14:34,114 INFO [RocksDB]EVENT_LOG_v1 {"time_micros": 1578374074114356, "cf_name": "0", "job": 4, "event": "table_file_creation", "file_number": 23, "file_size": 68987278, "table_properties": {"data_size": 67110177, "index_size": 888145, "filter_size": 987925, "raw_key_size": 24597697, "raw_average_key_size": 41, "raw_value_size": 56767015, "raw_average_value_size": 94, "num_data_blocks": 16739, "num_entries": 597548, "filter_policy_name": "rocksdb.BuiltinBloomFilter", "kDeletedKeys": "0", "kMergeOperands": "0"}}
[20985] 01-07 05:14:35,387 INFO [RocksDB][db/db_impl_write.cc:1373] [0] New memtable created with log file: #25. Immutable memtables: 1.

[20985] 01-07 05:14:35,387 INFO [RocksDB][db/db_impl_compaction_flush.cc:80] [JOB 5] Syncing log #13
[20985] 01-07 05:14:35,001 INFO [RocksDB][db/db_impl_compaction_flush.cc:80] [JOB 5] Syncing log #17
[20985] 01-07 05:14:35,001 INFO [RocksDB][db/compaction_job.cc:1211] [0] [JOB 4] Generated table #24: 597539 keys, 68989991 bytes
[20985] 01-07 05:14:35,001 INFO [RocksDB]EVENT_LOG_v1 {"time_micros": 1578374076001397, "cf_name": "0", "job": 4, "event": "table_file_creation", "file_number": 24, "file_size": 68989991, "table_properties": {"data_size": 67112364, "index_size": 888669, "filter_size": 987927, "raw_key_size": 24595237, "raw_average_key_size": 41, "raw_value_size": 56766178, "raw_average_value_size": 94, "num_data_blocks": 16740, "num_entries": 597539, "filter_policy_name": "rocksdb.BuiltinBloomFilter", "kDeletedKeys": "0", "kMergeOperands": "0"}}
[20985] 01-07 05:14:38,068 INFO [RocksDB][db/compaction_job.cc:1211] [0] [JOB 4] Generated table #27: 546907 keys, 63138118 bytes
[20985] 01-07 05:14:38,068 INFO [RocksDB]EVENT_LOG_v1 {"time_micros": 1578374078068064, "cf_name": "0", "job": 4, "event": "table_file_creation", "file_number": 27, "file_size": 63138118, "table_properties": {"data_size": 61421044, "index_size": 811868, "filter_size": 904176, "raw_key_size": 22459578, "raw_average_key_size": 41, "raw_value_size": 51956246, "raw_average_value_size": 95, "num_data_blocks": 15319, "num_entries": 546907, "filter_policy_name": "rocksdb.BuiltinBloomFilter", "kDeletedKeys": "0", "kMergeOperands": "0"}}
[20985] 01-07 05:14:38,642 INFO [RocksDB][db/compaction_job.cc:1287] [0] [JOB 4] Compacted 2@0 files to L1 => 684856740 bytes
[20985] 01-07 05:14:38,642 INFO [RocksDB](Original Log Time 2020/01/07-05:14:35.387204) [db/db_impl_compaction_flush.cc:1424] Calling FlushMemTableToOutputFile with column family [0], flush slots available 4, compaction slots available 1, flush slots scheduled 1, compaction slots scheduled 1
[20985] 01-07 05:14:38,642 INFO [RocksDB][db/flush_job.cc:301] [0] [JOB 5] Flushing memtable with next log file: 17

[20985] 01-07 05:14:38,642 INFO [RocksDB][db/flush_job.cc:301] [0] [JOB 5] Flushing memtable with next log file: 25

[20985] 01-07 05:14:38,642 INFO [RocksDB]EVENT_LOG_v1 {"time_micros": 1578374078642871, "job": 5, "event": "flush_started", "num_memtables": 2, "num_entries": 3575636, "num_deletes": 0, "memory_usage": 520099496, "flush_reason": "Write Buffer Full"}
[20985] 01-07 05:14:38,642 INFO [RocksDB][db/flush_job.cc:331] [0] [JOB 5] Level-0 flush table #26: started
[20985] 01-07 05:14:38,644 INFO [RocksDB](Original Log Time 2020/01/07-05:14:38.644889) [db/compaction_job.cc:685] [0] compacted to: base level 1 max bytes base 536870912 files[0 10 0 0 0 0 0] max score 1.28, MB/sec: 45.1 rd, 45.1 wr, level 1, files in(2, 0) out(10) MB in(653.3, 0.0) out(653.1), read-write-amplify(2.0) write-amplify(1.0) OK, records in: 6543243, records dropped: 1 output_compression: NoCompression

[20985] 01-07 05:14:38,644 INFO [RocksDB](Original Log Time 2020/01/07-05:14:38.644906) EVENT_LOG_v1 {"time_micros": 1578374078644899, "job": 4, "event": "compaction_finished", "compaction_time_micros": 15202043, "output_level": 1, "num_output_files": 10, "total_output_size": 684856740, "num_input_records": 6543243, "num_output_records": 6543242, "num_subcompactions": 1, "output_compression": "NoCompression", "num_single_delete_mismatches": 0, "num_single_delete_fallthrough": 0, "lsm_state": [0, 10, 0, 0, 0, 0, 0]}
[20985] 01-07 05:14:38,645 INFO [RocksDB][db/compaction_job.cc:1531] [0] [JOB 6] Compacting 1@1 files to L2, score 1.28
[20985] 01-07 05:14:38,645 INFO [RocksDB][db/compaction_job.cc:1535] [0] Compaction start summary: Base version 5 Base level 1, inputs: [15(66MB)]

[20985] 01-07 05:14:38,645 INFO [RocksDB]EVENT_LOG_v1 {"time_micros": 1578374078645646, "job": 6, "event": "compaction_started", "compaction_reason": "LevelMaxLevelSize", "files_L1": [15], "score": 1.27565, "input_data_size": 69810968}
[20985] 01-07 05:14:41,788 INFO [RocksDB][db/compaction_job.cc:1211] [0] [JOB 6] Generated table #28: 1216038 keys, 53850848 bytes
[20985] 01-07 05:14:41,788 INFO [RocksDB]EVENT_LOG_v1 {"time_micros": 1578374081788764, "cf_name": "0", "job": 6, "event": "table_file_creation", "file_number": 28, "file_size": 53850848, "table_properties": {"data_size": 51628169, "index_size": 980390, "filter_size": 1688283, "raw_key_size": 58074286, "raw_average_key_size": 47, "raw_value_size": 27190525, "raw_average_value_size": 22, "num_data_blocks": 16595, "num_entries": 1216038, "filter_policy_name": "rocksdb.BuiltinBloomFilter", "kDeletedKeys": "0", "kMergeOperands": "0"}}
[20985] 01-07 05:14:41,790 INFO [RocksDB][db/compaction_job.cc:1287] [0] [JOB 6] Compacted 1@1 files to L2 => 53850848 bytes
[20985] 01-07 05:14:41,792 INFO [RocksDB](Original Log Time 2020/01/07-05:14:41.791981) [db/compaction_job.cc:685] [0] compacted to: base level 1 max bytes base 536870912 files[0 9 1 0 0 0 0] max score 1.15, MB/sec: 22.2 rd, 17.1 wr, level 2, files in(1, 0) out(1) MB in(66.6, 0.0) out(51.4), read-write-amplify(1.8) write-amplify(0.8) OK, records in: 1216038, records dropped: 0 output_compression: Snappy

[20985] 01-07 05:14:41,792 INFO [RocksDB](Original Log Time 2020/01/07-05:14:41.792006) EVENT_LOG_v1 {"time_micros": 1578374081791989, "job": 6, "event": "compaction_finished", "compaction_time_micros": 3144536, "output_level": 2, "num_output_files": 1, "total_output_size": 53850848, "num_input_records": 1216038, "num_output_records": 1216038, "num_subcompactions": 1, "output_compression": "Snappy", "num_single_delete_mismatches": 0, "num_single_delete_fallthrough": 0, "lsm_state": [0, 9, 1, 0, 0, 0, 0]}
[20985] 01-07 05:14:41,792 INFO [RocksDB][db/compaction_job.cc:1531] [0] [JOB 7] Compacting 1@1 files to L2, score 1.15
[20985] 01-07 05:14:41,792 INFO [RocksDB][db/compaction_job.cc:1535] [0] Compaction start summary: Base version 6 Base level 1, inputs: [18(65MB)]

[20985] 01-07 05:14:41,792 INFO [RocksDB]EVENT_LOG_v1 {"time_micros": 1578374081792075, "job": 7, "event": "compaction_started", "compaction_reason": "LevelMaxLevelSize", "files_L1": [18], "score": 1.14561, "input_data_size": 68990530}
[20985] 01-07 05:14:45,082 INFO [RocksDB][db/compaction_job.cc:1211] [0] [JOB 7] Generated table #29: 597560 keys, 68588710 bytes
[20985] 01-07 05:14:45,082 INFO [RocksDB]EVENT_LOG_v1 {"time_micros": 1578374085082918, "cf_name": "0", "job": 7, "event": "table_file_creation", "file_number": 29, "file_size": 68588710, "table_properties": {"data_size": 67113015, "index_size": 888543, "filter_size": 987941, "raw_key_size": 24597134, "raw_average_key_size": 41, "raw_value_size": 56768263, "raw_average_value_size": 95, "num_data_blocks": 16739, "num_entries": 597560, "filter_policy_name": "rocksdb.BuiltinBloomFilter", "kDeletedKeys": "0", "kMergeOperands": "0"}}
[20985] 01-07 05:14:45,084 INFO [RocksDB][db/compaction_job.cc:1287] [0] [JOB 7] Compacted 1@1 files to L2 => 68588710 bytes
[20985] 01-07 05:14:45,086 INFO [RocksDB](Original Log Time 2020/01/07-05:14:45.086529) [db/compaction_job.cc:685] [0] compacted to: base level 1 max bytes base 536870912 files[0 8 2 0 0 0 0] max score 1.02, MB/sec: 21.0 rd, 20.8 wr, level 2, files in(1, 0) out(1) MB in(65.8, 0.0) out(65.4), read-write-amplify(2.0) write-amplify(1.0) OK, records in: 597560, records dropped: 0 output_compression: Snappy

[20985] 01-07 05:14:45,086 INFO [RocksDB](Original Log Time 2020/01/07-05:14:45.086555) EVENT_LOG_v1 {"time_micros": 1578374085086538, "job": 7, "event": "compaction_finished", "compaction_time_micros": 3292498, "output_level": 2, "num_output_files": 1, "total_output_size": 68588710, "num_input_records": 597560, "num_output_records": 597560, "num_subcompactions": 1, "output_compression": "Snappy", "num_single_delete_mismatches": 0, "num_single_delete_fallthrough": 0, "lsm_state": [0, 8, 2, 0, 0, 0, 0]}
[20985] 01-07 05:14:45,093 INFO [RocksDB]EVENT_LOG_v1 {"time_micros": 1578374085093354, "job": 7, "event": "table_file_deletion", "file_number": 18}
[20985] 01-07 05:14:45,100 INFO [RocksDB]EVENT_LOG_v1 {"time_micros": 1578374085100486, "job": 7, "event": "table_file_deletion", "file_number": 15}
[20985] 01-07 05:14:45,100 INFO [RocksDB][db/compaction_job.cc:1531] [0] [JOB 8] Compacting 1@1 files to L2, score 1.02
[20985] 01-07 05:14:45,100 INFO [RocksDB][db/compaction_job.cc:1535] [0] Compaction start summary: Base version 7 Base level 1, inputs: [19(65MB)]

[20985] 01-07 05:14:45,100 INFO [RocksDB]EVENT_LOG_v1 {"time_micros": 1578374085100532, "job": 8, "event": "compaction_started", "compaction_reason": "LevelMaxLevelSize", "files_L1": [19], "score": 1.01711, "input_data_size": 68990377}
[20985] 01-07 05:14:48,370 INFO [RocksDB][db/compaction_job.cc:1211] [0] [JOB 8] Generated table #30: 597534 keys, 68588663 bytes
[20985] 01-07 05:14:48,370 INFO [RocksDB]EVENT_LOG_v1 {"time_micros": 1578374088370825, "cf_name": "0", "job": 8, "event": "table_file_creation", "file_number": 30, "file_size": 68588663, "table_properties": {"data_size": 67112674, "index_size": 888750, "filter_size": 987922, "raw_key_size": 24595258, "raw_average_key_size": 41, "raw_value_size": 56765658, "raw_average_value_size": 94, "num_data_blocks": 16740, "num_entries": 597534, "filter_policy_name": "rocksdb.BuiltinBloomFilter", "kDeletedKeys": "0", "kMergeOperands": "0"}}
[20985] 01-07 05:14:48,372 INFO [RocksDB][db/compaction_job.cc:1287] [0] [JOB 8] Compacted 1@1 files to L2 => 68588663 bytes
[20985] 01-07 05:14:48,374 INFO [RocksDB](Original Log Time 2020/01/07-05:14:48.374233) [db/compaction_job.cc:685] [0] compacted to: base level 1 max bytes base 536870912 files[0 7 3 0 0 0 0] max score 0.89, MB/sec: 21.1 rd, 21.0 wr, level 2, files in(1, 0) out(1) MB in(65.8, 0.0) out(65.4), read-write-amplify(2.0) write-amplify(1.0) OK, records in: 597534, records dropped: 0 output_compression: Snappy

[20985] 01-07 05:14:48,374 INFO [RocksDB](Original Log Time 2020/01/07-05:14:48.374257) EVENT_LOG_v1 {"time_micros": 1578374088374241, "job": 8, "event": "compaction_finished", "compaction_time_micros": 3271925, "output_level": 2, "num_output_files": 1, "total_output_size": 68588663, "num_input_records": 597534, "num_output_records": 597534, "num_subcompactions": 1, "output_compression": "Snappy", "num_single_delete_mismatches": 0, "num_single_delete_fallthrough": 0, "lsm_state": [0, 7, 3, 0, 0, 0, 0]}
[20985] 01-07 05:14:48,381 INFO [RocksDB]EVENT_LOG_v1 {"time_micros": 1578374088381090, "job": 8, "event": "table_file_deletion", "file_number": 19}
[20985] 01-07 05:14:48,979 INFO [RocksDB]EVENT_LOG_v1 {"time_micros": 1578374088979114, "cf_name": "0", "job": 5, "event": "table_file_creation", "file_number": 26, "file_size": 347689905, "table_properties": {"data_size": 337811969, "index_size": 4535404, "filter_size": 5341489, "raw_key_size": 140713644, "raw_average_key_size": 42, "raw_value_size": 270599672, "raw_average_value_size": 81, "num_data_blocks": 84169, "num_entries": 3320236, "filter_policy_name": "rocksdb.BuiltinBloomFilter", "kDeletedKeys": "0", "kMergeOperands": "0"}}
[20985] 01-07 05:14:48,979 INFO [RocksDB][db/flush_job.cc:371] [0] [JOB 5] Level-0 flush table #26: 347689905 bytes OK
[20985] 01-07 05:14:48,982 INFO [RocksDB](Original Log Time 2020/01/07-05:14:48.980533) [db/memtable_list.cc:377] [0] Level-0 commit table #26 started
[20985] 01-07 05:14:48,982 INFO [RocksDB](Original Log Time 2020/01/07-05:14:48.982601) [db/memtable_list.cc:409] [0] Level-0 commit table #26: memtable #1 done
[20985] 01-07 05:14:48,982 INFO [RocksDB](Original Log Time 2020/01/07-05:14:48.982602) [db/memtable_list.cc:409] [0] Level-0 commit table #26: memtable #2 done
[20985] 01-07 05:14:48,982 INFO [RocksDB](Original Log Time 2020/01/07-05:14:48.982611) EVENT_LOG_v1 {"time_micros": 1578374088982607, "job": 5, "event": "flush_finished", "output_compression": "NoCompression", "lsm_state": [1, 7, 3, 0, 0, 0, 0], "immutable_memtables": 0}
[20985] 01-07 05:14:48,982 INFO [RocksDB](Original Log Time 2020/01/07-05:14:48.982629) [db/db_impl_compaction_flush.cc:177] [0] Level summary: base level 1 max bytes base 536870912 files[1 7 3 0 0 0 0] max score 0.89

[20985] 01-07 05:14:48,982 INFO [RocksDB][db/db_impl_files.cc:342] [JOB 5] Try to delete WAL files size 422294328, prev total WAL file size 624559130, number of live WAL files 3.

[20985] 01-07 05:14:49,034 INFO [RocksDB]EVENT_LOG_v1 {"time_micros": 1578374089034595, "job": 5, "event": "table_file_deletion", "file_number": 14}
[20985] 01-07 05:14:49,084 INFO [RocksDB]EVENT_LOG_v1 {"time_micros": 1578374089084989, "job": 5, "event": "table_file_deletion", "file_number": 11}
[20985] 01-07 05:14:49,614 INFO [RocksDB][db/db_impl_write.cc:1373] [0] New memtable created with log file: #31. Immutable memtables: 0.

[20985] 01-07 05:15:17,780 INFO [RocksDB][db/db_impl_write.cc:1373] [0] New memtable created with log file: #32. Immutable memtables: 1.

[20985] 01-07 05:15:17,780 INFO [RocksDB][db/db_impl_compaction_flush.cc:80] [JOB 9] Syncing log #25
[20985] 01-07 05:15:17,783 INFO [RocksDB][db/db_impl_compaction_flush.cc:80] [JOB 9] Syncing log #31
[20985] 01-07 05:15:18,438 INFO [RocksDB](Original Log Time 2020/01/07-05:15:17.780466) [db/db_impl_compaction_flush.cc:1424] Calling FlushMemTableToOutputFile with column family [0], flush slots available 4, compaction slots available 1, flush slots scheduled 1, compaction slots scheduled 0
[20985] 01-07 05:15:18,438 INFO [RocksDB][db/flush_job.cc:301] [0] [JOB 9] Flushing memtable with next log file: 31

[20985] 01-07 05:15:18,438 INFO [RocksDB][db/flush_job.cc:301] [0] [JOB 9] Flushing memtable with next log file: 32

[20985] 01-07 05:15:18,438 INFO [RocksDB]EVENT_LOG_v1 {"time_micros": 1578374118438980, "job": 9, "event": "flush_started", "num_memtables": 2, "num_entries": 3519730, "num_deletes": 0, "memory_usage": 511986360, "flush_reason": "Write Buffer Full"}
[20985] 01-07 05:15:18,439 INFO [RocksDB][db/flush_job.cc:331] [0] [JOB 9] Level-0 flush table #33: started
[20985] 01-07 05:15:25,191 INFO [RocksDB]EVENT_LOG_v1 {"time_micros": 1578374125191473, "cf_name": "0", "job": 9, "event": "table_file_creation", "file_number": 33, "file_size": 342187379, "table_properties": {"data_size": 332464720, "index_size": 4463901, "filter_size": 5257716, "raw_key_size": 138509509, "raw_average_key_size": 42, "raw_value_size": 266366358, "raw_average_value_size": 81, "num_data_blocks": 82837, "num_entries": 3268317, "filter_policy_name": "rocksdb.BuiltinBloomFilter", "kDeletedKeys": "0", "kMergeOperands": "0"}}
[20985] 01-07 05:15:25,191 INFO [RocksDB][db/flush_job.cc:371] [0] [JOB 9] Level-0 flush table #33: 342187379 bytes OK
[20985] 01-07 05:15:25,194 INFO [RocksDB](Original Log Time 2020/01/07-05:15:25.192677) [db/memtable_list.cc:377] [0] Level-0 commit table #33 started
[20985] 01-07 05:15:25,194 INFO [RocksDB](Original Log Time 2020/01/07-05:15:25.194497) [db/memtable_list.cc:409] [0] Level-0 commit table #33: memtable #1 done
[20985] 01-07 05:15:25,194 INFO [RocksDB](Original Log Time 2020/01/07-05:15:25.194497) [db/memtable_list.cc:409] [0] Level-0 commit table #33: memtable #2 done
[20985] 01-07 05:15:25,194 INFO [RocksDB](Original Log Time 2020/01/07-05:15:25.194508) EVENT_LOG_v1 {"time_micros": 1578374125194503, "job": 9, "event": "flush_finished", "output_compression": "NoCompression", "lsm_state": [2, 7, 3, 0, 0, 0, 0], "immutable_memtables": 0}
[20985] 01-07 05:15:25,194 INFO [RocksDB](Original Log Time 2020/01/07-05:15:25.194533) [db/db_impl_compaction_flush.cc:177] [0] Level summary: base level 1 max bytes base 536870912 files[2 7 3 0 0 0 0] max score 1.28

[20985] 01-07 05:15:25,194 INFO [RocksDB][db/db_impl_files.cc:342] [JOB 9] Try to delete WAL files size 415686246, prev total WAL file size 459899112, number of live WAL files 3.

[20985] 01-07 05:15:25,194 INFO [RocksDB][db/compaction_job.cc:1531] [0] [JOB 10] Compacting 2@0 + 7@1 files to L1, score 1.28
[20985] 01-07 05:15:25,194 INFO [RocksDB][db/compaction_job.cc:1535] [0] Compaction start summary: Base version 10 Base level 0, inputs: [33(326MB) 26(331MB)], [16(65MB) 20(65MB) 21(65MB) 22(65MB) 23(65MB) 24(65MB) 27(60MB)]

[20985] 01-07 05:15:25,194 INFO [RocksDB]EVENT_LOG_v1 {"time_micros": 1578374125194679, "job": 10, "event": "compaction_started", "compaction_reason": "LevelL0FilesNum", "files_L0": [33, 26], "files_L1": [16, 20, 21, 22, 23, 24, 27], "score": 1.285, "input_data_size": 1166942149}
[20985] 01-07 05:15:26,639 INFO [RocksDB][db/compaction_job.cc:1211] [0] [JOB 10] Generated table #34: 1220106 keys, 69817925 bytes
[20985] 01-07 05:15:26,639 INFO [RocksDB]EVENT_LOG_v1 {"time_micros": 1578374126639151, "cf_name": "0", "job": 10, "event": "table_file_creation", "file_number": 34, "file_size": 69817925, "table_properties": {"data_size": 67112684, "index_size": 980979, "filter_size": 1723231, "raw_key_size": 58297916, "raw_average_key_size": 47, "raw_value_size": 26963550, "raw_average_value_size": 22, "num_data_blocks": 16594, "num_entries": 1220106, "filter_policy_name": "rocksdb.BuiltinBloomFilter", "kDeletedKeys": "0", "kMergeOperands": "0"}}
[20985] 01-07 05:15:27,954 INFO [RocksDB][db/compaction_job.cc:1211] [0] [JOB 10] Generated table #35: 597633 keys, 68988799 bytes
[20985] 01-07 05:15:27,954 INFO [RocksDB]EVENT_LOG_v1 {"time_micros": 1578374127954136, "cf_name": "0", "job": 10, "event": "table_file_creation", "file_number": 35, "file_size": 68988799, "table_properties": {"data_size": 67111080, "index_size": 888640, "filter_size": 988048, "raw_key_size": 24601414, "raw_average_key_size": 41, "raw_value_size": 56775162, "raw_average_value_size": 95, "num_data_blocks": 16741, "num_entries": 597633, "filter_policy_name": "rocksdb.BuiltinBloomFilter", "kDeletedKeys": "0", "kMergeOperands": "0"}}
[20985] 01-07 05:15:29,254 INFO [RocksDB][db/compaction_job.cc:1211] [0] [JOB 10] Generated table #36: 597591 keys, 68987794 bytes
[20985] 01-07 05:15:29,254 INFO [RocksDB]EVENT_LOG_v1 {"time_micros": 1578374129254680, "cf_name": "0", "job": 10, "event": "table_file_creation", "file_number": 36, "file_size": 68987794, "table_properties": {"data_size": 67109668, "index_size": 889085, "filter_size": 988010, "raw_key_size": 24597312, "raw_average_key_size": 41, "raw_value_size": 56771190, "raw_average_value_size": 95, "num_data_blocks": 16743, "num_entries": 597591, "filter_policy_name": "rocksdb.BuiltinBloomFilter", "kDeletedKeys": "0", "kMergeOperands": "0"}}
[20985] 01-07 05:15:30,636 INFO [RocksDB][db/compaction_job.cc:1211] [0] [JOB 10] Generated table #37: 597501 keys, 68990923 bytes
[20985] 01-07 05:15:30,636 INFO [RocksDB]EVENT_LOG_v1 {"time_micros": 1578374130636454, "cf_name": "0", "job": 10, "event": "table_file_creation", "file_number": 37, "file_size": 68990923, "table_properties": {"data_size": 67113036, "index_size": 888964, "filter_size": 987892, "raw_key_size": 24593742, "raw_average_key_size": 41, "raw_value_size": 56762523, "raw_average_value_size": 94, "num_data_blocks": 16741, "num_entries": 597501, "filter_policy_name": "rocksdb.BuiltinBloomFilter", "kDeletedKeys": "0", "kMergeOperands": "0"}}
[20985] 01-07 05:15:31,936 INFO [RocksDB][db/compaction_job.cc:1211] [0] [JOB 10] Generated table #38: 597487 keys, 68990228 bytes
[20985] 01-07 05:15:31,936 INFO [RocksDB]EVENT_LOG_v1 {"time_micros": 1578374131936110, "cf_name": "0", "job": 10, "event": "table_file_creation", "file_number": 38, "file_size": 68990228, "table_properties": {"data_size": 67112402, "index_size": 888930, "filter_size": 987865, "raw_key_size": 24592444, "raw_average_key_size": 41, "raw_value_size": 56761265, "raw_average_value_size": 95, "num_data_blocks": 16740, "num_entries": 597487, "filter_policy_name": "rocksdb.BuiltinBloomFilter", "kDeletedKeys": "0", "kMergeOperands": "0"}}
[20985] 01-07 05:15:33,241 INFO [RocksDB][db/compaction_job.cc:1211] [0] [JOB 10] Generated table #39: 597598 keys, 68987388 bytes
[20985] 01-07 05:15:33,241 INFO [RocksDB]EVENT_LOG_v1 {"time_micros": 1578374133241451, "cf_name": "0", "job": 10, "event": "table_file_creation", "file_number": 39, "file_size": 68987388, "table_properties": {"data_size": 67109645, "index_size": 888702, "filter_size": 988010, "raw_key_size": 24596333, "raw_average_key_size": 41, "raw_value_size": 56771819, "raw_average_value_size": 95, "num_data_blocks": 16742, "num_entries": 597598, "filter_policy_name": "rocksdb.BuiltinBloomFilter", "kDeletedKeys": "0", "kMergeOperands": "0"}}
[20985] 01-07 05:15:34,540 INFO [RocksDB][db/compaction_job.cc:1211] [0] [JOB 10] Generated table #40: 597635 keys, 68987836 bytes
[20985] 01-07 05:15:34,540 INFO [RocksDB]EVENT_LOG_v1 {"time_micros": 1578374134540968, "cf_name": "0", "job": 10, "event": "table_file_creation", "file_number": 40, "file_size": 68987836, "table_properties": {"data_size": 67110481, "index_size": 888280, "filter_size": 988044, "raw_key_size": 24599568, "raw_average_key_size": 41, "raw_value_size": 56775370, "raw_average_value_size": 95, "num_data_blocks": 16741, "num_entries": 597635, "filter_policy_name": "rocksdb.BuiltinBloomFilter", "kDeletedKeys": "0", "kMergeOperands": "0"}}
[20985] 01-07 05:15:35,849 INFO [RocksDB][db/compaction_job.cc:1211] [0] [JOB 10] Generated table #41: 597622 keys, 68988811 bytes
[20985] 01-07 05:15:35,849 INFO [RocksDB]EVENT_LOG_v1 {"time_micros": 1578374135849798, "cf_name": "0", "job": 10, "event": "table_file_creation", "file_number": 41, "file_size": 68988811, "table_properties": {"data_size": 67111115, "index_size": 888632, "filter_size": 988033, "raw_key_size": 24599207, "raw_average_key_size": 41, "raw_value_size": 56774117, "raw_average_value_size": 95, "num_data_blocks": 16741, "num_entries": 597622, "filter_policy_name": "rocksdb.BuiltinBloomFilter", "kDeletedKeys": "0", "kMergeOperands": "0"}}
[20985] 01-07 05:15:37,157 INFO [RocksDB][db/compaction_job.cc:1211] [0] [JOB 10] Generated table #42: 597597 keys, 68989350 bytes
[20985] 01-07 05:15:37,157 INFO [RocksDB]EVENT_LOG_v1 {"time_micros": 1578374137157387, "cf_name": "0", "job": 10, "event": "table_file_creation", "file_number": 42, "file_size": 68989350, "table_properties": {"data_size": 67111233, "index_size": 889064, "filter_size": 988022, "raw_key_size": 24596565, "raw_average_key_size": 41, "raw_value_size": 56771715, "raw_average_value_size": 95, "num_data_blocks": 16743, "num_entries": 597597, "filter_policy_name": "rocksdb.BuiltinBloomFilter", "kDeletedKeys": "0", "kMergeOperands": "0"}}
[20985] 01-07 05:15:38,538 INFO [RocksDB][db/compaction_job.cc:1211] [0] [JOB 10] Generated table #43: 597631 keys, 68989213 bytes
[20985] 01-07 05:15:38,538 INFO [RocksDB]EVENT_LOG_v1 {"time_micros": 1578374138538376, "cf_name": "0", "job": 10, "event": "table_file_creation", "file_number": 43, "file_size": 68989213, "table_properties": {"data_size": 67111519, "index_size": 888601, "filter_size": 988062, "raw_key_size": 24600764, "raw_average_key_size": 41, "raw_value_size": 56774954, "raw_average_value_size": 95, "num_data_blocks": 16743, "num_entries": 597631, "filter_policy_name": "rocksdb.BuiltinBloomFilter", "kDeletedKeys": "0", "kMergeOperands": "0"}}
