[19134] 01-07 05:05:14,813 INFO [RocksDB]RocksDB version: 5.14.2

[19134] 01-07 05:05:14,819 INFO [RocksDB]Git sha rocksdb_build_git_sha:9f703a6b9c3430e30aba2286240e44570994efe6
[19134] 01-07 05:05:14,819 INFO [RocksDB]Compile date Jan  7 2020
[19134] 01-07 05:05:14,819 INFO [RocksDB]DB SUMMARY

[19134] 01-07 05:05:14,819 INFO [RocksDB]SST files in /home/ubuntu/ardb/data/rocksdb dir, Total Num: 0, files: 

[19134] 01-07 05:05:14,819 INFO [RocksDB]Write Ahead Log file in /home/ubuntu/ardb/data/rocksdb: 

[19134] 01-07 05:05:14,819 INFO [RocksDB]                        Options.error_if_exists: 0
[19134] 01-07 05:05:14,819 INFO [RocksDB]                      Options.create_if_missing: 1
[19134] 01-07 05:05:14,819 INFO [RocksDB]                        Options.paranoid_checks: 1
[19134] 01-07 05:05:14,819 INFO [RocksDB]                                    Options.env: 0xbfa6c0
[19134] 01-07 05:05:14,819 INFO [RocksDB]                               Options.info_log: 0x7fa2f3c3f8a0
[19134] 01-07 05:05:14,819 INFO [RocksDB]               Options.max_file_opening_threads: 16
[19134] 01-07 05:05:14,819 INFO [RocksDB]                             Options.statistics: (nil)
[19134] 01-07 05:05:14,819 INFO [RocksDB]                              Options.use_fsync: 0
[19134] 01-07 05:05:14,819 INFO [RocksDB]                      Options.max_log_file_size: 0
[19134] 01-07 05:05:14,819 INFO [RocksDB]                 Options.max_manifest_file_size: 18446744073709551615
[19134] 01-07 05:05:14,819 INFO [RocksDB]                  Options.log_file_time_to_roll: 0
[19134] 01-07 05:05:14,819 INFO [RocksDB]                      Options.keep_log_file_num: 1000
[19134] 01-07 05:05:14,819 INFO [RocksDB]                   Options.recycle_log_file_num: 0
[19134] 01-07 05:05:14,819 INFO [RocksDB]                        Options.allow_fallocate: 1
[19134] 01-07 05:05:14,819 INFO [RocksDB]                       Options.allow_mmap_reads: 0
[19134] 01-07 05:05:14,819 INFO [RocksDB]                      Options.allow_mmap_writes: 0
[19134] 01-07 05:05:14,819 INFO [RocksDB]                       Options.use_direct_reads: 0
[19134] 01-07 05:05:14,819 INFO [RocksDB]                       Options.use_direct_io_for_flush_and_compaction: 0
[19134] 01-07 05:05:14,819 INFO [RocksDB]         Options.create_missing_column_families: 0
[19134] 01-07 05:05:14,819 INFO [RocksDB]                             Options.db_log_dir: 
[19134] 01-07 05:05:14,819 INFO [RocksDB]                                Options.wal_dir: /home/ubuntu/ardb/data/rocksdb
[19134] 01-07 05:05:14,819 INFO [RocksDB]               Options.table_cache_numshardbits: 6
[19134] 01-07 05:05:14,819 INFO [RocksDB]                     Options.max_subcompactions: 1
[19134] 01-07 05:05:14,819 INFO [RocksDB]                 Options.max_background_flushes: -1
[19134] 01-07 05:05:14,819 INFO [RocksDB]                        Options.WAL_ttl_seconds: 0
[19134] 01-07 05:05:14,819 INFO [RocksDB]                      Options.WAL_size_limit_MB: 0
[19134] 01-07 05:05:14,819 INFO [RocksDB]            Options.manifest_preallocation_size: 4194304
[19134] 01-07 05:05:14,819 INFO [RocksDB]                    Options.is_fd_close_on_exec: 1
[19134] 01-07 05:05:14,819 INFO [RocksDB]                  Options.advise_random_on_open: 1
[19134] 01-07 05:05:14,819 INFO [RocksDB]                   Options.db_write_buffer_size: 0
[19134] 01-07 05:05:14,819 INFO [RocksDB]                   Options.write_buffer_manager: 0x7fa2f43fa7d0
[19134] 01-07 05:05:14,819 INFO [RocksDB]        Options.access_hint_on_compaction_start: 1
[19134] 01-07 05:05:14,819 INFO [RocksDB] Options.new_table_reader_for_compaction_inputs: 0
[19134] 01-07 05:05:14,819 INFO [RocksDB]          Options.random_access_max_buffer_size: 1048576
[19134] 01-07 05:05:14,819 INFO [RocksDB]                     Options.use_adaptive_mutex: 1
[19134] 01-07 05:05:14,819 INFO [RocksDB]                           Options.rate_limiter: 0x7fa2f3c38540
[19134] 01-07 05:05:14,819 INFO [RocksDB]    Options.sst_file_manager.rate_bytes_per_sec: 0
[19134] 01-07 05:05:14,819 INFO [RocksDB]                      Options.wal_recovery_mode: 2
[19134] 01-07 05:05:14,819 INFO [RocksDB]                 Options.enable_thread_tracking: 0
[19134] 01-07 05:05:14,819 INFO [RocksDB]                 Options.enable_pipelined_write: 1
[19134] 01-07 05:05:14,819 INFO [RocksDB]        Options.allow_concurrent_memtable_write: 1
[19134] 01-07 05:05:14,819 INFO [RocksDB]     Options.enable_write_thread_adaptive_yield: 1
[19134] 01-07 05:05:14,819 INFO [RocksDB]            Options.write_thread_max_yield_usec: 100
[19134] 01-07 05:05:14,819 INFO [RocksDB]           Options.write_thread_slow_yield_usec: 3
[19134] 01-07 05:05:14,819 INFO [RocksDB]                              Options.row_cache: None
[19134] 01-07 05:05:14,819 INFO [RocksDB]                             Options.wal_filter: None
[19134] 01-07 05:05:14,819 INFO [RocksDB]            Options.avoid_flush_during_recovery: 0
[19134] 01-07 05:05:14,819 INFO [RocksDB]            Options.allow_ingest_behind: 0
[19134] 01-07 05:05:14,819 INFO [RocksDB]            Options.preserve_deletes: 0
[19134] 01-07 05:05:14,819 INFO [RocksDB]            Options.two_write_queues: 0
[19134] 01-07 05:05:14,819 INFO [RocksDB]            Options.manual_wal_flush: 0
[19134] 01-07 05:05:14,819 INFO [RocksDB]            Options.max_background_jobs: 16
[19134] 01-07 05:05:14,819 INFO [RocksDB]            Options.max_background_compactions: -1
[19134] 01-07 05:05:14,819 INFO [RocksDB]            Options.avoid_flush_during_shutdown: 0
[19134] 01-07 05:05:14,819 INFO [RocksDB]          Options.writable_file_max_buffer_size: 1048576
[19134] 01-07 05:05:14,819 INFO [RocksDB]            Options.delayed_write_rate : 52428800
[19134] 01-07 05:05:14,819 INFO [RocksDB]            Options.max_total_wal_size: 0
[19134] 01-07 05:05:14,819 INFO [RocksDB]            Options.delete_obsolete_files_period_micros: 21600000000
[19134] 01-07 05:05:14,819 INFO [RocksDB]                  Options.stats_dump_period_sec: 100000
[19134] 01-07 05:05:14,819 INFO [RocksDB]                         Options.max_open_files: 1024
[19134] 01-07 05:05:14,819 INFO [RocksDB]                         Options.bytes_per_sync: 1048576
[19134] 01-07 05:05:14,819 INFO [RocksDB]                     Options.wal_bytes_per_sync: 0
[19134] 01-07 05:05:14,819 INFO [RocksDB]      Options.compaction_readahead_size: 0
[19134] 01-07 05:05:14,819 INFO [RocksDB]Compression algorithms supported:
[19134] 01-07 05:05:14,819 INFO [RocksDB]	kZSTDNotFinalCompression supported: 0
[19134] 01-07 05:05:14,819 INFO [RocksDB]	kZSTD supported: 0
[19134] 01-07 05:05:14,819 INFO [RocksDB]	kXpressCompression supported: 0
[19134] 01-07 05:05:14,819 INFO [RocksDB]	kLZ4HCCompression supported: 0
[19134] 01-07 05:05:14,819 INFO [RocksDB]	kLZ4Compression supported: 0
[19134] 01-07 05:05:14,819 INFO [RocksDB]	kBZip2Compression supported: 0
[19134] 01-07 05:05:14,819 INFO [RocksDB]	kZlibCompression supported: 1
[19134] 01-07 05:05:14,819 INFO [RocksDB]	kSnappyCompression supported: 1
[19134] 01-07 05:05:14,819 INFO [RocksDB]Fast CRC32 supported: Supported on x86
[19134] 01-07 05:05:14,819 INFO [RocksDB][db/db_impl_open.cc:222] Creating manifest 1 

[19134] 01-07 05:05:14,826 INFO [RocksDB][db/version_set.cc:3085] Recovering from manifest file: MANIFEST-000001

[19134] 01-07 05:05:14,827 INFO [RocksDB][db/column_family.cc:475] --------------- Options for column family [default]:

[19134] 01-07 05:05:14,827 INFO [RocksDB]              Options.comparator: ardb.comparator
[19134] 01-07 05:05:14,827 INFO [RocksDB]          Options.merge_operator: ardb.merger
[19134] 01-07 05:05:14,827 INFO [RocksDB]       Options.compaction_filter: None
[19134] 01-07 05:05:14,827 INFO [RocksDB]       Options.compaction_filter_factory: ardb.compact_filter_factory
[19134] 01-07 05:05:14,827 INFO [RocksDB]        Options.memtable_factory: SkipListFactory
[19134] 01-07 05:05:14,827 INFO [RocksDB]           Options.table_factory: BlockBasedTable
[19134] 01-07 05:05:14,827 INFO [RocksDB]           table_factory options:   flush_block_policy_factory: FlushBlockBySizePolicyFactory (0x7fa2f4208018)
  cache_index_and_filter_blocks: 0
  cache_index_and_filter_blocks_with_high_priority: 0
  pin_l0_filter_and_index_blocks_in_cache: 0
  index_type: 0
  hash_index_allow_collision: 1
  checksum: 1
  no_block_cache: 0
  block_cache: 0x7fa2f4281cf0
  block_cache_name: LRUCache
  block_cache_options:
    capacity : 536870912
    num_shard_bits : 6
    strict_capacity_limit : 0
    high_pri_pool_ratio: 0.000
  block_cache_compressed: (nil)
  persistent_cache: (nil)
  block_size: 4096
  block_size_deviation: 10
  block_restart_interval: 16
  index_block_restart_interval: 1
  metadata_block_size: 4096
  partition_filters: 0
  use_delta_encoding: 1
  filter_policy: rocksdb.BuiltinBloomFilter
  whole_key_filtering: 1
  verify_compression: 0
  read_amp_bytes_per_bit: 0
  format_version: 2
  enable_index_compression: 1
  block_align: 0

[19134] 01-07 05:05:14,827 INFO [RocksDB]       Options.write_buffer_size: 268435456
[19134] 01-07 05:05:14,827 INFO [RocksDB] Options.max_write_buffer_number: 6
[19134] 01-07 05:05:14,827 INFO [RocksDB]       Options.compression[0]: NoCompression
[19134] 01-07 05:05:14,827 INFO [RocksDB]       Options.compression[1]: NoCompression
[19134] 01-07 05:05:14,827 INFO [RocksDB]       Options.compression[2]: Snappy
[19134] 01-07 05:05:14,827 INFO [RocksDB]       Options.compression[3]: Snappy
[19134] 01-07 05:05:14,827 INFO [RocksDB]       Options.compression[4]: Snappy
[19134] 01-07 05:05:14,827 INFO [RocksDB]       Options.compression[5]: Snappy
[19134] 01-07 05:05:14,827 INFO [RocksDB]       Options.compression[6]: Snappy
[19134] 01-07 05:05:14,827 INFO [RocksDB]                 Options.bottommost_compression: Disabled
[19134] 01-07 05:05:14,827 INFO [RocksDB]      Options.prefix_extractor: ardb.prefix_extractor
[19134] 01-07 05:05:14,827 INFO [RocksDB]  Options.memtable_insert_with_hint_prefix_extractor: nullptr
[19134] 01-07 05:05:14,827 INFO [RocksDB]            Options.num_levels: 7
[19134] 01-07 05:05:14,827 INFO [RocksDB]       Options.min_write_buffer_number_to_merge: 2
[19134] 01-07 05:05:14,827 INFO [RocksDB]    Options.max_write_buffer_number_to_maintain: 0
[19134] 01-07 05:05:14,827 INFO [RocksDB]           Options.compression_opts.window_bits: -14
[19134] 01-07 05:05:14,827 INFO [RocksDB]                 Options.compression_opts.level: -1
[19134] 01-07 05:05:14,827 INFO [RocksDB]              Options.compression_opts.strategy: 0
[19134] 01-07 05:05:14,827 INFO [RocksDB]        Options.compression_opts.max_dict_bytes: 0
[19134] 01-07 05:05:14,827 INFO [RocksDB]        Options.compression_opts.zstd_max_train_bytes: 0
[19134] 01-07 05:05:14,827 INFO [RocksDB]     Options.level0_file_num_compaction_trigger: 2
[19134] 01-07 05:05:14,827 INFO [RocksDB]         Options.level0_slowdown_writes_trigger: 20
[19134] 01-07 05:05:14,827 INFO [RocksDB]             Options.level0_stop_writes_trigger: 36
[19134] 01-07 05:05:14,827 INFO [RocksDB]                  Options.target_file_size_base: 67108864
[19134] 01-07 05:05:14,827 INFO [RocksDB]            Options.target_file_size_multiplier: 1
[19134] 01-07 05:05:14,827 INFO [RocksDB]               Options.max_bytes_for_level_base: 536870912
[19134] 01-07 05:05:14,827 INFO [RocksDB]Options.level_compaction_dynamic_level_bytes: 0
[19134] 01-07 05:05:14,827 INFO [RocksDB]         Options.max_bytes_for_level_multiplier: 10.000000
[19134] 01-07 05:05:14,827 INFO [RocksDB]Options.max_bytes_for_level_multiplier_addtl[0]: 1
[19134] 01-07 05:05:14,827 INFO [RocksDB]Options.max_bytes_for_level_multiplier_addtl[1]: 1
[19134] 01-07 05:05:14,827 INFO [RocksDB]Options.max_bytes_for_level_multiplier_addtl[2]: 1
[19134] 01-07 05:05:14,827 INFO [RocksDB]Options.max_bytes_for_level_multiplier_addtl[3]: 1
[19134] 01-07 05:05:14,827 INFO [RocksDB]Options.max_bytes_for_level_multiplier_addtl[4]: 1
[19134] 01-07 05:05:14,827 INFO [RocksDB]Options.max_bytes_for_level_multiplier_addtl[5]: 1
[19134] 01-07 05:05:14,827 INFO [RocksDB]Options.max_bytes_for_level_multiplier_addtl[6]: 1
[19134] 01-07 05:05:14,827 INFO [RocksDB]      Options.max_sequential_skip_in_iterations: 8
[19134] 01-07 05:05:14,827 INFO [RocksDB]                   Options.max_compaction_bytes: 1677721600
[19134] 01-07 05:05:14,827 INFO [RocksDB]                       Options.arena_block_size: 33554432
[19134] 01-07 05:05:14,827 INFO [RocksDB]  Options.soft_pending_compaction_bytes_limit: 68719476736
[19134] 01-07 05:05:14,827 INFO [RocksDB]  Options.hard_pending_compaction_bytes_limit: 274877906944
[19134] 01-07 05:05:14,827 INFO [RocksDB]      Options.rate_limit_delay_max_milliseconds: 100
[19134] 01-07 05:05:14,827 INFO [RocksDB]               Options.disable_auto_compactions: 0
[19134] 01-07 05:05:14,827 INFO [RocksDB]                       Options.compaction_style: kCompactionStyleLevel
[19134] 01-07 05:05:14,827 INFO [RocksDB]                         Options.compaction_pri: kByCompensatedSize
[19134] 01-07 05:05:14,827 INFO [RocksDB]Options.compaction_options_universal.size_ratio: 1
[19134] 01-07 05:05:14,827 INFO [RocksDB]Options.compaction_options_universal.min_merge_width: 2
[19134] 01-07 05:05:14,827 INFO [RocksDB]Options.compaction_options_universal.max_merge_width: 4294967295
[19134] 01-07 05:05:14,827 INFO [RocksDB]Options.compaction_options_universal.max_size_amplification_percent: 200
[19134] 01-07 05:05:14,827 INFO [RocksDB]Options.compaction_options_universal.compression_size_percent: -1
[19134] 01-07 05:05:14,827 INFO [RocksDB]Options.compaction_options_universal.stop_style: kCompactionStopStyleTotalSize
[19134] 01-07 05:05:14,827 INFO [RocksDB]Options.compaction_options_fifo.max_table_files_size: 1073741824
[19134] 01-07 05:05:14,827 INFO [RocksDB]Options.compaction_options_fifo.allow_compaction: 0
[19134] 01-07 05:05:14,827 INFO [RocksDB]Options.compaction_options_fifo.ttl: 0
[19134] 01-07 05:05:14,827 INFO [RocksDB]                  Options.table_properties_collectors: 
[19134] 01-07 05:05:14,827 INFO [RocksDB]                  Options.inplace_update_support: 0
[19134] 01-07 05:05:14,827 INFO [RocksDB]                Options.inplace_update_num_locks: 10000
[19134] 01-07 05:05:14,827 INFO [RocksDB]              Options.memtable_prefix_bloom_size_ratio: 0.000000
[19134] 01-07 05:05:14,827 INFO [RocksDB]  Options.memtable_huge_page_size: 0
[19134] 01-07 05:05:14,827 INFO [RocksDB]                          Options.bloom_locality: 0
[19134] 01-07 05:05:14,827 INFO [RocksDB]                   Options.max_successive_merges: 0
[19134] 01-07 05:05:14,827 INFO [RocksDB]               Options.optimize_filters_for_hits: 0
[19134] 01-07 05:05:14,827 INFO [RocksDB]               Options.paranoid_file_checks: 0
[19134] 01-07 05:05:14,827 INFO [RocksDB]               Options.force_consistency_checks: 0
[19134] 01-07 05:05:14,827 INFO [RocksDB]               Options.report_bg_io_stats: 0
[19134] 01-07 05:05:14,827 INFO [RocksDB]                              Options.ttl: 0
[19134] 01-07 05:05:14,827 INFO [RocksDB][db/version_set.cc:3361] Recovered from manifest file:/home/ubuntu/ardb/data/rocksdb/MANIFEST-000001 succeeded,manifest_file_number is 1, next_file_number is 3, last_sequence is 0, log_number is 0,prev_log_number is 0,max_column_family is 0,min_log_number_to_keep is 0

[19134] 01-07 05:05:14,827 INFO [RocksDB][db/version_set.cc:3369] Column family [default] (ID 0), log number is 0

[19134] 01-07 05:05:14,831 INFO [RocksDB][db/db_impl_open.cc:1219] DB pointer 0x7fa2f3bbe000
[19134] 01-07 05:05:14,831 INFO Ardb init engine:rocksdb success.
[19134] 01-07 05:05:14,833 INFO Ardb will accept connections on 0.0.0.0:16379
[19134] 01-07 05:05:14,834 INFO Ardb started with version 0.10.0
[19134] 01-07 05:05:15,834 INFO ========================Period Statistics Dump Begin===========================
[19134] 01-07 05:05:15,834 INFO slave_sync_total_commands_processed:0
[19134] 01-07 05:05:15,834 INFO slave_sync_instantaneous_ops_per_sec:0
[19134] 01-07 05:05:15,834 INFO total_commands_processed:0
[19134] 01-07 05:05:15,834 INFO instantaneous_ops_per_sec:0
[19134] 01-07 05:05:15,834 INFO total_connections_received:0
[19134] 01-07 05:05:15,834 INFO rejected_connections:0
[19134] 01-07 05:05:15,834 INFO ========================Period Statistics Dump End===========================
[19134] 01-07 05:05:27,360 INFO [RocksDB][db/version_set.cc:2847] Creating manifest 6

[19134] 01-07 05:05:27,366 INFO [RocksDB][db/column_family.cc:475] --------------- Options for column family [0]:

[19134] 01-07 05:05:27,366 INFO [RocksDB]              Options.comparator: ardb.comparator
[19134] 01-07 05:05:27,366 INFO [RocksDB]          Options.merge_operator: ardb.merger
[19134] 01-07 05:05:27,366 INFO [RocksDB]       Options.compaction_filter: None
[19134] 01-07 05:05:27,366 INFO [RocksDB]       Options.compaction_filter_factory: ardb.compact_filter_factory
[19134] 01-07 05:05:27,366 INFO [RocksDB]        Options.memtable_factory: SkipListFactory
[19134] 01-07 05:05:27,366 INFO [RocksDB]           Options.table_factory: BlockBasedTable
[19134] 01-07 05:05:27,366 INFO [RocksDB]           table_factory options:   flush_block_policy_factory: FlushBlockBySizePolicyFactory (0x7fa2f4208018)
  cache_index_and_filter_blocks: 0
  cache_index_and_filter_blocks_with_high_priority: 0
  pin_l0_filter_and_index_blocks_in_cache: 0
  index_type: 0
  hash_index_allow_collision: 1
  checksum: 1
  no_block_cache: 0
  block_cache: 0x7fa2f4281cf0
  block_cache_name: LRUCache
  block_cache_options:
    capacity : 536870912
    num_shard_bits : 6
    strict_capacity_limit : 0
    high_pri_pool_ratio: 0.000
  block_cache_compressed: (nil)
  persistent_cache: (nil)
  block_size: 4096
  block_size_deviation: 10
  block_restart_interval: 16
  index_block_restart_interval: 1
  metadata_block_size: 4096
  partition_filters: 0
  use_delta_encoding: 1
  filter_policy: rocksdb.BuiltinBloomFilter
  whole_key_filtering: 1
  verify_compression: 0
  read_amp_bytes_per_bit: 0
  format_version: 2
  enable_index_compression: 1
  block_align: 0

[19134] 01-07 05:05:27,366 INFO [RocksDB]       Options.write_buffer_size: 268435456
[19134] 01-07 05:05:27,366 INFO [RocksDB] Options.max_write_buffer_number: 6
[19134] 01-07 05:05:27,366 INFO [RocksDB]       Options.compression[0]: NoCompression
[19134] 01-07 05:05:27,366 INFO [RocksDB]       Options.compression[1]: NoCompression
[19134] 01-07 05:05:27,366 INFO [RocksDB]       Options.compression[2]: Snappy
[19134] 01-07 05:05:27,366 INFO [RocksDB]       Options.compression[3]: Snappy
[19134] 01-07 05:05:27,366 INFO [RocksDB]       Options.compression[4]: Snappy
[19134] 01-07 05:05:27,366 INFO [RocksDB]       Options.compression[5]: Snappy
[19134] 01-07 05:05:27,366 INFO [RocksDB]       Options.compression[6]: Snappy
[19134] 01-07 05:05:27,366 INFO [RocksDB]                 Options.bottommost_compression: Disabled
[19134] 01-07 05:05:27,366 INFO [RocksDB]      Options.prefix_extractor: ardb.prefix_extractor
[19134] 01-07 05:05:27,366 INFO [RocksDB]  Options.memtable_insert_with_hint_prefix_extractor: nullptr
[19134] 01-07 05:05:27,366 INFO [RocksDB]            Options.num_levels: 7
[19134] 01-07 05:05:27,366 INFO [RocksDB]       Options.min_write_buffer_number_to_merge: 2
[19134] 01-07 05:05:27,366 INFO [RocksDB]    Options.max_write_buffer_number_to_maintain: 0
[19134] 01-07 05:05:27,366 INFO [RocksDB]           Options.compression_opts.window_bits: -14
[19134] 01-07 05:05:27,366 INFO [RocksDB]                 Options.compression_opts.level: -1
[19134] 01-07 05:05:27,366 INFO [RocksDB]              Options.compression_opts.strategy: 0
[19134] 01-07 05:05:27,366 INFO [RocksDB]        Options.compression_opts.max_dict_bytes: 0
[19134] 01-07 05:05:27,366 INFO [RocksDB]        Options.compression_opts.zstd_max_train_bytes: 0
[19134] 01-07 05:05:27,366 INFO [RocksDB]     Options.level0_file_num_compaction_trigger: 2
[19134] 01-07 05:05:27,366 INFO [RocksDB]         Options.level0_slowdown_writes_trigger: 20
[19134] 01-07 05:05:27,366 INFO [RocksDB]             Options.level0_stop_writes_trigger: 36
[19134] 01-07 05:05:27,366 INFO [RocksDB]                  Options.target_file_size_base: 67108864
[19134] 01-07 05:05:27,366 INFO [RocksDB]            Options.target_file_size_multiplier: 1
[19134] 01-07 05:05:27,366 INFO [RocksDB]               Options.max_bytes_for_level_base: 536870912
[19134] 01-07 05:05:27,366 INFO [RocksDB]Options.level_compaction_dynamic_level_bytes: 0
[19134] 01-07 05:05:27,366 INFO [RocksDB]         Options.max_bytes_for_level_multiplier: 10.000000
[19134] 01-07 05:05:27,366 INFO [RocksDB]Options.max_bytes_for_level_multiplier_addtl[0]: 1
[19134] 01-07 05:05:27,366 INFO [RocksDB]Options.max_bytes_for_level_multiplier_addtl[1]: 1
[19134] 01-07 05:05:27,366 INFO [RocksDB]Options.max_bytes_for_level_multiplier_addtl[2]: 1
[19134] 01-07 05:05:27,366 INFO [RocksDB]Options.max_bytes_for_level_multiplier_addtl[3]: 1
[19134] 01-07 05:05:27,366 INFO [RocksDB]Options.max_bytes_for_level_multiplier_addtl[4]: 1
[19134] 01-07 05:05:27,366 INFO [RocksDB]Options.max_bytes_for_level_multiplier_addtl[5]: 1
[19134] 01-07 05:05:27,366 INFO [RocksDB]Options.max_bytes_for_level_multiplier_addtl[6]: 1
[19134] 01-07 05:05:27,366 INFO [RocksDB]      Options.max_sequential_skip_in_iterations: 8
[19134] 01-07 05:05:27,366 INFO [RocksDB]                   Options.max_compaction_bytes: 1677721600
[19134] 01-07 05:05:27,366 INFO [RocksDB]                       Options.arena_block_size: 33554432
[19134] 01-07 05:05:27,366 INFO [RocksDB]  Options.soft_pending_compaction_bytes_limit: 68719476736
[19134] 01-07 05:05:27,366 INFO [RocksDB]  Options.hard_pending_compaction_bytes_limit: 274877906944
[19134] 01-07 05:05:27,366 INFO [RocksDB]      Options.rate_limit_delay_max_milliseconds: 100
[19134] 01-07 05:05:27,366 INFO [RocksDB]               Options.disable_auto_compactions: 0
[19134] 01-07 05:05:27,366 INFO [RocksDB]                       Options.compaction_style: kCompactionStyleLevel
[19134] 01-07 05:05:27,366 INFO [RocksDB]                         Options.compaction_pri: kByCompensatedSize
[19134] 01-07 05:05:27,366 INFO [RocksDB]Options.compaction_options_universal.size_ratio: 1
[19134] 01-07 05:05:27,366 INFO [RocksDB]Options.compaction_options_universal.min_merge_width: 2
[19134] 01-07 05:05:27,366 INFO [RocksDB]Options.compaction_options_universal.max_merge_width: 4294967295
[19134] 01-07 05:05:27,366 INFO [RocksDB]Options.compaction_options_universal.max_size_amplification_percent: 200
[19134] 01-07 05:05:27,366 INFO [RocksDB]Options.compaction_options_universal.compression_size_percent: -1
[19134] 01-07 05:05:27,366 INFO [RocksDB]Options.compaction_options_universal.stop_style: kCompactionStopStyleTotalSize
[19134] 01-07 05:05:27,366 INFO [RocksDB]Options.compaction_options_fifo.max_table_files_size: 1073741824
[19134] 01-07 05:05:27,366 INFO [RocksDB]Options.compaction_options_fifo.allow_compaction: 0
[19134] 01-07 05:05:27,366 INFO [RocksDB]Options.compaction_options_fifo.ttl: 0
[19134] 01-07 05:05:27,366 INFO [RocksDB]                  Options.table_properties_collectors: 
[19134] 01-07 05:05:27,366 INFO [RocksDB]                  Options.inplace_update_support: 0
[19134] 01-07 05:05:27,366 INFO [RocksDB]                Options.inplace_update_num_locks: 10000
[19134] 01-07 05:05:27,366 INFO [RocksDB]              Options.memtable_prefix_bloom_size_ratio: 0.000000
[19134] 01-07 05:05:27,366 INFO [RocksDB]  Options.memtable_huge_page_size: 0
[19134] 01-07 05:05:27,366 INFO [RocksDB]                          Options.bloom_locality: 0
[19134] 01-07 05:05:27,366 INFO [RocksDB]                   Options.max_successive_merges: 0
[19134] 01-07 05:05:27,366 INFO [RocksDB]               Options.optimize_filters_for_hits: 0
[19134] 01-07 05:05:27,366 INFO [RocksDB]               Options.paranoid_file_checks: 0
[19134] 01-07 05:05:27,366 INFO [RocksDB]               Options.force_consistency_checks: 0
[19134] 01-07 05:05:27,366 INFO [RocksDB]               Options.report_bg_io_stats: 0
[19134] 01-07 05:05:27,366 INFO [RocksDB]                              Options.ttl: 0
[19134] 01-07 05:05:27,366 INFO [RocksDB][db/db_impl.cc:1396] Created column family [0] (ID 1)
[19134] 01-07 05:05:27,369 INFO Create ColumnFamilyHandle with name:0 success.
[19134] 01-07 05:05:35,193 INFO [RocksDB][db/db_impl_write.cc:1373] [0] New memtable created with log file: #9. Immutable memtables: 0.

[19134] 01-07 05:05:43,241 INFO [RocksDB][db/db_impl_write.cc:1373] [0] New memtable created with log file: #10. Immutable memtables: 1.

[19134] 01-07 05:05:43,241 INFO [RocksDB][db/db_impl_compaction_flush.cc:80] [JOB 2] Syncing log #3
[19134] 01-07 05:05:43,775 INFO [RocksDB][db/db_impl_compaction_flush.cc:80] [JOB 2] Syncing log #9
[19134] 01-07 05:05:45,187 INFO [RocksDB](Original Log Time 2020/01/07-05:05:43.241867) [db/db_impl_compaction_flush.cc:1424] Calling FlushMemTableToOutputFile with column family [0], flush slots available 4, compaction slots available 1, flush slots scheduled 1, compaction slots scheduled 0
[19134] 01-07 05:05:45,187 INFO [RocksDB][db/flush_job.cc:301] [0] [JOB 2] Flushing memtable with next log file: 9

[19134] 01-07 05:05:45,187 INFO [RocksDB][db/flush_job.cc:301] [0] [JOB 2] Flushing memtable with next log file: 10

[19134] 01-07 05:05:45,187 INFO [RocksDB]EVENT_LOG_v1 {"time_micros": 1578373545187961, "job": 2, "event": "flush_started", "num_memtables": 2, "num_entries": 3315495, "num_deletes": 0, "memory_usage": 520100840, "flush_reason": "Write Buffer Full"}
[19134] 01-07 05:05:45,187 INFO [RocksDB][db/flush_job.cc:331] [0] [JOB 2] Level-0 flush table #11: started
[19134] 01-07 05:05:52,141 INFO [RocksDB]EVENT_LOG_v1 {"time_micros": 1578373552141204, "cf_name": "0", "job": 2, "event": "table_file_creation", "file_number": 11, "file_size": 322391144, "table_properties": {"data_size": 313235599, "index_size": 4201557, "filter_size": 4952946, "raw_key_size": 130474049, "raw_average_key_size": 42, "raw_value_size": 250914066, "raw_average_value_size": 81, "num_data_blocks": 78043, "num_entries": 3078682, "filter_policy_name": "rocksdb.BuiltinBloomFilter", "kDeletedKeys": "0", "kMergeOperands": "0"}}
[19134] 01-07 05:05:52,141 INFO [RocksDB][db/flush_job.cc:371] [0] [JOB 2] Level-0 flush table #11: 322391144 bytes OK
[19134] 01-07 05:05:52,144 INFO [RocksDB](Original Log Time 2020/01/07-05:05:52.142395) [db/memtable_list.cc:377] [0] Level-0 commit table #11 started
[19134] 01-07 05:05:52,144 INFO [RocksDB](Original Log Time 2020/01/07-05:05:52.144081) [db/memtable_list.cc:409] [0] Level-0 commit table #11: memtable #1 done
[19134] 01-07 05:05:52,144 INFO [RocksDB](Original Log Time 2020/01/07-05:05:52.144086) [db/memtable_list.cc:409] [0] Level-0 commit table #11: memtable #2 done
[19134] 01-07 05:05:52,144 INFO [RocksDB](Original Log Time 2020/01/07-05:05:52.144096) EVENT_LOG_v1 {"time_micros": 1578373552144091, "job": 2, "event": "flush_finished", "output_compression": "NoCompression", "lsm_state": [1, 0, 0, 0, 0, 0, 0], "immutable_memtables": 0}
[19134] 01-07 05:05:52,144 INFO [RocksDB](Original Log Time 2020/01/07-05:05:52.144108) [db/db_impl_compaction_flush.cc:177] [0] Level summary: base level 1 max bytes base 536870912 files[1 0 0 0 0 0 0] max score 0.60

[19134] 01-07 05:05:52,144 INFO [RocksDB][db/db_impl_files.cc:342] [JOB 2] Try to delete WAL files size 391492003, prev total WAL file size 577071691, number of live WAL files 3.

[19134] 01-07 05:05:52,469 INFO [RocksDB][db/db_impl_write.cc:1373] [0] New memtable created with log file: #12. Immutable memtables: 0.

[19134] 01-07 05:06:00,305 INFO [RocksDB][db/db_impl_write.cc:1373] [0] New memtable created with log file: #13. Immutable memtables: 1.

[19134] 01-07 05:06:00,305 INFO [RocksDB][db/db_impl_compaction_flush.cc:80] [JOB 3] Syncing log #10
[19134] 01-07 05:06:00,762 INFO [RocksDB][db/db_impl_compaction_flush.cc:80] [JOB 3] Syncing log #12
[19134] 01-07 05:06:02,714 INFO [RocksDB](Original Log Time 2020/01/07-05:06:00.305393) [db/db_impl_compaction_flush.cc:1424] Calling FlushMemTableToOutputFile with column family [0], flush slots available 4, compaction slots available 1, flush slots scheduled 1, compaction slots scheduled 0
[19134] 01-07 05:06:02,714 INFO [RocksDB][db/flush_job.cc:301] [0] [JOB 3] Flushing memtable with next log file: 12

[19134] 01-07 05:06:02,714 INFO [RocksDB][db/flush_job.cc:301] [0] [JOB 3] Flushing memtable with next log file: 13

[19134] 01-07 05:06:02,714 INFO [RocksDB]EVENT_LOG_v1 {"time_micros": 1578373562714290, "job": 3, "event": "flush_started", "num_memtables": 2, "num_entries": 3115837, "num_deletes": 0, "memory_usage": 520100808, "flush_reason": "Write Buffer Full"}
[19134] 01-07 05:06:02,714 INFO [RocksDB][db/flush_job.cc:331] [0] [JOB 3] Level-0 flush table #14: started
[19134] 01-07 05:06:08,572 INFO [RocksDB]EVENT_LOG_v1 {"time_micros": 1578373568572605, "cf_name": "0", "job": 3, "event": "table_file_creation", "file_number": 14, "file_size": 302923463, "table_properties": {"data_size": 294323392, "index_size": 3944535, "filter_size": 4654494, "raw_key_size": 122615113, "raw_average_key_size": 42, "raw_value_size": 235802091, "raw_average_value_size": 81, "num_data_blocks": 73333, "num_entries": 2893279, "filter_policy_name": "rocksdb.BuiltinBloomFilter", "kDeletedKeys": "0", "kMergeOperands": "0"}}
[19134] 01-07 05:06:08,572 INFO [RocksDB][db/flush_job.cc:371] [0] [JOB 3] Level-0 flush table #14: 302923463 bytes OK
[19134] 01-07 05:06:08,575 INFO [RocksDB](Original Log Time 2020/01/07-05:06:08.573812) [db/memtable_list.cc:377] [0] Level-0 commit table #14 started
[19134] 01-07 05:06:08,575 INFO [RocksDB](Original Log Time 2020/01/07-05:06:08.575451) [db/memtable_list.cc:409] [0] Level-0 commit table #14: memtable #1 done
[19134] 01-07 05:06:08,575 INFO [RocksDB](Original Log Time 2020/01/07-05:06:08.575451) [db/memtable_list.cc:409] [0] Level-0 commit table #14: memtable #2 done
[19134] 01-07 05:06:08,575 INFO [RocksDB](Original Log Time 2020/01/07-05:06:08.575463) EVENT_LOG_v1 {"time_micros": 1578373568575457, "job": 3, "event": "flush_finished", "output_compression": "NoCompression", "lsm_state": [2, 0, 0, 0, 0, 0, 0], "immutable_memtables": 0}
[19134] 01-07 05:06:08,575 INFO [RocksDB](Original Log Time 2020/01/07-05:06:08.575477) [db/db_impl_compaction_flush.cc:177] [0] Level summary: base level 1 max bytes base 536870912 files[2 0 0 0 0 0 0] max score 1.16

[19134] 01-07 05:06:08,575 INFO [RocksDB][db/db_impl_files.cc:342] [JOB 3] Try to delete WAL files size 367985010, prev total WAL file size 533225696, number of live WAL files 3.

[19134] 01-07 05:06:08,575 WARN [RocksDB][db/db_impl.cc:491] ------- DUMPING STATS -------
[19134] 01-07 05:06:08,575 WARN [RocksDB][db/db_impl.cc:492] 
** DB Stats **
Uptime(secs): 53.7 total, 53.7 interval
Cumulative writes: 1118K writes, 7830K keys, 1118K commit groups, 1.0 writes per commit group, ingest: 0.86 GB, 16.41 MB/s
Cumulative WAL: 1118K writes, 0 syncs, 1118634.00 writes per sync, written: 0.86 GB, 16.41 MB/s
Cumulative stall: 00:00:0.000 H:M:S, 0.0 percent
Interval writes: 1118K writes, 7830K keys, 1118K commit groups, 1.0 writes per commit group, ingest: 881.88 MB, 16.41 MB/s
Interval WAL: 1118K writes, 0 syncs, 1118634.00 writes per sync, written: 0.86 MB, 16.41 MB/s
Interval stall: 00:00:0.000 H:M:S, 0.0 percent

** Compaction Stats [default] **
Level    Files   Size     Score Read(GB)  Rn(GB) Rnp1(GB) Write(GB) Wnew(GB) Moved(GB) W-Amp Rd(MB/s) Wr(MB/s) Comp(sec) Comp(cnt) Avg(sec) KeyIn KeyDrop
----------------------------------------------------------------------------------------------------------------------------------------------------------
 Sum      0/0    0.00 KB   0.0      0.0     0.0      0.0       0.0     
[19134] 01-07 05:06:08,575 INFO [RocksDB][db/compaction_job.cc:1531] [0] [JOB 4] Compacting 2@0 files to L1, score 1.16
[19134] 01-07 05:06:08,575 INFO [RocksDB][db/compaction_job.cc:1535] [0] Compaction start summary: Base version 4 Base level 0, inputs: [14(288MB) 11(307MB)]

[19134] 01-07 05:06:08,575 INFO [RocksDB]EVENT_LOG_v1 {"time_micros": 1578373568575866, "job": 4, "event": "compaction_started", "compaction_reason": "LevelL0FilesNum", "files_L0": [14, 11], "score": 1.16474, "input_data_size": 625314607}
[19134] 01-07 05:06:09,872 INFO [RocksDB][db/db_impl_write.cc:1373] [0] New memtable created with log file: #16. Immutable memtables: 0.

[19134] 01-07 05:06:09,974 INFO [RocksDB][db/compaction_job.cc:1211] [0] [JOB 4] Generated table #15: 1161810 keys, 69738991 bytes
[19134] 01-07 05:06:09,974 INFO [RocksDB]EVENT_LOG_v1 {"time_micros": 1578373569974911, "cf_name": "0", "job": 4, "event": "table_file_creation", "file_number": 15, "file_size": 69738991, "table_properties": {"data_size": 67111057, "index_size": 972490, "filter_size": 1654413, "raw_key_size": 55141667, "raw_average_key_size": 47, "raw_value_size": 29751815, "raw_average_value_size": 25, "num_data_blocks": 16607, "num_entries": 1161810, "filter_policy_name": "rocksdb.BuiltinBloomFilter", "kDeletedKeys": "0", "kMergeOperands": "0"}}
[19134] 01-07 05:06:11,280 INFO [RocksDB][db/compaction_job.cc:1211] [0] [JOB 4] Generated table #17: 597542 keys, 68988459 bytes
[19134] 01-07 05:06:11,280 INFO [RocksDB]EVENT_LOG_v1 {"time_micros": 1578373571280822, "cf_name": "0", "job": 4, "event": "table_file_creation", "file_number": 17, "file_size": 68988459, "table_properties": {"data_size": 67111667, "index_size": 887849, "filter_size": 987912, "raw_key_size": 24596529, "raw_average_key_size": 41, "raw_value_size": 56766490, "raw_average_value_size": 95, "num_data_blocks": 16738, "num_entries": 597542, "filter_policy_name": "rocksdb.BuiltinBloomFilter", "kDeletedKeys": "0", "kMergeOperands": "0"}}
[19134] 01-07 05:06:12,589 INFO [RocksDB][db/compaction_job.cc:1211] [0] [JOB 4] Generated table #18: 597523 keys, 68989613 bytes
[19134] 01-07 05:06:12,589 INFO [RocksDB]EVENT_LOG_v1 {"time_micros": 1578373572589687, "cf_name": "0", "job": 4, "event": "table_file_creation", "file_number": 18, "file_size": 68989613, "table_properties": {"data_size": 67112166, "index_size": 888509, "filter_size": 987907, "raw_key_size": 24594856, "raw_average_key_size": 41, "raw_value_size": 56764712, "raw_average_value_size": 95, "num_data_blocks": 16740, "num_entries": 597523, "filter_policy_name": "rocksdb.BuiltinBloomFilter", "kDeletedKeys": "0", "kMergeOperands": "0"}}
[19134] 01-07 05:06:13,971 INFO [RocksDB][db/compaction_job.cc:1211] [0] [JOB 4] Generated table #19: 597495 keys, 68986648 bytes
[19134] 01-07 05:06:13,971 INFO [RocksDB]EVENT_LOG_v1 {"time_micros": 1578373573971634, "cf_name": "0", "job": 4, "event": "table_file_creation", "file_number": 19, "file_size": 68986648, "table_properties": {"data_size": 67109600, "index_size": 888155, "filter_size": 987862, "raw_key_size": 24593157, "raw_average_key_size": 41, "raw_value_size": 56761998, "raw_average_value_size": 94, "num_data_blocks": 16739, "num_entries": 597495, "filter_policy_name": "rocksdb.BuiltinBloomFilter", "kDeletedKeys": "0", "kMergeOperands": "0"}}
[19134] 01-07 05:06:15,273 INFO [RocksDB][db/compaction_job.cc:1211] [0] [JOB 4] Generated table #20: 597516 keys, 68990532 bytes
[19134] 01-07 05:06:15,273 INFO [RocksDB]EVENT_LOG_v1 {"time_micros": 1578373575273043, "cf_name": "0", "job": 4, "event": "table_file_creation", "file_number": 20, "file_size": 68990532, "table_properties": {"data_size": 67112816, "index_size": 888785, "filter_size": 987900, "raw_key_size": 24595376, "raw_average_key_size": 41, "raw_value_size": 56763984, "raw_average_value_size": 94, "num_data_blocks": 16740, "num_entries": 597516, "filter_policy_name": "rocksdb.BuiltinBloomFilter", "kDeletedKeys": "0", "kMergeOperands": "0"}}
[19134] 01-07 05:06:16,601 INFO [RocksDB][db/compaction_job.cc:1211] [0] [JOB 4] Generated table #21: 597489 keys, 68986359 bytes
[19134] 01-07 05:06:16,601 INFO [RocksDB]EVENT_LOG_v1 {"time_micros": 1578373576601423, "cf_name": "0", "job": 4, "event": "table_file_creation", "file_number": 21, "file_size": 68986359, "table_properties": {"data_size": 67109138, "index_size": 888336, "filter_size": 987854, "raw_key_size": 24593452, "raw_average_key_size": 41, "raw_value_size": 56761473, "raw_average_value_size": 95, "num_data_blocks": 16739, "num_entries": 597489, "filter_policy_name": "rocksdb.BuiltinBloomFilter", "kDeletedKeys": "0", "kMergeOperands": "0"}}
[19134] 01-07 05:06:17,876 INFO [RocksDB][db/compaction_job.cc:1211] [0] [JOB 4] Generated table #22: 597518 keys, 68989352 bytes
[19134] 01-07 05:06:17,876 INFO [RocksDB]EVENT_LOG_v1 {"time_micros": 1578373577876746, "cf_name": "0", "job": 4, "event": "table_file_creation", "file_number": 22, "file_size": 68989352, "table_properties": {"data_size": 67111873, "index_size": 888546, "filter_size": 987902, "raw_key_size": 24594984, "raw_average_key_size": 41, "raw_value_size": 56764192, "raw_average_value_size": 94, "num_data_blocks": 16740, "num_entries": 597518, "filter_policy_name": "rocksdb.BuiltinBloomFilter", "kDeletedKeys": "0", "kMergeOperands": "0"}}
[19134] 01-07 05:06:19,131 INFO [RocksDB][db/db_impl_write.cc:1373] [0] New memtable created with log file: #24. Immutable memtables: 1.

[19134] 01-07 05:06:19,131 INFO [RocksDB][db/db_impl_compaction_flush.cc:80] [JOB 5] Syncing log #13
[19134] 01-07 05:06:19,641 INFO [RocksDB][db/compaction_job.cc:1211] [0] [JOB 4] Generated table #23: 597467 keys, 68986976 bytes
[19134] 01-07 05:06:19,641 INFO [RocksDB]EVENT_LOG_v1 {"time_micros": 1578373579641458, "cf_name": "0", "job": 4, "event": "table_file_creation", "file_number": 23, "file_size": 68986976, "table_properties": {"data_size": 67109149, "index_size": 888950, "filter_size": 987846, "raw_key_size": 24593317, "raw_average_key_size": 41, "raw_value_size": 56759383, "raw_average_value_size": 95, "num_data_blocks": 16741, "num_entries": 597467, "filter_policy_name": "rocksdb.BuiltinBloomFilter", "kDeletedKeys": "0", "kMergeOperands": "0"}}
[19134] 01-07 05:06:19,642 INFO [RocksDB][db/db_impl_compaction_flush.cc:80] [JOB 5] Syncing log #16
[19134] 01-07 05:06:22,200 INFO [RocksDB][db/compaction_job.cc:1211] [0] [JOB 4] Generated table #26: 597533 keys, 68987260 bytes
[19134] 01-07 05:06:22,200 INFO [RocksDB]EVENT_LOG_v1 {"time_micros": 1578373582200265, "cf_name": "0", "job": 4, "event": "table_file_creation", "file_number": 26, "file_size": 68987260, "table_properties": {"data_size": 67110534, "index_size": 887798, "filter_size": 987897, "raw_key_size": 24578134, "raw_average_key_size": 41, "raw_value_size": 56765653, "raw_average_value_size": 95, "num_data_blocks": 16738, "num_entries": 597533, "filter_policy_name": "rocksdb.BuiltinBloomFilter", "kDeletedKeys": "0", "kMergeOperands": "0"}}
[19134] 01-07 05:06:22,202 INFO [RocksDB](Original Log Time 2020/01/07-05:06:19.131602) [db/db_impl_compaction_flush.cc:1424] Calling FlushMemTableToOutputFile with column family [0], flush slots available 4, compaction slots available 1, flush slots scheduled 1, compaction slots scheduled 1
[19134] 01-07 05:06:22,202 INFO [RocksDB][db/flush_job.cc:301] [0] [JOB 5] Flushing memtable with next log file: 16

[19134] 01-07 05:06:22,202 INFO [RocksDB][db/flush_job.cc:301] [0] [JOB 5] Flushing memtable with next log file: 24

[19134] 01-07 05:06:22,202 INFO [RocksDB]EVENT_LOG_v1 {"time_micros": 1578373582202297, "job": 5, "event": "flush_started", "num_memtables": 2, "num_entries": 3283911, "num_deletes": 0, "memory_usage": 520101128, "flush_reason": "Write Buffer Full"}
[19134] 01-07 05:06:22,202 INFO [RocksDB][db/flush_job.cc:331] [0] [JOB 5] Level-0 flush table #25: started
[19134] 01-07 05:06:22,234 INFO [RocksDB][db/compaction_job.cc:1211] [0] [JOB 4] Generated table #27: 30067 keys, 3468170 bytes
[19134] 01-07 05:06:22,234 INFO [RocksDB]EVENT_LOG_v1 {"time_micros": 1578373582234760, "cf_name": "0", "job": 4, "event": "table_file_creation", "file_number": 27, "file_size": 3468170, "table_properties": {"data_size": 3374018, "index_size": 43417, "filter_size": 49706, "raw_key_size": 1207671, "raw_average_key_size": 40, "raw_value_size": 2856401, "raw_average_value_size": 95, "num_data_blocks": 842, "num_entries": 30067, "filter_policy_name": "rocksdb.BuiltinBloomFilter", "kDeletedKeys": "0", "kMergeOperands": "0"}}
[19134] 01-07 05:06:22,236 INFO [RocksDB][db/compaction_job.cc:1287] [0] [JOB 4] Compacted 2@0 files to L1 => 625112360 bytes
[19134] 01-07 05:06:22,237 INFO [RocksDB](Original Log Time 2020/01/07-05:06:22.237871) [db/compaction_job.cc:685] [0] compacted to: base level 1 max bytes base 536870912 files[0 10 0 0 0 0 0] max score 1.16, MB/sec: 45.8 rd, 45.8 wr, level 1, files in(2, 0) out(10) MB in(596.3, 0.0) out(596.2), read-write-amplify(2.0) write-amplify(1.0) OK, records in: 5971961, records dropped: 1 output_compression: NoCompression

[19134] 01-07 05:06:22,237 INFO [RocksDB](Original Log Time 2020/01/07-05:06:22.237885) EVENT_LOG_v1 {"time_micros": 1578373582237879, "job": 4, "event": "compaction_finished", "compaction_time_micros": 13660125, "output_level": 1, "num_output_files": 10, "total_output_size": 625112360, "num_input_records": 5971961, "num_output_records": 5971960, "num_subcompactions": 1, "output_compression": "NoCompression", "num_single_delete_mismatches": 0, "num_single_delete_fallthrough": 0, "lsm_state": [0, 10, 0, 0, 0, 0, 0]}
[19134] 01-07 05:06:22,238 INFO [RocksDB][db/compaction_job.cc:1531] [0] [JOB 6] Compacting 1@1 files to L2, score 1.16
[19134] 01-07 05:06:22,238 INFO [RocksDB][db/compaction_job.cc:1535] [0] Compaction start summary: Base version 5 Base level 1, inputs: [15(66MB)]

[19134] 01-07 05:06:22,238 INFO [RocksDB]EVENT_LOG_v1 {"time_micros": 1578373582238549, "job": 6, "event": "compaction_started", "compaction_reason": "LevelMaxLevelSize", "files_L1": [15], "score": 1.16436, "input_data_size": 69738991}
[19134] 01-07 05:06:25,541 INFO [RocksDB][db/compaction_job.cc:1211] [0] [JOB 6] Generated table #28: 1161810 keys, 55132672 bytes
[19134] 01-07 05:06:25,541 INFO [RocksDB]EVENT_LOG_v1 {"time_micros": 1578373585541103, "cf_name": "0", "job": 6, "event": "table_file_creation", "file_number": 28, "file_size": 55132672, "table_properties": {"data_size": 52975677, "index_size": 972186, "filter_size": 1626805, "raw_key_size": 55141667, "raw_average_key_size": 47, "raw_value_size": 29751815, "raw_average_value_size": 25, "num_data_blocks": 16607, "num_entries": 1161810, "filter_policy_name": "rocksdb.BuiltinBloomFilter", "kDeletedKeys": "0", "kMergeOperands": "0"}}
[19134] 01-07 05:06:25,542 INFO [RocksDB][db/compaction_job.cc:1287] [0] [JOB 6] Compacted 1@1 files to L2 => 55132672 bytes
[19134] 01-07 05:06:25,544 INFO [RocksDB](Original Log Time 2020/01/07-05:06:25.543994) [db/compaction_job.cc:685] [0] compacted to: base level 1 max bytes base 536870912 files[0 9 1 0 0 0 0] max score 1.03, MB/sec: 21.1 rd, 16.7 wr, level 2, files in(1, 0) out(1) MB in(66.5, 0.0) out(52.6), read-write-amplify(1.8) write-amplify(0.8) OK, records in: 1161810, records dropped: 0 output_compression: Snappy

[19134] 01-07 05:06:25,544 INFO [RocksDB](Original Log Time 2020/01/07-05:06:25.544023) EVENT_LOG_v1 {"time_micros": 1578373585544006, "job": 6, "event": "compaction_finished", "compaction_time_micros": 3303786, "output_level": 2, "num_output_files": 1, "total_output_size": 55132672, "num_input_records": 1161810, "num_output_records": 1161810, "num_subcompactions": 1, "output_compression": "Snappy", "num_single_delete_mismatches": 0, "num_single_delete_fallthrough": 0, "lsm_state": [0, 9, 1, 0, 0, 0, 0]}
[19134] 01-07 05:06:25,551 INFO [RocksDB]EVENT_LOG_v1 {"time_micros": 1578373585551186, "job": 6, "event": "table_file_deletion", "file_number": 15}
[19134] 01-07 05:06:25,551 INFO [RocksDB][db/compaction_job.cc:1531] [0] [JOB 7] Compacting 1@1 files to L2, score 1.03
[19134] 01-07 05:06:25,551 INFO [RocksDB][db/compaction_job.cc:1535] [0] Compaction start summary: Base version 6 Base level 1, inputs: [20(65MB)]

[19134] 01-07 05:06:25,551 INFO [RocksDB]EVENT_LOG_v1 {"time_micros": 1578373585551234, "job": 7, "event": "compaction_started", "compaction_reason": "LevelMaxLevelSize", "files_L1": [20], "score": 1.03446, "input_data_size": 68990532}
[19134] 01-07 05:06:28,827 INFO [RocksDB][db/compaction_job.cc:1211] [0] [JOB 7] Generated table #29: 597516 keys, 68589045 bytes
[19134] 01-07 05:06:28,827 INFO [RocksDB]EVENT_LOG_v1 {"time_micros": 1578373588827906, "cf_name": "0", "job": 7, "event": "table_file_creation", "file_number": 29, "file_size": 68589045, "table_properties": {"data_size": 67112816, "index_size": 888785, "filter_size": 987900, "raw_key_size": 24595376, "raw_average_key_size": 41, "raw_value_size": 56763984, "raw_average_value_size": 94, "num_data_blocks": 16740, "num_entries": 597516, "filter_policy_name": "rocksdb.BuiltinBloomFilter", "kDeletedKeys": "0", "kMergeOperands": "0"}}
[19134] 01-07 05:06:28,832 INFO [RocksDB][db/compaction_job.cc:1287] [0] [JOB 7] Compacted 1@1 files to L2 => 68589045 bytes
[19134] 01-07 05:06:28,834 INFO [RocksDB](Original Log Time 2020/01/07-05:06:28.834648) [db/compaction_job.cc:685] [0] compacted to: base level 1 max bytes base 536870912 files[0 8 2 0 0 0 0] max score 0.91, MB/sec: 21.0 rd, 20.9 wr, level 2, files in(1, 0) out(1) MB in(65.8, 0.0) out(65.4), read-write-amplify(2.0) write-amplify(1.0) OK, records in: 597516, records dropped: 0 output_compression: Snappy

[19134] 01-07 05:06:28,834 INFO [RocksDB](Original Log Time 2020/01/07-05:06:28.834674) EVENT_LOG_v1 {"time_micros": 1578373588834657, "job": 7, "event": "compaction_finished", "compaction_time_micros": 3281430, "output_level": 2, "num_output_files": 1, "total_output_size": 68589045, "num_input_records": 597516, "num_output_records": 597516, "num_subcompactions": 1, "output_compression": "Snappy", "num_single_delete_mismatches": 0, "num_single_delete_fallthrough": 0, "lsm_state": [0, 8, 2, 0, 0, 0, 0]}
[19134] 01-07 05:06:29,647 INFO [RocksDB][db/db_impl_write.cc:1373] [0] New memtable created with log file: #30. Immutable memtables: 2.

[19134] 01-07 05:06:30,641 INFO [RocksDB]EVENT_LOG_v1 {"time_micros": 1578373590641449, "cf_name": "0", "job": 5, "event": "table_file_creation", "file_number": 25, "file_size": 319295242, "table_properties": {"data_size": 310229322, "index_size": 4159335, "filter_size": 4905543, "raw_key_size": 129231937, "raw_average_key_size": 42, "raw_value_size": 248520787, "raw_average_value_size": 81, "num_data_blocks": 77292, "num_entries": 3049343, "filter_policy_name": "rocksdb.BuiltinBloomFilter", "kDeletedKeys": "0", "kMergeOperands": "0"}}
[19134] 01-07 05:06:30,641 INFO [RocksDB][db/flush_job.cc:371] [0] [JOB 5] Level-0 flush table #25: 319295242 bytes OK
[19134] 01-07 05:06:30,644 INFO [RocksDB](Original Log Time 2020/01/07-05:06:30.642662) [db/memtable_list.cc:377] [0] Level-0 commit table #25 started
[19134] 01-07 05:06:30,644 INFO [RocksDB](Original Log Time 2020/01/07-05:06:30.644534) [db/memtable_list.cc:409] [0] Level-0 commit table #25: memtable #1 done
[19134] 01-07 05:06:30,644 INFO [RocksDB](Original Log Time 2020/01/07-05:06:30.644535) [db/memtable_list.cc:409] [0] Level-0 commit table #25: memtable #2 done
[19134] 01-07 05:06:30,644 INFO [RocksDB](Original Log Time 2020/01/07-05:06:30.644544) EVENT_LOG_v1 {"time_micros": 1578373590644540, "job": 5, "event": "flush_finished", "output_compression": "NoCompression", "lsm_state": [1, 8, 2, 0, 0, 0, 0], "immutable_memtables": 1}
[19134] 01-07 05:06:30,644 INFO [RocksDB](Original Log Time 2020/01/07-05:06:30.644565) [db/db_impl_compaction_flush.cc:177] [0] Level summary: base level 1 max bytes base 536870912 files[1 8 2 0 0 0 0] max score 0.91

[19134] 01-07 05:06:30,644 INFO [RocksDB][db/db_impl_files.cc:342] [JOB 5] Try to delete WAL files size 387838136, prev total WAL file size 601329516, number of live WAL files 4.

[19134] 01-07 05:06:30,651 INFO [RocksDB]EVENT_LOG_v1 {"time_micros": 1578373590651199, "job": 5, "event": "table_file_deletion", "file_number": 20}
[19134] 01-07 05:06:30,697 INFO [RocksDB]EVENT_LOG_v1 {"time_micros": 1578373590697197, "job": 5, "event": "table_file_deletion", "file_number": 14}
[19134] 01-07 05:06:30,745 INFO [RocksDB]EVENT_LOG_v1 {"time_micros": 1578373590745751, "job": 5, "event": "table_file_deletion", "file_number": 11}
[19134] 01-07 05:06:41,704 INFO [RocksDB][db/db_impl_write.cc:1373] [0] New memtable created with log file: #31. Immutable memtables: 1.

[19134] 01-07 05:06:41,704 INFO [RocksDB][db/db_impl_compaction_flush.cc:80] [JOB 8] Syncing log #24
[19134] 01-07 05:06:42,556 INFO [RocksDB][db/db_impl_compaction_flush.cc:80] [JOB 8] Syncing log #30
[19134] 01-07 05:06:44,029 INFO [RocksDB](Original Log Time 2020/01/07-05:06:41.704943) [db/db_impl_compaction_flush.cc:1424] Calling FlushMemTableToOutputFile with column family [0], flush slots available 4, compaction slots available 1, flush slots scheduled 1, compaction slots scheduled 0
[19134] 01-07 05:06:44,029 INFO [RocksDB][db/flush_job.cc:301] [0] [JOB 8] Flushing memtable with next log file: 30

[19134] 01-07 05:06:44,029 INFO [RocksDB][db/flush_job.cc:301] [0] [JOB 8] Flushing memtable with next log file: 31

[19134] 01-07 05:06:44,029 INFO [RocksDB]EVENT_LOG_v1 {"time_micros": 1578373604029327, "job": 8, "event": "flush_started", "num_memtables": 2, "num_entries": 3303695, "num_deletes": 0, "memory_usage": 520099480, "flush_reason": "Write Buffer Full"}
[19134] 01-07 05:06:44,029 INFO [RocksDB][db/flush_job.cc:331] [0] [JOB 8] Level-0 flush table #32: started
[19134] 01-07 05:06:50,243 INFO [RocksDB]EVENT_LOG_v1 {"time_micros": 1578373610243499, "cf_name": "0", "job": 8, "event": "table_file_creation", "file_number": 32, "file_size": 321234325, "table_properties": {"data_size": 312112221, "index_size": 4185841, "filter_size": 4935221, "raw_key_size": 130010265, "raw_average_key_size": 42, "raw_value_size": 250018524, "raw_average_value_size": 81, "num_data_blocks": 77766, "num_entries": 3067717, "filter_policy_name": "rocksdb.BuiltinBloomFilter", "kDeletedKeys": "0", "kMergeOperands": "0"}}
[19134] 01-07 05:06:50,243 INFO [RocksDB][db/flush_job.cc:371] [0] [JOB 8] Level-0 flush table #32: 321234325 bytes OK
[19134] 01-07 05:06:50,246 INFO [RocksDB](Original Log Time 2020/01/07-05:06:50.244654) [db/memtable_list.cc:377] [0] Level-0 commit table #32 started
[19134] 01-07 05:06:50,246 INFO [RocksDB](Original Log Time 2020/01/07-05:06:50.246305) [db/memtable_list.cc:409] [0] Level-0 commit table #32: memtable #1 done
[19134] 01-07 05:06:50,246 INFO [RocksDB](Original Log Time 2020/01/07-05:06:50.246305) [db/memtable_list.cc:409] [0] Level-0 commit table #32: memtable #2 done
[19134] 01-07 05:06:50,246 INFO [RocksDB](Original Log Time 2020/01/07-05:06:50.246315) EVENT_LOG_v1 {"time_micros": 1578373610246310, "job": 8, "event": "flush_finished", "output_compression": "NoCompression", "lsm_state": [2, 8, 2, 0, 0, 0, 0], "immutable_memtables": 0}
[19134] 01-07 05:06:50,246 INFO [RocksDB](Original Log Time 2020/01/07-05:06:50.246328) [db/db_impl_compaction_flush.cc:177] [0] Level summary: base level 1 max bytes base 536870912 files[2 8 2 0 0 0 0] max score 1.19

[19134] 01-07 05:06:50,246 INFO [RocksDB][db/db_impl_files.cc:342] [JOB 8] Try to delete WAL files size 390174511, prev total WAL file size 493204249, number of live WAL files 3.

[19134] 01-07 05:06:50,246 INFO [RocksDB][db/compaction_job.cc:1531] [0] [JOB 9] Compacting 2@0 + 8@1 files to L1, score 1.19
[19134] 01-07 05:06:50,246 INFO [RocksDB][db/compaction_job.cc:1535] [0] Compaction start summary: Base version 9 Base level 0, inputs: [32(306MB) 25(304MB)], [17(65MB) 18(65MB) 19(65MB) 21(65MB) 22(65MB) 23(65MB) 26(65MB) 27(3386KB)]

[19134] 01-07 05:06:50,246 INFO [RocksDB]EVENT_LOG_v1 {"time_micros": 1578373610246522, "job": 9, "event": "compaction_started", "compaction_reason": "LevelL0FilesNum", "files_L0": [32, 25], "files_L1": [17, 18, 19, 21, 22, 23, 26, 27], "score": 1.19308, "input_data_size": 1126912404}
[19134] 01-07 05:06:51,693 INFO [RocksDB][db/compaction_job.cc:1211] [0] [JOB 9] Generated table #33: 1175314 keys, 69755110 bytes
[19134] 01-07 05:06:51,693 INFO [RocksDB]EVENT_LOG_v1 {"time_micros": 1578373611693064, "cf_name": "0", "job": 9, "event": "table_file_creation", "file_number": 33, "file_size": 69755110, "table_properties": {"data_size": 67109480, "index_size": 974381, "filter_size": 1670218, "raw_key_size": 55877160, "raw_average_key_size": 47, "raw_value_size": 29073426, "raw_average_value_size": 24, "num_data_blocks": 16603, "num_entries": 1175314, "filter_policy_name": "rocksdb.BuiltinBloomFilter", "kDeletedKeys": "0", "kMergeOperands": "0"}}
[19134] 01-07 05:06:52,999 INFO [RocksDB][db/compaction_job.cc:1211] [0] [JOB 9] Generated table #34: 597614 keys, 68986728 bytes
[19134] 01-07 05:06:52,999 INFO [RocksDB]EVENT_LOG_v1 {"time_micros": 1578373612999349, "cf_name": "0", "job": 9, "event": "table_file_creation", "file_number": 34, "file_size": 68986728, "table_properties": {"data_size": 67109210, "index_size": 888467, "filter_size": 988020, "raw_key_size": 24599923, "raw_average_key_size": 41, "raw_value_size": 56773384, "raw_average_value_size": 95, "num_data_blocks": 16741, "num_entries": 597614, "filter_policy_name": "rocksdb.BuiltinBloomFilter", "kDeletedKeys": "0", "kMergeOperands": "0"}}
[19134] 01-07 05:06:54,308 INFO [RocksDB][db/compaction_job.cc:1211] [0] [JOB 9] Generated table #35: 597611 keys, 68987260 bytes
[19134] 01-07 05:06:54,308 INFO [RocksDB]EVENT_LOG_v1 {"time_micros": 1578373614308632, "cf_name": "0", "job": 9, "event": "table_file_creation", "file_number": 35, "file_size": 68987260, "table_properties": {"data_size": 67109482, "index_size": 888731, "filter_size": 988016, "raw_key_size": 24599874, "raw_average_key_size": 41, "raw_value_size": 56773072, "raw_average_value_size": 95, "num_data_blocks": 16741, "num_entries": 597611, "filter_policy_name": "rocksdb.BuiltinBloomFilter", "kDeletedKeys": "0", "kMergeOperands": "0"}}
[19134] 01-07 05:06:55,688 INFO [RocksDB][db/compaction_job.cc:1211] [0] [JOB 9] Generated table #36: 597611 keys, 68989659 bytes
[19134] 01-07 05:06:55,688 INFO [RocksDB]EVENT_LOG_v1 {"time_micros": 1578373615688179, "cf_name": "0", "job": 9, "event": "table_file_creation", "file_number": 36, "file_size": 68989659, "table_properties": {"data_size": 67111941, "index_size": 888656, "filter_size": 988031, "raw_key_size": 24595972, "raw_average_key_size": 41, "raw_value_size": 56772973, "raw_average_value_size": 94, "num_data_blocks": 16742, "num_entries": 597611, "filter_policy_name": "rocksdb.BuiltinBloomFilter", "kDeletedKeys": "0", "kMergeOperands": "0"}}
[19134] 01-07 05:06:56,989 INFO [RocksDB][db/compaction_job.cc:1211] [0] [JOB 9] Generated table #37: 597606 keys, 68988201 bytes
[19134] 01-07 05:06:56,989 INFO [RocksDB]EVENT_LOG_v1 {"time_micros": 1578373616989905, "cf_name": "0", "job": 9, "event": "table_file_creation", "file_number": 37, "file_size": 68988201, "table_properties": {"data_size": 67110198, "index_size": 888945, "filter_size": 988027, "raw_key_size": 24599892, "raw_average_key_size": 41, "raw_value_size": 56772651, "raw_average_value_size": 95, "num_data_blocks": 16743, "num_entries": 597606, "filter_policy_name": "rocksdb.BuiltinBloomFilter", "kDeletedKeys": "0", "kMergeOperands": "0"}}
[19134] 01-07 05:06:58,291 INFO [RocksDB][db/compaction_job.cc:1211] [0] [JOB 9] Generated table #38: 597607 keys, 68989565 bytes
[19134] 01-07 05:06:58,291 INFO [RocksDB]EVENT_LOG_v1 {"time_micros": 1578373618291796, "cf_name": "0", "job": 9, "event": "table_file_creation", "file_number": 38, "file_size": 68989565, "table_properties": {"data_size": 67111782, "index_size": 888720, "filter_size": 988032, "raw_key_size": 24597275, "raw_average_key_size": 41, "raw_value_size": 56772656, "raw_average_value_size": 94, "num_data_blocks": 16743, "num_entries": 597607, "filter_policy_name": "rocksdb.BuiltinBloomFilter", "kDeletedKeys": "0", "kMergeOperands": "0"}}
[19134] 01-07 05:06:59,595 INFO [RocksDB][db/compaction_job.cc:1211] [0] [JOB 9] Generated table #39: 597575 keys, 68987238 bytes
[19134] 01-07 05:06:59,595 INFO [RocksDB]EVENT_LOG_v1 {"time_micros": 1578373619595343, "cf_name": "0", "job": 9, "event": "table_file_creation", "file_number": 39, "file_size": 68987238, "table_properties": {"data_size": 67109116, "index_size": 889108, "filter_size": 987983, "raw_key_size": 24595978, "raw_average_key_size": 41, "raw_value_size": 56769625, "raw_average_value_size": 95, "num_data_blocks": 16742, "num_entries": 597575, "filter_policy_name": "rocksdb.BuiltinBloomFilter", "kDeletedKeys": "0", "kMergeOperands": "0"}}
[19134] 01-07 05:07:00,927 INFO [RocksDB][db/compaction_job.cc:1211] [0] [JOB 9] Generated table #40: 597483 keys, 68987422 bytes
[19134] 01-07 05:07:00,927 INFO [RocksDB]EVENT_LOG_v1 {"time_micros": 1578373620927631, "cf_name": "0", "job": 9, "event": "table_file_creation", "file_number": 40, "file_size": 68987422, "table_properties": {"data_size": 67110296, "index_size": 888256, "filter_size": 987839, "raw_key_size": 24592055, "raw_average_key_size": 41, "raw_value_size": 56760849, "raw_average_value_size": 94, "num_data_blocks": 16738, "num_entries": 597483, "filter_policy_name": "rocksdb.BuiltinBloomFilter", "kDeletedKeys": "0", "kMergeOperands": "0"}}
[19134] 01-07 05:07:02,211 INFO [RocksDB][db/compaction_job.cc:1211] [0] [JOB 9] Generated table #41: 597602 keys, 68988097 bytes
[19134] 01-07 05:07:02,211 INFO [RocksDB]EVENT_LOG_v1 {"time_micros": 1578373622211783, "cf_name": "0", "job": 9, "event": "table_file_creation", "file_number": 41, "file_size": 68988097, "table_properties": {"data_size": 67110922, "index_size": 888137, "filter_size": 988007, "raw_key_size": 24596743, "raw_average_key_size": 41, "raw_value_size": 56772235, "raw_average_value_size": 95, "num_data_blocks": 16741, "num_entries": 597602, "filter_policy_name": "rocksdb.BuiltinBloomFilter", "kDeletedKeys": "0", "kMergeOperands": "0"}}
[19134] 01-07 05:07:03,523 INFO [RocksDB][db/compaction_job.cc:1211] [0] [JOB 9] Generated table #42: 597614 keys, 68987481 bytes
[19134] 01-07 05:07:03,523 INFO [RocksDB]EVENT_LOG_v1 {"time_micros": 1578373623523389, "cf_name": "0", "job": 9, "event": "table_file_creation", "file_number": 42, "file_size": 68987481, "table_properties": {"data_size": 67109797, "index_size": 888623, "filter_size": 988030, "raw_key_size": 24600366, "raw_average_key_size": 41, "raw_value_size": 56773285, "raw_average_value_size": 94, "num_data_blocks": 16742, "num_entries": 597614, "filter_policy_name": "rocksdb.BuiltinBloomFilter", "kDeletedKeys": "0", "kMergeOperands": "0"}}
[19134] 01-07 05:07:04,893 INFO [RocksDB][db/compaction_job.cc:1211] [0] [JOB 9] Generated table #43: 597619 keys, 68989841 bytes
[19134] 01-07 05:07:04,893 INFO [RocksDB]EVENT_LOG_v1 {"time_micros": 1578373624893510, "cf_name": "0", "job": 9, "event": "table_file_creation", "file_number": 43, "file_size": 68989841, "table_properties": {"data_size": 67111959, "index_size": 888812, "filter_size": 988039, "raw_key_size": 24598464, "raw_average_key_size": 41, "raw_value_size": 56773805, "raw_average_value_size": 95, "num_data_blocks": 16742, "num_entries": 597619, "filter_policy_name": "rocksdb.BuiltinBloomFilter", "kDeletedKeys": "0", "kMergeOperands": "0"}}
[19134] 01-07 05:07:06,194 INFO [RocksDB][db/compaction_job.cc:1211] [0] [JOB 9] Generated table #44: 597591 keys, 68987114 bytes
[19134] 01-07 05:07:06,194 INFO [RocksDB]EVENT_LOG_v1 {"time_micros": 1578373626194953, "cf_name": "0", "job": 9, "event": "table_file_creation", "file_number": 44, "file_size": 68987114, "table_properties": {"data_size": 67109168, "index_size": 888914, "filter_size": 988001, "raw_key_size": 24598907, "raw_average_key_size": 41, "raw_value_size": 56771190, "raw_average_value_size": 95, "num_data_blocks": 16742, "num_entries": 597591, "filter_policy_name": "rocksdb.BuiltinBloomFilter", "kDeletedKeys": "0", "kMergeOperands": "0"}}
[19134] 01-07 05:07:07,498 INFO [RocksDB][db/compaction_job.cc:1211] [0] [JOB 9] Generated table #45: 597614 keys, 68987614 bytes
[19134] 01-07 05:07:07,498 INFO [RocksDB]EVENT_LOG_v1 {"time_micros": 1578373627498869, "cf_name": "0", "job": 9, "event": "table_file_creation", "file_number": 45, "file_size": 68987614, "table_properties": {"data_size": 67109867, "index_size": 888704, "filter_size": 988012, "raw_key_size": 24600828, "raw_average_key_size": 41, "raw_value_size": 56773285, "raw_average_value_size": 94, "num_data_blocks": 16740, "num_entries": 597614, "filter_policy_name": "rocksdb.BuiltinBloomFilter", "kDeletedKeys": "0", "kMergeOperands": "0"}}
[19134] 01-07 05:07:08,807 INFO [RocksDB][db/compaction_job.cc:1211] [0] [JOB 9] Generated table #46: 597594 keys, 68988892 bytes
[19134] 01-07 05:07:08,807 INFO [RocksDB]EVENT_LOG_v1 {"time_micros": 1578373628807862, "cf_name": "0", "job": 9, "event": "table_file_creation", "file_number": 46, "file_size": 68988892, "table_properties": {"data_size": 67110943, "index_size": 888905, "filter_size": 988013, "raw_key_size": 24597900, "raw_average_key_size": 41, "raw_value_size": 56771502, "raw_average_value_size": 95, "num_data_blocks": 16743, "num_entries": 597594, "filter_policy_name": "rocksdb.BuiltinBloomFilter", "kDeletedKeys": "0", "kMergeOperands": "0"}}
[19134] 01-07 05:07:10,116 INFO [RocksDB][db/compaction_job.cc:1211] [0] [JOB 9] Generated table #47: 597608 keys, 68989417 bytes
[19134] 01-07 05:07:10,116 INFO [RocksDB]EVENT_LOG_v1 {"time_micros": 1578373630116277, "cf_name": "0", "job": 9, "event": "table_file_creation", "file_number": 47, "file_size": 68989417, "table_properties": {"data_size": 67111295, "index_size": 889047, "filter_size": 988044, "raw_key_size": 24599441, "raw_average_key_size": 41, "raw_value_size": 56772760, "raw_average_value_size": 95, "num_data_blocks": 16744, "num_entries": 597608, "filter_policy_name": "rocksdb.BuiltinBloomFilter", "kDeletedKeys": "0", "kMergeOperands": "0"}}
[19134] 01-07 05:07:11,417 INFO [RocksDB][db/compaction_job.cc:1211] [0] [JOB 9] Generated table #48: 597636 keys, 68989406 bytes
[19134] 01-07 05:07:11,417 INFO [RocksDB]EVENT_LOG_v1 {"time_micros": 1578373631417511, "cf_name": "0", "job": 9, "event": "table_file_creation", "file_number": 48, "file_size": 68989406, "table_properties": {"data_size": 67111653, "index_size": 888653, "filter_size": 988069, "raw_key_size": 24602087, "raw_average_key_size": 41, "raw_value_size": 56775375, "raw_average_value_size": 94, "num_data_blocks": 16743, "num_entries": 597636, "filter_policy_name": "rocksdb.BuiltinBloomFilter", "kDeletedKeys": "0", "kMergeOperands": "0"}}
[19134] 01-07 05:07:11,896 INFO [RocksDB][db/compaction_job.cc:1211] [0] [JOB 9] Generated table #49: 190394 keys, 21973998 bytes
[19134] 01-07 05:07:11,896 INFO [RocksDB]EVENT_LOG_v1 {"time_micros": 1578373631896882, "cf_name": "0", "job": 9, "event": "table_file_creation", "file_number": 49, "file_size": 21973998, "table_properties": {"data_size": 21377115, "index_size": 281136, "filter_size": 314717, "raw_key_size": 7741418, "raw_average_key_size": 40, "raw_value_size": 18087484, "raw_average_value_size": 95, "num_data_blocks": 5330, "num_entries": 190394, "filter_policy_name": "rocksdb.BuiltinBloomFilter", "kDeletedKeys": "0", "kMergeOperands": "0"}}
[19134] 01-07 05:07:11,898 INFO [RocksDB][db/compaction_job.cc:1287] [0] [JOB 9] Compacted 2@0 + 8@1 files to L1 => 1126553043 bytes
[19134] 01-07 05:07:11,900 INFO [RocksDB](Original Log Time 2020/01/07-05:07:11.900599) [db/compaction_job.cc:685] [0] compacted to: base level 1 max bytes base 536870912 files[0 17 2 0 0 0 0] max score 2.10, MB/sec: 52.0 rd, 52.0 wr, level 1, files in(2, 8) out(17) MB in(610.9, 463.9) out(1074.4), read-write-amplify(3.5) write-amplify(1.8) OK, records in: 10329694, records dropped: 1 output_compression: NoCompression

[19134] 01-07 05:07:11,900 INFO [RocksDB](Original Log Time 2020/01/07-05:07:11.900614) EVENT_LOG_v1 {"time_micros": 1578373631900608, "job": 9, "event": "compaction_finished", "compaction_time_micros": 21651819, "output_level": 1, "num_output_files": 17, "total_output_size": 1126553043, "num_input_records": 10329694, "num_output_records": 10329693, "num_subcompactions": 1, "output_compression": "NoCompression", "num_single_delete_mismatches": 0, "num_single_delete_fallthrough": 0, "lsm_state": [0, 17, 2, 0, 0, 0, 0]}
[19134] 01-07 05:07:11,900 INFO [RocksDB][db/compaction_picker.cc:485] [0] Expanding@1 1+1(69755110+55132672 bytes) to 2+1 (138741838+55132672 bytes)

[19134] 01-07 05:07:11,900 INFO [RocksDB][db/compaction_job.cc:1531] [0] [JOB 10] Compacting 2@1 + 1@2 files to L2, score 2.10
[19134] 01-07 05:07:11,900 INFO [RocksDB][db/compaction_job.cc:1535] [0] Compaction start summary: Base version 10 Base level 1, inputs: [33(66MB) 34(65MB)], [28(52MB)]

[19134] 01-07 05:07:11,900 INFO [RocksDB]EVENT_LOG_v1 {"time_micros": 1578373631900709, "job": 10, "event": "compaction_started", "compaction_reason": "LevelMaxLevelSize", "files_L1": [33, 34], "files_L2": [28], "score": 2.09837, "input_data_size": 193874510}
[19134] 01-07 05:07:11,933 INFO [RocksDB]EVENT_LOG_v1 {"time_micros": 1578373631933587, "job": 0, "event": "table_file_deletion", "file_number": 32}
[19134] 01-07 05:07:11,933 INFO [RocksDB]EVENT_LOG_v1 {"time_micros": 1578373631933979, "job": 0, "event": "table_file_deletion", "file_number": 27}
[19134] 01-07 05:07:11,940 INFO [RocksDB]EVENT_LOG_v1 {"time_micros": 1578373631940733, "job": 0, "event": "table_file_deletion", "file_number": 26}
[19134] 01-07 05:07:11,970 INFO [RocksDB]EVENT_LOG_v1 {"time_micros": 1578373631970810, "job": 0, "event": "table_file_deletion", "file_number": 25}
[19134] 01-07 05:07:11,977 INFO [RocksDB]EVENT_LOG_v1 {"time_micros": 1578373631977365, "job": 0, "event": "table_file_deletion", "file_number": 23}
[19134] 01-07 05:07:11,983 INFO [RocksDB]EVENT_LOG_v1 {"time_micros": 1578373631983761, "job": 0, "event": "table_file_deletion", "file_number": 22}
[19134] 01-07 05:07:11,989 INFO [RocksDB]EVENT_LOG_v1 {"time_micros": 1578373631989894, "job": 0, "event": "table_file_deletion", "file_number": 21}
[19134] 01-07 05:07:11,996 INFO [RocksDB]EVENT_LOG_v1 {"time_micros": 1578373631996546, "job": 0, "event": "table_file_deletion", "file_number": 19}
[19134] 01-07 05:07:11,003 INFO [RocksDB]EVENT_LOG_v1 {"time_micros": 1578373632003274, "job": 0, "event": "table_file_deletion", "file_number": 18}
[19134] 01-07 05:07:12,010 INFO [RocksDB]EVENT_LOG_v1 {"time_micros": 1578373632010142, "job": 0, "event": "table_file_deletion", "file_number": 17}
[19134] 01-07 05:07:15,177 INFO [RocksDB][db/compaction_job.cc:1211] [0] [JOB 10] Generated table #50: 1997350 keys, 70596871 bytes
[19134] 01-07 05:07:15,177 INFO [RocksDB]EVENT_LOG_v1 {"time_micros": 1578373635177148, "cf_name": "0", "job": 10, "event": "table_file_creation", "file_number": 50, "file_size": 70596871, "table_properties": {"data_size": 67112671, "index_size": 1438599, "filter_size": 2706529, "raw_key_size": 97032755, "raw_average_key_size": 48, "raw_value_size": 26546804, "raw_average_value_size": 13, "num_data_blocks": 23632, "num_entries": 1997350, "filter_policy_name": "rocksdb.BuiltinBloomFilter", "kDeletedKeys": "0", "kMergeOperands": "0"}}
[19134] 01-07 05:07:16,496 INFO [RocksDB][db/compaction_job.cc:1211] [0] [JOB 10] Generated table #51: 597647 keys, 68582617 bytes
[19134] 01-07 05:07:16,496 INFO [RocksDB]EVENT_LOG_v1 {"time_micros": 1578373636496399, "cf_name": "0", "job": 10, "event": "table_file_creation", "file_number": 51, "file_size": 68582617, "table_properties": {"data_size": 67110038, "index_size": 888305, "filter_size": 988060, "raw_key_size": 24602333, "raw_average_key_size": 41, "raw_value_size": 56776420, "raw_average_value_size": 94, "num_data_blocks": 16741, "num_entries": 597647, "filter_policy_name": "rocksdb.BuiltinBloomFilter", "kDeletedKeys": "0", "kMergeOperands": "0"}}
[19134] 01-07 05:07:17,338 INFO [RocksDB][db/compaction_job.cc:1211] [0] [JOB 10] Generated table #52: 339740 keys, 38990397 bytes
[19134] 01-07 05:07:17,338 INFO [RocksDB]EVENT_LOG_v1 {"time_micros": 1578373637338695, "cf_name": "0", "job": 10, "event": "table_file_creation", "file_number": 52, "file_size": 38990397, "table_properties": {"data_size": 38152479, "index_size": 504979, "filter_size": 561696, "raw_key_size": 13983643, "raw_average_key_size": 41, "raw_value_size": 32275345, "raw_average_value_size": 95, "num_data_blocks": 9518, "num_entries": 339740, "filter_policy_name": "rocksdb.BuiltinBloomFilter", "kDeletedKeys": "0", "kMergeOperands": "0"}}
[19134] 01-07 05:07:17,340 INFO [RocksDB][db/compaction_job.cc:1287] [0] [JOB 10] Compacted 2@1 + 1@2 files to L2 => 178169885 bytes
[19134] 01-07 05:07:17,341 INFO [RocksDB](Original Log Time 2020/01/07-05:07:17.341813) [db/compaction_job.cc:685] [0] compacted to: base level 1 max bytes base 536870912 files[0 15 4 0 0 0 0] max score 1.84, MB/sec: 35.6 rd, 32.8 wr, level 2, files in(2, 1) out(3) MB in(132.3, 52.6) out(169.9), read-write-amplify(2.7) write-amplify(1.3) OK, records in: 2934738, records dropped: 1 output_compression: Snappy

[19134] 01-07 05:07:17,341 INFO [RocksDB](Original Log Time 2020/01/07-05:07:17.341841) EVENT_LOG_v1 {"time_micros": 1578373637341824, "job": 10, "event": "compaction_finished", "compaction_time_micros": 5439303, "output_level": 2, "num_output_files": 3, "total_output_size": 178169885, "num_input_records": 2934738, "num_output_records": 2934737, "num_subcompactions": 1, "output_compression": "Snappy", "num_single_delete_mismatches": 0, "num_single_delete_fallthrough": 0, "lsm_state": [0, 15, 4, 0, 0, 0, 0]}
[19134] 01-07 05:07:17,341 INFO [RocksDB][db/compaction_job.cc:1531] [0] [JOB 11] Compacting 1@1 files to L2, score 1.84
[19134] 01-07 05:07:17,341 INFO [RocksDB][db/compaction_job.cc:1535] [0] Compaction start summary: Base version 11 Base level 1, inputs: [43(65MB)]

[19134] 01-07 05:07:17,341 INFO [RocksDB]EVENT_LOG_v1 {"time_micros": 1578373637341917, "job": 11, "event": "compaction_started", "compaction_reason": "LevelMaxLevelSize", "files_L1": [43], "score": 1.83994, "input_data_size": 68989841}
[19134] 01-07 05:07:17,349 INFO [RocksDB]EVENT_LOG_v1 {"time_micros": 1578373637349334, "job": 0, "event": "table_file_deletion", "file_number": 34}
[19134] 01-07 05:07:17,356 INFO [RocksDB]EVENT_LOG_v1 {"time_micros": 1578373637356686, "job": 0, "event": "table_file_deletion", "file_number": 33}
[19134] 01-07 05:07:17,362 INFO [RocksDB]EVENT_LOG_v1 {"time_micros": 1578373637362126, "job": 0, "event": "table_file_deletion", "file_number": 28}
[19134] 01-07 05:07:18,644 INFO [RocksDB][db/compaction_job.cc:1211] [0] [JOB 11] Generated table #53: 597619 keys, 68584777 bytes
[19134] 01-07 05:07:18,644 INFO [RocksDB]EVENT_LOG_v1 {"time_micros": 1578373638644941, "cf_name": "0", "job": 11, "event": "table_file_creation", "file_number": 53, "file_size": 68584777, "table_properties": {"data_size": 67111959, "index_size": 888812, "filter_size": 988039, "raw_key_size": 24598464, "raw_average_key_size": 41, "raw_value_size": 56773805, "raw_average_value_size": 95, "num_data_blocks": 16742, "num_entries": 597619, "filter_policy_name": "rocksdb.BuiltinBloomFilter", "kDeletedKeys": "0", "kMergeOperands": "0"}}
[19134] 01-07 05:07:18,646 INFO [RocksDB][db/compaction_job.cc:1287] [0] [JOB 11] Compacted 1@1 files to L2 => 68584777 bytes
[19134] 01-07 05:07:18,648 INFO [RocksDB](Original Log Time 2020/01/07-05:07:18.648533) [db/compaction_job.cc:685] [0] compacted to: base level 1 max bytes base 536870912 files[0 14 5 0 0 0 0] max score 1.71, MB/sec: 52.9 rd, 52.6 wr, level 2, files in(1, 0) out(1) MB in(65.8, 0.0) out(65.4), read-write-amplify(2.0) write-amplify(1.0) OK, records in: 597619, records dropped: 0 output_compression: Snappy

[19134] 01-07 05:07:18,648 INFO [RocksDB](Original Log Time 2020/01/07-05:07:18.648548) EVENT_LOG_v1 {"time_micros": 1578373638648542, "job": 11, "event": "compaction_finished", "compaction_time_micros": 1304474, "output_level": 2, "num_output_files": 1, "total_output_size": 68584777, "num_input_records": 597619, "num_output_records": 597619, "num_subcompactions": 1, "output_compression": "Snappy", "num_single_delete_mismatches": 0, "num_single_delete_fallthrough": 0, "lsm_state": [0, 14, 5, 0, 0, 0, 0]}
[19134] 01-07 05:07:18,655 INFO [RocksDB]EVENT_LOG_v1 {"time_micros": 1578373638655675, "job": 11, "event": "table_file_deletion", "file_number": 43}
[19134] 01-07 05:07:18,655 INFO [RocksDB][db/compaction_job.cc:1531] [0] [JOB 12] Compacting 1@1 files to L2, score 1.71
[19134] 01-07 05:07:18,655 INFO [RocksDB][db/compaction_job.cc:1535] [0] Compaction start summary: Base version 12 Base level 1, inputs: [36(65MB)]

[19134] 01-07 05:07:18,655 INFO [RocksDB]EVENT_LOG_v1 {"time_micros": 1578373638655728, "job": 12, "event": "compaction_started", "compaction_reason": "LevelMaxLevelSize", "files_L1": [36], "score": 1.71144, "input_data_size": 68989659}
[19134] 01-07 05:07:20,251 INFO [RocksDB][db/compaction_job.cc:1211] [0] [JOB 12] Generated table #54: 597611 keys, 68584825 bytes
[19134] 01-07 05:07:20,251 INFO [RocksDB]EVENT_LOG_v1 {"time_micros": 1578373640251514, "cf_name": "0", "job": 12, "event": "table_file_creation", "file_number": 54, "file_size": 68584825, "table_properties": {"data_size": 67111941, "index_size": 888656, "filter_size": 988031, "raw_key_size": 24595972, "raw_average_key_size": 41, "raw_value_size": 56772973, "raw_average_value_size": 94, "num_data_blocks": 16742, "num_entries": 597611, "filter_policy_name": "rocksdb.BuiltinBloomFilter", "kDeletedKeys": "0", "kMergeOperands": "0"}}
[19134] 01-07 05:07:20,252 INFO [RocksDB][db/compaction_job.cc:1287] [0] [JOB 12] Compacted 1@1 files to L2 => 68584825 bytes
[19134] 01-07 05:07:20,254 INFO [RocksDB](Original Log Time 2020/01/07-05:07:20.254694) [db/compaction_job.cc:685] [0] compacted to: base level 1 max bytes base 536870912 files[0 13 6 0 0 0 0] max score 1.58, MB/sec: 43.2 rd, 42.9 wr, level 2, files in(1, 0) out(1) MB in(65.8, 0.0) out(65.4), read-write-amplify(2.0) write-amplify(1.0) OK, records in: 597611, records dropped: 0 output_compression: Snappy

[19134] 01-07 05:07:20,254 INFO [RocksDB](Original Log Time 2020/01/07-05:07:20.254721) EVENT_LOG_v1 {"time_micros": 1578373640254704, "job": 12, "event": "compaction_finished", "compaction_time_micros": 1597195, "output_level": 2, "num_output_files": 1, "total_output_size": 68584825, "num_input_records": 597611, "num_output_records": 597611, "num_subcompactions": 1, "output_compression": "Snappy", "num_single_delete_mismatches": 0, "num_single_delete_fallthrough": 0, "lsm_state": [0, 13, 6, 0, 0, 0, 0]}
[19134] 01-07 05:07:20,261 INFO [RocksDB]EVENT_LOG_v1 {"time_micros": 1578373640261894, "job": 12, "event": "table_file_deletion", "file_number": 36}
[19134] 01-07 05:07:20,261 INFO [RocksDB][db/compaction_job.cc:1531] [0] [JOB 13] Compacting 1@1 files to L2, score 1.58
[19134] 01-07 05:07:20,261 INFO [RocksDB][db/compaction_job.cc:1535] [0] Compaction start summary: Base version 13 Base level 1, inputs: [38(65MB)]

[19134] 01-07 05:07:20,261 INFO [RocksDB]EVENT_LOG_v1 {"time_micros": 1578373640261943, "job": 13, "event": "compaction_started", "compaction_reason": "LevelMaxLevelSize", "files_L1": [38], "score": 1.58293, "input_data_size": 68989565}
[19134] 01-07 05:07:21,557 INFO [RocksDB][db/compaction_job.cc:1211] [0] [JOB 13] Generated table #55: 597607 keys, 68585001 bytes
[19134] 01-07 05:07:21,557 INFO [RocksDB]EVENT_LOG_v1 {"time_micros": 1578373641557099, "cf_name": "0", "job": 13, "event": "table_file_creation", "file_number": 55, "file_size": 68585001, "table_properties": {"data_size": 67111782, "index_size": 888720, "filter_size": 988032, "raw_key_size": 24597275, "raw_average_key_size": 41, "raw_value_size": 56772656, "raw_average_value_size": 94, "num_data_blocks": 16743, "num_entries": 597607, "filter_policy_name": "rocksdb.BuiltinBloomFilter", "kDeletedKeys": "0", "kMergeOperands": "0"}}
[19134] 01-07 05:07:21,558 INFO [RocksDB][db/compaction_job.cc:1287] [0] [JOB 13] Compacted 1@1 files to L2 => 68585001 bytes
[19134] 01-07 05:07:21,560 INFO [RocksDB](Original Log Time 2020/01/07-05:07:21.560344) [db/compaction_job.cc:685] [0] compacted to: base level 1 max bytes base 536870912 files[0 12 7 0 0 0 0] max score 1.45, MB/sec: 53.2 rd, 52.9 wr, level 2, files in(1, 0) out(1) MB in(65.8, 0.0) out(65.4), read-write-amplify(2.0) write-amplify(1.0) OK, records in: 597607, records dropped: 0 output_compression: Snappy

[19134] 01-07 05:07:21,560 INFO [RocksDB](Original Log Time 2020/01/07-05:07:21.560358) EVENT_LOG_v1 {"time_micros": 1578373641560352, "job": 13, "event": "compaction_finished", "compaction_time_micros": 1296663, "output_level": 2, "num_output_files": 1, "total_output_size": 68585001, "num_input_records": 597607, "num_output_records": 597607, "num_subcompactions": 1, "output_compression": "Snappy", "num_single_delete_mismatches": 0, "num_single_delete_fallthrough": 0, "lsm_state": [0, 12, 7, 0, 0, 0, 0]}
[19134] 01-07 05:07:21,560 INFO [RocksDB][db/compaction_job.cc:1531] [0] [JOB 14] Compacting 1@1 files to L2, score 1.45
[19134] 01-07 05:07:21,560 INFO [RocksDB][db/compaction_job.cc:1535] [0] Compaction start summary: Base version 14 Base level 1, inputs: [47(65MB)]

[19134] 01-07 05:07:21,560 INFO [RocksDB]EVENT_LOG_v1 {"time_micros": 1578373641560430, "job": 14, "event": "compaction_started", "compaction_reason": "LevelMaxLevelSize", "files_L1": [47], "score": 1.45443, "input_data_size": 68989417}
[19134] 01-07 05:07:22,858 INFO [RocksDB][db/compaction_job.cc:1211] [0] [JOB 14] Generated table #56: 597608 keys, 68584715 bytes
[19134] 01-07 05:07:22,858 INFO [RocksDB]EVENT_LOG_v1 {"time_micros": 1578373642858948, "cf_name": "0", "job": 14, "event": "table_file_creation", "file_number": 56, "file_size": 68584715, "table_properties": {"data_size": 67111295, "index_size": 889047, "filter_size": 988044, "raw_key_size": 24599441, "raw_average_key_size": 41, "raw_value_size": 56772760, "raw_average_value_size": 95, "num_data_blocks": 16744, "num_entries": 597608, "filter_policy_name": "rocksdb.BuiltinBloomFilter", "kDeletedKeys": "0", "kMergeOperands": "0"}}
[19134] 01-07 05:07:22,860 INFO [RocksDB][db/compaction_job.cc:1287] [0] [JOB 14] Compacted 1@1 files to L2 => 68584715 bytes
[19134] 01-07 05:07:22,862 INFO [RocksDB](Original Log Time 2020/01/07-05:07:22.862004) [db/compaction_job.cc:685] [0] compacted to: base level 1 max bytes base 536870912 files[0 11 8 0 0 0 0] max score 1.33, MB/sec: 53.1 rd, 52.8 wr, level 2, files in(1, 0) out(1) MB in(65.8, 0.0) out(65.4), read-write-amplify(2.0) write-amplify(1.0) OK, records in: 597608, records dropped: 0 output_compression: Snappy

[19134] 01-07 05:07:22,862 INFO [RocksDB](Original Log Time 2020/01/07-05:07:22.862018) EVENT_LOG_v1 {"time_micros": 1578373642862012, "job": 14, "event": "compaction_finished", "compaction_time_micros": 1299807, "output_level": 2, "num_output_files": 1, "total_output_size": 68584715, "num_input_records": 597608, "num_output_records": 597608, "num_subcompactions": 1, "output_compression": "Snappy", "num_single_delete_mismatches": 0, "num_single_delete_fallthrough": 0, "lsm_state": [0, 11, 8, 0, 0, 0, 0]}
[19134] 01-07 05:07:22,869 INFO [RocksDB]EVENT_LOG_v1 {"time_micros": 1578373642869390, "job": 14, "event": "table_file_deletion", "file_number": 38}
[19134] 01-07 05:07:22,869 INFO [RocksDB][db/compaction_job.cc:1531] [0] [JOB 15] Compacting 1@1 files to L2, score 1.33
[19134] 01-07 05:07:22,869 INFO [RocksDB][db/compaction_job.cc:1535] [0] Compaction start summary: Base version 15 Base level 1, inputs: [48(65MB)]

[19134] 01-07 05:07:22,869 INFO [RocksDB]EVENT_LOG_v1 {"time_micros": 1578373642869438, "job": 15, "event": "compaction_started", "compaction_reason": "LevelMaxLevelSize", "files_L1": [48], "score": 1.32593, "input_data_size": 68989406}
[19134] 01-07 05:07:24,176 INFO [RocksDB][db/compaction_job.cc:1211] [0] [JOB 15] Generated table #57: 597636 keys, 68584352 bytes
[19134] 01-07 05:07:24,176 INFO [RocksDB]EVENT_LOG_v1 {"time_micros": 1578373644176982, "cf_name": "0", "job": 15, "event": "table_file_creation", "file_number": 57, "file_size": 68584352, "table_properties": {"data_size": 67111653, "index_size": 888653, "filter_size": 988069, "raw_key_size": 24602087, "raw_average_key_size": 41, "raw_value_size": 56775375, "raw_average_value_size": 94, "num_data_blocks": 16743, "num_entries": 597636, "filter_policy_name": "rocksdb.BuiltinBloomFilter", "kDeletedKeys": "0", "kMergeOperands": "0"}}
[19134] 01-07 05:07:24,178 INFO [RocksDB][db/compaction_job.cc:1287] [0] [JOB 15] Compacted 1@1 files to L2 => 68584352 bytes
[19134] 01-07 05:07:24,180 INFO [RocksDB](Original Log Time 2020/01/07-05:07:24.180503) [db/compaction_job.cc:685] [0] compacted to: base level 1 max bytes base 536870912 files[0 10 9 0 0 0 0] max score 1.20, MB/sec: 52.7 rd, 52.4 wr, level 2, files in(1, 0) out(1) MB in(65.8, 0.0) out(65.4), read-write-amplify(2.0) write-amplify(1.0) OK, records in: 597636, records dropped: 0 output_compression: Snappy

[19134] 01-07 05:07:24,180 INFO [RocksDB](Original Log Time 2020/01/07-05:07:24.180529) EVENT_LOG_v1 {"time_micros": 1578373644180512, "job": 15, "event": "compaction_finished", "compaction_time_micros": 1309213, "output_level": 2, "num_output_files": 1, "total_output_size": 68584352, "num_input_records": 597636, "num_output_records": 597636, "num_subcompactions": 1, "output_compression": "Snappy", "num_single_delete_mismatches": 0, "num_single_delete_fallthrough": 0, "lsm_state": [0, 10, 9, 0, 0, 0, 0]}
[19134] 01-07 05:07:24,187 INFO [RocksDB]EVENT_LOG_v1 {"time_micros": 1578373644187844, "job": 0, "event": "table_file_deletion", "file_number": 48}
[19134] 01-07 05:07:24,187 INFO [RocksDB]EVENT_LOG_v1 {"time_micros": 1578373644187906, "job": 15, "event": "table_file_deletion", "file_number": 47}
[19134] 01-07 05:07:24,187 INFO [RocksDB][db/compaction_job.cc:1531] [0] [JOB 16] Compacting 1@1 files to L2, score 1.20
[19134] 01-07 05:07:24,187 INFO [RocksDB][db/compaction_job.cc:1535] [0] Compaction start summary: Base version 16 Base level 1, inputs: [46(65MB)]

[19134] 01-07 05:07:24,187 INFO [RocksDB]EVENT_LOG_v1 {"time_micros": 1578373644187959, "job": 16, "event": "compaction_started", "compaction_reason": "LevelMaxLevelSize", "files_L1": [46], "score": 1.19743, "input_data_size": 68988892}
[19134] 01-07 05:07:25,504 INFO [RocksDB][db/compaction_job.cc:1211] [0] [JOB 16] Generated table #58: 597594 keys, 68584309 bytes
[19134] 01-07 05:07:25,504 INFO [RocksDB]EVENT_LOG_v1 {"time_micros": 1578373645504216, "cf_name": "0", "job": 16, "event": "table_file_creation", "file_number": 58, "file_size": 68584309, "table_properties": {"data_size": 67110943, "index_size": 888905, "filter_size": 988013, "raw_key_size": 24597900, "raw_average_key_size": 41, "raw_value_size": 56771502, "raw_average_value_size": 95, "num_data_blocks": 16743, "num_entries": 597594, "filter_policy_name": "rocksdb.BuiltinBloomFilter", "kDeletedKeys": "0", "kMergeOperands": "0"}}
[19134] 01-07 05:07:25,505 INFO [RocksDB][db/compaction_job.cc:1287] [0] [JOB 16] Compacted 1@1 files to L2 => 68584309 bytes
[19134] 01-07 05:07:25,507 INFO [RocksDB](Original Log Time 2020/01/07-05:07:25.507702) [db/compaction_job.cc:685] [0] compacted to: base level 1 max bytes base 536870912 files[0 9 10 0 0 0 0] max score 1.07, MB/sec: 52.4 rd, 52.1 wr, level 2, files in(1, 0) out(1) MB in(65.8, 0.0) out(65.4), read-write-amplify(2.0) write-amplify(1.0) OK, records in: 597594, records dropped: 0 output_compression: Snappy

[19134] 01-07 05:07:25,507 INFO [RocksDB](Original Log Time 2020/01/07-05:07:25.507730) EVENT_LOG_v1 {"time_micros": 1578373645507713, "job": 16, "event": "compaction_finished", "compaction_time_micros": 1317579, "output_level": 2, "num_output_files": 1, "total_output_size": 68584309, "num_input_records": 597594, "num_output_records": 597594, "num_subcompactions": 1, "output_compression": "Snappy", "num_single_delete_mismatches": 0, "num_single_delete_fallthrough": 0, "lsm_state": [0, 9, 10, 0, 0, 0, 0]}
[19134] 01-07 05:07:25,515 INFO [RocksDB]EVENT_LOG_v1 {"time_micros": 1578373645515005, "job": 16, "event": "table_file_deletion", "file_number": 46}
[19134] 01-07 05:07:25,515 INFO [RocksDB][db/compaction_job.cc:1531] [0] [JOB 17] Compacting 1@1 files to L2, score 1.07
[19134] 01-07 05:07:25,515 INFO [RocksDB][db/compaction_job.cc:1535] [0] Compaction start summary: Base version 17 Base level 1, inputs: [37(65MB)]

[19134] 01-07 05:07:25,515 INFO [RocksDB]EVENT_LOG_v1 {"time_micros": 1578373645515054, "job": 17, "event": "compaction_started", "compaction_reason": "LevelMaxLevelSize", "files_L1": [37], "score": 1.06892, "input_data_size": 68988201}
[19134] 01-07 05:07:26,800 INFO [RocksDB][db/compaction_job.cc:1211] [0] [JOB 17] Generated table #59: 597606 keys, 68583206 bytes
[19134] 01-07 05:07:26,800 INFO [RocksDB]EVENT_LOG_v1 {"time_micros": 1578373646800826, "cf_name": "0", "job": 17, "event": "table_file_creation", "file_number": 59, "file_size": 68583206, "table_properties": {"data_size": 67110198, "index_size": 888945, "filter_size": 988027, "raw_key_size": 24599892, "raw_average_key_size": 41, "raw_value_size": 56772651, "raw_average_value_size": 95, "num_data_blocks": 16743, "num_entries": 597606, "filter_policy_name": "rocksdb.BuiltinBloomFilter", "kDeletedKeys": "0", "kMergeOperands": "0"}}
[19134] 01-07 05:07:26,802 INFO [RocksDB][db/compaction_job.cc:1287] [0] [JOB 17] Compacted 1@1 files to L2 => 68583206 bytes
[19134] 01-07 05:07:26,803 INFO [RocksDB](Original Log Time 2020/01/07-05:07:26.803786) [db/compaction_job.cc:685] [0] compacted to: base level 1 max bytes base 536870912 files[0 8 11 0 0 0 0] max score 0.94, MB/sec: 53.6 rd, 53.3 wr, level 2, files in(1, 0) out(1) MB in(65.8, 0.0) out(65.4), read-write-amplify(2.0) write-amplify(1.0) OK, records in: 597606, records dropped: 0 output_compression: Snappy

[19134] 01-07 05:07:26,803 INFO [RocksDB](Original Log Time 2020/01/07-05:07:26.803813) EVENT_LOG_v1 {"time_micros": 1578373646803795, "job": 17, "event": "compaction_finished", "compaction_time_micros": 1287006, "output_level": 2, "num_output_files": 1, "total_output_size": 68583206, "num_input_records": 597606, "num_output_records": 597606, "num_subcompactions": 1, "output_compression": "Snappy", "num_single_delete_mismatches": 0, "num_single_delete_fallthrough": 0, "lsm_state": [0, 8, 11, 0, 0, 0, 0]}
[19134] 01-07 05:07:36,394 INFO [RocksDB][db/db_impl_write.cc:1373] [0] New memtable created with log file: #60. Immutable memtables: 0.

