[35278] 01-07 06:25:25,683 INFO [RocksDB]RocksDB version: 5.14.2

[35278] 01-07 06:25:25,689 INFO [RocksDB]Git sha rocksdb_build_git_sha:fc00d54a097e35332052f4c39c3229d413a023b6
[35278] 01-07 06:25:25,689 INFO [RocksDB]Compile date Jan  7 2020
[35278] 01-07 06:25:25,689 INFO [RocksDB]DB SUMMARY

[35278] 01-07 06:25:25,689 INFO [RocksDB]SST files in /home/ubuntu/ardb/data/rocksdb dir, Total Num: 0, files: 

[35278] 01-07 06:25:25,689 INFO [RocksDB]Write Ahead Log file in /home/ubuntu/ardb/data/rocksdb: 

[35278] 01-07 06:25:25,689 INFO [RocksDB]                        Options.error_if_exists: 0
[35278] 01-07 06:25:25,689 INFO [RocksDB]                      Options.create_if_missing: 1
[35278] 01-07 06:25:25,689 INFO [RocksDB]                        Options.paranoid_checks: 1
[35278] 01-07 06:25:25,689 INFO [RocksDB]                                    Options.env: 0xbf86c0
[35278] 01-07 06:25:25,689 INFO [RocksDB]                               Options.info_log: 0x7f1c7e03f8a0
[35278] 01-07 06:25:25,689 INFO [RocksDB]               Options.max_file_opening_threads: 16
[35278] 01-07 06:25:25,689 INFO [RocksDB]                             Options.statistics: (nil)
[35278] 01-07 06:25:25,689 INFO [RocksDB]                              Options.use_fsync: 0
[35278] 01-07 06:25:25,689 INFO [RocksDB]                      Options.max_log_file_size: 0
[35278] 01-07 06:25:25,689 INFO [RocksDB]                 Options.max_manifest_file_size: 18446744073709551615
[35278] 01-07 06:25:25,689 INFO [RocksDB]                  Options.log_file_time_to_roll: 0
[35278] 01-07 06:25:25,689 INFO [RocksDB]                      Options.keep_log_file_num: 1000
[35278] 01-07 06:25:25,689 INFO [RocksDB]                   Options.recycle_log_file_num: 0
[35278] 01-07 06:25:25,689 INFO [RocksDB]                        Options.allow_fallocate: 1
[35278] 01-07 06:25:25,689 INFO [RocksDB]                       Options.allow_mmap_reads: 0
[35278] 01-07 06:25:25,689 INFO [RocksDB]                      Options.allow_mmap_writes: 0
[35278] 01-07 06:25:25,689 INFO [RocksDB]                       Options.use_direct_reads: 0
[35278] 01-07 06:25:25,689 INFO [RocksDB]                       Options.use_direct_io_for_flush_and_compaction: 0
[35278] 01-07 06:25:25,689 INFO [RocksDB]         Options.create_missing_column_families: 0
[35278] 01-07 06:25:25,689 INFO [RocksDB]                             Options.db_log_dir: 
[35278] 01-07 06:25:25,689 INFO [RocksDB]                                Options.wal_dir: /home/ubuntu/ardb/data/rocksdb
[35278] 01-07 06:25:25,689 INFO [RocksDB]               Options.table_cache_numshardbits: 6
[35278] 01-07 06:25:25,689 INFO [RocksDB]                     Options.max_subcompactions: 1
[35278] 01-07 06:25:25,689 INFO [RocksDB]                 Options.max_background_flushes: -1
[35278] 01-07 06:25:25,689 INFO [RocksDB]                        Options.WAL_ttl_seconds: 0
[35278] 01-07 06:25:25,689 INFO [RocksDB]                      Options.WAL_size_limit_MB: 0
[35278] 01-07 06:25:25,689 INFO [RocksDB]            Options.manifest_preallocation_size: 4194304
[35278] 01-07 06:25:25,689 INFO [RocksDB]                    Options.is_fd_close_on_exec: 1
[35278] 01-07 06:25:25,689 INFO [RocksDB]                  Options.advise_random_on_open: 1
[35278] 01-07 06:25:25,689 INFO [RocksDB]                   Options.db_write_buffer_size: 0
[35278] 01-07 06:25:25,689 INFO [RocksDB]                   Options.write_buffer_manager: 0x7f1c7e7fa7d0
[35278] 01-07 06:25:25,689 INFO [RocksDB]        Options.access_hint_on_compaction_start: 1
[35278] 01-07 06:25:25,689 INFO [RocksDB] Options.new_table_reader_for_compaction_inputs: 0
[35278] 01-07 06:25:25,689 INFO [RocksDB]          Options.random_access_max_buffer_size: 1048576
[35278] 01-07 06:25:25,689 INFO [RocksDB]                     Options.use_adaptive_mutex: 1
[35278] 01-07 06:25:25,689 INFO [RocksDB]                           Options.rate_limiter: 0x7f1c7e038540
[35278] 01-07 06:25:25,689 INFO [RocksDB]    Options.sst_file_manager.rate_bytes_per_sec: 0
[35278] 01-07 06:25:25,689 INFO [RocksDB]                      Options.wal_recovery_mode: 2
[35278] 01-07 06:25:25,689 INFO [RocksDB]                 Options.enable_thread_tracking: 0
[35278] 01-07 06:25:25,689 INFO [RocksDB]                 Options.enable_pipelined_write: 1
[35278] 01-07 06:25:25,689 INFO [RocksDB]        Options.allow_concurrent_memtable_write: 1
[35278] 01-07 06:25:25,689 INFO [RocksDB]     Options.enable_write_thread_adaptive_yield: 1
[35278] 01-07 06:25:25,689 INFO [RocksDB]            Options.write_thread_max_yield_usec: 100
[35278] 01-07 06:25:25,689 INFO [RocksDB]           Options.write_thread_slow_yield_usec: 3
[35278] 01-07 06:25:25,689 INFO [RocksDB]                              Options.row_cache: None
[35278] 01-07 06:25:25,689 INFO [RocksDB]                             Options.wal_filter: None
[35278] 01-07 06:25:25,689 INFO [RocksDB]            Options.avoid_flush_during_recovery: 0
[35278] 01-07 06:25:25,689 INFO [RocksDB]            Options.allow_ingest_behind: 0
[35278] 01-07 06:25:25,689 INFO [RocksDB]            Options.preserve_deletes: 0
[35278] 01-07 06:25:25,689 INFO [RocksDB]            Options.two_write_queues: 0
[35278] 01-07 06:25:25,689 INFO [RocksDB]            Options.manual_wal_flush: 0
[35278] 01-07 06:25:25,689 INFO [RocksDB]            Options.max_background_jobs: 16
[35278] 01-07 06:25:25,689 INFO [RocksDB]            Options.max_background_compactions: -1
[35278] 01-07 06:25:25,689 INFO [RocksDB]            Options.avoid_flush_during_shutdown: 0
[35278] 01-07 06:25:25,689 INFO [RocksDB]          Options.writable_file_max_buffer_size: 1048576
[35278] 01-07 06:25:25,689 INFO [RocksDB]            Options.delayed_write_rate : 52428800
[35278] 01-07 06:25:25,689 INFO [RocksDB]            Options.max_total_wal_size: 0
[35278] 01-07 06:25:25,689 INFO [RocksDB]            Options.delete_obsolete_files_period_micros: 21600000000
[35278] 01-07 06:25:25,689 INFO [RocksDB]                  Options.stats_dump_period_sec: 100000
[35278] 01-07 06:25:25,689 INFO [RocksDB]                         Options.max_open_files: 1024
[35278] 01-07 06:25:25,689 INFO [RocksDB]                         Options.bytes_per_sync: 1048576
[35278] 01-07 06:25:25,689 INFO [RocksDB]                     Options.wal_bytes_per_sync: 0
[35278] 01-07 06:25:25,689 INFO [RocksDB]      Options.compaction_readahead_size: 0
[35278] 01-07 06:25:25,689 INFO [RocksDB]Compression algorithms supported:
[35278] 01-07 06:25:25,689 INFO [RocksDB]	kZSTDNotFinalCompression supported: 0
[35278] 01-07 06:25:25,689 INFO [RocksDB]	kZSTD supported: 0
[35278] 01-07 06:25:25,689 INFO [RocksDB]	kXpressCompression supported: 0
[35278] 01-07 06:25:25,689 INFO [RocksDB]	kLZ4HCCompression supported: 0
[35278] 01-07 06:25:25,689 INFO [RocksDB]	kLZ4Compression supported: 0
[35278] 01-07 06:25:25,689 INFO [RocksDB]	kBZip2Compression supported: 0
[35278] 01-07 06:25:25,689 INFO [RocksDB]	kZlibCompression supported: 1
[35278] 01-07 06:25:25,689 INFO [RocksDB]	kSnappyCompression supported: 1
[35278] 01-07 06:25:25,689 INFO [RocksDB]Fast CRC32 supported: Supported on x86
[35278] 01-07 06:25:25,689 INFO [RocksDB][db/db_impl_open.cc:222] Creating manifest 1 

[35278] 01-07 06:25:25,697 INFO [RocksDB][db/version_set.cc:3085] Recovering from manifest file: MANIFEST-000001

[35278] 01-07 06:25:25,697 INFO [RocksDB][db/column_family.cc:475] --------------- Options for column family [default]:

[35278] 01-07 06:25:25,697 INFO [RocksDB]              Options.comparator: ardb.comparator
[35278] 01-07 06:25:25,697 INFO [RocksDB]          Options.merge_operator: ardb.merger
[35278] 01-07 06:25:25,697 INFO [RocksDB]       Options.compaction_filter: None
[35278] 01-07 06:25:25,697 INFO [RocksDB]       Options.compaction_filter_factory: ardb.compact_filter_factory
[35278] 01-07 06:25:25,697 INFO [RocksDB]        Options.memtable_factory: SkipListFactory
[35278] 01-07 06:25:25,697 INFO [RocksDB]           Options.table_factory: BlockBasedTable
[35278] 01-07 06:25:25,697 INFO [RocksDB]           table_factory options:   flush_block_policy_factory: FlushBlockBySizePolicyFactory (0x7f1c7e608018)
  cache_index_and_filter_blocks: 0
  cache_index_and_filter_blocks_with_high_priority: 0
  pin_l0_filter_and_index_blocks_in_cache: 0
  index_type: 0
  hash_index_allow_collision: 1
  checksum: 1
  no_block_cache: 0
  block_cache: 0x7f1c7e681cf0
  block_cache_name: LRUCache
  block_cache_options:
    capacity : 536870912
    num_shard_bits : 6
    strict_capacity_limit : 0
    high_pri_pool_ratio: 0.000
  block_cache_compressed: (nil)
  persistent_cache: (nil)
  block_size: 4096
  block_size_deviation: 10
  block_restart_interval: 16
  index_block_restart_interval: 1
  metadata_block_size: 4096
  partition_filters: 0
  use_delta_encoding: 1
  filter_policy: rocksdb.BuiltinBloomFilter
  whole_key_filtering: 1
  verify_compression: 0
  read_amp_bytes_per_bit: 0
  format_version: 2
  enable_index_compression: 1
  block_align: 0

[35278] 01-07 06:25:25,697 INFO [RocksDB]       Options.write_buffer_size: 268435456
[35278] 01-07 06:25:25,697 INFO [RocksDB] Options.max_write_buffer_number: 6
[35278] 01-07 06:25:25,697 INFO [RocksDB]       Options.compression[0]: NoCompression
[35278] 01-07 06:25:25,697 INFO [RocksDB]       Options.compression[1]: NoCompression
[35278] 01-07 06:25:25,697 INFO [RocksDB]       Options.compression[2]: Snappy
[35278] 01-07 06:25:25,697 INFO [RocksDB]       Options.compression[3]: Snappy
[35278] 01-07 06:25:25,697 INFO [RocksDB]       Options.compression[4]: Snappy
[35278] 01-07 06:25:25,697 INFO [RocksDB]       Options.compression[5]: Snappy
[35278] 01-07 06:25:25,697 INFO [RocksDB]       Options.compression[6]: Snappy
[35278] 01-07 06:25:25,697 INFO [RocksDB]                 Options.bottommost_compression: Disabled
[35278] 01-07 06:25:25,697 INFO [RocksDB]      Options.prefix_extractor: ardb.prefix_extractor
[35278] 01-07 06:25:25,697 INFO [RocksDB]  Options.memtable_insert_with_hint_prefix_extractor: nullptr
[35278] 01-07 06:25:25,697 INFO [RocksDB]            Options.num_levels: 7
[35278] 01-07 06:25:25,697 INFO [RocksDB]       Options.min_write_buffer_number_to_merge: 2
[35278] 01-07 06:25:25,697 INFO [RocksDB]    Options.max_write_buffer_number_to_maintain: 0
[35278] 01-07 06:25:25,697 INFO [RocksDB]           Options.compression_opts.window_bits: -14
[35278] 01-07 06:25:25,697 INFO [RocksDB]                 Options.compression_opts.level: -1
[35278] 01-07 06:25:25,697 INFO [RocksDB]              Options.compression_opts.strategy: 0
[35278] 01-07 06:25:25,697 INFO [RocksDB]        Options.compression_opts.max_dict_bytes: 0
[35278] 01-07 06:25:25,697 INFO [RocksDB]        Options.compression_opts.zstd_max_train_bytes: 0
[35278] 01-07 06:25:25,697 INFO [RocksDB]     Options.level0_file_num_compaction_trigger: 2
[35278] 01-07 06:25:25,697 INFO [RocksDB]         Options.level0_slowdown_writes_trigger: 20
[35278] 01-07 06:25:25,697 INFO [RocksDB]             Options.level0_stop_writes_trigger: 36
[35278] 01-07 06:25:25,697 INFO [RocksDB]                  Options.target_file_size_base: 67108864
[35278] 01-07 06:25:25,697 INFO [RocksDB]            Options.target_file_size_multiplier: 1
[35278] 01-07 06:25:25,697 INFO [RocksDB]               Options.max_bytes_for_level_base: 536870912
[35278] 01-07 06:25:25,697 INFO [RocksDB]Options.level_compaction_dynamic_level_bytes: 0
[35278] 01-07 06:25:25,697 INFO [RocksDB]         Options.max_bytes_for_level_multiplier: 10.000000
[35278] 01-07 06:25:25,697 INFO [RocksDB]Options.max_bytes_for_level_multiplier_addtl[0]: 1
[35278] 01-07 06:25:25,697 INFO [RocksDB]Options.max_bytes_for_level_multiplier_addtl[1]: 1
[35278] 01-07 06:25:25,697 INFO [RocksDB]Options.max_bytes_for_level_multiplier_addtl[2]: 1
[35278] 01-07 06:25:25,697 INFO [RocksDB]Options.max_bytes_for_level_multiplier_addtl[3]: 1
[35278] 01-07 06:25:25,697 INFO [RocksDB]Options.max_bytes_for_level_multiplier_addtl[4]: 1
[35278] 01-07 06:25:25,697 INFO [RocksDB]Options.max_bytes_for_level_multiplier_addtl[5]: 1
[35278] 01-07 06:25:25,697 INFO [RocksDB]Options.max_bytes_for_level_multiplier_addtl[6]: 1
[35278] 01-07 06:25:25,697 INFO [RocksDB]      Options.max_sequential_skip_in_iterations: 8
[35278] 01-07 06:25:25,697 INFO [RocksDB]                   Options.max_compaction_bytes: 1677721600
[35278] 01-07 06:25:25,697 INFO [RocksDB]                       Options.arena_block_size: 33554432
[35278] 01-07 06:25:25,697 INFO [RocksDB]  Options.soft_pending_compaction_bytes_limit: 68719476736
[35278] 01-07 06:25:25,697 INFO [RocksDB]  Options.hard_pending_compaction_bytes_limit: 274877906944
[35278] 01-07 06:25:25,697 INFO [RocksDB]      Options.rate_limit_delay_max_milliseconds: 100
[35278] 01-07 06:25:25,697 INFO [RocksDB]               Options.disable_auto_compactions: 0
[35278] 01-07 06:25:25,697 INFO [RocksDB]                       Options.compaction_style: kCompactionStyleLevel
[35278] 01-07 06:25:25,697 INFO [RocksDB]                         Options.compaction_pri: kByCompensatedSize
[35278] 01-07 06:25:25,697 INFO [RocksDB]Options.compaction_options_universal.size_ratio: 1
[35278] 01-07 06:25:25,697 INFO [RocksDB]Options.compaction_options_universal.min_merge_width: 2
[35278] 01-07 06:25:25,697 INFO [RocksDB]Options.compaction_options_universal.max_merge_width: 4294967295
[35278] 01-07 06:25:25,697 INFO [RocksDB]Options.compaction_options_universal.max_size_amplification_percent: 200
[35278] 01-07 06:25:25,697 INFO [RocksDB]Options.compaction_options_universal.compression_size_percent: -1
[35278] 01-07 06:25:25,697 INFO [RocksDB]Options.compaction_options_universal.stop_style: kCompactionStopStyleTotalSize
[35278] 01-07 06:25:25,697 INFO [RocksDB]Options.compaction_options_fifo.max_table_files_size: 1073741824
[35278] 01-07 06:25:25,697 INFO [RocksDB]Options.compaction_options_fifo.allow_compaction: 0
[35278] 01-07 06:25:25,697 INFO [RocksDB]Options.compaction_options_fifo.ttl: 0
[35278] 01-07 06:25:25,697 INFO [RocksDB]                  Options.table_properties_collectors: 
[35278] 01-07 06:25:25,697 INFO [RocksDB]                  Options.inplace_update_support: 0
[35278] 01-07 06:25:25,697 INFO [RocksDB]                Options.inplace_update_num_locks: 10000
[35278] 01-07 06:25:25,697 INFO [RocksDB]              Options.memtable_prefix_bloom_size_ratio: 0.000000
[35278] 01-07 06:25:25,697 INFO [RocksDB]  Options.memtable_huge_page_size: 0
[35278] 01-07 06:25:25,697 INFO [RocksDB]                          Options.bloom_locality: 0
[35278] 01-07 06:25:25,697 INFO [RocksDB]                   Options.max_successive_merges: 0
[35278] 01-07 06:25:25,697 INFO [RocksDB]               Options.optimize_filters_for_hits: 0
[35278] 01-07 06:25:25,697 INFO [RocksDB]               Options.paranoid_file_checks: 0
[35278] 01-07 06:25:25,697 INFO [RocksDB]               Options.force_consistency_checks: 0
[35278] 01-07 06:25:25,697 INFO [RocksDB]               Options.report_bg_io_stats: 0
[35278] 01-07 06:25:25,697 INFO [RocksDB]                              Options.ttl: 0
[35278] 01-07 06:25:25,697 INFO [RocksDB][db/version_set.cc:3361] Recovered from manifest file:/home/ubuntu/ardb/data/rocksdb/MANIFEST-000001 succeeded,manifest_file_number is 1, next_file_number is 3, last_sequence is 0, log_number is 0,prev_log_number is 0,max_column_family is 0,min_log_number_to_keep is 0

[35278] 01-07 06:25:25,697 INFO [RocksDB][db/version_set.cc:3369] Column family [default] (ID 0), log number is 0

[35278] 01-07 06:25:25,701 INFO [RocksDB][db/db_impl_open.cc:1219] DB pointer 0x7f1c7dfbe000
[35278] 01-07 06:25:25,701 INFO Ardb init engine:rocksdb success.
[35278] 01-07 06:25:25,703 INFO Ardb will accept connections on 0.0.0.0:16379
[35278] 01-07 06:25:25,704 INFO Ardb started with version 0.10.0
[35278] 01-07 06:25:26,704 INFO ========================Period Statistics Dump Begin===========================
[35278] 01-07 06:25:26,704 INFO slave_sync_total_commands_processed:0
[35278] 01-07 06:25:26,704 INFO slave_sync_instantaneous_ops_per_sec:0
[35278] 01-07 06:25:26,704 INFO total_commands_processed:0
[35278] 01-07 06:25:26,704 INFO instantaneous_ops_per_sec:0
[35278] 01-07 06:25:26,704 INFO total_connections_received:0
[35278] 01-07 06:25:26,704 INFO rejected_connections:0
[35278] 01-07 06:25:26,704 INFO ========================Period Statistics Dump End===========================
[35278] 01-07 06:25:38,380 INFO [RocksDB][db/version_set.cc:2847] Creating manifest 6

[35278] 01-07 06:25:38,386 INFO [RocksDB][db/column_family.cc:475] --------------- Options for column family [0]:

[35278] 01-07 06:25:38,386 INFO [RocksDB]              Options.comparator: ardb.comparator
[35278] 01-07 06:25:38,386 INFO [RocksDB]          Options.merge_operator: ardb.merger
[35278] 01-07 06:25:38,386 INFO [RocksDB]       Options.compaction_filter: None
[35278] 01-07 06:25:38,386 INFO [RocksDB]       Options.compaction_filter_factory: ardb.compact_filter_factory
[35278] 01-07 06:25:38,386 INFO [RocksDB]        Options.memtable_factory: SkipListFactory
[35278] 01-07 06:25:38,386 INFO [RocksDB]           Options.table_factory: BlockBasedTable
[35278] 01-07 06:25:38,386 INFO [RocksDB]           table_factory options:   flush_block_policy_factory: FlushBlockBySizePolicyFactory (0x7f1c7e608018)
  cache_index_and_filter_blocks: 0
  cache_index_and_filter_blocks_with_high_priority: 0
  pin_l0_filter_and_index_blocks_in_cache: 0
  index_type: 0
  hash_index_allow_collision: 1
  checksum: 1
  no_block_cache: 0
  block_cache: 0x7f1c7e681cf0
  block_cache_name: LRUCache
  block_cache_options:
    capacity : 536870912
    num_shard_bits : 6
    strict_capacity_limit : 0
    high_pri_pool_ratio: 0.000
  block_cache_compressed: (nil)
  persistent_cache: (nil)
  block_size: 4096
  block_size_deviation: 10
  block_restart_interval: 16
  index_block_restart_interval: 1
  metadata_block_size: 4096
  partition_filters: 0
  use_delta_encoding: 1
  filter_policy: rocksdb.BuiltinBloomFilter
  whole_key_filtering: 1
  verify_compression: 0
  read_amp_bytes_per_bit: 0
  format_version: 2
  enable_index_compression: 1
  block_align: 0

[35278] 01-07 06:25:38,386 INFO [RocksDB]       Options.write_buffer_size: 268435456
[35278] 01-07 06:25:38,386 INFO [RocksDB] Options.max_write_buffer_number: 6
[35278] 01-07 06:25:38,386 INFO [RocksDB]       Options.compression[0]: NoCompression
[35278] 01-07 06:25:38,386 INFO [RocksDB]       Options.compression[1]: NoCompression
[35278] 01-07 06:25:38,386 INFO [RocksDB]       Options.compression[2]: Snappy
[35278] 01-07 06:25:38,386 INFO [RocksDB]       Options.compression[3]: Snappy
[35278] 01-07 06:25:38,386 INFO [RocksDB]       Options.compression[4]: Snappy
[35278] 01-07 06:25:38,386 INFO [RocksDB]       Options.compression[5]: Snappy
[35278] 01-07 06:25:38,386 INFO [RocksDB]       Options.compression[6]: Snappy
[35278] 01-07 06:25:38,386 INFO [RocksDB]                 Options.bottommost_compression: Disabled
[35278] 01-07 06:25:38,386 INFO [RocksDB]      Options.prefix_extractor: ardb.prefix_extractor
[35278] 01-07 06:25:38,386 INFO [RocksDB]  Options.memtable_insert_with_hint_prefix_extractor: nullptr
[35278] 01-07 06:25:38,386 INFO [RocksDB]            Options.num_levels: 7
[35278] 01-07 06:25:38,386 INFO [RocksDB]       Options.min_write_buffer_number_to_merge: 2
[35278] 01-07 06:25:38,386 INFO [RocksDB]    Options.max_write_buffer_number_to_maintain: 0
[35278] 01-07 06:25:38,386 INFO [RocksDB]           Options.compression_opts.window_bits: -14
[35278] 01-07 06:25:38,386 INFO [RocksDB]                 Options.compression_opts.level: -1
[35278] 01-07 06:25:38,386 INFO [RocksDB]              Options.compression_opts.strategy: 0
[35278] 01-07 06:25:38,386 INFO [RocksDB]        Options.compression_opts.max_dict_bytes: 0
[35278] 01-07 06:25:38,386 INFO [RocksDB]        Options.compression_opts.zstd_max_train_bytes: 0
[35278] 01-07 06:25:38,386 INFO [RocksDB]     Options.level0_file_num_compaction_trigger: 2
[35278] 01-07 06:25:38,386 INFO [RocksDB]         Options.level0_slowdown_writes_trigger: 20
[35278] 01-07 06:25:38,386 INFO [RocksDB]             Options.level0_stop_writes_trigger: 36
[35278] 01-07 06:25:38,386 INFO [RocksDB]                  Options.target_file_size_base: 67108864
[35278] 01-07 06:25:38,386 INFO [RocksDB]            Options.target_file_size_multiplier: 1
[35278] 01-07 06:25:38,386 INFO [RocksDB]               Options.max_bytes_for_level_base: 536870912
[35278] 01-07 06:25:38,386 INFO [RocksDB]Options.level_compaction_dynamic_level_bytes: 0
[35278] 01-07 06:25:38,386 INFO [RocksDB]         Options.max_bytes_for_level_multiplier: 10.000000
[35278] 01-07 06:25:38,386 INFO [RocksDB]Options.max_bytes_for_level_multiplier_addtl[0]: 1
[35278] 01-07 06:25:38,386 INFO [RocksDB]Options.max_bytes_for_level_multiplier_addtl[1]: 1
[35278] 01-07 06:25:38,386 INFO [RocksDB]Options.max_bytes_for_level_multiplier_addtl[2]: 1
[35278] 01-07 06:25:38,386 INFO [RocksDB]Options.max_bytes_for_level_multiplier_addtl[3]: 1
[35278] 01-07 06:25:38,386 INFO [RocksDB]Options.max_bytes_for_level_multiplier_addtl[4]: 1
[35278] 01-07 06:25:38,386 INFO [RocksDB]Options.max_bytes_for_level_multiplier_addtl[5]: 1
[35278] 01-07 06:25:38,386 INFO [RocksDB]Options.max_bytes_for_level_multiplier_addtl[6]: 1
[35278] 01-07 06:25:38,386 INFO [RocksDB]      Options.max_sequential_skip_in_iterations: 8
[35278] 01-07 06:25:38,386 INFO [RocksDB]                   Options.max_compaction_bytes: 1677721600
[35278] 01-07 06:25:38,386 INFO [RocksDB]                       Options.arena_block_size: 33554432
[35278] 01-07 06:25:38,386 INFO [RocksDB]  Options.soft_pending_compaction_bytes_limit: 68719476736
[35278] 01-07 06:25:38,386 INFO [RocksDB]  Options.hard_pending_compaction_bytes_limit: 274877906944
[35278] 01-07 06:25:38,386 INFO [RocksDB]      Options.rate_limit_delay_max_milliseconds: 100
[35278] 01-07 06:25:38,386 INFO [RocksDB]               Options.disable_auto_compactions: 0
[35278] 01-07 06:25:38,386 INFO [RocksDB]                       Options.compaction_style: kCompactionStyleLevel
[35278] 01-07 06:25:38,386 INFO [RocksDB]                         Options.compaction_pri: kByCompensatedSize
[35278] 01-07 06:25:38,386 INFO [RocksDB]Options.compaction_options_universal.size_ratio: 1
[35278] 01-07 06:25:38,386 INFO [RocksDB]Options.compaction_options_universal.min_merge_width: 2
[35278] 01-07 06:25:38,386 INFO [RocksDB]Options.compaction_options_universal.max_merge_width: 4294967295
[35278] 01-07 06:25:38,386 INFO [RocksDB]Options.compaction_options_universal.max_size_amplification_percent: 200
[35278] 01-07 06:25:38,386 INFO [RocksDB]Options.compaction_options_universal.compression_size_percent: -1
[35278] 01-07 06:25:38,386 INFO [RocksDB]Options.compaction_options_universal.stop_style: kCompactionStopStyleTotalSize
[35278] 01-07 06:25:38,386 INFO [RocksDB]Options.compaction_options_fifo.max_table_files_size: 1073741824
[35278] 01-07 06:25:38,386 INFO [RocksDB]Options.compaction_options_fifo.allow_compaction: 0
[35278] 01-07 06:25:38,386 INFO [RocksDB]Options.compaction_options_fifo.ttl: 0
[35278] 01-07 06:25:38,386 INFO [RocksDB]                  Options.table_properties_collectors: 
[35278] 01-07 06:25:38,386 INFO [RocksDB]                  Options.inplace_update_support: 0
[35278] 01-07 06:25:38,386 INFO [RocksDB]                Options.inplace_update_num_locks: 10000
[35278] 01-07 06:25:38,386 INFO [RocksDB]              Options.memtable_prefix_bloom_size_ratio: 0.000000
[35278] 01-07 06:25:38,386 INFO [RocksDB]  Options.memtable_huge_page_size: 0
[35278] 01-07 06:25:38,386 INFO [RocksDB]                          Options.bloom_locality: 0
[35278] 01-07 06:25:38,386 INFO [RocksDB]                   Options.max_successive_merges: 0
[35278] 01-07 06:25:38,386 INFO [RocksDB]               Options.optimize_filters_for_hits: 0
[35278] 01-07 06:25:38,386 INFO [RocksDB]               Options.paranoid_file_checks: 0
[35278] 01-07 06:25:38,386 INFO [RocksDB]               Options.force_consistency_checks: 0
[35278] 01-07 06:25:38,386 INFO [RocksDB]               Options.report_bg_io_stats: 0
[35278] 01-07 06:25:38,386 INFO [RocksDB]                              Options.ttl: 0
[35278] 01-07 06:25:38,386 INFO [RocksDB][db/db_impl.cc:1396] Created column family [0] (ID 1)
[35278] 01-07 06:25:38,389 INFO Create ColumnFamilyHandle with name:0 success.
[35278] 01-07 06:25:46,226 INFO [RocksDB][db/db_impl_write.cc:1373] [0] New memtable created with log file: #9. Immutable memtables: 0.

[35278] 01-07 06:25:53,540 INFO [RocksDB][db/db_impl_write.cc:1373] [0] New memtable created with log file: #10. Immutable memtables: 1.

[35278] 01-07 06:25:53,540 INFO [RocksDB][db/db_impl_compaction_flush.cc:80] [JOB 2] Syncing log #3
[35278] 01-07 06:25:54,099 INFO [RocksDB][db/db_impl_compaction_flush.cc:80] [JOB 2] Syncing log #9
[35278] 01-07 06:25:55,409 INFO [RocksDB](Original Log Time 2020/01/07-06:25:53.540658) [db/db_impl_compaction_flush.cc:1424] Calling FlushMemTableToOutputFile with column family [0], flush slots available 4, compaction slots available 1, flush slots scheduled 1, compaction slots scheduled 0
[35278] 01-07 06:25:55,409 INFO [RocksDB][db/flush_job.cc:301] [0] [JOB 2] Flushing memtable with next log file: 9

[35278] 01-07 06:25:55,409 INFO [RocksDB][db/flush_job.cc:301] [0] [JOB 2] Flushing memtable with next log file: 10

[35278] 01-07 06:25:55,409 INFO [RocksDB]EVENT_LOG_v1 {"time_micros": 1578378355409246, "job": 2, "event": "flush_started", "num_memtables": 2, "num_entries": 3227079, "num_deletes": 0, "memory_usage": 520101024, "flush_reason": "Write Buffer Full"}
[35278] 01-07 06:25:55,409 INFO [RocksDB][db/flush_job.cc:331] [0] [JOB 2] Level-0 flush table #11: started
[35278] 01-07 06:26:01,601 INFO [RocksDB]EVENT_LOG_v1 {"time_micros": 1578378361601748, "cf_name": "0", "job": 2, "event": "table_file_creation", "file_number": 11, "file_size": 313788222, "table_properties": {"data_size": 304879772, "index_size": 4086558, "filter_size": 4820850, "raw_key_size": 126994870, "raw_average_key_size": 42, "raw_value_size": 244223316, "raw_average_value_size": 81, "num_data_blocks": 75958, "num_entries": 2996583, "filter_policy_name": "rocksdb.BuiltinBloomFilter", "kDeletedKeys": "0", "kMergeOperands": "0"}}
[35278] 01-07 06:26:01,601 INFO [RocksDB][db/flush_job.cc:371] [0] [JOB 2] Level-0 flush table #11: 313788222 bytes OK
[35278] 01-07 06:26:01,604 INFO [RocksDB](Original Log Time 2020/01/07-06:26:01.603026) [db/memtable_list.cc:377] [0] Level-0 commit table #11 started
[35278] 01-07 06:26:01,604 INFO [RocksDB](Original Log Time 2020/01/07-06:26:01.604671) [db/memtable_list.cc:409] [0] Level-0 commit table #11: memtable #1 done
[35278] 01-07 06:26:01,604 INFO [RocksDB](Original Log Time 2020/01/07-06:26:01.604677) [db/memtable_list.cc:409] [0] Level-0 commit table #11: memtable #2 done
[35278] 01-07 06:26:01,604 INFO [RocksDB](Original Log Time 2020/01/07-06:26:01.604694) EVENT_LOG_v1 {"time_micros": 1578378361604685, "job": 2, "event": "flush_finished", "output_compression": "NoCompression", "lsm_state": [1, 0, 0, 0, 0, 0, 0], "immutable_memtables": 0}
[35278] 01-07 06:26:01,604 INFO [RocksDB](Original Log Time 2020/01/07-06:26:01.604706) [db/db_impl_compaction_flush.cc:177] [0] Level summary: base level 1 max bytes base 536870912 files[1 0 0 0 0 0 0] max score 0.58

[35278] 01-07 06:26:01,604 INFO [RocksDB][db/db_impl_files.cc:342] [JOB 2] Try to delete WAL files size 381051877, prev total WAL file size 551165772, number of live WAL files 3.

[35278] 01-07 06:26:03,304 INFO [RocksDB][db/db_impl_write.cc:1373] [0] New memtable created with log file: #12. Immutable memtables: 0.

[35278] 01-07 06:26:12,131 INFO [RocksDB][db/db_impl_write.cc:1373] [0] New memtable created with log file: #13. Immutable memtables: 1.

[35278] 01-07 06:26:12,132 INFO [RocksDB][db/db_impl_compaction_flush.cc:80] [JOB 3] Syncing log #10
[35278] 01-07 06:26:12,920 INFO [RocksDB][db/db_impl_compaction_flush.cc:80] [JOB 3] Syncing log #12
[35278] 01-07 06:26:14,380 INFO [RocksDB](Original Log Time 2020/01/07-06:26:12.132040) [db/db_impl_compaction_flush.cc:1424] Calling FlushMemTableToOutputFile with column family [0], flush slots available 4, compaction slots available 1, flush slots scheduled 1, compaction slots scheduled 0
[35278] 01-07 06:26:14,380 INFO [RocksDB][db/flush_job.cc:301] [0] [JOB 3] Flushing memtable with next log file: 12

[35278] 01-07 06:26:14,380 INFO [RocksDB][db/flush_job.cc:301] [0] [JOB 3] Flushing memtable with next log file: 13

[35278] 01-07 06:26:14,380 INFO [RocksDB]EVENT_LOG_v1 {"time_micros": 1578378374380610, "job": 3, "event": "flush_started", "num_memtables": 2, "num_entries": 3415533, "num_deletes": 0, "memory_usage": 520101448, "flush_reason": "Write Buffer Full"}
[35278] 01-07 06:26:14,380 INFO [RocksDB][db/flush_job.cc:331] [0] [JOB 3] Level-0 flush table #14: started
[35278] 01-07 06:26:20,772 INFO [RocksDB]EVENT_LOG_v1 {"time_micros": 1578378380772740, "cf_name": "0", "job": 3, "event": "table_file_creation", "file_number": 14, "file_size": 332039845, "table_properties": {"data_size": 322606941, "index_size": 4329725, "filter_size": 5102137, "raw_key_size": 134408415, "raw_average_key_size": 42, "raw_value_size": 258481814, "raw_average_value_size": 81, "num_data_blocks": 80382, "num_entries": 3171565, "filter_policy_name": "rocksdb.BuiltinBloomFilter", "kDeletedKeys": "0", "kMergeOperands": "0"}}
[35278] 01-07 06:26:20,772 INFO [RocksDB][db/flush_job.cc:371] [0] [JOB 3] Level-0 flush table #14: 332039845 bytes OK
[35278] 01-07 06:26:20,775 INFO [RocksDB](Original Log Time 2020/01/07-06:26:20.773890) [db/memtable_list.cc:377] [0] Level-0 commit table #14 started
[35278] 01-07 06:26:20,775 INFO [RocksDB](Original Log Time 2020/01/07-06:26:20.775520) [db/memtable_list.cc:409] [0] Level-0 commit table #14: memtable #1 done
[35278] 01-07 06:26:20,775 INFO [RocksDB](Original Log Time 2020/01/07-06:26:20.775521) [db/memtable_list.cc:409] [0] Level-0 commit table #14: memtable #2 done
[35278] 01-07 06:26:20,775 INFO [RocksDB](Original Log Time 2020/01/07-06:26:20.775530) EVENT_LOG_v1 {"time_micros": 1578378380775525, "job": 3, "event": "flush_finished", "output_compression": "NoCompression", "lsm_state": [2, 0, 0, 0, 0, 0, 0], "immutable_memtables": 0}
[35278] 01-07 06:26:20,775 INFO [RocksDB](Original Log Time 2020/01/07-06:26:20.775555) [db/db_impl_compaction_flush.cc:177] [0] Level summary: base level 1 max bytes base 536870912 files[2 0 0 0 0 0 0] max score 1.20

[35278] 01-07 06:26:20,775 INFO [RocksDB][db/db_impl_files.cc:342] [JOB 3] Try to delete WAL files size 403379765, prev total WAL file size 531199809, number of live WAL files 3.

[35278] 01-07 06:26:20,775 WARN [RocksDB][db/db_impl.cc:491] ------- DUMPING STATS -------
[35278] 01-07 06:26:20,775 WARN [RocksDB][db/db_impl.cc:492] 
** DB Stats **
Uptime(secs): 55.1 total, 55.1 interval
Cumulative writes: 1103K writes, 7724K keys, 1103K commit groups, 1.0 writes per commit group, ingest: 0.85 GB, 15.80 MB/s
Cumulative WAL: 1103K writes, 0 syncs, 1103552.00 writes per sync, written: 0.85 GB, 15.80 MB/s
Cumulative stall: 00:00:0.000 H:M:S, 0.0 percent
Interval writes: 1103K writes, 7724K keys, 1103K commit groups, 1.0 writes per commit group, ingest: 869.99 MB, 15.80 MB/s
Interval WAL: 1103K writes, 0 syncs, 1103552.00 writes per sync, written: 0.85 MB, 15.80 MB/s
Interval stall: 00:00:0.000 H:M:S, 0.0 percent

** Compaction Stats [default] **
Level    Files   Size     Score Read(GB)  Rn(GB) Rnp1(GB) Write(GB) Wnew(GB) Moved(GB) W-Amp Rd(MB/s) Wr(MB/s) Comp(sec) Comp(cnt) Avg(sec) KeyIn KeyDrop
----------------------------------------------------------------------------------------------------------------------------------------------------------
 Sum      0/0    0.00 KB   0.0      0.0     0.0      0.0       0.0     
[35278] 01-07 06:26:20,775 INFO [RocksDB][db/compaction_job.cc:1531] [0] [JOB 4] Compacting 2@0 files to L1, score 1.20
[35278] 01-07 06:26:20,775 INFO [RocksDB][db/compaction_job.cc:1535] [0] Compaction start summary: Base version 4 Base level 0, inputs: [14(316MB) 11(299MB)]

[35278] 01-07 06:26:20,775 INFO [RocksDB]EVENT_LOG_v1 {"time_micros": 1578378380775937, "job": 4, "event": "compaction_started", "compaction_reason": "LevelL0FilesNum", "files_L0": [14, 11], "score": 1.20295, "input_data_size": 645828067}
[35278] 01-07 06:26:22,187 INFO [RocksDB][db/compaction_job.cc:1211] [0] [JOB 4] Generated table #15: 1180433 keys, 69761642 bytes
[35278] 01-07 06:26:22,187 INFO [RocksDB]EVENT_LOG_v1 {"time_micros": 1578378382187463, "cf_name": "0", "job": 4, "event": "table_file_creation", "file_number": 15, "file_size": 69761642, "table_properties": {"data_size": 67109109, "index_size": 975083, "filter_size": 1676419, "raw_key_size": 56148919, "raw_average_key_size": 47, "raw_value_size": 28872190, "raw_average_value_size": 24, "num_data_blocks": 16602, "num_entries": 1180433, "filter_policy_name": "rocksdb.BuiltinBloomFilter", "kDeletedKeys": "0", "kMergeOperands": "0"}}
[35278] 01-07 06:26:23,496 INFO [RocksDB][db/compaction_job.cc:1211] [0] [JOB 4] Generated table #16: 597478 keys, 68987380 bytes
[35278] 01-07 06:26:23,496 INFO [RocksDB]EVENT_LOG_v1 {"time_micros": 1578378383496334, "cf_name": "0", "job": 4, "event": "table_file_creation", "file_number": 16, "file_size": 68987380, "table_properties": {"data_size": 67109446, "index_size": 889062, "filter_size": 987841, "raw_key_size": 24593966, "raw_average_key_size": 41, "raw_value_size": 56760428, "raw_average_value_size": 95, "num_data_blocks": 16739, "num_entries": 597478, "filter_policy_name": "rocksdb.BuiltinBloomFilter", "kDeletedKeys": "0", "kMergeOperands": "0"}}
[35278] 01-07 06:26:24,805 INFO [RocksDB][db/compaction_job.cc:1211] [0] [JOB 4] Generated table #17: 597524 keys, 68987378 bytes
[35278] 01-07 06:26:24,805 INFO [RocksDB]EVENT_LOG_v1 {"time_micros": 1578378384805388, "cf_name": "0", "job": 4, "event": "table_file_creation", "file_number": 17, "file_size": 68987378, "table_properties": {"data_size": 67110412, "index_size": 888040, "filter_size": 987895, "raw_key_size": 24594777, "raw_average_key_size": 41, "raw_value_size": 56764816, "raw_average_value_size": 95, "num_data_blocks": 16739, "num_entries": 597524, "filter_policy_name": "rocksdb.BuiltinBloomFilter", "kDeletedKeys": "0", "kMergeOperands": "0"}}
[35278] 01-07 06:26:25,952 INFO [RocksDB][db/db_impl_write.cc:1373] [0] New memtable created with log file: #19. Immutable memtables: 0.

[35278] 01-07 06:26:26,105 INFO [RocksDB][db/compaction_job.cc:1211] [0] [JOB 4] Generated table #18: 597516 keys, 68990329 bytes
[35278] 01-07 06:26:26,105 INFO [RocksDB]EVENT_LOG_v1 {"time_micros": 1578378386105734, "cf_name": "0", "job": 4, "event": "table_file_creation", "file_number": 18, "file_size": 68990329, "table_properties": {"data_size": 67112611, "index_size": 888780, "filter_size": 987907, "raw_key_size": 24594463, "raw_average_key_size": 41, "raw_value_size": 56763984, "raw_average_value_size": 94, "num_data_blocks": 16741, "num_entries": 597516, "filter_policy_name": "rocksdb.BuiltinBloomFilter", "kDeletedKeys": "0", "kMergeOperands": "0"}}
[35278] 01-07 06:26:27,485 INFO [RocksDB][db/compaction_job.cc:1211] [0] [JOB 4] Generated table #20: 597509 keys, 68987937 bytes
[35278] 01-07 06:26:27,485 INFO [RocksDB]EVENT_LOG_v1 {"time_micros": 1578378387485574, "cf_name": "0", "job": 4, "event": "table_file_creation", "file_number": 20, "file_size": 68987937, "table_properties": {"data_size": 67110671, "index_size": 888357, "filter_size": 987878, "raw_key_size": 24593627, "raw_average_key_size": 41, "raw_value_size": 56763355, "raw_average_value_size": 95, "num_data_blocks": 16739, "num_entries": 597509, "filter_policy_name": "rocksdb.BuiltinBloomFilter", "kDeletedKeys": "0", "kMergeOperands": "0"}}
[35278] 01-07 06:26:28,788 INFO [RocksDB][db/compaction_job.cc:1211] [0] [JOB 4] Generated table #21: 597493 keys, 68987004 bytes
[35278] 01-07 06:26:28,788 INFO [RocksDB]EVENT_LOG_v1 {"time_micros": 1578378388788579, "cf_name": "0", "job": 4, "event": "table_file_creation", "file_number": 21, "file_size": 68987004, "table_properties": {"data_size": 67109412, "index_size": 888701, "filter_size": 987860, "raw_key_size": 24593788, "raw_average_key_size": 41, "raw_value_size": 56761790, "raw_average_value_size": 94, "num_data_blocks": 16739, "num_entries": 597493, "filter_policy_name": "rocksdb.BuiltinBloomFilter", "kDeletedKeys": "0", "kMergeOperands": "0"}}
[35278] 01-07 06:26:30,092 INFO [RocksDB][db/compaction_job.cc:1211] [0] [JOB 4] Generated table #22: 597520 keys, 68990106 bytes
[35278] 01-07 06:26:30,092 INFO [RocksDB]EVENT_LOG_v1 {"time_micros": 1578378390092619, "cf_name": "0", "job": 4, "event": "table_file_creation", "file_number": 22, "file_size": 68990106, "table_properties": {"data_size": 67112370, "index_size": 888801, "filter_size": 987904, "raw_key_size": 24595786, "raw_average_key_size": 41, "raw_value_size": 56764400, "raw_average_value_size": 95, "num_data_blocks": 16740, "num_entries": 597520, "filter_policy_name": "rocksdb.BuiltinBloomFilter", "kDeletedKeys": "0", "kMergeOperands": "0"}}
[35278] 01-07 06:26:31,418 INFO [RocksDB][db/compaction_job.cc:1211] [0] [JOB 4] Generated table #23: 597512 keys, 68987774 bytes
[35278] 01-07 06:26:31,418 INFO [RocksDB]EVENT_LOG_v1 {"time_micros": 1578378391418900, "cf_name": "0", "job": 4, "event": "table_file_creation", "file_number": 23, "file_size": 68987774, "table_properties": {"data_size": 67110328, "index_size": 888534, "filter_size": 987881, "raw_key_size": 24595117, "raw_average_key_size": 41, "raw_value_size": 56763667, "raw_average_value_size": 95, "num_data_blocks": 16739, "num_entries": 597512, "filter_policy_name": "rocksdb.BuiltinBloomFilter", "kDeletedKeys": "0", "kMergeOperands": "0"}}
[35278] 01-07 06:26:32,702 INFO [RocksDB][db/compaction_job.cc:1211] [0] [JOB 4] Generated table #24: 597536 keys, 68990416 bytes
[35278] 01-07 06:26:32,702 INFO [RocksDB]EVENT_LOG_v1 {"time_micros": 1578378392702066, "cf_name": "0", "job": 4, "event": "table_file_creation", "file_number": 24, "file_size": 68990416, "table_properties": {"data_size": 67113040, "index_size": 888432, "filter_size": 987913, "raw_key_size": 24595482, "raw_average_key_size": 41, "raw_value_size": 56765965, "raw_average_value_size": 95, "num_data_blocks": 16739, "num_entries": 597536, "filter_policy_name": "rocksdb.BuiltinBloomFilter", "kDeletedKeys": "0", "kMergeOperands": "0"}}
[35278] 01-07 06:26:33,191 INFO [RocksDB][db/compaction_job.cc:1211] [0] [JOB 4] Generated table #25: 207626 keys, 23966826 bytes
[35278] 01-07 06:26:33,191 INFO [RocksDB]EVENT_LOG_v1 {"time_micros": 1578378393191715, "cf_name": "0", "job": 4, "event": "table_file_creation", "file_number": 25, "file_size": 23966826, "table_properties": {"data_size": 23315412, "index_size": 307135, "filter_size": 343249, "raw_key_size": 8497341, "raw_average_key_size": 40, "raw_value_size": 19724479, "raw_average_value_size": 95, "num_data_blocks": 5815, "num_entries": 207626, "filter_policy_name": "rocksdb.BuiltinBloomFilter", "kDeletedKeys": "0", "kMergeOperands": "0"}}
[35278] 01-07 06:26:33,193 INFO [RocksDB][db/compaction_job.cc:1287] [0] [JOB 4] Compacted 2@0 files to L1 => 645636792 bytes
[35278] 01-07 06:26:33,195 INFO [RocksDB](Original Log Time 2020/01/07-06:26:33.195203) [db/compaction_job.cc:685] [0] compacted to: base level 1 max bytes base 536870912 files[0 10 0 0 0 0 0] max score 1.20, MB/sec: 52.0 rd, 52.0 wr, level 1, files in(2, 0) out(10) MB in(615.9, 0.0) out(615.7), read-write-amplify(2.0) write-amplify(1.0) OK, records in: 6168148, records dropped: 1 output_compression: NoCompression

[35278] 01-07 06:26:33,195 INFO [RocksDB](Original Log Time 2020/01/07-06:26:33.195228) EVENT_LOG_v1 {"time_micros": 1578378393195222, "job": 4, "event": "compaction_finished", "compaction_time_micros": 12417141, "output_level": 1, "num_output_files": 10, "total_output_size": 645636792, "num_input_records": 6168148, "num_output_records": 6168147, "num_subcompactions": 1, "output_compression": "NoCompression", "num_single_delete_mismatches": 0, "num_single_delete_fallthrough": 0, "lsm_state": [0, 10, 0, 0, 0, 0, 0]}
[35278] 01-07 06:26:33,224 INFO [RocksDB]EVENT_LOG_v1 {"time_micros": 1578378393224345, "job": 4, "event": "table_file_deletion", "file_number": 14}
[35278] 01-07 06:26:33,252 INFO [RocksDB]EVENT_LOG_v1 {"time_micros": 1578378393252092, "job": 4, "event": "table_file_deletion", "file_number": 11}
[35278] 01-07 06:26:33,252 INFO [RocksDB][db/compaction_job.cc:1531] [0] [JOB 5] Compacting 1@1 files to L2, score 1.20
[35278] 01-07 06:26:33,252 INFO [RocksDB][db/compaction_job.cc:1535] [0] Compaction start summary: Base version 5 Base level 1, inputs: [15(66MB)]

[35278] 01-07 06:26:33,252 INFO [RocksDB]EVENT_LOG_v1 {"time_micros": 1578378393252143, "job": 5, "event": "compaction_started", "compaction_reason": "LevelMaxLevelSize", "files_L1": [15], "score": 1.20259, "input_data_size": 69761642}
[35278] 01-07 06:26:35,011 INFO [RocksDB][db/compaction_job.cc:1211] [0] [JOB 5] Generated table #26: 1180433 keys, 54692422 bytes
[35278] 01-07 06:26:35,011 INFO [RocksDB]EVENT_LOG_v1 {"time_micros": 1578378395011604, "cf_name": "0", "job": 5, "event": "table_file_creation", "file_number": 26, "file_size": 54692422, "table_properties": {"data_size": 52513145, "index_size": 974779, "filter_size": 1647911, "raw_key_size": 56148919, "raw_average_key_size": 47, "raw_value_size": 28872190, "raw_average_value_size": 24, "num_data_blocks": 16602, "num_entries": 1180433, "filter_policy_name": "rocksdb.BuiltinBloomFilter", "kDeletedKeys": "0", "kMergeOperands": "0"}}
[35278] 01-07 06:26:35,013 INFO [RocksDB][db/compaction_job.cc:1287] [0] [JOB 5] Compacted 1@1 files to L2 => 54692422 bytes
[35278] 01-07 06:26:35,015 INFO [RocksDB](Original Log Time 2020/01/07-06:26:35.014963) [db/compaction_job.cc:685] [0] compacted to: base level 1 max bytes base 536870912 files[0 9 1 0 0 0 0] max score 1.07, MB/sec: 39.6 rd, 31.1 wr, level 2, files in(1, 0) out(1) MB in(66.5, 0.0) out(52.2), read-write-amplify(1.8) write-amplify(0.8) OK, records in: 1180433, records dropped: 0 output_compression: Snappy

[35278] 01-07 06:26:35,015 INFO [RocksDB](Original Log Time 2020/01/07-06:26:35.014986) EVENT_LOG_v1 {"time_micros": 1578378395014971, "job": 5, "event": "compaction_finished", "compaction_time_micros": 1760957, "output_level": 2, "num_output_files": 1, "total_output_size": 54692422, "num_input_records": 1180433, "num_output_records": 1180433, "num_subcompactions": 1, "output_compression": "Snappy", "num_single_delete_mismatches": 0, "num_single_delete_fallthrough": 0, "lsm_state": [0, 9, 1, 0, 0, 0, 0]}
[35278] 01-07 06:26:35,022 INFO [RocksDB]EVENT_LOG_v1 {"time_micros": 1578378395022279, "job": 5, "event": "table_file_deletion", "file_number": 15}
[35278] 01-07 06:26:35,022 INFO [RocksDB][db/compaction_job.cc:1531] [0] [JOB 6] Compacting 1@1 files to L2, score 1.07
[35278] 01-07 06:26:35,022 INFO [RocksDB][db/compaction_job.cc:1535] [0] Compaction start summary: Base version 6 Base level 1, inputs: [24(65MB)]

[35278] 01-07 06:26:35,022 INFO [RocksDB]EVENT_LOG_v1 {"time_micros": 1578378395022327, "job": 6, "event": "compaction_started", "compaction_reason": "LevelMaxLevelSize", "files_L1": [24], "score": 1.07265, "input_data_size": 68990416}
[35278] 01-07 06:26:36,316 INFO [RocksDB][db/compaction_job.cc:1211] [0] [JOB 6] Generated table #27: 597536 keys, 68588611 bytes
[35278] 01-07 06:26:36,316 INFO [RocksDB]EVENT_LOG_v1 {"time_micros": 1578378396316945, "cf_name": "0", "job": 6, "event": "table_file_creation", "file_number": 27, "file_size": 68588611, "table_properties": {"data_size": 67113040, "index_size": 888432, "filter_size": 987913, "raw_key_size": 24595482, "raw_average_key_size": 41, "raw_value_size": 56765965, "raw_average_value_size": 95, "num_data_blocks": 16739, "num_entries": 597536, "filter_policy_name": "rocksdb.BuiltinBloomFilter", "kDeletedKeys": "0", "kMergeOperands": "0"}}
[35278] 01-07 06:26:36,318 INFO [RocksDB][db/compaction_job.cc:1287] [0] [JOB 6] Compacted 1@1 files to L2 => 68588611 bytes
[35278] 01-07 06:26:36,320 INFO [RocksDB](Original Log Time 2020/01/07-06:26:36.319986) [db/compaction_job.cc:685] [0] compacted to: base level 1 max bytes base 536870912 files[0 8 2 0 0 0 0] max score 0.94, MB/sec: 53.2 rd, 52.9 wr, level 2, files in(1, 0) out(1) MB in(65.8, 0.0) out(65.4), read-write-amplify(2.0) write-amplify(1.0) OK, records in: 597536, records dropped: 0 output_compression: Snappy

[35278] 01-07 06:26:36,320 INFO [RocksDB](Original Log Time 2020/01/07-06:26:36.319999) EVENT_LOG_v1 {"time_micros": 1578378396319995, "job": 6, "event": "compaction_finished", "compaction_time_micros": 1295946, "output_level": 2, "num_output_files": 1, "total_output_size": 68588611, "num_input_records": 597536, "num_output_records": 597536, "num_subcompactions": 1, "output_compression": "Snappy", "num_single_delete_mismatches": 0, "num_single_delete_fallthrough": 0, "lsm_state": [0, 8, 2, 0, 0, 0, 0]}
[35278] 01-07 06:26:36,326 INFO [RocksDB]EVENT_LOG_v1 {"time_micros": 1578378396326171, "job": 6, "event": "table_file_deletion", "file_number": 24}
[35278] 01-07 06:26:40,677 INFO [RocksDB][db/db_impl_write.cc:1373] [0] New memtable created with log file: #28. Immutable memtables: 1.

[35278] 01-07 06:26:40,677 INFO [RocksDB][db/db_impl_compaction_flush.cc:80] [JOB 7] Syncing log #13
[35278] 01-07 06:26:41,220 INFO [RocksDB][db/db_impl_compaction_flush.cc:80] [JOB 7] Syncing log #19
[35278] 01-07 06:26:43,158 INFO [RocksDB](Original Log Time 2020/01/07-06:26:40.677654) [db/db_impl_compaction_flush.cc:1424] Calling FlushMemTableToOutputFile with column family [0], flush slots available 4, compaction slots available 1, flush slots scheduled 1, compaction slots scheduled 0
[35278] 01-07 06:26:43,158 INFO [RocksDB][db/flush_job.cc:301] [0] [JOB 7] Flushing memtable with next log file: 19

[35278] 01-07 06:26:43,158 INFO [RocksDB][db/flush_job.cc:301] [0] [JOB 7] Flushing memtable with next log file: 28

[35278] 01-07 06:26:43,158 INFO [RocksDB]EVENT_LOG_v1 {"time_micros": 1578378403158724, "job": 7, "event": "flush_started", "num_memtables": 2, "num_entries": 3461103, "num_deletes": 0, "memory_usage": 520100544, "flush_reason": "Write Buffer Full"}
[35278] 01-07 06:26:43,158 INFO [RocksDB][db/flush_job.cc:331] [0] [JOB 7] Level-0 flush table #29: started
[35278] 01-07 06:26:49,614 INFO [RocksDB]EVENT_LOG_v1 {"time_micros": 1578378409614818, "cf_name": "0", "job": 7, "event": "table_file_creation", "file_number": 29, "file_size": 336528692, "table_properties": {"data_size": 326969014, "index_size": 4388285, "filter_size": 5170351, "raw_key_size": 136205862, "raw_average_key_size": 42, "raw_value_size": 261930907, "raw_average_value_size": 81, "num_data_blocks": 81469, "num_entries": 3213880, "filter_policy_name": "rocksdb.BuiltinBloomFilter", "kDeletedKeys": "0", "kMergeOperands": "0"}}
[35278] 01-07 06:26:49,614 INFO [RocksDB][db/flush_job.cc:371] [0] [JOB 7] Level-0 flush table #29: 336528692 bytes OK
[35278] 01-07 06:26:49,617 INFO [RocksDB](Original Log Time 2020/01/07-06:26:49.616015) [db/memtable_list.cc:377] [0] Level-0 commit table #29 started
[35278] 01-07 06:26:49,617 INFO [RocksDB](Original Log Time 2020/01/07-06:26:49.617778) [db/memtable_list.cc:409] [0] Level-0 commit table #29: memtable #1 done
[35278] 01-07 06:26:49,617 INFO [RocksDB](Original Log Time 2020/01/07-06:26:49.617779) [db/memtable_list.cc:409] [0] Level-0 commit table #29: memtable #2 done
[35278] 01-07 06:26:49,617 INFO [RocksDB](Original Log Time 2020/01/07-06:26:49.617789) EVENT_LOG_v1 {"time_micros": 1578378409617784, "job": 7, "event": "flush_finished", "output_compression": "NoCompression", "lsm_state": [1, 8, 2, 0, 0, 0, 0], "immutable_memtables": 0}
[35278] 01-07 06:26:49,617 INFO [RocksDB](Original Log Time 2020/01/07-06:26:49.617812) [db/db_impl_compaction_flush.cc:177] [0] Level summary: base level 1 max bytes base 536870912 files[1 8 2 0 0 0 0] max score 0.94

[35278] 01-07 06:26:49,617 INFO [RocksDB][db/db_impl_files.cc:342] [JOB 7] Try to delete WAL files size 408767326, prev total WAL file size 524366359, number of live WAL files 3.

[35278] 01-07 06:26:55,564 INFO [RocksDB][db/db_impl_write.cc:1373] [0] New memtable created with log file: #30. Immutable memtables: 0.

[35278] 01-07 06:27:10,581 INFO [RocksDB][db/db_impl_write.cc:1373] [0] New memtable created with log file: #31. Immutable memtables: 1.

[35278] 01-07 06:27:10,581 INFO [RocksDB][db/db_impl_compaction_flush.cc:80] [JOB 8] Syncing log #28
[35278] 01-07 06:27:11,120 INFO [RocksDB][db/db_impl_compaction_flush.cc:80] [JOB 8] Syncing log #30
[35278] 01-07 06:27:13,043 INFO [RocksDB](Original Log Time 2020/01/07-06:27:10.581679) [db/db_impl_compaction_flush.cc:1424] Calling FlushMemTableToOutputFile with column family [0], flush slots available 4, compaction slots available 1, flush slots scheduled 1, compaction slots scheduled 0
[35278] 01-07 06:27:13,043 INFO [RocksDB][db/flush_job.cc:301] [0] [JOB 8] Flushing memtable with next log file: 30

[35278] 01-07 06:27:13,043 INFO [RocksDB][db/flush_job.cc:301] [0] [JOB 8] Flushing memtable with next log file: 31

[35278] 01-07 06:27:13,043 INFO [RocksDB]EVENT_LOG_v1 {"time_micros": 1578378433043563, "job": 8, "event": "flush_started", "num_memtables": 2, "num_entries": 3455250, "num_deletes": 0, "memory_usage": 520100096, "flush_reason": "Write Buffer Full"}
[35278] 01-07 06:27:13,043 INFO [RocksDB][db/flush_job.cc:331] [0] [JOB 8] Level-0 flush table #32: started
[35278] 01-07 06:27:19,489 INFO [RocksDB]EVENT_LOG_v1 {"time_micros": 1578378439488989, "cf_name": "0", "job": 8, "event": "table_file_creation", "file_number": 32, "file_size": 335958336, "table_properties": {"data_size": 326414343, "index_size": 4381437, "filter_size": 5161514, "raw_key_size": 135973209, "raw_average_key_size": 42, "raw_value_size": 261488403, "raw_average_value_size": 81, "num_data_blocks": 81325, "num_entries": 3208449, "filter_policy_name": "rocksdb.BuiltinBloomFilter", "kDeletedKeys": "0", "kMergeOperands": "0"}}
[35278] 01-07 06:27:19,489 INFO [RocksDB][db/flush_job.cc:371] [0] [JOB 8] Level-0 flush table #32: 335958336 bytes OK
[35278] 01-07 06:27:19,492 INFO [RocksDB](Original Log Time 2020/01/07-06:27:19.490204) [db/memtable_list.cc:377] [0] Level-0 commit table #32 started
[35278] 01-07 06:27:19,492 INFO [RocksDB](Original Log Time 2020/01/07-06:27:19.492046) [db/memtable_list.cc:409] [0] Level-0 commit table #32: memtable #1 done
[35278] 01-07 06:27:19,492 INFO [RocksDB](Original Log Time 2020/01/07-06:27:19.492046) [db/memtable_list.cc:409] [0] Level-0 commit table #32: memtable #2 done
[35278] 01-07 06:27:19,492 INFO [RocksDB](Original Log Time 2020/01/07-06:27:19.492057) EVENT_LOG_v1 {"time_micros": 1578378439492052, "job": 8, "event": "flush_finished", "output_compression": "NoCompression", "lsm_state": [2, 8, 2, 0, 0, 0, 0], "immutable_memtables": 0}
[35278] 01-07 06:27:19,492 INFO [RocksDB](Original Log Time 2020/01/07-06:27:19.492091) [db/db_impl_compaction_flush.cc:177] [0] Level summary: base level 1 max bytes base 536870912 files[2 8 2 0 0 0 0] max score 1.25

[35278] 01-07 06:27:19,492 INFO [RocksDB][db/db_impl_files.cc:342] [JOB 8] Try to delete WAL files size 408073959, prev total WAL file size 460160171, number of live WAL files 3.

[35278] 01-07 06:27:19,492 INFO [RocksDB][db/compaction_job.cc:1531] [0] [JOB 9] Compacting 2@0 + 8@1 files to L1, score 1.25
[35278] 01-07 06:27:19,492 INFO [RocksDB][db/compaction_job.cc:1535] [0] Compaction start summary: Base version 9 Base level 0, inputs: [32(320MB) 29(320MB)], [16(65MB) 17(65MB) 18(65MB) 20(65MB) 21(65MB) 22(65MB) 23(65MB) 25(22MB)]

[35278] 01-07 06:27:19,492 INFO [RocksDB]EVENT_LOG_v1 {"time_micros": 1578378439492315, "job": 9, "event": "compaction_started", "compaction_reason": "LevelL0FilesNum", "files_L0": [32, 29], "files_L1": [16, 17, 18, 20, 21, 22, 23, 25], "score": 1.2526, "input_data_size": 1179371762}
[35278] 01-07 06:27:20,952 INFO [RocksDB][db/compaction_job.cc:1211] [0] [JOB 9] Generated table #33: 1204221 keys, 69793827 bytes
[35278] 01-07 06:27:20,952 INFO [RocksDB]EVENT_LOG_v1 {"time_micros": 1578378440952464, "cf_name": "0", "job": 9, "event": "table_file_creation", "file_number": 33, "file_size": 69793827, "table_properties": {"data_size": 67109423, "index_size": 978959, "filter_size": 1704414, "raw_key_size": 57440157, "raw_average_key_size": 47, "raw_value_size": 27699053, "raw_average_value_size": 23, "num_data_blocks": 16597, "num_entries": 1204221, "filter_policy_name": "rocksdb.BuiltinBloomFilter", "kDeletedKeys": "0", "kMergeOperands": "0"}}
[35278] 01-07 06:27:22,251 INFO [RocksDB][db/compaction_job.cc:1211] [0] [JOB 9] Generated table #34: 597614 keys, 68989796 bytes
[35278] 01-07 06:27:22,251 INFO [RocksDB]EVENT_LOG_v1 {"time_micros": 1578378442251670, "cf_name": "0", "job": 9, "event": "table_file_creation", "file_number": 34, "file_size": 68989796, "table_properties": {"data_size": 67111693, "index_size": 889038, "filter_size": 988034, "raw_key_size": 24600748, "raw_average_key_size": 41, "raw_value_size": 56773384, "raw_average_value_size": 95, "num_data_blocks": 16742, "num_entries": 597614, "filter_policy_name": "rocksdb.BuiltinBloomFilter", "kDeletedKeys": "0", "kMergeOperands": "0"}}
[35278] 01-07 06:27:23,562 INFO [RocksDB][db/compaction_job.cc:1211] [0] [JOB 9] Generated table #35: 597586 keys, 68987232 bytes
[35278] 01-07 06:27:23,562 INFO [RocksDB]EVENT_LOG_v1 {"time_micros": 1578378443562365, "cf_name": "0", "job": 9, "event": "table_file_creation", "file_number": 35, "file_size": 68987232, "table_properties": {"data_size": 67109046, "index_size": 889150, "filter_size": 988005, "raw_key_size": 24598004, "raw_average_key_size": 41, "raw_value_size": 56770670, "raw_average_value_size": 95, "num_data_blocks": 16743, "num_entries": 597586, "filter_policy_name": "rocksdb.BuiltinBloomFilter", "kDeletedKeys": "0", "kMergeOperands": "0"}}
[35278] 01-07 06:27:24,871 INFO [RocksDB][db/compaction_job.cc:1211] [0] [JOB 9] Generated table #36: 597592 keys, 68988730 bytes
[35278] 01-07 06:27:24,871 INFO [RocksDB]EVENT_LOG_v1 {"time_micros": 1578378444871209, "cf_name": "0", "job": 9, "event": "table_file_creation", "file_number": 36, "file_size": 68988730, "table_properties": {"data_size": 67110771, "index_size": 888915, "filter_size": 988013, "raw_key_size": 24595806, "raw_average_key_size": 41, "raw_value_size": 56771195, "raw_average_value_size": 94, "num_data_blocks": 16743, "num_entries": 597592, "filter_policy_name": "rocksdb.BuiltinBloomFilter", "kDeletedKeys": "0", "kMergeOperands": "0"}}
[35278] 01-07 06:27:26,251 INFO [RocksDB][db/compaction_job.cc:1211] [0] [JOB 9] Generated table #37: 597633 keys, 68990298 bytes
[35278] 01-07 06:27:26,251 INFO [RocksDB]EVENT_LOG_v1 {"time_micros": 1578378446251363, "cf_name": "0", "job": 9, "event": "table_file_creation", "file_number": 37, "file_size": 68990298, "table_properties": {"data_size": 67112386, "index_size": 888826, "filter_size": 988055, "raw_key_size": 24600639, "raw_average_key_size": 41, "raw_value_size": 56775162, "raw_average_value_size": 95, "num_data_blocks": 16742, "num_entries": 597633, "filter_policy_name": "rocksdb.BuiltinBloomFilter", "kDeletedKeys": "0", "kMergeOperands": "0"}}
[35278] 01-07 06:27:27,553 INFO [RocksDB][db/compaction_job.cc:1211] [0] [JOB 9] Generated table #38: 597624 keys, 68989733 bytes
[35278] 01-07 06:27:27,553 INFO [RocksDB]EVENT_LOG_v1 {"time_micros": 1578378447553291, "cf_name": "0", "job": 9, "event": "table_file_creation", "file_number": 38, "file_size": 68989733, "table_properties": {"data_size": 67112044, "index_size": 888614, "filter_size": 988044, "raw_key_size": 24597871, "raw_average_key_size": 41, "raw_value_size": 56774325, "raw_average_value_size": 95, "num_data_blocks": 16742, "num_entries": 597624, "filter_policy_name": "rocksdb.BuiltinBloomFilter", "kDeletedKeys": "0", "kMergeOperands": "0"}}
[35278] 01-07 06:27:28,853 INFO [RocksDB][db/compaction_job.cc:1211] [0] [JOB 9] Generated table #39: 597623 keys, 68987985 bytes
[35278] 01-07 06:27:28,853 INFO [RocksDB]EVENT_LOG_v1 {"time_micros": 1578378448853830, "cf_name": "0", "job": 9, "event": "table_file_creation", "file_number": 39, "file_size": 68987985, "table_properties": {"data_size": 67110416, "index_size": 888497, "filter_size": 988041, "raw_key_size": 24598720, "raw_average_key_size": 41, "raw_value_size": 56774122, "raw_average_value_size": 94, "num_data_blocks": 16742, "num_entries": 597623, "filter_policy_name": "rocksdb.BuiltinBloomFilter", "kDeletedKeys": "0", "kMergeOperands": "0"}}
[35278] 01-07 06:27:30,157 INFO [RocksDB][db/compaction_job.cc:1211] [0] [JOB 9] Generated table #40: 597574 keys, 68987583 bytes
[35278] 01-07 06:27:30,158 INFO [RocksDB]EVENT_LOG_v1 {"time_micros": 1578378450158006, "cf_name": "0", "job": 9, "event": "table_file_creation", "file_number": 40, "file_size": 68987583, "table_properties": {"data_size": 67109486, "index_size": 889084, "filter_size": 987982, "raw_key_size": 24596565, "raw_average_key_size": 41, "raw_value_size": 56769521, "raw_average_value_size": 94, "num_data_blocks": 16742, "num_entries": 597574, "filter_policy_name": "rocksdb.BuiltinBloomFilter", "kDeletedKeys": "0", "kMergeOperands": "0"}}
[35278] 01-07 06:27:31,466 INFO [RocksDB][db/compaction_job.cc:1211] [0] [JOB 9] Generated table #41: 597616 keys, 68990633 bytes
[35278] 01-07 06:27:31,466 INFO [RocksDB]EVENT_LOG_v1 {"time_micros": 1578378451466140, "cf_name": "0", "job": 9, "event": "table_file_creation", "file_number": 41, "file_size": 68990633, "table_properties": {"data_size": 67112951, "index_size": 888617, "filter_size": 988034, "raw_key_size": 24596773, "raw_average_key_size": 41, "raw_value_size": 56773592, "raw_average_value_size": 95, "num_data_blocks": 16742, "num_entries": 597616, "filter_policy_name": "rocksdb.BuiltinBloomFilter", "kDeletedKeys": "0", "kMergeOperands": "0"}}
[35278] 01-07 06:27:32,776 INFO [RocksDB][db/compaction_job.cc:1211] [0] [JOB 9] Generated table #42: 597608 keys, 68986771 bytes
[35278] 01-07 06:27:32,776 INFO [RocksDB]EVENT_LOG_v1 {"time_micros": 1578378452776402, "cf_name": "0", "job": 9, "event": "table_file_creation", "file_number": 42, "file_size": 68986771, "table_properties": {"data_size": 67109115, "index_size": 888612, "filter_size": 988013, "raw_key_size": 24599561, "raw_average_key_size": 41, "raw_value_size": 56772760, "raw_average_value_size": 95, "num_data_blocks": 16741, "num_entries": 597608, "filter_policy_name": "rocksdb.BuiltinBloomFilter", "kDeletedKeys": "0", "kMergeOperands": "0"}}
[35278] 01-07 06:27:34,154 INFO [RocksDB][db/compaction_job.cc:1211] [0] [JOB 9] Generated table #43: 597619 keys, 68988207 bytes
[35278] 01-07 06:27:34,154 INFO [RocksDB]EVENT_LOG_v1 {"time_micros": 1578378454154564, "cf_name": "0", "job": 9, "event": "table_file_creation", "file_number": 43, "file_size": 68988207, "table_properties": {"data_size": 67110452, "index_size": 888680, "filter_size": 988044, "raw_key_size": 24599300, "raw_average_key_size": 41, "raw_value_size": 56773805, "raw_average_value_size": 95, "num_data_blocks": 16743, "num_entries": 597619, "filter_policy_name": "rocksdb.BuiltinBloomFilter", "kDeletedKeys": "0", "kMergeOperands": "0"}}
[35278] 01-07 06:27:35,456 INFO [RocksDB][db/compaction_job.cc:1211] [0] [JOB 9] Generated table #44: 597597 keys, 68989853 bytes
[35278] 01-07 06:27:35,456 INFO [RocksDB]EVENT_LOG_v1 {"time_micros": 1578378455456635, "cf_name": "0", "job": 9, "event": "table_file_creation", "file_number": 44, "file_size": 68989853, "table_properties": {"data_size": 67111739, "index_size": 889061, "filter_size": 988022, "raw_key_size": 24597061, "raw_average_key_size": 41, "raw_value_size": 56771715, "raw_average_value_size": 95, "num_data_blocks": 16743, "num_entries": 597597, "filter_policy_name": "rocksdb.BuiltinBloomFilter", "kDeletedKeys": "0", "kMergeOperands": "0"}}
[35278] 01-07 06:27:36,758 INFO [RocksDB][db/compaction_job.cc:1211] [0] [JOB 9] Generated table #45: 597625 keys, 68989578 bytes
[35278] 01-07 06:27:36,758 INFO [RocksDB]EVENT_LOG_v1 {"time_micros": 1578378456758506, "cf_name": "0", "job": 9, "event": "table_file_creation", "file_number": 45, "file_size": 68989578, "table_properties": {"data_size": 67111899, "index_size": 888592, "filter_size": 988056, "raw_key_size": 24601062, "raw_average_key_size": 41, "raw_value_size": 56774330, "raw_average_value_size": 94, "num_data_blocks": 16743, "num_entries": 597625, "filter_policy_name": "rocksdb.BuiltinBloomFilter", "kDeletedKeys": "0", "kMergeOperands": "0"}}
[35278] 01-07 06:27:38,060 INFO [RocksDB][db/compaction_job.cc:1211] [0] [JOB 9] Generated table #46: 597610 keys, 68988806 bytes
[35278] 01-07 06:27:38,060 INFO [RocksDB]EVENT_LOG_v1 {"time_micros": 1578378458060907, "cf_name": "0", "job": 9, "event": "table_file_creation", "file_number": 46, "file_size": 68988806, "table_properties": {"data_size": 67111035, "index_size": 888707, "filter_size": 988033, "raw_key_size": 24598303, "raw_average_key_size": 41, "raw_value_size": 56772968, "raw_average_value_size": 95, "num_data_blocks": 16743, "num_entries": 597610, "filter_policy_name": "rocksdb.BuiltinBloomFilter", "kDeletedKeys": "0", "kMergeOperands": "0"}}
[35278] 01-07 06:27:39,371 INFO [RocksDB][db/compaction_job.cc:1211] [0] [JOB 9] Generated table #47: 597615 keys, 68990766 bytes
[35278] 01-07 06:27:39,371 INFO [RocksDB]EVENT_LOG_v1 {"time_micros": 1578378459371711, "cf_name": "0", "job": 9, "event": "table_file_creation", "file_number": 47, "file_size": 68990766, "table_properties": {"data_size": 67112308, "index_size": 889374, "filter_size": 988053, "raw_key_size": 24600889, "raw_average_key_size": 41, "raw_value_size": 56773389, "raw_average_value_size": 94, "num_data_blocks": 16744, "num_entries": 597615, "filter_policy_name": "rocksdb.BuiltinBloomFilter", "kDeletedKeys": "0", "kMergeOperands": "0"}}
[35278] 01-07 06:27:40,678 INFO [RocksDB][db/compaction_job.cc:1211] [0] [JOB 9] Generated table #48: 597532 keys, 68987428 bytes
[35278] 01-07 06:27:40,678 INFO [RocksDB]EVENT_LOG_v1 {"time_micros": 1578378460678912, "cf_name": "0", "job": 9, "event": "table_file_creation", "file_number": 48, "file_size": 68987428, "table_properties": {"data_size": 67109791, "index_size": 888683, "filter_size": 987923, "raw_key_size": 24597243, "raw_average_key_size": 41, "raw_value_size": 56765549, "raw_average_value_size": 95, "num_data_blocks": 16741, "num_entries": 597532, "filter_policy_name": "rocksdb.BuiltinBloomFilter", "kDeletedKeys": "0", "kMergeOperands": "0"}}
[35278] 01-07 06:27:41,980 INFO [RocksDB][db/compaction_job.cc:1211] [0] [JOB 9] Generated table #49: 597587 keys, 68987743 bytes
[35278] 01-07 06:27:41,980 INFO [RocksDB]EVENT_LOG_v1 {"time_micros": 1578378461980571, "cf_name": "0", "job": 9, "event": "table_file_creation", "file_number": 49, "file_size": 68987743, "table_properties": {"data_size": 67110803, "index_size": 887937, "filter_size": 987972, "raw_key_size": 24546082, "raw_average_key_size": 41, "raw_value_size": 56770774, "raw_average_value_size": 95, "num_data_blocks": 16740, "num_entries": 597587, "filter_policy_name": "rocksdb.BuiltinBloomFilter", "kDeletedKeys": "0", "kMergeOperands": "0"}}
[35278] 01-07 06:27:42,089 INFO [RocksDB][db/compaction_job.cc:1211] [0] [JOB 9] Generated table #50: 46630 keys, 5381388 bytes
[35278] 01-07 06:27:42,089 INFO [RocksDB]EVENT_LOG_v1 {"time_micros": 1578378462089850, "cf_name": "0", "job": 9, "event": "table_file_creation", "file_number": 50, "file_size": 5381388, "table_properties": {"data_size": 5235060, "index_size": 68227, "filter_size": 77072, "raw_key_size": 1873133, "raw_average_key_size": 40, "raw_value_size": 4429859, "raw_average_value_size": 95, "num_data_blocks": 1305, "num_entries": 46630, "filter_policy_name": "rocksdb.BuiltinBloomFilter", "kDeletedKeys": "0", "kMergeOperands": "0"}}
[35278] 01-07 06:27:42,091 INFO [RocksDB][db/compaction_job.cc:1287] [0] [JOB 9] Compacted 2@0 + 8@1 files to L1 => 1178996357 bytes
[35278] 01-07 06:27:42,093 INFO [RocksDB](Original Log Time 2020/01/07-06:27:42.093173) [db/compaction_job.cc:685] [0] compacted to: base level 1 max bytes base 536870912 files[0 18 2 0 0 0 0] max score 2.20, MB/sec: 52.2 rd, 52.2 wr, level 1, files in(2, 8) out(18) MB in(641.3, 483.4) out(1124.4), read-write-amplify(3.5) write-amplify(1.8) OK, records in: 10812507, records dropped: 1 output_compression: NoCompression

[35278] 01-07 06:27:42,093 INFO [RocksDB](Original Log Time 2020/01/07-06:27:42.093199) EVENT_LOG_v1 {"time_micros": 1578378462093181, "job": 9, "event": "compaction_finished", "compaction_time_micros": 22598945, "output_level": 1, "num_output_files": 18, "total_output_size": 1178996357, "num_input_records": 10812507, "num_output_records": 10812506, "num_subcompactions": 1, "output_compression": "NoCompression", "num_single_delete_mismatches": 0, "num_single_delete_fallthrough": 0, "lsm_state": [0, 18, 2, 0, 0, 0, 0]}
[35278] 01-07 06:27:42,093 INFO [RocksDB][db/compaction_picker.cc:485] [0] Expanding@1 1+1(69793827+54692422 bytes) to 2+1 (138783623+54692422 bytes)

[35278] 01-07 06:27:42,093 INFO [RocksDB][db/compaction_job.cc:1531] [0] [JOB 10] Compacting 2@1 + 1@2 files to L2, score 2.20
[35278] 01-07 06:27:42,093 INFO [RocksDB][db/compaction_job.cc:1535] [0] Compaction start summary: Base version 10 Base level 1, inputs: [33(66MB) 34(65MB)], [26(52MB)]

[35278] 01-07 06:27:42,093 INFO [RocksDB]EVENT_LOG_v1 {"time_micros": 1578378462093301, "job": 10, "event": "compaction_started", "compaction_reason": "LevelMaxLevelSize", "files_L1": [33, 34], "files_L2": [26], "score": 2.19605, "input_data_size": 193476045}
[35278] 01-07 06:27:42,126 INFO [RocksDB]EVENT_LOG_v1 {"time_micros": 1578378462126965, "job": 0, "event": "table_file_deletion", "file_number": 32}
[35278] 01-07 06:27:42,159 INFO [RocksDB]EVENT_LOG_v1 {"time_micros": 1578378462159067, "job": 0, "event": "table_file_deletion", "file_number": 29}
[35278] 01-07 06:27:42,161 INFO [RocksDB]EVENT_LOG_v1 {"time_micros": 1578378462161437, "job": 0, "event": "table_file_deletion", "file_number": 25}
[35278] 01-07 06:27:42,168 INFO [RocksDB]EVENT_LOG_v1 {"time_micros": 1578378462168043, "job": 0, "event": "table_file_deletion", "file_number": 23}
[35278] 01-07 06:27:42,174 INFO [RocksDB]EVENT_LOG_v1 {"time_micros": 1578378462174562, "job": 0, "event": "table_file_deletion", "file_number": 22}
[35278] 01-07 06:27:42,181 INFO [RocksDB]EVENT_LOG_v1 {"time_micros": 1578378462181081, "job": 0, "event": "table_file_deletion", "file_number": 21}
[35278] 01-07 06:27:42,187 INFO [RocksDB]EVENT_LOG_v1 {"time_micros": 1578378462187814, "job": 0, "event": "table_file_deletion", "file_number": 20}
[35278] 01-07 06:27:42,194 INFO [RocksDB]EVENT_LOG_v1 {"time_micros": 1578378462194640, "job": 0, "event": "table_file_deletion", "file_number": 18}
[35278] 01-07 06:27:42,201 INFO [RocksDB]EVENT_LOG_v1 {"time_micros": 1578378462201173, "job": 0, "event": "table_file_deletion", "file_number": 17}
[35278] 01-07 06:27:42,207 INFO [RocksDB]EVENT_LOG_v1 {"time_micros": 1578378462207782, "job": 0, "event": "table_file_deletion", "file_number": 16}
[35278] 01-07 06:27:45,396 INFO [RocksDB][db/compaction_job.cc:1211] [0] [JOB 10] Generated table #51: 2055550 keys, 70679057 bytes
[35278] 01-07 06:27:45,396 INFO [RocksDB]EVENT_LOG_v1 {"time_micros": 1578378465396775, "cf_name": "0", "job": 10, "event": "table_file_creation", "file_number": 51, "file_size": 70679057, "table_properties": {"data_size": 67111267, "index_size": 1461259, "filter_size": 2777993, "raw_key_size": 100043003, "raw_average_key_size": 48, "raw_value_size": 25306456, "raw_average_value_size": 12, "num_data_blocks": 23919, "num_entries": 2055550, "filter_policy_name": "rocksdb.BuiltinBloomFilter", "kDeletedKeys": "0", "kMergeOperands": "0"}}
[35278] 01-07 06:27:46,703 INFO [RocksDB][db/compaction_job.cc:1211] [0] [JOB 10] Generated table #52: 597633 keys, 68584432 bytes
[35278] 01-07 06:27:46,703 INFO [RocksDB]EVENT_LOG_v1 {"time_micros": 1578378466703519, "cf_name": "0", "job": 10, "event": "table_file_creation", "file_number": 52, "file_size": 68584432, "table_properties": {"data_size": 67111904, "index_size": 888652, "filter_size": 988046, "raw_key_size": 24600624, "raw_average_key_size": 41, "raw_value_size": 56775162, "raw_average_value_size": 95, "num_data_blocks": 16741, "num_entries": 597633, "filter_policy_name": "rocksdb.BuiltinBloomFilter", "kDeletedKeys": "0", "kMergeOperands": "0"}}
[35278] 01-07 06:27:47,417 INFO [RocksDB][db/compaction_job.cc:1211] [0] [JOB 10] Generated table #53: 329084 keys, 37767414 bytes
[35278] 01-07 06:27:47,417 INFO [RocksDB]EVENT_LOG_v1 {"time_micros": 1578378467417296, "cf_name": "0", "job": 10, "event": "table_file_creation", "file_number": 53, "file_size": 37767414, "table_properties": {"data_size": 36956074, "index_size": 489390, "filter_size": 544082, "raw_key_size": 13546178, "raw_average_key_size": 41, "raw_value_size": 31262953, "raw_average_value_size": 94, "num_data_blocks": 9220, "num_entries": 329084, "filter_policy_name": "rocksdb.BuiltinBloomFilter", "kDeletedKeys": "0", "kMergeOperands": "0"}}
[35278] 01-07 06:27:47,418 INFO [RocksDB][db/compaction_job.cc:1287] [0] [JOB 10] Compacted 2@1 + 1@2 files to L2 => 177030903 bytes
[35278] 01-07 06:27:47,420 INFO [RocksDB](Original Log Time 2020/01/07-06:27:47.420363) [db/compaction_job.cc:685] [0] compacted to: base level 1 max bytes base 536870912 files[0 16 4 0 0 0 0] max score 1.94, MB/sec: 36.3 rd, 33.2 wr, level 2, files in(2, 1) out(3) MB in(132.4, 52.2) out(168.8), read-write-amplify(2.7) write-amplify(1.3) OK, records in: 2982268, records dropped: 1 output_compression: Snappy

[35278] 01-07 06:27:47,420 INFO [RocksDB](Original Log Time 2020/01/07-06:27:47.420399) EVENT_LOG_v1 {"time_micros": 1578378467420394, "job": 10, "event": "compaction_finished", "compaction_time_micros": 5325256, "output_level": 2, "num_output_files": 3, "total_output_size": 177030903, "num_input_records": 2982268, "num_output_records": 2982267, "num_subcompactions": 1, "output_compression": "Snappy", "num_single_delete_mismatches": 0, "num_single_delete_fallthrough": 0, "lsm_state": [0, 16, 4, 0, 0, 0, 0]}
[35278] 01-07 06:27:47,427 INFO [RocksDB]EVENT_LOG_v1 {"time_micros": 1578378467427382, "job": 10, "event": "table_file_deletion", "file_number": 34}
[35278] 01-07 06:27:47,434 INFO [RocksDB]EVENT_LOG_v1 {"time_micros": 1578378467434386, "job": 10, "event": "table_file_deletion", "file_number": 33}
[35278] 01-07 06:27:47,439 INFO [RocksDB]EVENT_LOG_v1 {"time_micros": 1578378467439811, "job": 10, "event": "table_file_deletion", "file_number": 26}
[35278] 01-07 06:27:47,439 INFO [RocksDB][db/compaction_job.cc:1531] [0] [JOB 11] Compacting 1@1 files to L2, score 1.94
[35278] 01-07 06:27:47,439 INFO [RocksDB][db/compaction_job.cc:1535] [0] Compaction start summary: Base version 11 Base level 1, inputs: [47(65MB)]

[35278] 01-07 06:27:47,439 INFO [RocksDB]EVENT_LOG_v1 {"time_micros": 1578378467439856, "job": 11, "event": "compaction_started", "compaction_reason": "LevelMaxLevelSize", "files_L1": [47], "score": 1.93755, "input_data_size": 68990766}
