[34507] 01-07 06:23:02,086 INFO [RocksDB]RocksDB version: 5.14.2

[34507] 01-07 06:23:02,086 INFO [RocksDB]Git sha rocksdb_build_git_sha:fc00d54a097e35332052f4c39c3229d413a023b6
[34507] 01-07 06:23:02,086 INFO [RocksDB]Compile date Jan  7 2020
[34507] 01-07 06:23:02,086 INFO [RocksDB]DB SUMMARY

[34507] 01-07 06:23:02,086 INFO [RocksDB]SST files in /home/ubuntu/ardb/data/rocksdb dir, Total Num: 0, files: 

[34507] 01-07 06:23:02,086 INFO [RocksDB]Write Ahead Log file in /home/ubuntu/ardb/data/rocksdb: 

[34507] 01-07 06:23:02,086 INFO [RocksDB]                        Options.error_if_exists: 0
[34507] 01-07 06:23:02,086 INFO [RocksDB]                      Options.create_if_missing: 1
[34507] 01-07 06:23:02,086 INFO [RocksDB]                        Options.paranoid_checks: 1
[34507] 01-07 06:23:02,086 INFO [RocksDB]                                    Options.env: 0xbf86c0
[34507] 01-07 06:23:02,086 INFO [RocksDB]                               Options.info_log: 0x7fc2ce23f8a0
[34507] 01-07 06:23:02,086 INFO [RocksDB]               Options.max_file_opening_threads: 16
[34507] 01-07 06:23:02,086 INFO [RocksDB]                             Options.statistics: (nil)
[34507] 01-07 06:23:02,086 INFO [RocksDB]                              Options.use_fsync: 0
[34507] 01-07 06:23:02,086 INFO [RocksDB]                      Options.max_log_file_size: 0
[34507] 01-07 06:23:02,086 INFO [RocksDB]                 Options.max_manifest_file_size: 18446744073709551615
[34507] 01-07 06:23:02,086 INFO [RocksDB]                  Options.log_file_time_to_roll: 0
[34507] 01-07 06:23:02,086 INFO [RocksDB]                      Options.keep_log_file_num: 1000
[34507] 01-07 06:23:02,086 INFO [RocksDB]                   Options.recycle_log_file_num: 0
[34507] 01-07 06:23:02,086 INFO [RocksDB]                        Options.allow_fallocate: 1
[34507] 01-07 06:23:02,086 INFO [RocksDB]                       Options.allow_mmap_reads: 0
[34507] 01-07 06:23:02,086 INFO [RocksDB]                      Options.allow_mmap_writes: 0
[34507] 01-07 06:23:02,086 INFO [RocksDB]                       Options.use_direct_reads: 0
[34507] 01-07 06:23:02,086 INFO [RocksDB]                       Options.use_direct_io_for_flush_and_compaction: 0
[34507] 01-07 06:23:02,086 INFO [RocksDB]         Options.create_missing_column_families: 0
[34507] 01-07 06:23:02,086 INFO [RocksDB]                             Options.db_log_dir: 
[34507] 01-07 06:23:02,086 INFO [RocksDB]                                Options.wal_dir: /home/ubuntu/ardb/data/rocksdb
[34507] 01-07 06:23:02,086 INFO [RocksDB]               Options.table_cache_numshardbits: 6
[34507] 01-07 06:23:02,086 INFO [RocksDB]                     Options.max_subcompactions: 1
[34507] 01-07 06:23:02,086 INFO [RocksDB]                 Options.max_background_flushes: -1
[34507] 01-07 06:23:02,086 INFO [RocksDB]                        Options.WAL_ttl_seconds: 0
[34507] 01-07 06:23:02,086 INFO [RocksDB]                      Options.WAL_size_limit_MB: 0
[34507] 01-07 06:23:02,086 INFO [RocksDB]            Options.manifest_preallocation_size: 4194304
[34507] 01-07 06:23:02,086 INFO [RocksDB]                    Options.is_fd_close_on_exec: 1
[34507] 01-07 06:23:02,086 INFO [RocksDB]                  Options.advise_random_on_open: 1
[34507] 01-07 06:23:02,086 INFO [RocksDB]                   Options.db_write_buffer_size: 0
[34507] 01-07 06:23:02,086 INFO [RocksDB]                   Options.write_buffer_manager: 0x7fc2ce9fa7d0
[34507] 01-07 06:23:02,086 INFO [RocksDB]        Options.access_hint_on_compaction_start: 1
[34507] 01-07 06:23:02,086 INFO [RocksDB] Options.new_table_reader_for_compaction_inputs: 0
[34507] 01-07 06:23:02,086 INFO [RocksDB]          Options.random_access_max_buffer_size: 1048576
[34507] 01-07 06:23:02,086 INFO [RocksDB]                     Options.use_adaptive_mutex: 1
[34507] 01-07 06:23:02,086 INFO [RocksDB]                           Options.rate_limiter: 0x7fc2ce238540
[34507] 01-07 06:23:02,086 INFO [RocksDB]    Options.sst_file_manager.rate_bytes_per_sec: 0
[34507] 01-07 06:23:02,086 INFO [RocksDB]                      Options.wal_recovery_mode: 2
[34507] 01-07 06:23:02,086 INFO [RocksDB]                 Options.enable_thread_tracking: 0
[34507] 01-07 06:23:02,086 INFO [RocksDB]                 Options.enable_pipelined_write: 1
[34507] 01-07 06:23:02,086 INFO [RocksDB]        Options.allow_concurrent_memtable_write: 1
[34507] 01-07 06:23:02,086 INFO [RocksDB]     Options.enable_write_thread_adaptive_yield: 1
[34507] 01-07 06:23:02,086 INFO [RocksDB]            Options.write_thread_max_yield_usec: 100
[34507] 01-07 06:23:02,086 INFO [RocksDB]           Options.write_thread_slow_yield_usec: 3
[34507] 01-07 06:23:02,086 INFO [RocksDB]                              Options.row_cache: None
[34507] 01-07 06:23:02,086 INFO [RocksDB]                             Options.wal_filter: None
[34507] 01-07 06:23:02,086 INFO [RocksDB]            Options.avoid_flush_during_recovery: 0
[34507] 01-07 06:23:02,086 INFO [RocksDB]            Options.allow_ingest_behind: 0
[34507] 01-07 06:23:02,086 INFO [RocksDB]            Options.preserve_deletes: 0
[34507] 01-07 06:23:02,086 INFO [RocksDB]            Options.two_write_queues: 0
[34507] 01-07 06:23:02,086 INFO [RocksDB]            Options.manual_wal_flush: 0
[34507] 01-07 06:23:02,086 INFO [RocksDB]            Options.max_background_jobs: 16
[34507] 01-07 06:23:02,086 INFO [RocksDB]            Options.max_background_compactions: -1
[34507] 01-07 06:23:02,086 INFO [RocksDB]            Options.avoid_flush_during_shutdown: 0
[34507] 01-07 06:23:02,086 INFO [RocksDB]          Options.writable_file_max_buffer_size: 1048576
[34507] 01-07 06:23:02,086 INFO [RocksDB]            Options.delayed_write_rate : 52428800
[34507] 01-07 06:23:02,086 INFO [RocksDB]            Options.max_total_wal_size: 0
[34507] 01-07 06:23:02,086 INFO [RocksDB]            Options.delete_obsolete_files_period_micros: 21600000000
[34507] 01-07 06:23:02,086 INFO [RocksDB]                  Options.stats_dump_period_sec: 100000
[34507] 01-07 06:23:02,086 INFO [RocksDB]                         Options.max_open_files: 1024
[34507] 01-07 06:23:02,086 INFO [RocksDB]                         Options.bytes_per_sync: 1048576
[34507] 01-07 06:23:02,086 INFO [RocksDB]                     Options.wal_bytes_per_sync: 0
[34507] 01-07 06:23:02,086 INFO [RocksDB]      Options.compaction_readahead_size: 0
[34507] 01-07 06:23:02,086 INFO [RocksDB]Compression algorithms supported:
[34507] 01-07 06:23:02,086 INFO [RocksDB]	kZSTDNotFinalCompression supported: 0
[34507] 01-07 06:23:02,086 INFO [RocksDB]	kZSTD supported: 0
[34507] 01-07 06:23:02,086 INFO [RocksDB]	kXpressCompression supported: 0
[34507] 01-07 06:23:02,086 INFO [RocksDB]	kLZ4HCCompression supported: 0
[34507] 01-07 06:23:02,086 INFO [RocksDB]	kLZ4Compression supported: 0
[34507] 01-07 06:23:02,086 INFO [RocksDB]	kBZip2Compression supported: 0
[34507] 01-07 06:23:02,086 INFO [RocksDB]	kZlibCompression supported: 1
[34507] 01-07 06:23:02,086 INFO [RocksDB]	kSnappyCompression supported: 1
[34507] 01-07 06:23:02,086 INFO [RocksDB]Fast CRC32 supported: Supported on x86
[34507] 01-07 06:23:02,086 INFO [RocksDB][db/db_impl_open.cc:222] Creating manifest 1 

[34507] 01-07 06:23:02,094 INFO [RocksDB][db/version_set.cc:3085] Recovering from manifest file: MANIFEST-000001

[34507] 01-07 06:23:02,094 INFO [RocksDB][db/column_family.cc:475] --------------- Options for column family [default]:

[34507] 01-07 06:23:02,094 INFO [RocksDB]              Options.comparator: ardb.comparator
[34507] 01-07 06:23:02,094 INFO [RocksDB]          Options.merge_operator: ardb.merger
[34507] 01-07 06:23:02,094 INFO [RocksDB]       Options.compaction_filter: None
[34507] 01-07 06:23:02,094 INFO [RocksDB]       Options.compaction_filter_factory: ardb.compact_filter_factory
[34507] 01-07 06:23:02,094 INFO [RocksDB]        Options.memtable_factory: SkipListFactory
[34507] 01-07 06:23:02,094 INFO [RocksDB]           Options.table_factory: BlockBasedTable
[34507] 01-07 06:23:02,094 INFO [RocksDB]           table_factory options:   flush_block_policy_factory: FlushBlockBySizePolicyFactory (0x7fc2ce808018)
  cache_index_and_filter_blocks: 0
  cache_index_and_filter_blocks_with_high_priority: 0
  pin_l0_filter_and_index_blocks_in_cache: 0
  index_type: 0
  hash_index_allow_collision: 1
  checksum: 1
  no_block_cache: 0
  block_cache: 0x7fc2ce881cf0
  block_cache_name: LRUCache
  block_cache_options:
    capacity : 536870912
    num_shard_bits : 6
    strict_capacity_limit : 0
    high_pri_pool_ratio: 0.000
  block_cache_compressed: (nil)
  persistent_cache: (nil)
  block_size: 4096
  block_size_deviation: 10
  block_restart_interval: 16
  index_block_restart_interval: 1
  metadata_block_size: 4096
  partition_filters: 0
  use_delta_encoding: 1
  filter_policy: rocksdb.BuiltinBloomFilter
  whole_key_filtering: 1
  verify_compression: 0
  read_amp_bytes_per_bit: 0
  format_version: 2
  enable_index_compression: 1
  block_align: 0

[34507] 01-07 06:23:02,094 INFO [RocksDB]       Options.write_buffer_size: 268435456
[34507] 01-07 06:23:02,094 INFO [RocksDB] Options.max_write_buffer_number: 6
[34507] 01-07 06:23:02,094 INFO [RocksDB]       Options.compression[0]: NoCompression
[34507] 01-07 06:23:02,094 INFO [RocksDB]       Options.compression[1]: NoCompression
[34507] 01-07 06:23:02,094 INFO [RocksDB]       Options.compression[2]: Snappy
[34507] 01-07 06:23:02,094 INFO [RocksDB]       Options.compression[3]: Snappy
[34507] 01-07 06:23:02,094 INFO [RocksDB]       Options.compression[4]: Snappy
[34507] 01-07 06:23:02,094 INFO [RocksDB]       Options.compression[5]: Snappy
[34507] 01-07 06:23:02,094 INFO [RocksDB]       Options.compression[6]: Snappy
[34507] 01-07 06:23:02,094 INFO [RocksDB]                 Options.bottommost_compression: Disabled
[34507] 01-07 06:23:02,094 INFO [RocksDB]      Options.prefix_extractor: ardb.prefix_extractor
[34507] 01-07 06:23:02,094 INFO [RocksDB]  Options.memtable_insert_with_hint_prefix_extractor: nullptr
[34507] 01-07 06:23:02,094 INFO [RocksDB]            Options.num_levels: 7
[34507] 01-07 06:23:02,094 INFO [RocksDB]       Options.min_write_buffer_number_to_merge: 2
[34507] 01-07 06:23:02,094 INFO [RocksDB]    Options.max_write_buffer_number_to_maintain: 0
[34507] 01-07 06:23:02,094 INFO [RocksDB]           Options.compression_opts.window_bits: -14
[34507] 01-07 06:23:02,094 INFO [RocksDB]                 Options.compression_opts.level: -1
[34507] 01-07 06:23:02,094 INFO [RocksDB]              Options.compression_opts.strategy: 0
[34507] 01-07 06:23:02,094 INFO [RocksDB]        Options.compression_opts.max_dict_bytes: 0
[34507] 01-07 06:23:02,094 INFO [RocksDB]        Options.compression_opts.zstd_max_train_bytes: 0
[34507] 01-07 06:23:02,094 INFO [RocksDB]     Options.level0_file_num_compaction_trigger: 2
[34507] 01-07 06:23:02,094 INFO [RocksDB]         Options.level0_slowdown_writes_trigger: 20
[34507] 01-07 06:23:02,094 INFO [RocksDB]             Options.level0_stop_writes_trigger: 36
[34507] 01-07 06:23:02,094 INFO [RocksDB]                  Options.target_file_size_base: 67108864
[34507] 01-07 06:23:02,094 INFO [RocksDB]            Options.target_file_size_multiplier: 1
[34507] 01-07 06:23:02,094 INFO [RocksDB]               Options.max_bytes_for_level_base: 536870912
[34507] 01-07 06:23:02,094 INFO [RocksDB]Options.level_compaction_dynamic_level_bytes: 0
[34507] 01-07 06:23:02,094 INFO [RocksDB]         Options.max_bytes_for_level_multiplier: 10.000000
[34507] 01-07 06:23:02,094 INFO [RocksDB]Options.max_bytes_for_level_multiplier_addtl[0]: 1
[34507] 01-07 06:23:02,094 INFO [RocksDB]Options.max_bytes_for_level_multiplier_addtl[1]: 1
[34507] 01-07 06:23:02,094 INFO [RocksDB]Options.max_bytes_for_level_multiplier_addtl[2]: 1
[34507] 01-07 06:23:02,094 INFO [RocksDB]Options.max_bytes_for_level_multiplier_addtl[3]: 1
[34507] 01-07 06:23:02,094 INFO [RocksDB]Options.max_bytes_for_level_multiplier_addtl[4]: 1
[34507] 01-07 06:23:02,094 INFO [RocksDB]Options.max_bytes_for_level_multiplier_addtl[5]: 1
[34507] 01-07 06:23:02,094 INFO [RocksDB]Options.max_bytes_for_level_multiplier_addtl[6]: 1
[34507] 01-07 06:23:02,094 INFO [RocksDB]      Options.max_sequential_skip_in_iterations: 8
[34507] 01-07 06:23:02,094 INFO [RocksDB]                   Options.max_compaction_bytes: 1677721600
[34507] 01-07 06:23:02,094 INFO [RocksDB]                       Options.arena_block_size: 33554432
[34507] 01-07 06:23:02,094 INFO [RocksDB]  Options.soft_pending_compaction_bytes_limit: 68719476736
[34507] 01-07 06:23:02,094 INFO [RocksDB]  Options.hard_pending_compaction_bytes_limit: 274877906944
[34507] 01-07 06:23:02,094 INFO [RocksDB]      Options.rate_limit_delay_max_milliseconds: 100
[34507] 01-07 06:23:02,094 INFO [RocksDB]               Options.disable_auto_compactions: 0
[34507] 01-07 06:23:02,094 INFO [RocksDB]                       Options.compaction_style: kCompactionStyleLevel
[34507] 01-07 06:23:02,094 INFO [RocksDB]                         Options.compaction_pri: kByCompensatedSize
[34507] 01-07 06:23:02,094 INFO [RocksDB]Options.compaction_options_universal.size_ratio: 1
[34507] 01-07 06:23:02,094 INFO [RocksDB]Options.compaction_options_universal.min_merge_width: 2
[34507] 01-07 06:23:02,094 INFO [RocksDB]Options.compaction_options_universal.max_merge_width: 4294967295
[34507] 01-07 06:23:02,094 INFO [RocksDB]Options.compaction_options_universal.max_size_amplification_percent: 200
[34507] 01-07 06:23:02,094 INFO [RocksDB]Options.compaction_options_universal.compression_size_percent: -1
[34507] 01-07 06:23:02,094 INFO [RocksDB]Options.compaction_options_universal.stop_style: kCompactionStopStyleTotalSize
[34507] 01-07 06:23:02,094 INFO [RocksDB]Options.compaction_options_fifo.max_table_files_size: 1073741824
[34507] 01-07 06:23:02,094 INFO [RocksDB]Options.compaction_options_fifo.allow_compaction: 0
[34507] 01-07 06:23:02,094 INFO [RocksDB]Options.compaction_options_fifo.ttl: 0
[34507] 01-07 06:23:02,094 INFO [RocksDB]                  Options.table_properties_collectors: 
[34507] 01-07 06:23:02,094 INFO [RocksDB]                  Options.inplace_update_support: 0
[34507] 01-07 06:23:02,094 INFO [RocksDB]                Options.inplace_update_num_locks: 10000
[34507] 01-07 06:23:02,094 INFO [RocksDB]              Options.memtable_prefix_bloom_size_ratio: 0.000000
[34507] 01-07 06:23:02,094 INFO [RocksDB]  Options.memtable_huge_page_size: 0
[34507] 01-07 06:23:02,094 INFO [RocksDB]                          Options.bloom_locality: 0
[34507] 01-07 06:23:02,094 INFO [RocksDB]                   Options.max_successive_merges: 0
[34507] 01-07 06:23:02,094 INFO [RocksDB]               Options.optimize_filters_for_hits: 0
[34507] 01-07 06:23:02,094 INFO [RocksDB]               Options.paranoid_file_checks: 0
[34507] 01-07 06:23:02,094 INFO [RocksDB]               Options.force_consistency_checks: 0
[34507] 01-07 06:23:02,094 INFO [RocksDB]               Options.report_bg_io_stats: 0
[34507] 01-07 06:23:02,094 INFO [RocksDB]                              Options.ttl: 0
[34507] 01-07 06:23:02,095 INFO [RocksDB][db/version_set.cc:3361] Recovered from manifest file:/home/ubuntu/ardb/data/rocksdb/MANIFEST-000001 succeeded,manifest_file_number is 1, next_file_number is 3, last_sequence is 0, log_number is 0,prev_log_number is 0,max_column_family is 0,min_log_number_to_keep is 0

[34507] 01-07 06:23:02,095 INFO [RocksDB][db/version_set.cc:3369] Column family [default] (ID 0), log number is 0

[34507] 01-07 06:23:02,098 INFO [RocksDB][db/db_impl_open.cc:1219] DB pointer 0x7fc2ce1be000
[34507] 01-07 06:23:02,098 INFO Ardb init engine:rocksdb success.
[34507] 01-07 06:23:02,101 INFO Ardb will accept connections on 0.0.0.0:16379
[34507] 01-07 06:23:02,101 INFO Ardb started with version 0.10.0
[34507] 01-07 06:23:03,102 INFO ========================Period Statistics Dump Begin===========================
[34507] 01-07 06:23:03,128 INFO slave_sync_total_commands_processed:0
[34507] 01-07 06:23:03,128 INFO slave_sync_instantaneous_ops_per_sec:0
[34507] 01-07 06:23:03,128 INFO total_commands_processed:0
[34507] 01-07 06:23:03,128 INFO instantaneous_ops_per_sec:0
[34507] 01-07 06:23:03,128 INFO total_connections_received:0
[34507] 01-07 06:23:03,128 INFO rejected_connections:0
[34507] 01-07 06:23:03,128 INFO ========================Period Statistics Dump End===========================
[34507] 01-07 06:23:14,646 INFO [RocksDB][db/version_set.cc:2847] Creating manifest 6

[34507] 01-07 06:23:14,652 INFO [RocksDB][db/column_family.cc:475] --------------- Options for column family [0]:

[34507] 01-07 06:23:14,652 INFO [RocksDB]              Options.comparator: ardb.comparator
[34507] 01-07 06:23:14,653 INFO [RocksDB]          Options.merge_operator: ardb.merger
[34507] 01-07 06:23:14,653 INFO [RocksDB]       Options.compaction_filter: None
[34507] 01-07 06:23:14,653 INFO [RocksDB]       Options.compaction_filter_factory: ardb.compact_filter_factory
[34507] 01-07 06:23:14,653 INFO [RocksDB]        Options.memtable_factory: SkipListFactory
[34507] 01-07 06:23:14,653 INFO [RocksDB]           Options.table_factory: BlockBasedTable
[34507] 01-07 06:23:14,653 INFO [RocksDB]           table_factory options:   flush_block_policy_factory: FlushBlockBySizePolicyFactory (0x7fc2ce808018)
  cache_index_and_filter_blocks: 0
  cache_index_and_filter_blocks_with_high_priority: 0
  pin_l0_filter_and_index_blocks_in_cache: 0
  index_type: 0
  hash_index_allow_collision: 1
  checksum: 1
  no_block_cache: 0
  block_cache: 0x7fc2ce881cf0
  block_cache_name: LRUCache
  block_cache_options:
    capacity : 536870912
    num_shard_bits : 6
    strict_capacity_limit : 0
    high_pri_pool_ratio: 0.000
  block_cache_compressed: (nil)
  persistent_cache: (nil)
  block_size: 4096
  block_size_deviation: 10
  block_restart_interval: 16
  index_block_restart_interval: 1
  metadata_block_size: 4096
  partition_filters: 0
  use_delta_encoding: 1
  filter_policy: rocksdb.BuiltinBloomFilter
  whole_key_filtering: 1
  verify_compression: 0
  read_amp_bytes_per_bit: 0
  format_version: 2
  enable_index_compression: 1
  block_align: 0

[34507] 01-07 06:23:14,653 INFO [RocksDB]       Options.write_buffer_size: 268435456
[34507] 01-07 06:23:14,653 INFO [RocksDB] Options.max_write_buffer_number: 6
[34507] 01-07 06:23:14,653 INFO [RocksDB]       Options.compression[0]: NoCompression
[34507] 01-07 06:23:14,653 INFO [RocksDB]       Options.compression[1]: NoCompression
[34507] 01-07 06:23:14,653 INFO [RocksDB]       Options.compression[2]: Snappy
[34507] 01-07 06:23:14,653 INFO [RocksDB]       Options.compression[3]: Snappy
[34507] 01-07 06:23:14,653 INFO [RocksDB]       Options.compression[4]: Snappy
[34507] 01-07 06:23:14,653 INFO [RocksDB]       Options.compression[5]: Snappy
[34507] 01-07 06:23:14,653 INFO [RocksDB]       Options.compression[6]: Snappy
[34507] 01-07 06:23:14,653 INFO [RocksDB]                 Options.bottommost_compression: Disabled
[34507] 01-07 06:23:14,653 INFO [RocksDB]      Options.prefix_extractor: ardb.prefix_extractor
[34507] 01-07 06:23:14,653 INFO [RocksDB]  Options.memtable_insert_with_hint_prefix_extractor: nullptr
[34507] 01-07 06:23:14,653 INFO [RocksDB]            Options.num_levels: 7
[34507] 01-07 06:23:14,653 INFO [RocksDB]       Options.min_write_buffer_number_to_merge: 2
[34507] 01-07 06:23:14,653 INFO [RocksDB]    Options.max_write_buffer_number_to_maintain: 0
[34507] 01-07 06:23:14,653 INFO [RocksDB]           Options.compression_opts.window_bits: -14
[34507] 01-07 06:23:14,653 INFO [RocksDB]                 Options.compression_opts.level: -1
[34507] 01-07 06:23:14,653 INFO [RocksDB]              Options.compression_opts.strategy: 0
[34507] 01-07 06:23:14,653 INFO [RocksDB]        Options.compression_opts.max_dict_bytes: 0
[34507] 01-07 06:23:14,653 INFO [RocksDB]        Options.compression_opts.zstd_max_train_bytes: 0
[34507] 01-07 06:23:14,653 INFO [RocksDB]     Options.level0_file_num_compaction_trigger: 2
[34507] 01-07 06:23:14,653 INFO [RocksDB]         Options.level0_slowdown_writes_trigger: 20
[34507] 01-07 06:23:14,653 INFO [RocksDB]             Options.level0_stop_writes_trigger: 36
[34507] 01-07 06:23:14,653 INFO [RocksDB]                  Options.target_file_size_base: 67108864
[34507] 01-07 06:23:14,653 INFO [RocksDB]            Options.target_file_size_multiplier: 1
[34507] 01-07 06:23:14,653 INFO [RocksDB]               Options.max_bytes_for_level_base: 536870912
[34507] 01-07 06:23:14,653 INFO [RocksDB]Options.level_compaction_dynamic_level_bytes: 0
[34507] 01-07 06:23:14,653 INFO [RocksDB]         Options.max_bytes_for_level_multiplier: 10.000000
[34507] 01-07 06:23:14,653 INFO [RocksDB]Options.max_bytes_for_level_multiplier_addtl[0]: 1
[34507] 01-07 06:23:14,653 INFO [RocksDB]Options.max_bytes_for_level_multiplier_addtl[1]: 1
[34507] 01-07 06:23:14,653 INFO [RocksDB]Options.max_bytes_for_level_multiplier_addtl[2]: 1
[34507] 01-07 06:23:14,653 INFO [RocksDB]Options.max_bytes_for_level_multiplier_addtl[3]: 1
[34507] 01-07 06:23:14,653 INFO [RocksDB]Options.max_bytes_for_level_multiplier_addtl[4]: 1
[34507] 01-07 06:23:14,653 INFO [RocksDB]Options.max_bytes_for_level_multiplier_addtl[5]: 1
[34507] 01-07 06:23:14,653 INFO [RocksDB]Options.max_bytes_for_level_multiplier_addtl[6]: 1
[34507] 01-07 06:23:14,653 INFO [RocksDB]      Options.max_sequential_skip_in_iterations: 8
[34507] 01-07 06:23:14,653 INFO [RocksDB]                   Options.max_compaction_bytes: 1677721600
[34507] 01-07 06:23:14,653 INFO [RocksDB]                       Options.arena_block_size: 33554432
[34507] 01-07 06:23:14,653 INFO [RocksDB]  Options.soft_pending_compaction_bytes_limit: 68719476736
[34507] 01-07 06:23:14,653 INFO [RocksDB]  Options.hard_pending_compaction_bytes_limit: 274877906944
[34507] 01-07 06:23:14,653 INFO [RocksDB]      Options.rate_limit_delay_max_milliseconds: 100
[34507] 01-07 06:23:14,653 INFO [RocksDB]               Options.disable_auto_compactions: 0
[34507] 01-07 06:23:14,653 INFO [RocksDB]                       Options.compaction_style: kCompactionStyleLevel
[34507] 01-07 06:23:14,653 INFO [RocksDB]                         Options.compaction_pri: kByCompensatedSize
[34507] 01-07 06:23:14,653 INFO [RocksDB]Options.compaction_options_universal.size_ratio: 1
[34507] 01-07 06:23:14,653 INFO [RocksDB]Options.compaction_options_universal.min_merge_width: 2
[34507] 01-07 06:23:14,653 INFO [RocksDB]Options.compaction_options_universal.max_merge_width: 4294967295
[34507] 01-07 06:23:14,653 INFO [RocksDB]Options.compaction_options_universal.max_size_amplification_percent: 200
[34507] 01-07 06:23:14,653 INFO [RocksDB]Options.compaction_options_universal.compression_size_percent: -1
[34507] 01-07 06:23:14,653 INFO [RocksDB]Options.compaction_options_universal.stop_style: kCompactionStopStyleTotalSize
[34507] 01-07 06:23:14,653 INFO [RocksDB]Options.compaction_options_fifo.max_table_files_size: 1073741824
[34507] 01-07 06:23:14,653 INFO [RocksDB]Options.compaction_options_fifo.allow_compaction: 0
[34507] 01-07 06:23:14,653 INFO [RocksDB]Options.compaction_options_fifo.ttl: 0
[34507] 01-07 06:23:14,653 INFO [RocksDB]                  Options.table_properties_collectors: 
[34507] 01-07 06:23:14,653 INFO [RocksDB]                  Options.inplace_update_support: 0
[34507] 01-07 06:23:14,653 INFO [RocksDB]                Options.inplace_update_num_locks: 10000
[34507] 01-07 06:23:14,653 INFO [RocksDB]              Options.memtable_prefix_bloom_size_ratio: 0.000000
[34507] 01-07 06:23:14,653 INFO [RocksDB]  Options.memtable_huge_page_size: 0
[34507] 01-07 06:23:14,653 INFO [RocksDB]                          Options.bloom_locality: 0
[34507] 01-07 06:23:14,653 INFO [RocksDB]                   Options.max_successive_merges: 0
[34507] 01-07 06:23:14,653 INFO [RocksDB]               Options.optimize_filters_for_hits: 0
[34507] 01-07 06:23:14,653 INFO [RocksDB]               Options.paranoid_file_checks: 0
[34507] 01-07 06:23:14,653 INFO [RocksDB]               Options.force_consistency_checks: 0
[34507] 01-07 06:23:14,653 INFO [RocksDB]               Options.report_bg_io_stats: 0
[34507] 01-07 06:23:14,653 INFO [RocksDB]                              Options.ttl: 0
[34507] 01-07 06:23:14,653 INFO [RocksDB][db/db_impl.cc:1396] Created column family [0] (ID 1)
[34507] 01-07 06:23:14,656 INFO Create ColumnFamilyHandle with name:0 success.
[34507] 01-07 06:23:22,894 INFO [RocksDB][db/db_impl_write.cc:1373] [0] New memtable created with log file: #9. Immutable memtables: 0.

[34507] 01-07 06:23:30,737 INFO [RocksDB][db/db_impl_write.cc:1373] [0] New memtable created with log file: #10. Immutable memtables: 1.

[34507] 01-07 06:23:30,737 INFO [RocksDB][db/db_impl_compaction_flush.cc:80] [JOB 2] Syncing log #3
[34507] 01-07 06:23:31,322 INFO [RocksDB][db/db_impl_compaction_flush.cc:80] [JOB 2] Syncing log #9
[34507] 01-07 06:23:35,216 INFO [RocksDB](Original Log Time 2020/01/07-06:23:30.737110) [db/db_impl_compaction_flush.cc:1424] Calling FlushMemTableToOutputFile with column family [0], flush slots available 4, compaction slots available 1, flush slots scheduled 1, compaction slots scheduled 0
[34507] 01-07 06:23:35,216 INFO [RocksDB][db/flush_job.cc:301] [0] [JOB 2] Flushing memtable with next log file: 9

[34507] 01-07 06:23:35,216 INFO [RocksDB][db/flush_job.cc:301] [0] [JOB 2] Flushing memtable with next log file: 10

[34507] 01-07 06:23:35,216 INFO [RocksDB]EVENT_LOG_v1 {"time_micros": 1578378215216522, "job": 2, "event": "flush_started", "num_memtables": 2, "num_entries": 3373287, "num_deletes": 0, "memory_usage": 520099648, "flush_reason": "Write Buffer Full"}
[34507] 01-07 06:23:35,216 INFO [RocksDB][db/flush_job.cc:331] [0] [JOB 2] Level-0 flush table #11: started
[34507] 01-07 06:23:40,118 INFO [RocksDB][db/db_impl_write.cc:1373] [0] New memtable created with log file: #12. Immutable memtables: 2.

[34507] 01-07 06:23:41,997 INFO [RocksDB]EVENT_LOG_v1 {"time_micros": 1578378221997582, "cf_name": "0", "job": 2, "event": "table_file_creation", "file_number": 11, "file_size": 327999416, "table_properties": {"data_size": 318684486, "index_size": 4274640, "filter_size": 5039248, "raw_key_size": 132748498, "raw_average_key_size": 42, "raw_value_size": 255287642, "raw_average_value_size": 81, "num_data_blocks": 79399, "num_entries": 3132346, "filter_policy_name": "rocksdb.BuiltinBloomFilter", "kDeletedKeys": "0", "kMergeOperands": "0"}}
[34507] 01-07 06:23:41,997 INFO [RocksDB][db/flush_job.cc:371] [0] [JOB 2] Level-0 flush table #11: 327999416 bytes OK
[34507] 01-07 06:23:41,000 INFO [RocksDB](Original Log Time 2020/01/07-06:23:41.998892) [db/memtable_list.cc:377] [0] Level-0 commit table #11 started
[34507] 01-07 06:23:41,000 INFO [RocksDB](Original Log Time 2020/01/07-06:23:42.000692) [db/memtable_list.cc:409] [0] Level-0 commit table #11: memtable #1 done
[34507] 01-07 06:23:41,000 INFO [RocksDB](Original Log Time 2020/01/07-06:23:42.000697) [db/memtable_list.cc:409] [0] Level-0 commit table #11: memtable #2 done
[34507] 01-07 06:23:41,000 INFO [RocksDB](Original Log Time 2020/01/07-06:23:42.000708) EVENT_LOG_v1 {"time_micros": 1578378222000702, "job": 2, "event": "flush_finished", "output_compression": "NoCompression", "lsm_state": [1, 0, 0, 0, 0, 0, 0], "immutable_memtables": 1}
[34507] 01-07 06:23:41,000 INFO [RocksDB](Original Log Time 2020/01/07-06:23:42.000719) [db/db_impl_compaction_flush.cc:177] [0] Level summary: base level 1 max bytes base 536870912 files[1 0 0 0 0 0 0] max score 0.61

[34507] 01-07 06:23:41,000 INFO [RocksDB][db/db_impl_files.cc:342] [JOB 2] Try to delete WAL files size 398317749, prev total WAL file size 630542721, number of live WAL files 4.

[34507] 01-07 06:23:49,102 INFO [RocksDB][db/db_impl_write.cc:1373] [0] New memtable created with log file: #13. Immutable memtables: 1.

[34507] 01-07 06:23:49,102 INFO [RocksDB][db/db_impl_compaction_flush.cc:80] [JOB 3] Syncing log #10
[34507] 01-07 06:23:49,564 INFO [RocksDB][db/db_impl_compaction_flush.cc:80] [JOB 3] Syncing log #12
[34507] 01-07 06:23:51,022 INFO [RocksDB](Original Log Time 2020/01/07-06:23:49.102357) [db/db_impl_compaction_flush.cc:1424] Calling FlushMemTableToOutputFile with column family [0], flush slots available 4, compaction slots available 1, flush slots scheduled 1, compaction slots scheduled 0
[34507] 01-07 06:23:51,022 INFO [RocksDB][db/flush_job.cc:301] [0] [JOB 3] Flushing memtable with next log file: 12

[34507] 01-07 06:23:51,022 INFO [RocksDB][db/flush_job.cc:301] [0] [JOB 3] Flushing memtable with next log file: 13

[34507] 01-07 06:23:51,022 INFO [RocksDB]EVENT_LOG_v1 {"time_micros": 1578378231022445, "job": 3, "event": "flush_started", "num_memtables": 2, "num_entries": 3285811, "num_deletes": 0, "memory_usage": 520101080, "flush_reason": "Write Buffer Full"}
[34507] 01-07 06:23:51,022 INFO [RocksDB][db/flush_job.cc:331] [0] [JOB 3] Level-0 flush table #14: started
[34507] 01-07 06:23:57,121 INFO [RocksDB]EVENT_LOG_v1 {"time_micros": 1578378237121946, "cf_name": "0", "job": 3, "event": "table_file_creation", "file_number": 14, "file_size": 319428034, "table_properties": {"data_size": 310356374, "index_size": 4162261, "filter_size": 4908357, "raw_key_size": 129303656, "raw_average_key_size": 42, "raw_value_size": 248665561, "raw_average_value_size": 81, "num_data_blocks": 77328, "num_entries": 3051112, "filter_policy_name": "rocksdb.BuiltinBloomFilter", "kDeletedKeys": "0", "kMergeOperands": "0"}}
[34507] 01-07 06:23:57,121 INFO [RocksDB][db/flush_job.cc:371] [0] [JOB 3] Level-0 flush table #14: 319428034 bytes OK
[34507] 01-07 06:23:57,125 INFO [RocksDB](Original Log Time 2020/01/07-06:23:57.123510) [db/memtable_list.cc:377] [0] Level-0 commit table #14 started
[34507] 01-07 06:23:57,125 INFO [RocksDB](Original Log Time 2020/01/07-06:23:57.125700) [db/memtable_list.cc:409] [0] Level-0 commit table #14: memtable #1 done
[34507] 01-07 06:23:57,125 INFO [RocksDB](Original Log Time 2020/01/07-06:23:57.125701) [db/memtable_list.cc:409] [0] Level-0 commit table #14: memtable #2 done
[34507] 01-07 06:23:57,125 INFO [RocksDB](Original Log Time 2020/01/07-06:23:57.125710) EVENT_LOG_v1 {"time_micros": 1578378237125705, "job": 3, "event": "flush_finished", "output_compression": "NoCompression", "lsm_state": [2, 0, 0, 0, 0, 0, 0], "immutable_memtables": 0}
[34507] 01-07 06:23:57,125 INFO [RocksDB](Original Log Time 2020/01/07-06:23:57.125734) [db/db_impl_compaction_flush.cc:177] [0] Level summary: base level 1 max bytes base 536870912 files[2 0 0 0 0 0 0] max score 1.21

[34507] 01-07 06:23:57,125 INFO [RocksDB][db/db_impl_files.cc:342] [JOB 3] Try to delete WAL files size 388059746, prev total WAL file size 551740847, number of live WAL files 3.

[34507] 01-07 06:23:57,125 WARN [RocksDB][db/db_impl.cc:491] ------- DUMPING STATS -------
[34507] 01-07 06:23:57,126 WARN [RocksDB][db/db_impl.cc:492] 
** DB Stats **
Uptime(secs): 55.0 total, 55.0 interval
Cumulative writes: 1149K writes, 8045K keys, 1148K commit groups, 1.0 writes per commit group, ingest: 0.88 GB, 16.46 MB/s
Cumulative WAL: 1149K writes, 0 syncs, 1149283.00 writes per sync, written: 0.88 GB, 16.46 MB/s
Cumulative stall: 00:00:0.000 H:M:S, 0.0 percent
Interval writes: 1149K writes, 8045K keys, 1148K commit groups, 1.0 writes per commit group, ingest: 906.05 MB, 16.46 MB/s
Interval WAL: 1149K writes, 0 syncs, 1149283.00 writes per sync, written: 0.88 MB, 16.46 MB/s
Interval stall: 00:00:0.000 H:M:S, 0.0 percent

** Compaction Stats [default] **
Level    Files   Size     Score Read(GB)  Rn(GB) Rnp1(GB) Write(GB) Wnew(GB) Moved(GB) W-Amp Rd(MB/s) Wr(MB/s) Comp(sec) Comp(cnt) Avg(sec) KeyIn KeyDrop
----------------------------------------------------------------------------------------------------------------------------------------------------------
 Sum      0/0    0.00 KB   0.0      0.0     0.0      0.0       0.0     
[34507] 01-07 06:23:57,126 INFO [RocksDB][db/compaction_job.cc:1531] [0] [JOB 4] Compacting 2@0 files to L1, score 1.21
[34507] 01-07 06:23:57,126 INFO [RocksDB][db/compaction_job.cc:1535] [0] Compaction start summary: Base version 4 Base level 0, inputs: [14(304MB) 11(312MB)]

[34507] 01-07 06:23:57,126 INFO [RocksDB]EVENT_LOG_v1 {"time_micros": 1578378237126112, "job": 4, "event": "compaction_started", "compaction_reason": "LevelL0FilesNum", "files_L0": [14, 11], "score": 1.20593, "input_data_size": 647427450}
[34507] 01-07 06:23:58,177 INFO [RocksDB][db/db_impl_write.cc:1373] [0] New memtable created with log file: #16. Immutable memtables: 0.

[34507] 01-07 06:23:58,524 INFO [RocksDB][db/compaction_job.cc:1211] [0] [JOB 4] Generated table #15: 1181899 keys, 69764636 bytes
[34507] 01-07 06:23:58,524 INFO [RocksDB]EVENT_LOG_v1 {"time_micros": 1578378238524754, "cf_name": "0", "job": 4, "event": "table_file_creation", "file_number": 15, "file_size": 69764636, "table_properties": {"data_size": 67110241, "index_size": 975221, "filter_size": 1678143, "raw_key_size": 56228040, "raw_average_key_size": 47, "raw_value_size": 28805128, "raw_average_value_size": 24, "num_data_blocks": 16602, "num_entries": 1181899, "filter_policy_name": "rocksdb.BuiltinBloomFilter", "kDeletedKeys": "0", "kMergeOperands": "0"}}
[34507] 01-07 06:23:59,832 INFO [RocksDB][db/compaction_job.cc:1211] [0] [JOB 4] Generated table #17: 597517 keys, 68987941 bytes
[34507] 01-07 06:23:59,832 INFO [RocksDB]EVENT_LOG_v1 {"time_micros": 1578378239832203, "cf_name": "0", "job": 4, "event": "table_file_creation", "file_number": 17, "file_size": 68987941, "table_properties": {"data_size": 67110585, "index_size": 888437, "filter_size": 987888, "raw_key_size": 24595429, "raw_average_key_size": 41, "raw_value_size": 56764088, "raw_average_value_size": 94, "num_data_blocks": 16739, "num_entries": 597517, "filter_policy_name": "rocksdb.BuiltinBloomFilter", "kDeletedKeys": "0", "kMergeOperands": "0"}}
[34507] 01-07 06:24:01,212 INFO [RocksDB][db/compaction_job.cc:1211] [0] [JOB 4] Generated table #18: 597509 keys, 68987117 bytes
[34507] 01-07 06:24:01,212 INFO [RocksDB]EVENT_LOG_v1 {"time_micros": 1578378241212956, "cf_name": "0", "job": 4, "event": "table_file_creation", "file_number": 18, "file_size": 68987117, "table_properties": {"data_size": 67109762, "index_size": 888446, "filter_size": 987878, "raw_key_size": 24594331, "raw_average_key_size": 41, "raw_value_size": 56763355, "raw_average_value_size": 95, "num_data_blocks": 16739, "num_entries": 597509, "filter_policy_name": "rocksdb.BuiltinBloomFilter", "kDeletedKeys": "0", "kMergeOperands": "0"}}
[34507] 01-07 06:24:02,537 INFO [RocksDB][db/compaction_job.cc:1211] [0] [JOB 4] Generated table #19: 597498 keys, 68987369 bytes
[34507] 01-07 06:24:02,537 INFO [RocksDB]EVENT_LOG_v1 {"time_micros": 1578378242537468, "cf_name": "0", "job": 4, "event": "table_file_creation", "file_number": 19, "file_size": 68987369, "table_properties": {"data_size": 67109838, "index_size": 888635, "filter_size": 987865, "raw_key_size": 24593690, "raw_average_key_size": 41, "raw_value_size": 56762310, "raw_average_value_size": 95, "num_data_blocks": 16739, "num_entries": 597498, "filter_policy_name": "rocksdb.BuiltinBloomFilter", "kDeletedKeys": "0", "kMergeOperands": "0"}}
[34507] 01-07 06:24:03,817 INFO [RocksDB][db/compaction_job.cc:1211] [0] [JOB 4] Generated table #20: 597512 keys, 68990313 bytes
[34507] 01-07 06:24:03,817 INFO [RocksDB]EVENT_LOG_v1 {"time_micros": 1578378243817566, "cf_name": "0", "job": 4, "event": "table_file_creation", "file_number": 20, "file_size": 68990313, "table_properties": {"data_size": 67112680, "index_size": 888708, "filter_size": 987894, "raw_key_size": 24593533, "raw_average_key_size": 41, "raw_value_size": 56763667, "raw_average_value_size": 95, "num_data_blocks": 16740, "num_entries": 597512, "filter_policy_name": "rocksdb.BuiltinBloomFilter", "kDeletedKeys": "0", "kMergeOperands": "0"}}
[34507] 01-07 06:24:05,127 INFO [RocksDB][db/compaction_job.cc:1211] [0] [JOB 4] Generated table #21: 597531 keys, 68987943 bytes
[34507] 01-07 06:24:05,127 INFO [RocksDB]EVENT_LOG_v1 {"time_micros": 1578378245127942, "cf_name": "0", "job": 4, "event": "table_file_creation", "file_number": 21, "file_size": 68987943, "table_properties": {"data_size": 67110794, "index_size": 888214, "filter_size": 987904, "raw_key_size": 24595834, "raw_average_key_size": 41, "raw_value_size": 56765445, "raw_average_value_size": 95, "num_data_blocks": 16739, "num_entries": 597531, "filter_policy_name": "rocksdb.BuiltinBloomFilter", "kDeletedKeys": "0", "kMergeOperands": "0"}}
[34507] 01-07 06:24:06,427 INFO [RocksDB][db/compaction_job.cc:1211] [0] [JOB 4] Generated table #22: 597518 keys, 68989856 bytes
[34507] 01-07 06:24:06,427 INFO [RocksDB]EVENT_LOG_v1 {"time_micros": 1578378246427715, "cf_name": "0", "job": 4, "event": "table_file_creation", "file_number": 22, "file_size": 68989856, "table_properties": {"data_size": 67112153, "index_size": 888770, "filter_size": 987902, "raw_key_size": 24595679, "raw_average_key_size": 41, "raw_value_size": 56764192, "raw_average_value_size": 94, "num_data_blocks": 16740, "num_entries": 597518, "filter_policy_name": "rocksdb.BuiltinBloomFilter", "kDeletedKeys": "0", "kMergeOperands": "0"}}
[34507] 01-07 06:24:07,542 INFO [RocksDB][db/db_impl_write.cc:1373] [0] New memtable created with log file: #24. Immutable memtables: 1.

[34507] 01-07 06:24:07,542 INFO [RocksDB][db/db_impl_compaction_flush.cc:80] [JOB 5] Syncing log #13
[34507] 01-07 06:24:08,054 INFO [RocksDB][db/db_impl_compaction_flush.cc:80] [JOB 5] Syncing log #16
[34507] 01-07 06:24:08,054 INFO [RocksDB][db/compaction_job.cc:1211] [0] [JOB 4] Generated table #23: 597519 keys, 68988394 bytes
[34507] 01-07 06:24:08,054 INFO [RocksDB]EVENT_LOG_v1 {"time_micros": 1578378248054599, "cf_name": "0", "job": 4, "event": "table_file_creation", "file_number": 23, "file_size": 68988394, "table_properties": {"data_size": 67110977, "index_size": 888505, "filter_size": 987881, "raw_key_size": 24594699, "raw_average_key_size": 41, "raw_value_size": 56764296, "raw_average_value_size": 94, "num_data_blocks": 16738, "num_entries": 597519, "filter_policy_name": "rocksdb.BuiltinBloomFilter", "kDeletedKeys": "0", "kMergeOperands": "0"}}
[34507] 01-07 06:24:10,199 INFO [RocksDB](Original Log Time 2020/01/07-06:24:07.542674) [db/db_impl_compaction_flush.cc:1424] Calling FlushMemTableToOutputFile with column family [0], flush slots available 4, compaction slots available 1, flush slots scheduled 1, compaction slots scheduled 1
[34507] 01-07 06:24:10,199 INFO [RocksDB][db/flush_job.cc:301] [0] [JOB 5] Flushing memtable with next log file: 16

[34507] 01-07 06:24:10,199 INFO [RocksDB][db/flush_job.cc:301] [0] [JOB 5] Flushing memtable with next log file: 24

[34507] 01-07 06:24:10,199 INFO [RocksDB]EVENT_LOG_v1 {"time_micros": 1578378250199637, "job": 5, "event": "flush_started", "num_memtables": 2, "num_entries": 3232791, "num_deletes": 0, "memory_usage": 520101184, "flush_reason": "Write Buffer Full"}
[34507] 01-07 06:24:10,199 INFO [RocksDB][db/flush_job.cc:331] [0] [JOB 5] Level-0 flush table #25: started
[34507] 01-07 06:24:10,199 INFO [RocksDB][db/compaction_job.cc:1211] [0] [JOB 4] Generated table #26: 597520 keys, 68988444 bytes
[34507] 01-07 06:24:10,199 INFO [RocksDB]EVENT_LOG_v1 {"time_micros": 1578378250199845, "cf_name": "0", "job": 4, "event": "table_file_creation", "file_number": 26, "file_size": 68988444, "table_properties": {"data_size": 67111051, "index_size": 888471, "filter_size": 987891, "raw_key_size": 24595346, "raw_average_key_size": 41, "raw_value_size": 56764400, "raw_average_value_size": 95, "num_data_blocks": 16739, "num_entries": 597520, "filter_policy_name": "rocksdb.BuiltinBloomFilter", "kDeletedKeys": "0", "kMergeOperands": "0"}}
[34507] 01-07 06:24:10,848 INFO [RocksDB][db/compaction_job.cc:1211] [0] [JOB 4] Generated table #27: 221434 keys, 25561318 bytes
[34507] 01-07 06:24:10,848 INFO [RocksDB]EVENT_LOG_v1 {"time_micros": 1578378250848580, "cf_name": "0", "job": 4, "event": "table_file_creation", "file_number": 27, "file_size": 25561318, "table_properties": {"data_size": 24866522, "index_size": 327688, "filter_size": 366078, "raw_key_size": 9065554, "raw_average_key_size": 40, "raw_value_size": 21036266, "raw_average_value_size": 95, "num_data_blocks": 6202, "num_entries": 221434, "filter_policy_name": "rocksdb.BuiltinBloomFilter", "kDeletedKeys": "0", "kMergeOperands": "0"}}
[34507] 01-07 06:24:10,849 INFO [RocksDB][db/compaction_job.cc:1287] [0] [JOB 4] Compacted 2@0 files to L1 => 647233331 bytes
[34507] 01-07 06:24:10,852 INFO [RocksDB](Original Log Time 2020/01/07-06:24:10.851958) [db/compaction_job.cc:685] [0] compacted to: base level 1 max bytes base 536870912 files[0 10 0 0 0 0 0] max score 1.21, MB/sec: 47.2 rd, 47.2 wr, level 1, files in(2, 0) out(10) MB in(617.4, 0.0) out(617.2), read-write-amplify(2.0) write-amplify(1.0) OK, records in: 6183458, records dropped: 1 output_compression: NoCompression

[34507] 01-07 06:24:10,852 INFO [RocksDB](Original Log Time 2020/01/07-06:24:10.851971) EVENT_LOG_v1 {"time_micros": 1578378250851965, "job": 4, "event": "compaction_finished", "compaction_time_micros": 13723845, "output_level": 1, "num_output_files": 10, "total_output_size": 647233331, "num_input_records": 6183458, "num_output_records": 6183457, "num_subcompactions": 1, "output_compression": "NoCompression", "num_single_delete_mismatches": 0, "num_single_delete_fallthrough": 0, "lsm_state": [0, 10, 0, 0, 0, 0, 0]}
[34507] 01-07 06:24:10,853 INFO [RocksDB][db/compaction_job.cc:1531] [0] [JOB 6] Compacting 1@1 files to L2, score 1.21
[34507] 01-07 06:24:10,853 INFO [RocksDB][db/compaction_job.cc:1535] [0] Compaction start summary: Base version 5 Base level 1, inputs: [15(66MB)]

[34507] 01-07 06:24:10,853 INFO [RocksDB]EVENT_LOG_v1 {"time_micros": 1578378250853254, "job": 6, "event": "compaction_started", "compaction_reason": "LevelMaxLevelSize", "files_L1": [15], "score": 1.20557, "input_data_size": 69764636}
[34507] 01-07 06:24:14,564 INFO [RocksDB][db/compaction_job.cc:1211] [0] [JOB 6] Generated table #28: 1181899 keys, 54657297 bytes
[34507] 01-07 06:24:14,564 INFO [RocksDB]EVENT_LOG_v1 {"time_micros": 1578378254564673, "cf_name": "0", "job": 6, "event": "table_file_creation", "file_number": 28, "file_size": 54657297, "table_properties": {"data_size": 52476247, "index_size": 974917, "filter_size": 1649563, "raw_key_size": 56228040, "raw_average_key_size": 47, "raw_value_size": 28805128, "raw_average_value_size": 24, "num_data_blocks": 16602, "num_entries": 1181899, "filter_policy_name": "rocksdb.BuiltinBloomFilter", "kDeletedKeys": "0", "kMergeOperands": "0"}}
[34507] 01-07 06:24:14,565 INFO [RocksDB][db/compaction_job.cc:1287] [0] [JOB 6] Compacted 1@1 files to L2 => 54657297 bytes
[34507] 01-07 06:24:14,567 INFO [RocksDB](Original Log Time 2020/01/07-06:24:14.567765) [db/compaction_job.cc:685] [0] compacted to: base level 1 max bytes base 536870912 files[0 9 1 0 0 0 0] max score 1.08, MB/sec: 18.8 rd, 14.7 wr, level 2, files in(1, 0) out(1) MB in(66.5, 0.0) out(52.1), read-write-amplify(1.8) write-amplify(0.8) OK, records in: 1181899, records dropped: 0 output_compression: Snappy

[34507] 01-07 06:24:14,567 INFO [RocksDB](Original Log Time 2020/01/07-06:24:14.567791) EVENT_LOG_v1 {"time_micros": 1578378254567774, "job": 6, "event": "compaction_finished", "compaction_time_micros": 3712658, "output_level": 2, "num_output_files": 1, "total_output_size": 54657297, "num_input_records": 1181899, "num_output_records": 1181899, "num_subcompactions": 1, "output_compression": "Snappy", "num_single_delete_mismatches": 0, "num_single_delete_fallthrough": 0, "lsm_state": [0, 9, 1, 0, 0, 0, 0]}
[34507] 01-07 06:24:14,567 INFO [RocksDB][db/compaction_job.cc:1531] [0] [JOB 7] Compacting 1@1 files to L2, score 1.08
[34507] 01-07 06:24:14,567 INFO [RocksDB][db/compaction_job.cc:1535] [0] Compaction start summary: Base version 6 Base level 1, inputs: [20(65MB)]

[34507] 01-07 06:24:14,567 INFO [RocksDB]EVENT_LOG_v1 {"time_micros": 1578378254567852, "job": 7, "event": "compaction_started", "compaction_reason": "LevelMaxLevelSize", "files_L1": [20], "score": 1.07562, "input_data_size": 68990313}
[34507] 01-07 06:24:17,345 INFO [RocksDB][db/db_impl_write.cc:1373] [0] New memtable created with log file: #30. Immutable memtables: 2.

[34507] 01-07 06:24:17,853 INFO [RocksDB][db/compaction_job.cc:1211] [0] [JOB 7] Generated table #29: 597512 keys, 68588985 bytes
[34507] 01-07 06:24:17,853 INFO [RocksDB]EVENT_LOG_v1 {"time_micros": 1578378257853575, "cf_name": "0", "job": 7, "event": "table_file_creation", "file_number": 29, "file_size": 68588985, "table_properties": {"data_size": 67112680, "index_size": 888708, "filter_size": 987894, "raw_key_size": 24593533, "raw_average_key_size": 41, "raw_value_size": 56763667, "raw_average_value_size": 95, "num_data_blocks": 16740, "num_entries": 597512, "filter_policy_name": "rocksdb.BuiltinBloomFilter", "kDeletedKeys": "0", "kMergeOperands": "0"}}
[34507] 01-07 06:24:17,854 INFO [RocksDB][db/compaction_job.cc:1287] [0] [JOB 7] Compacted 1@1 files to L2 => 68588985 bytes
[34507] 01-07 06:24:17,856 INFO [RocksDB](Original Log Time 2020/01/07-06:24:17.856880) [db/compaction_job.cc:685] [0] compacted to: base level 1 max bytes base 536870912 files[0 8 2 0 0 0 0] max score 0.95, MB/sec: 21.0 rd, 20.9 wr, level 2, files in(1, 0) out(1) MB in(65.8, 0.0) out(65.4), read-write-amplify(2.0) write-amplify(1.0) OK, records in: 597512, records dropped: 0 output_compression: Snappy

[34507] 01-07 06:24:17,856 INFO [RocksDB](Original Log Time 2020/01/07-06:24:17.856905) EVENT_LOG_v1 {"time_micros": 1578378257856900, "job": 7, "event": "compaction_finished", "compaction_time_micros": 3287045, "output_level": 2, "num_output_files": 1, "total_output_size": 68588985, "num_input_records": 597512, "num_output_records": 597512, "num_subcompactions": 1, "output_compression": "Snappy", "num_single_delete_mismatches": 0, "num_single_delete_fallthrough": 0, "lsm_state": [0, 8, 2, 0, 0, 0, 0]}
[34507] 01-07 06:24:17,863 INFO [RocksDB]EVENT_LOG_v1 {"time_micros": 1578378257863761, "job": 7, "event": "table_file_deletion", "file_number": 20}
[34507] 01-07 06:24:17,870 INFO [RocksDB]EVENT_LOG_v1 {"time_micros": 1578378257870956, "job": 7, "event": "table_file_deletion", "file_number": 15}
[34507] 01-07 06:24:18,955 INFO [RocksDB]EVENT_LOG_v1 {"time_micros": 1578378258955881, "cf_name": "0", "job": 5, "event": "table_file_creation", "file_number": 25, "file_size": 314332547, "table_properties": {"data_size": 305407981, "index_size": 4094274, "filter_size": 4829250, "raw_key_size": 127220610, "raw_average_key_size": 42, "raw_value_size": 244652476, "raw_average_value_size": 81, "num_data_blocks": 76092, "num_entries": 3001876, "filter_policy_name": "rocksdb.BuiltinBloomFilter", "kDeletedKeys": "0", "kMergeOperands": "0"}}
[34507] 01-07 06:24:18,955 INFO [RocksDB][db/flush_job.cc:371] [0] [JOB 5] Level-0 flush table #25: 314332547 bytes OK
[34507] 01-07 06:24:18,959 INFO [RocksDB](Original Log Time 2020/01/07-06:24:18.957255) [db/memtable_list.cc:377] [0] Level-0 commit table #25 started
[34507] 01-07 06:24:18,959 INFO [RocksDB](Original Log Time 2020/01/07-06:24:18.959005) [db/memtable_list.cc:409] [0] Level-0 commit table #25: memtable #1 done
[34507] 01-07 06:24:18,959 INFO [RocksDB](Original Log Time 2020/01/07-06:24:18.959007) [db/memtable_list.cc:409] [0] Level-0 commit table #25: memtable #2 done
[34507] 01-07 06:24:18,959 INFO [RocksDB](Original Log Time 2020/01/07-06:24:18.959031) EVENT_LOG_v1 {"time_micros": 1578378258959015, "job": 5, "event": "flush_finished", "output_compression": "NoCompression", "lsm_state": [1, 8, 2, 0, 0, 0, 0], "immutable_memtables": 1}
[34507] 01-07 06:24:18,959 INFO [RocksDB](Original Log Time 2020/01/07-06:24:18.959043) [db/db_impl_compaction_flush.cc:177] [0] Level summary: base level 1 max bytes base 536870912 files[1 8 2 0 0 0 0] max score 0.95

[34507] 01-07 06:24:18,959 INFO [RocksDB][db/db_impl_files.cc:342] [JOB 5] Try to delete WAL files size 381801511, prev total WAL file size 599078649, number of live WAL files 4.

[34507] 01-07 06:24:19,008 INFO [RocksDB]EVENT_LOG_v1 {"time_micros": 1578378259008691, "job": 5, "event": "table_file_deletion", "file_number": 14}
[34507] 01-07 06:24:19,057 INFO [RocksDB]EVENT_LOG_v1 {"time_micros": 1578378259057816, "job": 5, "event": "table_file_deletion", "file_number": 11}
[34507] 01-07 06:24:30,092 INFO [RocksDB][db/db_impl_write.cc:1373] [0] New memtable created with log file: #31. Immutable memtables: 1.

[34507] 01-07 06:24:30,092 INFO [RocksDB][db/db_impl_compaction_flush.cc:80] [JOB 8] Syncing log #24
[34507] 01-07 06:24:30,645 INFO [RocksDB][db/db_impl_compaction_flush.cc:80] [JOB 8] Syncing log #30
[34507] 01-07 06:24:32,022 INFO [RocksDB](Original Log Time 2020/01/07-06:24:30.092407) [db/db_impl_compaction_flush.cc:1424] Calling FlushMemTableToOutputFile with column family [0], flush slots available 4, compaction slots available 1, flush slots scheduled 1, compaction slots scheduled 0
[34507] 01-07 06:24:32,022 INFO [RocksDB][db/flush_job.cc:301] [0] [JOB 8] Flushing memtable with next log file: 30

[34507] 01-07 06:24:32,022 INFO [RocksDB][db/flush_job.cc:301] [0] [JOB 8] Flushing memtable with next log file: 31

[34507] 01-07 06:24:32,022 INFO [RocksDB]EVENT_LOG_v1 {"time_micros": 1578378272022514, "job": 8, "event": "flush_started", "num_memtables": 2, "num_entries": 3296443, "num_deletes": 0, "memory_usage": 520101280, "flush_reason": "Write Buffer Full"}
[34507] 01-07 06:24:32,022 INFO [RocksDB][db/flush_job.cc:331] [0] [JOB 8] Level-0 flush table #32: started
[34507] 01-07 06:24:38,173 INFO [RocksDB]EVENT_LOG_v1 {"time_micros": 1578378278173664, "cf_name": "0", "job": 8, "event": "table_file_creation", "file_number": 32, "file_size": 320535366, "table_properties": {"data_size": 311432448, "index_size": 4177503, "filter_size": 4924373, "raw_key_size": 129724398, "raw_average_key_size": 42, "raw_value_size": 249469602, "raw_average_value_size": 81, "num_data_blocks": 77595, "num_entries": 3060983, "filter_policy_name": "rocksdb.BuiltinBloomFilter", "kDeletedKeys": "0", "kMergeOperands": "0"}}
[34507] 01-07 06:24:38,173 INFO [RocksDB][db/flush_job.cc:371] [0] [JOB 8] Level-0 flush table #32: 320535366 bytes OK
[34507] 01-07 06:24:38,177 INFO [RocksDB](Original Log Time 2020/01/07-06:24:38.175182) [db/memtable_list.cc:377] [0] Level-0 commit table #32 started
[34507] 01-07 06:24:38,177 INFO [RocksDB](Original Log Time 2020/01/07-06:24:38.176968) [db/memtable_list.cc:409] [0] Level-0 commit table #32: memtable #1 done
[34507] 01-07 06:24:38,177 INFO [RocksDB](Original Log Time 2020/01/07-06:24:38.176969) [db/memtable_list.cc:409] [0] Level-0 commit table #32: memtable #2 done
[34507] 01-07 06:24:38,177 INFO [RocksDB](Original Log Time 2020/01/07-06:24:38.176980) EVENT_LOG_v1 {"time_micros": 1578378278176975, "job": 8, "event": "flush_finished", "output_compression": "NoCompression", "lsm_state": [2, 8, 2, 0, 0, 0, 0], "immutable_memtables": 0}
[34507] 01-07 06:24:38,177 INFO [RocksDB](Original Log Time 2020/01/07-06:24:38.176999) [db/db_impl_compaction_flush.cc:177] [0] Level summary: base level 1 max bytes base 536870912 files[2 8 2 0 0 0 0] max score 1.18

[34507] 01-07 06:24:38,177 INFO [RocksDB][db/db_impl_files.cc:342] [JOB 8] Try to delete WAL files size 389318072, prev total WAL file size 485176944, number of live WAL files 3.

[34507] 01-07 06:24:38,177 INFO [RocksDB][db/compaction_job.cc:1531] [0] [JOB 9] Compacting 2@0 + 8@1 files to L1, score 1.18
[34507] 01-07 06:24:38,177 INFO [RocksDB][db/compaction_job.cc:1535] [0] Compaction start summary: Base version 9 Base level 0, inputs: [32(305MB) 25(299MB)], [17(65MB) 18(65MB) 19(65MB) 21(65MB) 22(65MB) 23(65MB) 26(65MB) 27(24MB)]

[34507] 01-07 06:24:38,177 INFO [RocksDB]EVENT_LOG_v1 {"time_micros": 1578378278177193, "job": 9, "event": "compaction_started", "compaction_reason": "LevelL0FilesNum", "files_L0": [32, 25], "files_L1": [17, 18, 19, 21, 22, 23, 26, 27], "score": 1.18253, "input_data_size": 1143346295}
[34507] 01-07 06:24:39,609 INFO [RocksDB][db/compaction_job.cc:1211] [0] [JOB 9] Generated table #33: 1170221 keys, 69750045 bytes
[34507] 01-07 06:24:39,609 INFO [RocksDB]EVENT_LOG_v1 {"time_micros": 1578378279609540, "cf_name": "0", "job": 9, "event": "table_file_creation", "file_number": 33, "file_size": 69750045, "table_properties": {"data_size": 67110991, "index_size": 973779, "filter_size": 1664244, "raw_key_size": 55600806, "raw_average_key_size": 47, "raw_value_size": 29321489, "raw_average_value_size": 25, "num_data_blocks": 16604, "num_entries": 1170221, "filter_policy_name": "rocksdb.BuiltinBloomFilter", "kDeletedKeys": "0", "kMergeOperands": "0"}}
[34507] 01-07 06:24:40,925 INFO [RocksDB][db/compaction_job.cc:1211] [0] [JOB 9] Generated table #34: 597594 keys, 68988796 bytes
[34507] 01-07 06:24:40,925 INFO [RocksDB]EVENT_LOG_v1 {"time_micros": 1578378280925058, "cf_name": "0", "job": 9, "event": "table_file_creation", "file_number": 34, "file_size": 68988796, "table_properties": {"data_size": 67110688, "index_size": 889062, "filter_size": 988015, "raw_key_size": 24598618, "raw_average_key_size": 41, "raw_value_size": 56771403, "raw_average_value_size": 94, "num_data_blocks": 16743, "num_entries": 597594, "filter_policy_name": "rocksdb.BuiltinBloomFilter", "kDeletedKeys": "0", "kMergeOperands": "0"}}
[34507] 01-07 06:24:42,295 INFO [RocksDB][db/compaction_job.cc:1211] [0] [JOB 9] Generated table #35: 597605 keys, 68989499 bytes
[34507] 01-07 06:24:42,295 INFO [RocksDB]EVENT_LOG_v1 {"time_micros": 1578378282295751, "cf_name": "0", "job": 9, "event": "table_file_creation", "file_number": 35, "file_size": 68989499, "table_properties": {"data_size": 67111144, "index_size": 889292, "filter_size": 988032, "raw_key_size": 24599919, "raw_average_key_size": 41, "raw_value_size": 56772448, "raw_average_value_size": 94, "num_data_blocks": 16743, "num_entries": 597605, "filter_policy_name": "rocksdb.BuiltinBloomFilter", "kDeletedKeys": "0", "kMergeOperands": "0"}}
[34507] 01-07 06:24:43,597 INFO [RocksDB][db/compaction_job.cc:1211] [0] [JOB 9] Generated table #36: 597586 keys, 68988205 bytes
[34507] 01-07 06:24:43,597 INFO [RocksDB]EVENT_LOG_v1 {"time_micros": 1578378283597204, "cf_name": "0", "job": 9, "event": "table_file_creation", "file_number": 36, "file_size": 68988205, "table_properties": {"data_size": 67110294, "index_size": 888875, "filter_size": 988005, "raw_key_size": 24594869, "raw_average_key_size": 41, "raw_value_size": 56770670, "raw_average_value_size": 95, "num_data_blocks": 16743, "num_entries": 597586, "filter_policy_name": "rocksdb.BuiltinBloomFilter", "kDeletedKeys": "0", "kMergeOperands": "0"}}
[34507] 01-07 06:24:44,902 INFO [RocksDB][db/compaction_job.cc:1211] [0] [JOB 9] Generated table #37: 597594 keys, 68988012 bytes
[34507] 01-07 06:24:44,902 INFO [RocksDB]EVENT_LOG_v1 {"time_micros": 1578378284902419, "cf_name": "0", "job": 9, "event": "table_file_creation", "file_number": 37, "file_size": 68988012, "table_properties": {"data_size": 67109837, "index_size": 889131, "filter_size": 988013, "raw_key_size": 24599385, "raw_average_key_size": 41, "raw_value_size": 56771502, "raw_average_value_size": 95, "num_data_blocks": 16743, "num_entries": 597594, "filter_policy_name": "rocksdb.BuiltinBloomFilter", "kDeletedKeys": "0", "kMergeOperands": "0"}}
[34507] 01-07 06:24:46,212 INFO [RocksDB][db/compaction_job.cc:1211] [0] [JOB 9] Generated table #38: 597630 keys, 68989876 bytes
[34507] 01-07 06:24:46,212 INFO [RocksDB]EVENT_LOG_v1 {"time_micros": 1578378286212313, "cf_name": "0", "job": 9, "event": "table_file_creation", "file_number": 38, "file_size": 68989876, "table_properties": {"data_size": 67112301, "index_size": 888483, "filter_size": 988061, "raw_key_size": 24598390, "raw_average_key_size": 41, "raw_value_size": 56774850, "raw_average_value_size": 95, "num_data_blocks": 16743, "num_entries": 597630, "filter_policy_name": "rocksdb.BuiltinBloomFilter", "kDeletedKeys": "0", "kMergeOperands": "0"}}
[34507] 01-07 06:24:47,519 INFO [RocksDB][db/compaction_job.cc:1211] [0] [JOB 9] Generated table #39: 597615 keys, 68990852 bytes
[34507] 01-07 06:24:47,519 INFO [RocksDB]EVENT_LOG_v1 {"time_micros": 1578378287519924, "cf_name": "0", "job": 9, "event": "table_file_creation", "file_number": 39, "file_size": 68990852, "table_properties": {"data_size": 67112968, "index_size": 888818, "filter_size": 988035, "raw_key_size": 24597911, "raw_average_key_size": 41, "raw_value_size": 56773389, "raw_average_value_size": 94, "num_data_blocks": 16742, "num_entries": 597615, "filter_policy_name": "rocksdb.BuiltinBloomFilter", "kDeletedKeys": "0", "kMergeOperands": "0"}}
[34507] 01-07 06:24:48,819 INFO [RocksDB][db/compaction_job.cc:1211] [0] [JOB 9] Generated table #40: 597519 keys, 68988903 bytes
[34507] 01-07 06:24:48,819 INFO [RocksDB]EVENT_LOG_v1 {"time_micros": 1578378288819901, "cf_name": "0", "job": 9, "event": "table_file_creation", "file_number": 40, "file_size": 68988903, "table_properties": {"data_size": 67111841, "index_size": 888136, "filter_size": 987895, "raw_key_size": 24594218, "raw_average_key_size": 41, "raw_value_size": 56764296, "raw_average_value_size": 94, "num_data_blocks": 16739, "num_entries": 597519, "filter_policy_name": "rocksdb.BuiltinBloomFilter", "kDeletedKeys": "0", "kMergeOperands": "0"}}
SEEK FAIL
[34507] 01-07 06:24:50,199 INFO [RocksDB][db/compaction_job.cc:1211] [0] [JOB 9] Generated table #41: 597599 keys, 68989110 bytes
[34507] 01-07 06:24:50,199 INFO [RocksDB]EVENT_LOG_v1 {"time_micros": 1578378290199738, "cf_name": "0", "job": 9, "event": "table_file_creation", "file_number": 41, "file_size": 68989110, "table_properties": {"data_size": 67111172, "index_size": 888892, "filter_size": 988015, "raw_key_size": 24597659, "raw_average_key_size": 41, "raw_value_size": 56771923, "raw_average_value_size": 95, "num_data_blocks": 16742, "num_entries": 597599, "filter_policy_name": "rocksdb.BuiltinBloomFilter", "kDeletedKeys": "0", "kMergeOperands": "0"}}
[34507] 01-07 06:24:51,502 INFO [RocksDB][db/compaction_job.cc:1211] [0] [JOB 9] Generated table #42: 597591 keys, 68988247 bytes
[34507] 01-07 06:24:51,502 INFO [RocksDB]EVENT_LOG_v1 {"time_micros": 1578378291502745, "cf_name": "0", "job": 9, "event": "table_file_creation", "file_number": 42, "file_size": 68988247, "table_properties": {"data_size": 67109988, "index_size": 889216, "filter_size": 988012, "raw_key_size": 24599460, "raw_average_key_size": 41, "raw_value_size": 56771091, "raw_average_value_size": 94, "num_data_blocks": 16743, "num_entries": 597591, "filter_policy_name": "rocksdb.BuiltinBloomFilter", "kDeletedKeys": "0", "kMergeOperands": "0"}}
[34507] 01-07 06:24:52,807 INFO [RocksDB][db/compaction_job.cc:1211] [0] [JOB 9] Generated table #43: 597564 keys, 68987147 bytes
[34507] 01-07 06:24:52,807 INFO [RocksDB]EVENT_LOG_v1 {"time_micros": 1578378292807456, "cf_name": "0", "job": 9, "event": "table_file_creation", "file_number": 43, "file_size": 68987147, "table_properties": {"data_size": 67109032, "index_size": 889105, "filter_size": 987979, "raw_key_size": 24595017, "raw_average_key_size": 41, "raw_value_size": 56768580, "raw_average_value_size": 95, "num_data_blocks": 16743, "num_entries": 597564, "filter_policy_name": "rocksdb.BuiltinBloomFilter", "kDeletedKeys": "0", "kMergeOperands": "0"}}
[34507] 01-07 06:24:54,107 INFO [RocksDB][db/compaction_job.cc:1211] [0] [JOB 9] Generated table #44: 597633 keys, 68990264 bytes
[34507] 01-07 06:24:54,107 INFO [RocksDB]EVENT_LOG_v1 {"time_micros": 1578378294107422, "cf_name": "0", "job": 9, "event": "table_file_creation", "file_number": 44, "file_size": 68990264, "table_properties": {"data_size": 67112307, "index_size": 888871, "filter_size": 988055, "raw_key_size": 24601468, "raw_average_key_size": 41, "raw_value_size": 56775162, "raw_average_value_size": 95, "num_data_blocks": 16742, "num_entries": 597633, "filter_policy_name": "rocksdb.BuiltinBloomFilter", "kDeletedKeys": "0", "kMergeOperands": "0"}}
[34507] 01-07 06:24:55,415 INFO [RocksDB][db/compaction_job.cc:1211] [0] [JOB 9] Generated table #45: 597656 keys, 68989808 bytes
[34507] 01-07 06:24:55,415 INFO [RocksDB]EVENT_LOG_v1 {"time_micros": 1578378295415081, "cf_name": "0", "job": 9, "event": "table_file_creation", "file_number": 45, "file_size": 68989808, "table_properties": {"data_size": 67112259, "index_size": 888436, "filter_size": 988082, "raw_key_size": 24602795, "raw_average_key_size": 41, "raw_value_size": 56777356, "raw_average_value_size": 95, "num_data_blocks": 16742, "num_entries": 597656, "filter_policy_name": "rocksdb.BuiltinBloomFilter", "kDeletedKeys": "0", "kMergeOperands": "0"}}
[34507] 01-07 06:24:56,724 INFO [RocksDB][db/compaction_job.cc:1211] [0] [JOB 9] Generated table #46: 597591 keys, 68986746 bytes
[34507] 01-07 06:24:56,724 INFO [RocksDB]EVENT_LOG_v1 {"time_micros": 1578378296724091, "cf_name": "0", "job": 9, "event": "table_file_creation", "file_number": 46, "file_size": 68986746, "table_properties": {"data_size": 67109172, "index_size": 888542, "filter_size": 988001, "raw_key_size": 24596237, "raw_average_key_size": 41, "raw_value_size": 56771091, "raw_average_value_size": 94, "num_data_blocks": 16742, "num_entries": 597591, "filter_policy_name": "rocksdb.BuiltinBloomFilter", "kDeletedKeys": "0", "kMergeOperands": "0"}}
[34507] 01-07 06:24:58,104 INFO [RocksDB][db/compaction_job.cc:1211] [0] [JOB 9] Generated table #47: 597646 keys, 68988950 bytes
[34507] 01-07 06:24:58,104 INFO [RocksDB]EVENT_LOG_v1 {"time_micros": 1578378298104497, "cf_name": "0", "job": 9, "event": "table_file_creation", "file_number": 47, "file_size": 68988950, "table_properties": {"data_size": 67111237, "index_size": 888621, "filter_size": 988061, "raw_key_size": 24603289, "raw_average_key_size": 41, "raw_value_size": 56776415, "raw_average_value_size": 95, "num_data_blocks": 16741, "num_entries": 597646, "filter_policy_name": "rocksdb.BuiltinBloomFilter", "kDeletedKeys": "0", "kMergeOperands": "0"}}
[34507] 01-07 06:24:59,407 INFO [RocksDB][db/compaction_job.cc:1211] [0] [JOB 9] Generated table #48: 597616 keys, 68988218 bytes
[34507] 01-07 06:24:59,407 INFO [RocksDB]EVENT_LOG_v1 {"time_micros": 1578378299407070, "cf_name": "0", "job": 9, "event": "table_file_creation", "file_number": 48, "file_size": 68988218, "table_properties": {"data_size": 67110721, "index_size": 888443, "filter_size": 988023, "raw_key_size": 24598679, "raw_average_key_size": 41, "raw_value_size": 56773493, "raw_average_value_size": 94, "num_data_blocks": 16741, "num_entries": 597616, "filter_policy_name": "rocksdb.BuiltinBloomFilter", "kDeletedKeys": "0", "kMergeOperands": "0"}}
[34507] 01-07 06:25:00,120 INFO [RocksDB][db/compaction_job.cc:1211] [0] [JOB 9] Generated table #49: 332644 keys, 38391726 bytes
[34507] 01-07 06:25:00,120 INFO [RocksDB]EVENT_LOG_v1 {"time_micros": 1578378300120928, "cf_name": "0", "job": 9, "event": "table_file_creation", "file_number": 49, "file_size": 38391726, "table_properties": {"data_size": 37348360, "index_size": 492459, "filter_size": 549877, "raw_key_size": 13596831, "raw_average_key_size": 40, "raw_value_size": 31601216, "raw_average_value_size": 95, "num_data_blocks": 9314, "num_entries": 332644, "filter_policy_name": "rocksdb.BuiltinBloomFilter", "kDeletedKeys": "0", "kMergeOperands": "0"}}
[34507] 01-07 06:25:00,122 INFO [RocksDB][db/compaction_job.cc:1287] [0] [JOB 9] Compacted 2@0 + 8@1 files to L1 => 1142974404 bytes
[34507] 01-07 06:25:00,124 INFO [RocksDB](Original Log Time 2020/01/07-06:25:00.124586) [db/compaction_job.cc:685] [0] compacted to: base level 1 max bytes base 536870912 files[0 17 2 0 0 0 0] max score 2.13, MB/sec: 52.1 rd, 52.1 wr, level 1, files in(2, 8) out(17) MB in(605.5, 484.9) out(1090.0), read-write-amplify(3.6) write-amplify(1.8) OK, records in: 10466905, records dropped: 1 output_compression: NoCompression

[34507] 01-07 06:25:00,124 INFO [RocksDB](Original Log Time 2020/01/07-06:25:00.124614) EVENT_LOG_v1 {"time_micros": 1578378300124596, "job": 9, "event": "compaction_finished", "compaction_time_micros": 21945035, "output_level": 1, "num_output_files": 17, "total_output_size": 1142974404, "num_input_records": 10466905, "num_output_records": 10466904, "num_subcompactions": 1, "output_compression": "NoCompression", "num_single_delete_mismatches": 0, "num_single_delete_fallthrough": 0, "lsm_state": [0, 17, 2, 0, 0, 0, 0]}
[34507] 01-07 06:25:00,124 INFO [RocksDB][db/compaction_job.cc:1531] [0] [JOB 10] Compacting 1@1 + 1@2 files to L2, score 2.13
[34507] 01-07 06:25:00,124 INFO [RocksDB][db/compaction_job.cc:1535] [0] Compaction start summary: Base version 10 Base level 1, inputs: [33(66MB)], [28(52MB)]

[34507] 01-07 06:25:00,124 INFO [RocksDB]EVENT_LOG_v1 {"time_micros": 1578378300124709, "job": 10, "event": "compaction_started", "compaction_reason": "LevelMaxLevelSize", "files_L1": [33], "files_L2": [28], "score": 2.12896, "input_data_size": 124407342}
[34507] 01-07 06:25:03,523 INFO [RocksDB][db/compaction_job.cc:1211] [0] [JOB 10] Generated table #50: 2015604 keys, 70622909 bytes
[34507] 01-07 06:25:03,523 INFO [RocksDB]EVENT_LOG_v1 {"time_micros": 1578378303523764, "cf_name": "0", "job": 10, "event": "table_file_creation", "file_number": 50, "file_size": 70622909, "table_properties": {"data_size": 67112798, "index_size": 1445398, "filter_size": 2728932, "raw_key_size": 97976871, "raw_average_key_size": 48, "raw_value_size": 26157609, "raw_average_value_size": 12, "num_data_blocks": 23720, "num_entries": 2015604, "filter_policy_name": "rocksdb.BuiltinBloomFilter", "kDeletedKeys": "0", "kMergeOperands": "0"}}
[34507] 01-07 06:25:04,270 INFO [RocksDB][db/compaction_job.cc:1211] [0] [JOB 10] Generated table #51: 336515 keys, 38618423 bytes
[34507] 01-07 06:25:04,270 INFO [RocksDB]EVENT_LOG_v1 {"time_micros": 1578378304270935, "cf_name": "0", "job": 10, "event": "table_file_creation", "file_number": 51, "file_size": 38618423, "table_properties": {"data_size": 37788864, "index_size": 500144, "filter_size": 556341, "raw_key_size": 13851956, "raw_average_key_size": 41, "raw_value_size": 31968952, "raw_average_value_size": 95, "num_data_blocks": 9426, "num_entries": 336515, "filter_policy_name": "rocksdb.BuiltinBloomFilter", "kDeletedKeys": "0", "kMergeOperands": "0"}}
[34507] 01-07 06:25:04,272 INFO [RocksDB][db/compaction_job.cc:1287] [0] [JOB 10] Compacted 1@1 + 1@2 files to L2 => 109241332 bytes
[34507] 01-07 06:25:04,274 INFO [RocksDB](Original Log Time 2020/01/07-06:25:04.274477) [db/compaction_job.cc:685] [0] compacted to: base level 1 max bytes base 536870912 files[0 16 3 0 0 0 0] max score 2.00, MB/sec: 30.0 rd, 26.3 wr, level 2, files in(1, 1) out(2) MB in(66.5, 52.1) out(104.2), read-write-amplify(3.3) write-amplify(1.6) OK, records in: 2352120, records dropped: 1 output_compression: Snappy

[34507] 01-07 06:25:04,274 INFO [RocksDB](Original Log Time 2020/01/07-06:25:04.274500) EVENT_LOG_v1 {"time_micros": 1578378304274485, "job": 10, "event": "compaction_finished", "compaction_time_micros": 4147611, "output_level": 2, "num_output_files": 2, "total_output_size": 109241332, "num_input_records": 2352120, "num_output_records": 2352119, "num_subcompactions": 1, "output_compression": "Snappy", "num_single_delete_mismatches": 0, "num_single_delete_fallthrough": 0, "lsm_state": [0, 16, 3, 0, 0, 0, 0]}
[34507] 01-07 06:25:04,282 INFO [RocksDB]EVENT_LOG_v1 {"time_micros": 1578378304282029, "job": 10, "event": "table_file_deletion", "file_number": 33}
[34507] 01-07 06:25:04,314 INFO [RocksDB]EVENT_LOG_v1 {"time_micros": 1578378304314666, "job": 10, "event": "table_file_deletion", "file_number": 32}
[34507] 01-07 06:25:04,320 INFO [RocksDB]EVENT_LOG_v1 {"time_micros": 1578378304320047, "job": 10, "event": "table_file_deletion", "file_number": 28}
[34507] 01-07 06:25:04,322 INFO [RocksDB]EVENT_LOG_v1 {"time_micros": 1578378304322597, "job": 10, "event": "table_file_deletion", "file_number": 27}
[34507] 01-07 06:25:04,329 INFO [RocksDB]EVENT_LOG_v1 {"time_micros": 1578378304329347, "job": 10, "event": "table_file_deletion", "file_number": 26}
[34507] 01-07 06:25:04,359 INFO [RocksDB]EVENT_LOG_v1 {"time_micros": 1578378304359586, "job": 10, "event": "table_file_deletion", "file_number": 25}
[34507] 01-07 06:25:04,366 INFO [RocksDB]EVENT_LOG_v1 {"time_micros": 1578378304366185, "job": 10, "event": "table_file_deletion", "file_number": 23}
[34507] 01-07 06:25:04,372 INFO [RocksDB]EVENT_LOG_v1 {"time_micros": 1578378304372607, "job": 10, "event": "table_file_deletion", "file_number": 22}
[34507] 01-07 06:25:04,378 INFO [RocksDB]EVENT_LOG_v1 {"time_micros": 1578378304378971, "job": 10, "event": "table_file_deletion", "file_number": 21}
[34507] 01-07 06:25:04,385 INFO [RocksDB]EVENT_LOG_v1 {"time_micros": 1578378304385439, "job": 10, "event": "table_file_deletion", "file_number": 19}
[34507] 01-07 06:25:04,392 INFO [RocksDB]EVENT_LOG_v1 {"time_micros": 1578378304392058, "job": 10, "event": "table_file_deletion", "file_number": 18}
[34507] 01-07 06:25:04,398 INFO [RocksDB]EVENT_LOG_v1 {"time_micros": 1578378304398654, "job": 10, "event": "table_file_deletion", "file_number": 17}
[34507] 01-07 06:25:04,398 INFO [RocksDB][db/compaction_picker.cc:485] [0] Expanding@1 1+1(68990852+68588985 bytes) to 2+1 (137979755+68588985 bytes)

[34507] 01-07 06:25:04,398 INFO [RocksDB][db/compaction_job.cc:1531] [0] [JOB 11] Compacting 2@1 + 1@2 files to L2, score 2.00
[34507] 01-07 06:25:04,398 INFO [RocksDB][db/compaction_job.cc:1535] [0] Compaction start summary: Base version 11 Base level 1, inputs: [39(65MB) 40(65MB)], [29(65MB)]

[34507] 01-07 06:25:04,398 INFO [RocksDB]EVENT_LOG_v1 {"time_micros": 1578378304398733, "job": 11, "event": "compaction_started", "compaction_reason": "LevelMaxLevelSize", "files_L1": [39, 40], "files_L2": [29], "score": 1.99904, "input_data_size": 206568740}
[34507] 01-07 06:25:05,715 INFO [RocksDB][db/compaction_job.cc:1211] [0] [JOB 11] Generated table #52: 597608 keys, 68584316 bytes
[34507] 01-07 06:25:05,715 INFO [RocksDB]EVENT_LOG_v1 {"time_micros": 1578378305715593, "cf_name": "0", "job": 11, "event": "table_file_creation", "file_number": 52, "file_size": 68584316, "table_properties": {"data_size": 67111295, "index_size": 888665, "filter_size": 988026, "raw_key_size": 24596811, "raw_average_key_size": 41, "raw_value_size": 56772760, "raw_average_value_size": 95, "num_data_blocks": 16742, "num_entries": 597608, "filter_policy_name": "rocksdb.BuiltinBloomFilter", "kDeletedKeys": "0", "kMergeOperands": "0"}}
[34507] 01-07 06:25:07,027 INFO [RocksDB][db/compaction_job.cc:1211] [0] [JOB 11] Generated table #53: 597600 keys, 68584725 bytes
[34507] 01-07 06:25:07,027 INFO [RocksDB]EVENT_LOG_v1 {"time_micros": 1578378307027684, "cf_name": "0", "job": 11, "event": "table_file_creation", "file_number": 53, "file_size": 68584725, "table_properties": {"data_size": 67111585, "index_size": 889237, "filter_size": 988036, "raw_key_size": 24599091, "raw_average_key_size": 41, "raw_value_size": 56771928, "raw_average_value_size": 94, "num_data_blocks": 16744, "num_entries": 597600, "filter_policy_name": "rocksdb.BuiltinBloomFilter", "kDeletedKeys": "0", "kMergeOperands": "0"}}
[34507] 01-07 06:25:08,324 INFO [RocksDB][db/compaction_job.cc:1211] [0] [JOB 11] Generated table #54: 597438 keys, 68564810 bytes
[34507] 01-07 06:25:08,324 INFO [RocksDB]EVENT_LOG_v1 {"time_micros": 1578378308324536, "cf_name": "0", "job": 11, "event": "table_file_creation", "file_number": 54, "file_size": 68564810, "table_properties": {"data_size": 67092394, "index_size": 888552, "filter_size": 987757, "raw_key_size": 24589760, "raw_average_key_size": 41, "raw_value_size": 56756664, "raw_average_value_size": 95, "num_data_blocks": 16739, "num_entries": 597438, "filter_policy_name": "rocksdb.BuiltinBloomFilter", "kDeletedKeys": "0", "kMergeOperands": "0"}}
[34507] 01-07 06:25:08,325 INFO [RocksDB][db/compaction_job.cc:1287] [0] [JOB 11] Compacted 2@1 + 1@2 files to L2 => 205733851 bytes
[34507] 01-07 06:25:08,327 INFO [RocksDB](Original Log Time 2020/01/07-06:25:08.327700) [db/compaction_job.cc:685] [0] compacted to: base level 1 max bytes base 536870912 files[0 14 5 0 0 0 0] max score 1.74, MB/sec: 52.6 rd, 52.4 wr, level 2, files in(2, 1) out(3) MB in(131.6, 65.4) out(196.2), read-write-amplify(3.0) write-amplify(1.5) OK, records in: 1792646, records dropped: 0 output_compression: Snappy

[34507] 01-07 06:25:08,327 INFO [RocksDB](Original Log Time 2020/01/07-06:25:08.327712) EVENT_LOG_v1 {"time_micros": 1578378308327707, "job": 11, "event": "compaction_finished", "compaction_time_micros": 3927248, "output_level": 2, "num_output_files": 3, "total_output_size": 205733851, "num_input_records": 1792646, "num_output_records": 1792646, "num_subcompactions": 1, "output_compression": "Snappy", "num_single_delete_mismatches": 0, "num_single_delete_fallthrough": 0, "lsm_state": [0, 14, 5, 0, 0, 0, 0]}
[34507] 01-07 06:25:08,334 INFO [RocksDB]EVENT_LOG_v1 {"time_micros": 1578378308334299, "job": 11, "event": "table_file_deletion", "file_number": 40}
[34507] 01-07 06:25:08,340 INFO [RocksDB]EVENT_LOG_v1 {"time_micros": 1578378308340894, "job": 11, "event": "table_file_deletion", "file_number": 39}
[34507] 01-07 06:25:08,347 INFO [RocksDB]EVENT_LOG_v1 {"time_micros": 1578378308347600, "job": 11, "event": "table_file_deletion", "file_number": 29}
[34507] 01-07 06:25:08,347 INFO [RocksDB][db/compaction_job.cc:1531] [0] [JOB 12] Compacting 1@1 files to L2, score 1.74
[34507] 01-07 06:25:08,347 INFO [RocksDB][db/compaction_job.cc:1535] [0] Compaction start summary: Base version 12 Base level 1, inputs: [44(65MB)]

[34507] 01-07 06:25:08,347 INFO [RocksDB]EVENT_LOG_v1 {"time_micros": 1578378308347662, "job": 12, "event": "compaction_started", "compaction_reason": "LevelMaxLevelSize", "files_L1": [44], "score": 1.74203, "input_data_size": 68990264}
[34507] 01-07 06:25:09,635 INFO [RocksDB][db/compaction_job.cc:1211] [0] [JOB 12] Generated table #55: 597633 keys, 68585585 bytes
[34507] 01-07 06:25:09,635 INFO [RocksDB]EVENT_LOG_v1 {"time_micros": 1578378309635397, "cf_name": "0", "job": 12, "event": "table_file_creation", "file_number": 55, "file_size": 68585585, "table_properties": {"data_size": 67112307, "index_size": 888871, "filter_size": 988055, "raw_key_size": 24601468, "raw_average_key_size": 41, "raw_value_size": 56775162, "raw_average_value_size": 95, "num_data_blocks": 16742, "num_entries": 597633, "filter_policy_name": "rocksdb.BuiltinBloomFilter", "kDeletedKeys": "0", "kMergeOperands": "0"}}
[34507] 01-07 06:25:09,636 INFO [RocksDB][db/compaction_job.cc:1287] [0] [JOB 12] Compacted 1@1 files to L2 => 68585585 bytes
[34507] 01-07 06:25:09,638 INFO [RocksDB](Original Log Time 2020/01/07-06:25:09.638788) [db/compaction_job.cc:685] [0] compacted to: base level 1 max bytes base 536870912 files[0 13 6 0 0 0 0] max score 1.61, MB/sec: 53.5 rd, 53.2 wr, level 2, files in(1, 0) out(1) MB in(65.8, 0.0) out(65.4), read-write-amplify(2.0) write-amplify(1.0) OK, records in: 597633, records dropped: 0 output_compression: Snappy

[34507] 01-07 06:25:09,638 INFO [RocksDB](Original Log Time 2020/01/07-06:25:09.638816) EVENT_LOG_v1 {"time_micros": 1578378309638811, "job": 12, "event": "compaction_finished", "compaction_time_micros": 1289187, "output_level": 2, "num_output_files": 1, "total_output_size": 68585585, "num_input_records": 597633, "num_output_records": 597633, "num_subcompactions": 1, "output_compression": "Snappy", "num_single_delete_mismatches": 0, "num_single_delete_fallthrough": 0, "lsm_state": [0, 13, 6, 0, 0, 0, 0]}
[34507] 01-07 06:25:09,646 INFO [RocksDB]EVENT_LOG_v1 {"time_micros": 1578378309646093, "job": 12, "event": "table_file_deletion", "file_number": 44}
[34507] 01-07 06:25:09,646 INFO [RocksDB][db/compaction_job.cc:1531] [0] [JOB 13] Compacting 1@1 files to L2, score 1.61
[34507] 01-07 06:25:09,646 INFO [RocksDB][db/compaction_job.cc:1535] [0] Compaction start summary: Base version 13 Base level 1, inputs: [38(65MB)]

[34507] 01-07 06:25:09,646 INFO [RocksDB]EVENT_LOG_v1 {"time_micros": 1578378309646138, "job": 13, "event": "compaction_started", "compaction_reason": "LevelMaxLevelSize", "files_L1": [38], "score": 1.61352, "input_data_size": 68989876}
