[35901] 01-07 06:28:01,838 INFO [RocksDB]RocksDB version: 5.14.2

[35901] 01-07 06:28:01,838 INFO [RocksDB]Git sha rocksdb_build_git_sha:fc00d54a097e35332052f4c39c3229d413a023b6
[35901] 01-07 06:28:01,838 INFO [RocksDB]Compile date Jan  7 2020
[35901] 01-07 06:28:01,838 INFO [RocksDB]DB SUMMARY

[35901] 01-07 06:28:01,838 INFO [RocksDB]SST files in /home/ubuntu/ardb/data/rocksdb dir, Total Num: 0, files: 

[35901] 01-07 06:28:01,838 INFO [RocksDB]Write Ahead Log file in /home/ubuntu/ardb/data/rocksdb: 

[35901] 01-07 06:28:01,838 INFO [RocksDB]                        Options.error_if_exists: 0
[35901] 01-07 06:28:01,838 INFO [RocksDB]                      Options.create_if_missing: 1
[35901] 01-07 06:28:01,838 INFO [RocksDB]                        Options.paranoid_checks: 1
[35901] 01-07 06:28:01,838 INFO [RocksDB]                                    Options.env: 0xbf86c0
[35901] 01-07 06:28:01,838 INFO [RocksDB]                               Options.info_log: 0x7f8b3ca3f8a0
[35901] 01-07 06:28:01,838 INFO [RocksDB]               Options.max_file_opening_threads: 16
[35901] 01-07 06:28:01,838 INFO [RocksDB]                             Options.statistics: (nil)
[35901] 01-07 06:28:01,838 INFO [RocksDB]                              Options.use_fsync: 0
[35901] 01-07 06:28:01,838 INFO [RocksDB]                      Options.max_log_file_size: 0
[35901] 01-07 06:28:01,838 INFO [RocksDB]                 Options.max_manifest_file_size: 18446744073709551615
[35901] 01-07 06:28:01,838 INFO [RocksDB]                  Options.log_file_time_to_roll: 0
[35901] 01-07 06:28:01,838 INFO [RocksDB]                      Options.keep_log_file_num: 1000
[35901] 01-07 06:28:01,838 INFO [RocksDB]                   Options.recycle_log_file_num: 0
[35901] 01-07 06:28:01,838 INFO [RocksDB]                        Options.allow_fallocate: 1
[35901] 01-07 06:28:01,838 INFO [RocksDB]                       Options.allow_mmap_reads: 0
[35901] 01-07 06:28:01,838 INFO [RocksDB]                      Options.allow_mmap_writes: 0
[35901] 01-07 06:28:01,838 INFO [RocksDB]                       Options.use_direct_reads: 0
[35901] 01-07 06:28:01,838 INFO [RocksDB]                       Options.use_direct_io_for_flush_and_compaction: 0
[35901] 01-07 06:28:01,838 INFO [RocksDB]         Options.create_missing_column_families: 0
[35901] 01-07 06:28:01,838 INFO [RocksDB]                             Options.db_log_dir: 
[35901] 01-07 06:28:01,838 INFO [RocksDB]                                Options.wal_dir: /home/ubuntu/ardb/data/rocksdb
[35901] 01-07 06:28:01,838 INFO [RocksDB]               Options.table_cache_numshardbits: 6
[35901] 01-07 06:28:01,838 INFO [RocksDB]                     Options.max_subcompactions: 1
[35901] 01-07 06:28:01,838 INFO [RocksDB]                 Options.max_background_flushes: -1
[35901] 01-07 06:28:01,838 INFO [RocksDB]                        Options.WAL_ttl_seconds: 0
[35901] 01-07 06:28:01,838 INFO [RocksDB]                      Options.WAL_size_limit_MB: 0
[35901] 01-07 06:28:01,838 INFO [RocksDB]            Options.manifest_preallocation_size: 4194304
[35901] 01-07 06:28:01,838 INFO [RocksDB]                    Options.is_fd_close_on_exec: 1
[35901] 01-07 06:28:01,838 INFO [RocksDB]                  Options.advise_random_on_open: 1
[35901] 01-07 06:28:01,838 INFO [RocksDB]                   Options.db_write_buffer_size: 0
[35901] 01-07 06:28:01,838 INFO [RocksDB]                   Options.write_buffer_manager: 0x7f8b3d1fa7d0
[35901] 01-07 06:28:01,838 INFO [RocksDB]        Options.access_hint_on_compaction_start: 1
[35901] 01-07 06:28:01,838 INFO [RocksDB] Options.new_table_reader_for_compaction_inputs: 0
[35901] 01-07 06:28:01,838 INFO [RocksDB]          Options.random_access_max_buffer_size: 1048576
[35901] 01-07 06:28:01,838 INFO [RocksDB]                     Options.use_adaptive_mutex: 1
[35901] 01-07 06:28:01,838 INFO [RocksDB]                           Options.rate_limiter: 0x7f8b3ca38540
[35901] 01-07 06:28:01,838 INFO [RocksDB]    Options.sst_file_manager.rate_bytes_per_sec: 0
[35901] 01-07 06:28:01,838 INFO [RocksDB]                      Options.wal_recovery_mode: 2
[35901] 01-07 06:28:01,838 INFO [RocksDB]                 Options.enable_thread_tracking: 0
[35901] 01-07 06:28:01,838 INFO [RocksDB]                 Options.enable_pipelined_write: 1
[35901] 01-07 06:28:01,838 INFO [RocksDB]        Options.allow_concurrent_memtable_write: 1
[35901] 01-07 06:28:01,838 INFO [RocksDB]     Options.enable_write_thread_adaptive_yield: 1
[35901] 01-07 06:28:01,838 INFO [RocksDB]            Options.write_thread_max_yield_usec: 100
[35901] 01-07 06:28:01,838 INFO [RocksDB]           Options.write_thread_slow_yield_usec: 3
[35901] 01-07 06:28:01,838 INFO [RocksDB]                              Options.row_cache: None
[35901] 01-07 06:28:01,838 INFO [RocksDB]                             Options.wal_filter: None
[35901] 01-07 06:28:01,838 INFO [RocksDB]            Options.avoid_flush_during_recovery: 0
[35901] 01-07 06:28:01,838 INFO [RocksDB]            Options.allow_ingest_behind: 0
[35901] 01-07 06:28:01,838 INFO [RocksDB]            Options.preserve_deletes: 0
[35901] 01-07 06:28:01,838 INFO [RocksDB]            Options.two_write_queues: 0
[35901] 01-07 06:28:01,838 INFO [RocksDB]            Options.manual_wal_flush: 0
[35901] 01-07 06:28:01,838 INFO [RocksDB]            Options.max_background_jobs: 16
[35901] 01-07 06:28:01,838 INFO [RocksDB]            Options.max_background_compactions: -1
[35901] 01-07 06:28:01,838 INFO [RocksDB]            Options.avoid_flush_during_shutdown: 0
[35901] 01-07 06:28:01,838 INFO [RocksDB]          Options.writable_file_max_buffer_size: 1048576
[35901] 01-07 06:28:01,838 INFO [RocksDB]            Options.delayed_write_rate : 52428800
[35901] 01-07 06:28:01,838 INFO [RocksDB]            Options.max_total_wal_size: 0
[35901] 01-07 06:28:01,838 INFO [RocksDB]            Options.delete_obsolete_files_period_micros: 21600000000
[35901] 01-07 06:28:01,838 INFO [RocksDB]                  Options.stats_dump_period_sec: 100000
[35901] 01-07 06:28:01,838 INFO [RocksDB]                         Options.max_open_files: 1024
[35901] 01-07 06:28:01,838 INFO [RocksDB]                         Options.bytes_per_sync: 1048576
[35901] 01-07 06:28:01,838 INFO [RocksDB]                     Options.wal_bytes_per_sync: 0
[35901] 01-07 06:28:01,838 INFO [RocksDB]      Options.compaction_readahead_size: 0
[35901] 01-07 06:28:01,838 INFO [RocksDB]Compression algorithms supported:
[35901] 01-07 06:28:01,838 INFO [RocksDB]	kZSTDNotFinalCompression supported: 0
[35901] 01-07 06:28:01,838 INFO [RocksDB]	kZSTD supported: 0
[35901] 01-07 06:28:01,838 INFO [RocksDB]	kXpressCompression supported: 0
[35901] 01-07 06:28:01,838 INFO [RocksDB]	kLZ4HCCompression supported: 0
[35901] 01-07 06:28:01,838 INFO [RocksDB]	kLZ4Compression supported: 0
[35901] 01-07 06:28:01,838 INFO [RocksDB]	kBZip2Compression supported: 0
[35901] 01-07 06:28:01,838 INFO [RocksDB]	kZlibCompression supported: 1
[35901] 01-07 06:28:01,838 INFO [RocksDB]	kSnappyCompression supported: 1
[35901] 01-07 06:28:01,838 INFO [RocksDB]Fast CRC32 supported: Supported on x86
[35901] 01-07 06:28:01,838 INFO [RocksDB][db/db_impl_open.cc:222] Creating manifest 1 

[35901] 01-07 06:28:01,846 INFO [RocksDB][db/version_set.cc:3085] Recovering from manifest file: MANIFEST-000001

[35901] 01-07 06:28:01,847 INFO [RocksDB][db/column_family.cc:475] --------------- Options for column family [default]:

[35901] 01-07 06:28:01,847 INFO [RocksDB]              Options.comparator: ardb.comparator
[35901] 01-07 06:28:01,847 INFO [RocksDB]          Options.merge_operator: ardb.merger
[35901] 01-07 06:28:01,847 INFO [RocksDB]       Options.compaction_filter: None
[35901] 01-07 06:28:01,847 INFO [RocksDB]       Options.compaction_filter_factory: ardb.compact_filter_factory
[35901] 01-07 06:28:01,847 INFO [RocksDB]        Options.memtable_factory: SkipListFactory
[35901] 01-07 06:28:01,847 INFO [RocksDB]           Options.table_factory: BlockBasedTable
[35901] 01-07 06:28:01,847 INFO [RocksDB]           table_factory options:   flush_block_policy_factory: FlushBlockBySizePolicyFactory (0x7f8b3d008018)
  cache_index_and_filter_blocks: 0
  cache_index_and_filter_blocks_with_high_priority: 0
  pin_l0_filter_and_index_blocks_in_cache: 0
  index_type: 0
  hash_index_allow_collision: 1
  checksum: 1
  no_block_cache: 0
  block_cache: 0x7f8b3d081cf0
  block_cache_name: LRUCache
  block_cache_options:
    capacity : 536870912
    num_shard_bits : 6
    strict_capacity_limit : 0
    high_pri_pool_ratio: 0.000
  block_cache_compressed: (nil)
  persistent_cache: (nil)
  block_size: 4096
  block_size_deviation: 10
  block_restart_interval: 16
  index_block_restart_interval: 1
  metadata_block_size: 4096
  partition_filters: 0
  use_delta_encoding: 1
  filter_policy: rocksdb.BuiltinBloomFilter
  whole_key_filtering: 1
  verify_compression: 0
  read_amp_bytes_per_bit: 0
  format_version: 2
  enable_index_compression: 1
  block_align: 0

[35901] 01-07 06:28:01,847 INFO [RocksDB]       Options.write_buffer_size: 268435456
[35901] 01-07 06:28:01,847 INFO [RocksDB] Options.max_write_buffer_number: 6
[35901] 01-07 06:28:01,847 INFO [RocksDB]       Options.compression[0]: NoCompression
[35901] 01-07 06:28:01,847 INFO [RocksDB]       Options.compression[1]: NoCompression
[35901] 01-07 06:28:01,847 INFO [RocksDB]       Options.compression[2]: Snappy
[35901] 01-07 06:28:01,847 INFO [RocksDB]       Options.compression[3]: Snappy
[35901] 01-07 06:28:01,847 INFO [RocksDB]       Options.compression[4]: Snappy
[35901] 01-07 06:28:01,847 INFO [RocksDB]       Options.compression[5]: Snappy
[35901] 01-07 06:28:01,847 INFO [RocksDB]       Options.compression[6]: Snappy
[35901] 01-07 06:28:01,847 INFO [RocksDB]                 Options.bottommost_compression: Disabled
[35901] 01-07 06:28:01,847 INFO [RocksDB]      Options.prefix_extractor: ardb.prefix_extractor
[35901] 01-07 06:28:01,847 INFO [RocksDB]  Options.memtable_insert_with_hint_prefix_extractor: nullptr
[35901] 01-07 06:28:01,847 INFO [RocksDB]            Options.num_levels: 7
[35901] 01-07 06:28:01,847 INFO [RocksDB]       Options.min_write_buffer_number_to_merge: 2
[35901] 01-07 06:28:01,847 INFO [RocksDB]    Options.max_write_buffer_number_to_maintain: 0
[35901] 01-07 06:28:01,847 INFO [RocksDB]           Options.compression_opts.window_bits: -14
[35901] 01-07 06:28:01,847 INFO [RocksDB]                 Options.compression_opts.level: -1
[35901] 01-07 06:28:01,847 INFO [RocksDB]              Options.compression_opts.strategy: 0
[35901] 01-07 06:28:01,847 INFO [RocksDB]        Options.compression_opts.max_dict_bytes: 0
[35901] 01-07 06:28:01,847 INFO [RocksDB]        Options.compression_opts.zstd_max_train_bytes: 0
[35901] 01-07 06:28:01,847 INFO [RocksDB]     Options.level0_file_num_compaction_trigger: 2
[35901] 01-07 06:28:01,847 INFO [RocksDB]         Options.level0_slowdown_writes_trigger: 20
[35901] 01-07 06:28:01,847 INFO [RocksDB]             Options.level0_stop_writes_trigger: 36
[35901] 01-07 06:28:01,847 INFO [RocksDB]                  Options.target_file_size_base: 67108864
[35901] 01-07 06:28:01,847 INFO [RocksDB]            Options.target_file_size_multiplier: 1
[35901] 01-07 06:28:01,847 INFO [RocksDB]               Options.max_bytes_for_level_base: 536870912
[35901] 01-07 06:28:01,847 INFO [RocksDB]Options.level_compaction_dynamic_level_bytes: 0
[35901] 01-07 06:28:01,847 INFO [RocksDB]         Options.max_bytes_for_level_multiplier: 10.000000
[35901] 01-07 06:28:01,847 INFO [RocksDB]Options.max_bytes_for_level_multiplier_addtl[0]: 1
[35901] 01-07 06:28:01,847 INFO [RocksDB]Options.max_bytes_for_level_multiplier_addtl[1]: 1
[35901] 01-07 06:28:01,847 INFO [RocksDB]Options.max_bytes_for_level_multiplier_addtl[2]: 1
[35901] 01-07 06:28:01,847 INFO [RocksDB]Options.max_bytes_for_level_multiplier_addtl[3]: 1
[35901] 01-07 06:28:01,847 INFO [RocksDB]Options.max_bytes_for_level_multiplier_addtl[4]: 1
[35901] 01-07 06:28:01,847 INFO [RocksDB]Options.max_bytes_for_level_multiplier_addtl[5]: 1
[35901] 01-07 06:28:01,847 INFO [RocksDB]Options.max_bytes_for_level_multiplier_addtl[6]: 1
[35901] 01-07 06:28:01,847 INFO [RocksDB]      Options.max_sequential_skip_in_iterations: 8
[35901] 01-07 06:28:01,847 INFO [RocksDB]                   Options.max_compaction_bytes: 1677721600
[35901] 01-07 06:28:01,847 INFO [RocksDB]                       Options.arena_block_size: 33554432
[35901] 01-07 06:28:01,847 INFO [RocksDB]  Options.soft_pending_compaction_bytes_limit: 68719476736
[35901] 01-07 06:28:01,847 INFO [RocksDB]  Options.hard_pending_compaction_bytes_limit: 274877906944
[35901] 01-07 06:28:01,847 INFO [RocksDB]      Options.rate_limit_delay_max_milliseconds: 100
[35901] 01-07 06:28:01,847 INFO [RocksDB]               Options.disable_auto_compactions: 0
[35901] 01-07 06:28:01,847 INFO [RocksDB]                       Options.compaction_style: kCompactionStyleLevel
[35901] 01-07 06:28:01,847 INFO [RocksDB]                         Options.compaction_pri: kByCompensatedSize
[35901] 01-07 06:28:01,847 INFO [RocksDB]Options.compaction_options_universal.size_ratio: 1
[35901] 01-07 06:28:01,847 INFO [RocksDB]Options.compaction_options_universal.min_merge_width: 2
[35901] 01-07 06:28:01,847 INFO [RocksDB]Options.compaction_options_universal.max_merge_width: 4294967295
[35901] 01-07 06:28:01,847 INFO [RocksDB]Options.compaction_options_universal.max_size_amplification_percent: 200
[35901] 01-07 06:28:01,847 INFO [RocksDB]Options.compaction_options_universal.compression_size_percent: -1
[35901] 01-07 06:28:01,847 INFO [RocksDB]Options.compaction_options_universal.stop_style: kCompactionStopStyleTotalSize
[35901] 01-07 06:28:01,847 INFO [RocksDB]Options.compaction_options_fifo.max_table_files_size: 1073741824
[35901] 01-07 06:28:01,847 INFO [RocksDB]Options.compaction_options_fifo.allow_compaction: 0
[35901] 01-07 06:28:01,847 INFO [RocksDB]Options.compaction_options_fifo.ttl: 0
[35901] 01-07 06:28:01,847 INFO [RocksDB]                  Options.table_properties_collectors: 
[35901] 01-07 06:28:01,847 INFO [RocksDB]                  Options.inplace_update_support: 0
[35901] 01-07 06:28:01,847 INFO [RocksDB]                Options.inplace_update_num_locks: 10000
[35901] 01-07 06:28:01,847 INFO [RocksDB]              Options.memtable_prefix_bloom_size_ratio: 0.000000
[35901] 01-07 06:28:01,847 INFO [RocksDB]  Options.memtable_huge_page_size: 0
[35901] 01-07 06:28:01,847 INFO [RocksDB]                          Options.bloom_locality: 0
[35901] 01-07 06:28:01,847 INFO [RocksDB]                   Options.max_successive_merges: 0
[35901] 01-07 06:28:01,847 INFO [RocksDB]               Options.optimize_filters_for_hits: 0
[35901] 01-07 06:28:01,847 INFO [RocksDB]               Options.paranoid_file_checks: 0
[35901] 01-07 06:28:01,847 INFO [RocksDB]               Options.force_consistency_checks: 0
[35901] 01-07 06:28:01,847 INFO [RocksDB]               Options.report_bg_io_stats: 0
[35901] 01-07 06:28:01,847 INFO [RocksDB]                              Options.ttl: 0
[35901] 01-07 06:28:01,847 INFO [RocksDB][db/version_set.cc:3361] Recovered from manifest file:/home/ubuntu/ardb/data/rocksdb/MANIFEST-000001 succeeded,manifest_file_number is 1, next_file_number is 3, last_sequence is 0, log_number is 0,prev_log_number is 0,max_column_family is 0,min_log_number_to_keep is 0

[35901] 01-07 06:28:01,847 INFO [RocksDB][db/version_set.cc:3369] Column family [default] (ID 0), log number is 0

[35901] 01-07 06:28:01,851 INFO [RocksDB][db/db_impl_open.cc:1219] DB pointer 0x7f8b3c9be000
[35901] 01-07 06:28:01,851 INFO Ardb init engine:rocksdb success.
[35901] 01-07 06:28:01,853 INFO Ardb will accept connections on 0.0.0.0:16379
[35901] 01-07 06:28:01,854 INFO Ardb started with version 0.10.0
[35901] 01-07 06:28:02,854 INFO ========================Period Statistics Dump Begin===========================
[35901] 01-07 06:28:02,854 INFO slave_sync_total_commands_processed:0
[35901] 01-07 06:28:02,854 INFO slave_sync_instantaneous_ops_per_sec:0
[35901] 01-07 06:28:02,854 INFO total_commands_processed:0
[35901] 01-07 06:28:02,854 INFO instantaneous_ops_per_sec:0
[35901] 01-07 06:28:02,854 INFO total_connections_received:0
[35901] 01-07 06:28:02,854 INFO rejected_connections:0
[35901] 01-07 06:28:02,854 INFO ========================Period Statistics Dump End===========================
[35901] 01-07 06:28:14,448 INFO [RocksDB][db/version_set.cc:2847] Creating manifest 6

[35901] 01-07 06:28:14,455 INFO [RocksDB][db/column_family.cc:475] --------------- Options for column family [0]:

[35901] 01-07 06:28:14,455 INFO [RocksDB]              Options.comparator: ardb.comparator
[35901] 01-07 06:28:14,455 INFO [RocksDB]          Options.merge_operator: ardb.merger
[35901] 01-07 06:28:14,455 INFO [RocksDB]       Options.compaction_filter: None
[35901] 01-07 06:28:14,455 INFO [RocksDB]       Options.compaction_filter_factory: ardb.compact_filter_factory
[35901] 01-07 06:28:14,455 INFO [RocksDB]        Options.memtable_factory: SkipListFactory
[35901] 01-07 06:28:14,455 INFO [RocksDB]           Options.table_factory: BlockBasedTable
[35901] 01-07 06:28:14,455 INFO [RocksDB]           table_factory options:   flush_block_policy_factory: FlushBlockBySizePolicyFactory (0x7f8b3d008018)
  cache_index_and_filter_blocks: 0
  cache_index_and_filter_blocks_with_high_priority: 0
  pin_l0_filter_and_index_blocks_in_cache: 0
  index_type: 0
  hash_index_allow_collision: 1
  checksum: 1
  no_block_cache: 0
  block_cache: 0x7f8b3d081cf0
  block_cache_name: LRUCache
  block_cache_options:
    capacity : 536870912
    num_shard_bits : 6
    strict_capacity_limit : 0
    high_pri_pool_ratio: 0.000
  block_cache_compressed: (nil)
  persistent_cache: (nil)
  block_size: 4096
  block_size_deviation: 10
  block_restart_interval: 16
  index_block_restart_interval: 1
  metadata_block_size: 4096
  partition_filters: 0
  use_delta_encoding: 1
  filter_policy: rocksdb.BuiltinBloomFilter
  whole_key_filtering: 1
  verify_compression: 0
  read_amp_bytes_per_bit: 0
  format_version: 2
  enable_index_compression: 1
  block_align: 0

[35901] 01-07 06:28:14,455 INFO [RocksDB]       Options.write_buffer_size: 268435456
[35901] 01-07 06:28:14,455 INFO [RocksDB] Options.max_write_buffer_number: 6
[35901] 01-07 06:28:14,455 INFO [RocksDB]       Options.compression[0]: NoCompression
[35901] 01-07 06:28:14,455 INFO [RocksDB]       Options.compression[1]: NoCompression
[35901] 01-07 06:28:14,455 INFO [RocksDB]       Options.compression[2]: Snappy
[35901] 01-07 06:28:14,455 INFO [RocksDB]       Options.compression[3]: Snappy
[35901] 01-07 06:28:14,455 INFO [RocksDB]       Options.compression[4]: Snappy
[35901] 01-07 06:28:14,455 INFO [RocksDB]       Options.compression[5]: Snappy
[35901] 01-07 06:28:14,455 INFO [RocksDB]       Options.compression[6]: Snappy
[35901] 01-07 06:28:14,455 INFO [RocksDB]                 Options.bottommost_compression: Disabled
[35901] 01-07 06:28:14,455 INFO [RocksDB]      Options.prefix_extractor: ardb.prefix_extractor
[35901] 01-07 06:28:14,455 INFO [RocksDB]  Options.memtable_insert_with_hint_prefix_extractor: nullptr
[35901] 01-07 06:28:14,455 INFO [RocksDB]            Options.num_levels: 7
[35901] 01-07 06:28:14,455 INFO [RocksDB]       Options.min_write_buffer_number_to_merge: 2
[35901] 01-07 06:28:14,455 INFO [RocksDB]    Options.max_write_buffer_number_to_maintain: 0
[35901] 01-07 06:28:14,455 INFO [RocksDB]           Options.compression_opts.window_bits: -14
[35901] 01-07 06:28:14,455 INFO [RocksDB]                 Options.compression_opts.level: -1
[35901] 01-07 06:28:14,455 INFO [RocksDB]              Options.compression_opts.strategy: 0
[35901] 01-07 06:28:14,455 INFO [RocksDB]        Options.compression_opts.max_dict_bytes: 0
[35901] 01-07 06:28:14,455 INFO [RocksDB]        Options.compression_opts.zstd_max_train_bytes: 0
[35901] 01-07 06:28:14,455 INFO [RocksDB]     Options.level0_file_num_compaction_trigger: 2
[35901] 01-07 06:28:14,455 INFO [RocksDB]         Options.level0_slowdown_writes_trigger: 20
[35901] 01-07 06:28:14,455 INFO [RocksDB]             Options.level0_stop_writes_trigger: 36
[35901] 01-07 06:28:14,455 INFO [RocksDB]                  Options.target_file_size_base: 67108864
[35901] 01-07 06:28:14,455 INFO [RocksDB]            Options.target_file_size_multiplier: 1
[35901] 01-07 06:28:14,455 INFO [RocksDB]               Options.max_bytes_for_level_base: 536870912
[35901] 01-07 06:28:14,455 INFO [RocksDB]Options.level_compaction_dynamic_level_bytes: 0
[35901] 01-07 06:28:14,455 INFO [RocksDB]         Options.max_bytes_for_level_multiplier: 10.000000
[35901] 01-07 06:28:14,455 INFO [RocksDB]Options.max_bytes_for_level_multiplier_addtl[0]: 1
[35901] 01-07 06:28:14,455 INFO [RocksDB]Options.max_bytes_for_level_multiplier_addtl[1]: 1
[35901] 01-07 06:28:14,455 INFO [RocksDB]Options.max_bytes_for_level_multiplier_addtl[2]: 1
[35901] 01-07 06:28:14,455 INFO [RocksDB]Options.max_bytes_for_level_multiplier_addtl[3]: 1
[35901] 01-07 06:28:14,455 INFO [RocksDB]Options.max_bytes_for_level_multiplier_addtl[4]: 1
[35901] 01-07 06:28:14,455 INFO [RocksDB]Options.max_bytes_for_level_multiplier_addtl[5]: 1
[35901] 01-07 06:28:14,455 INFO [RocksDB]Options.max_bytes_for_level_multiplier_addtl[6]: 1
[35901] 01-07 06:28:14,455 INFO [RocksDB]      Options.max_sequential_skip_in_iterations: 8
[35901] 01-07 06:28:14,455 INFO [RocksDB]                   Options.max_compaction_bytes: 1677721600
[35901] 01-07 06:28:14,455 INFO [RocksDB]                       Options.arena_block_size: 33554432
[35901] 01-07 06:28:14,455 INFO [RocksDB]  Options.soft_pending_compaction_bytes_limit: 68719476736
[35901] 01-07 06:28:14,455 INFO [RocksDB]  Options.hard_pending_compaction_bytes_limit: 274877906944
[35901] 01-07 06:28:14,455 INFO [RocksDB]      Options.rate_limit_delay_max_milliseconds: 100
[35901] 01-07 06:28:14,455 INFO [RocksDB]               Options.disable_auto_compactions: 0
[35901] 01-07 06:28:14,455 INFO [RocksDB]                       Options.compaction_style: kCompactionStyleLevel
[35901] 01-07 06:28:14,455 INFO [RocksDB]                         Options.compaction_pri: kByCompensatedSize
[35901] 01-07 06:28:14,455 INFO [RocksDB]Options.compaction_options_universal.size_ratio: 1
[35901] 01-07 06:28:14,455 INFO [RocksDB]Options.compaction_options_universal.min_merge_width: 2
[35901] 01-07 06:28:14,455 INFO [RocksDB]Options.compaction_options_universal.max_merge_width: 4294967295
[35901] 01-07 06:28:14,455 INFO [RocksDB]Options.compaction_options_universal.max_size_amplification_percent: 200
[35901] 01-07 06:28:14,455 INFO [RocksDB]Options.compaction_options_universal.compression_size_percent: -1
[35901] 01-07 06:28:14,455 INFO [RocksDB]Options.compaction_options_universal.stop_style: kCompactionStopStyleTotalSize
[35901] 01-07 06:28:14,455 INFO [RocksDB]Options.compaction_options_fifo.max_table_files_size: 1073741824
[35901] 01-07 06:28:14,455 INFO [RocksDB]Options.compaction_options_fifo.allow_compaction: 0
[35901] 01-07 06:28:14,455 INFO [RocksDB]Options.compaction_options_fifo.ttl: 0
[35901] 01-07 06:28:14,455 INFO [RocksDB]                  Options.table_properties_collectors: 
[35901] 01-07 06:28:14,455 INFO [RocksDB]                  Options.inplace_update_support: 0
[35901] 01-07 06:28:14,455 INFO [RocksDB]                Options.inplace_update_num_locks: 10000
[35901] 01-07 06:28:14,455 INFO [RocksDB]              Options.memtable_prefix_bloom_size_ratio: 0.000000
[35901] 01-07 06:28:14,455 INFO [RocksDB]  Options.memtable_huge_page_size: 0
[35901] 01-07 06:28:14,455 INFO [RocksDB]                          Options.bloom_locality: 0
[35901] 01-07 06:28:14,455 INFO [RocksDB]                   Options.max_successive_merges: 0
[35901] 01-07 06:28:14,455 INFO [RocksDB]               Options.optimize_filters_for_hits: 0
[35901] 01-07 06:28:14,455 INFO [RocksDB]               Options.paranoid_file_checks: 0
[35901] 01-07 06:28:14,455 INFO [RocksDB]               Options.force_consistency_checks: 0
[35901] 01-07 06:28:14,455 INFO [RocksDB]               Options.report_bg_io_stats: 0
[35901] 01-07 06:28:14,455 INFO [RocksDB]                              Options.ttl: 0
[35901] 01-07 06:28:14,455 INFO [RocksDB][db/db_impl.cc:1396] Created column family [0] (ID 1)
[35901] 01-07 06:28:14,458 INFO Create ColumnFamilyHandle with name:0 success.
[35901] 01-07 06:28:22,452 INFO [RocksDB][db/db_impl_write.cc:1373] [0] New memtable created with log file: #9. Immutable memtables: 0.

[35901] 01-07 06:28:30,432 INFO [RocksDB][db/db_impl_write.cc:1373] [0] New memtable created with log file: #10. Immutable memtables: 1.

[35901] 01-07 06:28:30,432 INFO [RocksDB][db/db_impl_compaction_flush.cc:80] [JOB 2] Syncing log #3
[35901] 01-07 06:28:31,020 INFO [RocksDB][db/db_impl_compaction_flush.cc:80] [JOB 2] Syncing log #9
[35901] 01-07 06:28:34,797 INFO [RocksDB](Original Log Time 2020/01/07-06:28:30.432399) [db/db_impl_compaction_flush.cc:1424] Calling FlushMemTableToOutputFile with column family [0], flush slots available 4, compaction slots available 1, flush slots scheduled 1, compaction slots scheduled 0
[35901] 01-07 06:28:34,797 INFO [RocksDB][db/flush_job.cc:301] [0] [JOB 2] Flushing memtable with next log file: 9

[35901] 01-07 06:28:34,797 INFO [RocksDB][db/flush_job.cc:301] [0] [JOB 2] Flushing memtable with next log file: 10

[35901] 01-07 06:28:34,797 INFO [RocksDB]EVENT_LOG_v1 {"time_micros": 1578378514797896, "job": 2, "event": "flush_started", "num_memtables": 2, "num_entries": 3375626, "num_deletes": 0, "memory_usage": 520102264, "flush_reason": "Write Buffer Full"}
[35901] 01-07 06:28:34,797 INFO [RocksDB][db/flush_job.cc:331] [0] [JOB 2] Level-0 flush table #11: started
[35901] 01-07 06:28:39,936 INFO [RocksDB][db/db_impl_write.cc:1373] [0] New memtable created with log file: #12. Immutable memtables: 2.

[35901] 01-07 06:28:41,397 INFO [RocksDB]EVENT_LOG_v1 {"time_micros": 1578378521397358, "cf_name": "0", "job": 2, "event": "table_file_creation", "file_number": 11, "file_size": 328226774, "table_properties": {"data_size": 318905112, "index_size": 4277863, "filter_size": 5042757, "raw_key_size": 132840445, "raw_average_key_size": 42, "raw_value_size": 255463591, "raw_average_value_size": 81, "num_data_blocks": 79456, "num_entries": 3134514, "filter_policy_name": "rocksdb.BuiltinBloomFilter", "kDeletedKeys": "0", "kMergeOperands": "0"}}
[35901] 01-07 06:28:41,397 INFO [RocksDB][db/flush_job.cc:371] [0] [JOB 2] Level-0 flush table #11: 328226774 bytes OK
[35901] 01-07 06:28:41,400 INFO [RocksDB](Original Log Time 2020/01/07-06:28:41.398726) [db/memtable_list.cc:377] [0] Level-0 commit table #11 started
[35901] 01-07 06:28:41,400 INFO [RocksDB](Original Log Time 2020/01/07-06:28:41.400396) [db/memtable_list.cc:409] [0] Level-0 commit table #11: memtable #1 done
[35901] 01-07 06:28:41,400 INFO [RocksDB](Original Log Time 2020/01/07-06:28:41.400401) [db/memtable_list.cc:409] [0] Level-0 commit table #11: memtable #2 done
[35901] 01-07 06:28:41,400 INFO [RocksDB](Original Log Time 2020/01/07-06:28:41.400413) EVENT_LOG_v1 {"time_micros": 1578378521400407, "job": 2, "event": "flush_finished", "output_compression": "NoCompression", "lsm_state": [1, 0, 0, 0, 0, 0, 0], "immutable_memtables": 1}
[35901] 01-07 06:28:41,400 INFO [RocksDB](Original Log Time 2020/01/07-06:28:41.400437) [db/db_impl_compaction_flush.cc:177] [0] Level summary: base level 1 max bytes base 536870912 files[1 0 0 0 0 0 0] max score 0.61

[35901] 01-07 06:28:41,400 INFO [RocksDB][db/db_impl_files.cc:342] [JOB 2] Try to delete WAL files size 398593606, prev total WAL file size 624260701, number of live WAL files 4.

[35901] 01-07 06:28:48,727 INFO [RocksDB][db/db_impl_write.cc:1373] [0] New memtable created with log file: #13. Immutable memtables: 1.

[35901] 01-07 06:28:48,727 INFO [RocksDB][db/db_impl_compaction_flush.cc:80] [JOB 3] Syncing log #10
[35901] 01-07 06:28:49,852 INFO [RocksDB][db/db_impl_compaction_flush.cc:80] [JOB 3] Syncing log #12
[35901] 01-07 06:28:51,318 INFO [RocksDB](Original Log Time 2020/01/07-06:28:48.727640) [db/db_impl_compaction_flush.cc:1424] Calling FlushMemTableToOutputFile with column family [0], flush slots available 4, compaction slots available 1, flush slots scheduled 1, compaction slots scheduled 0
[35901] 01-07 06:28:51,318 INFO [RocksDB][db/flush_job.cc:301] [0] [JOB 3] Flushing memtable with next log file: 12

[35901] 01-07 06:28:51,318 INFO [RocksDB][db/flush_job.cc:301] [0] [JOB 3] Flushing memtable with next log file: 13

[35901] 01-07 06:28:51,318 INFO [RocksDB]EVENT_LOG_v1 {"time_micros": 1578378531318481, "job": 3, "event": "flush_started", "num_memtables": 2, "num_entries": 3304268, "num_deletes": 0, "memory_usage": 520098360, "flush_reason": "Write Buffer Full"}
[35901] 01-07 06:28:51,318 INFO [RocksDB][db/flush_job.cc:331] [0] [JOB 3] Level-0 flush table #14: started
[35901] 01-07 06:28:57,428 INFO [RocksDB]EVENT_LOG_v1 {"time_micros": 1578378537428108, "cf_name": "0", "job": 3, "event": "table_file_creation", "file_number": 14, "file_size": 321228256, "table_properties": {"data_size": 312104159, "index_size": 4187112, "filter_size": 4935943, "raw_key_size": 130030018, "raw_average_key_size": 42, "raw_value_size": 250062964, "raw_average_value_size": 81, "num_data_blocks": 77763, "num_entries": 3068253, "filter_policy_name": "rocksdb.BuiltinBloomFilter", "kDeletedKeys": "0", "kMergeOperands": "0"}}
[35901] 01-07 06:28:57,428 INFO [RocksDB][db/flush_job.cc:371] [0] [JOB 3] Level-0 flush table #14: 321228256 bytes OK
[35901] 01-07 06:28:57,431 INFO [RocksDB](Original Log Time 2020/01/07-06:28:57.429428) [db/memtable_list.cc:377] [0] Level-0 commit table #14 started
[35901] 01-07 06:28:57,431 INFO [RocksDB](Original Log Time 2020/01/07-06:28:57.431383) [db/memtable_list.cc:409] [0] Level-0 commit table #14: memtable #1 done
[35901] 01-07 06:28:57,431 INFO [RocksDB](Original Log Time 2020/01/07-06:28:57.431384) [db/memtable_list.cc:409] [0] Level-0 commit table #14: memtable #2 done
[35901] 01-07 06:28:57,431 INFO [RocksDB](Original Log Time 2020/01/07-06:28:57.431395) EVENT_LOG_v1 {"time_micros": 1578378537431390, "job": 3, "event": "flush_finished", "output_compression": "NoCompression", "lsm_state": [2, 0, 0, 0, 0, 0, 0], "immutable_memtables": 0}
[35901] 01-07 06:28:57,431 INFO [RocksDB](Original Log Time 2020/01/07-06:28:57.431421) [db/db_impl_compaction_flush.cc:177] [0] Level summary: base level 1 max bytes base 536870912 files[2 0 0 0 0 0 0] max score 1.21

[35901] 01-07 06:28:57,431 INFO [RocksDB][db/db_impl_files.cc:342] [JOB 3] Try to delete WAL files size 390239919, prev total WAL file size 561140393, number of live WAL files 3.

[35901] 01-07 06:28:57,431 WARN [RocksDB][db/db_impl.cc:491] ------- DUMPING STATS -------
[35901] 01-07 06:28:57,431 WARN [RocksDB][db/db_impl.cc:492] 
** DB Stats **
Uptime(secs): 55.6 total, 55.6 interval
Cumulative writes: 1160K writes, 8126K keys, 1160K commit groups, 1.0 writes per commit group, ingest: 0.89 GB, 16.47 MB/s
Cumulative WAL: 1160K writes, 0 syncs, 1160989.00 writes per sync, written: 0.89 GB, 16.47 MB/s
Cumulative stall: 00:00:0.000 H:M:S, 0.0 percent
Interval writes: 1160K writes, 8126K keys, 1160K commit groups, 1.0 writes per commit group, ingest: 915.27 MB, 16.47 MB/s
Interval WAL: 1160K writes, 0 syncs, 1160989.00 writes per sync, written: 0.89 MB, 16.47 MB/s
Interval stall: 00:00:0.000 H:M:S, 0.0 percent

** Compaction Stats [default] **
Level    Files   Size     Score Read(GB)  Rn(GB) Rnp1(GB) Write(GB) Wnew(GB) Moved(GB) W-Amp Rd(MB/s) Wr(MB/s) Comp(sec) Comp(cnt) Avg(sec) KeyIn KeyDrop
----------------------------------------------------------------------------------------------------------------------------------------------------------
 Sum      0/0    0.00 KB   0.0      0.0     0.0      0.0       0.0     
[35901] 01-07 06:28:57,431 INFO [RocksDB][db/compaction_job.cc:1531] [0] [JOB 4] Compacting 2@0 files to L1, score 1.21
[35901] 01-07 06:28:57,431 INFO [RocksDB][db/compaction_job.cc:1535] [0] Compaction start summary: Base version 4 Base level 0, inputs: [14(306MB) 11(313MB)]

[35901] 01-07 06:28:57,431 INFO [RocksDB]EVENT_LOG_v1 {"time_micros": 1578378537431797, "job": 4, "event": "compaction_started", "compaction_reason": "LevelL0FilesNum", "files_L0": [14, 11], "score": 1.2097, "input_data_size": 649455030}
[35901] 01-07 06:28:58,171 INFO [RocksDB][db/db_impl_write.cc:1373] [0] New memtable created with log file: #16. Immutable memtables: 0.

[35901] 01-07 06:28:58,003 INFO [RocksDB][db/compaction_job.cc:1211] [0] [JOB 4] Generated table #15: 1183740 keys, 69769154 bytes
[35901] 01-07 06:28:58,003 INFO [RocksDB]EVENT_LOG_v1 {"time_micros": 1578378539003524, "cf_name": "0", "job": 4, "event": "table_file_creation", "file_number": 15, "file_size": 69769154, "table_properties": {"data_size": 67112214, "index_size": 975560, "filter_size": 1680349, "raw_key_size": 56327553, "raw_average_key_size": 47, "raw_value_size": 28719020, "raw_average_value_size": 24, "num_data_blocks": 16602, "num_entries": 1183740, "filter_policy_name": "rocksdb.BuiltinBloomFilter", "kDeletedKeys": "0", "kMergeOperands": "0"}}
[35901] 01-07 06:29:00,254 INFO [RocksDB][db/compaction_job.cc:1211] [0] [JOB 4] Generated table #17: 597526 keys, 68990034 bytes
[35901] 01-07 06:29:00,254 INFO [RocksDB]EVENT_LOG_v1 {"time_micros": 1578378540254530, "cf_name": "0", "job": 4, "event": "table_file_creation", "file_number": 17, "file_size": 68990034, "table_properties": {"data_size": 67112474, "index_size": 888617, "filter_size": 987912, "raw_key_size": 24595656, "raw_average_key_size": 41, "raw_value_size": 56764925, "raw_average_value_size": 94, "num_data_blocks": 16740, "num_entries": 597526, "filter_policy_name": "rocksdb.BuiltinBloomFilter", "kDeletedKeys": "0", "kMergeOperands": "0"}}
[35901] 01-07 06:29:01,558 INFO [RocksDB][db/compaction_job.cc:1211] [0] [JOB 4] Generated table #18: 597522 keys, 68987115 bytes
[35901] 01-07 06:29:01,558 INFO [RocksDB]EVENT_LOG_v1 {"time_micros": 1578378541558627, "cf_name": "0", "job": 4, "event": "table_file_creation", "file_number": 18, "file_size": 68987115, "table_properties": {"data_size": 67109965, "index_size": 888235, "filter_size": 987884, "raw_key_size": 24595364, "raw_average_key_size": 41, "raw_value_size": 56764608, "raw_average_value_size": 95, "num_data_blocks": 16738, "num_entries": 597522, "filter_policy_name": "rocksdb.BuiltinBloomFilter", "kDeletedKeys": "0", "kMergeOperands": "0"}}
[35901] 01-07 06:29:02,867 INFO [RocksDB][db/compaction_job.cc:1211] [0] [JOB 4] Generated table #19: 597509 keys, 68990325 bytes
[35901] 01-07 06:29:02,867 INFO [RocksDB]EVENT_LOG_v1 {"time_micros": 1578378542867204, "cf_name": "0", "job": 4, "event": "table_file_creation", "file_number": 19, "file_size": 68990325, "table_properties": {"data_size": 67112532, "index_size": 888853, "filter_size": 987909, "raw_key_size": 24593649, "raw_average_key_size": 41, "raw_value_size": 56763355, "raw_average_value_size": 95, "num_data_blocks": 16742, "num_entries": 597509, "filter_policy_name": "rocksdb.BuiltinBloomFilter", "kDeletedKeys": "0", "kMergeOperands": "0"}}
[35901] 01-07 06:29:04,174 INFO [RocksDB][db/compaction_job.cc:1211] [0] [JOB 4] Generated table #20: 597509 keys, 68989260 bytes
[35901] 01-07 06:29:04,174 INFO [RocksDB]EVENT_LOG_v1 {"time_micros": 1578378544174635, "cf_name": "0", "job": 4, "event": "table_file_creation", "file_number": 20, "file_size": 68989260, "table_properties": {"data_size": 67111782, "index_size": 888556, "filter_size": 987891, "raw_key_size": 24593451, "raw_average_key_size": 41, "raw_value_size": 56763355, "raw_average_value_size": 95, "num_data_blocks": 16740, "num_entries": 597509, "filter_policy_name": "rocksdb.BuiltinBloomFilter", "kDeletedKeys": "0", "kMergeOperands": "0"}}
[35901] 01-07 06:29:05,476 INFO [RocksDB][db/compaction_job.cc:1211] [0] [JOB 4] Generated table #21: 597523 keys, 68990628 bytes
[35901] 01-07 06:29:05,476 INFO [RocksDB]EVENT_LOG_v1 {"time_micros": 1578378545476652, "cf_name": "0", "job": 4, "event": "table_file_creation", "file_number": 21, "file_size": 68990628, "table_properties": {"data_size": 67112738, "index_size": 888943, "filter_size": 987916, "raw_key_size": 24595890, "raw_average_key_size": 41, "raw_value_size": 56764712, "raw_average_value_size": 95, "num_data_blocks": 16741, "num_entries": 597523, "filter_policy_name": "rocksdb.BuiltinBloomFilter", "kDeletedKeys": "0", "kMergeOperands": "0"}}
[35901] 01-07 06:29:06,857 INFO [RocksDB][db/compaction_job.cc:1211] [0] [JOB 4] Generated table #22: 597510 keys, 68989470 bytes
[35901] 01-07 06:29:06,857 INFO [RocksDB]EVENT_LOG_v1 {"time_micros": 1578378546857364, "cf_name": "0", "job": 4, "event": "table_file_creation", "file_number": 22, "file_size": 68989470, "table_properties": {"data_size": 67111747, "index_size": 888791, "filter_size": 987901, "raw_key_size": 24594956, "raw_average_key_size": 41, "raw_value_size": 56763459, "raw_average_value_size": 95, "num_data_blocks": 16741, "num_entries": 597510, "filter_policy_name": "rocksdb.BuiltinBloomFilter", "kDeletedKeys": "0", "kMergeOperands": "0"}}
[35901] 01-07 06:29:07,029 INFO [RocksDB][db/db_impl_write.cc:1373] [0] New memtable created with log file: #24. Immutable memtables: 1.

[35901] 01-07 06:29:07,029 INFO [RocksDB][db/db_impl_compaction_flush.cc:80] [JOB 5] Syncing log #13
[35901] 01-07 06:29:07,878 INFO [RocksDB][db/db_impl_compaction_flush.cc:80] [JOB 5] Syncing log #16
[35901] 01-07 06:29:09,691 INFO [RocksDB][db/compaction_job.cc:1211] [0] [JOB 4] Generated table #23: 597508 keys, 68987124 bytes
[35901] 01-07 06:29:09,691 INFO [RocksDB]EVENT_LOG_v1 {"time_micros": 1578378549691454, "cf_name": "0", "job": 4, "event": "table_file_creation", "file_number": 23, "file_size": 68987124, "table_properties": {"data_size": 67109822, "index_size": 888396, "filter_size": 987875, "raw_key_size": 24594015, "raw_average_key_size": 41, "raw_value_size": 56763251, "raw_average_value_size": 94, "num_data_blocks": 16739, "num_entries": 597508, "filter_policy_name": "rocksdb.BuiltinBloomFilter", "kDeletedKeys": "0", "kMergeOperands": "0"}}
[35901] 01-07 06:29:09,692 INFO [RocksDB](Original Log Time 2020/01/07-06:29:07.029218) [db/db_impl_compaction_flush.cc:1424] Calling FlushMemTableToOutputFile with column family [0], flush slots available 4, compaction slots available 1, flush slots scheduled 1, compaction slots scheduled 1
[35901] 01-07 06:29:09,692 INFO [RocksDB][db/flush_job.cc:301] [0] [JOB 5] Flushing memtable with next log file: 16

[35901] 01-07 06:29:09,692 INFO [RocksDB][db/flush_job.cc:301] [0] [JOB 5] Flushing memtable with next log file: 24

[35901] 01-07 06:29:09,692 INFO [RocksDB]EVENT_LOG_v1 {"time_micros": 1578378549692697, "job": 5, "event": "flush_started", "num_memtables": 2, "num_entries": 3171406, "num_deletes": 0, "memory_usage": 520100544, "flush_reason": "Write Buffer Full"}
[35901] 01-07 06:29:09,692 INFO [RocksDB][db/flush_job.cc:331] [0] [JOB 5] Level-0 flush table #25: started
[35901] 01-07 06:29:12,330 INFO [RocksDB][db/compaction_job.cc:1211] [0] [JOB 4] Generated table #26: 597516 keys, 68990781 bytes
[35901] 01-07 06:29:12,330 INFO [RocksDB]EVENT_LOG_v1 {"time_micros": 1578378552330366, "cf_name": "0", "job": 4, "event": "table_file_creation", "file_number": 26, "file_size": 68990781, "table_properties": {"data_size": 67112706, "index_size": 889135, "filter_size": 987909, "raw_key_size": 24595430, "raw_average_key_size": 41, "raw_value_size": 56763984, "raw_average_value_size": 94, "num_data_blocks": 16741, "num_entries": 597516, "filter_policy_name": "rocksdb.BuiltinBloomFilter", "kDeletedKeys": "0", "kMergeOperands": "0"}}
[35901] 01-07 06:29:13,693 INFO [RocksDB][db/compaction_job.cc:1211] [0] [JOB 4] Generated table #27: 238903 keys, 27577400 bytes
[35901] 01-07 06:29:13,693 INFO [RocksDB]EVENT_LOG_v1 {"time_micros": 1578378553693161, "cf_name": "0", "job": 4, "event": "table_file_creation", "file_number": 27, "file_size": 27577400, "table_properties": {"data_size": 26827914, "index_size": 353498, "filter_size": 394958, "raw_key_size": 9784480, "raw_average_key_size": 40, "raw_value_size": 22695830, "raw_average_value_size": 95, "num_data_blocks": 6691, "num_entries": 238903, "filter_policy_name": "rocksdb.BuiltinBloomFilter", "kDeletedKeys": "0", "kMergeOperands": "0"}}
[35901] 01-07 06:29:13,697 INFO [RocksDB][db/compaction_job.cc:1287] [0] [JOB 4] Compacted 2@0 files to L1 => 649261291 bytes
[35901] 01-07 06:29:13,699 INFO [RocksDB](Original Log Time 2020/01/07-06:29:13.699722) [db/compaction_job.cc:685] [0] compacted to: base level 1 max bytes base 536870912 files[0 10 0 0 0 0 0] max score 1.21, MB/sec: 39.9 rd, 39.9 wr, level 1, files in(2, 0) out(10) MB in(619.4, 0.0) out(619.2), read-write-amplify(2.0) write-amplify(1.0) OK, records in: 6202767, records dropped: 1 output_compression: NoCompression

[35901] 01-07 06:29:13,699 INFO [RocksDB](Original Log Time 2020/01/07-06:29:13.699735) EVENT_LOG_v1 {"time_micros": 1578378553699730, "job": 4, "event": "compaction_finished", "compaction_time_micros": 16266136, "output_level": 1, "num_output_files": 10, "total_output_size": 649261291, "num_input_records": 6202767, "num_output_records": 6202766, "num_subcompactions": 1, "output_compression": "NoCompression", "num_single_delete_mismatches": 0, "num_single_delete_fallthrough": 0, "lsm_state": [0, 10, 0, 0, 0, 0, 0]}
[35901] 01-07 06:29:13,700 INFO [RocksDB][db/compaction_job.cc:1531] [0] [JOB 6] Compacting 1@1 files to L2, score 1.21
[35901] 01-07 06:29:13,700 INFO [RocksDB][db/compaction_job.cc:1535] [0] Compaction start summary: Base version 5 Base level 1, inputs: [15(66MB)]

[35901] 01-07 06:29:13,700 INFO [RocksDB]EVENT_LOG_v1 {"time_micros": 1578378553700382, "job": 6, "event": "compaction_started", "compaction_reason": "LevelMaxLevelSize", "files_L1": [15], "score": 1.20934, "input_data_size": 69769154}
[35901] 01-07 06:29:17,639 INFO [RocksDB][db/compaction_job.cc:1211] [0] [JOB 6] Generated table #28: 1183740 keys, 54616514 bytes
[35901] 01-07 06:29:17,639 INFO [RocksDB]EVENT_LOG_v1 {"time_micros": 1578378557639173, "cf_name": "0", "job": 6, "event": "table_file_creation", "file_number": 28, "file_size": 54616514, "table_properties": {"data_size": 52432869, "index_size": 975256, "filter_size": 1651677, "raw_key_size": 56327553, "raw_average_key_size": 47, "raw_value_size": 28719020, "raw_average_value_size": 24, "num_data_blocks": 16602, "num_entries": 1183740, "filter_policy_name": "rocksdb.BuiltinBloomFilter", "kDeletedKeys": "0", "kMergeOperands": "0"}}
[35901] 01-07 06:29:17,641 INFO [RocksDB][db/compaction_job.cc:1287] [0] [JOB 6] Compacted 1@1 files to L2 => 54616514 bytes
[35901] 01-07 06:29:17,643 INFO [RocksDB](Original Log Time 2020/01/07-06:29:17.643529) [db/compaction_job.cc:685] [0] compacted to: base level 1 max bytes base 536870912 files[0 9 1 0 0 0 0] max score 1.08, MB/sec: 17.7 rd, 13.9 wr, level 2, files in(1, 0) out(1) MB in(66.5, 0.0) out(52.1), read-write-amplify(1.8) write-amplify(0.8) OK, records in: 1183740, records dropped: 0 output_compression: Snappy

[35901] 01-07 06:29:17,643 INFO [RocksDB](Original Log Time 2020/01/07-06:29:17.643557) EVENT_LOG_v1 {"time_micros": 1578378557643551, "job": 6, "event": "compaction_finished", "compaction_time_micros": 3941218, "output_level": 2, "num_output_files": 1, "total_output_size": 54616514, "num_input_records": 1183740, "num_output_records": 1183740, "num_subcompactions": 1, "output_compression": "Snappy", "num_single_delete_mismatches": 0, "num_single_delete_fallthrough": 0, "lsm_state": [0, 9, 1, 0, 0, 0, 0]}
[35901] 01-07 06:29:17,650 INFO [RocksDB]EVENT_LOG_v1 {"time_micros": 1578378557650714, "job": 6, "event": "table_file_deletion", "file_number": 15}
[35901] 01-07 06:29:17,650 INFO [RocksDB][db/compaction_job.cc:1531] [0] [JOB 7] Compacting 1@1 files to L2, score 1.08
[35901] 01-07 06:29:17,650 INFO [RocksDB][db/compaction_job.cc:1535] [0] Compaction start summary: Base version 6 Base level 1, inputs: [26(65MB)]

[35901] 01-07 06:29:17,650 INFO [RocksDB]EVENT_LOG_v1 {"time_micros": 1578378557650764, "job": 7, "event": "compaction_started", "compaction_reason": "LevelMaxLevelSize", "files_L1": [26], "score": 1.07939, "input_data_size": 68990781}
[35901] 01-07 06:29:18,740 INFO [RocksDB]EVENT_LOG_v1 {"time_micros": 1578378558740723, "cf_name": "0", "job": 5, "event": "table_file_creation", "file_number": 25, "file_size": 308373113, "table_properties": {"data_size": 299618482, "index_size": 4015977, "filter_size": 4737612, "raw_key_size": 124804969, "raw_average_key_size": 42, "raw_value_size": 240007587, "raw_average_value_size": 81, "num_data_blocks": 74650, "num_entries": 2944878, "filter_policy_name": "rocksdb.BuiltinBloomFilter", "kDeletedKeys": "0", "kMergeOperands": "0"}}
[35901] 01-07 06:29:18,740 INFO [RocksDB][db/flush_job.cc:371] [0] [JOB 5] Level-0 flush table #25: 308373113 bytes OK
[35901] 01-07 06:29:18,743 INFO [RocksDB](Original Log Time 2020/01/07-06:29:18.741972) [db/memtable_list.cc:377] [0] Level-0 commit table #25 started
[35901] 01-07 06:29:18,743 INFO [RocksDB](Original Log Time 2020/01/07-06:29:18.743577) [db/memtable_list.cc:409] [0] Level-0 commit table #25: memtable #1 done
[35901] 01-07 06:29:18,743 INFO [RocksDB](Original Log Time 2020/01/07-06:29:18.743578) [db/memtable_list.cc:409] [0] Level-0 commit table #25: memtable #2 done
[35901] 01-07 06:29:18,743 INFO [RocksDB](Original Log Time 2020/01/07-06:29:18.743591) EVENT_LOG_v1 {"time_micros": 1578378558743586, "job": 5, "event": "flush_finished", "output_compression": "NoCompression", "lsm_state": [1, 9, 1, 0, 0, 0, 0], "immutable_memtables": 0}
[35901] 01-07 06:29:18,743 INFO [RocksDB](Original Log Time 2020/01/07-06:29:18.743613) [db/db_impl_compaction_flush.cc:177] [0] Level summary: base level 1 max bytes base 536870912 files[1 9 1 0 0 0 0] max score 0.95

[35901] 01-07 06:29:18,743 INFO [RocksDB][db/db_impl_files.cc:342] [JOB 5] Try to delete WAL files size 374551968, prev total WAL file size 548546315, number of live WAL files 3.

[35901] 01-07 06:29:18,791 INFO [RocksDB]EVENT_LOG_v1 {"time_micros": 1578378558791336, "job": 5, "event": "table_file_deletion", "file_number": 14}
[35901] 01-07 06:29:18,839 INFO [RocksDB]EVENT_LOG_v1 {"time_micros": 1578378558839206, "job": 5, "event": "table_file_deletion", "file_number": 11}
[35901] 01-07 06:29:19,739 INFO [RocksDB][db/compaction_job.cc:1211] [0] [JOB 7] Generated table #29: 597516 keys, 68588618 bytes
[35901] 01-07 06:29:19,739 INFO [RocksDB]EVENT_LOG_v1 {"time_micros": 1578378559739799, "cf_name": "0", "job": 7, "event": "table_file_creation", "file_number": 29, "file_size": 68588618, "table_properties": {"data_size": 67112706, "index_size": 889135, "filter_size": 987909, "raw_key_size": 24595430, "raw_average_key_size": 41, "raw_value_size": 56763984, "raw_average_value_size": 94, "num_data_blocks": 16741, "num_entries": 597516, "filter_policy_name": "rocksdb.BuiltinBloomFilter", "kDeletedKeys": "0", "kMergeOperands": "0"}}
[35901] 01-07 06:29:19,741 INFO [RocksDB][db/compaction_job.cc:1287] [0] [JOB 7] Compacted 1@1 files to L2 => 68588618 bytes
[35901] 01-07 06:29:19,742 INFO [RocksDB](Original Log Time 2020/01/07-06:29:19.742764) [db/compaction_job.cc:685] [0] compacted to: base level 1 max bytes base 536870912 files[1 8 2 0 0 0 0] max score 0.95, MB/sec: 33.0 rd, 32.8 wr, level 2, files in(1, 0) out(1) MB in(65.8, 0.0) out(65.4), read-write-amplify(2.0) write-amplify(1.0) OK, records in: 597516, records dropped: 0 output_compression: Snappy

[35901] 01-07 06:29:19,742 INFO [RocksDB](Original Log Time 2020/01/07-06:29:19.742778) EVENT_LOG_v1 {"time_micros": 1578378559742773, "job": 7, "event": "compaction_finished", "compaction_time_micros": 2090272, "output_level": 2, "num_output_files": 1, "total_output_size": 68588618, "num_input_records": 597516, "num_output_records": 597516, "num_subcompactions": 1, "output_compression": "Snappy", "num_single_delete_mismatches": 0, "num_single_delete_fallthrough": 0, "lsm_state": [1, 8, 2, 0, 0, 0, 0]}
[35901] 01-07 06:29:19,749 INFO [RocksDB]EVENT_LOG_v1 {"time_micros": 1578378559749044, "job": 7, "event": "table_file_deletion", "file_number": 26}
[35901] 01-07 06:29:21,182 INFO [RocksDB][db/db_impl_write.cc:1373] [0] New memtable created with log file: #30. Immutable memtables: 0.

[35901] 01-07 06:29:36,666 INFO [RocksDB][db/db_impl_write.cc:1373] [0] New memtable created with log file: #31. Immutable memtables: 1.

[35901] 01-07 06:29:36,666 INFO [RocksDB][db/db_impl_compaction_flush.cc:80] [JOB 8] Syncing log #24
[35901] 01-07 06:29:37,494 INFO [RocksDB][db/db_impl_compaction_flush.cc:80] [JOB 8] Syncing log #30
[35901] 01-07 06:29:39,220 INFO [RocksDB](Original Log Time 2020/01/07-06:29:36.666321) [db/db_impl_compaction_flush.cc:1424] Calling FlushMemTableToOutputFile with column family [0], flush slots available 4, compaction slots available 1, flush slots scheduled 1, compaction slots scheduled 0
[35901] 01-07 06:29:39,220 INFO [RocksDB][db/flush_job.cc:301] [0] [JOB 8] Flushing memtable with next log file: 30

[35901] 01-07 06:29:39,220 INFO [RocksDB][db/flush_job.cc:301] [0] [JOB 8] Flushing memtable with next log file: 31

[35901] 01-07 06:29:39,220 INFO [RocksDB]EVENT_LOG_v1 {"time_micros": 1578378579220833, "job": 8, "event": "flush_started", "num_memtables": 2, "num_entries": 3564591, "num_deletes": 0, "memory_usage": 520099576, "flush_reason": "Write Buffer Full"}
[35901] 01-07 06:29:39,220 INFO [RocksDB][db/flush_job.cc:331] [0] [JOB 8] Level-0 flush table #32: started
[35901] 01-07 06:29:45,862 INFO [RocksDB]EVENT_LOG_v1 {"time_micros": 1578378585862837, "cf_name": "0", "job": 8, "event": "table_file_creation", "file_number": 32, "file_size": 346593815, "table_properties": {"data_size": 336745719, "index_size": 4522179, "filter_size": 5324874, "raw_key_size": 140276585, "raw_average_key_size": 42, "raw_value_size": 269762233, "raw_average_value_size": 81, "num_data_blocks": 83901, "num_entries": 3309976, "filter_policy_name": "rocksdb.BuiltinBloomFilter", "kDeletedKeys": "0", "kMergeOperands": "0"}}
[35901] 01-07 06:29:45,862 INFO [RocksDB][db/flush_job.cc:371] [0] [JOB 8] Level-0 flush table #32: 346593815 bytes OK
[35901] 01-07 06:29:45,865 INFO [RocksDB](Original Log Time 2020/01/07-06:29:45.864009) [db/memtable_list.cc:377] [0] Level-0 commit table #32 started
[35901] 01-07 06:29:45,865 INFO [RocksDB](Original Log Time 2020/01/07-06:29:45.865619) [db/memtable_list.cc:409] [0] Level-0 commit table #32: memtable #1 done
[35901] 01-07 06:29:45,865 INFO [RocksDB](Original Log Time 2020/01/07-06:29:45.865620) [db/memtable_list.cc:409] [0] Level-0 commit table #32: memtable #2 done
[35901] 01-07 06:29:45,865 INFO [RocksDB](Original Log Time 2020/01/07-06:29:45.865632) EVENT_LOG_v1 {"time_micros": 1578378585865626, "job": 8, "event": "flush_finished", "output_compression": "NoCompression", "lsm_state": [2, 8, 2, 0, 0, 0, 0], "immutable_memtables": 0}
[35901] 01-07 06:29:45,865 INFO [RocksDB](Original Log Time 2020/01/07-06:29:45.865665) [db/db_impl_compaction_flush.cc:177] [0] Level summary: base level 1 max bytes base 536870912 files[2 8 2 0 0 0 0] max score 1.22

[35901] 01-07 06:29:45,865 INFO [RocksDB][db/db_impl_files.cc:342] [JOB 8] Try to delete WAL files size 420987087, prev total WAL file size 489971013, number of live WAL files 3.

[35901] 01-07 06:29:45,865 INFO [RocksDB][db/compaction_job.cc:1531] [0] [JOB 9] Compacting 2@0 + 8@1 files to L1, score 1.22
[35901] 01-07 06:29:45,865 INFO [RocksDB][db/compaction_job.cc:1535] [0] Compaction start summary: Base version 9 Base level 0, inputs: [32(330MB) 25(294MB)], [17(65MB) 18(65MB) 19(65MB) 20(65MB) 21(65MB) 22(65MB) 23(65MB) 27(26MB)]

[35901] 01-07 06:29:45,865 INFO [RocksDB]EVENT_LOG_v1 {"time_micros": 1578378585865887, "job": 9, "event": "compaction_started", "compaction_reason": "LevelL0FilesNum", "files_L0": [32, 25], "files_L1": [17, 18, 19, 20, 21, 22, 23, 27], "score": 1.21997, "input_data_size": 1165468284}
[35901] 01-07 06:29:47,319 INFO [RocksDB][db/compaction_job.cc:1211] [0] [JOB 9] Generated table #33: 1188406 keys, 69774797 bytes
[35901] 01-07 06:29:47,319 INFO [RocksDB]EVENT_LOG_v1 {"time_micros": 1578378587319644, "cf_name": "0", "job": 9, "event": "table_file_creation", "file_number": 33, "file_size": 69774797, "table_properties": {"data_size": 67111734, "index_size": 976315, "filter_size": 1685717, "raw_key_size": 56584541, "raw_average_key_size": 47, "raw_value_size": 28457290, "raw_average_value_size": 23, "num_data_blocks": 16600, "num_entries": 1188406, "filter_policy_name": "rocksdb.BuiltinBloomFilter", "kDeletedKeys": "0", "kMergeOperands": "0"}}
[35901] 01-07 06:29:48,628 INFO [RocksDB][db/compaction_job.cc:1211] [0] [JOB 9] Generated table #34: 597596 keys, 68989449 bytes
[35901] 01-07 06:29:48,628 INFO [RocksDB]EVENT_LOG_v1 {"time_micros": 1578378588628578, "cf_name": "0", "job": 9, "event": "table_file_creation", "file_number": 34, "file_size": 68989449, "table_properties": {"data_size": 67111230, "index_size": 889166, "filter_size": 988022, "raw_key_size": 24599142, "raw_average_key_size": 41, "raw_value_size": 56771611, "raw_average_value_size": 94, "num_data_blocks": 16743, "num_entries": 597596, "filter_policy_name": "rocksdb.BuiltinBloomFilter", "kDeletedKeys": "0", "kMergeOperands": "0"}}
[35901] 01-07 06:29:49,928 INFO [RocksDB][db/compaction_job.cc:1211] [0] [JOB 9] Generated table #35: 597628 keys, 68989737 bytes
[35901] 01-07 06:29:49,928 INFO [RocksDB]EVENT_LOG_v1 {"time_micros": 1578378589928383, "cf_name": "0", "job": 9, "event": "table_file_creation", "file_number": 35, "file_size": 68989737, "table_properties": {"data_size": 67111975, "index_size": 888672, "filter_size": 988059, "raw_key_size": 24599648, "raw_average_key_size": 41, "raw_value_size": 56774642, "raw_average_value_size": 94, "num_data_blocks": 16743, "num_entries": 597628, "filter_policy_name": "rocksdb.BuiltinBloomFilter", "kDeletedKeys": "0", "kMergeOperands": "0"}}
[35901] 01-07 06:29:51,239 INFO [RocksDB][db/compaction_job.cc:1211] [0] [JOB 9] Generated table #36: 597607 keys, 68987905 bytes
[35901] 01-07 06:29:51,239 INFO [RocksDB]EVENT_LOG_v1 {"time_micros": 1578378591239067, "cf_name": "0", "job": 9, "event": "table_file_creation", "file_number": 36, "file_size": 68987905, "table_properties": {"data_size": 67110303, "index_size": 888559, "filter_size": 988012, "raw_key_size": 24596879, "raw_average_key_size": 41, "raw_value_size": 56772656, "raw_average_value_size": 94, "num_data_blocks": 16741, "num_entries": 597607, "filter_policy_name": "rocksdb.BuiltinBloomFilter", "kDeletedKeys": "0", "kMergeOperands": "0"}}
[35901] 01-07 06:29:52,619 INFO [RocksDB][db/compaction_job.cc:1211] [0] [JOB 9] Generated table #37: 597624 keys, 68989198 bytes
[35901] 01-07 06:29:52,619 INFO [RocksDB]EVENT_LOG_v1 {"time_micros": 1578378592619213, "cf_name": "0", "job": 9, "event": "table_file_creation", "file_number": 37, "file_size": 68989198, "table_properties": {"data_size": 67111175, "index_size": 888939, "filter_size": 988053, "raw_key_size": 24600732, "raw_average_key_size": 41, "raw_value_size": 56774325, "raw_average_value_size": 95, "num_data_blocks": 16743, "num_entries": 597624, "filter_policy_name": "rocksdb.BuiltinBloomFilter", "kDeletedKeys": "0", "kMergeOperands": "0"}}
[35901] 01-07 06:29:53,920 INFO [RocksDB][db/compaction_job.cc:1211] [0] [JOB 9] Generated table #38: 597619 keys, 68989149 bytes
[35901] 01-07 06:29:53,920 INFO [RocksDB]EVENT_LOG_v1 {"time_micros": 1578378593920628, "cf_name": "0", "job": 9, "event": "table_file_creation", "file_number": 38, "file_size": 68989149, "table_properties": {"data_size": 67111820, "index_size": 888259, "filter_size": 988039, "raw_key_size": 24596703, "raw_average_key_size": 41, "raw_value_size": 56773805, "raw_average_value_size": 95, "num_data_blocks": 16742, "num_entries": 597619, "filter_policy_name": "rocksdb.BuiltinBloomFilter", "kDeletedKeys": "0", "kMergeOperands": "0"}}
[35901] 01-07 06:29:55,224 INFO [RocksDB][db/compaction_job.cc:1211] [0] [JOB 9] Generated table #39: 597611 keys, 68987617 bytes
[35901] 01-07 06:29:55,224 INFO [RocksDB]EVENT_LOG_v1 {"time_micros": 1578378595224889, "cf_name": "0", "job": 9, "event": "table_file_creation", "file_number": 39, "file_size": 68987617, "table_properties": {"data_size": 67110026, "index_size": 888533, "filter_size": 988027, "raw_key_size": 24597941, "raw_average_key_size": 41, "raw_value_size": 56772973, "raw_average_value_size": 94, "num_data_blocks": 16742, "num_entries": 597611, "filter_policy_name": "rocksdb.BuiltinBloomFilter", "kDeletedKeys": "0", "kMergeOperands": "0"}}
[35901] 01-07 06:29:56,524 INFO [RocksDB][db/compaction_job.cc:1211] [0] [JOB 9] Generated table #40: 597638 keys, 68989492 bytes
[35901] 01-07 06:29:56,524 INFO [RocksDB]EVENT_LOG_v1 {"time_micros": 1578378596524636, "cf_name": "0", "job": 9, "event": "table_file_creation", "file_number": 40, "file_size": 68989492, "table_properties": {"data_size": 67111885, "index_size": 888516, "filter_size": 988060, "raw_key_size": 24600574, "raw_average_key_size": 41, "raw_value_size": 56775682, "raw_average_value_size": 95, "num_data_blocks": 16742, "num_entries": 597638, "filter_policy_name": "rocksdb.BuiltinBloomFilter", "kDeletedKeys": "0", "kMergeOperands": "0"}}
[35901] 01-07 06:29:57,833 INFO [RocksDB][db/compaction_job.cc:1211] [0] [JOB 9] Generated table #41: 597628 keys, 68988868 bytes
[35901] 01-07 06:29:57,833 INFO [RocksDB]EVENT_LOG_v1 {"time_micros": 1578378597833357, "cf_name": "0", "job": 9, "event": "table_file_creation", "file_number": 41, "file_size": 68988868, "table_properties": {"data_size": 67111590, "index_size": 888206, "filter_size": 988041, "raw_key_size": 24597030, "raw_average_key_size": 41, "raw_value_size": 56774642, "raw_average_value_size": 94, "num_data_blocks": 16741, "num_entries": 597628, "filter_policy_name": "rocksdb.BuiltinBloomFilter", "kDeletedKeys": "0", "kMergeOperands": "0"}}
[35901] 01-07 06:29:59,142 INFO [RocksDB][db/compaction_job.cc:1211] [0] [JOB 9] Generated table #42: 597584 keys, 68987496 bytes
[35901] 01-07 06:29:59,142 INFO [RocksDB]EVENT_LOG_v1 {"time_micros": 1578378599142472, "cf_name": "0", "job": 9, "event": "table_file_creation", "file_number": 42, "file_size": 68987496, "table_properties": {"data_size": 67109509, "index_size": 888971, "filter_size": 987985, "raw_key_size": 24597348, "raw_average_key_size": 41, "raw_value_size": 56770462, "raw_average_value_size": 94, "num_data_blocks": 16741, "num_entries": 597584, "filter_policy_name": "rocksdb.BuiltinBloomFilter", "kDeletedKeys": "0", "kMergeOperands": "0"}}
[35901] 01-07 06:30:00,521 INFO [RocksDB][db/compaction_job.cc:1211] [0] [JOB 9] Generated table #43: 597594 keys, 68988099 bytes
[35901] 01-07 06:30:00,521 INFO [RocksDB]EVENT_LOG_v1 {"time_micros": 1578378600521858, "cf_name": "0", "job": 9, "event": "table_file_creation", "file_number": 43, "file_size": 68988099, "table_properties": {"data_size": 67109980, "index_size": 889073, "filter_size": 988015, "raw_key_size": 24599157, "raw_average_key_size": 41, "raw_value_size": 56771403, "raw_average_value_size": 94, "num_data_blocks": 16743, "num_entries": 597594, "filter_policy_name": "rocksdb.BuiltinBloomFilter", "kDeletedKeys": "0", "kMergeOperands": "0"}}
[35901] 01-07 06:30:01,824 INFO [RocksDB][db/compaction_job.cc:1211] [0] [JOB 9] Generated table #44: 597601 keys, 68987447 bytes
[35901] 01-07 06:30:01,824 INFO [RocksDB]EVENT_LOG_v1 {"time_micros": 1578378601824289, "cf_name": "0", "job": 9, "event": "table_file_creation", "file_number": 44, "file_size": 68987447, "table_properties": {"data_size": 67109841, "index_size": 888571, "filter_size": 988004, "raw_key_size": 24597284, "raw_average_key_size": 41, "raw_value_size": 56772131, "raw_average_value_size": 95, "num_data_blocks": 16741, "num_entries": 597601, "filter_policy_name": "rocksdb.BuiltinBloomFilter", "kDeletedKeys": "0", "kMergeOperands": "0"}}
[35901] 01-07 06:30:03,125 INFO [RocksDB][db/compaction_job.cc:1211] [0] [JOB 9] Generated table #45: 597597 keys, 68989497 bytes
[35901] 01-07 06:30:03,125 INFO [RocksDB]EVENT_LOG_v1 {"time_micros": 1578378603125402, "cf_name": "0", "job": 9, "event": "table_file_creation", "file_number": 45, "file_size": 68989497, "table_properties": {"data_size": 67111248, "index_size": 889205, "filter_size": 988013, "raw_key_size": 24599701, "raw_average_key_size": 41, "raw_value_size": 56771715, "raw_average_value_size": 95, "num_data_blocks": 16742, "num_entries": 597597, "filter_policy_name": "rocksdb.BuiltinBloomFilter", "kDeletedKeys": "0", "kMergeOperands": "0"}}
[35901] 01-07 06:30:04,428 INFO [RocksDB][db/compaction_job.cc:1211] [0] [JOB 9] Generated table #46: 597606 keys, 68988075 bytes
[35901] 01-07 06:30:04,428 INFO [RocksDB]EVENT_LOG_v1 {"time_micros": 1578378604428231, "cf_name": "0", "job": 9, "event": "table_file_creation", "file_number": 46, "file_size": 68988075, "table_properties": {"data_size": 67110226, "index_size": 888798, "filter_size": 988020, "raw_key_size": 24599158, "raw_average_key_size": 41, "raw_value_size": 56772552, "raw_average_value_size": 94, "num_data_blocks": 16742, "num_entries": 597606, "filter_policy_name": "rocksdb.BuiltinBloomFilter", "kDeletedKeys": "0", "kMergeOperands": "0"}}
[35901] 01-07 06:30:05,738 INFO [RocksDB][db/compaction_job.cc:1211] [0] [JOB 9] Generated table #47: 597592 keys, 68988074 bytes
[35901] 01-07 06:30:05,738 INFO [RocksDB]EVENT_LOG_v1 {"time_micros": 1578378605738219, "cf_name": "0", "job": 9, "event": "table_file_creation", "file_number": 47, "file_size": 68988074, "table_properties": {"data_size": 67109948, "index_size": 889093, "filter_size": 988002, "raw_key_size": 24598630, "raw_average_key_size": 41, "raw_value_size": 56771294, "raw_average_value_size": 95, "num_data_blocks": 16742, "num_entries": 597592, "filter_policy_name": "rocksdb.BuiltinBloomFilter", "kDeletedKeys": "0", "kMergeOperands": "0"}}
[35901] 01-07 06:30:07,046 INFO [RocksDB][db/compaction_job.cc:1211] [0] [JOB 9] Generated table #48: 597497 keys, 68987231 bytes
[35901] 01-07 06:30:07,046 INFO [RocksDB]EVENT_LOG_v1 {"time_micros": 1578378607046792, "cf_name": "0", "job": 9, "event": "table_file_creation", "file_number": 48, "file_size": 68987231, "table_properties": {"data_size": 67109793, "index_size": 888545, "filter_size": 987862, "raw_key_size": 24594947, "raw_average_key_size": 41, "raw_value_size": 56762206, "raw_average_value_size": 94, "num_data_blocks": 16739, "num_entries": 597497, "filter_policy_name": "rocksdb.BuiltinBloomFilter", "kDeletedKeys": "0", "kMergeOperands": "0"}}
[35901] 01-07 06:30:08,229 INFO [RocksDB][db/compaction_job.cc:1211] [0] [JOB 9] Generated table #49: 523935 keys, 60478470 bytes
[35901] 01-07 06:30:08,229 INFO [RocksDB]EVENT_LOG_v1 {"time_micros": 1578378608229944, "cf_name": "0", "job": 9, "event": "table_file_creation", "file_number": 49, "file_size": 60478470, "table_properties": {"data_size": 58833741, "index_size": 777564, "filter_size": 866135, "raw_key_size": 21469581, "raw_average_key_size": 40, "raw_value_size": 49773870, "raw_average_value_size": 95, "num_data_blocks": 14672, "num_entries": 523935, "filter_policy_name": "rocksdb.BuiltinBloomFilter", "kDeletedKeys": "0", "kMergeOperands": "0"}}
[35901] 01-07 06:30:08,231 INFO [RocksDB][db/compaction_job.cc:1287] [0] [JOB 9] Compacted 2@0 + 8@1 files to L1 => 1165080601 bytes
[35901] 01-07 06:30:08,233 INFO [RocksDB](Original Log Time 2020/01/07-06:30:08.233340) [db/compaction_job.cc:685] [0] compacted to: base level 1 max bytes base 536870912 files[0 17 2 0 0 0 0] max score 2.17, MB/sec: 52.1 rd, 52.1 wr, level 1, files in(2, 8) out(17) MB in(624.6, 486.9) out(1111.1), read-write-amplify(3.6) write-amplify(1.8) OK, records in: 10676364, records dropped: 1 output_compression: NoCompression

[35901] 01-07 06:30:08,233 INFO [RocksDB](Original Log Time 2020/01/07-06:30:08.233366) EVENT_LOG_v1 {"time_micros": 1578378608233349, "job": 9, "event": "compaction_finished", "compaction_time_micros": 22365512, "output_level": 1, "num_output_files": 17, "total_output_size": 1165080601, "num_input_records": 10676364, "num_output_records": 10676363, "num_subcompactions": 1, "output_compression": "NoCompression", "num_single_delete_mismatches": 0, "num_single_delete_fallthrough": 0, "lsm_state": [0, 17, 2, 0, 0, 0, 0]}
[35901] 01-07 06:30:08,268 INFO [RocksDB]EVENT_LOG_v1 {"time_micros": 1578378608268655, "job": 9, "event": "table_file_deletion", "file_number": 32}
[35901] 01-07 06:30:08,271 INFO [RocksDB]EVENT_LOG_v1 {"time_micros": 1578378608271407, "job": 9, "event": "table_file_deletion", "file_number": 27}
[35901] 01-07 06:30:08,301 INFO [RocksDB]EVENT_LOG_v1 {"time_micros": 1578378608301438, "job": 9, "event": "table_file_deletion", "file_number": 25}
[35901] 01-07 06:30:08,308 INFO [RocksDB]EVENT_LOG_v1 {"time_micros": 1578378608308082, "job": 9, "event": "table_file_deletion", "file_number": 23}
[35901] 01-07 06:30:08,314 INFO [RocksDB]EVENT_LOG_v1 {"time_micros": 1578378608314876, "job": 9, "event": "table_file_deletion", "file_number": 22}
[35901] 01-07 06:30:08,321 INFO [RocksDB]EVENT_LOG_v1 {"time_micros": 1578378608321585, "job": 9, "event": "table_file_deletion", "file_number": 21}
[35901] 01-07 06:30:08,328 INFO [RocksDB]EVENT_LOG_v1 {"time_micros": 1578378608328354, "job": 9, "event": "table_file_deletion", "file_number": 20}
[35901] 01-07 06:30:08,335 INFO [RocksDB]EVENT_LOG_v1 {"time_micros": 1578378608335138, "job": 9, "event": "table_file_deletion", "file_number": 19}
[35901] 01-07 06:30:08,341 INFO [RocksDB]EVENT_LOG_v1 {"time_micros": 1578378608341658, "job": 9, "event": "table_file_deletion", "file_number": 18}
[35901] 01-07 06:30:08,348 INFO [RocksDB]EVENT_LOG_v1 {"time_micros": 1578378608348147, "job": 9, "event": "table_file_deletion", "file_number": 17}
[35901] 01-07 06:30:08,348 INFO [RocksDB][db/compaction_picker.cc:485] [0] Expanding@1 1+1(69774797+54616514 bytes) to 2+1 (138764246+54616514 bytes)

[35901] 01-07 06:30:08,348 INFO [RocksDB][db/compaction_job.cc:1531] [0] [JOB 10] Compacting 2@1 + 1@2 files to L2, score 2.17
[35901] 01-07 06:30:08,348 INFO [RocksDB][db/compaction_job.cc:1535] [0] Compaction start summary: Base version 10 Base level 1, inputs: [33(66MB) 34(65MB)], [28(52MB)]

[35901] 01-07 06:30:08,348 INFO [RocksDB]EVENT_LOG_v1 {"time_micros": 1578378608348222, "job": 10, "event": "compaction_started", "compaction_reason": "LevelMaxLevelSize", "files_L1": [33, 34], "files_L2": [28], "score": 2.17013, "input_data_size": 193380760}
[35901] 01-07 06:30:11,689 INFO [RocksDB][db/compaction_job.cc:1211] [0] [JOB 10] Generated table #50: 2040100 keys, 70654416 bytes
[35901] 01-07 06:30:11,689 INFO [RocksDB]EVENT_LOG_v1 {"time_micros": 1578378611689563, "cf_name": "0", "job": 10, "event": "table_file_creation", "file_number": 50, "file_size": 70654416, "table_properties": {"data_size": 67109862, "index_size": 1455246, "filter_size": 2758998, "raw_key_size": 99244226, "raw_average_key_size": 48, "raw_value_size": 25631988, "raw_average_value_size": 12, "num_data_blocks": 23841, "num_entries": 2040100, "filter_policy_name": "rocksdb.BuiltinBloomFilter", "kDeletedKeys": "0", "kMergeOperands": "0"}}
[35901] 01-07 06:30:13,007 INFO [RocksDB][db/compaction_job.cc:1211] [0] [JOB 10] Generated table #51: 597612 keys, 68583287 bytes
[35901] 01-07 06:30:13,007 INFO [RocksDB]EVENT_LOG_v1 {"time_micros": 1578378613007129, "cf_name": "0", "job": 10, "event": "table_file_creation", "file_number": 51, "file_size": 68583287, "table_properties": {"data_size": 67110705, "index_size": 888872, "filter_size": 988019, "raw_key_size": 24600040, "raw_average_key_size": 41, "raw_value_size": 56773077, "raw_average_value_size": 94, "num_data_blocks": 16741, "num_entries": 597612, "filter_policy_name": "rocksdb.BuiltinBloomFilter", "kDeletedKeys": "0", "kMergeOperands": "0"}}
[35901] 01-07 06:30:13,745 INFO [RocksDB][db/compaction_job.cc:1211] [0] [JOB 10] Generated table #52: 332029 keys, 38105608 bytes
[35901] 01-07 06:30:13,745 INFO [RocksDB]EVENT_LOG_v1 {"time_micros": 1578378613745357, "cf_name": "0", "job": 10, "event": "table_file_creation", "file_number": 52, "file_size": 38105608, "table_properties": {"data_size": 37286953, "index_size": 493658, "filter_size": 548956, "raw_key_size": 13666951, "raw_average_key_size": 41, "raw_value_size": 31542800, "raw_average_value_size": 95, "num_data_blocks": 9303, "num_entries": 332029, "filter_policy_name": "rocksdb.BuiltinBloomFilter", "kDeletedKeys": "0", "kMergeOperands": "0"}}
[35901] 01-07 06:30:13,746 INFO [RocksDB][db/compaction_job.cc:1287] [0] [JOB 10] Compacted 2@1 + 1@2 files to L2 => 177343311 bytes
[35901] 01-07 06:30:13,748 INFO [RocksDB](Original Log Time 2020/01/07-06:30:13.748318) [db/compaction_job.cc:685] [0] compacted to: base level 1 max bytes base 536870912 files[0 15 4 0 0 0 0] max score 1.91, MB/sec: 35.8 rd, 32.9 wr, level 2, files in(2, 1) out(3) MB in(132.3, 52.1) out(169.1), read-write-amplify(2.7) write-amplify(1.3) OK, records in: 2969742, records dropped: 1 output_compression: Snappy

[35901] 01-07 06:30:13,748 INFO [RocksDB](Original Log Time 2020/01/07-06:30:13.748330) EVENT_LOG_v1 {"time_micros": 1578378613748325, "job": 10, "event": "compaction_finished", "compaction_time_micros": 5398374, "output_level": 2, "num_output_files": 3, "total_output_size": 177343311, "num_input_records": 2969742, "num_output_records": 2969741, "num_subcompactions": 1, "output_compression": "Snappy", "num_single_delete_mismatches": 0, "num_single_delete_fallthrough": 0, "lsm_state": [0, 15, 4, 0, 0, 0, 0]}
[35901] 01-07 06:30:13,755 INFO [RocksDB]EVENT_LOG_v1 {"time_micros": 1578378613755758, "job": 10, "event": "table_file_deletion", "file_number": 34}
[35901] 01-07 06:30:13,763 INFO [RocksDB]EVENT_LOG_v1 {"time_micros": 1578378613763290, "job": 10, "event": "table_file_deletion", "file_number": 33}
[35901] 01-07 06:30:13,768 INFO [RocksDB]EVENT_LOG_v1 {"time_micros": 1578378613768686, "job": 10, "event": "table_file_deletion", "file_number": 28}
[35901] 01-07 06:30:13,768 INFO [RocksDB][db/compaction_job.cc:1531] [0] [JOB 11] Compacting 1@1 files to L2, score 1.91
[35901] 01-07 06:30:13,768 INFO [RocksDB][db/compaction_job.cc:1535] [0] Compaction start summary: Base version 11 Base level 1, inputs: [35(65MB)]

[35901] 01-07 06:30:13,768 INFO [RocksDB]EVENT_LOG_v1 {"time_micros": 1578378613768731, "job": 11, "event": "compaction_started", "compaction_reason": "LevelMaxLevelSize", "files_L1": [35], "score": 1.91166, "input_data_size": 68989737}
[35901] 01-07 06:30:15,069 INFO [RocksDB][db/compaction_job.cc:1211] [0] [JOB 11] Generated table #53: 597628 keys, 68584956 bytes
[35901] 01-07 06:30:15,069 INFO [RocksDB]EVENT_LOG_v1 {"time_micros": 1578378615069815, "cf_name": "0", "job": 11, "event": "table_file_creation", "file_number": 53, "file_size": 68584956, "table_properties": {"data_size": 67111975, "index_size": 888672, "filter_size": 988059, "raw_key_size": 24599648, "raw_average_key_size": 41, "raw_value_size": 56774642, "raw_average_value_size": 94, "num_data_blocks": 16743, "num_entries": 597628, "filter_policy_name": "rocksdb.BuiltinBloomFilter", "kDeletedKeys": "0", "kMergeOperands": "0"}}
[35901] 01-07 06:30:15,071 INFO [RocksDB][db/compaction_job.cc:1287] [0] [JOB 11] Compacted 1@1 files to L2 => 68584956 bytes
[35901] 01-07 06:30:15,073 INFO [RocksDB](Original Log Time 2020/01/07-06:30:15.072964) [db/compaction_job.cc:685] [0] compacted to: base level 1 max bytes base 536870912 files[0 14 5 0 0 0 0] max score 1.78, MB/sec: 53.0 rd, 52.7 wr, level 2, files in(1, 0) out(1) MB in(65.8, 0.0) out(65.4), read-write-amplify(2.0) write-amplify(1.0) OK, records in: 597628, records dropped: 0 output_compression: Snappy

[35901] 01-07 06:30:15,073 INFO [RocksDB](Original Log Time 2020/01/07-06:30:15.072992) EVENT_LOG_v1 {"time_micros": 1578378615072975, "job": 11, "event": "compaction_finished", "compaction_time_micros": 1302458, "output_level": 2, "num_output_files": 1, "total_output_size": 68584956, "num_input_records": 597628, "num_output_records": 597628, "num_subcompactions": 1, "output_compression": "Snappy", "num_single_delete_mismatches": 0, "num_single_delete_fallthrough": 0, "lsm_state": [0, 14, 5, 0, 0, 0, 0]}
[35901] 01-07 06:30:15,080 INFO [RocksDB]EVENT_LOG_v1 {"time_micros": 1578378615080203, "job": 11, "event": "table_file_deletion", "file_number": 35}
[35901] 01-07 06:30:15,080 INFO [RocksDB][db/compaction_job.cc:1531] [0] [JOB 12] Compacting 1@1 files to L2, score 1.78
[35901] 01-07 06:30:15,080 INFO [RocksDB][db/compaction_job.cc:1535] [0] Compaction start summary: Base version 12 Base level 1, inputs: [45(65MB)]

[35901] 01-07 06:30:15,080 INFO [RocksDB]EVENT_LOG_v1 {"time_micros": 1578378615080250, "job": 12, "event": "compaction_started", "compaction_reason": "LevelMaxLevelSize", "files_L1": [45], "score": 1.78316, "input_data_size": 68989497}
[35901] 01-07 06:30:16,383 INFO [RocksDB][db/compaction_job.cc:1211] [0] [JOB 12] Generated table #54: 597597 keys, 68584170 bytes
[35901] 01-07 06:30:16,383 INFO [RocksDB]EVENT_LOG_v1 {"time_micros": 1578378616383555, "cf_name": "0", "job": 12, "event": "table_file_creation", "file_number": 54, "file_size": 68584170, "table_properties": {"data_size": 67111248, "index_size": 889205, "filter_size": 988013, "raw_key_size": 24599701, "raw_average_key_size": 41, "raw_value_size": 56771715, "raw_average_value_size": 95, "num_data_blocks": 16742, "num_entries": 597597, "filter_policy_name": "rocksdb.BuiltinBloomFilter", "kDeletedKeys": "0", "kMergeOperands": "0"}}
[35901] 01-07 06:30:16,385 INFO [RocksDB][db/compaction_job.cc:1287] [0] [JOB 12] Compacted 1@1 files to L2 => 68584170 bytes
[35901] 01-07 06:30:16,386 INFO [RocksDB](Original Log Time 2020/01/07-06:30:16.386791) [db/compaction_job.cc:685] [0] compacted to: base level 1 max bytes base 536870912 files[0 13 6 0 0 0 0] max score 1.65, MB/sec: 52.9 rd, 52.6 wr, level 2, files in(1, 0) out(1) MB in(65.8, 0.0) out(65.4), read-write-amplify(2.0) write-amplify(1.0) OK, records in: 597597, records dropped: 0 output_compression: Snappy

[35901] 01-07 06:30:16,386 INFO [RocksDB](Original Log Time 2020/01/07-06:30:16.386804) EVENT_LOG_v1 {"time_micros": 1578378616386799, "job": 12, "event": "compaction_finished", "compaction_time_micros": 1304812, "output_level": 2, "num_output_files": 1, "total_output_size": 68584170, "num_input_records": 597597, "num_output_records": 597597, "num_subcompactions": 1, "output_compression": "Snappy", "num_single_delete_mismatches": 0, "num_single_delete_fallthrough": 0, "lsm_state": [0, 13, 6, 0, 0, 0, 0]}
[35901] 01-07 06:30:16,394 INFO [RocksDB]EVENT_LOG_v1 {"time_micros": 1578378616394206, "job": 12, "event": "table_file_deletion", "file_number": 45}
[35901] 01-07 06:30:16,394 INFO [RocksDB][db/compaction_job.cc:1531] [0] [JOB 13] Compacting 1@1 files to L2, score 1.65
[35901] 01-07 06:30:16,394 INFO [RocksDB][db/compaction_job.cc:1535] [0] Compaction start summary: Base version 13 Base level 1, inputs: [40(65MB)]

[35901] 01-07 06:30:16,394 INFO [RocksDB]EVENT_LOG_v1 {"time_micros": 1578378616394251, "job": 13, "event": "compaction_started", "compaction_reason": "LevelMaxLevelSize", "files_L1": [40], "score": 1.65466, "input_data_size": 68989492}
