[31316] 01-07 06:10:02,808 INFO [RocksDB]RocksDB version: 5.14.2

[31316] 01-07 06:10:02,809 INFO [RocksDB]Git sha rocksdb_build_git_sha:9f703a6b9c3430e30aba2286240e44570994efe6
[31316] 01-07 06:10:02,809 INFO [RocksDB]Compile date Jan  7 2020
[31316] 01-07 06:10:02,809 INFO [RocksDB]DB SUMMARY

[31316] 01-07 06:10:02,809 INFO [RocksDB]SST files in /home/ubuntu/ardb/data/rocksdb dir, Total Num: 0, files: 

[31316] 01-07 06:10:02,809 INFO [RocksDB]Write Ahead Log file in /home/ubuntu/ardb/data/rocksdb: 

[31316] 01-07 06:10:02,809 INFO [RocksDB]                        Options.error_if_exists: 0
[31316] 01-07 06:10:02,809 INFO [RocksDB]                      Options.create_if_missing: 1
[31316] 01-07 06:10:02,809 INFO [RocksDB]                        Options.paranoid_checks: 1
[31316] 01-07 06:10:02,809 INFO [RocksDB]                                    Options.env: 0xbfa6c0
[31316] 01-07 06:10:02,809 INFO [RocksDB]                               Options.info_log: 0x7f0eb7e3f8a0
[31316] 01-07 06:10:02,809 INFO [RocksDB]               Options.max_file_opening_threads: 16
[31316] 01-07 06:10:02,809 INFO [RocksDB]                             Options.statistics: (nil)
[31316] 01-07 06:10:02,809 INFO [RocksDB]                              Options.use_fsync: 0
[31316] 01-07 06:10:02,809 INFO [RocksDB]                      Options.max_log_file_size: 0
[31316] 01-07 06:10:02,809 INFO [RocksDB]                 Options.max_manifest_file_size: 18446744073709551615
[31316] 01-07 06:10:02,809 INFO [RocksDB]                  Options.log_file_time_to_roll: 0
[31316] 01-07 06:10:02,809 INFO [RocksDB]                      Options.keep_log_file_num: 1000
[31316] 01-07 06:10:02,809 INFO [RocksDB]                   Options.recycle_log_file_num: 0
[31316] 01-07 06:10:02,809 INFO [RocksDB]                        Options.allow_fallocate: 1
[31316] 01-07 06:10:02,809 INFO [RocksDB]                       Options.allow_mmap_reads: 0
[31316] 01-07 06:10:02,809 INFO [RocksDB]                      Options.allow_mmap_writes: 0
[31316] 01-07 06:10:02,809 INFO [RocksDB]                       Options.use_direct_reads: 0
[31316] 01-07 06:10:02,809 INFO [RocksDB]                       Options.use_direct_io_for_flush_and_compaction: 0
[31316] 01-07 06:10:02,809 INFO [RocksDB]         Options.create_missing_column_families: 0
[31316] 01-07 06:10:02,809 INFO [RocksDB]                             Options.db_log_dir: 
[31316] 01-07 06:10:02,809 INFO [RocksDB]                                Options.wal_dir: /home/ubuntu/ardb/data/rocksdb
[31316] 01-07 06:10:02,809 INFO [RocksDB]               Options.table_cache_numshardbits: 6
[31316] 01-07 06:10:02,809 INFO [RocksDB]                     Options.max_subcompactions: 1
[31316] 01-07 06:10:02,809 INFO [RocksDB]                 Options.max_background_flushes: -1
[31316] 01-07 06:10:02,809 INFO [RocksDB]                        Options.WAL_ttl_seconds: 0
[31316] 01-07 06:10:02,809 INFO [RocksDB]                      Options.WAL_size_limit_MB: 0
[31316] 01-07 06:10:02,809 INFO [RocksDB]            Options.manifest_preallocation_size: 4194304
[31316] 01-07 06:10:02,809 INFO [RocksDB]                    Options.is_fd_close_on_exec: 1
[31316] 01-07 06:10:02,809 INFO [RocksDB]                  Options.advise_random_on_open: 1
[31316] 01-07 06:10:02,809 INFO [RocksDB]                   Options.db_write_buffer_size: 0
[31316] 01-07 06:10:02,809 INFO [RocksDB]                   Options.write_buffer_manager: 0x7f0eb85fa7d0
[31316] 01-07 06:10:02,809 INFO [RocksDB]        Options.access_hint_on_compaction_start: 1
[31316] 01-07 06:10:02,809 INFO [RocksDB] Options.new_table_reader_for_compaction_inputs: 0
[31316] 01-07 06:10:02,809 INFO [RocksDB]          Options.random_access_max_buffer_size: 1048576
[31316] 01-07 06:10:02,809 INFO [RocksDB]                     Options.use_adaptive_mutex: 1
[31316] 01-07 06:10:02,809 INFO [RocksDB]                           Options.rate_limiter: 0x7f0eb7e38540
[31316] 01-07 06:10:02,809 INFO [RocksDB]    Options.sst_file_manager.rate_bytes_per_sec: 0
[31316] 01-07 06:10:02,809 INFO [RocksDB]                      Options.wal_recovery_mode: 2
[31316] 01-07 06:10:02,809 INFO [RocksDB]                 Options.enable_thread_tracking: 0
[31316] 01-07 06:10:02,809 INFO [RocksDB]                 Options.enable_pipelined_write: 1
[31316] 01-07 06:10:02,809 INFO [RocksDB]        Options.allow_concurrent_memtable_write: 1
[31316] 01-07 06:10:02,809 INFO [RocksDB]     Options.enable_write_thread_adaptive_yield: 1
[31316] 01-07 06:10:02,809 INFO [RocksDB]            Options.write_thread_max_yield_usec: 100
[31316] 01-07 06:10:02,809 INFO [RocksDB]           Options.write_thread_slow_yield_usec: 3
[31316] 01-07 06:10:02,809 INFO [RocksDB]                              Options.row_cache: None
[31316] 01-07 06:10:02,809 INFO [RocksDB]                             Options.wal_filter: None
[31316] 01-07 06:10:02,809 INFO [RocksDB]            Options.avoid_flush_during_recovery: 0
[31316] 01-07 06:10:02,809 INFO [RocksDB]            Options.allow_ingest_behind: 0
[31316] 01-07 06:10:02,809 INFO [RocksDB]            Options.preserve_deletes: 0
[31316] 01-07 06:10:02,809 INFO [RocksDB]            Options.two_write_queues: 0
[31316] 01-07 06:10:02,809 INFO [RocksDB]            Options.manual_wal_flush: 0
[31316] 01-07 06:10:02,809 INFO [RocksDB]            Options.max_background_jobs: 16
[31316] 01-07 06:10:02,809 INFO [RocksDB]            Options.max_background_compactions: -1
[31316] 01-07 06:10:02,809 INFO [RocksDB]            Options.avoid_flush_during_shutdown: 0
[31316] 01-07 06:10:02,809 INFO [RocksDB]          Options.writable_file_max_buffer_size: 1048576
[31316] 01-07 06:10:02,809 INFO [RocksDB]            Options.delayed_write_rate : 52428800
[31316] 01-07 06:10:02,809 INFO [RocksDB]            Options.max_total_wal_size: 0
[31316] 01-07 06:10:02,809 INFO [RocksDB]            Options.delete_obsolete_files_period_micros: 21600000000
[31316] 01-07 06:10:02,809 INFO [RocksDB]                  Options.stats_dump_period_sec: 100000
[31316] 01-07 06:10:02,809 INFO [RocksDB]                         Options.max_open_files: 1024
[31316] 01-07 06:10:02,809 INFO [RocksDB]                         Options.bytes_per_sync: 1048576
[31316] 01-07 06:10:02,809 INFO [RocksDB]                     Options.wal_bytes_per_sync: 0
[31316] 01-07 06:10:02,809 INFO [RocksDB]      Options.compaction_readahead_size: 0
[31316] 01-07 06:10:02,809 INFO [RocksDB]Compression algorithms supported:
[31316] 01-07 06:10:02,809 INFO [RocksDB]	kZSTDNotFinalCompression supported: 0
[31316] 01-07 06:10:02,809 INFO [RocksDB]	kZSTD supported: 0
[31316] 01-07 06:10:02,809 INFO [RocksDB]	kXpressCompression supported: 0
[31316] 01-07 06:10:02,809 INFO [RocksDB]	kLZ4HCCompression supported: 0
[31316] 01-07 06:10:02,809 INFO [RocksDB]	kLZ4Compression supported: 0
[31316] 01-07 06:10:02,809 INFO [RocksDB]	kBZip2Compression supported: 0
[31316] 01-07 06:10:02,809 INFO [RocksDB]	kZlibCompression supported: 1
[31316] 01-07 06:10:02,809 INFO [RocksDB]	kSnappyCompression supported: 1
[31316] 01-07 06:10:02,809 INFO [RocksDB]Fast CRC32 supported: Supported on x86
[31316] 01-07 06:10:02,809 INFO [RocksDB][db/db_impl_open.cc:222] Creating manifest 1 

[31316] 01-07 06:10:02,817 INFO [RocksDB][db/version_set.cc:3085] Recovering from manifest file: MANIFEST-000001

[31316] 01-07 06:10:02,817 INFO [RocksDB][db/column_family.cc:475] --------------- Options for column family [default]:

[31316] 01-07 06:10:02,817 INFO [RocksDB]              Options.comparator: ardb.comparator
[31316] 01-07 06:10:02,817 INFO [RocksDB]          Options.merge_operator: ardb.merger
[31316] 01-07 06:10:02,817 INFO [RocksDB]       Options.compaction_filter: None
[31316] 01-07 06:10:02,817 INFO [RocksDB]       Options.compaction_filter_factory: ardb.compact_filter_factory
[31316] 01-07 06:10:02,817 INFO [RocksDB]        Options.memtable_factory: SkipListFactory
[31316] 01-07 06:10:02,817 INFO [RocksDB]           Options.table_factory: BlockBasedTable
[31316] 01-07 06:10:02,817 INFO [RocksDB]           table_factory options:   flush_block_policy_factory: FlushBlockBySizePolicyFactory (0x7f0eb8408018)
  cache_index_and_filter_blocks: 0
  cache_index_and_filter_blocks_with_high_priority: 0
  pin_l0_filter_and_index_blocks_in_cache: 0
  index_type: 0
  hash_index_allow_collision: 1
  checksum: 1
  no_block_cache: 0
  block_cache: 0x7f0eb8481cf0
  block_cache_name: LRUCache
  block_cache_options:
    capacity : 536870912
    num_shard_bits : 6
    strict_capacity_limit : 0
    high_pri_pool_ratio: 0.000
  block_cache_compressed: (nil)
  persistent_cache: (nil)
  block_size: 4096
  block_size_deviation: 10
  block_restart_interval: 16
  index_block_restart_interval: 1
  metadata_block_size: 4096
  partition_filters: 0
  use_delta_encoding: 1
  filter_policy: rocksdb.BuiltinBloomFilter
  whole_key_filtering: 1
  verify_compression: 0
  read_amp_bytes_per_bit: 0
  format_version: 2
  enable_index_compression: 1
  block_align: 0

[31316] 01-07 06:10:02,817 INFO [RocksDB]       Options.write_buffer_size: 268435456
[31316] 01-07 06:10:02,817 INFO [RocksDB] Options.max_write_buffer_number: 6
[31316] 01-07 06:10:02,817 INFO [RocksDB]       Options.compression[0]: NoCompression
[31316] 01-07 06:10:02,817 INFO [RocksDB]       Options.compression[1]: NoCompression
[31316] 01-07 06:10:02,817 INFO [RocksDB]       Options.compression[2]: Snappy
[31316] 01-07 06:10:02,817 INFO [RocksDB]       Options.compression[3]: Snappy
[31316] 01-07 06:10:02,817 INFO [RocksDB]       Options.compression[4]: Snappy
[31316] 01-07 06:10:02,817 INFO [RocksDB]       Options.compression[5]: Snappy
[31316] 01-07 06:10:02,817 INFO [RocksDB]       Options.compression[6]: Snappy
[31316] 01-07 06:10:02,817 INFO [RocksDB]                 Options.bottommost_compression: Disabled
[31316] 01-07 06:10:02,817 INFO [RocksDB]      Options.prefix_extractor: ardb.prefix_extractor
[31316] 01-07 06:10:02,817 INFO [RocksDB]  Options.memtable_insert_with_hint_prefix_extractor: nullptr
[31316] 01-07 06:10:02,817 INFO [RocksDB]            Options.num_levels: 7
[31316] 01-07 06:10:02,817 INFO [RocksDB]       Options.min_write_buffer_number_to_merge: 2
[31316] 01-07 06:10:02,817 INFO [RocksDB]    Options.max_write_buffer_number_to_maintain: 0
[31316] 01-07 06:10:02,817 INFO [RocksDB]           Options.compression_opts.window_bits: -14
[31316] 01-07 06:10:02,817 INFO [RocksDB]                 Options.compression_opts.level: -1
[31316] 01-07 06:10:02,817 INFO [RocksDB]              Options.compression_opts.strategy: 0
[31316] 01-07 06:10:02,817 INFO [RocksDB]        Options.compression_opts.max_dict_bytes: 0
[31316] 01-07 06:10:02,817 INFO [RocksDB]        Options.compression_opts.zstd_max_train_bytes: 0
[31316] 01-07 06:10:02,817 INFO [RocksDB]     Options.level0_file_num_compaction_trigger: 2
[31316] 01-07 06:10:02,817 INFO [RocksDB]         Options.level0_slowdown_writes_trigger: 20
[31316] 01-07 06:10:02,817 INFO [RocksDB]             Options.level0_stop_writes_trigger: 36
[31316] 01-07 06:10:02,817 INFO [RocksDB]                  Options.target_file_size_base: 67108864
[31316] 01-07 06:10:02,817 INFO [RocksDB]            Options.target_file_size_multiplier: 1
[31316] 01-07 06:10:02,817 INFO [RocksDB]               Options.max_bytes_for_level_base: 536870912
[31316] 01-07 06:10:02,817 INFO [RocksDB]Options.level_compaction_dynamic_level_bytes: 0
[31316] 01-07 06:10:02,817 INFO [RocksDB]         Options.max_bytes_for_level_multiplier: 10.000000
[31316] 01-07 06:10:02,817 INFO [RocksDB]Options.max_bytes_for_level_multiplier_addtl[0]: 1
[31316] 01-07 06:10:02,817 INFO [RocksDB]Options.max_bytes_for_level_multiplier_addtl[1]: 1
[31316] 01-07 06:10:02,817 INFO [RocksDB]Options.max_bytes_for_level_multiplier_addtl[2]: 1
[31316] 01-07 06:10:02,817 INFO [RocksDB]Options.max_bytes_for_level_multiplier_addtl[3]: 1
[31316] 01-07 06:10:02,817 INFO [RocksDB]Options.max_bytes_for_level_multiplier_addtl[4]: 1
[31316] 01-07 06:10:02,817 INFO [RocksDB]Options.max_bytes_for_level_multiplier_addtl[5]: 1
[31316] 01-07 06:10:02,817 INFO [RocksDB]Options.max_bytes_for_level_multiplier_addtl[6]: 1
[31316] 01-07 06:10:02,817 INFO [RocksDB]      Options.max_sequential_skip_in_iterations: 8
[31316] 01-07 06:10:02,817 INFO [RocksDB]                   Options.max_compaction_bytes: 1677721600
[31316] 01-07 06:10:02,817 INFO [RocksDB]                       Options.arena_block_size: 33554432
[31316] 01-07 06:10:02,817 INFO [RocksDB]  Options.soft_pending_compaction_bytes_limit: 68719476736
[31316] 01-07 06:10:02,817 INFO [RocksDB]  Options.hard_pending_compaction_bytes_limit: 274877906944
[31316] 01-07 06:10:02,817 INFO [RocksDB]      Options.rate_limit_delay_max_milliseconds: 100
[31316] 01-07 06:10:02,817 INFO [RocksDB]               Options.disable_auto_compactions: 0
[31316] 01-07 06:10:02,817 INFO [RocksDB]                       Options.compaction_style: kCompactionStyleLevel
[31316] 01-07 06:10:02,817 INFO [RocksDB]                         Options.compaction_pri: kByCompensatedSize
[31316] 01-07 06:10:02,817 INFO [RocksDB]Options.compaction_options_universal.size_ratio: 1
[31316] 01-07 06:10:02,817 INFO [RocksDB]Options.compaction_options_universal.min_merge_width: 2
[31316] 01-07 06:10:02,817 INFO [RocksDB]Options.compaction_options_universal.max_merge_width: 4294967295
[31316] 01-07 06:10:02,817 INFO [RocksDB]Options.compaction_options_universal.max_size_amplification_percent: 200
[31316] 01-07 06:10:02,817 INFO [RocksDB]Options.compaction_options_universal.compression_size_percent: -1
[31316] 01-07 06:10:02,817 INFO [RocksDB]Options.compaction_options_universal.stop_style: kCompactionStopStyleTotalSize
[31316] 01-07 06:10:02,817 INFO [RocksDB]Options.compaction_options_fifo.max_table_files_size: 1073741824
[31316] 01-07 06:10:02,817 INFO [RocksDB]Options.compaction_options_fifo.allow_compaction: 0
[31316] 01-07 06:10:02,817 INFO [RocksDB]Options.compaction_options_fifo.ttl: 0
[31316] 01-07 06:10:02,817 INFO [RocksDB]                  Options.table_properties_collectors: 
[31316] 01-07 06:10:02,817 INFO [RocksDB]                  Options.inplace_update_support: 0
[31316] 01-07 06:10:02,817 INFO [RocksDB]                Options.inplace_update_num_locks: 10000
[31316] 01-07 06:10:02,817 INFO [RocksDB]              Options.memtable_prefix_bloom_size_ratio: 0.000000
[31316] 01-07 06:10:02,817 INFO [RocksDB]  Options.memtable_huge_page_size: 0
[31316] 01-07 06:10:02,817 INFO [RocksDB]                          Options.bloom_locality: 0
[31316] 01-07 06:10:02,817 INFO [RocksDB]                   Options.max_successive_merges: 0
[31316] 01-07 06:10:02,817 INFO [RocksDB]               Options.optimize_filters_for_hits: 0
[31316] 01-07 06:10:02,817 INFO [RocksDB]               Options.paranoid_file_checks: 0
[31316] 01-07 06:10:02,817 INFO [RocksDB]               Options.force_consistency_checks: 0
[31316] 01-07 06:10:02,817 INFO [RocksDB]               Options.report_bg_io_stats: 0
[31316] 01-07 06:10:02,817 INFO [RocksDB]                              Options.ttl: 0
[31316] 01-07 06:10:02,817 INFO [RocksDB][db/version_set.cc:3361] Recovered from manifest file:/home/ubuntu/ardb/data/rocksdb/MANIFEST-000001 succeeded,manifest_file_number is 1, next_file_number is 3, last_sequence is 0, log_number is 0,prev_log_number is 0,max_column_family is 0,min_log_number_to_keep is 0

[31316] 01-07 06:10:02,817 INFO [RocksDB][db/version_set.cc:3369] Column family [default] (ID 0), log number is 0

[31316] 01-07 06:10:02,822 INFO [RocksDB][db/db_impl_open.cc:1219] DB pointer 0x7f0eb7dbe000
[31316] 01-07 06:10:02,822 INFO Ardb init engine:rocksdb success.
[31316] 01-07 06:10:02,824 INFO Ardb will accept connections on 0.0.0.0:16379
[31316] 01-07 06:10:02,824 INFO Ardb started with version 0.10.0
[31316] 01-07 06:10:03,825 INFO ========================Period Statistics Dump Begin===========================
[31316] 01-07 06:10:03,825 INFO slave_sync_total_commands_processed:0
[31316] 01-07 06:10:03,825 INFO slave_sync_instantaneous_ops_per_sec:0
[31316] 01-07 06:10:03,825 INFO total_commands_processed:0
[31316] 01-07 06:10:03,825 INFO instantaneous_ops_per_sec:0
[31316] 01-07 06:10:03,825 INFO total_connections_received:0
[31316] 01-07 06:10:03,825 INFO rejected_connections:0
[31316] 01-07 06:10:03,825 INFO ========================Period Statistics Dump End===========================
[31316] 01-07 06:10:15,559 INFO [RocksDB][db/version_set.cc:2847] Creating manifest 6

[31316] 01-07 06:10:15,566 INFO [RocksDB][db/column_family.cc:475] --------------- Options for column family [0]:

[31316] 01-07 06:10:15,566 INFO [RocksDB]              Options.comparator: ardb.comparator
[31316] 01-07 06:10:15,566 INFO [RocksDB]          Options.merge_operator: ardb.merger
[31316] 01-07 06:10:15,566 INFO [RocksDB]       Options.compaction_filter: None
[31316] 01-07 06:10:15,566 INFO [RocksDB]       Options.compaction_filter_factory: ardb.compact_filter_factory
[31316] 01-07 06:10:15,566 INFO [RocksDB]        Options.memtable_factory: SkipListFactory
[31316] 01-07 06:10:15,566 INFO [RocksDB]           Options.table_factory: BlockBasedTable
[31316] 01-07 06:10:15,566 INFO [RocksDB]           table_factory options:   flush_block_policy_factory: FlushBlockBySizePolicyFactory (0x7f0eb8408018)
  cache_index_and_filter_blocks: 0
  cache_index_and_filter_blocks_with_high_priority: 0
  pin_l0_filter_and_index_blocks_in_cache: 0
  index_type: 0
  hash_index_allow_collision: 1
  checksum: 1
  no_block_cache: 0
  block_cache: 0x7f0eb8481cf0
  block_cache_name: LRUCache
  block_cache_options:
    capacity : 536870912
    num_shard_bits : 6
    strict_capacity_limit : 0
    high_pri_pool_ratio: 0.000
  block_cache_compressed: (nil)
  persistent_cache: (nil)
  block_size: 4096
  block_size_deviation: 10
  block_restart_interval: 16
  index_block_restart_interval: 1
  metadata_block_size: 4096
  partition_filters: 0
  use_delta_encoding: 1
  filter_policy: rocksdb.BuiltinBloomFilter
  whole_key_filtering: 1
  verify_compression: 0
  read_amp_bytes_per_bit: 0
  format_version: 2
  enable_index_compression: 1
  block_align: 0

[31316] 01-07 06:10:15,566 INFO [RocksDB]       Options.write_buffer_size: 268435456
[31316] 01-07 06:10:15,566 INFO [RocksDB] Options.max_write_buffer_number: 6
[31316] 01-07 06:10:15,566 INFO [RocksDB]       Options.compression[0]: NoCompression
[31316] 01-07 06:10:15,566 INFO [RocksDB]       Options.compression[1]: NoCompression
[31316] 01-07 06:10:15,566 INFO [RocksDB]       Options.compression[2]: Snappy
[31316] 01-07 06:10:15,566 INFO [RocksDB]       Options.compression[3]: Snappy
[31316] 01-07 06:10:15,566 INFO [RocksDB]       Options.compression[4]: Snappy
[31316] 01-07 06:10:15,566 INFO [RocksDB]       Options.compression[5]: Snappy
[31316] 01-07 06:10:15,566 INFO [RocksDB]       Options.compression[6]: Snappy
[31316] 01-07 06:10:15,566 INFO [RocksDB]                 Options.bottommost_compression: Disabled
[31316] 01-07 06:10:15,566 INFO [RocksDB]      Options.prefix_extractor: ardb.prefix_extractor
[31316] 01-07 06:10:15,566 INFO [RocksDB]  Options.memtable_insert_with_hint_prefix_extractor: nullptr
[31316] 01-07 06:10:15,566 INFO [RocksDB]            Options.num_levels: 7
[31316] 01-07 06:10:15,566 INFO [RocksDB]       Options.min_write_buffer_number_to_merge: 2
[31316] 01-07 06:10:15,566 INFO [RocksDB]    Options.max_write_buffer_number_to_maintain: 0
[31316] 01-07 06:10:15,566 INFO [RocksDB]           Options.compression_opts.window_bits: -14
[31316] 01-07 06:10:15,566 INFO [RocksDB]                 Options.compression_opts.level: -1
[31316] 01-07 06:10:15,566 INFO [RocksDB]              Options.compression_opts.strategy: 0
[31316] 01-07 06:10:15,566 INFO [RocksDB]        Options.compression_opts.max_dict_bytes: 0
[31316] 01-07 06:10:15,566 INFO [RocksDB]        Options.compression_opts.zstd_max_train_bytes: 0
[31316] 01-07 06:10:15,566 INFO [RocksDB]     Options.level0_file_num_compaction_trigger: 2
[31316] 01-07 06:10:15,566 INFO [RocksDB]         Options.level0_slowdown_writes_trigger: 20
[31316] 01-07 06:10:15,566 INFO [RocksDB]             Options.level0_stop_writes_trigger: 36
[31316] 01-07 06:10:15,566 INFO [RocksDB]                  Options.target_file_size_base: 67108864
[31316] 01-07 06:10:15,566 INFO [RocksDB]            Options.target_file_size_multiplier: 1
[31316] 01-07 06:10:15,566 INFO [RocksDB]               Options.max_bytes_for_level_base: 536870912
[31316] 01-07 06:10:15,566 INFO [RocksDB]Options.level_compaction_dynamic_level_bytes: 0
[31316] 01-07 06:10:15,566 INFO [RocksDB]         Options.max_bytes_for_level_multiplier: 10.000000
[31316] 01-07 06:10:15,566 INFO [RocksDB]Options.max_bytes_for_level_multiplier_addtl[0]: 1
[31316] 01-07 06:10:15,566 INFO [RocksDB]Options.max_bytes_for_level_multiplier_addtl[1]: 1
[31316] 01-07 06:10:15,566 INFO [RocksDB]Options.max_bytes_for_level_multiplier_addtl[2]: 1
[31316] 01-07 06:10:15,566 INFO [RocksDB]Options.max_bytes_for_level_multiplier_addtl[3]: 1
[31316] 01-07 06:10:15,566 INFO [RocksDB]Options.max_bytes_for_level_multiplier_addtl[4]: 1
[31316] 01-07 06:10:15,566 INFO [RocksDB]Options.max_bytes_for_level_multiplier_addtl[5]: 1
[31316] 01-07 06:10:15,566 INFO [RocksDB]Options.max_bytes_for_level_multiplier_addtl[6]: 1
[31316] 01-07 06:10:15,566 INFO [RocksDB]      Options.max_sequential_skip_in_iterations: 8
[31316] 01-07 06:10:15,566 INFO [RocksDB]                   Options.max_compaction_bytes: 1677721600
[31316] 01-07 06:10:15,566 INFO [RocksDB]                       Options.arena_block_size: 33554432
[31316] 01-07 06:10:15,566 INFO [RocksDB]  Options.soft_pending_compaction_bytes_limit: 68719476736
[31316] 01-07 06:10:15,566 INFO [RocksDB]  Options.hard_pending_compaction_bytes_limit: 274877906944
[31316] 01-07 06:10:15,566 INFO [RocksDB]      Options.rate_limit_delay_max_milliseconds: 100
[31316] 01-07 06:10:15,566 INFO [RocksDB]               Options.disable_auto_compactions: 0
[31316] 01-07 06:10:15,566 INFO [RocksDB]                       Options.compaction_style: kCompactionStyleLevel
[31316] 01-07 06:10:15,566 INFO [RocksDB]                         Options.compaction_pri: kByCompensatedSize
[31316] 01-07 06:10:15,566 INFO [RocksDB]Options.compaction_options_universal.size_ratio: 1
[31316] 01-07 06:10:15,566 INFO [RocksDB]Options.compaction_options_universal.min_merge_width: 2
[31316] 01-07 06:10:15,566 INFO [RocksDB]Options.compaction_options_universal.max_merge_width: 4294967295
[31316] 01-07 06:10:15,566 INFO [RocksDB]Options.compaction_options_universal.max_size_amplification_percent: 200
[31316] 01-07 06:10:15,566 INFO [RocksDB]Options.compaction_options_universal.compression_size_percent: -1
[31316] 01-07 06:10:15,566 INFO [RocksDB]Options.compaction_options_universal.stop_style: kCompactionStopStyleTotalSize
[31316] 01-07 06:10:15,566 INFO [RocksDB]Options.compaction_options_fifo.max_table_files_size: 1073741824
[31316] 01-07 06:10:15,566 INFO [RocksDB]Options.compaction_options_fifo.allow_compaction: 0
[31316] 01-07 06:10:15,566 INFO [RocksDB]Options.compaction_options_fifo.ttl: 0
[31316] 01-07 06:10:15,566 INFO [RocksDB]                  Options.table_properties_collectors: 
[31316] 01-07 06:10:15,566 INFO [RocksDB]                  Options.inplace_update_support: 0
[31316] 01-07 06:10:15,566 INFO [RocksDB]                Options.inplace_update_num_locks: 10000
[31316] 01-07 06:10:15,566 INFO [RocksDB]              Options.memtable_prefix_bloom_size_ratio: 0.000000
[31316] 01-07 06:10:15,566 INFO [RocksDB]  Options.memtable_huge_page_size: 0
[31316] 01-07 06:10:15,566 INFO [RocksDB]                          Options.bloom_locality: 0
[31316] 01-07 06:10:15,566 INFO [RocksDB]                   Options.max_successive_merges: 0
[31316] 01-07 06:10:15,566 INFO [RocksDB]               Options.optimize_filters_for_hits: 0
[31316] 01-07 06:10:15,566 INFO [RocksDB]               Options.paranoid_file_checks: 0
[31316] 01-07 06:10:15,566 INFO [RocksDB]               Options.force_consistency_checks: 0
[31316] 01-07 06:10:15,566 INFO [RocksDB]               Options.report_bg_io_stats: 0
[31316] 01-07 06:10:15,566 INFO [RocksDB]                              Options.ttl: 0
[31316] 01-07 06:10:15,566 INFO [RocksDB][db/db_impl.cc:1396] Created column family [0] (ID 1)
[31316] 01-07 06:10:15,570 INFO Create ColumnFamilyHandle with name:0 success.
[31316] 01-07 06:10:23,039 INFO [RocksDB][db/db_impl_write.cc:1373] [0] New memtable created with log file: #9. Immutable memtables: 0.

[31316] 01-07 06:10:30,767 INFO [RocksDB][db/db_impl_write.cc:1373] [0] New memtable created with log file: #10. Immutable memtables: 1.

[31316] 01-07 06:10:30,767 INFO [RocksDB][db/db_impl_compaction_flush.cc:80] [JOB 2] Syncing log #3
[31316] 01-07 06:10:31,358 INFO [RocksDB][db/db_impl_compaction_flush.cc:80] [JOB 2] Syncing log #9
[31316] 01-07 06:10:32,824 INFO [RocksDB](Original Log Time 2020/01/07-06:10:30.767220) [db/db_impl_compaction_flush.cc:1424] Calling FlushMemTableToOutputFile with column family [0], flush slots available 4, compaction slots available 1, flush slots scheduled 1, compaction slots scheduled 0
[31316] 01-07 06:10:32,824 INFO [RocksDB][db/flush_job.cc:301] [0] [JOB 2] Flushing memtable with next log file: 9

[31316] 01-07 06:10:32,824 INFO [RocksDB][db/flush_job.cc:301] [0] [JOB 2] Flushing memtable with next log file: 10

[31316] 01-07 06:10:32,824 INFO [RocksDB]EVENT_LOG_v1 {"time_micros": 1578377432824827, "job": 2, "event": "flush_started", "num_memtables": 2, "num_entries": 3439457, "num_deletes": 0, "memory_usage": 524797328, "flush_reason": "Write Buffer Full"}
[31316] 01-07 06:10:32,824 INFO [RocksDB][db/flush_job.cc:331] [0] [JOB 2] Level-0 flush table #11: started
[31316] 01-07 06:10:40,207 INFO [RocksDB]EVENT_LOG_v1 {"time_micros": 1578377440207215, "cf_name": "0", "job": 2, "event": "table_file_creation", "file_number": 11, "file_size": 334434596, "table_properties": {"data_size": 324934965, "index_size": 4360479, "filter_size": 5138110, "raw_key_size": 135352313, "raw_average_key_size": 42, "raw_value_size": 260294820, "raw_average_value_size": 81, "num_data_blocks": 80959, "num_entries": 3193788, "filter_policy_name": "rocksdb.BuiltinBloomFilter", "kDeletedKeys": "0", "kMergeOperands": "0"}}
[31316] 01-07 06:10:40,207 INFO [RocksDB][db/flush_job.cc:371] [0] [JOB 2] Level-0 flush table #11: 334434596 bytes OK
[31316] 01-07 06:10:40,210 INFO [RocksDB](Original Log Time 2020/01/07-06:10:40.208442) [db/memtable_list.cc:377] [0] Level-0 commit table #11 started
[31316] 01-07 06:10:40,210 INFO [RocksDB](Original Log Time 2020/01/07-06:10:40.210158) [db/memtable_list.cc:409] [0] Level-0 commit table #11: memtable #1 done
[31316] 01-07 06:10:40,210 INFO [RocksDB](Original Log Time 2020/01/07-06:10:40.210162) [db/memtable_list.cc:409] [0] Level-0 commit table #11: memtable #2 done
[31316] 01-07 06:10:40,210 INFO [RocksDB](Original Log Time 2020/01/07-06:10:40.210171) EVENT_LOG_v1 {"time_micros": 1578377440210167, "job": 2, "event": "flush_finished", "output_compression": "NoCompression", "lsm_state": [1, 0, 0, 0, 0, 0, 0], "immutable_memtables": 0}
[31316] 01-07 06:10:40,210 INFO [RocksDB](Original Log Time 2020/01/07-06:10:40.210187) [db/db_impl_compaction_flush.cc:177] [0] Level summary: base level 1 max bytes base 536870912 files[1 0 0 0 0 0 0] max score 0.62

[31316] 01-07 06:10:40,210 INFO [RocksDB][db/db_impl_files.cc:342] [JOB 2] Try to delete WAL files size 406127106, prev total WAL file size 591315411, number of live WAL files 3.

[31316] 01-07 06:10:41,214 INFO [RocksDB][db/db_impl_write.cc:1373] [0] New memtable created with log file: #12. Immutable memtables: 0.

[31316] 01-07 06:10:49,383 INFO [RocksDB][db/db_impl_write.cc:1373] [0] New memtable created with log file: #13. Immutable memtables: 1.

[31316] 01-07 06:10:49,383 INFO [RocksDB][db/db_impl_compaction_flush.cc:80] [JOB 3] Syncing log #10
[31316] 01-07 06:10:50,592 INFO [RocksDB][db/db_impl_compaction_flush.cc:80] [JOB 3] Syncing log #12
[31316] 01-07 06:10:51,948 INFO [RocksDB](Original Log Time 2020/01/07-06:10:49.383389) [db/db_impl_compaction_flush.cc:1424] Calling FlushMemTableToOutputFile with column family [0], flush slots available 4, compaction slots available 1, flush slots scheduled 1, compaction slots scheduled 0
[31316] 01-07 06:10:51,948 INFO [RocksDB][db/flush_job.cc:301] [0] [JOB 3] Flushing memtable with next log file: 12

[31316] 01-07 06:10:51,948 INFO [RocksDB][db/flush_job.cc:301] [0] [JOB 3] Flushing memtable with next log file: 13

[31316] 01-07 06:10:51,948 INFO [RocksDB]EVENT_LOG_v1 {"time_micros": 1578377451948382, "job": 3, "event": "flush_started", "num_memtables": 2, "num_entries": 3292147, "num_deletes": 0, "memory_usage": 520102032, "flush_reason": "Write Buffer Full"}
[31316] 01-07 06:10:51,948 INFO [RocksDB][db/flush_job.cc:331] [0] [JOB 3] Level-0 flush table #14: started
[31316] 01-07 06:10:58,095 INFO [RocksDB]EVENT_LOG_v1 {"time_micros": 1578377458095128, "cf_name": "0", "job": 3, "event": "table_file_creation", "file_number": 14, "file_size": 320050515, "table_properties": {"data_size": 310959162, "index_size": 4172475, "filter_size": 4917836, "raw_key_size": 129553044, "raw_average_key_size": 42, "raw_value_size": 249145505, "raw_average_value_size": 81, "num_data_blocks": 77479, "num_entries": 3056997, "filter_policy_name": "rocksdb.BuiltinBloomFilter", "kDeletedKeys": "0", "kMergeOperands": "0"}}
[31316] 01-07 06:10:58,095 INFO [RocksDB][db/flush_job.cc:371] [0] [JOB 3] Level-0 flush table #14: 320050515 bytes OK
[31316] 01-07 06:10:58,098 INFO [RocksDB](Original Log Time 2020/01/07-06:10:58.096643) [db/memtable_list.cc:377] [0] Level-0 commit table #14 started
[31316] 01-07 06:10:58,098 INFO [RocksDB](Original Log Time 2020/01/07-06:10:58.098316) [db/memtable_list.cc:409] [0] Level-0 commit table #14: memtable #1 done
[31316] 01-07 06:10:58,098 INFO [RocksDB](Original Log Time 2020/01/07-06:10:58.098317) [db/memtable_list.cc:409] [0] Level-0 commit table #14: memtable #2 done
[31316] 01-07 06:10:58,098 INFO [RocksDB](Original Log Time 2020/01/07-06:10:58.098326) EVENT_LOG_v1 {"time_micros": 1578377458098321, "job": 3, "event": "flush_finished", "output_compression": "NoCompression", "lsm_state": [2, 0, 0, 0, 0, 0, 0], "immutable_memtables": 0}
[31316] 01-07 06:10:58,098 INFO [RocksDB](Original Log Time 2020/01/07-06:10:58.098351) [db/db_impl_compaction_flush.cc:177] [0] Level summary: base level 1 max bytes base 536870912 files[2 0 0 0 0 0 0] max score 1.22

[31316] 01-07 06:10:58,098 INFO [RocksDB][db/db_impl_files.cc:342] [JOB 3] Try to delete WAL files size 388808455, prev total WAL file size 560978577, number of live WAL files 3.

[31316] 01-07 06:10:58,098 WARN [RocksDB][db/db_impl.cc:491] ------- DUMPING STATS -------
[31316] 01-07 06:10:58,098 WARN [RocksDB][db/db_impl.cc:492] 
** DB Stats **
Uptime(secs): 55.3 total, 55.3 interval
Cumulative writes: 1169K writes, 8189K keys, 1169K commit groups, 1.0 writes per commit group, ingest: 0.90 GB, 16.68 MB/s
Cumulative WAL: 1169K writes, 0 syncs, 1169909.00 writes per sync, written: 0.90 GB, 16.68 MB/s
Cumulative stall: 00:00:0.000 H:M:S, 0.0 percent
Interval writes: 1169K writes, 8189K keys, 1169K commit groups, 1.0 writes per commit group, ingest: 922.30 MB, 16.68 MB/s
Interval WAL: 1169K writes, 0 syncs, 1169909.00 writes per sync, written: 0.90 MB, 16.68 MB/s
Interval stall: 00:00:0.000 H:M:S, 0.0 percent

** Compaction Stats [default] **
Level    Files   Size     Score Read(GB)  Rn(GB) Rnp1(GB) Write(GB) Wnew(GB) Moved(GB) W-Amp Rd(MB/s) Wr(MB/s) Comp(sec) Comp(cnt) Avg(sec) KeyIn KeyDrop
----------------------------------------------------------------------------------------------------------------------------------------------------------
 Sum      0/0    0.00 KB   0.0      0.0     0.0      0.0       0.0     
[31316] 01-07 06:10:58,098 INFO [RocksDB][db/compaction_job.cc:1531] [0] [JOB 4] Compacting 2@0 files to L1, score 1.22
[31316] 01-07 06:10:58,098 INFO [RocksDB][db/compaction_job.cc:1535] [0] Compaction start summary: Base version 4 Base level 0, inputs: [14(305MB) 11(318MB)]

[31316] 01-07 06:10:58,098 INFO [RocksDB]EVENT_LOG_v1 {"time_micros": 1578377458098734, "job": 4, "event": "compaction_started", "compaction_reason": "LevelL0FilesNum", "files_L0": [14, 11], "score": 1.21907, "input_data_size": 654485111}
[31316] 01-07 06:10:59,550 INFO [RocksDB][db/compaction_job.cc:1211] [0] [JOB 4] Generated table #15: 1188261 keys, 69772321 bytes
[31316] 01-07 06:10:59,550 INFO [RocksDB]EVENT_LOG_v1 {"time_micros": 1578377459550882, "cf_name": "0", "job": 4, "event": "table_file_creation", "file_number": 15, "file_size": 69772321, "table_properties": {"data_size": 67109530, "index_size": 976122, "filter_size": 1685638, "raw_key_size": 56572434, "raw_average_key_size": 47, "raw_value_size": 28500548, "raw_average_value_size": 23, "num_data_blocks": 16600, "num_entries": 1188261, "filter_policy_name": "rocksdb.BuiltinBloomFilter", "kDeletedKeys": "0", "kMergeOperands": "0"}}
[31316] 01-07 06:10:59,681 INFO [RocksDB][db/db_impl_write.cc:1373] [0] New memtable created with log file: #17. Immutable memtables: 0.

[31316] 01-07 06:11:00,849 INFO [RocksDB][db/compaction_job.cc:1211] [0] [JOB 4] Generated table #16: 597537 keys, 68989870 bytes
[31316] 01-07 06:11:00,849 INFO [RocksDB]EVENT_LOG_v1 {"time_micros": 1578377460849604, "cf_name": "0", "job": 4, "event": "table_file_creation", "file_number": 16, "file_size": 68989870, "table_properties": {"data_size": 67112610, "index_size": 888313, "filter_size": 987916, "raw_key_size": 24596216, "raw_average_key_size": 41, "raw_value_size": 56765970, "raw_average_value_size": 94, "num_data_blocks": 16739, "num_entries": 597537, "filter_policy_name": "rocksdb.BuiltinBloomFilter", "kDeletedKeys": "0", "kMergeOperands": "0"}}
[31316] 01-07 06:11:02,153 INFO [RocksDB][db/compaction_job.cc:1211] [0] [JOB 4] Generated table #18: 597514 keys, 68987565 bytes
[31316] 01-07 06:11:02,153 INFO [RocksDB]EVENT_LOG_v1 {"time_micros": 1578377462153184, "cf_name": "0", "job": 4, "event": "table_file_creation", "file_number": 18, "file_size": 68987565, "table_properties": {"data_size": 67110124, "index_size": 888527, "filter_size": 987883, "raw_key_size": 24595135, "raw_average_key_size": 41, "raw_value_size": 56763875, "raw_average_value_size": 95, "num_data_blocks": 16739, "num_entries": 597514, "filter_policy_name": "rocksdb.BuiltinBloomFilter", "kDeletedKeys": "0", "kMergeOperands": "0"}}
[31316] 01-07 06:11:03,464 INFO [RocksDB][db/compaction_job.cc:1211] [0] [JOB 4] Generated table #19: 597537 keys, 68987809 bytes
[31316] 01-07 06:11:03,464 INFO [RocksDB]EVENT_LOG_v1 {"time_micros": 1578377463464630, "cf_name": "0", "job": 4, "event": "table_file_creation", "file_number": 19, "file_size": 68987809, "table_properties": {"data_size": 67110988, "index_size": 887878, "filter_size": 987912, "raw_key_size": 24594544, "raw_average_key_size": 41, "raw_value_size": 56765970, "raw_average_value_size": 94, "num_data_blocks": 16739, "num_entries": 597537, "filter_policy_name": "rocksdb.BuiltinBloomFilter", "kDeletedKeys": "0", "kMergeOperands": "0"}}
[31316] 01-07 06:11:04,763 INFO [RocksDB][db/compaction_job.cc:1211] [0] [JOB 4] Generated table #20: 597502 keys, 68987033 bytes
[31316] 01-07 06:11:04,763 INFO [RocksDB]EVENT_LOG_v1 {"time_micros": 1578377464763428, "cf_name": "0", "job": 4, "event": "table_file_creation", "file_number": 20, "file_size": 68987033, "table_properties": {"data_size": 67109556, "index_size": 888577, "filter_size": 987869, "raw_key_size": 24593763, "raw_average_key_size": 41, "raw_value_size": 56762726, "raw_average_value_size": 95, "num_data_blocks": 16739, "num_entries": 597502, "filter_policy_name": "rocksdb.BuiltinBloomFilter", "kDeletedKeys": "0", "kMergeOperands": "0"}}
[31316] 01-07 06:11:06,071 INFO [RocksDB][db/compaction_job.cc:1211] [0] [JOB 4] Generated table #21: 597527 keys, 68989697 bytes
[31316] 01-07 06:11:06,071 INFO [RocksDB]EVENT_LOG_v1 {"time_micros": 1578377466071791, "cf_name": "0", "job": 4, "event": "table_file_creation", "file_number": 21, "file_size": 68989697, "table_properties": {"data_size": 67112209, "index_size": 888544, "filter_size": 987913, "raw_key_size": 24595071, "raw_average_key_size": 41, "raw_value_size": 56765029, "raw_average_value_size": 94, "num_data_blocks": 16740, "num_entries": 597527, "filter_policy_name": "rocksdb.BuiltinBloomFilter", "kDeletedKeys": "0", "kMergeOperands": "0"}}
[31316] 01-07 06:11:07,451 INFO [RocksDB][db/compaction_job.cc:1211] [0] [JOB 4] Generated table #22: 597536 keys, 68989107 bytes
[31316] 01-07 06:11:07,451 INFO [RocksDB]EVENT_LOG_v1 {"time_micros": 1578377467451932, "cf_name": "0", "job": 4, "event": "table_file_creation", "file_number": 22, "file_size": 68989107, "table_properties": {"data_size": 67111608, "index_size": 888555, "filter_size": 987913, "raw_key_size": 24596824, "raw_average_key_size": 41, "raw_value_size": 56765965, "raw_average_value_size": 95, "num_data_blocks": 16739, "num_entries": 597536, "filter_policy_name": "rocksdb.BuiltinBloomFilter", "kDeletedKeys": "0", "kMergeOperands": "0"}}
[31316] 01-07 06:11:08,754 INFO [RocksDB][db/compaction_job.cc:1211] [0] [JOB 4] Generated table #23: 597509 keys, 68988143 bytes
[31316] 01-07 06:11:08,754 INFO [RocksDB]EVENT_LOG_v1 {"time_micros": 1578377468754281, "cf_name": "0", "job": 4, "event": "table_file_creation", "file_number": 23, "file_size": 68988143, "table_properties": {"data_size": 67110696, "index_size": 888538, "filter_size": 987878, "raw_key_size": 24593869, "raw_average_key_size": 41, "raw_value_size": 56763355, "raw_average_value_size": 95, "num_data_blocks": 16739, "num_entries": 597509, "filter_policy_name": "rocksdb.BuiltinBloomFilter", "kDeletedKeys": "0", "kMergeOperands": "0"}}
[31316] 01-07 06:11:10,086 INFO [RocksDB][db/compaction_job.cc:1211] [0] [JOB 4] Generated table #24: 597531 keys, 68989923 bytes
[31316] 01-07 06:11:10,086 INFO [RocksDB]EVENT_LOG_v1 {"time_micros": 1578377470086419, "cf_name": "0", "job": 4, "event": "table_file_creation", "file_number": 24, "file_size": 68989923, "table_properties": {"data_size": 67112270, "index_size": 888705, "filter_size": 987917, "raw_key_size": 24595690, "raw_average_key_size": 41, "raw_value_size": 56765445, "raw_average_value_size": 95, "num_data_blocks": 16740, "num_entries": 597531, "filter_policy_name": "rocksdb.BuiltinBloomFilter", "kDeletedKeys": "0", "kMergeOperands": "0"}}
[31316] 01-07 06:11:10,222 INFO [RocksDB][db/db_impl_write.cc:1373] [0] New memtable created with log file: #26. Immutable memtables: 1.

[31316] 01-07 06:11:10,222 INFO [RocksDB][db/db_impl_compaction_flush.cc:80] [JOB 5] Syncing log #13
[31316] 01-07 06:11:10,978 INFO [RocksDB][db/db_impl_compaction_flush.cc:80] [JOB 5] Syncing log #17
[31316] 01-07 06:11:10,979 INFO [RocksDB][db/compaction_job.cc:1211] [0] [JOB 4] Generated table #25: 282330 keys, 32593888 bytes
[31316] 01-07 06:11:10,979 INFO [RocksDB]EVENT_LOG_v1 {"time_micros": 1578377470979294, "cf_name": "0", "job": 4, "event": "table_file_creation", "file_number": 25, "file_size": 32593888, "table_properties": {"data_size": 31707480, "index_size": 418606, "filter_size": 466772, "raw_key_size": 11571792, "raw_average_key_size": 40, "raw_value_size": 26821386, "raw_average_value_size": 95, "num_data_blocks": 7909, "num_entries": 282330, "filter_policy_name": "rocksdb.BuiltinBloomFilter", "kDeletedKeys": "0", "kMergeOperands": "0"}}
[31316] 01-07 06:11:12,387 INFO [RocksDB][db/compaction_job.cc:1287] [0] [JOB 4] Compacted 2@0 files to L1 => 654275356 bytes
[31316] 01-07 06:11:12,390 INFO [RocksDB](Original Log Time 2020/01/07-06:11:12.390221) [db/compaction_job.cc:685] [0] compacted to: base level 1 max bytes base 536870912 files[0 10 0 0 0 0 0] max score 1.22, MB/sec: 45.8 rd, 45.8 wr, level 1, files in(2, 0) out(10) MB in(624.2, 0.0) out(624.0), read-write-amplify(2.0) write-amplify(1.0) OK, records in: 6250785, records dropped: 1 output_compression: NoCompression

[31316] 01-07 06:11:12,390 INFO [RocksDB](Original Log Time 2020/01/07-06:11:10.222614) [db/db_impl_compaction_flush.cc:1424] Calling FlushMemTableToOutputFile with column family [0], flush slots available 4, compaction slots available 1, flush slots scheduled 1, compaction slots scheduled 1
[31316] 01-07 06:11:12,390 INFO [RocksDB](Original Log Time 2020/01/07-06:11:12.390253) EVENT_LOG_v1 {"time_micros": 1578377472390245, "job": 4, "event": "compaction_finished", "compaction_time_micros": 14288752, "output_level": 1, "num_output_files": 10, "total_output_size": 654275356, "num_input_records": 6250785, "num_output_records": 6250784, "num_subcompactions": 1, "output_compression": "NoCompression", "num_single_delete_mismatches": 0, "num_single_delete_fallthrough": 0, "lsm_state": [0, 10, 0, 0, 0, 0, 0]}
[31316] 01-07 06:11:12,390 INFO [RocksDB][db/flush_job.cc:301] [0] [JOB 5] Flushing memtable with next log file: 17

[31316] 01-07 06:11:12,390 INFO [RocksDB][db/flush_job.cc:301] [0] [JOB 5] Flushing memtable with next log file: 26

[31316] 01-07 06:11:12,390 INFO [RocksDB]EVENT_LOG_v1 {"time_micros": 1578377472390334, "job": 5, "event": "flush_started", "num_memtables": 2, "num_entries": 3336607, "num_deletes": 0, "memory_usage": 520099040, "flush_reason": "Write Buffer Full"}
[31316] 01-07 06:11:12,390 INFO [RocksDB][db/flush_job.cc:331] [0] [JOB 5] Level-0 flush table #27: started
[31316] 01-07 06:11:12,390 INFO [RocksDB][db/compaction_job.cc:1531] [0] [JOB 6] Compacting 1@1 files to L2, score 1.22
[31316] 01-07 06:11:12,390 INFO [RocksDB][db/compaction_job.cc:1535] [0] Compaction start summary: Base version 5 Base level 1, inputs: [15(66MB)]

[31316] 01-07 06:11:12,390 INFO [RocksDB]EVENT_LOG_v1 {"time_micros": 1578377472390458, "job": 6, "event": "compaction_started", "compaction_reason": "LevelMaxLevelSize", "files_L1": [15], "score": 1.21868, "input_data_size": 69772321}
[31316] 01-07 06:11:15,605 INFO [RocksDB][db/compaction_job.cc:1211] [0] [JOB 6] Generated table #28: 1188261 keys, 54504479 bytes
[31316] 01-07 06:11:15,605 INFO [RocksDB]EVENT_LOG_v1 {"time_micros": 1578377475605957, "cf_name": "0", "job": 6, "event": "table_file_creation", "file_number": 28, "file_size": 54504479, "table_properties": {"data_size": 52315026, "index_size": 975818, "filter_size": 1656742, "raw_key_size": 56572434, "raw_average_key_size": 47, "raw_value_size": 28500548, "raw_average_value_size": 23, "num_data_blocks": 16600, "num_entries": 1188261, "filter_policy_name": "rocksdb.BuiltinBloomFilter", "kDeletedKeys": "0", "kMergeOperands": "0"}}
[31316] 01-07 06:11:15,607 INFO [RocksDB][db/compaction_job.cc:1287] [0] [JOB 6] Compacted 1@1 files to L2 => 54504479 bytes
[31316] 01-07 06:11:15,609 INFO [RocksDB](Original Log Time 2020/01/07-06:11:15.609006) [db/compaction_job.cc:685] [0] compacted to: base level 1 max bytes base 536870912 files[0 9 1 0 0 0 0] max score 1.09, MB/sec: 21.7 rd, 16.9 wr, level 2, files in(1, 0) out(1) MB in(66.5, 0.0) out(52.0), read-write-amplify(1.8) write-amplify(0.8) OK, records in: 1188261, records dropped: 0 output_compression: Snappy

[31316] 01-07 06:11:15,609 INFO [RocksDB](Original Log Time 2020/01/07-06:11:15.609023) EVENT_LOG_v1 {"time_micros": 1578377475609018, "job": 6, "event": "compaction_finished", "compaction_time_micros": 3216786, "output_level": 2, "num_output_files": 1, "total_output_size": 54504479, "num_input_records": 1188261, "num_output_records": 1188261, "num_subcompactions": 1, "output_compression": "Snappy", "num_single_delete_mismatches": 0, "num_single_delete_fallthrough": 0, "lsm_state": [0, 9, 1, 0, 0, 0, 0]}
[31316] 01-07 06:11:15,616 INFO [RocksDB]EVENT_LOG_v1 {"time_micros": 1578377475616200, "job": 6, "event": "table_file_deletion", "file_number": 15}
[31316] 01-07 06:11:15,616 INFO [RocksDB][db/compaction_job.cc:1531] [0] [JOB 7] Compacting 1@1 files to L2, score 1.09
[31316] 01-07 06:11:15,616 INFO [RocksDB][db/compaction_job.cc:1535] [0] Compaction start summary: Base version 6 Base level 1, inputs: [24(65MB)]

[31316] 01-07 06:11:15,616 INFO [RocksDB]EVENT_LOG_v1 {"time_micros": 1578377475616817, "job": 7, "event": "compaction_started", "compaction_reason": "LevelMaxLevelSize", "files_L1": [24], "score": 1.08872, "input_data_size": 68989923}
[31316] 01-07 06:11:18,895 INFO [RocksDB][db/compaction_job.cc:1211] [0] [JOB 7] Generated table #29: 597531 keys, 68588320 bytes
[31316] 01-07 06:11:18,895 INFO [RocksDB]EVENT_LOG_v1 {"time_micros": 1578377478895572, "cf_name": "0", "job": 7, "event": "table_file_creation", "file_number": 29, "file_size": 68588320, "table_properties": {"data_size": 67112270, "index_size": 888705, "filter_size": 987917, "raw_key_size": 24595690, "raw_average_key_size": 41, "raw_value_size": 56765445, "raw_average_value_size": 95, "num_data_blocks": 16740, "num_entries": 597531, "filter_policy_name": "rocksdb.BuiltinBloomFilter", "kDeletedKeys": "0", "kMergeOperands": "0"}}
[31316] 01-07 06:11:18,900 INFO [RocksDB][db/compaction_job.cc:1287] [0] [JOB 7] Compacted 1@1 files to L2 => 68588320 bytes
[31316] 01-07 06:11:18,901 INFO [RocksDB](Original Log Time 2020/01/07-06:11:18.901921) [db/compaction_job.cc:685] [0] compacted to: base level 1 max bytes base 536870912 files[0 8 2 0 0 0 0] max score 0.96, MB/sec: 21.0 rd, 20.9 wr, level 2, files in(1, 0) out(1) MB in(65.8, 0.0) out(65.4), read-write-amplify(2.0) write-amplify(1.0) OK, records in: 597531, records dropped: 0 output_compression: Snappy

[31316] 01-07 06:11:18,901 INFO [RocksDB](Original Log Time 2020/01/07-06:11:18.901936) EVENT_LOG_v1 {"time_micros": 1578377478901931, "job": 7, "event": "compaction_finished", "compaction_time_micros": 3283323, "output_level": 2, "num_output_files": 1, "total_output_size": 68588320, "num_input_records": 597531, "num_output_records": 597531, "num_subcompactions": 1, "output_compression": "Snappy", "num_single_delete_mismatches": 0, "num_single_delete_fallthrough": 0, "lsm_state": [0, 8, 2, 0, 0, 0, 0]}
[31316] 01-07 06:11:18,908 INFO [RocksDB]EVENT_LOG_v1 {"time_micros": 1578377478908117, "job": 7, "event": "table_file_deletion", "file_number": 24}
[31316] 01-07 06:11:20,935 INFO [RocksDB]EVENT_LOG_v1 {"time_micros": 1578377480935127, "cf_name": "0", "job": 5, "event": "table_file_creation", "file_number": 27, "file_size": 324431682, "table_properties": {"data_size": 315217653, "index_size": 4228592, "filter_size": 4984395, "raw_key_size": 131306543, "raw_average_key_size": 42, "raw_value_size": 252508789, "raw_average_value_size": 81, "num_data_blocks": 78540, "num_entries": 3098275, "filter_policy_name": "rocksdb.BuiltinBloomFilter", "kDeletedKeys": "0", "kMergeOperands": "0"}}
[31316] 01-07 06:11:20,935 INFO [RocksDB][db/flush_job.cc:371] [0] [JOB 5] Level-0 flush table #27: 324431682 bytes OK
[31316] 01-07 06:11:20,938 INFO [RocksDB](Original Log Time 2020/01/07-06:11:20.936313) [db/memtable_list.cc:377] [0] Level-0 commit table #27 started
[31316] 01-07 06:11:20,938 INFO [RocksDB](Original Log Time 2020/01/07-06:11:20.938039) [db/memtable_list.cc:409] [0] Level-0 commit table #27: memtable #1 done
[31316] 01-07 06:11:20,938 INFO [RocksDB](Original Log Time 2020/01/07-06:11:20.938039) [db/memtable_list.cc:409] [0] Level-0 commit table #27: memtable #2 done
[31316] 01-07 06:11:20,938 INFO [RocksDB](Original Log Time 2020/01/07-06:11:20.938049) EVENT_LOG_v1 {"time_micros": 1578377480938045, "job": 5, "event": "flush_finished", "output_compression": "NoCompression", "lsm_state": [1, 8, 2, 0, 0, 0, 0], "immutable_memtables": 0}
[31316] 01-07 06:11:20,938 INFO [RocksDB](Original Log Time 2020/01/07-06:11:20.938071) [db/db_impl_compaction_flush.cc:177] [0] Level summary: base level 1 max bytes base 536870912 files[1 8 2 0 0 0 0] max score 0.96

[31316] 01-07 06:11:20,938 INFO [RocksDB][db/db_impl_files.cc:342] [JOB 5] Try to delete WAL files size 394062812, prev total WAL file size 530353854, number of live WAL files 3.

[31316] 01-07 06:11:20,985 INFO [RocksDB]EVENT_LOG_v1 {"time_micros": 1578377480985168, "job": 5, "event": "table_file_deletion", "file_number": 14}
[31316] 01-07 06:11:21,035 INFO [RocksDB]EVENT_LOG_v1 {"time_micros": 1578377481035218, "job": 5, "event": "table_file_deletion", "file_number": 11}
[31316] 01-07 06:11:25,604 INFO [RocksDB][db/db_impl_write.cc:1373] [0] New memtable created with log file: #30. Immutable memtables: 0.

[31316] 01-07 06:11:40,854 INFO [RocksDB][db/db_impl_write.cc:1373] [0] New memtable created with log file: #31. Immutable memtables: 1.

[31316] 01-07 06:11:40,854 INFO [RocksDB][db/db_impl_compaction_flush.cc:80] [JOB 8] Syncing log #26
[31316] 01-07 06:11:41,413 INFO [RocksDB][db/db_impl_compaction_flush.cc:80] [JOB 8] Syncing log #30
[31316] 01-07 06:11:42,925 INFO [RocksDB](Original Log Time 2020/01/07-06:11:40.854229) [db/db_impl_compaction_flush.cc:1424] Calling FlushMemTableToOutputFile with column family [0], flush slots available 4, compaction slots available 1, flush slots scheduled 1, compaction slots scheduled 0
[31316] 01-07 06:11:42,925 INFO [RocksDB][db/flush_job.cc:301] [0] [JOB 8] Flushing memtable with next log file: 30

[31316] 01-07 06:11:42,925 INFO [RocksDB][db/flush_job.cc:301] [0] [JOB 8] Flushing memtable with next log file: 31

[31316] 01-07 06:11:42,925 INFO [RocksDB]EVENT_LOG_v1 {"time_micros": 1578377502925859, "job": 8, "event": "flush_started", "num_memtables": 2, "num_entries": 3455186, "num_deletes": 0, "memory_usage": 520100256, "flush_reason": "Write Buffer Full"}
[31316] 01-07 06:11:42,925 INFO [RocksDB][db/flush_job.cc:331] [0] [JOB 8] Level-0 flush table #32: started
[31316] 01-07 06:11:49,450 INFO [RocksDB]EVENT_LOG_v1 {"time_micros": 1578377509450126, "cf_name": "0", "job": 8, "event": "table_file_creation", "file_number": 32, "file_size": 335952645, "table_properties": {"data_size": 326409361, "index_size": 4380810, "filter_size": 5161432, "raw_key_size": 135970840, "raw_average_key_size": 42, "raw_value_size": 261483199, "raw_average_value_size": 81, "num_data_blocks": 81327, "num_entries": 3208388, "filter_policy_name": "rocksdb.BuiltinBloomFilter", "kDeletedKeys": "0", "kMergeOperands": "0"}}
[31316] 01-07 06:11:49,450 INFO [RocksDB][db/flush_job.cc:371] [0] [JOB 8] Level-0 flush table #32: 335952645 bytes OK
[31316] 01-07 06:11:49,453 INFO [RocksDB](Original Log Time 2020/01/07-06:11:49.451284) [db/memtable_list.cc:377] [0] Level-0 commit table #32 started
[31316] 01-07 06:11:49,453 INFO [RocksDB](Original Log Time 2020/01/07-06:11:49.453006) [db/memtable_list.cc:409] [0] Level-0 commit table #32: memtable #1 done
[31316] 01-07 06:11:49,453 INFO [RocksDB](Original Log Time 2020/01/07-06:11:49.453007) [db/memtable_list.cc:409] [0] Level-0 commit table #32: memtable #2 done
[31316] 01-07 06:11:49,453 INFO [RocksDB](Original Log Time 2020/01/07-06:11:49.453019) EVENT_LOG_v1 {"time_micros": 1578377509453012, "job": 8, "event": "flush_finished", "output_compression": "NoCompression", "lsm_state": [2, 8, 2, 0, 0, 0, 0], "immutable_memtables": 0}
[31316] 01-07 06:11:49,453 INFO [RocksDB](Original Log Time 2020/01/07-06:11:49.453039) [db/db_impl_compaction_flush.cc:177] [0] Level summary: base level 1 max bytes base 536870912 files[2 8 2 0 0 0 0] max score 1.23

[31316] 01-07 06:11:49,453 INFO [RocksDB][db/db_impl_files.cc:342] [JOB 8] Try to delete WAL files size 408066321, prev total WAL file size 464353389, number of live WAL files 3.

[31316] 01-07 06:11:49,453 INFO [RocksDB][db/compaction_job.cc:1531] [0] [JOB 9] Compacting 2@0 + 8@1 files to L1, score 1.23
[31316] 01-07 06:11:49,453 INFO [RocksDB][db/compaction_job.cc:1535] [0] Compaction start summary: Base version 9 Base level 0, inputs: [32(320MB) 27(309MB)], [16(65MB) 18(65MB) 19(65MB) 20(65MB) 21(65MB) 22(65MB) 23(65MB) 25(31MB)]

[31316] 01-07 06:11:49,453 INFO [RocksDB]EVENT_LOG_v1 {"time_micros": 1578377509453250, "job": 9, "event": "compaction_started", "compaction_reason": "LevelL0FilesNum", "files_L0": [32, 27], "files_L1": [16, 18, 19, 20, 21, 22, 23, 25], "score": 1.23006, "input_data_size": 1175897439}
[31316] 01-07 06:11:50,914 INFO [RocksDB][db/compaction_job.cc:1211] [0] [JOB 9] Generated table #33: 1193295 keys, 69779597 bytes
[31316] 01-07 06:11:50,914 INFO [RocksDB]EVENT_LOG_v1 {"time_micros": 1578377510914293, "cf_name": "0", "job": 9, "event": "table_file_creation", "file_number": 33, "file_size": 69779597, "table_properties": {"data_size": 67110090, "index_size": 976973, "filter_size": 1691503, "raw_key_size": 56848932, "raw_average_key_size": 47, "raw_value_size": 28222013, "raw_average_value_size": 23, "num_data_blocks": 16599, "num_entries": 1193295, "filter_policy_name": "rocksdb.BuiltinBloomFilter", "kDeletedKeys": "0", "kMergeOperands": "0"}}
[31316] 01-07 06:11:52,214 INFO [RocksDB][db/compaction_job.cc:1211] [0] [JOB 9] Generated table #34: 597595 keys, 68987980 bytes
[31316] 01-07 06:11:52,215 INFO [RocksDB]EVENT_LOG_v1 {"time_micros": 1578377512215005, "cf_name": "0", "job": 9, "event": "table_file_creation", "file_number": 34, "file_size": 68987980, "table_properties": {"data_size": 67109827, "index_size": 889106, "filter_size": 988016, "raw_key_size": 24599632, "raw_average_key_size": 41, "raw_value_size": 56771606, "raw_average_value_size": 95, "num_data_blocks": 16743, "num_entries": 597595, "filter_policy_name": "rocksdb.BuiltinBloomFilter", "kDeletedKeys": "0", "kMergeOperands": "0"}}
[31316] 01-07 06:11:53,525 INFO [RocksDB][db/compaction_job.cc:1211] [0] [JOB 9] Generated table #35: 597603 keys, 68987687 bytes
[31316] 01-07 06:11:53,525 INFO [RocksDB]EVENT_LOG_v1 {"time_micros": 1578377513525716, "cf_name": "0", "job": 9, "event": "table_file_creation", "file_number": 35, "file_size": 68987687, "table_properties": {"data_size": 67109749, "index_size": 888881, "filter_size": 988026, "raw_key_size": 24598581, "raw_average_key_size": 41, "raw_value_size": 56772240, "raw_average_value_size": 94, "num_data_blocks": 16743, "num_entries": 597603, "filter_policy_name": "rocksdb.BuiltinBloomFilter", "kDeletedKeys": "0", "kMergeOperands": "0"}}
[31316] 01-07 06:11:54,833 INFO [RocksDB][db/compaction_job.cc:1211] [0] [JOB 9] Generated table #36: 597608 keys, 68990200 bytes
[31316] 01-07 06:11:54,833 INFO [RocksDB]EVENT_LOG_v1 {"time_micros": 1578377514833713, "cf_name": "0", "job": 9, "event": "table_file_creation", "file_number": 36, "file_size": 68990200, "table_properties": {"data_size": 67112343, "index_size": 888791, "filter_size": 988035, "raw_key_size": 24596437, "raw_average_key_size": 41, "raw_value_size": 56772760, "raw_average_value_size": 95, "num_data_blocks": 16743, "num_entries": 597608, "filter_policy_name": "rocksdb.BuiltinBloomFilter", "kDeletedKeys": "0", "kMergeOperands": "0"}}
[31316] 01-07 06:11:56,212 INFO [RocksDB][db/compaction_job.cc:1211] [0] [JOB 9] Generated table #37: 597632 keys, 68987146 bytes
[31316] 01-07 06:11:56,212 INFO [RocksDB]EVENT_LOG_v1 {"time_micros": 1578377516212809, "cf_name": "0", "job": 9, "event": "table_file_creation", "file_number": 37, "file_size": 68987146, "table_properties": {"data_size": 67109720, "index_size": 888354, "filter_size": 988041, "raw_key_size": 24601092, "raw_average_key_size": 41, "raw_value_size": 56775058, "raw_average_value_size": 95, "num_data_blocks": 16741, "num_entries": 597632, "filter_policy_name": "rocksdb.BuiltinBloomFilter", "kDeletedKeys": "0", "kMergeOperands": "0"}}
[31316] 01-07 06:11:57,515 INFO [RocksDB][db/compaction_job.cc:1211] [0] [JOB 9] Generated table #38: 597595 keys, 68986761 bytes
[31316] 01-07 06:11:57,515 INFO [RocksDB]EVENT_LOG_v1 {"time_micros": 1578377517515184, "cf_name": "0", "job": 9, "event": "table_file_creation", "file_number": 38, "file_size": 68986761, "table_properties": {"data_size": 67109253, "index_size": 888470, "filter_size": 988007, "raw_key_size": 24596449, "raw_average_key_size": 41, "raw_value_size": 56771507, "raw_average_value_size": 94, "num_data_blocks": 16742, "num_entries": 597595, "filter_policy_name": "rocksdb.BuiltinBloomFilter", "kDeletedKeys": "0", "kMergeOperands": "0"}}
[31316] 01-07 06:11:58,838 INFO [RocksDB][db/compaction_job.cc:1211] [0] [JOB 9] Generated table #39: 597632 keys, 68990530 bytes
[31316] 01-07 06:11:58,838 INFO [RocksDB]EVENT_LOG_v1 {"time_micros": 1578377518838970, "cf_name": "0", "job": 9, "event": "table_file_creation", "file_number": 39, "file_size": 68990530, "table_properties": {"data_size": 67112845, "index_size": 888600, "filter_size": 988054, "raw_key_size": 24598848, "raw_average_key_size": 41, "raw_value_size": 56775058, "raw_average_value_size": 95, "num_data_blocks": 16742, "num_entries": 597632, "filter_policy_name": "rocksdb.BuiltinBloomFilter", "kDeletedKeys": "0", "kMergeOperands": "0"}}
[31316] 01-07 06:12:00,119 INFO [RocksDB][db/compaction_job.cc:1211] [0] [JOB 9] Generated table #40: 597575 keys, 68986931 bytes
[31316] 01-07 06:12:00,119 INFO [RocksDB]EVENT_LOG_v1 {"time_micros": 1578377520119673, "cf_name": "0", "job": 9, "event": "table_file_creation", "file_number": 40, "file_size": 68986931, "table_properties": {"data_size": 67109096, "index_size": 888821, "filter_size": 987983, "raw_key_size": 24596582, "raw_average_key_size": 41, "raw_value_size": 56769625, "raw_average_value_size": 95, "num_data_blocks": 16742, "num_entries": 597575, "filter_policy_name": "rocksdb.BuiltinBloomFilter", "kDeletedKeys": "0", "kMergeOperands": "0"}}
[31316] 01-07 06:12:01,429 INFO [RocksDB][db/compaction_job.cc:1211] [0] [JOB 9] Generated table #41: 597608 keys, 68986378 bytes
[31316] 01-07 06:12:01,429 INFO [RocksDB]EVENT_LOG_v1 {"time_micros": 1578377521429616, "cf_name": "0", "job": 9, "event": "table_file_creation", "file_number": 41, "file_size": 68986378, "table_properties": {"data_size": 67109090, "index_size": 888244, "filter_size": 988013, "raw_key_size": 24596954, "raw_average_key_size": 41, "raw_value_size": 56772760, "raw_average_value_size": 95, "num_data_blocks": 16741, "num_entries": 597608, "filter_policy_name": "rocksdb.BuiltinBloomFilter", "kDeletedKeys": "0", "kMergeOperands": "0"}}
[31316] 01-07 06:12:02,738 INFO [RocksDB][db/compaction_job.cc:1211] [0] [JOB 9] Generated table #42: 597628 keys, 68991055 bytes
[31316] 01-07 06:12:02,738 INFO [RocksDB]EVENT_LOG_v1 {"time_micros": 1578377522738306, "cf_name": "0", "job": 9, "event": "table_file_creation", "file_number": 42, "file_size": 68991055, "table_properties": {"data_size": 67113010, "index_size": 888973, "filter_size": 988041, "raw_key_size": 24600561, "raw_average_key_size": 41, "raw_value_size": 56774642, "raw_average_value_size": 94, "num_data_blocks": 16741, "num_entries": 597628, "filter_policy_name": "rocksdb.BuiltinBloomFilter", "kDeletedKeys": "0", "kMergeOperands": "0"}}
[31316] 01-07 06:12:04,038 INFO [RocksDB][db/compaction_job.cc:1211] [0] [JOB 9] Generated table #43: 597616 keys, 68989321 bytes
[31316] 01-07 06:12:04,038 INFO [RocksDB]EVENT_LOG_v1 {"time_micros": 1578377524038328, "cf_name": "0", "job": 9, "event": "table_file_creation", "file_number": 43, "file_size": 68989321, "table_properties": {"data_size": 67111410, "index_size": 888835, "filter_size": 988045, "raw_key_size": 24598875, "raw_average_key_size": 41, "raw_value_size": 56773493, "raw_average_value_size": 94, "num_data_blocks": 16743, "num_entries": 597616, "filter_policy_name": "rocksdb.BuiltinBloomFilter", "kDeletedKeys": "0", "kMergeOperands": "0"}}
[31316] 01-07 06:12:05,418 INFO [RocksDB][db/compaction_job.cc:1211] [0] [JOB 9] Generated table #44: 597606 keys, 68989999 bytes
[31316] 01-07 06:12:05,418 INFO [RocksDB]EVENT_LOG_v1 {"time_micros": 1578377525418823, "cf_name": "0", "job": 9, "event": "table_file_creation", "file_number": 44, "file_size": 68989999, "table_properties": {"data_size": 67112133, "index_size": 888813, "filter_size": 988022, "raw_key_size": 24596946, "raw_average_key_size": 41, "raw_value_size": 56772651, "raw_average_value_size": 95, "num_data_blocks": 16742, "num_entries": 597606, "filter_policy_name": "rocksdb.BuiltinBloomFilter", "kDeletedKeys": "0", "kMergeOperands": "0"}}
[31316] 01-07 06:12:06,721 INFO [RocksDB][db/compaction_job.cc:1211] [0] [JOB 9] Generated table #45: 597622 keys, 68989179 bytes
[31316] 01-07 06:12:06,721 INFO [RocksDB]EVENT_LOG_v1 {"time_micros": 1578377526721157, "cf_name": "0", "job": 9, "event": "table_file_creation", "file_number": 45, "file_size": 68989179, "table_properties": {"data_size": 67111239, "index_size": 888867, "filter_size": 988042, "raw_key_size": 24601387, "raw_average_key_size": 41, "raw_value_size": 56774018, "raw_average_value_size": 94, "num_data_blocks": 16742, "num_entries": 597622, "filter_policy_name": "rocksdb.BuiltinBloomFilter", "kDeletedKeys": "0", "kMergeOperands": "0"}}
[31316] 01-07 06:12:08,024 INFO [RocksDB][db/compaction_job.cc:1211] [0] [JOB 9] Generated table #46: 597612 keys, 68989070 bytes
[31316] 01-07 06:12:08,024 INFO [RocksDB]EVENT_LOG_v1 {"time_micros": 1578377528024098, "cf_name": "0", "job": 9, "event": "table_file_creation", "file_number": 46, "file_size": 68989070, "table_properties": {"data_size": 67111169, "index_size": 888840, "filter_size": 988030, "raw_key_size": 24599102, "raw_average_key_size": 41, "raw_value_size": 56773176, "raw_average_value_size": 95, "num_data_blocks": 16742, "num_entries": 597612, "filter_policy_name": "rocksdb.BuiltinBloomFilter", "kDeletedKeys": "0", "kMergeOperands": "0"}}
[31316] 01-07 06:12:09,335 INFO [RocksDB][db/compaction_job.cc:1211] [0] [JOB 9] Generated table #47: 597612 keys, 68990519 bytes
[31316] 01-07 06:12:09,335 INFO [RocksDB]EVENT_LOG_v1 {"time_micros": 1578377529335905, "cf_name": "0", "job": 9, "event": "table_file_creation", "file_number": 47, "file_size": 68990519, "table_properties": {"data_size": 67112063, "index_size": 889386, "filter_size": 988039, "raw_key_size": 24599894, "raw_average_key_size": 41, "raw_value_size": 56773176, "raw_average_value_size": 95, "num_data_blocks": 16743, "num_entries": 597612, "filter_policy_name": "rocksdb.BuiltinBloomFilter", "kDeletedKeys": "0", "kMergeOperands": "0"}}
[31316] 01-07 06:12:10,634 INFO [RocksDB][db/compaction_job.cc:1211] [0] [JOB 9] Generated table #48: 597507 keys, 68988520 bytes
[31316] 01-07 06:12:10,634 INFO [RocksDB]EVENT_LOG_v1 {"time_micros": 1578377530634694, "cf_name": "0", "job": 9, "event": "table_file_creation", "file_number": 48, "file_size": 68988520, "table_properties": {"data_size": 67111038, "index_size": 888575, "filter_size": 987876, "raw_key_size": 24595306, "raw_average_key_size": 41, "raw_value_size": 56763048, "raw_average_value_size": 94, "num_data_blocks": 16739, "num_entries": 597507, "filter_policy_name": "rocksdb.BuiltinBloomFilter", "kDeletedKeys": "0", "kMergeOperands": "0"}}
[31316] 01-07 06:12:11,941 INFO [RocksDB][db/compaction_job.cc:1211] [0] [JOB 9] Generated table #49: 597626 keys, 68989344 bytes
[31316] 01-07 06:12:11,941 INFO [RocksDB]EVENT_LOG_v1 {"time_micros": 1578377531941580, "cf_name": "0", "job": 9, "event": "table_file_creation", "file_number": 49, "file_size": 68989344, "table_properties": {"data_size": 67112302, "index_size": 887987, "filter_size": 988024, "raw_key_size": 24519207, "raw_average_key_size": 41, "raw_value_size": 56774533, "raw_average_value_size": 95, "num_data_blocks": 16741, "num_entries": 597626, "filter_policy_name": "rocksdb.BuiltinBloomFilter", "kDeletedKeys": "0", "kMergeOperands": "0"}}
[31316] 01-07 06:12:12,026 INFO [RocksDB][db/compaction_job.cc:1211] [0] [JOB 9] Generated table #50: 16682 keys, 1925594 bytes
[31316] 01-07 06:12:12,026 INFO [RocksDB]EVENT_LOG_v1 {"time_micros": 1578377532026625, "cf_name": "0", "job": 9, "event": "table_file_creation", "file_number": 50, "file_size": 1925594, "table_properties": {"data_size": 1872942, "index_size": 24055, "filter_size": 27572, "raw_key_size": 669793, "raw_average_key_size": 40, "raw_value_size": 1584844, "raw_average_value_size": 95, "num_data_blocks": 467, "num_entries": 16682, "filter_policy_name": "rocksdb.BuiltinBloomFilter", "kDeletedKeys": "0", "kMergeOperands": "0"}}
[31316] 01-07 06:12:12,028 INFO [RocksDB][db/compaction_job.cc:1287] [0] [JOB 9] Compacted 2@0 + 8@1 files to L1 => 1175525811 bytes
[31316] 01-07 06:12:12,030 INFO [RocksDB](Original Log Time 2020/01/07-06:12:12.030180) [db/compaction_job.cc:685] [0] compacted to: base level 1 max bytes base 536870912 files[0 18 2 0 0 0 0] max score 2.19, MB/sec: 52.1 rd, 52.1 wr, level 1, files in(2, 8) out(18) MB in(629.8, 491.6) out(1121.1), read-write-amplify(3.6) write-amplify(1.8) OK, records in: 10771655, records dropped: 1 output_compression: NoCompression

[31316] 01-07 06:12:12,030 INFO [RocksDB](Original Log Time 2020/01/07-06:12:12.030206) EVENT_LOG_v1 {"time_micros": 1578377532030188, "job": 9, "event": "compaction_finished", "compaction_time_micros": 22575063, "output_level": 1, "num_output_files": 18, "total_output_size": 1175525811, "num_input_records": 10771655, "num_output_records": 10771654, "num_subcompactions": 1, "output_compression": "NoCompression", "num_single_delete_mismatches": 0, "num_single_delete_fallthrough": 0, "lsm_state": [0, 18, 2, 0, 0, 0, 0]}
[31316] 01-07 06:12:12,030 INFO [RocksDB][db/compaction_picker.cc:485] [0] Expanding@1 1+1(69779597+54504479 bytes) to 2+1 (138767577+54504479 bytes)

[31316] 01-07 06:12:12,030 INFO [RocksDB][db/compaction_job.cc:1531] [0] [JOB 10] Compacting 2@1 + 1@2 files to L2, score 2.19
[31316] 01-07 06:12:12,030 INFO [RocksDB][db/compaction_job.cc:1535] [0] Compaction start summary: Base version 10 Base level 1, inputs: [33(66MB) 34(65MB)], [28(51MB)]

[31316] 01-07 06:12:12,030 INFO [RocksDB]EVENT_LOG_v1 {"time_micros": 1578377532030305, "job": 10, "event": "compaction_started", "compaction_reason": "LevelMaxLevelSize", "files_L1": [33, 34], "files_L2": [28], "score": 2.18959, "input_data_size": 193272056}
[31316] 01-07 06:12:12,064 INFO [RocksDB]EVENT_LOG_v1 {"time_micros": 1578377532064174, "job": 0, "event": "table_file_deletion", "file_number": 32}
[31316] 01-07 06:12:12,095 INFO [RocksDB]EVENT_LOG_v1 {"time_micros": 1578377532095661, "job": 0, "event": "table_file_deletion", "file_number": 27}
[31316] 01-07 06:12:12,098 INFO [RocksDB]EVENT_LOG_v1 {"time_micros": 1578377532098852, "job": 0, "event": "table_file_deletion", "file_number": 25}
[31316] 01-07 06:12:12,105 INFO [RocksDB]EVENT_LOG_v1 {"time_micros": 1578377532105467, "job": 0, "event": "table_file_deletion", "file_number": 23}
[31316] 01-07 06:12:12,111 INFO [RocksDB]EVENT_LOG_v1 {"time_micros": 1578377532111984, "job": 0, "event": "table_file_deletion", "file_number": 22}
[31316] 01-07 06:12:12,118 INFO [RocksDB]EVENT_LOG_v1 {"time_micros": 1578377532118767, "job": 0, "event": "table_file_deletion", "file_number": 21}
[31316] 01-07 06:12:12,125 INFO [RocksDB]EVENT_LOG_v1 {"time_micros": 1578377532125584, "job": 0, "event": "table_file_deletion", "file_number": 20}
[31316] 01-07 06:12:12,132 INFO [RocksDB]EVENT_LOG_v1 {"time_micros": 1578377532132479, "job": 0, "event": "table_file_deletion", "file_number": 19}
[31316] 01-07 06:12:12,139 INFO [RocksDB]EVENT_LOG_v1 {"time_micros": 1578377532139202, "job": 0, "event": "table_file_deletion", "file_number": 18}
[31316] 01-07 06:12:12,145 INFO [RocksDB]EVENT_LOG_v1 {"time_micros": 1578377532145859, "job": 0, "event": "table_file_deletion", "file_number": 16}
[31316] 01-07 06:12:15,377 INFO [RocksDB][db/compaction_job.cc:1211] [0] [JOB 10] Generated table #51: 2051674 keys, 70672480 bytes
[31316] 01-07 06:12:15,377 INFO [RocksDB]EVENT_LOG_v1 {"time_micros": 1578377535377283, "cf_name": "0", "job": 10, "event": "table_file_creation", "file_number": 51, "file_size": 70672480, "table_properties": {"data_size": 67110717, "index_size": 1459645, "filter_size": 2773205, "raw_key_size": 99842903, "raw_average_key_size": 48, "raw_value_size": 25383891, "raw_average_value_size": 12, "num_data_blocks": 23898, "num_entries": 2051674, "filter_policy_name": "rocksdb.BuiltinBloomFilter", "kDeletedKeys": "0", "kMergeOperands": "0"}}
[31316] 01-07 06:12:16,680 INFO [RocksDB][db/compaction_job.cc:1211] [0] [JOB 10] Generated table #52: 597617 keys, 68583396 bytes
[31316] 01-07 06:12:16,680 INFO [RocksDB]EVENT_LOG_v1 {"time_micros": 1578377536680255, "cf_name": "0", "job": 10, "event": "table_file_creation", "file_number": 52, "file_size": 68583396, "table_properties": {"data_size": 67110934, "index_size": 888903, "filter_size": 988033, "raw_key_size": 24600029, "raw_average_key_size": 41, "raw_value_size": 56773597, "raw_average_value_size": 94, "num_data_blocks": 16742, "num_entries": 597617, "filter_policy_name": "rocksdb.BuiltinBloomFilter", "kDeletedKeys": "0", "kMergeOperands": "0"}}
[31316] 01-07 06:12:17,453 INFO [RocksDB][db/compaction_job.cc:1211] [0] [JOB 10] Generated table #53: 329859 keys, 37855239 bytes
[31316] 01-07 06:12:17,453 INFO [RocksDB]EVENT_LOG_v1 {"time_micros": 1578377537453274, "cf_name": "0", "job": 10, "event": "table_file_creation", "file_number": 53, "file_size": 37855239, "table_properties": {"data_size": 37041905, "index_size": 490358, "filter_size": 545363, "raw_key_size": 13578047, "raw_average_key_size": 41, "raw_value_size": 31336623, "raw_average_value_size": 95, "num_data_blocks": 9242, "num_entries": 329859, "filter_policy_name": "rocksdb.BuiltinBloomFilter", "kDeletedKeys": "0", "kMergeOperands": "0"}}
[31316] 01-07 06:12:17,454 INFO [RocksDB][db/compaction_job.cc:1287] [0] [JOB 10] Compacted 2@1 + 1@2 files to L2 => 177111115 bytes
[31316] 01-07 06:12:17,456 INFO [RocksDB](Original Log Time 2020/01/07-06:12:17.456528) [db/compaction_job.cc:685] [0] compacted to: base level 1 max bytes base 536870912 files[0 16 4 0 0 0 0] max score 1.93, MB/sec: 35.6 rd, 32.7 wr, level 2, files in(2, 1) out(3) MB in(132.3, 52.0) out(168.9), read-write-amplify(2.7) write-amplify(1.3) OK, records in: 2979151, records dropped: 1 output_compression: Snappy

[31316] 01-07 06:12:17,456 INFO [RocksDB](Original Log Time 2020/01/07-06:12:17.456553) EVENT_LOG_v1 {"time_micros": 1578377537456536, "job": 10, "event": "compaction_finished", "compaction_time_micros": 5424310, "output_level": 2, "num_output_files": 3, "total_output_size": 177111115, "num_input_records": 2979151, "num_output_records": 2979150, "num_subcompactions": 1, "output_compression": "Snappy", "num_single_delete_mismatches": 0, "num_single_delete_fallthrough": 0, "lsm_state": [0, 16, 4, 0, 0, 0, 0]}
[31316] 01-07 06:12:17,456 INFO [RocksDB][db/compaction_job.cc:1531] [0] [JOB 11] Compacting 1@1 files to L2, score 1.93
[31316] 01-07 06:12:17,456 INFO [RocksDB][db/compaction_job.cc:1535] [0] Compaction start summary: Base version 11 Base level 1, inputs: [42(65MB)]

[31316] 01-07 06:12:17,456 INFO [RocksDB]EVENT_LOG_v1 {"time_micros": 1578377537456625, "job": 11, "event": "compaction_started", "compaction_reason": "LevelMaxLevelSize", "files_L1": [42], "score": 1.93111, "input_data_size": 68991055}
[31316] 01-07 06:12:17,464 INFO [RocksDB]EVENT_LOG_v1 {"time_micros": 1578377537464224, "job": 0, "event": "table_file_deletion", "file_number": 34}
[31316] 01-07 06:12:17,471 INFO [RocksDB]EVENT_LOG_v1 {"time_micros": 1578377537471426, "job": 0, "event": "table_file_deletion", "file_number": 33}
[31316] 01-07 06:12:17,476 INFO [RocksDB]EVENT_LOG_v1 {"time_micros": 1578377537476799, "job": 0, "event": "table_file_deletion", "file_number": 28}
[31316] 01-07 06:12:18,758 INFO [RocksDB][db/compaction_job.cc:1211] [0] [JOB 11] Generated table #54: 597628 keys, 68586201 bytes
[31316] 01-07 06:12:18,758 INFO [RocksDB]EVENT_LOG_v1 {"time_micros": 1578377538758803, "cf_name": "0", "job": 11, "event": "table_file_creation", "file_number": 54, "file_size": 68586201, "table_properties": {"data_size": 67113010, "index_size": 888973, "filter_size": 988041, "raw_key_size": 24600561, "raw_average_key_size": 41, "raw_value_size": 56774642, "raw_average_value_size": 94, "num_data_blocks": 16741, "num_entries": 597628, "filter_policy_name": "rocksdb.BuiltinBloomFilter", "kDeletedKeys": "0", "kMergeOperands": "0"}}
[31316] 01-07 06:12:18,760 INFO [RocksDB][db/compaction_job.cc:1287] [0] [JOB 11] Compacted 1@1 files to L2 => 68586201 bytes
[31316] 01-07 06:12:18,761 INFO [RocksDB](Original Log Time 2020/01/07-06:12:18.761776) [db/compaction_job.cc:685] [0] compacted to: base level 1 max bytes base 536870912 files[0 15 5 0 0 0 0] max score 1.80, MB/sec: 52.9 rd, 52.6 wr, level 2, files in(1, 0) out(1) MB in(65.8, 0.0) out(65.4), read-write-amplify(2.0) write-amplify(1.0) OK, records in: 597628, records dropped: 0 output_compression: Snappy

[31316] 01-07 06:12:18,761 INFO [RocksDB](Original Log Time 2020/01/07-06:12:18.761802) EVENT_LOG_v1 {"time_micros": 1578377538761785, "job": 11, "event": "compaction_finished", "compaction_time_micros": 1303384, "output_level": 2, "num_output_files": 1, "total_output_size": 68586201, "num_input_records": 597628, "num_output_records": 597628, "num_subcompactions": 1, "output_compression": "Snappy", "num_single_delete_mismatches": 0, "num_single_delete_fallthrough": 0, "lsm_state": [0, 15, 5, 0, 0, 0, 0]}
[31316] 01-07 06:12:18,761 INFO [RocksDB][db/compaction_job.cc:1531] [0] [JOB 12] Compacting 1@1 files to L2, score 1.80
[31316] 01-07 06:12:18,761 INFO [RocksDB][db/compaction_job.cc:1535] [0] Compaction start summary: Base version 12 Base level 1, inputs: [39(65MB)]

[31316] 01-07 06:12:18,761 INFO [RocksDB]EVENT_LOG_v1 {"time_micros": 1578377538761869, "job": 12, "event": "compaction_started", "compaction_reason": "LevelMaxLevelSize", "files_L1": [39], "score": 1.80261, "input_data_size": 68990530}
[31316] 01-07 06:12:18,769 INFO [RocksDB]EVENT_LOG_v1 {"time_micros": 1578377538769217, "job": 0, "event": "table_file_deletion", "file_number": 42}
[31316] 01-07 06:12:20,062 INFO [RocksDB][db/compaction_job.cc:1211] [0] [JOB 12] Generated table #55: 597632 keys, 68585628 bytes
[31316] 01-07 06:12:20,062 INFO [RocksDB]EVENT_LOG_v1 {"time_micros": 1578377540062739, "cf_name": "0", "job": 12, "event": "table_file_creation", "file_number": 55, "file_size": 68585628, "table_properties": {"data_size": 67112845, "index_size": 888600, "filter_size": 988054, "raw_key_size": 24598848, "raw_average_key_size": 41, "raw_value_size": 56775058, "raw_average_value_size": 95, "num_data_blocks": 16742, "num_entries": 597632, "filter_policy_name": "rocksdb.BuiltinBloomFilter", "kDeletedKeys": "0", "kMergeOperands": "0"}}
[31316] 01-07 06:12:20,064 INFO [RocksDB][db/compaction_job.cc:1287] [0] [JOB 12] Compacted 1@1 files to L2 => 68585628 bytes
[31316] 01-07 06:12:20,065 INFO [RocksDB](Original Log Time 2020/01/07-06:12:20.065690) [db/compaction_job.cc:685] [0] compacted to: base level 1 max bytes base 536870912 files[0 14 6 0 0 0 0] max score 1.67, MB/sec: 53.0 rd, 52.7 wr, level 2, files in(1, 0) out(1) MB in(65.8, 0.0) out(65.4), read-write-amplify(2.0) write-amplify(1.0) OK, records in: 597632, records dropped: 0 output_compression: Snappy

[31316] 01-07 06:12:20,065 INFO [RocksDB](Original Log Time 2020/01/07-06:12:20.065704) EVENT_LOG_v1 {"time_micros": 1578377540065699, "job": 12, "event": "compaction_finished", "compaction_time_micros": 1302117, "output_level": 2, "num_output_files": 1, "total_output_size": 68585628, "num_input_records": 597632, "num_output_records": 597632, "num_subcompactions": 1, "output_compression": "Snappy", "num_single_delete_mismatches": 0, "num_single_delete_fallthrough": 0, "lsm_state": [0, 14, 6, 0, 0, 0, 0]}
[31316] 01-07 06:12:20,072 INFO [RocksDB]EVENT_LOG_v1 {"time_micros": 1578377540072602, "job": 12, "event": "table_file_deletion", "file_number": 39}
[31316] 01-07 06:12:20,072 INFO [RocksDB][db/compaction_job.cc:1531] [0] [JOB 13] Compacting 1@1 files to L2, score 1.67
[31316] 01-07 06:12:20,072 INFO [RocksDB][db/compaction_job.cc:1535] [0] Compaction start summary: Base version 13 Base level 1, inputs: [47(65MB)]

[31316] 01-07 06:12:20,072 INFO [RocksDB]EVENT_LOG_v1 {"time_micros": 1578377540072650, "job": 13, "event": "compaction_started", "compaction_reason": "LevelMaxLevelSize", "files_L1": [47], "score": 1.6741, "input_data_size": 68990519}
[31316] 01-07 06:12:21,374 INFO [RocksDB][db/compaction_job.cc:1211] [0] [JOB 13] Generated table #56: 597612 keys, 68585251 bytes
[31316] 01-07 06:12:21,374 INFO [RocksDB]EVENT_LOG_v1 {"time_micros": 1578377541374785, "cf_name": "0", "job": 13, "event": "table_file_creation", "file_number": 56, "file_size": 68585251, "table_properties": {"data_size": 67112063, "index_size": 889386, "filter_size": 988039, "raw_key_size": 24599894, "raw_average_key_size": 41, "raw_value_size": 56773176, "raw_average_value_size": 95, "num_data_blocks": 16743, "num_entries": 597612, "filter_policy_name": "rocksdb.BuiltinBloomFilter", "kDeletedKeys": "0", "kMergeOperands": "0"}}
[31316] 01-07 06:12:21,376 INFO [RocksDB][db/compaction_job.cc:1287] [0] [JOB 13] Compacted 1@1 files to L2 => 68585251 bytes
[31316] 01-07 06:12:21,377 INFO [RocksDB](Original Log Time 2020/01/07-06:12:21.377828) [db/compaction_job.cc:685] [0] compacted to: base level 1 max bytes base 536870912 files[0 13 7 0 0 0 0] max score 1.55, MB/sec: 52.9 rd, 52.6 wr, level 2, files in(1, 0) out(1) MB in(65.8, 0.0) out(65.4), read-write-amplify(2.0) write-amplify(1.0) OK, records in: 597612, records dropped: 0 output_compression: Snappy

[31316] 01-07 06:12:21,377 INFO [RocksDB](Original Log Time 2020/01/07-06:12:21.377858) EVENT_LOG_v1 {"time_micros": 1578377541377852, "job": 13, "event": "compaction_finished", "compaction_time_micros": 1303480, "output_level": 2, "num_output_files": 1, "total_output_size": 68585251, "num_input_records": 597612, "num_output_records": 597612, "num_subcompactions": 1, "output_compression": "Snappy", "num_single_delete_mismatches": 0, "num_single_delete_fallthrough": 0, "lsm_state": [0, 13, 7, 0, 0, 0, 0]}
[31316] 01-07 06:12:21,384 INFO [RocksDB]EVENT_LOG_v1 {"time_micros": 1578377541384805, "job": 13, "event": "table_file_deletion", "file_number": 47}
[31316] 01-07 06:12:21,384 INFO [RocksDB][db/compaction_job.cc:1531] [0] [JOB 14] Compacting 1@1 files to L2, score 1.55
[31316] 01-07 06:12:21,384 INFO [RocksDB][db/compaction_job.cc:1535] [0] Compaction start summary: Base version 14 Base level 1, inputs: [36(65MB)]

[31316] 01-07 06:12:21,384 INFO [RocksDB]EVENT_LOG_v1 {"time_micros": 1578377541384854, "job": 14, "event": "compaction_started", "compaction_reason": "LevelMaxLevelSize", "files_L1": [36], "score": 1.5456, "input_data_size": 68990200}
[31316] 01-07 06:12:22,680 INFO [RocksDB][db/compaction_job.cc:1211] [0] [JOB 14] Generated table #57: 597608 keys, 68585648 bytes
[31316] 01-07 06:12:22,680 INFO [RocksDB]EVENT_LOG_v1 {"time_micros": 1578377542680558, "cf_name": "0", "job": 14, "event": "table_file_creation", "file_number": 57, "file_size": 68585648, "table_properties": {"data_size": 67112343, "index_size": 888791, "filter_size": 988035, "raw_key_size": 24596437, "raw_average_key_size": 41, "raw_value_size": 56772760, "raw_average_value_size": 95, "num_data_blocks": 16743, "num_entries": 597608, "filter_policy_name": "rocksdb.BuiltinBloomFilter", "kDeletedKeys": "0", "kMergeOperands": "0"}}
[31316] 01-07 06:12:22,681 INFO [RocksDB][db/compaction_job.cc:1287] [0] [JOB 14] Compacted 1@1 files to L2 => 68585648 bytes
[31316] 01-07 06:12:22,683 INFO [RocksDB](Original Log Time 2020/01/07-06:12:22.683589) [db/compaction_job.cc:685] [0] compacted to: base level 1 max bytes base 536870912 files[0 12 8 0 0 0 0] max score 1.42, MB/sec: 53.2 rd, 52.9 wr, level 2, files in(1, 0) out(1) MB in(65.8, 0.0) out(65.4), read-write-amplify(2.0) write-amplify(1.0) OK, records in: 597608, records dropped: 0 output_compression: Snappy

[31316] 01-07 06:12:22,683 INFO [RocksDB](Original Log Time 2020/01/07-06:12:22.683603) EVENT_LOG_v1 {"time_micros": 1578377542683598, "job": 14, "event": "compaction_finished", "compaction_time_micros": 1296866, "output_level": 2, "num_output_files": 1, "total_output_size": 68585648, "num_input_records": 597608, "num_output_records": 597608, "num_subcompactions": 1, "output_compression": "Snappy", "num_single_delete_mismatches": 0, "num_single_delete_fallthrough": 0, "lsm_state": [0, 12, 8, 0, 0, 0, 0]}
[31316] 01-07 06:12:22,690 INFO [RocksDB]EVENT_LOG_v1 {"time_micros": 1578377542690367, "job": 14, "event": "table_file_deletion", "file_number": 36}
[31316] 01-07 06:12:22,690 INFO [RocksDB][db/compaction_job.cc:1531] [0] [JOB 15] Compacting 1@1 files to L2, score 1.42
[31316] 01-07 06:12:22,690 INFO [RocksDB][db/compaction_job.cc:1535] [0] Compaction start summary: Base version 15 Base level 1, inputs: [44(65MB)]

[31316] 01-07 06:12:22,690 INFO [RocksDB]EVENT_LOG_v1 {"time_micros": 1578377542690414, "job": 15, "event": "compaction_started", "compaction_reason": "LevelMaxLevelSize", "files_L1": [44], "score": 1.41709, "input_data_size": 68989999}
[31316] 01-07 06:12:23,986 INFO [RocksDB][db/compaction_job.cc:1211] [0] [JOB 15] Generated table #58: 597606 keys, 68585359 bytes
[31316] 01-07 06:12:23,986 INFO [RocksDB]EVENT_LOG_v1 {"time_micros": 1578377543986267, "cf_name": "0", "job": 15, "event": "table_file_creation", "file_number": 58, "file_size": 68585359, "table_properties": {"data_size": 67112133, "index_size": 888813, "filter_size": 988022, "raw_key_size": 24596946, "raw_average_key_size": 41, "raw_value_size": 56772651, "raw_average_value_size": 95, "num_data_blocks": 16742, "num_entries": 597606, "filter_policy_name": "rocksdb.BuiltinBloomFilter", "kDeletedKeys": "0", "kMergeOperands": "0"}}
[31316] 01-07 06:12:23,987 INFO [RocksDB][db/compaction_job.cc:1287] [0] [JOB 15] Compacted 1@1 files to L2 => 68585359 bytes
[31316] 01-07 06:12:23,989 INFO [RocksDB](Original Log Time 2020/01/07-06:12:23.989469) [db/compaction_job.cc:685] [0] compacted to: base level 1 max bytes base 536870912 files[0 11 9 0 0 0 0] max score 1.29, MB/sec: 53.2 rd, 52.9 wr, level 2, files in(1, 0) out(1) MB in(65.8, 0.0) out(65.4), read-write-amplify(2.0) write-amplify(1.0) OK, records in: 597606, records dropped: 0 output_compression: Snappy

[31316] 01-07 06:12:23,989 INFO [RocksDB](Original Log Time 2020/01/07-06:12:23.989494) EVENT_LOG_v1 {"time_micros": 1578377543989477, "job": 15, "event": "compaction_finished", "compaction_time_micros": 1297101, "output_level": 2, "num_output_files": 1, "total_output_size": 68585359, "num_input_records": 597606, "num_output_records": 597606, "num_subcompactions": 1, "output_compression": "Snappy", "num_single_delete_mismatches": 0, "num_single_delete_fallthrough": 0, "lsm_state": [0, 11, 9, 0, 0, 0, 0]}
[31316] 01-07 06:12:23,996 INFO [RocksDB]EVENT_LOG_v1 {"time_micros": 1578377543996710, "job": 15, "event": "table_file_deletion", "file_number": 44}
[31316] 01-07 06:12:23,996 INFO [RocksDB][db/compaction_picker.cc:485] [0] Expanding@1 1+1(68989344+68588320 bytes) to 2+1 (137977864+68588320 bytes)

[31316] 01-07 06:12:23,996 INFO [RocksDB][db/compaction_job.cc:1531] [0] [JOB 16] Compacting 2@1 + 1@2 files to L2, score 1.29
[31316] 01-07 06:12:23,996 INFO [RocksDB][db/compaction_job.cc:1535] [0] Compaction start summary: Base version 16 Base level 1, inputs: [48(65MB) 49(65MB)], [29(65MB)]

[31316] 01-07 06:12:23,996 INFO [RocksDB]EVENT_LOG_v1 {"time_micros": 1578377543996768, "job": 16, "event": "compaction_started", "compaction_reason": "LevelMaxLevelSize", "files_L1": [48, 49], "files_L2": [29], "score": 1.28859, "input_data_size": 206566184}
