[30687] 01-07 06:07:36,491 INFO [RocksDB]RocksDB version: 5.14.2

[30687] 01-07 06:07:36,498 INFO [RocksDB]Git sha rocksdb_build_git_sha:9f703a6b9c3430e30aba2286240e44570994efe6
[30687] 01-07 06:07:36,498 INFO [RocksDB]Compile date Jan  7 2020
[30687] 01-07 06:07:36,498 INFO [RocksDB]DB SUMMARY

[30687] 01-07 06:07:36,498 INFO [RocksDB]SST files in /home/ubuntu/ardb/data/rocksdb dir, Total Num: 0, files: 

[30687] 01-07 06:07:36,498 INFO [RocksDB]Write Ahead Log file in /home/ubuntu/ardb/data/rocksdb: 

[30687] 01-07 06:07:36,498 INFO [RocksDB]                        Options.error_if_exists: 0
[30687] 01-07 06:07:36,498 INFO [RocksDB]                      Options.create_if_missing: 1
[30687] 01-07 06:07:36,498 INFO [RocksDB]                        Options.paranoid_checks: 1
[30687] 01-07 06:07:36,498 INFO [RocksDB]                                    Options.env: 0xbfa6c0
[30687] 01-07 06:07:36,498 INFO [RocksDB]                               Options.info_log: 0x7fe5e923f8a0
[30687] 01-07 06:07:36,498 INFO [RocksDB]               Options.max_file_opening_threads: 16
[30687] 01-07 06:07:36,498 INFO [RocksDB]                             Options.statistics: (nil)
[30687] 01-07 06:07:36,498 INFO [RocksDB]                              Options.use_fsync: 0
[30687] 01-07 06:07:36,498 INFO [RocksDB]                      Options.max_log_file_size: 0
[30687] 01-07 06:07:36,498 INFO [RocksDB]                 Options.max_manifest_file_size: 18446744073709551615
[30687] 01-07 06:07:36,498 INFO [RocksDB]                  Options.log_file_time_to_roll: 0
[30687] 01-07 06:07:36,498 INFO [RocksDB]                      Options.keep_log_file_num: 1000
[30687] 01-07 06:07:36,498 INFO [RocksDB]                   Options.recycle_log_file_num: 0
[30687] 01-07 06:07:36,498 INFO [RocksDB]                        Options.allow_fallocate: 1
[30687] 01-07 06:07:36,498 INFO [RocksDB]                       Options.allow_mmap_reads: 0
[30687] 01-07 06:07:36,498 INFO [RocksDB]                      Options.allow_mmap_writes: 0
[30687] 01-07 06:07:36,498 INFO [RocksDB]                       Options.use_direct_reads: 0
[30687] 01-07 06:07:36,498 INFO [RocksDB]                       Options.use_direct_io_for_flush_and_compaction: 0
[30687] 01-07 06:07:36,498 INFO [RocksDB]         Options.create_missing_column_families: 0
[30687] 01-07 06:07:36,498 INFO [RocksDB]                             Options.db_log_dir: 
[30687] 01-07 06:07:36,498 INFO [RocksDB]                                Options.wal_dir: /home/ubuntu/ardb/data/rocksdb
[30687] 01-07 06:07:36,498 INFO [RocksDB]               Options.table_cache_numshardbits: 6
[30687] 01-07 06:07:36,498 INFO [RocksDB]                     Options.max_subcompactions: 1
[30687] 01-07 06:07:36,498 INFO [RocksDB]                 Options.max_background_flushes: -1
[30687] 01-07 06:07:36,498 INFO [RocksDB]                        Options.WAL_ttl_seconds: 0
[30687] 01-07 06:07:36,498 INFO [RocksDB]                      Options.WAL_size_limit_MB: 0
[30687] 01-07 06:07:36,498 INFO [RocksDB]            Options.manifest_preallocation_size: 4194304
[30687] 01-07 06:07:36,498 INFO [RocksDB]                    Options.is_fd_close_on_exec: 1
[30687] 01-07 06:07:36,498 INFO [RocksDB]                  Options.advise_random_on_open: 1
[30687] 01-07 06:07:36,498 INFO [RocksDB]                   Options.db_write_buffer_size: 0
[30687] 01-07 06:07:36,498 INFO [RocksDB]                   Options.write_buffer_manager: 0x7fe5e99fa7d0
[30687] 01-07 06:07:36,498 INFO [RocksDB]        Options.access_hint_on_compaction_start: 1
[30687] 01-07 06:07:36,498 INFO [RocksDB] Options.new_table_reader_for_compaction_inputs: 0
[30687] 01-07 06:07:36,498 INFO [RocksDB]          Options.random_access_max_buffer_size: 1048576
[30687] 01-07 06:07:36,498 INFO [RocksDB]                     Options.use_adaptive_mutex: 1
[30687] 01-07 06:07:36,498 INFO [RocksDB]                           Options.rate_limiter: 0x7fe5e9238540
[30687] 01-07 06:07:36,498 INFO [RocksDB]    Options.sst_file_manager.rate_bytes_per_sec: 0
[30687] 01-07 06:07:36,498 INFO [RocksDB]                      Options.wal_recovery_mode: 2
[30687] 01-07 06:07:36,498 INFO [RocksDB]                 Options.enable_thread_tracking: 0
[30687] 01-07 06:07:36,498 INFO [RocksDB]                 Options.enable_pipelined_write: 1
[30687] 01-07 06:07:36,498 INFO [RocksDB]        Options.allow_concurrent_memtable_write: 1
[30687] 01-07 06:07:36,498 INFO [RocksDB]     Options.enable_write_thread_adaptive_yield: 1
[30687] 01-07 06:07:36,498 INFO [RocksDB]            Options.write_thread_max_yield_usec: 100
[30687] 01-07 06:07:36,498 INFO [RocksDB]           Options.write_thread_slow_yield_usec: 3
[30687] 01-07 06:07:36,498 INFO [RocksDB]                              Options.row_cache: None
[30687] 01-07 06:07:36,498 INFO [RocksDB]                             Options.wal_filter: None
[30687] 01-07 06:07:36,498 INFO [RocksDB]            Options.avoid_flush_during_recovery: 0
[30687] 01-07 06:07:36,498 INFO [RocksDB]            Options.allow_ingest_behind: 0
[30687] 01-07 06:07:36,498 INFO [RocksDB]            Options.preserve_deletes: 0
[30687] 01-07 06:07:36,498 INFO [RocksDB]            Options.two_write_queues: 0
[30687] 01-07 06:07:36,498 INFO [RocksDB]            Options.manual_wal_flush: 0
[30687] 01-07 06:07:36,498 INFO [RocksDB]            Options.max_background_jobs: 16
[30687] 01-07 06:07:36,498 INFO [RocksDB]            Options.max_background_compactions: -1
[30687] 01-07 06:07:36,498 INFO [RocksDB]            Options.avoid_flush_during_shutdown: 0
[30687] 01-07 06:07:36,498 INFO [RocksDB]          Options.writable_file_max_buffer_size: 1048576
[30687] 01-07 06:07:36,498 INFO [RocksDB]            Options.delayed_write_rate : 52428800
[30687] 01-07 06:07:36,498 INFO [RocksDB]            Options.max_total_wal_size: 0
[30687] 01-07 06:07:36,498 INFO [RocksDB]            Options.delete_obsolete_files_period_micros: 21600000000
[30687] 01-07 06:07:36,498 INFO [RocksDB]                  Options.stats_dump_period_sec: 100000
[30687] 01-07 06:07:36,498 INFO [RocksDB]                         Options.max_open_files: 1024
[30687] 01-07 06:07:36,498 INFO [RocksDB]                         Options.bytes_per_sync: 1048576
[30687] 01-07 06:07:36,498 INFO [RocksDB]                     Options.wal_bytes_per_sync: 0
[30687] 01-07 06:07:36,498 INFO [RocksDB]      Options.compaction_readahead_size: 0
[30687] 01-07 06:07:36,498 INFO [RocksDB]Compression algorithms supported:
[30687] 01-07 06:07:36,498 INFO [RocksDB]	kZSTDNotFinalCompression supported: 0
[30687] 01-07 06:07:36,498 INFO [RocksDB]	kZSTD supported: 0
[30687] 01-07 06:07:36,498 INFO [RocksDB]	kXpressCompression supported: 0
[30687] 01-07 06:07:36,498 INFO [RocksDB]	kLZ4HCCompression supported: 0
[30687] 01-07 06:07:36,498 INFO [RocksDB]	kLZ4Compression supported: 0
[30687] 01-07 06:07:36,498 INFO [RocksDB]	kBZip2Compression supported: 0
[30687] 01-07 06:07:36,498 INFO [RocksDB]	kZlibCompression supported: 1
[30687] 01-07 06:07:36,498 INFO [RocksDB]	kSnappyCompression supported: 1
[30687] 01-07 06:07:36,498 INFO [RocksDB]Fast CRC32 supported: Supported on x86
[30687] 01-07 06:07:36,498 INFO [RocksDB][db/db_impl_open.cc:222] Creating manifest 1 

[30687] 01-07 06:07:36,505 INFO [RocksDB][db/version_set.cc:3085] Recovering from manifest file: MANIFEST-000001

[30687] 01-07 06:07:36,505 INFO [RocksDB][db/column_family.cc:475] --------------- Options for column family [default]:

[30687] 01-07 06:07:36,505 INFO [RocksDB]              Options.comparator: ardb.comparator
[30687] 01-07 06:07:36,505 INFO [RocksDB]          Options.merge_operator: ardb.merger
[30687] 01-07 06:07:36,505 INFO [RocksDB]       Options.compaction_filter: None
[30687] 01-07 06:07:36,505 INFO [RocksDB]       Options.compaction_filter_factory: ardb.compact_filter_factory
[30687] 01-07 06:07:36,505 INFO [RocksDB]        Options.memtable_factory: SkipListFactory
[30687] 01-07 06:07:36,505 INFO [RocksDB]           Options.table_factory: BlockBasedTable
[30687] 01-07 06:07:36,505 INFO [RocksDB]           table_factory options:   flush_block_policy_factory: FlushBlockBySizePolicyFactory (0x7fe5e9808018)
  cache_index_and_filter_blocks: 0
  cache_index_and_filter_blocks_with_high_priority: 0
  pin_l0_filter_and_index_blocks_in_cache: 0
  index_type: 0
  hash_index_allow_collision: 1
  checksum: 1
  no_block_cache: 0
  block_cache: 0x7fe5e9881cf0
  block_cache_name: LRUCache
  block_cache_options:
    capacity : 536870912
    num_shard_bits : 6
    strict_capacity_limit : 0
    high_pri_pool_ratio: 0.000
  block_cache_compressed: (nil)
  persistent_cache: (nil)
  block_size: 4096
  block_size_deviation: 10
  block_restart_interval: 16
  index_block_restart_interval: 1
  metadata_block_size: 4096
  partition_filters: 0
  use_delta_encoding: 1
  filter_policy: rocksdb.BuiltinBloomFilter
  whole_key_filtering: 1
  verify_compression: 0
  read_amp_bytes_per_bit: 0
  format_version: 2
  enable_index_compression: 1
  block_align: 0

[30687] 01-07 06:07:36,505 INFO [RocksDB]       Options.write_buffer_size: 268435456
[30687] 01-07 06:07:36,505 INFO [RocksDB] Options.max_write_buffer_number: 6
[30687] 01-07 06:07:36,505 INFO [RocksDB]       Options.compression[0]: NoCompression
[30687] 01-07 06:07:36,505 INFO [RocksDB]       Options.compression[1]: NoCompression
[30687] 01-07 06:07:36,505 INFO [RocksDB]       Options.compression[2]: Snappy
[30687] 01-07 06:07:36,505 INFO [RocksDB]       Options.compression[3]: Snappy
[30687] 01-07 06:07:36,505 INFO [RocksDB]       Options.compression[4]: Snappy
[30687] 01-07 06:07:36,505 INFO [RocksDB]       Options.compression[5]: Snappy
[30687] 01-07 06:07:36,505 INFO [RocksDB]       Options.compression[6]: Snappy
[30687] 01-07 06:07:36,505 INFO [RocksDB]                 Options.bottommost_compression: Disabled
[30687] 01-07 06:07:36,505 INFO [RocksDB]      Options.prefix_extractor: ardb.prefix_extractor
[30687] 01-07 06:07:36,505 INFO [RocksDB]  Options.memtable_insert_with_hint_prefix_extractor: nullptr
[30687] 01-07 06:07:36,505 INFO [RocksDB]            Options.num_levels: 7
[30687] 01-07 06:07:36,505 INFO [RocksDB]       Options.min_write_buffer_number_to_merge: 2
[30687] 01-07 06:07:36,505 INFO [RocksDB]    Options.max_write_buffer_number_to_maintain: 0
[30687] 01-07 06:07:36,505 INFO [RocksDB]           Options.compression_opts.window_bits: -14
[30687] 01-07 06:07:36,505 INFO [RocksDB]                 Options.compression_opts.level: -1
[30687] 01-07 06:07:36,505 INFO [RocksDB]              Options.compression_opts.strategy: 0
[30687] 01-07 06:07:36,505 INFO [RocksDB]        Options.compression_opts.max_dict_bytes: 0
[30687] 01-07 06:07:36,505 INFO [RocksDB]        Options.compression_opts.zstd_max_train_bytes: 0
[30687] 01-07 06:07:36,505 INFO [RocksDB]     Options.level0_file_num_compaction_trigger: 2
[30687] 01-07 06:07:36,505 INFO [RocksDB]         Options.level0_slowdown_writes_trigger: 20
[30687] 01-07 06:07:36,505 INFO [RocksDB]             Options.level0_stop_writes_trigger: 36
[30687] 01-07 06:07:36,505 INFO [RocksDB]                  Options.target_file_size_base: 67108864
[30687] 01-07 06:07:36,505 INFO [RocksDB]            Options.target_file_size_multiplier: 1
[30687] 01-07 06:07:36,505 INFO [RocksDB]               Options.max_bytes_for_level_base: 536870912
[30687] 01-07 06:07:36,505 INFO [RocksDB]Options.level_compaction_dynamic_level_bytes: 0
[30687] 01-07 06:07:36,505 INFO [RocksDB]         Options.max_bytes_for_level_multiplier: 10.000000
[30687] 01-07 06:07:36,505 INFO [RocksDB]Options.max_bytes_for_level_multiplier_addtl[0]: 1
[30687] 01-07 06:07:36,505 INFO [RocksDB]Options.max_bytes_for_level_multiplier_addtl[1]: 1
[30687] 01-07 06:07:36,505 INFO [RocksDB]Options.max_bytes_for_level_multiplier_addtl[2]: 1
[30687] 01-07 06:07:36,505 INFO [RocksDB]Options.max_bytes_for_level_multiplier_addtl[3]: 1
[30687] 01-07 06:07:36,505 INFO [RocksDB]Options.max_bytes_for_level_multiplier_addtl[4]: 1
[30687] 01-07 06:07:36,505 INFO [RocksDB]Options.max_bytes_for_level_multiplier_addtl[5]: 1
[30687] 01-07 06:07:36,505 INFO [RocksDB]Options.max_bytes_for_level_multiplier_addtl[6]: 1
[30687] 01-07 06:07:36,505 INFO [RocksDB]      Options.max_sequential_skip_in_iterations: 8
[30687] 01-07 06:07:36,505 INFO [RocksDB]                   Options.max_compaction_bytes: 1677721600
[30687] 01-07 06:07:36,505 INFO [RocksDB]                       Options.arena_block_size: 33554432
[30687] 01-07 06:07:36,505 INFO [RocksDB]  Options.soft_pending_compaction_bytes_limit: 68719476736
[30687] 01-07 06:07:36,505 INFO [RocksDB]  Options.hard_pending_compaction_bytes_limit: 274877906944
[30687] 01-07 06:07:36,505 INFO [RocksDB]      Options.rate_limit_delay_max_milliseconds: 100
[30687] 01-07 06:07:36,505 INFO [RocksDB]               Options.disable_auto_compactions: 0
[30687] 01-07 06:07:36,505 INFO [RocksDB]                       Options.compaction_style: kCompactionStyleLevel
[30687] 01-07 06:07:36,505 INFO [RocksDB]                         Options.compaction_pri: kByCompensatedSize
[30687] 01-07 06:07:36,505 INFO [RocksDB]Options.compaction_options_universal.size_ratio: 1
[30687] 01-07 06:07:36,505 INFO [RocksDB]Options.compaction_options_universal.min_merge_width: 2
[30687] 01-07 06:07:36,505 INFO [RocksDB]Options.compaction_options_universal.max_merge_width: 4294967295
[30687] 01-07 06:07:36,505 INFO [RocksDB]Options.compaction_options_universal.max_size_amplification_percent: 200
[30687] 01-07 06:07:36,505 INFO [RocksDB]Options.compaction_options_universal.compression_size_percent: -1
[30687] 01-07 06:07:36,505 INFO [RocksDB]Options.compaction_options_universal.stop_style: kCompactionStopStyleTotalSize
[30687] 01-07 06:07:36,505 INFO [RocksDB]Options.compaction_options_fifo.max_table_files_size: 1073741824
[30687] 01-07 06:07:36,505 INFO [RocksDB]Options.compaction_options_fifo.allow_compaction: 0
[30687] 01-07 06:07:36,505 INFO [RocksDB]Options.compaction_options_fifo.ttl: 0
[30687] 01-07 06:07:36,505 INFO [RocksDB]                  Options.table_properties_collectors: 
[30687] 01-07 06:07:36,505 INFO [RocksDB]                  Options.inplace_update_support: 0
[30687] 01-07 06:07:36,505 INFO [RocksDB]                Options.inplace_update_num_locks: 10000
[30687] 01-07 06:07:36,505 INFO [RocksDB]              Options.memtable_prefix_bloom_size_ratio: 0.000000
[30687] 01-07 06:07:36,505 INFO [RocksDB]  Options.memtable_huge_page_size: 0
[30687] 01-07 06:07:36,505 INFO [RocksDB]                          Options.bloom_locality: 0
[30687] 01-07 06:07:36,505 INFO [RocksDB]                   Options.max_successive_merges: 0
[30687] 01-07 06:07:36,505 INFO [RocksDB]               Options.optimize_filters_for_hits: 0
[30687] 01-07 06:07:36,505 INFO [RocksDB]               Options.paranoid_file_checks: 0
[30687] 01-07 06:07:36,505 INFO [RocksDB]               Options.force_consistency_checks: 0
[30687] 01-07 06:07:36,505 INFO [RocksDB]               Options.report_bg_io_stats: 0
[30687] 01-07 06:07:36,505 INFO [RocksDB]                              Options.ttl: 0
[30687] 01-07 06:07:36,505 INFO [RocksDB][db/version_set.cc:3361] Recovered from manifest file:/home/ubuntu/ardb/data/rocksdb/MANIFEST-000001 succeeded,manifest_file_number is 1, next_file_number is 3, last_sequence is 0, log_number is 0,prev_log_number is 0,max_column_family is 0,min_log_number_to_keep is 0

[30687] 01-07 06:07:36,505 INFO [RocksDB][db/version_set.cc:3369] Column family [default] (ID 0), log number is 0

[30687] 01-07 06:07:36,509 INFO [RocksDB][db/db_impl_open.cc:1219] DB pointer 0x7fe5e91be000
[30687] 01-07 06:07:36,509 INFO Ardb init engine:rocksdb success.
[30687] 01-07 06:07:36,512 INFO Ardb will accept connections on 0.0.0.0:16379
[30687] 01-07 06:07:36,512 INFO Ardb started with version 0.10.0
[30687] 01-07 06:07:37,513 INFO ========================Period Statistics Dump Begin===========================
[30687] 01-07 06:07:37,513 INFO slave_sync_total_commands_processed:0
[30687] 01-07 06:07:37,513 INFO slave_sync_instantaneous_ops_per_sec:0
[30687] 01-07 06:07:37,513 INFO total_commands_processed:0
[30687] 01-07 06:07:37,513 INFO instantaneous_ops_per_sec:0
[30687] 01-07 06:07:37,513 INFO total_connections_received:0
[30687] 01-07 06:07:37,513 INFO rejected_connections:0
[30687] 01-07 06:07:37,513 INFO ========================Period Statistics Dump End===========================
[30687] 01-07 06:07:49,264 INFO [RocksDB][db/version_set.cc:2847] Creating manifest 6

[30687] 01-07 06:07:49,271 INFO [RocksDB][db/column_family.cc:475] --------------- Options for column family [0]:

[30687] 01-07 06:07:49,271 INFO [RocksDB]              Options.comparator: ardb.comparator
[30687] 01-07 06:07:49,271 INFO [RocksDB]          Options.merge_operator: ardb.merger
[30687] 01-07 06:07:49,271 INFO [RocksDB]       Options.compaction_filter: None
[30687] 01-07 06:07:49,271 INFO [RocksDB]       Options.compaction_filter_factory: ardb.compact_filter_factory
[30687] 01-07 06:07:49,271 INFO [RocksDB]        Options.memtable_factory: SkipListFactory
[30687] 01-07 06:07:49,271 INFO [RocksDB]           Options.table_factory: BlockBasedTable
[30687] 01-07 06:07:49,271 INFO [RocksDB]           table_factory options:   flush_block_policy_factory: FlushBlockBySizePolicyFactory (0x7fe5e9808018)
  cache_index_and_filter_blocks: 0
  cache_index_and_filter_blocks_with_high_priority: 0
  pin_l0_filter_and_index_blocks_in_cache: 0
  index_type: 0
  hash_index_allow_collision: 1
  checksum: 1
  no_block_cache: 0
  block_cache: 0x7fe5e9881cf0
  block_cache_name: LRUCache
  block_cache_options:
    capacity : 536870912
    num_shard_bits : 6
    strict_capacity_limit : 0
    high_pri_pool_ratio: 0.000
  block_cache_compressed: (nil)
  persistent_cache: (nil)
  block_size: 4096
  block_size_deviation: 10
  block_restart_interval: 16
  index_block_restart_interval: 1
  metadata_block_size: 4096
  partition_filters: 0
  use_delta_encoding: 1
  filter_policy: rocksdb.BuiltinBloomFilter
  whole_key_filtering: 1
  verify_compression: 0
  read_amp_bytes_per_bit: 0
  format_version: 2
  enable_index_compression: 1
  block_align: 0

[30687] 01-07 06:07:49,271 INFO [RocksDB]       Options.write_buffer_size: 268435456
[30687] 01-07 06:07:49,271 INFO [RocksDB] Options.max_write_buffer_number: 6
[30687] 01-07 06:07:49,271 INFO [RocksDB]       Options.compression[0]: NoCompression
[30687] 01-07 06:07:49,271 INFO [RocksDB]       Options.compression[1]: NoCompression
[30687] 01-07 06:07:49,271 INFO [RocksDB]       Options.compression[2]: Snappy
[30687] 01-07 06:07:49,271 INFO [RocksDB]       Options.compression[3]: Snappy
[30687] 01-07 06:07:49,271 INFO [RocksDB]       Options.compression[4]: Snappy
[30687] 01-07 06:07:49,271 INFO [RocksDB]       Options.compression[5]: Snappy
[30687] 01-07 06:07:49,271 INFO [RocksDB]       Options.compression[6]: Snappy
[30687] 01-07 06:07:49,271 INFO [RocksDB]                 Options.bottommost_compression: Disabled
[30687] 01-07 06:07:49,271 INFO [RocksDB]      Options.prefix_extractor: ardb.prefix_extractor
[30687] 01-07 06:07:49,271 INFO [RocksDB]  Options.memtable_insert_with_hint_prefix_extractor: nullptr
[30687] 01-07 06:07:49,271 INFO [RocksDB]            Options.num_levels: 7
[30687] 01-07 06:07:49,271 INFO [RocksDB]       Options.min_write_buffer_number_to_merge: 2
[30687] 01-07 06:07:49,271 INFO [RocksDB]    Options.max_write_buffer_number_to_maintain: 0
[30687] 01-07 06:07:49,271 INFO [RocksDB]           Options.compression_opts.window_bits: -14
[30687] 01-07 06:07:49,271 INFO [RocksDB]                 Options.compression_opts.level: -1
[30687] 01-07 06:07:49,271 INFO [RocksDB]              Options.compression_opts.strategy: 0
[30687] 01-07 06:07:49,271 INFO [RocksDB]        Options.compression_opts.max_dict_bytes: 0
[30687] 01-07 06:07:49,271 INFO [RocksDB]        Options.compression_opts.zstd_max_train_bytes: 0
[30687] 01-07 06:07:49,271 INFO [RocksDB]     Options.level0_file_num_compaction_trigger: 2
[30687] 01-07 06:07:49,271 INFO [RocksDB]         Options.level0_slowdown_writes_trigger: 20
[30687] 01-07 06:07:49,271 INFO [RocksDB]             Options.level0_stop_writes_trigger: 36
[30687] 01-07 06:07:49,271 INFO [RocksDB]                  Options.target_file_size_base: 67108864
[30687] 01-07 06:07:49,271 INFO [RocksDB]            Options.target_file_size_multiplier: 1
[30687] 01-07 06:07:49,271 INFO [RocksDB]               Options.max_bytes_for_level_base: 536870912
[30687] 01-07 06:07:49,271 INFO [RocksDB]Options.level_compaction_dynamic_level_bytes: 0
[30687] 01-07 06:07:49,271 INFO [RocksDB]         Options.max_bytes_for_level_multiplier: 10.000000
[30687] 01-07 06:07:49,271 INFO [RocksDB]Options.max_bytes_for_level_multiplier_addtl[0]: 1
[30687] 01-07 06:07:49,271 INFO [RocksDB]Options.max_bytes_for_level_multiplier_addtl[1]: 1
[30687] 01-07 06:07:49,271 INFO [RocksDB]Options.max_bytes_for_level_multiplier_addtl[2]: 1
[30687] 01-07 06:07:49,271 INFO [RocksDB]Options.max_bytes_for_level_multiplier_addtl[3]: 1
[30687] 01-07 06:07:49,271 INFO [RocksDB]Options.max_bytes_for_level_multiplier_addtl[4]: 1
[30687] 01-07 06:07:49,271 INFO [RocksDB]Options.max_bytes_for_level_multiplier_addtl[5]: 1
[30687] 01-07 06:07:49,271 INFO [RocksDB]Options.max_bytes_for_level_multiplier_addtl[6]: 1
[30687] 01-07 06:07:49,271 INFO [RocksDB]      Options.max_sequential_skip_in_iterations: 8
[30687] 01-07 06:07:49,271 INFO [RocksDB]                   Options.max_compaction_bytes: 1677721600
[30687] 01-07 06:07:49,271 INFO [RocksDB]                       Options.arena_block_size: 33554432
[30687] 01-07 06:07:49,271 INFO [RocksDB]  Options.soft_pending_compaction_bytes_limit: 68719476736
[30687] 01-07 06:07:49,271 INFO [RocksDB]  Options.hard_pending_compaction_bytes_limit: 274877906944
[30687] 01-07 06:07:49,271 INFO [RocksDB]      Options.rate_limit_delay_max_milliseconds: 100
[30687] 01-07 06:07:49,271 INFO [RocksDB]               Options.disable_auto_compactions: 0
[30687] 01-07 06:07:49,272 INFO [RocksDB]                       Options.compaction_style: kCompactionStyleLevel
[30687] 01-07 06:07:49,272 INFO [RocksDB]                         Options.compaction_pri: kByCompensatedSize
[30687] 01-07 06:07:49,272 INFO [RocksDB]Options.compaction_options_universal.size_ratio: 1
[30687] 01-07 06:07:49,272 INFO [RocksDB]Options.compaction_options_universal.min_merge_width: 2
[30687] 01-07 06:07:49,272 INFO [RocksDB]Options.compaction_options_universal.max_merge_width: 4294967295
[30687] 01-07 06:07:49,272 INFO [RocksDB]Options.compaction_options_universal.max_size_amplification_percent: 200
[30687] 01-07 06:07:49,272 INFO [RocksDB]Options.compaction_options_universal.compression_size_percent: -1
[30687] 01-07 06:07:49,272 INFO [RocksDB]Options.compaction_options_universal.stop_style: kCompactionStopStyleTotalSize
[30687] 01-07 06:07:49,272 INFO [RocksDB]Options.compaction_options_fifo.max_table_files_size: 1073741824
[30687] 01-07 06:07:49,272 INFO [RocksDB]Options.compaction_options_fifo.allow_compaction: 0
[30687] 01-07 06:07:49,272 INFO [RocksDB]Options.compaction_options_fifo.ttl: 0
[30687] 01-07 06:07:49,272 INFO [RocksDB]                  Options.table_properties_collectors: 
[30687] 01-07 06:07:49,272 INFO [RocksDB]                  Options.inplace_update_support: 0
[30687] 01-07 06:07:49,272 INFO [RocksDB]                Options.inplace_update_num_locks: 10000
[30687] 01-07 06:07:49,272 INFO [RocksDB]              Options.memtable_prefix_bloom_size_ratio: 0.000000
[30687] 01-07 06:07:49,272 INFO [RocksDB]  Options.memtable_huge_page_size: 0
[30687] 01-07 06:07:49,272 INFO [RocksDB]                          Options.bloom_locality: 0
[30687] 01-07 06:07:49,272 INFO [RocksDB]                   Options.max_successive_merges: 0
[30687] 01-07 06:07:49,272 INFO [RocksDB]               Options.optimize_filters_for_hits: 0
[30687] 01-07 06:07:49,272 INFO [RocksDB]               Options.paranoid_file_checks: 0
[30687] 01-07 06:07:49,272 INFO [RocksDB]               Options.force_consistency_checks: 0
[30687] 01-07 06:07:49,272 INFO [RocksDB]               Options.report_bg_io_stats: 0
[30687] 01-07 06:07:49,272 INFO [RocksDB]                              Options.ttl: 0
[30687] 01-07 06:07:49,272 INFO [RocksDB][db/db_impl.cc:1396] Created column family [0] (ID 1)
[30687] 01-07 06:07:49,274 INFO Create ColumnFamilyHandle with name:0 success.
[30687] 01-07 06:07:56,418 INFO [RocksDB][db/db_impl_write.cc:1373] [0] New memtable created with log file: #9. Immutable memtables: 0.

[30687] 01-07 06:08:03,874 INFO [RocksDB][db/db_impl_write.cc:1373] [0] New memtable created with log file: #10. Immutable memtables: 1.

[30687] 01-07 06:08:03,874 INFO [RocksDB][db/db_impl_compaction_flush.cc:80] [JOB 2] Syncing log #3
[30687] 01-07 06:08:04,396 INFO [RocksDB][db/db_impl_compaction_flush.cc:80] [JOB 2] Syncing log #9
[30687] 01-07 06:08:05,848 INFO [RocksDB](Original Log Time 2020/01/07-06:08:03.874563) [db/db_impl_compaction_flush.cc:1424] Calling FlushMemTableToOutputFile with column family [0], flush slots available 4, compaction slots available 1, flush slots scheduled 1, compaction slots scheduled 0
[30687] 01-07 06:08:05,848 INFO [RocksDB][db/flush_job.cc:301] [0] [JOB 2] Flushing memtable with next log file: 9

[30687] 01-07 06:08:05,848 INFO [RocksDB][db/flush_job.cc:301] [0] [JOB 2] Flushing memtable with next log file: 10

[30687] 01-07 06:08:05,848 INFO [RocksDB]EVENT_LOG_v1 {"time_micros": 1578377285848413, "job": 2, "event": "flush_started", "num_memtables": 2, "num_entries": 3345192, "num_deletes": 0, "memory_usage": 520101912, "flush_reason": "Write Buffer Full"}
[30687] 01-07 06:08:05,848 INFO [RocksDB][db/flush_job.cc:331] [0] [JOB 2] Level-0 flush table #11: started
[30687] 01-07 06:08:12,731 INFO [RocksDB]EVENT_LOG_v1 {"time_micros": 1578377292731317, "cf_name": "0", "job": 2, "event": "table_file_creation", "file_number": 11, "file_size": 325269538, "table_properties": {"data_size": 316032783, "index_size": 4238450, "filter_size": 4997263, "raw_key_size": 131642880, "raw_average_key_size": 42, "raw_value_size": 253161256, "raw_average_value_size": 81, "num_data_blocks": 78740, "num_entries": 3106257, "filter_policy_name": "rocksdb.BuiltinBloomFilter", "kDeletedKeys": "0", "kMergeOperands": "0"}}
[30687] 01-07 06:08:12,731 INFO [RocksDB][db/flush_job.cc:371] [0] [JOB 2] Level-0 flush table #11: 325269538 bytes OK
[30687] 01-07 06:08:12,734 INFO [RocksDB](Original Log Time 2020/01/07-06:08:12.732624) [db/memtable_list.cc:377] [0] Level-0 commit table #11 started
[30687] 01-07 06:08:12,734 INFO [RocksDB](Original Log Time 2020/01/07-06:08:12.734477) [db/memtable_list.cc:409] [0] Level-0 commit table #11: memtable #1 done
[30687] 01-07 06:08:12,734 INFO [RocksDB](Original Log Time 2020/01/07-06:08:12.734482) [db/memtable_list.cc:409] [0] Level-0 commit table #11: memtable #2 done
[30687] 01-07 06:08:12,734 INFO [RocksDB](Original Log Time 2020/01/07-06:08:12.734491) EVENT_LOG_v1 {"time_micros": 1578377292734486, "job": 2, "event": "flush_finished", "output_compression": "NoCompression", "lsm_state": [1, 0, 0, 0, 0, 0, 0], "immutable_memtables": 0}
[30687] 01-07 06:08:12,734 INFO [RocksDB](Original Log Time 2020/01/07-06:08:12.734514) [db/db_impl_compaction_flush.cc:177] [0] Level summary: base level 1 max bytes base 536870912 files[1 0 0 0 0 0 0] max score 0.61

[30687] 01-07 06:08:12,734 INFO [RocksDB][db/db_impl_files.cc:342] [JOB 2] Try to delete WAL files size 394991757, prev total WAL file size 586404300, number of live WAL files 3.

[30687] 01-07 06:08:12,846 INFO [RocksDB][db/db_impl_write.cc:1373] [0] New memtable created with log file: #12. Immutable memtables: 0.

[30687] 01-07 06:08:20,976 INFO [RocksDB][db/db_impl_write.cc:1373] [0] New memtable created with log file: #13. Immutable memtables: 1.

[30687] 01-07 06:08:20,976 INFO [RocksDB][db/db_impl_compaction_flush.cc:80] [JOB 3] Syncing log #10
[30687] 01-07 06:08:21,445 INFO [RocksDB][db/db_impl_compaction_flush.cc:80] [JOB 3] Syncing log #12
[30687] 01-07 06:08:23,452 INFO [RocksDB](Original Log Time 2020/01/07-06:08:20.976743) [db/db_impl_compaction_flush.cc:1424] Calling FlushMemTableToOutputFile with column family [0], flush slots available 4, compaction slots available 1, flush slots scheduled 1, compaction slots scheduled 0
[30687] 01-07 06:08:23,453 INFO [RocksDB][db/flush_job.cc:301] [0] [JOB 3] Flushing memtable with next log file: 12

[30687] 01-07 06:08:23,453 INFO [RocksDB][db/flush_job.cc:301] [0] [JOB 3] Flushing memtable with next log file: 13

[30687] 01-07 06:08:23,453 INFO [RocksDB]EVENT_LOG_v1 {"time_micros": 1578377303453034, "job": 3, "event": "flush_started", "num_memtables": 2, "num_entries": 3180189, "num_deletes": 0, "memory_usage": 520100896, "flush_reason": "Write Buffer Full"}
[30687] 01-07 06:08:23,453 INFO [RocksDB][db/flush_job.cc:331] [0] [JOB 3] Level-0 flush table #14: started
[30687] 01-07 06:08:29,446 INFO [RocksDB]EVENT_LOG_v1 {"time_micros": 1578377309446900, "cf_name": "0", "job": 3, "event": "table_file_creation", "file_number": 14, "file_size": 309170059, "table_properties": {"data_size": 300391731, "index_size": 4026685, "filter_size": 4750601, "raw_key_size": 125147072, "raw_average_key_size": 42, "raw_value_size": 240672615, "raw_average_value_size": 81, "num_data_blocks": 74844, "num_entries": 2953036, "filter_policy_name": "rocksdb.BuiltinBloomFilter", "kDeletedKeys": "0", "kMergeOperands": "0"}}
[30687] 01-07 06:08:29,446 INFO [RocksDB][db/flush_job.cc:371] [0] [JOB 3] Level-0 flush table #14: 309170059 bytes OK
[30687] 01-07 06:08:29,449 INFO [RocksDB](Original Log Time 2020/01/07-06:08:29.448166) [db/memtable_list.cc:377] [0] Level-0 commit table #14 started
[30687] 01-07 06:08:29,449 INFO [RocksDB](Original Log Time 2020/01/07-06:08:29.449825) [db/memtable_list.cc:409] [0] Level-0 commit table #14: memtable #1 done
[30687] 01-07 06:08:29,449 INFO [RocksDB](Original Log Time 2020/01/07-06:08:29.449826) [db/memtable_list.cc:409] [0] Level-0 commit table #14: memtable #2 done
[30687] 01-07 06:08:29,449 INFO [RocksDB](Original Log Time 2020/01/07-06:08:29.449836) EVENT_LOG_v1 {"time_micros": 1578377309449831, "job": 3, "event": "flush_finished", "output_compression": "NoCompression", "lsm_state": [2, 0, 0, 0, 0, 0, 0], "immutable_memtables": 0}
[30687] 01-07 06:08:29,449 INFO [RocksDB](Original Log Time 2020/01/07-06:08:29.449862) [db/db_impl_compaction_flush.cc:177] [0] Level summary: base level 1 max bytes base 536870912 files[2 0 0 0 0 0 0] max score 1.18

[30687] 01-07 06:08:29,449 INFO [RocksDB][db/db_impl_files.cc:342] [JOB 3] Try to delete WAL files size 375586070, prev total WAL file size 548133507, number of live WAL files 3.

[30687] 01-07 06:08:29,450 WARN [RocksDB][db/db_impl.cc:491] ------- DUMPING STATS -------
[30687] 01-07 06:08:29,450 WARN [RocksDB][db/db_impl.cc:492] 
** DB Stats **
Uptime(secs): 52.9 total, 52.9 interval
Cumulative writes: 1140K writes, 7986K keys, 1139K commit groups, 1.0 writes per commit group, ingest: 0.88 GB, 16.99 MB/s
Cumulative WAL: 1140K writes, 0 syncs, 1140908.00 writes per sync, written: 0.88 GB, 16.99 MB/s
Cumulative stall: 00:00:0.000 H:M:S, 0.0 percent
Interval writes: 1140K writes, 7986K keys, 1139K commit groups, 1.0 writes per commit group, ingest: 899.44 MB, 16.99 MB/s
Interval WAL: 1140K writes, 0 syncs, 1140908.00 writes per sync, written: 0.88 MB, 16.99 MB/s
Interval stall: 00:00:0.000 H:M:S, 0.0 percent

** Compaction Stats [default] **
Level    Files   Size     Score Read(GB)  Rn(GB) Rnp1(GB) Write(GB) Wnew(GB) Moved(GB) W-Amp Rd(MB/s) Wr(MB/s) Comp(sec) Comp(cnt) Avg(sec) KeyIn KeyDrop
----------------------------------------------------------------------------------------------------------------------------------------------------------
 Sum      0/0    0.00 KB   0.0      0.0     0.0      0.0       0.0     
[30687] 01-07 06:08:29,450 INFO [RocksDB][db/compaction_job.cc:1531] [0] [JOB 4] Compacting 2@0 files to L1, score 1.18
[30687] 01-07 06:08:29,450 INFO [RocksDB][db/compaction_job.cc:1535] [0] Compaction start summary: Base version 4 Base level 0, inputs: [14(294MB) 11(310MB)]

[30687] 01-07 06:08:29,450 INFO [RocksDB]EVENT_LOG_v1 {"time_micros": 1578377309450247, "job": 4, "event": "compaction_started", "compaction_reason": "LevelL0FilesNum", "files_L0": [14, 11], "score": 1.18174, "input_data_size": 634439597}
[30687] 01-07 06:08:30,338 INFO [RocksDB][db/db_impl_write.cc:1373] [0] New memtable created with log file: #16. Immutable memtables: 0.

[30687] 01-07 06:08:30,877 INFO [RocksDB][db/compaction_job.cc:1211] [0] [JOB 4] Generated table #15: 1170129 keys, 69750450 bytes
[30687] 01-07 06:08:30,877 INFO [RocksDB]EVENT_LOG_v1 {"time_micros": 1578377310877128, "cf_name": "0", "job": 4, "event": "table_file_creation", "file_number": 15, "file_size": 69750450, "table_properties": {"data_size": 67111783, "index_size": 973396, "filter_size": 1664240, "raw_key_size": 55591026, "raw_average_key_size": 47, "raw_value_size": 29363294, "raw_average_value_size": 25, "num_data_blocks": 16604, "num_entries": 1170129, "filter_policy_name": "rocksdb.BuiltinBloomFilter", "kDeletedKeys": "0", "kMergeOperands": "0"}}
[30687] 01-07 06:08:32,177 INFO [RocksDB][db/compaction_job.cc:1211] [0] [JOB 4] Generated table #17: 597529 keys, 68989840 bytes
[30687] 01-07 06:08:32,177 INFO [RocksDB]EVENT_LOG_v1 {"time_micros": 1578377312177075, "cf_name": "0", "job": 4, "event": "table_file_creation", "file_number": 17, "file_size": 68989840, "table_properties": {"data_size": 67112286, "index_size": 888599, "filter_size": 987924, "raw_key_size": 24596482, "raw_average_key_size": 41, "raw_value_size": 56765237, "raw_average_value_size": 94, "num_data_blocks": 16741, "num_entries": 597529, "filter_policy_name": "rocksdb.BuiltinBloomFilter", "kDeletedKeys": "0", "kMergeOperands": "0"}}
[30687] 01-07 06:08:33,484 INFO [RocksDB][db/compaction_job.cc:1211] [0] [JOB 4] Generated table #18: 597514 keys, 68990165 bytes
[30687] 01-07 06:08:33,484 INFO [RocksDB]EVENT_LOG_v1 {"time_micros": 1578377313484804, "cf_name": "0", "job": 4, "event": "table_file_creation", "file_number": 18, "file_size": 68990165, "table_properties": {"data_size": 67112421, "index_size": 888817, "filter_size": 987896, "raw_key_size": 24594420, "raw_average_key_size": 41, "raw_value_size": 56763875, "raw_average_value_size": 95, "num_data_blocks": 16740, "num_entries": 597514, "filter_policy_name": "rocksdb.BuiltinBloomFilter", "kDeletedKeys": "0", "kMergeOperands": "0"}}
[30687] 01-07 06:08:34,794 INFO [RocksDB][db/compaction_job.cc:1211] [0] [JOB 4] Generated table #19: 597506 keys, 68988864 bytes
[30687] 01-07 06:08:34,794 INFO [RocksDB]EVENT_LOG_v1 {"time_micros": 1578377314794747, "cf_name": "0", "job": 4, "event": "table_file_creation", "file_number": 19, "file_size": 68988864, "table_properties": {"data_size": 67111413, "index_size": 888532, "filter_size": 987888, "raw_key_size": 24593446, "raw_average_key_size": 41, "raw_value_size": 56763043, "raw_average_value_size": 94, "num_data_blocks": 16740, "num_entries": 597506, "filter_policy_name": "rocksdb.BuiltinBloomFilter", "kDeletedKeys": "0", "kMergeOperands": "0"}}
[30687] 01-07 06:08:36,094 INFO [RocksDB][db/compaction_job.cc:1211] [0] [JOB 4] Generated table #20: 597496 keys, 68986743 bytes
[30687] 01-07 06:08:36,094 INFO [RocksDB]EVENT_LOG_v1 {"time_micros": 1578377316094211, "cf_name": "0", "job": 4, "event": "table_file_creation", "file_number": 20, "file_size": 68986743, "table_properties": {"data_size": 67109393, "index_size": 888465, "filter_size": 987854, "raw_key_size": 24593914, "raw_average_key_size": 41, "raw_value_size": 56762102, "raw_average_value_size": 94, "num_data_blocks": 16738, "num_entries": 597496, "filter_policy_name": "rocksdb.BuiltinBloomFilter", "kDeletedKeys": "0", "kMergeOperands": "0"}}
[30687] 01-07 06:08:37,474 INFO [RocksDB][db/compaction_job.cc:1211] [0] [JOB 4] Generated table #21: 597525 keys, 68989149 bytes
[30687] 01-07 06:08:37,474 INFO [RocksDB]EVENT_LOG_v1 {"time_micros": 1578377317474318, "cf_name": "0", "job": 4, "event": "table_file_creation", "file_number": 21, "file_size": 68989149, "table_properties": {"data_size": 67111856, "index_size": 888362, "filter_size": 987900, "raw_key_size": 24594996, "raw_average_key_size": 41, "raw_value_size": 56764920, "raw_average_value_size": 95, "num_data_blocks": 16739, "num_entries": 597525, "filter_policy_name": "rocksdb.BuiltinBloomFilter", "kDeletedKeys": "0", "kMergeOperands": "0"}}
[30687] 01-07 06:08:38,777 INFO [RocksDB][db/compaction_job.cc:1211] [0] [JOB 4] Generated table #22: 597517 keys, 68989686 bytes
[30687] 01-07 06:08:38,777 INFO [RocksDB]EVENT_LOG_v1 {"time_micros": 1578377318777788, "cf_name": "0", "job": 4, "event": "table_file_creation", "file_number": 22, "file_size": 68989686, "table_properties": {"data_size": 67112017, "index_size": 888737, "filter_size": 987901, "raw_key_size": 24595395, "raw_average_key_size": 41, "raw_value_size": 56764088, "raw_average_value_size": 94, "num_data_blocks": 16740, "num_entries": 597517, "filter_policy_name": "rocksdb.BuiltinBloomFilter", "kDeletedKeys": "0", "kMergeOperands": "0"}}
[30687] 01-07 06:08:40,050 INFO [RocksDB][db/db_impl_write.cc:1373] [0] New memtable created with log file: #24. Immutable memtables: 1.

[30687] 01-07 06:08:40,050 INFO [RocksDB][db/db_impl_compaction_flush.cc:80] [JOB 5] Syncing log #13
[30687] 01-07 06:08:40,545 INFO [RocksDB][db/db_impl_compaction_flush.cc:80] [JOB 5] Syncing log #16
[30687] 01-07 06:08:40,545 INFO [RocksDB][db/compaction_job.cc:1211] [0] [JOB 4] Generated table #23: 597471 keys, 68987675 bytes
[30687] 01-07 06:08:40,545 INFO [RocksDB]EVENT_LOG_v1 {"time_micros": 1578377320545532, "cf_name": "0", "job": 4, "event": "table_file_creation", "file_number": 23, "file_size": 68987675, "table_properties": {"data_size": 67109694, "index_size": 889116, "filter_size": 987834, "raw_key_size": 24592847, "raw_average_key_size": 41, "raw_value_size": 56759700, "raw_average_value_size": 94, "num_data_blocks": 16739, "num_entries": 597471, "filter_policy_name": "rocksdb.BuiltinBloomFilter", "kDeletedKeys": "0", "kMergeOperands": "0"}}
[30687] 01-07 06:08:43,181 INFO [RocksDB][db/compaction_job.cc:1211] [0] [JOB 4] Generated table #26: 597534 keys, 68990332 bytes
[30687] 01-07 06:08:43,181 INFO [RocksDB]EVENT_LOG_v1 {"time_micros": 1578377323181610, "cf_name": "0", "job": 4, "event": "table_file_creation", "file_number": 26, "file_size": 68990332, "table_properties": {"data_size": 67112771, "index_size": 888619, "filter_size": 987911, "raw_key_size": 24596592, "raw_average_key_size": 41, "raw_value_size": 56765757, "raw_average_value_size": 95, "num_data_blocks": 16739, "num_entries": 597534, "filter_policy_name": "rocksdb.BuiltinBloomFilter", "kDeletedKeys": "0", "kMergeOperands": "0"}}
[30687] 01-07 06:08:43,183 INFO [RocksDB](Original Log Time 2020/01/07-06:08:40.050230) [db/db_impl_compaction_flush.cc:1424] Calling FlushMemTableToOutputFile with column family [0], flush slots available 4, compaction slots available 1, flush slots scheduled 1, compaction slots scheduled 1
[30687] 01-07 06:08:43,183 INFO [RocksDB][db/flush_job.cc:301] [0] [JOB 5] Flushing memtable with next log file: 16

[30687] 01-07 06:08:43,183 INFO [RocksDB][db/flush_job.cc:301] [0] [JOB 5] Flushing memtable with next log file: 24

[30687] 01-07 06:08:43,183 INFO [RocksDB]EVENT_LOG_v1 {"time_micros": 1578377323183313, "job": 5, "event": "flush_started", "num_memtables": 2, "num_entries": 3346804, "num_deletes": 0, "memory_usage": 520099320, "flush_reason": "Write Buffer Full"}
[30687] 01-07 06:08:43,183 INFO [RocksDB][db/flush_job.cc:331] [0] [JOB 5] Level-0 flush table #25: started
[30687] 01-07 06:08:43,425 INFO [RocksDB][db/compaction_job.cc:1211] [0] [JOB 4] Generated table #27: 109071 keys, 12586189 bytes
[30687] 01-07 06:08:43,425 INFO [RocksDB]EVENT_LOG_v1 {"time_micros": 1578377323425126, "cf_name": "0", "job": 4, "event": "table_file_creation", "file_number": 27, "file_size": 12586189, "table_properties": {"data_size": 12244663, "index_size": 160204, "filter_size": 180292, "raw_key_size": 4440815, "raw_average_key_size": 40, "raw_value_size": 10361799, "raw_average_value_size": 95, "num_data_blocks": 3053, "num_entries": 109071, "filter_policy_name": "rocksdb.BuiltinBloomFilter", "kDeletedKeys": "0", "kMergeOperands": "0"}}
[30687] 01-07 06:08:43,426 INFO [RocksDB][db/compaction_job.cc:1287] [0] [JOB 4] Compacted 2@0 files to L1 => 634249093 bytes
[30687] 01-07 06:08:43,430 INFO [RocksDB](Original Log Time 2020/01/07-06:08:43.430875) [db/compaction_job.cc:685] [0] compacted to: base level 1 max bytes base 536870912 files[0 10 0 0 0 0 0] max score 1.18, MB/sec: 45.4 rd, 45.4 wr, level 1, files in(2, 0) out(10) MB in(605.0, 0.0) out(604.9), read-write-amplify(2.0) write-amplify(1.0) OK, records in: 6059293, records dropped: 1 output_compression: NoCompression

[30687] 01-07 06:08:43,430 INFO [RocksDB](Original Log Time 2020/01/07-06:08:43.430902) EVENT_LOG_v1 {"time_micros": 1578377323430884, "job": 4, "event": "compaction_finished", "compaction_time_micros": 13976216, "output_level": 1, "num_output_files": 10, "total_output_size": 634249093, "num_input_records": 6059293, "num_output_records": 6059292, "num_subcompactions": 1, "output_compression": "NoCompression", "num_single_delete_mismatches": 0, "num_single_delete_fallthrough": 0, "lsm_state": [0, 10, 0, 0, 0, 0, 0]}
[30687] 01-07 06:08:43,432 INFO [RocksDB][db/compaction_job.cc:1531] [0] [JOB 6] Compacting 1@1 files to L2, score 1.18
[30687] 01-07 06:08:43,432 INFO [RocksDB][db/compaction_job.cc:1535] [0] Compaction start summary: Base version 5 Base level 1, inputs: [15(66MB)]

[30687] 01-07 06:08:43,432 INFO [RocksDB]EVENT_LOG_v1 {"time_micros": 1578377323432073, "job": 6, "event": "compaction_started", "compaction_reason": "LevelMaxLevelSize", "files_L1": [15], "score": 1.18138, "input_data_size": 69750450}
[30687] 01-07 06:08:46,734 INFO [RocksDB][db/compaction_job.cc:1211] [0] [JOB 6] Generated table #28: 1170129 keys, 54939009 bytes
[30687] 01-07 06:08:46,734 INFO [RocksDB]EVENT_LOG_v1 {"time_micros": 1578377326734929, "cf_name": "0", "job": 6, "event": "table_file_creation", "file_number": 28, "file_size": 54939009, "table_properties": {"data_size": 52772071, "index_size": 973092, "filter_size": 1636232, "raw_key_size": 55591026, "raw_average_key_size": 47, "raw_value_size": 29363294, "raw_average_value_size": 25, "num_data_blocks": 16604, "num_entries": 1170129, "filter_policy_name": "rocksdb.BuiltinBloomFilter", "kDeletedKeys": "0", "kMergeOperands": "0"}}
[30687] 01-07 06:08:46,736 INFO [RocksDB][db/compaction_job.cc:1287] [0] [JOB 6] Compacted 1@1 files to L2 => 54939009 bytes
[30687] 01-07 06:08:46,738 INFO [RocksDB](Original Log Time 2020/01/07-06:08:46.738156) [db/compaction_job.cc:685] [0] compacted to: base level 1 max bytes base 536870912 files[0 9 1 0 0 0 0] max score 1.05, MB/sec: 21.1 rd, 16.6 wr, level 2, files in(1, 0) out(1) MB in(66.5, 0.0) out(52.4), read-write-amplify(1.8) write-amplify(0.8) OK, records in: 1170129, records dropped: 0 output_compression: Snappy

[30687] 01-07 06:08:46,738 INFO [RocksDB](Original Log Time 2020/01/07-06:08:46.738183) EVENT_LOG_v1 {"time_micros": 1578377326738178, "job": 6, "event": "compaction_finished", "compaction_time_micros": 3304089, "output_level": 2, "num_output_files": 1, "total_output_size": 54939009, "num_input_records": 1170129, "num_output_records": 1170129, "num_subcompactions": 1, "output_compression": "Snappy", "num_single_delete_mismatches": 0, "num_single_delete_fallthrough": 0, "lsm_state": [0, 9, 1, 0, 0, 0, 0]}
[30687] 01-07 06:08:46,745 INFO [RocksDB]EVENT_LOG_v1 {"time_micros": 1578377326745335, "job": 6, "event": "table_file_deletion", "file_number": 15}
[30687] 01-07 06:08:46,745 INFO [RocksDB][db/compaction_job.cc:1531] [0] [JOB 7] Compacting 1@1 files to L2, score 1.05
[30687] 01-07 06:08:46,745 INFO [RocksDB][db/compaction_job.cc:1535] [0] Compaction start summary: Base version 6 Base level 1, inputs: [26(65MB)]

[30687] 01-07 06:08:46,745 INFO [RocksDB]EVENT_LOG_v1 {"time_micros": 1578377326745381, "job": 7, "event": "compaction_started", "compaction_reason": "LevelMaxLevelSize", "files_L1": [26], "score": 1.05146, "input_data_size": 68990332}
[30687] 01-07 06:08:50,025 INFO [RocksDB][db/compaction_job.cc:1211] [0] [JOB 7] Generated table #29: 597534 keys, 68588140 bytes
[30687] 01-07 06:08:50,025 INFO [RocksDB]EVENT_LOG_v1 {"time_micros": 1578377330025962, "cf_name": "0", "job": 7, "event": "table_file_creation", "file_number": 29, "file_size": 68588140, "table_properties": {"data_size": 67112771, "index_size": 888619, "filter_size": 987911, "raw_key_size": 24596592, "raw_average_key_size": 41, "raw_value_size": 56765757, "raw_average_value_size": 95, "num_data_blocks": 16739, "num_entries": 597534, "filter_policy_name": "rocksdb.BuiltinBloomFilter", "kDeletedKeys": "0", "kMergeOperands": "0"}}
[30687] 01-07 06:08:50,027 INFO [RocksDB][db/compaction_job.cc:1287] [0] [JOB 7] Compacted 1@1 files to L2 => 68588140 bytes
[30687] 01-07 06:08:50,029 INFO [RocksDB](Original Log Time 2020/01/07-06:08:50.029568) [db/compaction_job.cc:685] [0] compacted to: base level 1 max bytes base 536870912 files[0 8 2 0 0 0 0] max score 0.92, MB/sec: 21.0 rd, 20.9 wr, level 2, files in(1, 0) out(1) MB in(65.8, 0.0) out(65.4), read-write-amplify(2.0) write-amplify(1.0) OK, records in: 597534, records dropped: 0 output_compression: Snappy

[30687] 01-07 06:08:50,029 INFO [RocksDB](Original Log Time 2020/01/07-06:08:50.029598) EVENT_LOG_v1 {"time_micros": 1578377330029592, "job": 7, "event": "compaction_finished", "compaction_time_micros": 3282065, "output_level": 2, "num_output_files": 1, "total_output_size": 68588140, "num_input_records": 597534, "num_output_records": 597534, "num_subcompactions": 1, "output_compression": "Snappy", "num_single_delete_mismatches": 0, "num_single_delete_fallthrough": 0, "lsm_state": [0, 8, 2, 0, 0, 0, 0]}
[30687] 01-07 06:08:50,668 INFO [RocksDB][db/db_impl_write.cc:1373] [0] New memtable created with log file: #30. Immutable memtables: 2.

[30687] 01-07 06:08:51,928 INFO [RocksDB]EVENT_LOG_v1 {"time_micros": 1578377331928867, "cf_name": "0", "job": 5, "event": "table_file_creation", "file_number": 25, "file_size": 325413385, "table_properties": {"data_size": 316171937, "index_size": 4240841, "filter_size": 4999565, "raw_key_size": 131707403, "raw_average_key_size": 42, "raw_value_size": 253281051, "raw_average_value_size": 81, "num_data_blocks": 78776, "num_entries": 3107746, "filter_policy_name": "rocksdb.BuiltinBloomFilter", "kDeletedKeys": "0", "kMergeOperands": "0"}}
[30687] 01-07 06:08:51,928 INFO [RocksDB][db/flush_job.cc:371] [0] [JOB 5] Level-0 flush table #25: 325413385 bytes OK
[30687] 01-07 06:08:51,932 INFO [RocksDB](Original Log Time 2020/01/07-06:08:51.930331) [db/memtable_list.cc:377] [0] Level-0 commit table #25 started
[30687] 01-07 06:08:51,932 INFO [RocksDB](Original Log Time 2020/01/07-06:08:51.932055) [db/memtable_list.cc:409] [0] Level-0 commit table #25: memtable #1 done
[30687] 01-07 06:08:51,932 INFO [RocksDB](Original Log Time 2020/01/07-06:08:51.932055) [db/memtable_list.cc:409] [0] Level-0 commit table #25: memtable #2 done
[30687] 01-07 06:08:51,932 INFO [RocksDB](Original Log Time 2020/01/07-06:08:51.932064) EVENT_LOG_v1 {"time_micros": 1578377331932060, "job": 5, "event": "flush_finished", "output_compression": "NoCompression", "lsm_state": [1, 8, 2, 0, 0, 0, 0], "immutable_memtables": 1}
[30687] 01-07 06:08:51,932 INFO [RocksDB](Original Log Time 2020/01/07-06:08:51.932084) [db/db_impl_compaction_flush.cc:177] [0] Level summary: base level 1 max bytes base 536870912 files[1 8 2 0 0 0 0] max score 0.92

[30687] 01-07 06:08:51,932 INFO [RocksDB][db/db_impl_files.cc:342] [JOB 5] Try to delete WAL files size 395266888, prev total WAL file size 620387817, number of live WAL files 4.

[30687] 01-07 06:08:51,938 INFO [RocksDB]EVENT_LOG_v1 {"time_micros": 1578377331938310, "job": 5, "event": "table_file_deletion", "file_number": 26}
[30687] 01-07 06:08:51,985 INFO [RocksDB]EVENT_LOG_v1 {"time_micros": 1578377331985894, "job": 5, "event": "table_file_deletion", "file_number": 14}
[30687] 01-07 06:08:52,033 INFO [RocksDB]EVENT_LOG_v1 {"time_micros": 1578377332033616, "job": 5, "event": "table_file_deletion", "file_number": 11}
[30687] 01-07 06:08:59,514 INFO [RocksDB][db/db_impl_write.cc:1373] [0] New memtable created with log file: #31. Immutable memtables: 1.

[30687] 01-07 06:08:59,514 INFO [RocksDB][db/db_impl_compaction_flush.cc:80] [JOB 8] Syncing log #24
[30687] 01-07 06:09:00,027 INFO [RocksDB][db/db_impl_compaction_flush.cc:80] [JOB 8] Syncing log #30
[30687] 01-07 06:09:01,388 INFO [RocksDB](Original Log Time 2020/01/07-06:08:59.514700) [db/db_impl_compaction_flush.cc:1424] Calling FlushMemTableToOutputFile with column family [0], flush slots available 4, compaction slots available 1, flush slots scheduled 1, compaction slots scheduled 0
[30687] 01-07 06:09:01,388 INFO [RocksDB][db/flush_job.cc:301] [0] [JOB 8] Flushing memtable with next log file: 30

[30687] 01-07 06:09:01,388 INFO [RocksDB][db/flush_job.cc:301] [0] [JOB 8] Flushing memtable with next log file: 31

[30687] 01-07 06:09:01,388 INFO [RocksDB]EVENT_LOG_v1 {"time_micros": 1578377341388978, "job": 8, "event": "flush_started", "num_memtables": 2, "num_entries": 3233583, "num_deletes": 0, "memory_usage": 520101848, "flush_reason": "Write Buffer Full"}
[30687] 01-07 06:09:01,388 INFO [RocksDB][db/flush_job.cc:331] [0] [JOB 8] Level-0 flush table #32: started
[30687] 01-07 06:09:07,425 INFO [RocksDB]EVENT_LOG_v1 {"time_micros": 1578377347425145, "cf_name": "0", "job": 8, "event": "table_file_creation", "file_number": 32, "file_size": 314419494, "table_properties": {"data_size": 305492179, "index_size": 4095824, "filter_size": 4830449, "raw_key_size": 127250766, "raw_average_key_size": 42, "raw_value_size": 244712531, "raw_average_value_size": 81, "num_data_blocks": 76113, "num_entries": 3002613, "filter_policy_name": "rocksdb.BuiltinBloomFilter", "kDeletedKeys": "0", "kMergeOperands": "0"}}
[30687] 01-07 06:09:07,425 INFO [RocksDB][db/flush_job.cc:371] [0] [JOB 8] Level-0 flush table #32: 314419494 bytes OK
[30687] 01-07 06:09:07,428 INFO [RocksDB](Original Log Time 2020/01/07-06:09:07.426391) [db/memtable_list.cc:377] [0] Level-0 commit table #32 started
[30687] 01-07 06:09:07,428 INFO [RocksDB](Original Log Time 2020/01/07-06:09:07.428055) [db/memtable_list.cc:409] [0] Level-0 commit table #32: memtable #1 done
[30687] 01-07 06:09:07,428 INFO [RocksDB](Original Log Time 2020/01/07-06:09:07.428056) [db/memtable_list.cc:409] [0] Level-0 commit table #32: memtable #2 done
[30687] 01-07 06:09:07,428 INFO [RocksDB](Original Log Time 2020/01/07-06:09:07.428064) EVENT_LOG_v1 {"time_micros": 1578377347428060, "job": 8, "event": "flush_finished", "output_compression": "NoCompression", "lsm_state": [2, 8, 2, 0, 0, 0, 0], "immutable_memtables": 0}
[30687] 01-07 06:09:07,428 INFO [RocksDB](Original Log Time 2020/01/07-06:09:07.428092) [db/db_impl_compaction_flush.cc:177] [0] Level summary: base level 1 max bytes base 536870912 files[2 8 2 0 0 0 0] max score 1.19

[30687] 01-07 06:09:07,428 INFO [RocksDB][db/db_impl_files.cc:342] [JOB 8] Try to delete WAL files size 381893795, prev total WAL file size 483490118, number of live WAL files 3.

[30687] 01-07 06:09:07,428 INFO [RocksDB][db/compaction_job.cc:1531] [0] [JOB 9] Compacting 2@0 + 8@1 files to L1, score 1.19
[30687] 01-07 06:09:07,428 INFO [RocksDB][db/compaction_job.cc:1535] [0] Compaction start summary: Base version 9 Base level 0, inputs: [32(299MB) 25(310MB)], [17(65MB) 18(65MB) 19(65MB) 20(65MB) 21(65MB) 22(65MB) 23(65MB) 27(12MB)]

[30687] 01-07 06:09:07,428 INFO [RocksDB]EVENT_LOG_v1 {"time_micros": 1578377347428257, "job": 9, "event": "compaction_started", "compaction_reason": "LevelL0FilesNum", "files_L0": [32, 25], "files_L1": [17, 18, 19, 20, 21, 22, 23, 27], "score": 1.19178, "input_data_size": 1135341190}
[30687] 01-07 06:09:08,843 INFO [RocksDB][db/compaction_job.cc:1211] [0] [JOB 9] Generated table #33: 1174701 keys, 69756408 bytes
[30687] 01-07 06:09:08,843 INFO [RocksDB]EVENT_LOG_v1 {"time_micros": 1578377348843968, "cf_name": "0", "job": 9, "event": "table_file_creation", "file_number": 33, "file_size": 69756408, "table_properties": {"data_size": 67111254, "index_size": 974588, "filter_size": 1669535, "raw_key_size": 55843684, "raw_average_key_size": 47, "raw_value_size": 29106102, "raw_average_value_size": 24, "num_data_blocks": 16604, "num_entries": 1174701, "filter_policy_name": "rocksdb.BuiltinBloomFilter", "kDeletedKeys": "0", "kMergeOperands": "0"}}
[30687] 01-07 06:09:10,230 INFO [RocksDB][db/compaction_job.cc:1211] [0] [JOB 9] Generated table #34: 597607 keys, 68990864 bytes
[30687] 01-07 06:09:10,230 INFO [RocksDB]EVENT_LOG_v1 {"time_micros": 1578377350230388, "cf_name": "0", "job": 9, "event": "table_file_creation", "file_number": 34, "file_size": 68990864, "table_properties": {"data_size": 67112630, "index_size": 889159, "filter_size": 988044, "raw_key_size": 24599438, "raw_average_key_size": 41, "raw_value_size": 56772656, "raw_average_value_size": 94, "num_data_blocks": 16744, "num_entries": 597607, "filter_policy_name": "rocksdb.BuiltinBloomFilter", "kDeletedKeys": "0", "kMergeOperands": "0"}}
[30687] 01-07 06:09:11,531 INFO [RocksDB][db/compaction_job.cc:1211] [0] [JOB 9] Generated table #35: 597610 keys, 68990606 bytes
[30687] 01-07 06:09:11,531 INFO [RocksDB]EVENT_LOG_v1 {"time_micros": 1578377351531368, "cf_name": "0", "job": 9, "event": "table_file_creation", "file_number": 35, "file_size": 68990606, "table_properties": {"data_size": 67112035, "index_size": 889494, "filter_size": 988046, "raw_key_size": 24600177, "raw_average_key_size": 41, "raw_value_size": 56772968, "raw_average_value_size": 95, "num_data_blocks": 16744, "num_entries": 597610, "filter_policy_name": "rocksdb.BuiltinBloomFilter", "kDeletedKeys": "0", "kMergeOperands": "0"}}
[30687] 01-07 06:09:12,832 INFO [RocksDB][db/compaction_job.cc:1211] [0] [JOB 9] Generated table #36: 597604 keys, 68986809 bytes
[30687] 01-07 06:09:12,832 INFO [RocksDB]EVENT_LOG_v1 {"time_micros": 1578377352832654, "cf_name": "0", "job": 9, "event": "table_file_creation", "file_number": 36, "file_size": 68986809, "table_properties": {"data_size": 67109558, "index_size": 888220, "filter_size": 988000, "raw_key_size": 24595154, "raw_average_key_size": 41, "raw_value_size": 56772344, "raw_average_value_size": 94, "num_data_blocks": 16740, "num_entries": 597604, "filter_policy_name": "rocksdb.BuiltinBloomFilter", "kDeletedKeys": "0", "kMergeOperands": "0"}}
[30687] 01-07 06:09:14,137 INFO [RocksDB][db/compaction_job.cc:1211] [0] [JOB 9] Generated table #37: 597610 keys, 68988772 bytes
[30687] 01-07 06:09:14,137 INFO [RocksDB]EVENT_LOG_v1 {"time_micros": 1578377354137107, "cf_name": "0", "job": 9, "event": "table_file_creation", "file_number": 37, "file_size": 68988772, "table_properties": {"data_size": 67110390, "index_size": 889309, "filter_size": 988042, "raw_key_size": 24600987, "raw_average_key_size": 41, "raw_value_size": 56772968, "raw_average_value_size": 95, "num_data_blocks": 16744, "num_entries": 597610, "filter_policy_name": "rocksdb.BuiltinBloomFilter", "kDeletedKeys": "0", "kMergeOperands": "0"}}
[30687] 01-07 06:09:15,446 INFO [RocksDB][db/compaction_job.cc:1211] [0] [JOB 9] Generated table #38: 597588 keys, 68989634 bytes
[30687] 01-07 06:09:15,446 INFO [RocksDB]EVENT_LOG_v1 {"time_micros": 1578377355446718, "cf_name": "0", "job": 9, "event": "table_file_creation", "file_number": 38, "file_size": 68989634, "table_properties": {"data_size": 67111810, "index_size": 888773, "filter_size": 988020, "raw_key_size": 24595712, "raw_average_key_size": 41, "raw_value_size": 56770878, "raw_average_value_size": 95, "num_data_blocks": 16744, "num_entries": 597588, "filter_policy_name": "rocksdb.BuiltinBloomFilter", "kDeletedKeys": "0", "kMergeOperands": "0"}}
[30687] 01-07 06:09:16,775 INFO [RocksDB][db/compaction_job.cc:1211] [0] [JOB 9] Generated table #39: 597630 keys, 68989204 bytes
[30687] 01-07 06:09:16,775 INFO [RocksDB]EVENT_LOG_v1 {"time_micros": 1578377356775738, "cf_name": "0", "job": 9, "event": "table_file_creation", "file_number": 39, "file_size": 68989204, "table_properties": {"data_size": 67111734, "index_size": 888396, "filter_size": 988043, "raw_key_size": 24598489, "raw_average_key_size": 41, "raw_value_size": 56774850, "raw_average_value_size": 95, "num_data_blocks": 16741, "num_entries": 597630, "filter_policy_name": "rocksdb.BuiltinBloomFilter", "kDeletedKeys": "0", "kMergeOperands": "0"}}
[30687] 01-07 06:09:18,063 INFO [RocksDB][db/compaction_job.cc:1211] [0] [JOB 9] Generated table #40: 597606 keys, 68988981 bytes
[30687] 01-07 06:09:18,063 INFO [RocksDB]EVENT_LOG_v1 {"time_micros": 1578377358063580, "cf_name": "0", "job": 9, "event": "table_file_creation", "file_number": 40, "file_size": 68988981, "table_properties": {"data_size": 67111106, "index_size": 888820, "filter_size": 988024, "raw_key_size": 24598619, "raw_average_key_size": 41, "raw_value_size": 56772552, "raw_average_value_size": 94, "num_data_blocks": 16742, "num_entries": 597606, "filter_policy_name": "rocksdb.BuiltinBloomFilter", "kDeletedKeys": "0", "kMergeOperands": "0"}}
[30687] 01-07 06:09:19,435 INFO [RocksDB][db/compaction_job.cc:1211] [0] [JOB 9] Generated table #41: 597598 keys, 68990779 bytes
[30687] 01-07 06:09:19,435 INFO [RocksDB]EVENT_LOG_v1 {"time_micros": 1578377359435365, "cf_name": "0", "job": 9, "event": "table_file_creation", "file_number": 41, "file_size": 68990779, "table_properties": {"data_size": 67112519, "index_size": 889197, "filter_size": 988032, "raw_key_size": 24596586, "raw_average_key_size": 41, "raw_value_size": 56771819, "raw_average_value_size": 95, "num_data_blocks": 16744, "num_entries": 597598, "filter_policy_name": "rocksdb.BuiltinBloomFilter", "kDeletedKeys": "0", "kMergeOperands": "0"}}
[30687] 01-07 06:09:20,737 INFO [RocksDB][db/compaction_job.cc:1211] [0] [JOB 9] Generated table #42: 597618 keys, 68989881 bytes
[30687] 01-07 06:09:20,737 INFO [RocksDB]EVENT_LOG_v1 {"time_micros": 1578377360737446, "cf_name": "0", "job": 9, "event": "table_file_creation", "file_number": 42, "file_size": 68989881, "table_properties": {"data_size": 67112065, "index_size": 888738, "filter_size": 988047, "raw_key_size": 24598791, "raw_average_key_size": 41, "raw_value_size": 56773701, "raw_average_value_size": 94, "num_data_blocks": 16743, "num_entries": 597618, "filter_policy_name": "rocksdb.BuiltinBloomFilter", "kDeletedKeys": "0", "kMergeOperands": "0"}}
[30687] 01-07 06:09:22,040 INFO [RocksDB][db/compaction_job.cc:1211] [0] [JOB 9] Generated table #43: 597627 keys, 68990868 bytes
[30687] 01-07 06:09:22,040 INFO [RocksDB]EVENT_LOG_v1 {"time_micros": 1578377362040927, "cf_name": "0", "job": 9, "event": "table_file_creation", "file_number": 43, "file_size": 68990868, "table_properties": {"data_size": 67112937, "index_size": 888851, "filter_size": 988049, "raw_key_size": 24599765, "raw_average_key_size": 41, "raw_value_size": 56774538, "raw_average_value_size": 94, "num_data_blocks": 16742, "num_entries": 597627, "filter_policy_name": "rocksdb.BuiltinBloomFilter", "kDeletedKeys": "0", "kMergeOperands": "0"}}
[30687] 01-07 06:09:23,350 INFO [RocksDB][db/compaction_job.cc:1211] [0] [JOB 9] Generated table #44: 597586 keys, 68987863 bytes
[30687] 01-07 06:09:23,350 INFO [RocksDB]EVENT_LOG_v1 {"time_micros": 1578377363350386, "cf_name": "0", "job": 9, "event": "table_file_creation", "file_number": 44, "file_size": 68987863, "table_properties": {"data_size": 67109806, "index_size": 889021, "filter_size": 988005, "raw_key_size": 24597718, "raw_average_key_size": 41, "raw_value_size": 56770670, "raw_average_value_size": 95, "num_data_blocks": 16743, "num_entries": 597586, "filter_policy_name": "rocksdb.BuiltinBloomFilter", "kDeletedKeys": "0", "kMergeOperands": "0"}}
[30687] 01-07 06:09:24,659 INFO [RocksDB][db/compaction_job.cc:1211] [0] [JOB 9] Generated table #45: 597624 keys, 68989112 bytes
[30687] 01-07 06:09:24,659 INFO [RocksDB]EVENT_LOG_v1 {"time_micros": 1578377364659315, "cf_name": "0", "job": 9, "event": "table_file_creation", "file_number": 45, "file_size": 68989112, "table_properties": {"data_size": 67111593, "index_size": 888444, "filter_size": 988044, "raw_key_size": 24599554, "raw_average_key_size": 41, "raw_value_size": 56774325, "raw_average_value_size": 95, "num_data_blocks": 16742, "num_entries": 597624, "filter_policy_name": "rocksdb.BuiltinBloomFilter", "kDeletedKeys": "0", "kMergeOperands": "0"}}
[30687] 01-07 06:09:25,959 INFO [RocksDB][db/compaction_job.cc:1211] [0] [JOB 9] Generated table #46: 597603 keys, 68987801 bytes
[30687] 01-07 06:09:25,959 INFO [RocksDB]EVENT_LOG_v1 {"time_micros": 1578377365959655, "cf_name": "0", "job": 9, "event": "table_file_creation", "file_number": 46, "file_size": 68987801, "table_properties": {"data_size": 67109525, "index_size": 889219, "filter_size": 988026, "raw_key_size": 24601441, "raw_average_key_size": 41, "raw_value_size": 56772240, "raw_average_value_size": 94, "num_data_blocks": 16743, "num_entries": 597603, "filter_policy_name": "rocksdb.BuiltinBloomFilter", "kDeletedKeys": "0", "kMergeOperands": "0"}}
[30687] 01-07 06:09:27,369 INFO [RocksDB][db/compaction_job.cc:1211] [0] [JOB 9] Generated table #47: 597594 keys, 68987824 bytes
[30687] 01-07 06:09:27,369 INFO [RocksDB]EVENT_LOG_v1 {"time_micros": 1578377367369125, "cf_name": "0", "job": 9, "event": "table_file_creation", "file_number": 47, "file_size": 68987824, "table_properties": {"data_size": 67110219, "index_size": 888579, "filter_size": 987995, "raw_key_size": 24596515, "raw_average_key_size": 41, "raw_value_size": 56771502, "raw_average_value_size": 95, "num_data_blocks": 16741, "num_entries": 597594, "filter_policy_name": "rocksdb.BuiltinBloomFilter", "kDeletedKeys": "0", "kMergeOperands": "0"}}
[30687] 01-07 06:09:28,641 INFO [RocksDB][db/compaction_job.cc:1211] [0] [JOB 9] Generated table #48: 597533 keys, 68988661 bytes
[30687] 01-07 06:09:28,641 INFO [RocksDB]EVENT_LOG_v1 {"time_micros": 1578377368641568, "cf_name": "0", "job": 9, "event": "table_file_creation", "file_number": 48, "file_size": 68988661, "table_properties": {"data_size": 67111713, "index_size": 888023, "filter_size": 987894, "raw_key_size": 24597910, "raw_average_key_size": 41, "raw_value_size": 56765554, "raw_average_value_size": 94, "num_data_blocks": 16737, "num_entries": 597533, "filter_policy_name": "rocksdb.BuiltinBloomFilter", "kDeletedKeys": "0", "kMergeOperands": "0"}}
[30687] 01-07 06:09:29,238 INFO [RocksDB][db/compaction_job.cc:1211] [0] [JOB 9] Generated table #49: 263248 keys, 30385393 bytes
[30687] 01-07 06:09:29,238 INFO [RocksDB]EVENT_LOG_v1 {"time_micros": 1578377369238453, "cf_name": "0", "job": 9, "event": "table_file_creation", "file_number": 49, "file_size": 30385393, "table_properties": {"data_size": 29559523, "index_size": 389676, "filter_size": 435164, "raw_key_size": 10739925, "raw_average_key_size": 40, "raw_value_size": 25008623, "raw_average_value_size": 95, "num_data_blocks": 7371, "num_entries": 263248, "filter_policy_name": "rocksdb.BuiltinBloomFilter", "kDeletedKeys": "0", "kMergeOperands": "0"}}
[30687] 01-07 06:09:29,239 INFO [RocksDB][db/compaction_job.cc:1287] [0] [JOB 9] Compacted 2@0 + 8@1 files to L1 => 1134979460 bytes
[30687] 01-07 06:09:29,241 INFO [RocksDB](Original Log Time 2020/01/07-06:09:29.241668) [db/compaction_job.cc:685] [0] compacted to: base level 1 max bytes base 536870912 files[0 17 2 0 0 0 0] max score 2.11, MB/sec: 52.1 rd, 52.0 wr, level 1, files in(2, 8) out(17) MB in(610.2, 472.6) out(1082.4), read-write-amplify(3.5) write-amplify(1.8) OK, records in: 10401988, records dropped: 1 output_compression: NoCompression

[30687] 01-07 06:09:29,241 INFO [RocksDB](Original Log Time 2020/01/07-06:09:29.241682) EVENT_LOG_v1 {"time_micros": 1578377369241677, "job": 9, "event": "compaction_finished", "compaction_time_micros": 21811495, "output_level": 1, "num_output_files": 17, "total_output_size": 1134979460, "num_input_records": 10401988, "num_output_records": 10401987, "num_subcompactions": 1, "output_compression": "NoCompression", "num_single_delete_mismatches": 0, "num_single_delete_fallthrough": 0, "lsm_state": [0, 17, 2, 0, 0, 0, 0]}
[30687] 01-07 06:09:29,241 INFO [RocksDB][db/compaction_picker.cc:485] [0] Expanding@1 1+1(69756408+54939009 bytes) to 2+1 (138747272+54939009 bytes)

[30687] 01-07 06:09:29,241 INFO [RocksDB][db/compaction_job.cc:1531] [0] [JOB 10] Compacting 2@1 + 1@2 files to L2, score 2.11
[30687] 01-07 06:09:29,241 INFO [RocksDB][db/compaction_job.cc:1535] [0] Compaction start summary: Base version 10 Base level 1, inputs: [33(66MB) 34(65MB)], [28(52MB)]

[30687] 01-07 06:09:29,241 INFO [RocksDB]EVENT_LOG_v1 {"time_micros": 1578377369241774, "job": 10, "event": "compaction_started", "compaction_reason": "LevelMaxLevelSize", "files_L1": [33, 34], "files_L2": [28], "score": 2.11406, "input_data_size": 193686281}
[30687] 01-07 06:09:29,276 INFO [RocksDB]EVENT_LOG_v1 {"time_micros": 1578377369276701, "job": 0, "event": "table_file_deletion", "file_number": 32}
[30687] 01-07 06:09:29,278 INFO [RocksDB]EVENT_LOG_v1 {"time_micros": 1578377369278059, "job": 0, "event": "table_file_deletion", "file_number": 27}
[30687] 01-07 06:09:29,310 INFO [RocksDB]EVENT_LOG_v1 {"time_micros": 1578377369310976, "job": 0, "event": "table_file_deletion", "file_number": 25}
[30687] 01-07 06:09:29,317 INFO [RocksDB]EVENT_LOG_v1 {"time_micros": 1578377369317900, "job": 0, "event": "table_file_deletion", "file_number": 23}
[30687] 01-07 06:09:29,324 INFO [RocksDB]EVENT_LOG_v1 {"time_micros": 1578377369324693, "job": 0, "event": "table_file_deletion", "file_number": 22}
[30687] 01-07 06:09:29,331 INFO [RocksDB]EVENT_LOG_v1 {"time_micros": 1578377369331688, "job": 0, "event": "table_file_deletion", "file_number": 21}
[30687] 01-07 06:09:29,338 INFO [RocksDB]EVENT_LOG_v1 {"time_micros": 1578377369338415, "job": 0, "event": "table_file_deletion", "file_number": 20}
[30687] 01-07 06:09:29,345 INFO [RocksDB]EVENT_LOG_v1 {"time_micros": 1578377369345389, "job": 0, "event": "table_file_deletion", "file_number": 19}
[30687] 01-07 06:09:29,352 INFO [RocksDB]EVENT_LOG_v1 {"time_micros": 1578377369352068, "job": 0, "event": "table_file_deletion", "file_number": 18}
[30687] 01-07 06:09:29,358 INFO [RocksDB]EVENT_LOG_v1 {"time_micros": 1578377369358683, "job": 0, "event": "table_file_deletion", "file_number": 17}
[30687] 01-07 06:09:32,528 INFO [RocksDB][db/compaction_job.cc:1211] [0] [JOB 10] Generated table #50: 2006679 keys, 70607522 bytes
[30687] 01-07 06:09:32,528 INFO [RocksDB]EVENT_LOG_v1 {"time_micros": 1578377372528094, "cf_name": "0", "job": 10, "event": "table_file_creation", "file_number": 50, "file_size": 70607522, "table_properties": {"data_size": 67110214, "index_size": 1442089, "filter_size": 2717929, "raw_key_size": 97515411, "raw_average_key_size": 48, "raw_value_size": 26345099, "raw_average_value_size": 13, "num_data_blocks": 23676, "num_entries": 2006679, "filter_policy_name": "rocksdb.BuiltinBloomFilter", "kDeletedKeys": "0", "kMergeOperands": "0"}}
[30687] 01-07 06:09:33,836 INFO [RocksDB][db/compaction_job.cc:1211] [0] [JOB 10] Generated table #51: 597638 keys, 68585739 bytes
[30687] 01-07 06:09:33,836 INFO [RocksDB]EVENT_LOG_v1 {"time_micros": 1578377373836542, "cf_name": "0", "job": 10, "event": "table_file_creation", "file_number": 51, "file_size": 68585739, "table_properties": {"data_size": 67112602, "index_size": 888988, "filter_size": 988071, "raw_key_size": 24602190, "raw_average_key_size": 41, "raw_value_size": 56775583, "raw_average_value_size": 94, "num_data_blocks": 16743, "num_entries": 597638, "filter_policy_name": "rocksdb.BuiltinBloomFilter", "kDeletedKeys": "0", "kMergeOperands": "0"}}
[30687] 01-07 06:09:34,603 INFO [RocksDB][db/compaction_job.cc:1211] [0] [JOB 10] Generated table #52: 338119 keys, 38807060 bytes
[30687] 01-07 06:09:34,603 INFO [RocksDB]EVENT_LOG_v1 {"time_micros": 1578377374603787, "cf_name": "0", "job": 10, "event": "table_file_creation", "file_number": 52, "file_size": 38807060, "table_properties": {"data_size": 37973066, "index_size": 502851, "filter_size": 559042, "raw_key_size": 13916528, "raw_average_key_size": 41, "raw_value_size": 32121314, "raw_average_value_size": 95, "num_data_blocks": 9475, "num_entries": 338119, "filter_policy_name": "rocksdb.BuiltinBloomFilter", "kDeletedKeys": "0", "kMergeOperands": "0"}}
[30687] 01-07 06:09:34,605 INFO [RocksDB][db/compaction_job.cc:1287] [0] [JOB 10] Compacted 2@1 + 1@2 files to L2 => 178000321 bytes
[30687] 01-07 06:09:34,607 INFO [RocksDB](Original Log Time 2020/01/07-06:09:34.607366) [db/compaction_job.cc:685] [0] compacted to: base level 1 max bytes base 536870912 files[0 15 4 0 0 0 0] max score 1.86, MB/sec: 36.1 rd, 33.2 wr, level 2, files in(2, 1) out(3) MB in(132.3, 52.4) out(169.8), read-write-amplify(2.7) write-amplify(1.3) OK, records in: 2942437, records dropped: 1 output_compression: Snappy

[30687] 01-07 06:09:34,607 INFO [RocksDB](Original Log Time 2020/01/07-06:09:34.607392) EVENT_LOG_v1 {"time_micros": 1578377374607374, "job": 10, "event": "compaction_finished", "compaction_time_micros": 5363647, "output_level": 2, "num_output_files": 3, "total_output_size": 178000321, "num_input_records": 2942437, "num_output_records": 2942436, "num_subcompactions": 1, "output_compression": "Snappy", "num_single_delete_mismatches": 0, "num_single_delete_fallthrough": 0, "lsm_state": [0, 15, 4, 0, 0, 0, 0]}
[30687] 01-07 06:09:34,607 INFO [RocksDB][db/compaction_job.cc:1531] [0] [JOB 11] Compacting 1@1 files to L2, score 1.86
[30687] 01-07 06:09:34,607 INFO [RocksDB][db/compaction_job.cc:1535] [0] Compaction start summary: Base version 11 Base level 1, inputs: [43(65MB)]

[30687] 01-07 06:09:34,607 INFO [RocksDB]EVENT_LOG_v1 {"time_micros": 1578377374607463, "job": 11, "event": "compaction_started", "compaction_reason": "LevelMaxLevelSize", "files_L1": [43], "score": 1.85563, "input_data_size": 68990868}
[30687] 01-07 06:09:34,614 INFO [RocksDB]EVENT_LOG_v1 {"time_micros": 1578377374614737, "job": 0, "event": "table_file_deletion", "file_number": 34}
[30687] 01-07 06:09:34,622 INFO [RocksDB]EVENT_LOG_v1 {"time_micros": 1578377374622145, "job": 0, "event": "table_file_deletion", "file_number": 33}
[30687] 01-07 06:09:34,627 INFO [RocksDB]EVENT_LOG_v1 {"time_micros": 1578377374627545, "job": 0, "event": "table_file_deletion", "file_number": 28}
[30687] 01-07 06:09:35,912 INFO [RocksDB][db/compaction_job.cc:1211] [0] [JOB 11] Generated table #53: 597627 keys, 68585984 bytes
[30687] 01-07 06:09:35,912 INFO [RocksDB]EVENT_LOG_v1 {"time_micros": 1578377375912359, "cf_name": "0", "job": 11, "event": "table_file_creation", "file_number": 53, "file_size": 68585984, "table_properties": {"data_size": 67112937, "index_size": 888851, "filter_size": 988049, "raw_key_size": 24599765, "raw_average_key_size": 41, "raw_value_size": 56774538, "raw_average_value_size": 94, "num_data_blocks": 16742, "num_entries": 597627, "filter_policy_name": "rocksdb.BuiltinBloomFilter", "kDeletedKeys": "0", "kMergeOperands": "0"}}
[30687] 01-07 06:09:35,913 INFO [RocksDB][db/compaction_job.cc:1287] [0] [JOB 11] Compacted 1@1 files to L2 => 68585984 bytes
[30687] 01-07 06:09:35,915 INFO [RocksDB](Original Log Time 2020/01/07-06:09:35.915546) [db/compaction_job.cc:685] [0] compacted to: base level 1 max bytes base 536870912 files[0 14 5 0 0 0 0] max score 1.73, MB/sec: 52.8 rd, 52.5 wr, level 2, files in(1, 0) out(1) MB in(65.8, 0.0) out(65.4), read-write-amplify(2.0) write-amplify(1.0) OK, records in: 597627, records dropped: 0 output_compression: Snappy

[30687] 01-07 06:09:35,915 INFO [RocksDB](Original Log Time 2020/01/07-06:09:35.915572) EVENT_LOG_v1 {"time_micros": 1578377375915555, "job": 11, "event": "compaction_finished", "compaction_time_micros": 1306198, "output_level": 2, "num_output_files": 1, "total_output_size": 68585984, "num_input_records": 597627, "num_output_records": 597627, "num_subcompactions": 1, "output_compression": "Snappy", "num_single_delete_mismatches": 0, "num_single_delete_fallthrough": 0, "lsm_state": [0, 14, 5, 0, 0, 0, 0]}
[30687] 01-07 06:09:35,922 INFO [RocksDB]EVENT_LOG_v1 {"time_micros": 1578377375922689, "job": 11, "event": "table_file_deletion", "file_number": 43}
[30687] 01-07 06:09:35,922 INFO [RocksDB][db/compaction_job.cc:1531] [0] [JOB 12] Compacting 1@1 files to L2, score 1.73
[30687] 01-07 06:09:35,922 INFO [RocksDB][db/compaction_job.cc:1535] [0] Compaction start summary: Base version 12 Base level 1, inputs: [41(65MB)]

[30687] 01-07 06:09:35,922 INFO [RocksDB]EVENT_LOG_v1 {"time_micros": 1578377375922738, "job": 12, "event": "compaction_started", "compaction_reason": "LevelMaxLevelSize", "files_L1": [41], "score": 1.72712, "input_data_size": 68990779}
[30687] 01-07 06:09:37,253 INFO [RocksDB][db/compaction_job.cc:1211] [0] [JOB 12] Generated table #54: 597598 keys, 68585470 bytes
[30687] 01-07 06:09:37,253 INFO [RocksDB]EVENT_LOG_v1 {"time_micros": 1578377377253506, "cf_name": "0", "job": 12, "event": "table_file_creation", "file_number": 54, "file_size": 68585470, "table_properties": {"data_size": 67112519, "index_size": 889197, "filter_size": 988032, "raw_key_size": 24596586, "raw_average_key_size": 41, "raw_value_size": 56771819, "raw_average_value_size": 95, "num_data_blocks": 16744, "num_entries": 597598, "filter_policy_name": "rocksdb.BuiltinBloomFilter", "kDeletedKeys": "0", "kMergeOperands": "0"}}
[30687] 01-07 06:09:37,254 INFO [RocksDB][db/compaction_job.cc:1287] [0] [JOB 12] Compacted 1@1 files to L2 => 68585470 bytes
[30687] 01-07 06:09:37,256 INFO [RocksDB](Original Log Time 2020/01/07-06:09:37.256726) [db/compaction_job.cc:685] [0] compacted to: base level 1 max bytes base 536870912 files[0 13 6 0 0 0 0] max score 1.60, MB/sec: 51.8 rd, 51.5 wr, level 2, files in(1, 0) out(1) MB in(65.8, 0.0) out(65.4), read-write-amplify(2.0) write-amplify(1.0) OK, records in: 597598, records dropped: 0 output_compression: Snappy

[30687] 01-07 06:09:37,256 INFO [RocksDB](Original Log Time 2020/01/07-06:09:37.256740) EVENT_LOG_v1 {"time_micros": 1578377377256735, "job": 12, "event": "compaction_finished", "compaction_time_micros": 1332091, "output_level": 2, "num_output_files": 1, "total_output_size": 68585470, "num_input_records": 597598, "num_output_records": 597598, "num_subcompactions": 1, "output_compression": "Snappy", "num_single_delete_mismatches": 0, "num_single_delete_fallthrough": 0, "lsm_state": [0, 13, 6, 0, 0, 0, 0]}
[30687] 01-07 06:09:37,256 INFO [RocksDB][db/compaction_job.cc:1531] [0] [JOB 13] Compacting 1@1 files to L2, score 1.60
[30687] 01-07 06:09:37,256 INFO [RocksDB][db/compaction_job.cc:1535] [0] Compaction start summary: Base version 13 Base level 1, inputs: [35(65MB)]

[30687] 01-07 06:09:37,256 INFO [RocksDB]EVENT_LOG_v1 {"time_micros": 1578377377256803, "job": 13, "event": "compaction_started", "compaction_reason": "LevelMaxLevelSize", "files_L1": [35], "score": 1.59862, "input_data_size": 68990606}
[30687] 01-07 06:09:37,263 INFO [RocksDB]EVENT_LOG_v1 {"time_micros": 1578377377263562, "job": 0, "event": "table_file_deletion", "file_number": 41}
[30687] 01-07 06:09:38,560 INFO [RocksDB][db/compaction_job.cc:1211] [0] [JOB 13] Generated table #55: 597610 keys, 68585418 bytes
[30687] 01-07 06:09:38,560 INFO [RocksDB]EVENT_LOG_v1 {"time_micros": 1578377378560222, "cf_name": "0", "job": 13, "event": "table_file_creation", "file_number": 55, "file_size": 68585418, "table_properties": {"data_size": 67112035, "index_size": 889494, "filter_size": 988046, "raw_key_size": 24600177, "raw_average_key_size": 41, "raw_value_size": 56772968, "raw_average_value_size": 95, "num_data_blocks": 16744, "num_entries": 597610, "filter_policy_name": "rocksdb.BuiltinBloomFilter", "kDeletedKeys": "0", "kMergeOperands": "0"}}
[30687] 01-07 06:09:38,561 INFO [RocksDB][db/compaction_job.cc:1287] [0] [JOB 13] Compacted 1@1 files to L2 => 68585418 bytes
[30687] 01-07 06:09:38,563 INFO [RocksDB](Original Log Time 2020/01/07-06:09:38.563689) [db/compaction_job.cc:685] [0] compacted to: base level 1 max bytes base 536870912 files[0 12 7 0 0 0 0] max score 1.47, MB/sec: 52.9 rd, 52.6 wr, level 2, files in(1, 0) out(1) MB in(65.8, 0.0) out(65.4), read-write-amplify(2.0) write-amplify(1.0) OK, records in: 597610, records dropped: 0 output_compression: Snappy

[30687] 01-07 06:09:38,563 INFO [RocksDB](Original Log Time 2020/01/07-06:09:38.563713) EVENT_LOG_v1 {"time_micros": 1578377378563697, "job": 13, "event": "compaction_finished", "compaction_time_micros": 1304836, "output_level": 2, "num_output_files": 1, "total_output_size": 68585418, "num_input_records": 597610, "num_output_records": 597610, "num_subcompactions": 1, "output_compression": "Snappy", "num_single_delete_mismatches": 0, "num_single_delete_fallthrough": 0, "lsm_state": [0, 12, 7, 0, 0, 0, 0]}
[30687] 01-07 06:09:38,571 INFO [RocksDB]EVENT_LOG_v1 {"time_micros": 1578377378571271, "job": 13, "event": "table_file_deletion", "file_number": 35}
[30687] 01-07 06:09:38,571 INFO [RocksDB][db/compaction_job.cc:1531] [0] [JOB 14] Compacting 1@1 files to L2, score 1.47
[30687] 01-07 06:09:38,571 INFO [RocksDB][db/compaction_job.cc:1535] [0] Compaction start summary: Base version 14 Base level 1, inputs: [42(65MB)]

[30687] 01-07 06:09:38,571 INFO [RocksDB]EVENT_LOG_v1 {"time_micros": 1578377378571320, "job": 14, "event": "compaction_started", "compaction_reason": "LevelMaxLevelSize", "files_L1": [42], "score": 1.47011, "input_data_size": 68989881}
[30687] 01-07 06:09:39,874 INFO [RocksDB][db/compaction_job.cc:1211] [0] [JOB 14] Generated table #56: 597618 keys, 68584719 bytes
[30687] 01-07 06:09:39,874 INFO [RocksDB]EVENT_LOG_v1 {"time_micros": 1578377379874262, "cf_name": "0", "job": 14, "event": "table_file_creation", "file_number": 56, "file_size": 68584719, "table_properties": {"data_size": 67112065, "index_size": 888738, "filter_size": 988047, "raw_key_size": 24598791, "raw_average_key_size": 41, "raw_value_size": 56773701, "raw_average_value_size": 94, "num_data_blocks": 16743, "num_entries": 597618, "filter_policy_name": "rocksdb.BuiltinBloomFilter", "kDeletedKeys": "0", "kMergeOperands": "0"}}
[30687] 01-07 06:09:39,875 INFO [RocksDB][db/compaction_job.cc:1287] [0] [JOB 14] Compacted 1@1 files to L2 => 68584719 bytes
[30687] 01-07 06:09:39,877 INFO [RocksDB](Original Log Time 2020/01/07-06:09:39.877815) [db/compaction_job.cc:685] [0] compacted to: base level 1 max bytes base 536870912 files[0 11 8 0 0 0 0] max score 1.34, MB/sec: 52.9 rd, 52.6 wr, level 2, files in(1, 0) out(1) MB in(65.8, 0.0) out(65.4), read-write-amplify(2.0) write-amplify(1.0) OK, records in: 597618, records dropped: 0 output_compression: Snappy

[30687] 01-07 06:09:39,877 INFO [RocksDB](Original Log Time 2020/01/07-06:09:39.877840) EVENT_LOG_v1 {"time_micros": 1578377379877824, "job": 14, "event": "compaction_finished", "compaction_time_micros": 1304270, "output_level": 2, "num_output_files": 1, "total_output_size": 68584719, "num_input_records": 597618, "num_output_records": 597618, "num_subcompactions": 1, "output_compression": "Snappy", "num_single_delete_mismatches": 0, "num_single_delete_fallthrough": 0, "lsm_state": [0, 11, 8, 0, 0, 0, 0]}
[30687] 01-07 06:09:39,877 INFO [RocksDB][db/compaction_job.cc:1531] [0] [JOB 15] Compacting 1@1 files to L2, score 1.34
[30687] 01-07 06:09:39,877 INFO [RocksDB][db/compaction_job.cc:1535] [0] Compaction start summary: Base version 15 Base level 1, inputs: [38(65MB)]

[30687] 01-07 06:09:39,877 INFO [RocksDB]EVENT_LOG_v1 {"time_micros": 1578377379877902, "job": 15, "event": "compaction_started", "compaction_reason": "LevelMaxLevelSize", "files_L1": [38], "score": 1.34161, "input_data_size": 68989634}
[30687] 01-07 06:09:39,884 INFO [RocksDB]EVENT_LOG_v1 {"time_micros": 1578377379884918, "job": 0, "event": "table_file_deletion", "file_number": 42}
[30687] 01-07 06:09:40,081 INFO [RocksDB][db/db_impl_write.cc:1373] [0] New memtable created with log file: #58. Immutable memtables: 0.

[30687] 01-07 06:09:41,175 INFO [RocksDB][db/compaction_job.cc:1211] [0] [JOB 15] Generated table #57: 597588 keys, 68585191 bytes
[30687] 01-07 06:09:41,175 INFO [RocksDB]EVENT_LOG_v1 {"time_micros": 1578377381175372, "cf_name": "0", "job": 15, "event": "table_file_creation", "file_number": 57, "file_size": 68585191, "table_properties": {"data_size": 67111810, "index_size": 888773, "filter_size": 988020, "raw_key_size": 24595712, "raw_average_key_size": 41, "raw_value_size": 56770878, "raw_average_value_size": 95, "num_data_blocks": 16744, "num_entries": 597588, "filter_policy_name": "rocksdb.BuiltinBloomFilter", "kDeletedKeys": "0", "kMergeOperands": "0"}}
[30687] 01-07 06:09:41,177 INFO [RocksDB][db/compaction_job.cc:1287] [0] [JOB 15] Compacted 1@1 files to L2 => 68585191 bytes
[30687] 01-07 06:09:41,179 INFO [RocksDB](Original Log Time 2020/01/07-06:09:41.179549) [db/compaction_job.cc:685] [0] compacted to: base level 1 max bytes base 536870912 files[0 10 9 0 0 0 0] max score 1.21, MB/sec: 53.1 rd, 52.8 wr, level 2, files in(1, 0) out(1) MB in(65.8, 0.0) out(65.4), read-write-amplify(2.0) write-amplify(1.0) OK, records in: 597588, records dropped: 0 output_compression: Snappy

[30687] 01-07 06:09:41,179 INFO [RocksDB](Original Log Time 2020/01/07-06:09:41.179564) EVENT_LOG_v1 {"time_micros": 1578377381179558, "job": 15, "event": "compaction_finished", "compaction_time_micros": 1299106, "output_level": 2, "num_output_files": 1, "total_output_size": 68585191, "num_input_records": 597588, "num_output_records": 597588, "num_subcompactions": 1, "output_compression": "Snappy", "num_single_delete_mismatches": 0, "num_single_delete_fallthrough": 0, "lsm_state": [0, 10, 9, 0, 0, 0, 0]}
[30687] 01-07 06:09:41,179 INFO [RocksDB][db/compaction_job.cc:1531] [0] [JOB 16] Compacting 1@1 files to L2, score 1.21
[30687] 01-07 06:09:41,179 INFO [RocksDB][db/compaction_job.cc:1535] [0] Compaction start summary: Base version 16 Base level 1, inputs: [39(65MB)]

[30687] 01-07 06:09:41,179 INFO [RocksDB]EVENT_LOG_v1 {"time_micros": 1578377381179641, "job": 16, "event": "compaction_started", "compaction_reason": "LevelMaxLevelSize", "files_L1": [39], "score": 1.2131, "input_data_size": 68989204}
[30687] 01-07 06:09:41,186 INFO [RocksDB]EVENT_LOG_v1 {"time_micros": 1578377381186925, "job": 0, "event": "table_file_deletion", "file_number": 38}
[30687] 01-07 06:09:42,478 INFO [RocksDB][db/compaction_job.cc:1211] [0] [JOB 16] Generated table #59: 597630 keys, 68584550 bytes
[30687] 01-07 06:09:42,478 INFO [RocksDB]EVENT_LOG_v1 {"time_micros": 1578377382478337, "cf_name": "0", "job": 16, "event": "table_file_creation", "file_number": 59, "file_size": 68584550, "table_properties": {"data_size": 67111734, "index_size": 888396, "filter_size": 988043, "raw_key_size": 24598489, "raw_average_key_size": 41, "raw_value_size": 56774850, "raw_average_value_size": 95, "num_data_blocks": 16741, "num_entries": 597630, "filter_policy_name": "rocksdb.BuiltinBloomFilter", "kDeletedKeys": "0", "kMergeOperands": "0"}}
[30687] 01-07 06:09:42,479 INFO [RocksDB][db/compaction_job.cc:1287] [0] [JOB 16] Compacted 1@1 files to L2 => 68584550 bytes
[30687] 01-07 06:09:42,481 INFO [RocksDB](Original Log Time 2020/01/07-06:09:42.481622) [db/compaction_job.cc:685] [0] compacted to: base level 1 max bytes base 536870912 files[0 9 10 0 0 0 0] max score 1.08, MB/sec: 53.1 rd, 52.8 wr, level 2, files in(1, 0) out(1) MB in(65.8, 0.0) out(65.4), read-write-amplify(2.0) write-amplify(1.0) OK, records in: 597630, records dropped: 0 output_compression: Snappy

[30687] 01-07 06:09:42,481 INFO [RocksDB](Original Log Time 2020/01/07-06:09:42.481646) EVENT_LOG_v1 {"time_micros": 1578377382481630, "job": 16, "event": "compaction_finished", "compaction_time_micros": 1300005, "output_level": 2, "num_output_files": 1, "total_output_size": 68584550, "num_input_records": 597630, "num_output_records": 597630, "num_subcompactions": 1, "output_compression": "Snappy", "num_single_delete_mismatches": 0, "num_single_delete_fallthrough": 0, "lsm_state": [0, 9, 10, 0, 0, 0, 0]}
[30687] 01-07 06:09:42,481 INFO [RocksDB][db/compaction_job.cc:1531] [0] [JOB 17] Compacting 1@1 files to L2, score 1.08
[30687] 01-07 06:09:42,481 INFO [RocksDB][db/compaction_job.cc:1535] [0] Compaction start summary: Base version 17 Base level 1, inputs: [45(65MB)]

[30687] 01-07 06:09:42,481 INFO [RocksDB]EVENT_LOG_v1 {"time_micros": 1578377382481707, "job": 17, "event": "compaction_started", "compaction_reason": "LevelMaxLevelSize", "files_L1": [45], "score": 1.0846, "input_data_size": 68989112}
[30687] 01-07 06:09:42,488 INFO [RocksDB]EVENT_LOG_v1 {"time_micros": 1578377382488652, "job": 0, "event": "table_file_deletion", "file_number": 39}
[30687] 01-07 06:09:43,796 INFO [RocksDB][db/compaction_job.cc:1211] [0] [JOB 17] Generated table #60: 597624 keys, 68584303 bytes
[30687] 01-07 06:09:43,796 INFO [RocksDB]EVENT_LOG_v1 {"time_micros": 1578377383796416, "cf_name": "0", "job": 17, "event": "table_file_creation", "file_number": 60, "file_size": 68584303, "table_properties": {"data_size": 67111593, "index_size": 888444, "filter_size": 988044, "raw_key_size": 24599554, "raw_average_key_size": 41, "raw_value_size": 56774325, "raw_average_value_size": 95, "num_data_blocks": 16742, "num_entries": 597624, "filter_policy_name": "rocksdb.BuiltinBloomFilter", "kDeletedKeys": "0", "kMergeOperands": "0"}}
[30687] 01-07 06:09:43,797 INFO [RocksDB][db/compaction_job.cc:1287] [0] [JOB 17] Compacted 1@1 files to L2 => 68584303 bytes
[30687] 01-07 06:09:43,799 INFO [RocksDB](Original Log Time 2020/01/07-06:09:43.799294) [db/compaction_job.cc:685] [0] compacted to: base level 1 max bytes base 536870912 files[0 8 11 0 0 0 0] max score 0.96, MB/sec: 52.4 rd, 52.1 wr, level 2, files in(1, 0) out(1) MB in(65.8, 0.0) out(65.4), read-write-amplify(2.0) write-amplify(1.0) OK, records in: 597624, records dropped: 0 output_compression: Snappy

[30687] 01-07 06:09:43,799 INFO [RocksDB](Original Log Time 2020/01/07-06:09:43.799318) EVENT_LOG_v1 {"time_micros": 1578377383799301, "job": 17, "event": "compaction_finished", "compaction_time_micros": 1315913, "output_level": 2, "num_output_files": 1, "total_output_size": 68584303, "num_input_records": 597624, "num_output_records": 597624, "num_subcompactions": 1, "output_compression": "Snappy", "num_single_delete_mismatches": 0, "num_single_delete_fallthrough": 0, "lsm_state": [0, 8, 11, 0, 0, 0, 0]}
[30687] 01-07 06:09:43,806 INFO [RocksDB]EVENT_LOG_v1 {"time_micros": 1578377383806518, "job": 17, "event": "table_file_deletion", "file_number": 45}
