[32622] 01-07 06:14:58,126 INFO [RocksDB]RocksDB version: 5.14.2

[32622] 01-07 06:14:58,133 INFO [RocksDB]Git sha rocksdb_build_git_sha:9f703a6b9c3430e30aba2286240e44570994efe6
[32622] 01-07 06:14:58,133 INFO [RocksDB]Compile date Jan  7 2020
[32622] 01-07 06:14:58,133 INFO [RocksDB]DB SUMMARY

[32622] 01-07 06:14:58,133 INFO [RocksDB]SST files in /home/ubuntu/ardb/data/rocksdb dir, Total Num: 0, files: 

[32622] 01-07 06:14:58,133 INFO [RocksDB]Write Ahead Log file in /home/ubuntu/ardb/data/rocksdb: 

[32622] 01-07 06:14:58,133 INFO [RocksDB]                        Options.error_if_exists: 0
[32622] 01-07 06:14:58,133 INFO [RocksDB]                      Options.create_if_missing: 1
[32622] 01-07 06:14:58,133 INFO [RocksDB]                        Options.paranoid_checks: 1
[32622] 01-07 06:14:58,133 INFO [RocksDB]                                    Options.env: 0xbfa6c0
[32622] 01-07 06:14:58,133 INFO [RocksDB]                               Options.info_log: 0x7fb1dba3f8a0
[32622] 01-07 06:14:58,133 INFO [RocksDB]               Options.max_file_opening_threads: 16
[32622] 01-07 06:14:58,133 INFO [RocksDB]                             Options.statistics: (nil)
[32622] 01-07 06:14:58,133 INFO [RocksDB]                              Options.use_fsync: 0
[32622] 01-07 06:14:58,133 INFO [RocksDB]                      Options.max_log_file_size: 0
[32622] 01-07 06:14:58,133 INFO [RocksDB]                 Options.max_manifest_file_size: 18446744073709551615
[32622] 01-07 06:14:58,133 INFO [RocksDB]                  Options.log_file_time_to_roll: 0
[32622] 01-07 06:14:58,133 INFO [RocksDB]                      Options.keep_log_file_num: 1000
[32622] 01-07 06:14:58,133 INFO [RocksDB]                   Options.recycle_log_file_num: 0
[32622] 01-07 06:14:58,133 INFO [RocksDB]                        Options.allow_fallocate: 1
[32622] 01-07 06:14:58,133 INFO [RocksDB]                       Options.allow_mmap_reads: 0
[32622] 01-07 06:14:58,133 INFO [RocksDB]                      Options.allow_mmap_writes: 0
[32622] 01-07 06:14:58,133 INFO [RocksDB]                       Options.use_direct_reads: 0
[32622] 01-07 06:14:58,133 INFO [RocksDB]                       Options.use_direct_io_for_flush_and_compaction: 0
[32622] 01-07 06:14:58,133 INFO [RocksDB]         Options.create_missing_column_families: 0
[32622] 01-07 06:14:58,133 INFO [RocksDB]                             Options.db_log_dir: 
[32622] 01-07 06:14:58,133 INFO [RocksDB]                                Options.wal_dir: /home/ubuntu/ardb/data/rocksdb
[32622] 01-07 06:14:58,133 INFO [RocksDB]               Options.table_cache_numshardbits: 6
[32622] 01-07 06:14:58,134 INFO [RocksDB]                     Options.max_subcompactions: 1
[32622] 01-07 06:14:58,134 INFO [RocksDB]                 Options.max_background_flushes: -1
[32622] 01-07 06:14:58,134 INFO [RocksDB]                        Options.WAL_ttl_seconds: 0
[32622] 01-07 06:14:58,134 INFO [RocksDB]                      Options.WAL_size_limit_MB: 0
[32622] 01-07 06:14:58,134 INFO [RocksDB]            Options.manifest_preallocation_size: 4194304
[32622] 01-07 06:14:58,134 INFO [RocksDB]                    Options.is_fd_close_on_exec: 1
[32622] 01-07 06:14:58,134 INFO [RocksDB]                  Options.advise_random_on_open: 1
[32622] 01-07 06:14:58,134 INFO [RocksDB]                   Options.db_write_buffer_size: 0
[32622] 01-07 06:14:58,134 INFO [RocksDB]                   Options.write_buffer_manager: 0x7fb1dc1fa7d0
[32622] 01-07 06:14:58,134 INFO [RocksDB]        Options.access_hint_on_compaction_start: 1
[32622] 01-07 06:14:58,134 INFO [RocksDB] Options.new_table_reader_for_compaction_inputs: 0
[32622] 01-07 06:14:58,134 INFO [RocksDB]          Options.random_access_max_buffer_size: 1048576
[32622] 01-07 06:14:58,134 INFO [RocksDB]                     Options.use_adaptive_mutex: 1
[32622] 01-07 06:14:58,134 INFO [RocksDB]                           Options.rate_limiter: 0x7fb1dba38540
[32622] 01-07 06:14:58,134 INFO [RocksDB]    Options.sst_file_manager.rate_bytes_per_sec: 0
[32622] 01-07 06:14:58,134 INFO [RocksDB]                      Options.wal_recovery_mode: 2
[32622] 01-07 06:14:58,134 INFO [RocksDB]                 Options.enable_thread_tracking: 0
[32622] 01-07 06:14:58,134 INFO [RocksDB]                 Options.enable_pipelined_write: 1
[32622] 01-07 06:14:58,134 INFO [RocksDB]        Options.allow_concurrent_memtable_write: 1
[32622] 01-07 06:14:58,134 INFO [RocksDB]     Options.enable_write_thread_adaptive_yield: 1
[32622] 01-07 06:14:58,134 INFO [RocksDB]            Options.write_thread_max_yield_usec: 100
[32622] 01-07 06:14:58,134 INFO [RocksDB]           Options.write_thread_slow_yield_usec: 3
[32622] 01-07 06:14:58,134 INFO [RocksDB]                              Options.row_cache: None
[32622] 01-07 06:14:58,134 INFO [RocksDB]                             Options.wal_filter: None
[32622] 01-07 06:14:58,134 INFO [RocksDB]            Options.avoid_flush_during_recovery: 0
[32622] 01-07 06:14:58,134 INFO [RocksDB]            Options.allow_ingest_behind: 0
[32622] 01-07 06:14:58,134 INFO [RocksDB]            Options.preserve_deletes: 0
[32622] 01-07 06:14:58,134 INFO [RocksDB]            Options.two_write_queues: 0
[32622] 01-07 06:14:58,134 INFO [RocksDB]            Options.manual_wal_flush: 0
[32622] 01-07 06:14:58,134 INFO [RocksDB]            Options.max_background_jobs: 16
[32622] 01-07 06:14:58,134 INFO [RocksDB]            Options.max_background_compactions: -1
[32622] 01-07 06:14:58,134 INFO [RocksDB]            Options.avoid_flush_during_shutdown: 0
[32622] 01-07 06:14:58,134 INFO [RocksDB]          Options.writable_file_max_buffer_size: 1048576
[32622] 01-07 06:14:58,134 INFO [RocksDB]            Options.delayed_write_rate : 52428800
[32622] 01-07 06:14:58,134 INFO [RocksDB]            Options.max_total_wal_size: 0
[32622] 01-07 06:14:58,134 INFO [RocksDB]            Options.delete_obsolete_files_period_micros: 21600000000
[32622] 01-07 06:14:58,134 INFO [RocksDB]                  Options.stats_dump_period_sec: 100000
[32622] 01-07 06:14:58,134 INFO [RocksDB]                         Options.max_open_files: 1024
[32622] 01-07 06:14:58,134 INFO [RocksDB]                         Options.bytes_per_sync: 1048576
[32622] 01-07 06:14:58,134 INFO [RocksDB]                     Options.wal_bytes_per_sync: 0
[32622] 01-07 06:14:58,134 INFO [RocksDB]      Options.compaction_readahead_size: 0
[32622] 01-07 06:14:58,134 INFO [RocksDB]Compression algorithms supported:
[32622] 01-07 06:14:58,134 INFO [RocksDB]	kZSTDNotFinalCompression supported: 0
[32622] 01-07 06:14:58,134 INFO [RocksDB]	kZSTD supported: 0
[32622] 01-07 06:14:58,134 INFO [RocksDB]	kXpressCompression supported: 0
[32622] 01-07 06:14:58,134 INFO [RocksDB]	kLZ4HCCompression supported: 0
[32622] 01-07 06:14:58,134 INFO [RocksDB]	kLZ4Compression supported: 0
[32622] 01-07 06:14:58,134 INFO [RocksDB]	kBZip2Compression supported: 0
[32622] 01-07 06:14:58,134 INFO [RocksDB]	kZlibCompression supported: 1
[32622] 01-07 06:14:58,134 INFO [RocksDB]	kSnappyCompression supported: 1
[32622] 01-07 06:14:58,134 INFO [RocksDB]Fast CRC32 supported: Supported on x86
[32622] 01-07 06:14:58,134 INFO [RocksDB][db/db_impl_open.cc:222] Creating manifest 1 

[32622] 01-07 06:14:58,141 INFO [RocksDB][db/version_set.cc:3085] Recovering from manifest file: MANIFEST-000001

[32622] 01-07 06:14:58,141 INFO [RocksDB][db/column_family.cc:475] --------------- Options for column family [default]:

[32622] 01-07 06:14:58,141 INFO [RocksDB]              Options.comparator: ardb.comparator
[32622] 01-07 06:14:58,141 INFO [RocksDB]          Options.merge_operator: ardb.merger
[32622] 01-07 06:14:58,141 INFO [RocksDB]       Options.compaction_filter: None
[32622] 01-07 06:14:58,141 INFO [RocksDB]       Options.compaction_filter_factory: ardb.compact_filter_factory
[32622] 01-07 06:14:58,141 INFO [RocksDB]        Options.memtable_factory: SkipListFactory
[32622] 01-07 06:14:58,141 INFO [RocksDB]           Options.table_factory: BlockBasedTable
[32622] 01-07 06:14:58,141 INFO [RocksDB]           table_factory options:   flush_block_policy_factory: FlushBlockBySizePolicyFactory (0x7fb1dc008018)
  cache_index_and_filter_blocks: 0
  cache_index_and_filter_blocks_with_high_priority: 0
  pin_l0_filter_and_index_blocks_in_cache: 0
  index_type: 0
  hash_index_allow_collision: 1
  checksum: 1
  no_block_cache: 0
  block_cache: 0x7fb1dc081cf0
  block_cache_name: LRUCache
  block_cache_options:
    capacity : 536870912
    num_shard_bits : 6
    strict_capacity_limit : 0
    high_pri_pool_ratio: 0.000
  block_cache_compressed: (nil)
  persistent_cache: (nil)
  block_size: 4096
  block_size_deviation: 10
  block_restart_interval: 16
  index_block_restart_interval: 1
  metadata_block_size: 4096
  partition_filters: 0
  use_delta_encoding: 1
  filter_policy: rocksdb.BuiltinBloomFilter
  whole_key_filtering: 1
  verify_compression: 0
  read_amp_bytes_per_bit: 0
  format_version: 2
  enable_index_compression: 1
  block_align: 0

[32622] 01-07 06:14:58,141 INFO [RocksDB]       Options.write_buffer_size: 268435456
[32622] 01-07 06:14:58,141 INFO [RocksDB] Options.max_write_buffer_number: 6
[32622] 01-07 06:14:58,141 INFO [RocksDB]       Options.compression[0]: NoCompression
[32622] 01-07 06:14:58,141 INFO [RocksDB]       Options.compression[1]: NoCompression
[32622] 01-07 06:14:58,141 INFO [RocksDB]       Options.compression[2]: Snappy
[32622] 01-07 06:14:58,141 INFO [RocksDB]       Options.compression[3]: Snappy
[32622] 01-07 06:14:58,141 INFO [RocksDB]       Options.compression[4]: Snappy
[32622] 01-07 06:14:58,141 INFO [RocksDB]       Options.compression[5]: Snappy
[32622] 01-07 06:14:58,141 INFO [RocksDB]       Options.compression[6]: Snappy
[32622] 01-07 06:14:58,141 INFO [RocksDB]                 Options.bottommost_compression: Disabled
[32622] 01-07 06:14:58,141 INFO [RocksDB]      Options.prefix_extractor: ardb.prefix_extractor
[32622] 01-07 06:14:58,141 INFO [RocksDB]  Options.memtable_insert_with_hint_prefix_extractor: nullptr
[32622] 01-07 06:14:58,141 INFO [RocksDB]            Options.num_levels: 7
[32622] 01-07 06:14:58,141 INFO [RocksDB]       Options.min_write_buffer_number_to_merge: 2
[32622] 01-07 06:14:58,141 INFO [RocksDB]    Options.max_write_buffer_number_to_maintain: 0
[32622] 01-07 06:14:58,141 INFO [RocksDB]           Options.compression_opts.window_bits: -14
[32622] 01-07 06:14:58,141 INFO [RocksDB]                 Options.compression_opts.level: -1
[32622] 01-07 06:14:58,141 INFO [RocksDB]              Options.compression_opts.strategy: 0
[32622] 01-07 06:14:58,141 INFO [RocksDB]        Options.compression_opts.max_dict_bytes: 0
[32622] 01-07 06:14:58,141 INFO [RocksDB]        Options.compression_opts.zstd_max_train_bytes: 0
[32622] 01-07 06:14:58,141 INFO [RocksDB]     Options.level0_file_num_compaction_trigger: 2
[32622] 01-07 06:14:58,141 INFO [RocksDB]         Options.level0_slowdown_writes_trigger: 20
[32622] 01-07 06:14:58,141 INFO [RocksDB]             Options.level0_stop_writes_trigger: 36
[32622] 01-07 06:14:58,141 INFO [RocksDB]                  Options.target_file_size_base: 67108864
[32622] 01-07 06:14:58,141 INFO [RocksDB]            Options.target_file_size_multiplier: 1
[32622] 01-07 06:14:58,141 INFO [RocksDB]               Options.max_bytes_for_level_base: 536870912
[32622] 01-07 06:14:58,141 INFO [RocksDB]Options.level_compaction_dynamic_level_bytes: 0
[32622] 01-07 06:14:58,141 INFO [RocksDB]         Options.max_bytes_for_level_multiplier: 10.000000
[32622] 01-07 06:14:58,141 INFO [RocksDB]Options.max_bytes_for_level_multiplier_addtl[0]: 1
[32622] 01-07 06:14:58,141 INFO [RocksDB]Options.max_bytes_for_level_multiplier_addtl[1]: 1
[32622] 01-07 06:14:58,141 INFO [RocksDB]Options.max_bytes_for_level_multiplier_addtl[2]: 1
[32622] 01-07 06:14:58,141 INFO [RocksDB]Options.max_bytes_for_level_multiplier_addtl[3]: 1
[32622] 01-07 06:14:58,141 INFO [RocksDB]Options.max_bytes_for_level_multiplier_addtl[4]: 1
[32622] 01-07 06:14:58,141 INFO [RocksDB]Options.max_bytes_for_level_multiplier_addtl[5]: 1
[32622] 01-07 06:14:58,141 INFO [RocksDB]Options.max_bytes_for_level_multiplier_addtl[6]: 1
[32622] 01-07 06:14:58,141 INFO [RocksDB]      Options.max_sequential_skip_in_iterations: 8
[32622] 01-07 06:14:58,141 INFO [RocksDB]                   Options.max_compaction_bytes: 1677721600
[32622] 01-07 06:14:58,141 INFO [RocksDB]                       Options.arena_block_size: 33554432
[32622] 01-07 06:14:58,141 INFO [RocksDB]  Options.soft_pending_compaction_bytes_limit: 68719476736
[32622] 01-07 06:14:58,141 INFO [RocksDB]  Options.hard_pending_compaction_bytes_limit: 274877906944
[32622] 01-07 06:14:58,141 INFO [RocksDB]      Options.rate_limit_delay_max_milliseconds: 100
[32622] 01-07 06:14:58,141 INFO [RocksDB]               Options.disable_auto_compactions: 0
[32622] 01-07 06:14:58,141 INFO [RocksDB]                       Options.compaction_style: kCompactionStyleLevel
[32622] 01-07 06:14:58,141 INFO [RocksDB]                         Options.compaction_pri: kByCompensatedSize
[32622] 01-07 06:14:58,141 INFO [RocksDB]Options.compaction_options_universal.size_ratio: 1
[32622] 01-07 06:14:58,141 INFO [RocksDB]Options.compaction_options_universal.min_merge_width: 2
[32622] 01-07 06:14:58,141 INFO [RocksDB]Options.compaction_options_universal.max_merge_width: 4294967295
[32622] 01-07 06:14:58,141 INFO [RocksDB]Options.compaction_options_universal.max_size_amplification_percent: 200
[32622] 01-07 06:14:58,142 INFO [RocksDB]Options.compaction_options_universal.compression_size_percent: -1
[32622] 01-07 06:14:58,142 INFO [RocksDB]Options.compaction_options_universal.stop_style: kCompactionStopStyleTotalSize
[32622] 01-07 06:14:58,142 INFO [RocksDB]Options.compaction_options_fifo.max_table_files_size: 1073741824
[32622] 01-07 06:14:58,142 INFO [RocksDB]Options.compaction_options_fifo.allow_compaction: 0
[32622] 01-07 06:14:58,142 INFO [RocksDB]Options.compaction_options_fifo.ttl: 0
[32622] 01-07 06:14:58,142 INFO [RocksDB]                  Options.table_properties_collectors: 
[32622] 01-07 06:14:58,142 INFO [RocksDB]                  Options.inplace_update_support: 0
[32622] 01-07 06:14:58,142 INFO [RocksDB]                Options.inplace_update_num_locks: 10000
[32622] 01-07 06:14:58,142 INFO [RocksDB]              Options.memtable_prefix_bloom_size_ratio: 0.000000
[32622] 01-07 06:14:58,142 INFO [RocksDB]  Options.memtable_huge_page_size: 0
[32622] 01-07 06:14:58,142 INFO [RocksDB]                          Options.bloom_locality: 0
[32622] 01-07 06:14:58,142 INFO [RocksDB]                   Options.max_successive_merges: 0
[32622] 01-07 06:14:58,142 INFO [RocksDB]               Options.optimize_filters_for_hits: 0
[32622] 01-07 06:14:58,142 INFO [RocksDB]               Options.paranoid_file_checks: 0
[32622] 01-07 06:14:58,142 INFO [RocksDB]               Options.force_consistency_checks: 0
[32622] 01-07 06:14:58,142 INFO [RocksDB]               Options.report_bg_io_stats: 0
[32622] 01-07 06:14:58,142 INFO [RocksDB]                              Options.ttl: 0
[32622] 01-07 06:14:58,142 INFO [RocksDB][db/version_set.cc:3361] Recovered from manifest file:/home/ubuntu/ardb/data/rocksdb/MANIFEST-000001 succeeded,manifest_file_number is 1, next_file_number is 3, last_sequence is 0, log_number is 0,prev_log_number is 0,max_column_family is 0,min_log_number_to_keep is 0

[32622] 01-07 06:14:58,142 INFO [RocksDB][db/version_set.cc:3369] Column family [default] (ID 0), log number is 0

[32622] 01-07 06:14:58,146 INFO [RocksDB][db/db_impl_open.cc:1219] DB pointer 0x7fb1db9be000
[32622] 01-07 06:14:58,146 INFO Ardb init engine:rocksdb success.
[32622] 01-07 06:14:58,148 INFO Ardb will accept connections on 0.0.0.0:16379
[32622] 01-07 06:14:58,148 INFO Ardb started with version 0.10.0
[32622] 01-07 06:14:59,148 INFO ========================Period Statistics Dump Begin===========================
[32622] 01-07 06:14:59,149 INFO slave_sync_total_commands_processed:0
[32622] 01-07 06:14:59,149 INFO slave_sync_instantaneous_ops_per_sec:0
[32622] 01-07 06:14:59,149 INFO total_commands_processed:0
[32622] 01-07 06:14:59,149 INFO instantaneous_ops_per_sec:0
[32622] 01-07 06:14:59,149 INFO total_connections_received:0
[32622] 01-07 06:14:59,149 INFO rejected_connections:0
[32622] 01-07 06:14:59,149 INFO ========================Period Statistics Dump End===========================
[32622] 01-07 06:15:11,013 INFO [RocksDB][db/version_set.cc:2847] Creating manifest 6

[32622] 01-07 06:15:11,018 INFO [RocksDB][db/column_family.cc:475] --------------- Options for column family [0]:

[32622] 01-07 06:15:11,018 INFO [RocksDB]              Options.comparator: ardb.comparator
[32622] 01-07 06:15:11,019 INFO [RocksDB]          Options.merge_operator: ardb.merger
[32622] 01-07 06:15:11,019 INFO [RocksDB]       Options.compaction_filter: None
[32622] 01-07 06:15:11,019 INFO [RocksDB]       Options.compaction_filter_factory: ardb.compact_filter_factory
[32622] 01-07 06:15:11,019 INFO [RocksDB]        Options.memtable_factory: SkipListFactory
[32622] 01-07 06:15:11,019 INFO [RocksDB]           Options.table_factory: BlockBasedTable
[32622] 01-07 06:15:11,019 INFO [RocksDB]           table_factory options:   flush_block_policy_factory: FlushBlockBySizePolicyFactory (0x7fb1dc008018)
  cache_index_and_filter_blocks: 0
  cache_index_and_filter_blocks_with_high_priority: 0
  pin_l0_filter_and_index_blocks_in_cache: 0
  index_type: 0
  hash_index_allow_collision: 1
  checksum: 1
  no_block_cache: 0
  block_cache: 0x7fb1dc081cf0
  block_cache_name: LRUCache
  block_cache_options:
    capacity : 536870912
    num_shard_bits : 6
    strict_capacity_limit : 0
    high_pri_pool_ratio: 0.000
  block_cache_compressed: (nil)
  persistent_cache: (nil)
  block_size: 4096
  block_size_deviation: 10
  block_restart_interval: 16
  index_block_restart_interval: 1
  metadata_block_size: 4096
  partition_filters: 0
  use_delta_encoding: 1
  filter_policy: rocksdb.BuiltinBloomFilter
  whole_key_filtering: 1
  verify_compression: 0
  read_amp_bytes_per_bit: 0
  format_version: 2
  enable_index_compression: 1
  block_align: 0

[32622] 01-07 06:15:11,019 INFO [RocksDB]       Options.write_buffer_size: 268435456
[32622] 01-07 06:15:11,019 INFO [RocksDB] Options.max_write_buffer_number: 6
[32622] 01-07 06:15:11,019 INFO [RocksDB]       Options.compression[0]: NoCompression
[32622] 01-07 06:15:11,019 INFO [RocksDB]       Options.compression[1]: NoCompression
[32622] 01-07 06:15:11,019 INFO [RocksDB]       Options.compression[2]: Snappy
[32622] 01-07 06:15:11,019 INFO [RocksDB]       Options.compression[3]: Snappy
[32622] 01-07 06:15:11,019 INFO [RocksDB]       Options.compression[4]: Snappy
[32622] 01-07 06:15:11,019 INFO [RocksDB]       Options.compression[5]: Snappy
[32622] 01-07 06:15:11,019 INFO [RocksDB]       Options.compression[6]: Snappy
[32622] 01-07 06:15:11,019 INFO [RocksDB]                 Options.bottommost_compression: Disabled
[32622] 01-07 06:15:11,019 INFO [RocksDB]      Options.prefix_extractor: ardb.prefix_extractor
[32622] 01-07 06:15:11,019 INFO [RocksDB]  Options.memtable_insert_with_hint_prefix_extractor: nullptr
[32622] 01-07 06:15:11,019 INFO [RocksDB]            Options.num_levels: 7
[32622] 01-07 06:15:11,019 INFO [RocksDB]       Options.min_write_buffer_number_to_merge: 2
[32622] 01-07 06:15:11,019 INFO [RocksDB]    Options.max_write_buffer_number_to_maintain: 0
[32622] 01-07 06:15:11,019 INFO [RocksDB]           Options.compression_opts.window_bits: -14
[32622] 01-07 06:15:11,019 INFO [RocksDB]                 Options.compression_opts.level: -1
[32622] 01-07 06:15:11,019 INFO [RocksDB]              Options.compression_opts.strategy: 0
[32622] 01-07 06:15:11,019 INFO [RocksDB]        Options.compression_opts.max_dict_bytes: 0
[32622] 01-07 06:15:11,019 INFO [RocksDB]        Options.compression_opts.zstd_max_train_bytes: 0
[32622] 01-07 06:15:11,019 INFO [RocksDB]     Options.level0_file_num_compaction_trigger: 2
[32622] 01-07 06:15:11,019 INFO [RocksDB]         Options.level0_slowdown_writes_trigger: 20
[32622] 01-07 06:15:11,019 INFO [RocksDB]             Options.level0_stop_writes_trigger: 36
[32622] 01-07 06:15:11,019 INFO [RocksDB]                  Options.target_file_size_base: 67108864
[32622] 01-07 06:15:11,019 INFO [RocksDB]            Options.target_file_size_multiplier: 1
[32622] 01-07 06:15:11,019 INFO [RocksDB]               Options.max_bytes_for_level_base: 536870912
[32622] 01-07 06:15:11,019 INFO [RocksDB]Options.level_compaction_dynamic_level_bytes: 0
[32622] 01-07 06:15:11,019 INFO [RocksDB]         Options.max_bytes_for_level_multiplier: 10.000000
[32622] 01-07 06:15:11,019 INFO [RocksDB]Options.max_bytes_for_level_multiplier_addtl[0]: 1
[32622] 01-07 06:15:11,019 INFO [RocksDB]Options.max_bytes_for_level_multiplier_addtl[1]: 1
[32622] 01-07 06:15:11,019 INFO [RocksDB]Options.max_bytes_for_level_multiplier_addtl[2]: 1
[32622] 01-07 06:15:11,019 INFO [RocksDB]Options.max_bytes_for_level_multiplier_addtl[3]: 1
[32622] 01-07 06:15:11,019 INFO [RocksDB]Options.max_bytes_for_level_multiplier_addtl[4]: 1
[32622] 01-07 06:15:11,019 INFO [RocksDB]Options.max_bytes_for_level_multiplier_addtl[5]: 1
[32622] 01-07 06:15:11,019 INFO [RocksDB]Options.max_bytes_for_level_multiplier_addtl[6]: 1
[32622] 01-07 06:15:11,019 INFO [RocksDB]      Options.max_sequential_skip_in_iterations: 8
[32622] 01-07 06:15:11,019 INFO [RocksDB]                   Options.max_compaction_bytes: 1677721600
[32622] 01-07 06:15:11,019 INFO [RocksDB]                       Options.arena_block_size: 33554432
[32622] 01-07 06:15:11,019 INFO [RocksDB]  Options.soft_pending_compaction_bytes_limit: 68719476736
[32622] 01-07 06:15:11,019 INFO [RocksDB]  Options.hard_pending_compaction_bytes_limit: 274877906944
[32622] 01-07 06:15:11,019 INFO [RocksDB]      Options.rate_limit_delay_max_milliseconds: 100
[32622] 01-07 06:15:11,019 INFO [RocksDB]               Options.disable_auto_compactions: 0
[32622] 01-07 06:15:11,019 INFO [RocksDB]                       Options.compaction_style: kCompactionStyleLevel
[32622] 01-07 06:15:11,019 INFO [RocksDB]                         Options.compaction_pri: kByCompensatedSize
[32622] 01-07 06:15:11,019 INFO [RocksDB]Options.compaction_options_universal.size_ratio: 1
[32622] 01-07 06:15:11,019 INFO [RocksDB]Options.compaction_options_universal.min_merge_width: 2
[32622] 01-07 06:15:11,019 INFO [RocksDB]Options.compaction_options_universal.max_merge_width: 4294967295
[32622] 01-07 06:15:11,019 INFO [RocksDB]Options.compaction_options_universal.max_size_amplification_percent: 200
[32622] 01-07 06:15:11,019 INFO [RocksDB]Options.compaction_options_universal.compression_size_percent: -1
[32622] 01-07 06:15:11,019 INFO [RocksDB]Options.compaction_options_universal.stop_style: kCompactionStopStyleTotalSize
[32622] 01-07 06:15:11,019 INFO [RocksDB]Options.compaction_options_fifo.max_table_files_size: 1073741824
[32622] 01-07 06:15:11,019 INFO [RocksDB]Options.compaction_options_fifo.allow_compaction: 0
[32622] 01-07 06:15:11,019 INFO [RocksDB]Options.compaction_options_fifo.ttl: 0
[32622] 01-07 06:15:11,019 INFO [RocksDB]                  Options.table_properties_collectors: 
[32622] 01-07 06:15:11,019 INFO [RocksDB]                  Options.inplace_update_support: 0
[32622] 01-07 06:15:11,019 INFO [RocksDB]                Options.inplace_update_num_locks: 10000
[32622] 01-07 06:15:11,019 INFO [RocksDB]              Options.memtable_prefix_bloom_size_ratio: 0.000000
[32622] 01-07 06:15:11,019 INFO [RocksDB]  Options.memtable_huge_page_size: 0
[32622] 01-07 06:15:11,019 INFO [RocksDB]                          Options.bloom_locality: 0
[32622] 01-07 06:15:11,019 INFO [RocksDB]                   Options.max_successive_merges: 0
[32622] 01-07 06:15:11,019 INFO [RocksDB]               Options.optimize_filters_for_hits: 0
[32622] 01-07 06:15:11,019 INFO [RocksDB]               Options.paranoid_file_checks: 0
[32622] 01-07 06:15:11,019 INFO [RocksDB]               Options.force_consistency_checks: 0
[32622] 01-07 06:15:11,019 INFO [RocksDB]               Options.report_bg_io_stats: 0
[32622] 01-07 06:15:11,019 INFO [RocksDB]                              Options.ttl: 0
[32622] 01-07 06:15:11,019 INFO [RocksDB][db/db_impl.cc:1396] Created column family [0] (ID 1)
[32622] 01-07 06:15:11,022 INFO Create ColumnFamilyHandle with name:0 success.
[32622] 01-07 06:15:18,464 INFO [RocksDB][db/db_impl_write.cc:1373] [0] New memtable created with log file: #9. Immutable memtables: 0.

[32622] 01-07 06:15:25,619 INFO [RocksDB][db/db_impl_write.cc:1373] [0] New memtable created with log file: #10. Immutable memtables: 1.

[32622] 01-07 06:15:25,619 INFO [RocksDB][db/db_impl_compaction_flush.cc:80] [JOB 2] Syncing log #3
[32622] 01-07 06:15:26,220 INFO [RocksDB][db/db_impl_compaction_flush.cc:80] [JOB 2] Syncing log #9
[32622] 01-07 06:15:27,606 INFO [RocksDB](Original Log Time 2020/01/07-06:15:25.619243) [db/db_impl_compaction_flush.cc:1424] Calling FlushMemTableToOutputFile with column family [0], flush slots available 4, compaction slots available 1, flush slots scheduled 1, compaction slots scheduled 0
[32622] 01-07 06:15:27,606 INFO [RocksDB][db/flush_job.cc:301] [0] [JOB 2] Flushing memtable with next log file: 9

[32622] 01-07 06:15:27,606 INFO [RocksDB][db/flush_job.cc:301] [0] [JOB 2] Flushing memtable with next log file: 10

[32622] 01-07 06:15:27,607 INFO [RocksDB]EVENT_LOG_v1 {"time_micros": 1578377727606987, "job": 2, "event": "flush_started", "num_memtables": 2, "num_entries": 3362981, "num_deletes": 0, "memory_usage": 520102080, "flush_reason": "Write Buffer Full"}
[32622] 01-07 06:15:27,607 INFO [RocksDB][db/flush_job.cc:331] [0] [JOB 2] Level-0 flush table #11: started
[32622] 01-07 06:15:34,366 INFO [RocksDB][db/db_impl_write.cc:1373] [0] New memtable created with log file: #12. Immutable memtables: 2.

[32622] 01-07 06:15:34,614 INFO [RocksDB]EVENT_LOG_v1 {"time_micros": 1578377734614919, "cf_name": "0", "job": 2, "event": "table_file_creation", "file_number": 11, "file_size": 326993700, "table_properties": {"data_size": 317707771, "index_size": 4261066, "filter_size": 5023821, "raw_key_size": 132342692, "raw_average_key_size": 42, "raw_value_size": 254506853, "raw_average_value_size": 81, "num_data_blocks": 79154, "num_entries": 3122773, "filter_policy_name": "rocksdb.BuiltinBloomFilter", "kDeletedKeys": "0", "kMergeOperands": "0"}}
[32622] 01-07 06:15:34,614 INFO [RocksDB][db/flush_job.cc:371] [0] [JOB 2] Level-0 flush table #11: 326993700 bytes OK
[32622] 01-07 06:15:34,617 INFO [RocksDB](Original Log Time 2020/01/07-06:15:34.616186) [db/memtable_list.cc:377] [0] Level-0 commit table #11 started
[32622] 01-07 06:15:34,617 INFO [RocksDB](Original Log Time 2020/01/07-06:15:34.617881) [db/memtable_list.cc:409] [0] Level-0 commit table #11: memtable #1 done
[32622] 01-07 06:15:34,617 INFO [RocksDB](Original Log Time 2020/01/07-06:15:34.617887) [db/memtable_list.cc:409] [0] Level-0 commit table #11: memtable #2 done
[32622] 01-07 06:15:34,617 INFO [RocksDB](Original Log Time 2020/01/07-06:15:34.617912) EVENT_LOG_v1 {"time_micros": 1578377734617895, "job": 2, "event": "flush_finished", "output_compression": "NoCompression", "lsm_state": [1, 0, 0, 0, 0, 0, 0], "immutable_memtables": 1}
[32622] 01-07 06:15:34,617 INFO [RocksDB](Original Log Time 2020/01/07-06:15:34.617927) [db/db_impl_compaction_flush.cc:177] [0] Level summary: base level 1 max bytes base 536870912 files[1 0 0 0 0 0 0] max score 0.61

[32622] 01-07 06:15:34,617 INFO [RocksDB][db/db_impl_files.cc:342] [JOB 2] Try to delete WAL files size 397090333, prev total WAL file size 607476454, number of live WAL files 4.

[32622] 01-07 06:15:42,268 INFO [RocksDB][db/db_impl_write.cc:1373] [0] New memtable created with log file: #13. Immutable memtables: 1.

[32622] 01-07 06:15:42,268 INFO [RocksDB][db/db_impl_compaction_flush.cc:80] [JOB 3] Syncing log #10
[32622] 01-07 06:15:42,806 INFO [RocksDB][db/db_impl_compaction_flush.cc:80] [JOB 3] Syncing log #12
[32622] 01-07 06:15:44,285 INFO [RocksDB](Original Log Time 2020/01/07-06:15:42.268376) [db/db_impl_compaction_flush.cc:1424] Calling FlushMemTableToOutputFile with column family [0], flush slots available 4, compaction slots available 1, flush slots scheduled 1, compaction slots scheduled 0
[32622] 01-07 06:15:44,285 INFO [RocksDB][db/flush_job.cc:301] [0] [JOB 3] Flushing memtable with next log file: 12

[32622] 01-07 06:15:44,285 INFO [RocksDB][db/flush_job.cc:301] [0] [JOB 3] Flushing memtable with next log file: 13

[32622] 01-07 06:15:44,285 INFO [RocksDB]EVENT_LOG_v1 {"time_micros": 1578377744285492, "job": 3, "event": "flush_started", "num_memtables": 2, "num_entries": 3392725, "num_deletes": 0, "memory_usage": 520100712, "flush_reason": "Write Buffer Full"}
[32622] 01-07 06:15:44,285 INFO [RocksDB][db/flush_job.cc:331] [0] [JOB 3] Level-0 flush table #14: started
[32622] 01-07 06:15:50,673 INFO [RocksDB]EVENT_LOG_v1 {"time_micros": 1578377750673046, "cf_name": "0", "job": 3, "event": "table_file_creation", "file_number": 14, "file_size": 329822558, "table_properties": {"data_size": 320452107, "index_size": 4301344, "filter_size": 5068065, "raw_key_size": 133511244, "raw_average_key_size": 42, "raw_value_size": 256757919, "raw_average_value_size": 81, "num_data_blocks": 79846, "num_entries": 3150394, "filter_policy_name": "rocksdb.BuiltinBloomFilter", "kDeletedKeys": "0", "kMergeOperands": "0"}}
[32622] 01-07 06:15:50,673 INFO [RocksDB][db/flush_job.cc:371] [0] [JOB 3] Level-0 flush table #14: 329822558 bytes OK
[32622] 01-07 06:15:50,676 INFO [RocksDB](Original Log Time 2020/01/07-06:15:50.674424) [db/memtable_list.cc:377] [0] Level-0 commit table #14 started
[32622] 01-07 06:15:50,676 INFO [RocksDB](Original Log Time 2020/01/07-06:15:50.676235) [db/memtable_list.cc:409] [0] Level-0 commit table #14: memtable #1 done
[32622] 01-07 06:15:50,676 INFO [RocksDB](Original Log Time 2020/01/07-06:15:50.676237) [db/memtable_list.cc:409] [0] Level-0 commit table #14: memtable #2 done
[32622] 01-07 06:15:50,676 INFO [RocksDB](Original Log Time 2020/01/07-06:15:50.676247) EVENT_LOG_v1 {"time_micros": 1578377750676241, "job": 3, "event": "flush_finished", "output_compression": "NoCompression", "lsm_state": [2, 0, 0, 0, 0, 0, 0], "immutable_memtables": 0}
[32622] 01-07 06:15:50,676 INFO [RocksDB](Original Log Time 2020/01/07-06:15:50.676274) [db/db_impl_compaction_flush.cc:177] [0] Level summary: base level 1 max bytes base 536870912 files[2 0 0 0 0 0 0] max score 1.22

[32622] 01-07 06:15:50,676 INFO [RocksDB][db/db_impl_files.cc:342] [JOB 3] Try to delete WAL files size 400675964, prev total WAL file size 580803987, number of live WAL files 3.

[32622] 01-07 06:15:50,676 WARN [RocksDB][db/db_impl.cc:491] ------- DUMPING STATS -------
[32622] 01-07 06:15:50,676 WARN [RocksDB][db/db_impl.cc:492] 
** DB Stats **
Uptime(secs): 52.5 total, 52.5 interval
Cumulative writes: 1182K writes, 8280K keys, 1180K commit groups, 1.0 writes per commit group, ingest: 0.91 GB, 17.75 MB/s
Cumulative WAL: 1182K writes, 0 syncs, 1182981.00 writes per sync, written: 0.91 GB, 17.75 MB/s
Cumulative stall: 00:00:0.000 H:M:S, 0.0 percent
Interval writes: 1182K writes, 8280K keys, 1180K commit groups, 1.0 writes per commit group, ingest: 932.59 MB, 17.75 MB/s
Interval WAL: 1182K writes, 0 syncs, 1182981.00 writes per sync, written: 0.91 MB, 17.75 MB/s
Interval stall: 00:00:0.000 H:M:S, 0.0 percent

** Compaction Stats [default] **
Level    Files   Size     Score Read(GB)  Rn(GB) Rnp1(GB) Write(GB) Wnew(GB) Moved(GB) W-Amp Rd(MB/s) Wr(MB/s) Comp(sec) Comp(cnt) Avg(sec) KeyIn KeyDrop
----------------------------------------------------------------------------------------------------------------------------------------------------------
 Sum      0/0    0.00 KB   0.0      0.0     0.0      0.0       0.0     
[32622] 01-07 06:15:50,676 INFO [RocksDB][db/compaction_job.cc:1531] [0] [JOB 4] Compacting 2@0 files to L1, score 1.22
[32622] 01-07 06:15:50,676 INFO [RocksDB][db/compaction_job.cc:1535] [0] Compaction start summary: Base version 4 Base level 0, inputs: [14(314MB) 11(311MB)]

[32622] 01-07 06:15:50,676 INFO [RocksDB]EVENT_LOG_v1 {"time_micros": 1578377750676674, "job": 4, "event": "compaction_started", "compaction_reason": "LevelL0FilesNum", "files_L0": [14, 11], "score": 1.22342, "input_data_size": 656816258}
[32622] 01-07 06:15:51,057 INFO [RocksDB][db/db_impl_write.cc:1373] [0] New memtable created with log file: #16. Immutable memtables: 0.

[32622] 01-07 06:15:52,051 INFO [RocksDB][db/compaction_job.cc:1211] [0] [JOB 4] Generated table #15: 1190379 keys, 69775311 bytes
[32622] 01-07 06:15:52,051 INFO [RocksDB]EVENT_LOG_v1 {"time_micros": 1578377752051185, "cf_name": "0", "job": 4, "event": "table_file_creation", "file_number": 15, "file_size": 69775311, "table_properties": {"data_size": 67109395, "index_size": 976702, "filter_size": 1688183, "raw_key_size": 56687000, "raw_average_key_size": 47, "raw_value_size": 28399897, "raw_average_value_size": 23, "num_data_blocks": 16600, "num_entries": 1190379, "filter_policy_name": "rocksdb.BuiltinBloomFilter", "kDeletedKeys": "0", "kMergeOperands": "0"}}
[32622] 01-07 06:15:53,357 INFO [RocksDB][db/compaction_job.cc:1211] [0] [JOB 4] Generated table #17: 597529 keys, 68988168 bytes
[32622] 01-07 06:15:53,357 INFO [RocksDB]EVENT_LOG_v1 {"time_micros": 1578377753357678, "cf_name": "0", "job": 4, "event": "table_file_creation", "file_number": 17, "file_size": 68988168, "table_properties": {"data_size": 67111074, "index_size": 888166, "filter_size": 987897, "raw_key_size": 24596123, "raw_average_key_size": 41, "raw_value_size": 56765237, "raw_average_value_size": 94, "num_data_blocks": 16738, "num_entries": 597529, "filter_policy_name": "rocksdb.BuiltinBloomFilter", "kDeletedKeys": "0", "kMergeOperands": "0"}}
[32622] 01-07 06:15:54,664 INFO [RocksDB][db/compaction_job.cc:1211] [0] [JOB 4] Generated table #18: 597516 keys, 68988572 bytes
[32622] 01-07 06:15:54,664 INFO [RocksDB]EVENT_LOG_v1 {"time_micros": 1578377754664648, "cf_name": "0", "job": 4, "event": "table_file_creation", "file_number": 18, "file_size": 68988572, "table_properties": {"data_size": 67111004, "index_size": 888643, "filter_size": 987894, "raw_key_size": 24594955, "raw_average_key_size": 41, "raw_value_size": 56764083, "raw_average_value_size": 95, "num_data_blocks": 16740, "num_entries": 597516, "filter_policy_name": "rocksdb.BuiltinBloomFilter", "kDeletedKeys": "0", "kMergeOperands": "0"}}
[32622] 01-07 06:15:56,046 INFO [RocksDB][db/compaction_job.cc:1211] [0] [JOB 4] Generated table #19: 597520 keys, 68987370 bytes
[32622] 01-07 06:15:56,046 INFO [RocksDB]EVENT_LOG_v1 {"time_micros": 1578377756046240, "cf_name": "0", "job": 4, "event": "table_file_creation", "file_number": 19, "file_size": 68987370, "table_properties": {"data_size": 67110290, "index_size": 888158, "filter_size": 987891, "raw_key_size": 24594181, "raw_average_key_size": 41, "raw_value_size": 56764400, "raw_average_value_size": 95, "num_data_blocks": 16739, "num_entries": 597520, "filter_policy_name": "rocksdb.BuiltinBloomFilter", "kDeletedKeys": "0", "kMergeOperands": "0"}}
[32622] 01-07 06:15:57,349 INFO [RocksDB][db/compaction_job.cc:1211] [0] [JOB 4] Generated table #20: 597512 keys, 68987993 bytes
[32622] 01-07 06:15:57,349 INFO [RocksDB]EVENT_LOG_v1 {"time_micros": 1578377757349370, "cf_name": "0", "job": 4, "event": "table_file_creation", "file_number": 20, "file_size": 68987993, "table_properties": {"data_size": 67110642, "index_size": 888437, "filter_size": 987883, "raw_key_size": 24593700, "raw_average_key_size": 41, "raw_value_size": 56763568, "raw_average_value_size": 94, "num_data_blocks": 16739, "num_entries": 597512, "filter_policy_name": "rocksdb.BuiltinBloomFilter", "kDeletedKeys": "0", "kMergeOperands": "0"}}
[32622] 01-07 06:15:58,677 INFO [RocksDB][db/compaction_job.cc:1211] [0] [JOB 4] Generated table #21: 597528 keys, 68987384 bytes
[32622] 01-07 06:15:58,677 INFO [RocksDB]EVENT_LOG_v1 {"time_micros": 1578377758677267, "cf_name": "0", "job": 4, "event": "table_file_creation", "file_number": 21, "file_size": 68987384, "table_properties": {"data_size": 67110154, "index_size": 888309, "filter_size": 987890, "raw_key_size": 24595639, "raw_average_key_size": 41, "raw_value_size": 56765232, "raw_average_value_size": 95, "num_data_blocks": 16738, "num_entries": 597528, "filter_policy_name": "rocksdb.BuiltinBloomFilter", "kDeletedKeys": "0", "kMergeOperands": "0"}}
[32622] 01-07 06:15:59,998 INFO [RocksDB][db/compaction_job.cc:1211] [0] [JOB 4] Generated table #22: 597512 keys, 68987059 bytes
[32622] 01-07 06:15:59,998 INFO [RocksDB]EVENT_LOG_v1 {"time_micros": 1578377759998456, "cf_name": "0", "job": 4, "event": "table_file_creation", "file_number": 22, "file_size": 68987059, "table_properties": {"data_size": 67109649, "index_size": 888487, "filter_size": 987892, "raw_key_size": 24595405, "raw_average_key_size": 41, "raw_value_size": 56763568, "raw_average_value_size": 94, "num_data_blocks": 16740, "num_entries": 597512, "filter_policy_name": "rocksdb.BuiltinBloomFilter", "kDeletedKeys": "0", "kMergeOperands": "0"}}
[32622] 01-07 06:16:00,375 INFO [RocksDB][db/db_impl_write.cc:1373] [0] New memtable created with log file: #24. Immutable memtables: 1.

[32622] 01-07 06:16:00,375 INFO [RocksDB][db/db_impl_compaction_flush.cc:80] [JOB 5] Syncing log #13
[32622] 01-07 06:16:01,397 INFO [RocksDB][db/db_impl_compaction_flush.cc:80] [JOB 5] Syncing log #16
[32622] 01-07 06:16:01,397 INFO [RocksDB][db/compaction_job.cc:1211] [0] [JOB 4] Generated table #23: 597520 keys, 68987586 bytes
[32622] 01-07 06:16:01,397 INFO [RocksDB]EVENT_LOG_v1 {"time_micros": 1578377761397795, "cf_name": "0", "job": 4, "event": "table_file_creation", "file_number": 23, "file_size": 68987586, "table_properties": {"data_size": 67110128, "index_size": 888536, "filter_size": 987891, "raw_key_size": 24594840, "raw_average_key_size": 41, "raw_value_size": 56764400, "raw_average_value_size": 95, "num_data_blocks": 16739, "num_entries": 597520, "filter_policy_name": "rocksdb.BuiltinBloomFilter", "kDeletedKeys": "0", "kMergeOperands": "0"}}
[32622] 01-07 06:16:03,359 INFO [RocksDB][db/compaction_job.cc:1211] [0] [JOB 4] Generated table #26: 597503 keys, 68989276 bytes
[32622] 01-07 06:16:03,359 INFO [RocksDB]EVENT_LOG_v1 {"time_micros": 1578377763359528, "cf_name": "0", "job": 4, "event": "table_file_creation", "file_number": 26, "file_size": 68989276, "table_properties": {"data_size": 67111433, "index_size": 888929, "filter_size": 987883, "raw_key_size": 24593900, "raw_average_key_size": 41, "raw_value_size": 56762830, "raw_average_value_size": 95, "num_data_blocks": 16740, "num_entries": 597503, "filter_policy_name": "rocksdb.BuiltinBloomFilter", "kDeletedKeys": "0", "kMergeOperands": "0"}}
[32622] 01-07 06:16:03,360 INFO [RocksDB](Original Log Time 2020/01/07-06:16:00.375085) [db/db_impl_compaction_flush.cc:1424] Calling FlushMemTableToOutputFile with column family [0], flush slots available 4, compaction slots available 1, flush slots scheduled 1, compaction slots scheduled 1
[32622] 01-07 06:16:03,360 INFO [RocksDB][db/flush_job.cc:301] [0] [JOB 5] Flushing memtable with next log file: 16

[32622] 01-07 06:16:03,360 INFO [RocksDB][db/flush_job.cc:301] [0] [JOB 5] Flushing memtable with next log file: 24

[32622] 01-07 06:16:03,360 INFO [RocksDB]EVENT_LOG_v1 {"time_micros": 1578377763360756, "job": 5, "event": "flush_started", "num_memtables": 2, "num_entries": 3232312, "num_deletes": 0, "memory_usage": 520099712, "flush_reason": "Write Buffer Full"}
[32622] 01-07 06:16:03,360 INFO [RocksDB][db/flush_job.cc:331] [0] [JOB 5] Level-0 flush table #25: started
[32622] 01-07 06:16:04,305 INFO [RocksDB][db/compaction_job.cc:1211] [0] [JOB 4] Generated table #27: 302647 keys, 34935164 bytes
[32622] 01-07 06:16:04,305 INFO [RocksDB]EVENT_LOG_v1 {"time_micros": 1578377764305661, "cf_name": "0", "job": 4, "event": "table_file_creation", "file_number": 27, "file_size": 34935164, "table_properties": {"data_size": 33985643, "index_size": 448153, "filter_size": 500338, "raw_key_size": 12408174, "raw_average_key_size": 40, "raw_value_size": 28751501, "raw_average_value_size": 95, "num_data_blocks": 8476, "num_entries": 302647, "filter_policy_name": "rocksdb.BuiltinBloomFilter", "kDeletedKeys": "0", "kMergeOperands": "0"}}
[32622] 01-07 06:16:04,306 INFO [RocksDB][db/compaction_job.cc:1287] [0] [JOB 4] Compacted 2@0 files to L1 => 656613883 bytes
[32622] 01-07 06:16:04,308 INFO [RocksDB](Original Log Time 2020/01/07-06:16:04.308819) [db/compaction_job.cc:685] [0] compacted to: base level 1 max bytes base 536870912 files[0 10 0 0 0 0 0] max score 1.22, MB/sec: 48.2 rd, 48.2 wr, level 1, files in(2, 0) out(10) MB in(626.4, 0.0) out(626.2), read-write-amplify(2.0) write-amplify(1.0) OK, records in: 6273167, records dropped: 1 output_compression: NoCompression

[32622] 01-07 06:16:04,308 INFO [RocksDB](Original Log Time 2020/01/07-06:16:04.308848) EVENT_LOG_v1 {"time_micros": 1578377764308829, "job": 4, "event": "compaction_finished", "compaction_time_micros": 13630287, "output_level": 1, "num_output_files": 10, "total_output_size": 656613883, "num_input_records": 6273167, "num_output_records": 6273166, "num_subcompactions": 1, "output_compression": "NoCompression", "num_single_delete_mismatches": 0, "num_single_delete_fallthrough": 0, "lsm_state": [0, 10, 0, 0, 0, 0, 0]}
[32622] 01-07 06:16:04,309 INFO [RocksDB][db/compaction_job.cc:1531] [0] [JOB 6] Compacting 1@1 files to L2, score 1.22
[32622] 01-07 06:16:04,309 INFO [RocksDB][db/compaction_job.cc:1535] [0] Compaction start summary: Base version 5 Base level 1, inputs: [15(66MB)]

[32622] 01-07 06:16:04,310 INFO [RocksDB]EVENT_LOG_v1 {"time_micros": 1578377764309997, "job": 6, "event": "compaction_started", "compaction_reason": "LevelMaxLevelSize", "files_L1": [15], "score": 1.22304, "input_data_size": 69775311}
[32622] 01-07 06:16:08,193 INFO [RocksDB][db/compaction_job.cc:1211] [0] [JOB 6] Generated table #28: 1190379 keys, 54456552 bytes
[32622] 01-07 06:16:08,193 INFO [RocksDB]EVENT_LOG_v1 {"time_micros": 1578377768193557, "cf_name": "0", "job": 6, "event": "table_file_creation", "file_number": 28, "file_size": 54456552, "table_properties": {"data_size": 52264864, "index_size": 976398, "filter_size": 1659187, "raw_key_size": 56687000, "raw_average_key_size": 47, "raw_value_size": 28399897, "raw_average_value_size": 23, "num_data_blocks": 16600, "num_entries": 1190379, "filter_policy_name": "rocksdb.BuiltinBloomFilter", "kDeletedKeys": "0", "kMergeOperands": "0"}}
[32622] 01-07 06:16:08,195 INFO [RocksDB][db/compaction_job.cc:1287] [0] [JOB 6] Compacted 1@1 files to L2 => 54456552 bytes
[32622] 01-07 06:16:08,200 INFO [RocksDB](Original Log Time 2020/01/07-06:16:08.200704) [db/compaction_job.cc:685] [0] compacted to: base level 1 max bytes base 536870912 files[0 9 1 0 0 0 0] max score 1.09, MB/sec: 18.0 rd, 14.0 wr, level 2, files in(1, 0) out(1) MB in(66.5, 0.0) out(51.9), read-write-amplify(1.8) write-amplify(0.8) OK, records in: 1190379, records dropped: 0 output_compression: Snappy

[32622] 01-07 06:16:08,200 INFO [RocksDB](Original Log Time 2020/01/07-06:16:08.200739) EVENT_LOG_v1 {"time_micros": 1578377768200721, "job": 6, "event": "compaction_finished", "compaction_time_micros": 3885798, "output_level": 2, "num_output_files": 1, "total_output_size": 54456552, "num_input_records": 1190379, "num_output_records": 1190379, "num_subcompactions": 1, "output_compression": "Snappy", "num_single_delete_mismatches": 0, "num_single_delete_fallthrough": 0, "lsm_state": [0, 9, 1, 0, 0, 0, 0]}
[32622] 01-07 06:16:08,207 INFO [RocksDB]EVENT_LOG_v1 {"time_micros": 1578377768207987, "job": 6, "event": "table_file_deletion", "file_number": 15}
[32622] 01-07 06:16:08,208 INFO [RocksDB][db/compaction_job.cc:1531] [0] [JOB 7] Compacting 1@1 files to L2, score 1.09
[32622] 01-07 06:16:08,208 INFO [RocksDB][db/compaction_job.cc:1535] [0] Compaction start summary: Base version 6 Base level 1, inputs: [26(65MB)]

[32622] 01-07 06:16:08,208 INFO [RocksDB]EVENT_LOG_v1 {"time_micros": 1578377768208033, "job": 7, "event": "compaction_started", "compaction_reason": "LevelMaxLevelSize", "files_L1": [26], "score": 1.09307, "input_data_size": 68989276}
[32622] 01-07 06:16:10,609 INFO [RocksDB][db/db_impl_write.cc:1373] [0] New memtable created with log file: #30. Immutable memtables: 2.

[32622] 01-07 06:16:11,500 INFO [RocksDB][db/compaction_job.cc:1211] [0] [JOB 7] Generated table #29: 597503 keys, 68587564 bytes
[32622] 01-07 06:16:11,500 INFO [RocksDB]EVENT_LOG_v1 {"time_micros": 1578377771500571, "cf_name": "0", "job": 7, "event": "table_file_creation", "file_number": 29, "file_size": 68587564, "table_properties": {"data_size": 67111433, "index_size": 888929, "filter_size": 987883, "raw_key_size": 24593900, "raw_average_key_size": 41, "raw_value_size": 56762830, "raw_average_value_size": 95, "num_data_blocks": 16740, "num_entries": 597503, "filter_policy_name": "rocksdb.BuiltinBloomFilter", "kDeletedKeys": "0", "kMergeOperands": "0"}}
[32622] 01-07 06:16:11,501 INFO [RocksDB][db/compaction_job.cc:1287] [0] [JOB 7] Compacted 1@1 files to L2 => 68587564 bytes
[32622] 01-07 06:16:11,503 INFO [RocksDB](Original Log Time 2020/01/07-06:16:11.503798) [db/compaction_job.cc:685] [0] compacted to: base level 1 max bytes base 536870912 files[0 8 2 0 0 0 0] max score 0.96, MB/sec: 20.9 rd, 20.8 wr, level 2, files in(1, 0) out(1) MB in(65.8, 0.0) out(65.4), read-write-amplify(2.0) write-amplify(1.0) OK, records in: 597503, records dropped: 0 output_compression: Snappy

[32622] 01-07 06:16:11,503 INFO [RocksDB](Original Log Time 2020/01/07-06:16:11.503827) EVENT_LOG_v1 {"time_micros": 1578377771503810, "job": 7, "event": "compaction_finished", "compaction_time_micros": 3293846, "output_level": 2, "num_output_files": 1, "total_output_size": 68587564, "num_input_records": 597503, "num_output_records": 597503, "num_subcompactions": 1, "output_compression": "Snappy", "num_single_delete_mismatches": 0, "num_single_delete_fallthrough": 0, "lsm_state": [0, 8, 2, 0, 0, 0, 0]}
[32622] 01-07 06:16:12,307 INFO [RocksDB]EVENT_LOG_v1 {"time_micros": 1578377772307131, "cf_name": "0", "job": 5, "event": "table_file_creation", "file_number": 25, "file_size": 314292365, "table_properties": {"data_size": 305368856, "index_size": 4093857, "filter_size": 4828610, "raw_key_size": 127201987, "raw_average_key_size": 42, "raw_value_size": 244616469, "raw_average_value_size": 81, "num_data_blocks": 76085, "num_entries": 3001432, "filter_policy_name": "rocksdb.BuiltinBloomFilter", "kDeletedKeys": "0", "kMergeOperands": "0"}}
[32622] 01-07 06:16:12,307 INFO [RocksDB][db/flush_job.cc:371] [0] [JOB 5] Level-0 flush table #25: 314292365 bytes OK
[32622] 01-07 06:16:12,310 INFO [RocksDB](Original Log Time 2020/01/07-06:16:12.308605) [db/memtable_list.cc:377] [0] Level-0 commit table #25 started
[32622] 01-07 06:16:12,310 INFO [RocksDB](Original Log Time 2020/01/07-06:16:12.310443) [db/memtable_list.cc:409] [0] Level-0 commit table #25: memtable #1 done
[32622] 01-07 06:16:12,310 INFO [RocksDB](Original Log Time 2020/01/07-06:16:12.310444) [db/memtable_list.cc:409] [0] Level-0 commit table #25: memtable #2 done
[32622] 01-07 06:16:12,310 INFO [RocksDB](Original Log Time 2020/01/07-06:16:12.310456) EVENT_LOG_v1 {"time_micros": 1578377772310451, "job": 5, "event": "flush_finished", "output_compression": "NoCompression", "lsm_state": [1, 8, 2, 0, 0, 0, 0], "immutable_memtables": 1}
[32622] 01-07 06:16:12,310 INFO [RocksDB](Original Log Time 2020/01/07-06:16:12.310467) [db/db_impl_compaction_flush.cc:177] [0] Level summary: base level 1 max bytes base 536870912 files[1 8 2 0 0 0 0] max score 0.96

[32622] 01-07 06:16:12,310 INFO [RocksDB][db/db_impl_files.cc:342] [JOB 5] Try to delete WAL files size 381742284, prev total WAL file size 600886978, number of live WAL files 4.

[32622] 01-07 06:16:12,316 INFO [RocksDB]EVENT_LOG_v1 {"time_micros": 1578377772316718, "job": 5, "event": "table_file_deletion", "file_number": 26}
[32622] 01-07 06:16:12,365 INFO [RocksDB]EVENT_LOG_v1 {"time_micros": 1578377772365417, "job": 5, "event": "table_file_deletion", "file_number": 14}
[32622] 01-07 06:16:12,413 INFO [RocksDB]EVENT_LOG_v1 {"time_micros": 1578377772413754, "job": 5, "event": "table_file_deletion", "file_number": 11}
[32622] 01-07 06:16:20,504 INFO [RocksDB][db/db_impl_write.cc:1373] [0] New memtable created with log file: #31. Immutable memtables: 1.

[32622] 01-07 06:16:20,504 INFO [RocksDB][db/db_impl_compaction_flush.cc:80] [JOB 8] Syncing log #24
[32622] 01-07 06:16:20,938 INFO [RocksDB][db/db_impl_compaction_flush.cc:80] [JOB 8] Syncing log #30
[32622] 01-07 06:16:22,424 INFO [RocksDB](Original Log Time 2020/01/07-06:16:20.504739) [db/db_impl_compaction_flush.cc:1424] Calling FlushMemTableToOutputFile with column family [0], flush slots available 4, compaction slots available 1, flush slots scheduled 1, compaction slots scheduled 0
[32622] 01-07 06:16:22,424 INFO [RocksDB][db/flush_job.cc:301] [0] [JOB 8] Flushing memtable with next log file: 30

[32622] 01-07 06:16:22,424 INFO [RocksDB][db/flush_job.cc:301] [0] [JOB 8] Flushing memtable with next log file: 31

[32622] 01-07 06:16:22,424 INFO [RocksDB]EVENT_LOG_v1 {"time_micros": 1578377782424798, "job": 8, "event": "flush_started", "num_memtables": 2, "num_entries": 3231249, "num_deletes": 0, "memory_usage": 520099920, "flush_reason": "Write Buffer Full"}
[32622] 01-07 06:16:22,424 INFO [RocksDB][db/flush_job.cc:331] [0] [JOB 8] Level-0 flush table #32: started
[32622] 01-07 06:16:28,473 INFO [RocksDB]EVENT_LOG_v1 {"time_micros": 1578377788473503, "cf_name": "0", "job": 8, "event": "table_file_creation", "file_number": 32, "file_size": 314192486, "table_properties": {"data_size": 305271409, "index_size": 4093064, "filter_size": 4826971, "raw_key_size": 127158424, "raw_average_key_size": 42, "raw_value_size": 244534487, "raw_average_value_size": 81, "num_data_blocks": 76060, "num_entries": 3000441, "filter_policy_name": "rocksdb.BuiltinBloomFilter", "kDeletedKeys": "0", "kMergeOperands": "0"}}
[32622] 01-07 06:16:28,473 INFO [RocksDB][db/flush_job.cc:371] [0] [JOB 8] Level-0 flush table #32: 314192486 bytes OK
[32622] 01-07 06:16:28,476 INFO [RocksDB](Original Log Time 2020/01/07-06:16:28.474665) [db/memtable_list.cc:377] [0] Level-0 commit table #32 started
[32622] 01-07 06:16:28,476 INFO [RocksDB](Original Log Time 2020/01/07-06:16:28.476310) [db/memtable_list.cc:409] [0] Level-0 commit table #32: memtable #1 done
[32622] 01-07 06:16:28,476 INFO [RocksDB](Original Log Time 2020/01/07-06:16:28.476311) [db/memtable_list.cc:409] [0] Level-0 commit table #32: memtable #2 done
[32622] 01-07 06:16:28,476 INFO [RocksDB](Original Log Time 2020/01/07-06:16:28.476322) EVENT_LOG_v1 {"time_micros": 1578377788476317, "job": 8, "event": "flush_finished", "output_compression": "NoCompression", "lsm_state": [2, 8, 2, 0, 0, 0, 0], "immutable_memtables": 0}
[32622] 01-07 06:16:28,476 INFO [RocksDB](Original Log Time 2020/01/07-06:16:28.476355) [db/db_impl_compaction_flush.cc:177] [0] Level summary: base level 1 max bytes base 536870912 files[2 8 2 0 0 0 0] max score 1.17

[32622] 01-07 06:16:28,476 INFO [RocksDB][db/db_impl_files.cc:342] [JOB 8] Try to delete WAL files size 381616959, prev total WAL file size 473822987, number of live WAL files 3.

[32622] 01-07 06:16:28,476 INFO [RocksDB][db/compaction_job.cc:1531] [0] [JOB 9] Compacting 2@0 + 8@1 files to L1, score 1.17
[32622] 01-07 06:16:28,476 INFO [RocksDB][db/compaction_job.cc:1535] [0] Compaction start summary: Base version 9 Base level 0, inputs: [32(299MB) 25(299MB)], [17(65MB) 18(65MB) 19(65MB) 20(65MB) 21(65MB) 22(65MB) 23(65MB) 27(33MB)]

[32622] 01-07 06:16:28,476 INFO [RocksDB]EVENT_LOG_v1 {"time_micros": 1578377788476559, "job": 9, "event": "compaction_started", "compaction_reason": "LevelL0FilesNum", "files_L0": [32, 25], "files_L1": [17, 18, 19, 20, 21, 22, 23, 27], "score": 1.17064, "input_data_size": 1146334147}
[32622] 01-07 06:16:30,075 INFO [RocksDB][db/compaction_job.cc:1211] [0] [JOB 9] Generated table #33: 1164440 keys, 69741567 bytes
[32622] 01-07 06:16:30,075 INFO [RocksDB]EVENT_LOG_v1 {"time_micros": 1578377790075622, "cf_name": "0", "job": 9, "event": "table_file_creation", "file_number": 33, "file_size": 69741567, "table_properties": {"data_size": 67110236, "index_size": 972886, "filter_size": 1657414, "raw_key_size": 55288075, "raw_average_key_size": 47, "raw_value_size": 29594905, "raw_average_value_size": 25, "num_data_blocks": 16606, "num_entries": 1164440, "filter_policy_name": "rocksdb.BuiltinBloomFilter", "kDeletedKeys": "0", "kMergeOperands": "0"}}
[32622] 01-07 06:16:31,327 INFO [RocksDB][db/compaction_job.cc:1211] [0] [JOB 9] Generated table #34: 597600 keys, 68989627 bytes
[32622] 01-07 06:16:31,327 INFO [RocksDB]EVENT_LOG_v1 {"time_micros": 1578377791327762, "cf_name": "0", "job": 9, "event": "table_file_creation", "file_number": 34, "file_size": 68989627, "table_properties": {"data_size": 67111511, "index_size": 889058, "filter_size": 988027, "raw_key_size": 24598829, "raw_average_key_size": 41, "raw_value_size": 56771928, "raw_average_value_size": 94, "num_data_blocks": 16743, "num_entries": 597600, "filter_policy_name": "rocksdb.BuiltinBloomFilter", "kDeletedKeys": "0", "kMergeOperands": "0"}}
[32622] 01-07 06:16:32,631 INFO [RocksDB][db/compaction_job.cc:1211] [0] [JOB 9] Generated table #35: 597630 keys, 68986554 bytes
[32622] 01-07 06:16:32,631 INFO [RocksDB]EVENT_LOG_v1 {"time_micros": 1578377792631663, "cf_name": "0", "job": 9, "event": "table_file_creation", "file_number": 35, "file_size": 68986554, "table_properties": {"data_size": 67109127, "index_size": 888357, "filter_size": 988039, "raw_key_size": 24601063, "raw_average_key_size": 41, "raw_value_size": 56774850, "raw_average_value_size": 95, "num_data_blocks": 16741, "num_entries": 597630, "filter_policy_name": "rocksdb.BuiltinBloomFilter", "kDeletedKeys": "0", "kMergeOperands": "0"}}
[32622] 01-07 06:16:33,942 INFO [RocksDB][db/compaction_job.cc:1211] [0] [JOB 9] Generated table #36: 597605 keys, 68989953 bytes
[32622] 01-07 06:16:33,942 INFO [RocksDB]EVENT_LOG_v1 {"time_micros": 1578377793942175, "cf_name": "0", "job": 9, "event": "table_file_creation", "file_number": 36, "file_size": 68989953, "table_properties": {"data_size": 67111912, "index_size": 888980, "filter_size": 988030, "raw_key_size": 24595802, "raw_average_key_size": 41, "raw_value_size": 56772547, "raw_average_value_size": 95, "num_data_blocks": 16743, "num_entries": 597605, "filter_policy_name": "rocksdb.BuiltinBloomFilter", "kDeletedKeys": "0", "kMergeOperands": "0"}}
[32622] 01-07 06:16:35,252 INFO [RocksDB][db/compaction_job.cc:1211] [0] [JOB 9] Generated table #37: 597600 keys, 68988519 bytes
[32622] 01-07 06:16:35,252 INFO [RocksDB]EVENT_LOG_v1 {"time_micros": 1578377795252141, "cf_name": "0", "job": 9, "event": "table_file_creation", "file_number": 37, "file_size": 68988519, "table_properties": {"data_size": 67110399, "index_size": 889066, "filter_size": 988023, "raw_key_size": 24599401, "raw_average_key_size": 41, "raw_value_size": 56771928, "raw_average_value_size": 94, "num_data_blocks": 16743, "num_entries": 597600, "filter_policy_name": "rocksdb.BuiltinBloomFilter", "kDeletedKeys": "0", "kMergeOperands": "0"}}
[32622] 01-07 06:16:36,550 INFO [RocksDB][db/compaction_job.cc:1211] [0] [JOB 9] Generated table #38: 597569 keys, 68987661 bytes
[32622] 01-07 06:16:36,550 INFO [RocksDB]EVENT_LOG_v1 {"time_micros": 1578377796550970, "cf_name": "0", "job": 9, "event": "table_file_creation", "file_number": 38, "file_size": 68987661, "table_properties": {"data_size": 67109465, "index_size": 889181, "filter_size": 987984, "raw_key_size": 24595942, "raw_average_key_size": 41, "raw_value_size": 56769100, "raw_average_value_size": 95, "num_data_blocks": 16743, "num_entries": 597569, "filter_policy_name": "rocksdb.BuiltinBloomFilter", "kDeletedKeys": "0", "kMergeOperands": "0"}}
[32622] 01-07 06:16:37,932 INFO [RocksDB][db/compaction_job.cc:1211] [0] [JOB 9] Generated table #39: 597578 keys, 68987213 bytes
[32622] 01-07 06:16:37,932 INFO [RocksDB]EVENT_LOG_v1 {"time_micros": 1578377797932048, "cf_name": "0", "job": 9, "event": "table_file_creation", "file_number": 39, "file_size": 68987213, "table_properties": {"data_size": 67109236, "index_size": 888951, "filter_size": 987995, "raw_key_size": 24595938, "raw_average_key_size": 41, "raw_value_size": 56769937, "raw_average_value_size": 95, "num_data_blocks": 16743, "num_entries": 597578, "filter_policy_name": "rocksdb.BuiltinBloomFilter", "kDeletedKeys": "0", "kMergeOperands": "0"}}
[32622] 01-07 06:16:39,233 INFO [RocksDB][db/compaction_job.cc:1211] [0] [JOB 9] Generated table #40: 597601 keys, 68991115 bytes
[32622] 01-07 06:16:39,233 INFO [RocksDB]EVENT_LOG_v1 {"time_micros": 1578377799233688, "cf_name": "0", "job": 9, "event": "table_file_creation", "file_number": 40, "file_size": 68991115, "table_properties": {"data_size": 67112633, "index_size": 889423, "filter_size": 988028, "raw_key_size": 24598497, "raw_average_key_size": 41, "raw_value_size": 56772032, "raw_average_value_size": 94, "num_data_blocks": 16743, "num_entries": 597601, "filter_policy_name": "rocksdb.BuiltinBloomFilter", "kDeletedKeys": "0", "kMergeOperands": "0"}}
[32622] 01-07 06:16:40,565 INFO [RocksDB][db/compaction_job.cc:1211] [0] [JOB 9] Generated table #41: 597607 keys, 68990466 bytes
[32622] 01-07 06:16:40,565 INFO [RocksDB]EVENT_LOG_v1 {"time_micros": 1578377800565793, "cf_name": "0", "job": 9, "event": "table_file_creation", "file_number": 41, "file_size": 68990466, "table_properties": {"data_size": 67112441, "index_size": 888960, "filter_size": 988034, "raw_key_size": 24597110, "raw_average_key_size": 41, "raw_value_size": 56772656, "raw_average_value_size": 94, "num_data_blocks": 16743, "num_entries": 597607, "filter_policy_name": "rocksdb.BuiltinBloomFilter", "kDeletedKeys": "0", "kMergeOperands": "0"}}
[32622] 01-07 06:16:41,846 INFO [RocksDB][db/compaction_job.cc:1211] [0] [JOB 9] Generated table #42: 597616 keys, 68988943 bytes
[32622] 01-07 06:16:41,846 INFO [RocksDB]EVENT_LOG_v1 {"time_micros": 1578377801846719, "cf_name": "0", "job": 9, "event": "table_file_creation", "file_number": 42, "file_size": 68988943, "table_properties": {"data_size": 67111461, "index_size": 888426, "filter_size": 988025, "raw_key_size": 24597950, "raw_average_key_size": 41, "raw_value_size": 56773592, "raw_average_value_size": 95, "num_data_blocks": 16741, "num_entries": 597616, "filter_policy_name": "rocksdb.BuiltinBloomFilter", "kDeletedKeys": "0", "kMergeOperands": "0"}}
[32622] 01-07 06:16:43,147 INFO [RocksDB][db/compaction_job.cc:1211] [0] [JOB 9] Generated table #43: 597644 keys, 68990428 bytes
[32622] 01-07 06:16:43,147 INFO [RocksDB]EVENT_LOG_v1 {"time_micros": 1578377803147552, "cf_name": "0", "job": 9, "event": "table_file_creation", "file_number": 43, "file_size": 68990428, "table_properties": {"data_size": 67112637, "index_size": 888681, "filter_size": 988079, "raw_key_size": 24601844, "raw_average_key_size": 41, "raw_value_size": 56776108, "raw_average_value_size": 94, "num_data_blocks": 16743, "num_entries": 597644, "filter_policy_name": "rocksdb.BuiltinBloomFilter", "kDeletedKeys": "0", "kMergeOperands": "0"}}
[32622] 01-07 06:16:44,455 INFO [RocksDB][db/compaction_job.cc:1211] [0] [JOB 9] Generated table #44: 597591 keys, 68987876 bytes
[32622] 01-07 06:16:44,455 INFO [RocksDB]EVENT_LOG_v1 {"time_micros": 1578377804455304, "cf_name": "0", "job": 9, "event": "table_file_creation", "file_number": 44, "file_size": 68987876, "table_properties": {"data_size": 67109960, "index_size": 888875, "filter_size": 988010, "raw_key_size": 24596381, "raw_average_key_size": 41, "raw_value_size": 56771190, "raw_average_value_size": 95, "num_data_blocks": 16743, "num_entries": 597591, "filter_policy_name": "rocksdb.BuiltinBloomFilter", "kDeletedKeys": "0", "kMergeOperands": "0"}}
[32622] 01-07 06:16:45,835 INFO [RocksDB][db/compaction_job.cc:1211] [0] [JOB 9] Generated table #45: 597625 keys, 68990690 bytes
[32622] 01-07 06:16:45,835 INFO [RocksDB]EVENT_LOG_v1 {"time_micros": 1578377805835844, "cf_name": "0", "job": 9, "event": "table_file_creation", "file_number": 45, "file_size": 68990690, "table_properties": {"data_size": 67112719, "index_size": 888875, "filter_size": 988065, "raw_key_size": 24600442, "raw_average_key_size": 41, "raw_value_size": 56774330, "raw_average_value_size": 94, "num_data_blocks": 16744, "num_entries": 597625, "filter_policy_name": "rocksdb.BuiltinBloomFilter", "kDeletedKeys": "0", "kMergeOperands": "0"}}
[32622] 01-07 06:16:47,136 INFO [RocksDB][db/compaction_job.cc:1211] [0] [JOB 9] Generated table #46: 597622 keys, 68987786 bytes
[32622] 01-07 06:16:47,136 INFO [RocksDB]EVENT_LOG_v1 {"time_micros": 1578377807136900, "cf_name": "0", "job": 9, "event": "table_file_creation", "file_number": 46, "file_size": 68987786, "table_properties": {"data_size": 67109798, "index_size": 888919, "filter_size": 988038, "raw_key_size": 24602187, "raw_average_key_size": 41, "raw_value_size": 56774117, "raw_average_value_size": 95, "num_data_blocks": 16742, "num_entries": 597622, "filter_policy_name": "rocksdb.BuiltinBloomFilter", "kDeletedKeys": "0", "kMergeOperands": "0"}}
[32622] 01-07 06:16:48,439 INFO [RocksDB][db/compaction_job.cc:1211] [0] [JOB 9] Generated table #47: 597542 keys, 68986713 bytes
[32622] 01-07 06:16:48,439 INFO [RocksDB]EVENT_LOG_v1 {"time_micros": 1578377808439580, "cf_name": "0", "job": 9, "event": "table_file_creation", "file_number": 47, "file_size": 68986713, "table_properties": {"data_size": 67109053, "index_size": 888692, "filter_size": 987937, "raw_key_size": 24594992, "raw_average_key_size": 41, "raw_value_size": 56766391, "raw_average_value_size": 94, "num_data_blocks": 16741, "num_entries": 597542, "filter_policy_name": "rocksdb.BuiltinBloomFilter", "kDeletedKeys": "0", "kMergeOperands": "0"}}
[32622] 01-07 06:16:49,741 INFO [RocksDB][db/compaction_job.cc:1211] [0] [JOB 9] Generated table #48: 597539 keys, 68989913 bytes
[32622] 01-07 06:16:49,741 INFO [RocksDB]EVENT_LOG_v1 {"time_micros": 1578377809741460, "cf_name": "0", "job": 9, "event": "table_file_creation", "file_number": 48, "file_size": 68989913, "table_properties": {"data_size": 67112009, "index_size": 888938, "filter_size": 987935, "raw_key_size": 24598358, "raw_average_key_size": 41, "raw_value_size": 56766277, "raw_average_value_size": 95, "num_data_blocks": 16741, "num_entries": 597539, "filter_policy_name": "rocksdb.BuiltinBloomFilter", "kDeletedKeys": "0", "kMergeOperands": "0"}}
[32622] 01-07 06:16:50,542 INFO [RocksDB][db/compaction_job.cc:1211] [0] [JOB 9] Generated table #49: 358747 keys, 41407933 bytes
[32622] 01-07 06:16:50,542 INFO [RocksDB]EVENT_LOG_v1 {"time_micros": 1578377810542144, "cf_name": "0", "job": 9, "event": "table_file_creation", "file_number": 49, "file_size": 41407933, "table_properties": {"data_size": 40282261, "index_size": 531607, "filter_size": 593035, "raw_key_size": 14670598, "raw_average_key_size": 40, "raw_value_size": 34081001, "raw_average_value_size": 95, "num_data_blocks": 10045, "num_entries": 358747, "filter_policy_name": "rocksdb.BuiltinBloomFilter", "kDeletedKeys": "0", "kMergeOperands": "0"}}
[32622] 01-07 06:16:50,543 INFO [RocksDB][db/compaction_job.cc:1287] [0] [JOB 9] Compacted 2@0 + 8@1 files to L1 => 1145982957 bytes
[32622] 01-07 06:16:50,545 INFO [RocksDB](Original Log Time 2020/01/07-06:16:50.545420) [db/compaction_job.cc:685] [0] compacted to: base level 1 max bytes base 536870912 files[0 17 2 0 0 0 0] max score 2.13, MB/sec: 51.9 rd, 51.9 wr, level 1, files in(2, 8) out(17) MB in(599.4, 493.9) out(1092.9), read-write-amplify(3.6) write-amplify(1.8) OK, records in: 10487157, records dropped: 1 output_compression: NoCompression

[32622] 01-07 06:16:50,545 INFO [RocksDB](Original Log Time 2020/01/07-06:16:50.545449) EVENT_LOG_v1 {"time_micros": 1578377810545430, "job": 9, "event": "compaction_finished", "compaction_time_micros": 22066833, "output_level": 1, "num_output_files": 17, "total_output_size": 1145982957, "num_input_records": 10487157, "num_output_records": 10487156, "num_subcompactions": 1, "output_compression": "NoCompression", "num_single_delete_mismatches": 0, "num_single_delete_fallthrough": 0, "lsm_state": [0, 17, 2, 0, 0, 0, 0]}
[32622] 01-07 06:16:50,578 INFO [RocksDB]EVENT_LOG_v1 {"time_micros": 1578377810578404, "job": 9, "event": "table_file_deletion", "file_number": 32}
[32622] 01-07 06:16:50,581 INFO [RocksDB]EVENT_LOG_v1 {"time_micros": 1578377810581755, "job": 9, "event": "table_file_deletion", "file_number": 27}
[32622] 01-07 06:16:50,611 INFO [RocksDB]EVENT_LOG_v1 {"time_micros": 1578377810611599, "job": 9, "event": "table_file_deletion", "file_number": 25}
[32622] 01-07 06:16:50,617 INFO [RocksDB]EVENT_LOG_v1 {"time_micros": 1578377810617941, "job": 9, "event": "table_file_deletion", "file_number": 23}
[32622] 01-07 06:16:50,624 INFO [RocksDB]EVENT_LOG_v1 {"time_micros": 1578377810624168, "job": 9, "event": "table_file_deletion", "file_number": 22}
[32622] 01-07 06:16:50,630 INFO [RocksDB]EVENT_LOG_v1 {"time_micros": 1578377810630338, "job": 9, "event": "table_file_deletion", "file_number": 21}
[32622] 01-07 06:16:50,636 INFO [RocksDB]EVENT_LOG_v1 {"time_micros": 1578377810636761, "job": 9, "event": "table_file_deletion", "file_number": 20}
[32622] 01-07 06:16:50,643 INFO [RocksDB]EVENT_LOG_v1 {"time_micros": 1578377810643203, "job": 9, "event": "table_file_deletion", "file_number": 19}
[32622] 01-07 06:16:50,650 INFO [RocksDB]EVENT_LOG_v1 {"time_micros": 1578377810650131, "job": 9, "event": "table_file_deletion", "file_number": 18}
[32622] 01-07 06:16:50,656 INFO [RocksDB]EVENT_LOG_v1 {"time_micros": 1578377810656742, "job": 9, "event": "table_file_deletion", "file_number": 17}
[32622] 01-07 06:16:50,656 INFO [RocksDB][db/compaction_job.cc:1531] [0] [JOB 10] Compacting 1@1 + 1@2 files to L2, score 2.13
[32622] 01-07 06:16:50,656 INFO [RocksDB][db/compaction_job.cc:1535] [0] Compaction start summary: Base version 10 Base level 1, inputs: [33(66MB)], [28(51MB)]

[32622] 01-07 06:16:50,656 INFO [RocksDB]EVENT_LOG_v1 {"time_micros": 1578377810656801, "job": 10, "event": "compaction_started", "compaction_reason": "LevelMaxLevelSize", "files_L1": [33], "files_L2": [28], "score": 2.13456, "input_data_size": 124198119}
[32622] 01-07 06:16:53,923 INFO [RocksDB][db/compaction_job.cc:1211] [0] [JOB 10] Generated table #50: 2018917 keys, 70626587 bytes
[32622] 01-07 06:16:53,923 INFO [RocksDB]EVENT_LOG_v1 {"time_micros": 1578377813923916, "cf_name": "0", "job": 10, "event": "table_file_creation", "file_number": 50, "file_size": 70626587, "table_properties": {"data_size": 67112370, "index_size": 1446467, "filter_size": 2732976, "raw_key_size": 98148391, "raw_average_key_size": 48, "raw_value_size": 26084106, "raw_average_value_size": 12, "num_data_blocks": 23735, "num_entries": 2018917, "filter_policy_name": "rocksdb.BuiltinBloomFilter", "kDeletedKeys": "0", "kMergeOperands": "0"}}
[32622] 01-07 06:16:54,754 INFO [RocksDB][db/compaction_job.cc:1211] [0] [JOB 10] Generated table #51: 335901 keys, 38548456 bytes
[32622] 01-07 06:16:54,755 INFO [RocksDB]EVENT_LOG_v1 {"time_micros": 1578377814755002, "cf_name": "0", "job": 10, "event": "table_file_creation", "file_number": 51, "file_size": 38548456, "table_properties": {"data_size": 37720279, "index_size": 499311, "filter_size": 555343, "raw_key_size": 13826665, "raw_average_key_size": 41, "raw_value_size": 31910640, "raw_average_value_size": 95, "num_data_blocks": 9410, "num_entries": 335901, "filter_policy_name": "rocksdb.BuiltinBloomFilter", "kDeletedKeys": "0", "kMergeOperands": "0"}}
[32622] 01-07 06:16:54,756 INFO [RocksDB][db/compaction_job.cc:1287] [0] [JOB 10] Compacted 1@1 + 1@2 files to L2 => 109175043 bytes
[32622] 01-07 06:16:54,758 INFO [RocksDB](Original Log Time 2020/01/07-06:16:54.758254) [db/compaction_job.cc:685] [0] compacted to: base level 1 max bytes base 536870912 files[0 16 3 0 0 0 0] max score 2.00, MB/sec: 30.3 rd, 26.6 wr, level 2, files in(1, 1) out(2) MB in(66.5, 51.9) out(104.1), read-write-amplify(3.3) write-amplify(1.6) OK, records in: 2354819, records dropped: 1 output_compression: Snappy

[32622] 01-07 06:16:54,758 INFO [RocksDB](Original Log Time 2020/01/07-06:16:54.758279) EVENT_LOG_v1 {"time_micros": 1578377814758262, "job": 10, "event": "compaction_finished", "compaction_time_micros": 4099482, "output_level": 2, "num_output_files": 2, "total_output_size": 109175043, "num_input_records": 2354819, "num_output_records": 2354818, "num_subcompactions": 1, "output_compression": "Snappy", "num_single_delete_mismatches": 0, "num_single_delete_fallthrough": 0, "lsm_state": [0, 16, 3, 0, 0, 0, 0]}
[32622] 01-07 06:16:54,758 INFO [RocksDB][db/compaction_job.cc:1531] [0] [JOB 11] Compacting 1@1 files to L2, score 2.00
[32622] 01-07 06:16:54,758 INFO [RocksDB][db/compaction_job.cc:1535] [0] Compaction start summary: Base version 11 Base level 1, inputs: [40(65MB)]

[32622] 01-07 06:16:54,758 INFO [RocksDB]EVENT_LOG_v1 {"time_micros": 1578377814758341, "job": 11, "event": "compaction_started", "compaction_reason": "LevelMaxLevelSize", "files_L1": [40], "score": 2.00466, "input_data_size": 68991115}
[32622] 01-07 06:16:54,765 INFO [RocksDB]EVENT_LOG_v1 {"time_micros": 1578377814765705, "job": 0, "event": "table_file_deletion", "file_number": 33}
[32622] 01-07 06:16:54,770 INFO [RocksDB]EVENT_LOG_v1 {"time_micros": 1578377814770969, "job": 0, "event": "table_file_deletion", "file_number": 28}
[32622] 01-07 06:16:56,064 INFO [RocksDB][db/compaction_job.cc:1211] [0] [JOB 11] Generated table #52: 597601 keys, 68585669 bytes
[32622] 01-07 06:16:56,064 INFO [RocksDB]EVENT_LOG_v1 {"time_micros": 1578377816064973, "cf_name": "0", "job": 11, "event": "table_file_creation", "file_number": 52, "file_size": 68585669, "table_properties": {"data_size": 67112633, "index_size": 889423, "filter_size": 988028, "raw_key_size": 24598497, "raw_average_key_size": 41, "raw_value_size": 56772032, "raw_average_value_size": 94, "num_data_blocks": 16743, "num_entries": 597601, "filter_policy_name": "rocksdb.BuiltinBloomFilter", "kDeletedKeys": "0", "kMergeOperands": "0"}}
[32622] 01-07 06:16:56,066 INFO [RocksDB][db/compaction_job.cc:1287] [0] [JOB 11] Compacted 1@1 files to L2 => 68585669 bytes
[32622] 01-07 06:16:56,068 INFO [RocksDB](Original Log Time 2020/01/07-06:16:56.068097) [db/compaction_job.cc:685] [0] compacted to: base level 1 max bytes base 536870912 files[0 15 4 0 0 0 0] max score 1.88, MB/sec: 52.7 rd, 52.4 wr, level 2, files in(1, 0) out(1) MB in(65.8, 0.0) out(65.4), read-write-amplify(2.0) write-amplify(1.0) OK, records in: 597601, records dropped: 0 output_compression: Snappy

[32622] 01-07 06:16:56,068 INFO [RocksDB](Original Log Time 2020/01/07-06:16:56.068111) EVENT_LOG_v1 {"time_micros": 1578377816068106, "job": 11, "event": "compaction_finished", "compaction_time_micros": 1307986, "output_level": 2, "num_output_files": 1, "total_output_size": 68585669, "num_input_records": 597601, "num_output_records": 597601, "num_subcompactions": 1, "output_compression": "Snappy", "num_single_delete_mismatches": 0, "num_single_delete_fallthrough": 0, "lsm_state": [0, 15, 4, 0, 0, 0, 0]}
[32622] 01-07 06:16:56,074 INFO [RocksDB]EVENT_LOG_v1 {"time_micros": 1578377816074539, "job": 11, "event": "table_file_deletion", "file_number": 40}
[32622] 01-07 06:16:56,074 INFO [RocksDB][db/compaction_job.cc:1531] [0] [JOB 12] Compacting 1@1 files to L2, score 1.88
[32622] 01-07 06:16:56,074 INFO [RocksDB][db/compaction_job.cc:1535] [0] Compaction start summary: Base version 12 Base level 1, inputs: [45(65MB)]

[32622] 01-07 06:16:56,074 INFO [RocksDB]EVENT_LOG_v1 {"time_micros": 1578377816074586, "job": 12, "event": "compaction_started", "compaction_reason": "LevelMaxLevelSize", "files_L1": [45], "score": 1.87615, "input_data_size": 68990690}
[32622] 01-07 06:16:57,369 INFO [RocksDB][db/compaction_job.cc:1211] [0] [JOB 12] Generated table #53: 597625 keys, 68585783 bytes
[32622] 01-07 06:16:57,369 INFO [RocksDB]EVENT_LOG_v1 {"time_micros": 1578377817369911, "cf_name": "0", "job": 12, "event": "table_file_creation", "file_number": 53, "file_size": 68585783, "table_properties": {"data_size": 67112719, "index_size": 888875, "filter_size": 988065, "raw_key_size": 24600442, "raw_average_key_size": 41, "raw_value_size": 56774330, "raw_average_value_size": 94, "num_data_blocks": 16744, "num_entries": 597625, "filter_policy_name": "rocksdb.BuiltinBloomFilter", "kDeletedKeys": "0", "kMergeOperands": "0"}}
[32622] 01-07 06:16:57,371 INFO [RocksDB][db/compaction_job.cc:1287] [0] [JOB 12] Compacted 1@1 files to L2 => 68585783 bytes
[32622] 01-07 06:16:57,373 INFO [RocksDB](Original Log Time 2020/01/07-06:16:57.373153) [db/compaction_job.cc:685] [0] compacted to: base level 1 max bytes base 536870912 files[0 14 5 0 0 0 0] max score 1.75, MB/sec: 53.2 rd, 52.9 wr, level 2, files in(1, 0) out(1) MB in(65.8, 0.0) out(65.4), read-write-amplify(2.0) write-amplify(1.0) OK, records in: 597625, records dropped: 0 output_compression: Snappy

[32622] 01-07 06:16:57,373 INFO [RocksDB](Original Log Time 2020/01/07-06:16:57.373166) EVENT_LOG_v1 {"time_micros": 1578377817373161, "job": 12, "event": "compaction_finished", "compaction_time_micros": 1296725, "output_level": 2, "num_output_files": 1, "total_output_size": 68585783, "num_input_records": 597625, "num_output_records": 597625, "num_subcompactions": 1, "output_compression": "Snappy", "num_single_delete_mismatches": 0, "num_single_delete_fallthrough": 0, "lsm_state": [0, 14, 5, 0, 0, 0, 0]}
[32622] 01-07 06:16:57,379 INFO [RocksDB]EVENT_LOG_v1 {"time_micros": 1578377817379973, "job": 12, "event": "table_file_deletion", "file_number": 45}
[32622] 01-07 06:16:57,380 INFO [RocksDB][db/compaction_job.cc:1531] [0] [JOB 13] Compacting 1@1 files to L2, score 1.75
[32622] 01-07 06:16:57,380 INFO [RocksDB][db/compaction_job.cc:1535] [0] Compaction start summary: Base version 13 Base level 1, inputs: [41(65MB)]

[32622] 01-07 06:16:57,380 INFO [RocksDB]EVENT_LOG_v1 {"time_micros": 1578377817380022, "job": 13, "event": "compaction_started", "compaction_reason": "LevelMaxLevelSize", "files_L1": [41], "score": 1.74764, "input_data_size": 68990466}
[32622] 01-07 06:16:58,671 INFO [RocksDB][db/compaction_job.cc:1211] [0] [JOB 13] Generated table #54: 597607 keys, 68585320 bytes
[32622] 01-07 06:16:58,671 INFO [RocksDB]EVENT_LOG_v1 {"time_micros": 1578377818671970, "cf_name": "0", "job": 13, "event": "table_file_creation", "file_number": 54, "file_size": 68585320, "table_properties": {"data_size": 67112441, "index_size": 888960, "filter_size": 988034, "raw_key_size": 24597110, "raw_average_key_size": 41, "raw_value_size": 56772656, "raw_average_value_size": 94, "num_data_blocks": 16743, "num_entries": 597607, "filter_policy_name": "rocksdb.BuiltinBloomFilter", "kDeletedKeys": "0", "kMergeOperands": "0"}}
[32622] 01-07 06:16:58,673 INFO [RocksDB][db/compaction_job.cc:1287] [0] [JOB 13] Compacted 1@1 files to L2 => 68585320 bytes
[32622] 01-07 06:16:58,674 INFO [RocksDB](Original Log Time 2020/01/07-06:16:58.674823) [db/compaction_job.cc:685] [0] compacted to: base level 1 max bytes base 536870912 files[0 13 6 0 0 0 0] max score 1.62, MB/sec: 53.4 rd, 53.0 wr, level 2, files in(1, 0) out(1) MB in(65.8, 0.0) out(65.4), read-write-amplify(2.0) write-amplify(1.0) OK, records in: 597607, records dropped: 0 output_compression: Snappy

[32622] 01-07 06:16:58,674 INFO [RocksDB](Original Log Time 2020/01/07-06:16:58.674842) EVENT_LOG_v1 {"time_micros": 1578377818674837, "job": 13, "event": "compaction_finished", "compaction_time_micros": 1293080, "output_level": 2, "num_output_files": 1, "total_output_size": 68585320, "num_input_records": 597607, "num_output_records": 597607, "num_subcompactions": 1, "output_compression": "Snappy", "num_single_delete_mismatches": 0, "num_single_delete_fallthrough": 0, "lsm_state": [0, 13, 6, 0, 0, 0, 0]}
[32622] 01-07 06:16:58,681 INFO [RocksDB]EVENT_LOG_v1 {"time_micros": 1578377818681619, "job": 13, "event": "table_file_deletion", "file_number": 41}
[32622] 01-07 06:16:58,681 INFO [RocksDB][db/compaction_job.cc:1531] [0] [JOB 14] Compacting 1@1 files to L2, score 1.62
[32622] 01-07 06:16:58,681 INFO [RocksDB][db/compaction_job.cc:1535] [0] Compaction start summary: Base version 14 Base level 1, inputs: [43(65MB)]

[32622] 01-07 06:16:58,681 INFO [RocksDB]EVENT_LOG_v1 {"time_micros": 1578377818681669, "job": 14, "event": "compaction_started", "compaction_reason": "LevelMaxLevelSize", "files_L1": [43], "score": 1.61914, "input_data_size": 68990428}
[32622] 01-07 06:16:59,989 INFO [RocksDB][db/compaction_job.cc:1211] [0] [JOB 14] Generated table #55: 597644 keys, 68585433 bytes
[32622] 01-07 06:16:59,989 INFO [RocksDB]EVENT_LOG_v1 {"time_micros": 1578377819989566, "cf_name": "0", "job": 14, "event": "table_file_creation", "file_number": 55, "file_size": 68585433, "table_properties": {"data_size": 67112637, "index_size": 888681, "filter_size": 988079, "raw_key_size": 24601844, "raw_average_key_size": 41, "raw_value_size": 56776108, "raw_average_value_size": 94, "num_data_blocks": 16743, "num_entries": 597644, "filter_policy_name": "rocksdb.BuiltinBloomFilter", "kDeletedKeys": "0", "kMergeOperands": "0"}}
[32622] 01-07 06:16:59,990 INFO [RocksDB][db/compaction_job.cc:1287] [0] [JOB 14] Compacted 1@1 files to L2 => 68585433 bytes
[32622] 01-07 06:16:59,992 INFO [RocksDB](Original Log Time 2020/01/07-06:16:59.992430) [db/compaction_job.cc:685] [0] compacted to: base level 1 max bytes base 536870912 files[0 12 7 0 0 0 0] max score 1.49, MB/sec: 52.7 rd, 52.4 wr, level 2, files in(1, 0) out(1) MB in(65.8, 0.0) out(65.4), read-write-amplify(2.0) write-amplify(1.0) OK, records in: 597644, records dropped: 0 output_compression: Snappy

[32622] 01-07 06:16:59,992 INFO [RocksDB](Original Log Time 2020/01/07-06:16:59.992443) EVENT_LOG_v1 {"time_micros": 1578377819992438, "job": 14, "event": "compaction_finished", "compaction_time_micros": 1309109, "output_level": 2, "num_output_files": 1, "total_output_size": 68585433, "num_input_records": 597644, "num_output_records": 597644, "num_subcompactions": 1, "output_compression": "Snappy", "num_single_delete_mismatches": 0, "num_single_delete_fallthrough": 0, "lsm_state": [0, 12, 7, 0, 0, 0, 0]}
[32622] 01-07 06:16:59,999 INFO [RocksDB]EVENT_LOG_v1 {"time_micros": 1578377819999082, "job": 14, "event": "table_file_deletion", "file_number": 43}
[32622] 01-07 06:16:59,999 INFO [RocksDB][db/compaction_job.cc:1531] [0] [JOB 15] Compacting 1@1 files to L2, score 1.49
[32622] 01-07 06:16:59,999 INFO [RocksDB][db/compaction_job.cc:1535] [0] Compaction start summary: Base version 15 Base level 1, inputs: [36(65MB)]

[32622] 01-07 06:16:59,999 INFO [RocksDB]EVENT_LOG_v1 {"time_micros": 1578377819999127, "job": 15, "event": "compaction_started", "compaction_reason": "LevelMaxLevelSize", "files_L1": [36], "score": 1.49064, "input_data_size": 68989953}
[32622] 01-07 06:17:01,294 INFO [RocksDB][db/compaction_job.cc:1211] [0] [JOB 15] Generated table #56: 597605 keys, 68585138 bytes
[32622] 01-07 06:17:01,294 INFO [RocksDB]EVENT_LOG_v1 {"time_micros": 1578377821294327, "cf_name": "0", "job": 15, "event": "table_file_creation", "file_number": 56, "file_size": 68585138, "table_properties": {"data_size": 67111912, "index_size": 888980, "filter_size": 988030, "raw_key_size": 24595802, "raw_average_key_size": 41, "raw_value_size": 56772547, "raw_average_value_size": 95, "num_data_blocks": 16743, "num_entries": 597605, "filter_policy_name": "rocksdb.BuiltinBloomFilter", "kDeletedKeys": "0", "kMergeOperands": "0"}}
[32622] 01-07 06:17:01,295 INFO [RocksDB][db/compaction_job.cc:1287] [0] [JOB 15] Compacted 1@1 files to L2 => 68585138 bytes
[32622] 01-07 06:17:01,297 INFO [RocksDB](Original Log Time 2020/01/07-06:17:01.297220) [db/compaction_job.cc:685] [0] compacted to: base level 1 max bytes base 536870912 files[0 11 8 0 0 0 0] max score 1.36, MB/sec: 53.2 rd, 52.9 wr, level 2, files in(1, 0) out(1) MB in(65.8, 0.0) out(65.4), read-write-amplify(2.0) write-amplify(1.0) OK, records in: 597605, records dropped: 0 output_compression: Snappy

[32622] 01-07 06:17:01,297 INFO [RocksDB](Original Log Time 2020/01/07-06:17:01.297246) EVENT_LOG_v1 {"time_micros": 1578377821297229, "job": 15, "event": "compaction_finished", "compaction_time_micros": 1296449, "output_level": 2, "num_output_files": 1, "total_output_size": 68585138, "num_input_records": 597605, "num_output_records": 597605, "num_subcompactions": 1, "output_compression": "Snappy", "num_single_delete_mismatches": 0, "num_single_delete_fallthrough": 0, "lsm_state": [0, 11, 8, 0, 0, 0, 0]}
[32622] 01-07 06:17:01,303 INFO [RocksDB]EVENT_LOG_v1 {"time_micros": 1578377821303954, "job": 15, "event": "table_file_deletion", "file_number": 36}
[32622] 01-07 06:17:01,303 INFO [RocksDB][db/compaction_picker.cc:485] [0] Expanding@1 1+1(68989913+68587564 bytes) to 2+1 (137976626+68587564 bytes)

[32622] 01-07 06:17:01,304 INFO [RocksDB][db/compaction_job.cc:1531] [0] [JOB 16] Compacting 2@1 + 1@2 files to L2, score 1.36
[32622] 01-07 06:17:01,304 INFO [RocksDB][db/compaction_job.cc:1535] [0] Compaction start summary: Base version 16 Base level 1, inputs: [47(65MB) 48(65MB)], [29(65MB)]

[32622] 01-07 06:17:01,304 INFO [RocksDB]EVENT_LOG_v1 {"time_micros": 1578377821304012, "job": 16, "event": "compaction_started", "compaction_reason": "LevelMaxLevelSize", "files_L1": [47, 48], "files_L2": [29], "score": 1.36213, "input_data_size": 206564190}
