[33875] 01-07 06:20:22,517 INFO [RocksDB]RocksDB version: 5.14.2

[33875] 01-07 06:20:22,523 INFO [RocksDB]Git sha rocksdb_build_git_sha:9f703a6b9c3430e30aba2286240e44570994efe6
[33875] 01-07 06:20:22,523 INFO [RocksDB]Compile date Jan  7 2020
[33875] 01-07 06:20:22,523 INFO [RocksDB]DB SUMMARY

[33875] 01-07 06:20:22,523 INFO [RocksDB]SST files in /home/ubuntu/ardb/data/rocksdb dir, Total Num: 0, files: 

[33875] 01-07 06:20:22,523 INFO [RocksDB]Write Ahead Log file in /home/ubuntu/ardb/data/rocksdb: 

[33875] 01-07 06:20:22,523 INFO [RocksDB]                        Options.error_if_exists: 0
[33875] 01-07 06:20:22,523 INFO [RocksDB]                      Options.create_if_missing: 1
[33875] 01-07 06:20:22,523 INFO [RocksDB]                        Options.paranoid_checks: 1
[33875] 01-07 06:20:22,523 INFO [RocksDB]                                    Options.env: 0xbfa6c0
[33875] 01-07 06:20:22,523 INFO [RocksDB]                               Options.info_log: 0x7ff49ba3f8a0
[33875] 01-07 06:20:22,523 INFO [RocksDB]               Options.max_file_opening_threads: 16
[33875] 01-07 06:20:22,523 INFO [RocksDB]                             Options.statistics: (nil)
[33875] 01-07 06:20:22,523 INFO [RocksDB]                              Options.use_fsync: 0
[33875] 01-07 06:20:22,523 INFO [RocksDB]                      Options.max_log_file_size: 0
[33875] 01-07 06:20:22,523 INFO [RocksDB]                 Options.max_manifest_file_size: 18446744073709551615
[33875] 01-07 06:20:22,523 INFO [RocksDB]                  Options.log_file_time_to_roll: 0
[33875] 01-07 06:20:22,523 INFO [RocksDB]                      Options.keep_log_file_num: 1000
[33875] 01-07 06:20:22,523 INFO [RocksDB]                   Options.recycle_log_file_num: 0
[33875] 01-07 06:20:22,523 INFO [RocksDB]                        Options.allow_fallocate: 1
[33875] 01-07 06:20:22,523 INFO [RocksDB]                       Options.allow_mmap_reads: 0
[33875] 01-07 06:20:22,523 INFO [RocksDB]                      Options.allow_mmap_writes: 0
[33875] 01-07 06:20:22,523 INFO [RocksDB]                       Options.use_direct_reads: 0
[33875] 01-07 06:20:22,523 INFO [RocksDB]                       Options.use_direct_io_for_flush_and_compaction: 0
[33875] 01-07 06:20:22,523 INFO [RocksDB]         Options.create_missing_column_families: 0
[33875] 01-07 06:20:22,523 INFO [RocksDB]                             Options.db_log_dir: 
[33875] 01-07 06:20:22,523 INFO [RocksDB]                                Options.wal_dir: /home/ubuntu/ardb/data/rocksdb
[33875] 01-07 06:20:22,523 INFO [RocksDB]               Options.table_cache_numshardbits: 6
[33875] 01-07 06:20:22,523 INFO [RocksDB]                     Options.max_subcompactions: 1
[33875] 01-07 06:20:22,523 INFO [RocksDB]                 Options.max_background_flushes: -1
[33875] 01-07 06:20:22,523 INFO [RocksDB]                        Options.WAL_ttl_seconds: 0
[33875] 01-07 06:20:22,523 INFO [RocksDB]                      Options.WAL_size_limit_MB: 0
[33875] 01-07 06:20:22,523 INFO [RocksDB]            Options.manifest_preallocation_size: 4194304
[33875] 01-07 06:20:22,523 INFO [RocksDB]                    Options.is_fd_close_on_exec: 1
[33875] 01-07 06:20:22,523 INFO [RocksDB]                  Options.advise_random_on_open: 1
[33875] 01-07 06:20:22,523 INFO [RocksDB]                   Options.db_write_buffer_size: 0
[33875] 01-07 06:20:22,523 INFO [RocksDB]                   Options.write_buffer_manager: 0x7ff49c1fa7d0
[33875] 01-07 06:20:22,523 INFO [RocksDB]        Options.access_hint_on_compaction_start: 1
[33875] 01-07 06:20:22,523 INFO [RocksDB] Options.new_table_reader_for_compaction_inputs: 0
[33875] 01-07 06:20:22,523 INFO [RocksDB]          Options.random_access_max_buffer_size: 1048576
[33875] 01-07 06:20:22,523 INFO [RocksDB]                     Options.use_adaptive_mutex: 1
[33875] 01-07 06:20:22,523 INFO [RocksDB]                           Options.rate_limiter: 0x7ff49ba38540
[33875] 01-07 06:20:22,523 INFO [RocksDB]    Options.sst_file_manager.rate_bytes_per_sec: 0
[33875] 01-07 06:20:22,523 INFO [RocksDB]                      Options.wal_recovery_mode: 2
[33875] 01-07 06:20:22,523 INFO [RocksDB]                 Options.enable_thread_tracking: 0
[33875] 01-07 06:20:22,523 INFO [RocksDB]                 Options.enable_pipelined_write: 1
[33875] 01-07 06:20:22,523 INFO [RocksDB]        Options.allow_concurrent_memtable_write: 1
[33875] 01-07 06:20:22,523 INFO [RocksDB]     Options.enable_write_thread_adaptive_yield: 1
[33875] 01-07 06:20:22,523 INFO [RocksDB]            Options.write_thread_max_yield_usec: 100
[33875] 01-07 06:20:22,523 INFO [RocksDB]           Options.write_thread_slow_yield_usec: 3
[33875] 01-07 06:20:22,523 INFO [RocksDB]                              Options.row_cache: None
[33875] 01-07 06:20:22,523 INFO [RocksDB]                             Options.wal_filter: None
[33875] 01-07 06:20:22,523 INFO [RocksDB]            Options.avoid_flush_during_recovery: 0
[33875] 01-07 06:20:22,523 INFO [RocksDB]            Options.allow_ingest_behind: 0
[33875] 01-07 06:20:22,523 INFO [RocksDB]            Options.preserve_deletes: 0
[33875] 01-07 06:20:22,523 INFO [RocksDB]            Options.two_write_queues: 0
[33875] 01-07 06:20:22,523 INFO [RocksDB]            Options.manual_wal_flush: 0
[33875] 01-07 06:20:22,523 INFO [RocksDB]            Options.max_background_jobs: 16
[33875] 01-07 06:20:22,523 INFO [RocksDB]            Options.max_background_compactions: -1
[33875] 01-07 06:20:22,523 INFO [RocksDB]            Options.avoid_flush_during_shutdown: 0
[33875] 01-07 06:20:22,523 INFO [RocksDB]          Options.writable_file_max_buffer_size: 1048576
[33875] 01-07 06:20:22,523 INFO [RocksDB]            Options.delayed_write_rate : 52428800
[33875] 01-07 06:20:22,523 INFO [RocksDB]            Options.max_total_wal_size: 0
[33875] 01-07 06:20:22,523 INFO [RocksDB]            Options.delete_obsolete_files_period_micros: 21600000000
[33875] 01-07 06:20:22,523 INFO [RocksDB]                  Options.stats_dump_period_sec: 100000
[33875] 01-07 06:20:22,523 INFO [RocksDB]                         Options.max_open_files: 1024
[33875] 01-07 06:20:22,523 INFO [RocksDB]                         Options.bytes_per_sync: 1048576
[33875] 01-07 06:20:22,523 INFO [RocksDB]                     Options.wal_bytes_per_sync: 0
[33875] 01-07 06:20:22,523 INFO [RocksDB]      Options.compaction_readahead_size: 0
[33875] 01-07 06:20:22,523 INFO [RocksDB]Compression algorithms supported:
[33875] 01-07 06:20:22,523 INFO [RocksDB]	kZSTDNotFinalCompression supported: 0
[33875] 01-07 06:20:22,523 INFO [RocksDB]	kZSTD supported: 0
[33875] 01-07 06:20:22,523 INFO [RocksDB]	kXpressCompression supported: 0
[33875] 01-07 06:20:22,523 INFO [RocksDB]	kLZ4HCCompression supported: 0
[33875] 01-07 06:20:22,523 INFO [RocksDB]	kLZ4Compression supported: 0
[33875] 01-07 06:20:22,523 INFO [RocksDB]	kBZip2Compression supported: 0
[33875] 01-07 06:20:22,523 INFO [RocksDB]	kZlibCompression supported: 1
[33875] 01-07 06:20:22,523 INFO [RocksDB]	kSnappyCompression supported: 1
[33875] 01-07 06:20:22,523 INFO [RocksDB]Fast CRC32 supported: Supported on x86
[33875] 01-07 06:20:22,523 INFO [RocksDB][db/db_impl_open.cc:222] Creating manifest 1 

[33875] 01-07 06:20:22,531 INFO [RocksDB][db/version_set.cc:3085] Recovering from manifest file: MANIFEST-000001

[33875] 01-07 06:20:22,531 INFO [RocksDB][db/column_family.cc:475] --------------- Options for column family [default]:

[33875] 01-07 06:20:22,531 INFO [RocksDB]              Options.comparator: ardb.comparator
[33875] 01-07 06:20:22,531 INFO [RocksDB]          Options.merge_operator: ardb.merger
[33875] 01-07 06:20:22,531 INFO [RocksDB]       Options.compaction_filter: None
[33875] 01-07 06:20:22,531 INFO [RocksDB]       Options.compaction_filter_factory: ardb.compact_filter_factory
[33875] 01-07 06:20:22,531 INFO [RocksDB]        Options.memtable_factory: SkipListFactory
[33875] 01-07 06:20:22,531 INFO [RocksDB]           Options.table_factory: BlockBasedTable
[33875] 01-07 06:20:22,531 INFO [RocksDB]           table_factory options:   flush_block_policy_factory: FlushBlockBySizePolicyFactory (0x7ff49c008018)
  cache_index_and_filter_blocks: 0
  cache_index_and_filter_blocks_with_high_priority: 0
  pin_l0_filter_and_index_blocks_in_cache: 0
  index_type: 0
  hash_index_allow_collision: 1
  checksum: 1
  no_block_cache: 0
  block_cache: 0x7ff49c081cf0
  block_cache_name: LRUCache
  block_cache_options:
    capacity : 536870912
    num_shard_bits : 6
    strict_capacity_limit : 0
    high_pri_pool_ratio: 0.000
  block_cache_compressed: (nil)
  persistent_cache: (nil)
  block_size: 4096
  block_size_deviation: 10
  block_restart_interval: 16
  index_block_restart_interval: 1
  metadata_block_size: 4096
  partition_filters: 0
  use_delta_encoding: 1
  filter_policy: rocksdb.BuiltinBloomFilter
  whole_key_filtering: 1
  verify_compression: 0
  read_amp_bytes_per_bit: 0
  format_version: 2
  enable_index_compression: 1
  block_align: 0

[33875] 01-07 06:20:22,531 INFO [RocksDB]       Options.write_buffer_size: 268435456
[33875] 01-07 06:20:22,531 INFO [RocksDB] Options.max_write_buffer_number: 6
[33875] 01-07 06:20:22,531 INFO [RocksDB]       Options.compression[0]: NoCompression
[33875] 01-07 06:20:22,531 INFO [RocksDB]       Options.compression[1]: NoCompression
[33875] 01-07 06:20:22,531 INFO [RocksDB]       Options.compression[2]: Snappy
[33875] 01-07 06:20:22,531 INFO [RocksDB]       Options.compression[3]: Snappy
[33875] 01-07 06:20:22,531 INFO [RocksDB]       Options.compression[4]: Snappy
[33875] 01-07 06:20:22,531 INFO [RocksDB]       Options.compression[5]: Snappy
[33875] 01-07 06:20:22,531 INFO [RocksDB]       Options.compression[6]: Snappy
[33875] 01-07 06:20:22,531 INFO [RocksDB]                 Options.bottommost_compression: Disabled
[33875] 01-07 06:20:22,531 INFO [RocksDB]      Options.prefix_extractor: ardb.prefix_extractor
[33875] 01-07 06:20:22,531 INFO [RocksDB]  Options.memtable_insert_with_hint_prefix_extractor: nullptr
[33875] 01-07 06:20:22,531 INFO [RocksDB]            Options.num_levels: 7
[33875] 01-07 06:20:22,531 INFO [RocksDB]       Options.min_write_buffer_number_to_merge: 2
[33875] 01-07 06:20:22,531 INFO [RocksDB]    Options.max_write_buffer_number_to_maintain: 0
[33875] 01-07 06:20:22,531 INFO [RocksDB]           Options.compression_opts.window_bits: -14
[33875] 01-07 06:20:22,531 INFO [RocksDB]                 Options.compression_opts.level: -1
[33875] 01-07 06:20:22,531 INFO [RocksDB]              Options.compression_opts.strategy: 0
[33875] 01-07 06:20:22,531 INFO [RocksDB]        Options.compression_opts.max_dict_bytes: 0
[33875] 01-07 06:20:22,531 INFO [RocksDB]        Options.compression_opts.zstd_max_train_bytes: 0
[33875] 01-07 06:20:22,531 INFO [RocksDB]     Options.level0_file_num_compaction_trigger: 2
[33875] 01-07 06:20:22,531 INFO [RocksDB]         Options.level0_slowdown_writes_trigger: 20
[33875] 01-07 06:20:22,531 INFO [RocksDB]             Options.level0_stop_writes_trigger: 36
[33875] 01-07 06:20:22,531 INFO [RocksDB]                  Options.target_file_size_base: 67108864
[33875] 01-07 06:20:22,531 INFO [RocksDB]            Options.target_file_size_multiplier: 1
[33875] 01-07 06:20:22,531 INFO [RocksDB]               Options.max_bytes_for_level_base: 536870912
[33875] 01-07 06:20:22,531 INFO [RocksDB]Options.level_compaction_dynamic_level_bytes: 0
[33875] 01-07 06:20:22,531 INFO [RocksDB]         Options.max_bytes_for_level_multiplier: 10.000000
[33875] 01-07 06:20:22,531 INFO [RocksDB]Options.max_bytes_for_level_multiplier_addtl[0]: 1
[33875] 01-07 06:20:22,531 INFO [RocksDB]Options.max_bytes_for_level_multiplier_addtl[1]: 1
[33875] 01-07 06:20:22,531 INFO [RocksDB]Options.max_bytes_for_level_multiplier_addtl[2]: 1
[33875] 01-07 06:20:22,531 INFO [RocksDB]Options.max_bytes_for_level_multiplier_addtl[3]: 1
[33875] 01-07 06:20:22,531 INFO [RocksDB]Options.max_bytes_for_level_multiplier_addtl[4]: 1
[33875] 01-07 06:20:22,531 INFO [RocksDB]Options.max_bytes_for_level_multiplier_addtl[5]: 1
[33875] 01-07 06:20:22,531 INFO [RocksDB]Options.max_bytes_for_level_multiplier_addtl[6]: 1
[33875] 01-07 06:20:22,531 INFO [RocksDB]      Options.max_sequential_skip_in_iterations: 8
[33875] 01-07 06:20:22,531 INFO [RocksDB]                   Options.max_compaction_bytes: 1677721600
[33875] 01-07 06:20:22,531 INFO [RocksDB]                       Options.arena_block_size: 33554432
[33875] 01-07 06:20:22,531 INFO [RocksDB]  Options.soft_pending_compaction_bytes_limit: 68719476736
[33875] 01-07 06:20:22,531 INFO [RocksDB]  Options.hard_pending_compaction_bytes_limit: 274877906944
[33875] 01-07 06:20:22,531 INFO [RocksDB]      Options.rate_limit_delay_max_milliseconds: 100
[33875] 01-07 06:20:22,531 INFO [RocksDB]               Options.disable_auto_compactions: 0
[33875] 01-07 06:20:22,531 INFO [RocksDB]                       Options.compaction_style: kCompactionStyleLevel
[33875] 01-07 06:20:22,531 INFO [RocksDB]                         Options.compaction_pri: kByCompensatedSize
[33875] 01-07 06:20:22,531 INFO [RocksDB]Options.compaction_options_universal.size_ratio: 1
[33875] 01-07 06:20:22,531 INFO [RocksDB]Options.compaction_options_universal.min_merge_width: 2
[33875] 01-07 06:20:22,531 INFO [RocksDB]Options.compaction_options_universal.max_merge_width: 4294967295
[33875] 01-07 06:20:22,531 INFO [RocksDB]Options.compaction_options_universal.max_size_amplification_percent: 200
[33875] 01-07 06:20:22,531 INFO [RocksDB]Options.compaction_options_universal.compression_size_percent: -1
[33875] 01-07 06:20:22,531 INFO [RocksDB]Options.compaction_options_universal.stop_style: kCompactionStopStyleTotalSize
[33875] 01-07 06:20:22,531 INFO [RocksDB]Options.compaction_options_fifo.max_table_files_size: 1073741824
[33875] 01-07 06:20:22,531 INFO [RocksDB]Options.compaction_options_fifo.allow_compaction: 0
[33875] 01-07 06:20:22,531 INFO [RocksDB]Options.compaction_options_fifo.ttl: 0
[33875] 01-07 06:20:22,531 INFO [RocksDB]                  Options.table_properties_collectors: 
[33875] 01-07 06:20:22,531 INFO [RocksDB]                  Options.inplace_update_support: 0
[33875] 01-07 06:20:22,531 INFO [RocksDB]                Options.inplace_update_num_locks: 10000
[33875] 01-07 06:20:22,531 INFO [RocksDB]              Options.memtable_prefix_bloom_size_ratio: 0.000000
[33875] 01-07 06:20:22,531 INFO [RocksDB]  Options.memtable_huge_page_size: 0
[33875] 01-07 06:20:22,531 INFO [RocksDB]                          Options.bloom_locality: 0
[33875] 01-07 06:20:22,531 INFO [RocksDB]                   Options.max_successive_merges: 0
[33875] 01-07 06:20:22,531 INFO [RocksDB]               Options.optimize_filters_for_hits: 0
[33875] 01-07 06:20:22,531 INFO [RocksDB]               Options.paranoid_file_checks: 0
[33875] 01-07 06:20:22,531 INFO [RocksDB]               Options.force_consistency_checks: 0
[33875] 01-07 06:20:22,531 INFO [RocksDB]               Options.report_bg_io_stats: 0
[33875] 01-07 06:20:22,531 INFO [RocksDB]                              Options.ttl: 0
[33875] 01-07 06:20:22,532 INFO [RocksDB][db/version_set.cc:3361] Recovered from manifest file:/home/ubuntu/ardb/data/rocksdb/MANIFEST-000001 succeeded,manifest_file_number is 1, next_file_number is 3, last_sequence is 0, log_number is 0,prev_log_number is 0,max_column_family is 0,min_log_number_to_keep is 0

[33875] 01-07 06:20:22,532 INFO [RocksDB][db/version_set.cc:3369] Column family [default] (ID 0), log number is 0

[33875] 01-07 06:20:22,536 INFO [RocksDB][db/db_impl_open.cc:1219] DB pointer 0x7ff49b9be000
[33875] 01-07 06:20:22,536 INFO Ardb init engine:rocksdb success.
[33875] 01-07 06:20:22,538 INFO Ardb will accept connections on 0.0.0.0:16379
[33875] 01-07 06:20:22,539 INFO Ardb started with version 0.10.0
[33875] 01-07 06:20:23,539 INFO ========================Period Statistics Dump Begin===========================
[33875] 01-07 06:20:23,540 INFO slave_sync_total_commands_processed:0
[33875] 01-07 06:20:23,540 INFO slave_sync_instantaneous_ops_per_sec:0
[33875] 01-07 06:20:23,540 INFO total_commands_processed:0
[33875] 01-07 06:20:23,540 INFO instantaneous_ops_per_sec:0
[33875] 01-07 06:20:23,540 INFO total_connections_received:0
[33875] 01-07 06:20:23,540 INFO rejected_connections:0
[33875] 01-07 06:20:23,540 INFO ========================Period Statistics Dump End===========================
[33875] 01-07 06:20:35,152 INFO [RocksDB][db/version_set.cc:2847] Creating manifest 6

[33875] 01-07 06:20:35,158 INFO [RocksDB][db/column_family.cc:475] --------------- Options for column family [0]:

[33875] 01-07 06:20:35,158 INFO [RocksDB]              Options.comparator: ardb.comparator
[33875] 01-07 06:20:35,158 INFO [RocksDB]          Options.merge_operator: ardb.merger
[33875] 01-07 06:20:35,158 INFO [RocksDB]       Options.compaction_filter: None
[33875] 01-07 06:20:35,158 INFO [RocksDB]       Options.compaction_filter_factory: ardb.compact_filter_factory
[33875] 01-07 06:20:35,158 INFO [RocksDB]        Options.memtable_factory: SkipListFactory
[33875] 01-07 06:20:35,158 INFO [RocksDB]           Options.table_factory: BlockBasedTable
[33875] 01-07 06:20:35,158 INFO [RocksDB]           table_factory options:   flush_block_policy_factory: FlushBlockBySizePolicyFactory (0x7ff49c008018)
  cache_index_and_filter_blocks: 0
  cache_index_and_filter_blocks_with_high_priority: 0
  pin_l0_filter_and_index_blocks_in_cache: 0
  index_type: 0
  hash_index_allow_collision: 1
  checksum: 1
  no_block_cache: 0
  block_cache: 0x7ff49c081cf0
  block_cache_name: LRUCache
  block_cache_options:
    capacity : 536870912
    num_shard_bits : 6
    strict_capacity_limit : 0
    high_pri_pool_ratio: 0.000
  block_cache_compressed: (nil)
  persistent_cache: (nil)
  block_size: 4096
  block_size_deviation: 10
  block_restart_interval: 16
  index_block_restart_interval: 1
  metadata_block_size: 4096
  partition_filters: 0
  use_delta_encoding: 1
  filter_policy: rocksdb.BuiltinBloomFilter
  whole_key_filtering: 1
  verify_compression: 0
  read_amp_bytes_per_bit: 0
  format_version: 2
  enable_index_compression: 1
  block_align: 0

[33875] 01-07 06:20:35,158 INFO [RocksDB]       Options.write_buffer_size: 268435456
[33875] 01-07 06:20:35,158 INFO [RocksDB] Options.max_write_buffer_number: 6
[33875] 01-07 06:20:35,158 INFO [RocksDB]       Options.compression[0]: NoCompression
[33875] 01-07 06:20:35,158 INFO [RocksDB]       Options.compression[1]: NoCompression
[33875] 01-07 06:20:35,158 INFO [RocksDB]       Options.compression[2]: Snappy
[33875] 01-07 06:20:35,158 INFO [RocksDB]       Options.compression[3]: Snappy
[33875] 01-07 06:20:35,158 INFO [RocksDB]       Options.compression[4]: Snappy
[33875] 01-07 06:20:35,158 INFO [RocksDB]       Options.compression[5]: Snappy
[33875] 01-07 06:20:35,158 INFO [RocksDB]       Options.compression[6]: Snappy
[33875] 01-07 06:20:35,158 INFO [RocksDB]                 Options.bottommost_compression: Disabled
[33875] 01-07 06:20:35,158 INFO [RocksDB]      Options.prefix_extractor: ardb.prefix_extractor
[33875] 01-07 06:20:35,158 INFO [RocksDB]  Options.memtable_insert_with_hint_prefix_extractor: nullptr
[33875] 01-07 06:20:35,158 INFO [RocksDB]            Options.num_levels: 7
[33875] 01-07 06:20:35,158 INFO [RocksDB]       Options.min_write_buffer_number_to_merge: 2
[33875] 01-07 06:20:35,158 INFO [RocksDB]    Options.max_write_buffer_number_to_maintain: 0
[33875] 01-07 06:20:35,158 INFO [RocksDB]           Options.compression_opts.window_bits: -14
[33875] 01-07 06:20:35,158 INFO [RocksDB]                 Options.compression_opts.level: -1
[33875] 01-07 06:20:35,158 INFO [RocksDB]              Options.compression_opts.strategy: 0
[33875] 01-07 06:20:35,158 INFO [RocksDB]        Options.compression_opts.max_dict_bytes: 0
[33875] 01-07 06:20:35,158 INFO [RocksDB]        Options.compression_opts.zstd_max_train_bytes: 0
[33875] 01-07 06:20:35,158 INFO [RocksDB]     Options.level0_file_num_compaction_trigger: 2
[33875] 01-07 06:20:35,158 INFO [RocksDB]         Options.level0_slowdown_writes_trigger: 20
[33875] 01-07 06:20:35,158 INFO [RocksDB]             Options.level0_stop_writes_trigger: 36
[33875] 01-07 06:20:35,158 INFO [RocksDB]                  Options.target_file_size_base: 67108864
[33875] 01-07 06:20:35,158 INFO [RocksDB]            Options.target_file_size_multiplier: 1
[33875] 01-07 06:20:35,158 INFO [RocksDB]               Options.max_bytes_for_level_base: 536870912
[33875] 01-07 06:20:35,158 INFO [RocksDB]Options.level_compaction_dynamic_level_bytes: 0
[33875] 01-07 06:20:35,158 INFO [RocksDB]         Options.max_bytes_for_level_multiplier: 10.000000
[33875] 01-07 06:20:35,158 INFO [RocksDB]Options.max_bytes_for_level_multiplier_addtl[0]: 1
[33875] 01-07 06:20:35,158 INFO [RocksDB]Options.max_bytes_for_level_multiplier_addtl[1]: 1
[33875] 01-07 06:20:35,158 INFO [RocksDB]Options.max_bytes_for_level_multiplier_addtl[2]: 1
[33875] 01-07 06:20:35,158 INFO [RocksDB]Options.max_bytes_for_level_multiplier_addtl[3]: 1
[33875] 01-07 06:20:35,158 INFO [RocksDB]Options.max_bytes_for_level_multiplier_addtl[4]: 1
[33875] 01-07 06:20:35,158 INFO [RocksDB]Options.max_bytes_for_level_multiplier_addtl[5]: 1
[33875] 01-07 06:20:35,158 INFO [RocksDB]Options.max_bytes_for_level_multiplier_addtl[6]: 1
[33875] 01-07 06:20:35,158 INFO [RocksDB]      Options.max_sequential_skip_in_iterations: 8
[33875] 01-07 06:20:35,158 INFO [RocksDB]                   Options.max_compaction_bytes: 1677721600
[33875] 01-07 06:20:35,158 INFO [RocksDB]                       Options.arena_block_size: 33554432
[33875] 01-07 06:20:35,158 INFO [RocksDB]  Options.soft_pending_compaction_bytes_limit: 68719476736
[33875] 01-07 06:20:35,158 INFO [RocksDB]  Options.hard_pending_compaction_bytes_limit: 274877906944
[33875] 01-07 06:20:35,158 INFO [RocksDB]      Options.rate_limit_delay_max_milliseconds: 100
[33875] 01-07 06:20:35,158 INFO [RocksDB]               Options.disable_auto_compactions: 0
[33875] 01-07 06:20:35,158 INFO [RocksDB]                       Options.compaction_style: kCompactionStyleLevel
[33875] 01-07 06:20:35,158 INFO [RocksDB]                         Options.compaction_pri: kByCompensatedSize
[33875] 01-07 06:20:35,158 INFO [RocksDB]Options.compaction_options_universal.size_ratio: 1
[33875] 01-07 06:20:35,158 INFO [RocksDB]Options.compaction_options_universal.min_merge_width: 2
[33875] 01-07 06:20:35,158 INFO [RocksDB]Options.compaction_options_universal.max_merge_width: 4294967295
[33875] 01-07 06:20:35,158 INFO [RocksDB]Options.compaction_options_universal.max_size_amplification_percent: 200
[33875] 01-07 06:20:35,158 INFO [RocksDB]Options.compaction_options_universal.compression_size_percent: -1
[33875] 01-07 06:20:35,158 INFO [RocksDB]Options.compaction_options_universal.stop_style: kCompactionStopStyleTotalSize
[33875] 01-07 06:20:35,158 INFO [RocksDB]Options.compaction_options_fifo.max_table_files_size: 1073741824
[33875] 01-07 06:20:35,158 INFO [RocksDB]Options.compaction_options_fifo.allow_compaction: 0
[33875] 01-07 06:20:35,158 INFO [RocksDB]Options.compaction_options_fifo.ttl: 0
[33875] 01-07 06:20:35,158 INFO [RocksDB]                  Options.table_properties_collectors: 
[33875] 01-07 06:20:35,158 INFO [RocksDB]                  Options.inplace_update_support: 0
[33875] 01-07 06:20:35,158 INFO [RocksDB]                Options.inplace_update_num_locks: 10000
[33875] 01-07 06:20:35,158 INFO [RocksDB]              Options.memtable_prefix_bloom_size_ratio: 0.000000
[33875] 01-07 06:20:35,158 INFO [RocksDB]  Options.memtable_huge_page_size: 0
[33875] 01-07 06:20:35,158 INFO [RocksDB]                          Options.bloom_locality: 0
[33875] 01-07 06:20:35,158 INFO [RocksDB]                   Options.max_successive_merges: 0
[33875] 01-07 06:20:35,158 INFO [RocksDB]               Options.optimize_filters_for_hits: 0
[33875] 01-07 06:20:35,158 INFO [RocksDB]               Options.paranoid_file_checks: 0
[33875] 01-07 06:20:35,158 INFO [RocksDB]               Options.force_consistency_checks: 0
[33875] 01-07 06:20:35,158 INFO [RocksDB]               Options.report_bg_io_stats: 0
[33875] 01-07 06:20:35,158 INFO [RocksDB]                              Options.ttl: 0
[33875] 01-07 06:20:35,158 INFO [RocksDB][db/db_impl.cc:1396] Created column family [0] (ID 1)
[33875] 01-07 06:20:35,161 INFO Create ColumnFamilyHandle with name:0 success.
[33875] 01-07 06:20:43,946 INFO [RocksDB][db/db_impl_write.cc:1373] [0] New memtable created with log file: #9. Immutable memtables: 0.

[33875] 01-07 06:20:52,944 INFO [RocksDB][db/db_impl_write.cc:1373] [0] New memtable created with log file: #10. Immutable memtables: 1.

[33875] 01-07 06:20:52,948 INFO [RocksDB][db/db_impl_compaction_flush.cc:80] [JOB 2] Syncing log #3
[33875] 01-07 06:20:56,113 INFO [RocksDB][db/db_impl_compaction_flush.cc:80] [JOB 2] Syncing log #9
[33875] 01-07 06:20:57,699 INFO [RocksDB](Original Log Time 2020/01/07-06:20:52.948821) [db/db_impl_compaction_flush.cc:1424] Calling FlushMemTableToOutputFile with column family [0], flush slots available 4, compaction slots available 1, flush slots scheduled 1, compaction slots scheduled 0
[33875] 01-07 06:20:57,699 INFO [RocksDB][db/flush_job.cc:301] [0] [JOB 2] Flushing memtable with next log file: 9

[33875] 01-07 06:20:57,699 INFO [RocksDB][db/flush_job.cc:301] [0] [JOB 2] Flushing memtable with next log file: 10

[33875] 01-07 06:20:57,699 INFO [RocksDB]EVENT_LOG_v1 {"time_micros": 1578378057699872, "job": 2, "event": "flush_started", "num_memtables": 2, "num_entries": 3488216, "num_deletes": 0, "memory_usage": 520100688, "flush_reason": "Write Buffer Full"}
[33875] 01-07 06:20:57,699 INFO [RocksDB][db/flush_job.cc:331] [0] [JOB 2] Level-0 flush table #11: started
[33875] 01-07 06:21:02,933 INFO [RocksDB][db/db_impl_write.cc:1373] [0] New memtable created with log file: #12. Immutable memtables: 2.

[33875] 01-07 06:21:04,285 INFO [RocksDB]EVENT_LOG_v1 {"time_micros": 1578378064285581, "cf_name": "0", "job": 2, "event": "table_file_creation", "file_number": 11, "file_size": 339175629, "table_properties": {"data_size": 329539981, "index_size": 4423654, "filter_size": 5210952, "raw_key_size": 137271182, "raw_average_key_size": 42, "raw_value_size": 263985036, "raw_average_value_size": 81, "num_data_blocks": 82108, "num_entries": 3239065, "filter_policy_name": "rocksdb.BuiltinBloomFilter", "kDeletedKeys": "0", "kMergeOperands": "0"}}
[33875] 01-07 06:21:04,285 INFO [RocksDB][db/flush_job.cc:371] [0] [JOB 2] Level-0 flush table #11: 339175629 bytes OK
[33875] 01-07 06:21:04,288 INFO [RocksDB](Original Log Time 2020/01/07-06:21:04.286931) [db/memtable_list.cc:377] [0] Level-0 commit table #11 started
[33875] 01-07 06:21:04,288 INFO [RocksDB](Original Log Time 2020/01/07-06:21:04.288573) [db/memtable_list.cc:409] [0] Level-0 commit table #11: memtable #1 done
[33875] 01-07 06:21:04,288 INFO [RocksDB](Original Log Time 2020/01/07-06:21:04.288578) [db/memtable_list.cc:409] [0] Level-0 commit table #11: memtable #2 done
[33875] 01-07 06:21:04,288 INFO [RocksDB](Original Log Time 2020/01/07-06:21:04.288589) EVENT_LOG_v1 {"time_micros": 1578378064288584, "job": 2, "event": "flush_finished", "output_compression": "NoCompression", "lsm_state": [1, 0, 0, 0, 0, 0, 0], "immutable_memtables": 1}
[33875] 01-07 06:21:04,288 INFO [RocksDB](Original Log Time 2020/01/07-06:21:04.288604) [db/db_impl_compaction_flush.cc:177] [0] Level summary: base level 1 max bytes base 536870912 files[1 0 0 0 0 0 0] max score 0.63

[33875] 01-07 06:21:04,288 INFO [RocksDB][db/db_impl_files.cc:342] [JOB 2] Try to delete WAL files size 411889261, prev total WAL file size 647486681, number of live WAL files 4.

[33875] 01-07 06:21:12,170 INFO [RocksDB][db/db_impl_write.cc:1373] [0] New memtable created with log file: #13. Immutable memtables: 1.

[33875] 01-07 06:21:12,170 INFO [RocksDB][db/db_impl_compaction_flush.cc:80] [JOB 3] Syncing log #10
[33875] 01-07 06:21:12,739 INFO [RocksDB][db/db_impl_compaction_flush.cc:80] [JOB 3] Syncing log #12
[33875] 01-07 06:21:14,847 INFO [RocksDB](Original Log Time 2020/01/07-06:21:12.170238) [db/db_impl_compaction_flush.cc:1424] Calling FlushMemTableToOutputFile with column family [0], flush slots available 4, compaction slots available 1, flush slots scheduled 1, compaction slots scheduled 0
[33875] 01-07 06:21:14,847 INFO [RocksDB][db/flush_job.cc:301] [0] [JOB 3] Flushing memtable with next log file: 12

[33875] 01-07 06:21:14,847 INFO [RocksDB][db/flush_job.cc:301] [0] [JOB 3] Flushing memtable with next log file: 13

[33875] 01-07 06:21:14,847 INFO [RocksDB]EVENT_LOG_v1 {"time_micros": 1578378074847545, "job": 3, "event": "flush_started", "num_memtables": 2, "num_entries": 3408263, "num_deletes": 0, "memory_usage": 520100200, "flush_reason": "Write Buffer Full"}
[33875] 01-07 06:21:14,847 INFO [RocksDB][db/flush_job.cc:331] [0] [JOB 3] Level-0 flush table #14: started
[33875] 01-07 06:21:21,199 INFO [RocksDB]EVENT_LOG_v1 {"time_micros": 1578378081199421, "cf_name": "0", "job": 3, "event": "table_file_creation", "file_number": 14, "file_size": 331322776, "table_properties": {"data_size": 321909963, "index_size": 4320520, "filter_size": 5091251, "raw_key_size": 134122656, "raw_average_key_size": 42, "raw_value_size": 257933145, "raw_average_value_size": 81, "num_data_blocks": 80208, "num_entries": 3164819, "filter_policy_name": "rocksdb.BuiltinBloomFilter", "kDeletedKeys": "0", "kMergeOperands": "0"}}
[33875] 01-07 06:21:21,199 INFO [RocksDB][db/flush_job.cc:371] [0] [JOB 3] Level-0 flush table #14: 331322776 bytes OK
[33875] 01-07 06:21:21,203 INFO [RocksDB](Original Log Time 2020/01/07-06:21:21.201193) [db/memtable_list.cc:377] [0] Level-0 commit table #14 started
[33875] 01-07 06:21:21,203 INFO [RocksDB](Original Log Time 2020/01/07-06:21:21.203542) [db/memtable_list.cc:409] [0] Level-0 commit table #14: memtable #1 done
[33875] 01-07 06:21:21,203 INFO [RocksDB](Original Log Time 2020/01/07-06:21:21.203543) [db/memtable_list.cc:409] [0] Level-0 commit table #14: memtable #2 done
[33875] 01-07 06:21:21,203 INFO [RocksDB](Original Log Time 2020/01/07-06:21:21.203553) EVENT_LOG_v1 {"time_micros": 1578378081203548, "job": 3, "event": "flush_finished", "output_compression": "NoCompression", "lsm_state": [2, 0, 0, 0, 0, 0, 0], "immutable_memtables": 0}
[33875] 01-07 06:21:21,203 INFO [RocksDB](Original Log Time 2020/01/07-06:21:21.203576) [db/db_impl_compaction_flush.cc:177] [0] Level summary: base level 1 max bytes base 536870912 files[2 0 0 0 0 0 0] max score 1.25

[33875] 01-07 06:21:21,203 INFO [RocksDB][db/db_impl_files.cc:342] [JOB 3] Try to delete WAL files size 402522193, prev total WAL file size 577996065, number of live WAL files 3.

[33875] 01-07 06:21:21,203 WARN [RocksDB][db/db_impl.cc:491] ------- DUMPING STATS -------
[33875] 01-07 06:21:21,203 WARN [RocksDB][db/db_impl.cc:492] 
** DB Stats **
Uptime(secs): 58.7 total, 58.7 interval
Cumulative writes: 1197K writes, 8382K keys, 1196K commit groups, 1.0 writes per commit group, ingest: 0.92 GB, 16.09 MB/s
Cumulative WAL: 1197K writes, 0 syncs, 1197460.00 writes per sync, written: 0.92 GB, 16.09 MB/s
Cumulative stall: 00:00:0.000 H:M:S, 0.0 percent
Interval writes: 1197K writes, 8382K keys, 1196K commit groups, 1.0 writes per commit group, ingest: 944.03 MB, 16.09 MB/s
Interval WAL: 1197K writes, 0 syncs, 1197460.00 writes per sync, written: 0.92 MB, 16.09 MB/s
Interval stall: 00:00:0.000 H:M:S, 0.0 percent

** Compaction Stats [default] **
Level    Files   Size     Score Read(GB)  Rn(GB) Rnp1(GB) Write(GB) Wnew(GB) Moved(GB) W-Amp Rd(MB/s) Wr(MB/s) Comp(sec) Comp(cnt) Avg(sec) KeyIn KeyDrop
----------------------------------------------------------------------------------------------------------------------------------------------------------
 Sum      0/0    0.00 KB   0.0      0.0     0.0      0.0       0.0     
[33875] 01-07 06:21:21,203 INFO [RocksDB][db/compaction_job.cc:1531] [0] [JOB 4] Compacting 2@0 files to L1, score 1.25
[33875] 01-07 06:21:21,203 INFO [RocksDB][db/compaction_job.cc:1535] [0] Compaction start summary: Base version 4 Base level 0, inputs: [14(315MB) 11(323MB)]

[33875] 01-07 06:21:21,203 INFO [RocksDB]EVENT_LOG_v1 {"time_micros": 1578378081203941, "job": 4, "event": "compaction_started", "compaction_reason": "LevelL0FilesNum", "files_L0": [14, 11], "score": 1.2489, "input_data_size": 670498405}
[33875] 01-07 06:21:21,754 INFO [RocksDB][db/db_impl_write.cc:1373] [0] New memtable created with log file: #16. Immutable memtables: 0.

[33875] 01-07 06:21:22,659 INFO [RocksDB][db/compaction_job.cc:1211] [0] [JOB 4] Generated table #15: 1202782 keys, 69791585 bytes
[33875] 01-07 06:21:22,659 INFO [RocksDB]EVENT_LOG_v1 {"time_micros": 1578378082659037, "cf_name": "0", "job": 4, "event": "table_file_creation", "file_number": 15, "file_size": 69791585, "table_properties": {"data_size": 67109256, "index_size": 978430, "filter_size": 1702868, "raw_key_size": 57357512, "raw_average_key_size": 47, "raw_value_size": 27813494, "raw_average_value_size": 23, "num_data_blocks": 16597, "num_entries": 1202782, "filter_policy_name": "rocksdb.BuiltinBloomFilter", "kDeletedKeys": "0", "kMergeOperands": "0"}}
[33875] 01-07 06:21:23,956 INFO [RocksDB][db/compaction_job.cc:1211] [0] [JOB 4] Generated table #17: 597532 keys, 68989754 bytes
[33875] 01-07 06:21:23,956 INFO [RocksDB]EVENT_LOG_v1 {"time_micros": 1578378083956840, "cf_name": "0", "job": 4, "event": "table_file_creation", "file_number": 17, "file_size": 68989754, "table_properties": {"data_size": 67112148, "index_size": 888657, "filter_size": 987918, "raw_key_size": 24596436, "raw_average_key_size": 41, "raw_value_size": 56765549, "raw_average_value_size": 95, "num_data_blocks": 16740, "num_entries": 597532, "filter_policy_name": "rocksdb.BuiltinBloomFilter", "kDeletedKeys": "0", "kMergeOperands": "0"}}
[33875] 01-07 06:21:25,280 INFO [RocksDB][db/compaction_job.cc:1211] [0] [JOB 4] Generated table #18: 597492 keys, 68987476 bytes
[33875] 01-07 06:21:25,280 INFO [RocksDB]EVENT_LOG_v1 {"time_micros": 1578378085280408, "cf_name": "0", "job": 4, "event": "table_file_creation", "file_number": 18, "file_size": 68987476, "table_properties": {"data_size": 67109562, "index_size": 889024, "filter_size": 987859, "raw_key_size": 24594307, "raw_average_key_size": 41, "raw_value_size": 56761686, "raw_average_value_size": 94, "num_data_blocks": 16739, "num_entries": 597492, "filter_policy_name": "rocksdb.BuiltinBloomFilter", "kDeletedKeys": "0", "kMergeOperands": "0"}}
[33875] 01-07 06:21:26,568 INFO [RocksDB][db/compaction_job.cc:1211] [0] [JOB 4] Generated table #19: 597522 keys, 68990178 bytes
[33875] 01-07 06:21:26,568 INFO [RocksDB]EVENT_LOG_v1 {"time_micros": 1578378086568714, "cf_name": "0", "job": 4, "event": "table_file_creation", "file_number": 19, "file_size": 68990178, "table_properties": {"data_size": 67112606, "index_size": 888644, "filter_size": 987897, "raw_key_size": 24594110, "raw_average_key_size": 41, "raw_value_size": 56764608, "raw_average_value_size": 95, "num_data_blocks": 16739, "num_entries": 597522, "filter_policy_name": "rocksdb.BuiltinBloomFilter", "kDeletedKeys": "0", "kMergeOperands": "0"}}
[33875] 01-07 06:21:27,877 INFO [RocksDB][db/compaction_job.cc:1211] [0] [JOB 4] Generated table #20: 597532 keys, 68989059 bytes
[33875] 01-07 06:21:27,877 INFO [RocksDB]EVENT_LOG_v1 {"time_micros": 1578378087877529, "cf_name": "0", "job": 4, "event": "table_file_creation", "file_number": 20, "file_size": 68989059, "table_properties": {"data_size": 67111850, "index_size": 888269, "filter_size": 987909, "raw_key_size": 24594379, "raw_average_key_size": 41, "raw_value_size": 56765549, "raw_average_value_size": 95, "num_data_blocks": 16739, "num_entries": 597532, "filter_policy_name": "rocksdb.BuiltinBloomFilter", "kDeletedKeys": "0", "kMergeOperands": "0"}}
[33875] 01-07 06:21:29,280 INFO [RocksDB][db/compaction_job.cc:1211] [0] [JOB 4] Generated table #21: 597511 keys, 68989792 bytes
[33875] 01-07 06:21:29,280 INFO [RocksDB]EVENT_LOG_v1 {"time_micros": 1578378089280571, "cf_name": "0", "job": 4, "event": "table_file_creation", "file_number": 21, "file_size": 68989792, "table_properties": {"data_size": 67111829, "index_size": 889039, "filter_size": 987893, "raw_key_size": 24594316, "raw_average_key_size": 41, "raw_value_size": 56763563, "raw_average_value_size": 95, "num_data_blocks": 16740, "num_entries": 597511, "filter_policy_name": "rocksdb.BuiltinBloomFilter", "kDeletedKeys": "0", "kMergeOperands": "0"}}
[33875] 01-07 06:21:30,620 INFO [RocksDB][db/compaction_job.cc:1211] [0] [JOB 4] Generated table #22: 597529 keys, 68990838 bytes
[33875] 01-07 06:21:30,620 INFO [RocksDB]EVENT_LOG_v1 {"time_micros": 1578378090620973, "cf_name": "0", "job": 4, "event": "table_file_creation", "file_number": 22, "file_size": 68990838, "table_properties": {"data_size": 67112898, "index_size": 888985, "filter_size": 987924, "raw_key_size": 24596772, "raw_average_key_size": 41, "raw_value_size": 56765237, "raw_average_value_size": 94, "num_data_blocks": 16741, "num_entries": 597529, "filter_policy_name": "rocksdb.BuiltinBloomFilter", "kDeletedKeys": "0", "kMergeOperands": "0"}}
[33875] 01-07 06:21:31,376 INFO [RocksDB][db/db_impl_write.cc:1373] [0] New memtable created with log file: #24. Immutable memtables: 1.

[33875] 01-07 06:21:31,376 INFO [RocksDB][db/db_impl_compaction_flush.cc:80] [JOB 5] Syncing log #13
[33875] 01-07 06:21:32,015 INFO [RocksDB][db/db_impl_compaction_flush.cc:80] [JOB 5] Syncing log #16
[33875] 01-07 06:21:32,016 INFO [RocksDB][db/compaction_job.cc:1211] [0] [JOB 4] Generated table #23: 597561 keys, 68988492 bytes
[33875] 01-07 06:21:32,016 INFO [RocksDB]EVENT_LOG_v1 {"time_micros": 1578378092016112, "cf_name": "0", "job": 4, "event": "table_file_creation", "file_number": 23, "file_size": 68988492, "table_properties": {"data_size": 67111560, "index_size": 887948, "filter_size": 987953, "raw_key_size": 24597102, "raw_average_key_size": 41, "raw_value_size": 56768268, "raw_average_value_size": 94, "num_data_blocks": 16740, "num_entries": 597561, "filter_policy_name": "rocksdb.BuiltinBloomFilter", "kDeletedKeys": "0", "kMergeOperands": "0"}}
[33875] 01-07 06:21:34,037 INFO [RocksDB][db/compaction_job.cc:1211] [0] [JOB 4] Generated table #26: 597518 keys, 68986816 bytes
[33875] 01-07 06:21:34,037 INFO [RocksDB]EVENT_LOG_v1 {"time_micros": 1578378094037386, "cf_name": "0", "job": 4, "event": "table_file_creation", "file_number": 26, "file_size": 68986816, "table_properties": {"data_size": 67109516, "index_size": 888382, "filter_size": 987887, "raw_key_size": 24594401, "raw_average_key_size": 41, "raw_value_size": 56764291, "raw_average_value_size": 95, "num_data_blocks": 16739, "num_entries": 597518, "filter_policy_name": "rocksdb.BuiltinBloomFilter", "kDeletedKeys": "0", "kMergeOperands": "0"}}
[33875] 01-07 06:21:34,037 INFO [RocksDB](Original Log Time 2020/01/07-06:21:31.376624) [db/db_impl_compaction_flush.cc:1424] Calling FlushMemTableToOutputFile with column family [0], flush slots available 4, compaction slots available 1, flush slots scheduled 1, compaction slots scheduled 1
[33875] 01-07 06:21:34,037 INFO [RocksDB][db/flush_job.cc:301] [0] [JOB 5] Flushing memtable with next log file: 16

[33875] 01-07 06:21:34,037 INFO [RocksDB][db/flush_job.cc:301] [0] [JOB 5] Flushing memtable with next log file: 24

[33875] 01-07 06:21:34,037 INFO [RocksDB]EVENT_LOG_v1 {"time_micros": 1578378094037839, "job": 5, "event": "flush_started", "num_memtables": 2, "num_entries": 3284703, "num_deletes": 0, "memory_usage": 520099296, "flush_reason": "Write Buffer Full"}
[33875] 01-07 06:21:34,037 INFO [RocksDB][db/flush_job.cc:331] [0] [JOB 5] Level-0 flush table #25: started
[33875] 01-07 06:21:35,482 INFO [RocksDB][db/compaction_job.cc:1211] [0] [JOB 4] Generated table #27: 420904 keys, 48589028 bytes
[33875] 01-07 06:21:35,482 INFO [RocksDB]EVENT_LOG_v1 {"time_micros": 1578378095482359, "cf_name": "0", "job": 4, "event": "table_file_creation", "file_number": 27, "file_size": 48589028, "table_properties": {"data_size": 47267976, "index_size": 624166, "filter_size": 695856, "raw_key_size": 17274484, "raw_average_key_size": 41, "raw_value_size": 39985880, "raw_average_value_size": 95, "num_data_blocks": 11789, "num_entries": 420904, "filter_policy_name": "rocksdb.BuiltinBloomFilter", "kDeletedKeys": "0", "kMergeOperands": "0"}}
[33875] 01-07 06:21:35,483 INFO [RocksDB][db/compaction_job.cc:1287] [0] [JOB 4] Compacted 2@0 files to L1 => 670293018 bytes
[33875] 01-07 06:21:35,485 INFO [RocksDB](Original Log Time 2020/01/07-06:21:35.485552) [db/compaction_job.cc:685] [0] compacted to: base level 1 max bytes base 536870912 files[0 10 0 0 0 0 0] max score 1.25, MB/sec: 47.0 rd, 46.9 wr, level 1, files in(2, 0) out(10) MB in(639.4, 0.0) out(639.2), read-write-amplify(2.0) write-amplify(1.0) OK, records in: 6403884, records dropped: 1 output_compression: NoCompression

[33875] 01-07 06:21:35,485 INFO [RocksDB](Original Log Time 2020/01/07-06:21:35.485577) EVENT_LOG_v1 {"time_micros": 1578378095485560, "job": 4, "event": "compaction_finished", "compaction_time_micros": 14279709, "output_level": 1, "num_output_files": 10, "total_output_size": 670293018, "num_input_records": 6403884, "num_output_records": 6403883, "num_subcompactions": 1, "output_compression": "NoCompression", "num_single_delete_mismatches": 0, "num_single_delete_fallthrough": 0, "lsm_state": [0, 10, 0, 0, 0, 0, 0]}
[33875] 01-07 06:21:35,486 INFO [RocksDB][db/compaction_job.cc:1531] [0] [JOB 6] Compacting 1@1 files to L2, score 1.25
[33875] 01-07 06:21:35,486 INFO [RocksDB][db/compaction_job.cc:1535] [0] Compaction start summary: Base version 5 Base level 1, inputs: [15(66MB)]

[33875] 01-07 06:21:35,486 INFO [RocksDB]EVENT_LOG_v1 {"time_micros": 1578378095486327, "job": 6, "event": "compaction_started", "compaction_reason": "LevelMaxLevelSize", "files_L1": [15], "score": 1.24852, "input_data_size": 69791585}
[33875] 01-07 06:21:39,391 INFO [RocksDB][db/compaction_job.cc:1211] [0] [JOB 6] Generated table #28: 1202782 keys, 54159761 bytes
[33875] 01-07 06:21:39,391 INFO [RocksDB]EVENT_LOG_v1 {"time_micros": 1578378099391496, "cf_name": "0", "job": 6, "event": "table_file_creation", "file_number": 28, "file_size": 54159761, "table_properties": {"data_size": 51953502, "index_size": 978126, "filter_size": 1673264, "raw_key_size": 57357512, "raw_average_key_size": 47, "raw_value_size": 27813494, "raw_average_value_size": 23, "num_data_blocks": 16597, "num_entries": 1202782, "filter_policy_name": "rocksdb.BuiltinBloomFilter", "kDeletedKeys": "0", "kMergeOperands": "0"}}
[33875] 01-07 06:21:39,392 INFO [RocksDB][db/compaction_job.cc:1287] [0] [JOB 6] Compacted 1@1 files to L2 => 54159761 bytes
[33875] 01-07 06:21:39,394 INFO [RocksDB](Original Log Time 2020/01/07-06:21:39.394425) [db/compaction_job.cc:685] [0] compacted to: base level 1 max bytes base 536870912 files[0 9 1 0 0 0 0] max score 1.12, MB/sec: 17.9 rd, 13.9 wr, level 2, files in(1, 0) out(1) MB in(66.6, 0.0) out(51.7), read-write-amplify(1.8) write-amplify(0.8) OK, records in: 1202782, records dropped: 0 output_compression: Snappy

[33875] 01-07 06:21:39,394 INFO [RocksDB](Original Log Time 2020/01/07-06:21:39.394454) EVENT_LOG_v1 {"time_micros": 1578378099394437, "job": 6, "event": "compaction_finished", "compaction_time_micros": 3906409, "output_level": 2, "num_output_files": 1, "total_output_size": 54159761, "num_input_records": 1202782, "num_output_records": 1202782, "num_subcompactions": 1, "output_compression": "Snappy", "num_single_delete_mismatches": 0, "num_single_delete_fallthrough": 0, "lsm_state": [0, 9, 1, 0, 0, 0, 0]}
[33875] 01-07 06:21:39,401 INFO [RocksDB]EVENT_LOG_v1 {"time_micros": 1578378099401585, "job": 6, "event": "table_file_deletion", "file_number": 15}
[33875] 01-07 06:21:39,401 INFO [RocksDB][db/compaction_job.cc:1531] [0] [JOB 7] Compacting 1@1 files to L2, score 1.12
[33875] 01-07 06:21:39,401 INFO [RocksDB][db/compaction_job.cc:1535] [0] Compaction start summary: Base version 6 Base level 1, inputs: [22(65MB)]

[33875] 01-07 06:21:39,401 INFO [RocksDB]EVENT_LOG_v1 {"time_micros": 1578378099401635, "job": 7, "event": "compaction_started", "compaction_reason": "LevelMaxLevelSize", "files_L1": [22], "score": 1.11852, "input_data_size": 68990838}
[33875] 01-07 06:21:42,678 INFO [RocksDB][db/compaction_job.cc:1211] [0] [JOB 7] Generated table #29: 597529 keys, 68589031 bytes
[33875] 01-07 06:21:42,678 INFO [RocksDB]EVENT_LOG_v1 {"time_micros": 1578378102678114, "cf_name": "0", "job": 7, "event": "table_file_creation", "file_number": 29, "file_size": 68589031, "table_properties": {"data_size": 67112898, "index_size": 888985, "filter_size": 987924, "raw_key_size": 24596772, "raw_average_key_size": 41, "raw_value_size": 56765237, "raw_average_value_size": 94, "num_data_blocks": 16741, "num_entries": 597529, "filter_policy_name": "rocksdb.BuiltinBloomFilter", "kDeletedKeys": "0", "kMergeOperands": "0"}}
[33875] 01-07 06:21:42,679 INFO [RocksDB][db/compaction_job.cc:1287] [0] [JOB 7] Compacted 1@1 files to L2 => 68589031 bytes
[33875] 01-07 06:21:42,681 INFO [RocksDB](Original Log Time 2020/01/07-06:21:42.681549) [db/compaction_job.cc:685] [0] compacted to: base level 1 max bytes base 536870912 files[0 8 2 0 0 0 0] max score 0.99, MB/sec: 21.0 rd, 20.9 wr, level 2, files in(1, 0) out(1) MB in(65.8, 0.0) out(65.4), read-write-amplify(2.0) write-amplify(1.0) OK, records in: 597529, records dropped: 0 output_compression: Snappy

[33875] 01-07 06:21:42,681 INFO [RocksDB](Original Log Time 2020/01/07-06:21:42.681574) EVENT_LOG_v1 {"time_micros": 1578378102681558, "job": 7, "event": "compaction_finished", "compaction_time_micros": 3278175, "output_level": 2, "num_output_files": 1, "total_output_size": 68589031, "num_input_records": 597529, "num_output_records": 597529, "num_subcompactions": 1, "output_compression": "Snappy", "num_single_delete_mismatches": 0, "num_single_delete_fallthrough": 0, "lsm_state": [0, 8, 2, 0, 0, 0, 0]}
[33875] 01-07 06:21:43,383 INFO [RocksDB]EVENT_LOG_v1 {"time_micros": 1578378103383272, "cf_name": "0", "job": 5, "event": "table_file_creation", "file_number": 25, "file_size": 319392769, "table_properties": {"data_size": 310322976, "index_size": 4161892, "filter_size": 4906859, "raw_key_size": 129263880, "raw_average_key_size": 42, "raw_value_size": 248581101, "raw_average_value_size": 81, "num_data_blocks": 77317, "num_entries": 3050080, "filter_policy_name": "rocksdb.BuiltinBloomFilter", "kDeletedKeys": "0", "kMergeOperands": "0"}}
[33875] 01-07 06:21:43,383 INFO [RocksDB][db/flush_job.cc:371] [0] [JOB 5] Level-0 flush table #25: 319392769 bytes OK
[33875] 01-07 06:21:43,386 INFO [RocksDB](Original Log Time 2020/01/07-06:21:43.384590) [db/memtable_list.cc:377] [0] Level-0 commit table #25 started
[33875] 01-07 06:21:43,386 INFO [RocksDB](Original Log Time 2020/01/07-06:21:43.386673) [db/memtable_list.cc:409] [0] Level-0 commit table #25: memtable #1 done
[33875] 01-07 06:21:43,386 INFO [RocksDB](Original Log Time 2020/01/07-06:21:43.386674) [db/memtable_list.cc:409] [0] Level-0 commit table #25: memtable #2 done
[33875] 01-07 06:21:43,386 INFO [RocksDB](Original Log Time 2020/01/07-06:21:43.386683) EVENT_LOG_v1 {"time_micros": 1578378103386679, "job": 5, "event": "flush_finished", "output_compression": "NoCompression", "lsm_state": [1, 8, 2, 0, 0, 0, 0], "immutable_memtables": 0}
[33875] 01-07 06:21:43,386 INFO [RocksDB](Original Log Time 2020/01/07-06:21:43.386694) [db/db_impl_compaction_flush.cc:177] [0] Level summary: base level 1 max bytes base 536870912 files[1 8 2 0 0 0 0] max score 0.99

[33875] 01-07 06:21:43,386 INFO [RocksDB][db/db_impl_files.cc:342] [JOB 5] Try to delete WAL files size 387932802, prev total WAL file size 550847182, number of live WAL files 3.

[33875] 01-07 06:21:43,392 INFO [RocksDB]EVENT_LOG_v1 {"time_micros": 1578378103392846, "job": 5, "event": "table_file_deletion", "file_number": 22}
[33875] 01-07 06:21:43,442 INFO [RocksDB]EVENT_LOG_v1 {"time_micros": 1578378103442725, "job": 5, "event": "table_file_deletion", "file_number": 14}
[33875] 01-07 06:21:43,491 INFO [RocksDB]EVENT_LOG_v1 {"time_micros": 1578378103491669, "job": 5, "event": "table_file_deletion", "file_number": 11}
[33875] 01-07 06:21:46,282 INFO [RocksDB][db/db_impl_write.cc:1373] [0] New memtable created with log file: #30. Immutable memtables: 0.

[33875] 01-07 06:22:01,496 INFO [RocksDB][db/db_impl_write.cc:1373] [0] New memtable created with log file: #31. Immutable memtables: 1.

[33875] 01-07 06:22:01,496 INFO [RocksDB][db/db_impl_compaction_flush.cc:80] [JOB 8] Syncing log #24
[33875] 01-07 06:22:02,037 INFO [RocksDB][db/db_impl_compaction_flush.cc:80] [JOB 8] Syncing log #30
[33875] 01-07 06:22:03,571 INFO [RocksDB](Original Log Time 2020/01/07-06:22:01.496474) [db/db_impl_compaction_flush.cc:1424] Calling FlushMemTableToOutputFile with column family [0], flush slots available 4, compaction slots available 1, flush slots scheduled 1, compaction slots scheduled 0
[33875] 01-07 06:22:03,571 INFO [RocksDB][db/flush_job.cc:301] [0] [JOB 8] Flushing memtable with next log file: 30

[33875] 01-07 06:22:03,571 INFO [RocksDB][db/flush_job.cc:301] [0] [JOB 8] Flushing memtable with next log file: 31

[33875] 01-07 06:22:03,571 INFO [RocksDB]EVENT_LOG_v1 {"time_micros": 1578378123571298, "job": 8, "event": "flush_started", "num_memtables": 2, "num_entries": 3460213, "num_deletes": 0, "memory_usage": 520101096, "flush_reason": "Write Buffer Full"}
[33875] 01-07 06:22:03,571 INFO [RocksDB][db/flush_job.cc:331] [0] [JOB 8] Level-0 flush table #32: started
[33875] 01-07 06:22:10,083 INFO [RocksDB]EVENT_LOG_v1 {"time_micros": 1578378130083640, "cf_name": "0", "job": 8, "event": "table_file_creation", "file_number": 32, "file_size": 336435073, "table_properties": {"data_size": 326877455, "index_size": 4387638, "filter_size": 5168938, "raw_key_size": 136168529, "raw_average_key_size": 42, "raw_value_size": 261862509, "raw_average_value_size": 81, "num_data_blocks": 81443, "num_entries": 3213052, "filter_policy_name": "rocksdb.BuiltinBloomFilter", "kDeletedKeys": "0", "kMergeOperands": "0"}}
[33875] 01-07 06:22:10,083 INFO [RocksDB][db/flush_job.cc:371] [0] [JOB 8] Level-0 flush table #32: 336435073 bytes OK
[33875] 01-07 06:22:10,087 INFO [RocksDB](Original Log Time 2020/01/07-06:22:10.084992) [db/memtable_list.cc:377] [0] Level-0 commit table #32 started
[33875] 01-07 06:22:10,087 INFO [RocksDB](Original Log Time 2020/01/07-06:22:10.086953) [db/memtable_list.cc:409] [0] Level-0 commit table #32: memtable #1 done
[33875] 01-07 06:22:10,087 INFO [RocksDB](Original Log Time 2020/01/07-06:22:10.086954) [db/memtable_list.cc:409] [0] Level-0 commit table #32: memtable #2 done
[33875] 01-07 06:22:10,087 INFO [RocksDB](Original Log Time 2020/01/07-06:22:10.086966) EVENT_LOG_v1 {"time_micros": 1578378130086961, "job": 8, "event": "flush_finished", "output_compression": "NoCompression", "lsm_state": [2, 8, 2, 0, 0, 0, 0], "immutable_memtables": 0}
[33875] 01-07 06:22:10,087 INFO [RocksDB](Original Log Time 2020/01/07-06:22:10.087000) [db/db_impl_compaction_flush.cc:177] [0] Level summary: base level 1 max bytes base 536870912 files[2 8 2 0 0 0 0] max score 1.22

[33875] 01-07 06:22:10,087 INFO [RocksDB][db/db_impl_files.cc:342] [JOB 8] Try to delete WAL files size 408658909, prev total WAL file size 451010438, number of live WAL files 3.

[33875] 01-07 06:22:10,087 INFO [RocksDB][db/compaction_job.cc:1531] [0] [JOB 9] Compacting 2@0 + 8@1 files to L1, score 1.22
[33875] 01-07 06:22:10,087 INFO [RocksDB][db/compaction_job.cc:1535] [0] Compaction start summary: Base version 9 Base level 0, inputs: [32(320MB) 25(304MB)], [17(65MB) 18(65MB) 19(65MB) 20(65MB) 21(65MB) 23(65MB) 26(65MB) 27(46MB)]

[33875] 01-07 06:22:10,087 INFO [RocksDB]EVENT_LOG_v1 {"time_micros": 1578378130087231, "job": 9, "event": "compaction_started", "compaction_reason": "LevelL0FilesNum", "files_L0": [32, 25], "files_L1": [17, 18, 19, 20, 21, 23, 26, 27], "score": 1.22157, "input_data_size": 1187338437}
[33875] 01-07 06:22:11,528 INFO [RocksDB][db/compaction_job.cc:1211] [0] [JOB 9] Generated table #33: 1189200 keys, 69773592 bytes
[33875] 01-07 06:22:11,528 INFO [RocksDB]EVENT_LOG_v1 {"time_micros": 1578378131528348, "cf_name": "0", "job": 9, "event": "table_file_creation", "file_number": 33, "file_size": 69773592, "table_properties": {"data_size": 67109548, "index_size": 976366, "filter_size": 1686647, "raw_key_size": 56627047, "raw_average_key_size": 47, "raw_value_size": 28420064, "raw_average_value_size": 23, "num_data_blocks": 16599, "num_entries": 1189200, "filter_policy_name": "rocksdb.BuiltinBloomFilter", "kDeletedKeys": "0", "kMergeOperands": "0"}}
[33875] 01-07 06:22:12,862 INFO [RocksDB][db/compaction_job.cc:1211] [0] [JOB 9] Generated table #34: 597627 keys, 68988387 bytes
[33875] 01-07 06:22:12,862 INFO [RocksDB]EVENT_LOG_v1 {"time_micros": 1578378132862797, "cf_name": "0", "job": 9, "event": "table_file_creation", "file_number": 34, "file_size": 68988387, "table_properties": {"data_size": 67110561, "index_size": 888743, "filter_size": 988052, "raw_key_size": 24601451, "raw_average_key_size": 41, "raw_value_size": 56774637, "raw_average_value_size": 95, "num_data_blocks": 16743, "num_entries": 597627, "filter_policy_name": "rocksdb.BuiltinBloomFilter", "kDeletedKeys": "0", "kMergeOperands": "0"}}
[33875] 01-07 06:22:14,144 INFO [RocksDB][db/compaction_job.cc:1211] [0] [JOB 9] Generated table #35: 597638 keys, 68989297 bytes
[33875] 01-07 06:22:14,144 INFO [RocksDB]EVENT_LOG_v1 {"time_micros": 1578378134144492, "cf_name": "0", "job": 9, "event": "table_file_creation", "file_number": 35, "file_size": 68989297, "table_properties": {"data_size": 67111595, "index_size": 888609, "filter_size": 988062, "raw_key_size": 24600104, "raw_average_key_size": 41, "raw_value_size": 56775583, "raw_average_value_size": 94, "num_data_blocks": 16742, "num_entries": 597638, "filter_policy_name": "rocksdb.BuiltinBloomFilter", "kDeletedKeys": "0", "kMergeOperands": "0"}}
[33875] 01-07 06:22:15,526 INFO [RocksDB][db/compaction_job.cc:1211] [0] [JOB 9] Generated table #36: 597576 keys, 68987049 bytes
[33875] 01-07 06:22:15,526 INFO [RocksDB]EVENT_LOG_v1 {"time_micros": 1578378135526196, "cf_name": "0", "job": 9, "event": "table_file_creation", "file_number": 36, "file_size": 68987049, "table_properties": {"data_size": 67109225, "index_size": 888800, "filter_size": 987993, "raw_key_size": 24595425, "raw_average_key_size": 41, "raw_value_size": 56769729, "raw_average_value_size": 95, "num_data_blocks": 16743, "num_entries": 597576, "filter_policy_name": "rocksdb.BuiltinBloomFilter", "kDeletedKeys": "0", "kMergeOperands": "0"}}
[33875] 01-07 06:22:16,826 INFO [RocksDB][db/compaction_job.cc:1211] [0] [JOB 9] Generated table #37: 597627 keys, 68990836 bytes
[33875] 01-07 06:22:16,826 INFO [RocksDB]EVENT_LOG_v1 {"time_micros": 1578378136826430, "cf_name": "0", "job": 9, "event": "table_file_creation", "file_number": 37, "file_size": 68990836, "table_properties": {"data_size": 67112738, "index_size": 889000, "filter_size": 988067, "raw_key_size": 24600387, "raw_average_key_size": 41, "raw_value_size": 56774538, "raw_average_value_size": 94, "num_data_blocks": 16744, "num_entries": 597627, "filter_policy_name": "rocksdb.BuiltinBloomFilter", "kDeletedKeys": "0", "kMergeOperands": "0"}}
[33875] 01-07 06:22:18,126 INFO [RocksDB][db/compaction_job.cc:1211] [0] [JOB 9] Generated table #38: 597597 keys, 68990259 bytes
[33875] 01-07 06:22:18,126 INFO [RocksDB]EVENT_LOG_v1 {"time_micros": 1578378138126508, "cf_name": "0", "job": 9, "event": "table_file_creation", "file_number": 38, "file_size": 68990259, "table_properties": {"data_size": 67112172, "index_size": 889025, "filter_size": 988031, "raw_key_size": 24595818, "raw_average_key_size": 41, "raw_value_size": 56771715, "raw_average_value_size": 95, "num_data_blocks": 16744, "num_entries": 597597, "filter_policy_name": "rocksdb.BuiltinBloomFilter", "kDeletedKeys": "0", "kMergeOperands": "0"}}
[33875] 01-07 06:22:19,429 INFO [RocksDB][db/compaction_job.cc:1211] [0] [JOB 9] Generated table #39: 597621 keys, 68989513 bytes
[33875] 01-07 06:22:19,429 INFO [RocksDB]EVENT_LOG_v1 {"time_micros": 1578378139429407, "cf_name": "0", "job": 9, "event": "table_file_creation", "file_number": 39, "file_size": 68989513, "table_properties": {"data_size": 67111599, "index_size": 888842, "filter_size": 988041, "raw_key_size": 24599087, "raw_average_key_size": 41, "raw_value_size": 56774013, "raw_average_value_size": 95, "num_data_blocks": 16742, "num_entries": 597621, "filter_policy_name": "rocksdb.BuiltinBloomFilter", "kDeletedKeys": "0", "kMergeOperands": "0"}}
[33875] 01-07 06:22:20,740 INFO [RocksDB][db/compaction_job.cc:1211] [0] [JOB 9] Generated table #40: 597614 keys, 68990735 bytes
[33875] 01-07 06:22:20,741 INFO [RocksDB]EVENT_LOG_v1 {"time_micros": 1578378140741013, "cf_name": "0", "job": 9, "event": "table_file_creation", "file_number": 40, "file_size": 68990735, "table_properties": {"data_size": 67112609, "index_size": 889052, "filter_size": 988043, "raw_key_size": 24598804, "raw_average_key_size": 41, "raw_value_size": 56773285, "raw_average_value_size": 94, "num_data_blocks": 16743, "num_entries": 597614, "filter_policy_name": "rocksdb.BuiltinBloomFilter", "kDeletedKeys": "0", "kMergeOperands": "0"}}
[33875] 01-07 06:22:22,048 INFO [RocksDB][db/compaction_job.cc:1211] [0] [JOB 9] Generated table #41: 597594 keys, 68986966 bytes
[33875] 01-07 06:22:22,048 INFO [RocksDB]EVENT_LOG_v1 {"time_micros": 1578378142048294, "cf_name": "0", "job": 9, "event": "table_file_creation", "file_number": 41, "file_size": 68986966, "table_properties": {"data_size": 67109443, "index_size": 888488, "filter_size": 988004, "raw_key_size": 24596349, "raw_average_key_size": 41, "raw_value_size": 56771502, "raw_average_value_size": 95, "num_data_blocks": 16742, "num_entries": 597594, "filter_policy_name": "rocksdb.BuiltinBloomFilter", "kDeletedKeys": "0", "kMergeOperands": "0"}}
[33875] 01-07 06:22:23,349 INFO [RocksDB][db/compaction_job.cc:1211] [0] [JOB 9] Generated table #42: 597622 keys, 68989811 bytes
[33875] 01-07 06:22:23,349 INFO [RocksDB]EVENT_LOG_v1 {"time_micros": 1578378143349672, "cf_name": "0", "job": 9, "event": "table_file_creation", "file_number": 42, "file_size": 68989811, "table_properties": {"data_size": 67112063, "index_size": 888673, "filter_size": 988044, "raw_key_size": 24599231, "raw_average_key_size": 41, "raw_value_size": 56774018, "raw_average_value_size": 94, "num_data_blocks": 16742, "num_entries": 597622, "filter_policy_name": "rocksdb.BuiltinBloomFilter", "kDeletedKeys": "0", "kMergeOperands": "0"}}
[33875] 01-07 06:22:24,729 INFO [RocksDB][db/compaction_job.cc:1211] [0] [JOB 9] Generated table #43: 597618 keys, 68990758 bytes
[33875] 01-07 06:22:24,729 INFO [RocksDB]EVENT_LOG_v1 {"time_micros": 1578378144729883, "cf_name": "0", "job": 9, "event": "table_file_creation", "file_number": 43, "file_size": 68990758, "table_properties": {"data_size": 67113036, "index_size": 888662, "filter_size": 988029, "raw_key_size": 24598527, "raw_average_key_size": 41, "raw_value_size": 56773701, "raw_average_value_size": 94, "num_data_blocks": 16741, "num_entries": 597618, "filter_policy_name": "rocksdb.BuiltinBloomFilter", "kDeletedKeys": "0", "kMergeOperands": "0"}}
[33875] 01-07 06:22:26,031 INFO [RocksDB][db/compaction_job.cc:1211] [0] [JOB 9] Generated table #44: 597498 keys, 68988677 bytes
[33875] 01-07 06:22:26,031 INFO [RocksDB]EVENT_LOG_v1 {"time_micros": 1578378146031923, "cf_name": "0", "job": 9, "event": "table_file_creation", "file_number": 44, "file_size": 68988677, "table_properties": {"data_size": 67111126, "index_size": 888635, "filter_size": 987885, "raw_key_size": 24594837, "raw_average_key_size": 41, "raw_value_size": 56762409, "raw_average_value_size": 95, "num_data_blocks": 16741, "num_entries": 597498, "filter_policy_name": "rocksdb.BuiltinBloomFilter", "kDeletedKeys": "0", "kMergeOperands": "0"}}
[33875] 01-07 06:22:27,335 INFO [RocksDB][db/compaction_job.cc:1211] [0] [JOB 9] Generated table #45: 597603 keys, 68988041 bytes
[33875] 01-07 06:22:27,336 INFO [RocksDB]EVENT_LOG_v1 {"time_micros": 1578378147335993, "cf_name": "0", "job": 9, "event": "table_file_creation", "file_number": 45, "file_size": 68988041, "table_properties": {"data_size": 67110254, "index_size": 888739, "filter_size": 988017, "raw_key_size": 24597678, "raw_average_key_size": 41, "raw_value_size": 56772240, "raw_average_value_size": 94, "num_data_blocks": 16742, "num_entries": 597603, "filter_policy_name": "rocksdb.BuiltinBloomFilter", "kDeletedKeys": "0", "kMergeOperands": "0"}}
[33875] 01-07 06:22:28,643 INFO [RocksDB][db/compaction_job.cc:1211] [0] [JOB 9] Generated table #46: 597632 keys, 68989437 bytes
[33875] 01-07 06:22:28,643 INFO [RocksDB]EVENT_LOG_v1 {"time_micros": 1578378148643345, "cf_name": "0", "job": 9, "event": "table_file_creation", "file_number": 46, "file_size": 68989437, "table_properties": {"data_size": 67111533, "index_size": 888810, "filter_size": 988063, "raw_key_size": 24601367, "raw_average_key_size": 41, "raw_value_size": 56775058, "raw_average_value_size": 95, "num_data_blocks": 16743, "num_entries": 597632, "filter_policy_name": "rocksdb.BuiltinBloomFilter", "kDeletedKeys": "0", "kMergeOperands": "0"}}
[33875] 01-07 06:22:29,943 INFO [RocksDB][db/compaction_job.cc:1211] [0] [JOB 9] Generated table #47: 597622 keys, 68989222 bytes
[33875] 01-07 06:22:29,943 INFO [RocksDB]EVENT_LOG_v1 {"time_micros": 1578378149943350, "cf_name": "0", "job": 9, "event": "table_file_creation", "file_number": 47, "file_size": 68989222, "table_properties": {"data_size": 67111477, "index_size": 888663, "filter_size": 988051, "raw_key_size": 24599426, "raw_average_key_size": 41, "raw_value_size": 56774117, "raw_average_value_size": 95, "num_data_blocks": 16743, "num_entries": 597622, "filter_policy_name": "rocksdb.BuiltinBloomFilter", "kDeletedKeys": "0", "kMergeOperands": "0"}}
[33875] 01-07 06:22:31,253 INFO [RocksDB][db/compaction_job.cc:1211] [0] [JOB 9] Generated table #48: 597615 keys, 68989801 bytes
[33875] 01-07 06:22:31,253 INFO [RocksDB]EVENT_LOG_v1 {"time_micros": 1578378151253389, "cf_name": "0", "job": 9, "event": "table_file_creation", "file_number": 48, "file_size": 68989801, "table_properties": {"data_size": 67111628, "index_size": 889089, "filter_size": 988053, "raw_key_size": 24599264, "raw_average_key_size": 41, "raw_value_size": 56773389, "raw_average_value_size": 94, "num_data_blocks": 16744, "num_entries": 597615, "filter_policy_name": "rocksdb.BuiltinBloomFilter", "kDeletedKeys": "0", "kMergeOperands": "0"}}
[33875] 01-07 06:22:32,633 INFO [RocksDB][db/compaction_job.cc:1211] [0] [JOB 9] Generated table #49: 597642 keys, 68988589 bytes
[33875] 01-07 06:22:32,633 INFO [RocksDB]EVENT_LOG_v1 {"time_micros": 1578378152633094, "cf_name": "0", "job": 9, "event": "table_file_creation", "file_number": 49, "file_size": 68988589, "table_properties": {"data_size": 67111023, "index_size": 888482, "filter_size": 988053, "raw_key_size": 24602615, "raw_average_key_size": 41, "raw_value_size": 56775999, "raw_average_value_size": 95, "num_data_blocks": 16741, "num_entries": 597642, "filter_policy_name": "rocksdb.BuiltinBloomFilter", "kDeletedKeys": "0", "kMergeOperands": "0"}}
[33875] 01-07 06:22:32,851 INFO [RocksDB][db/compaction_job.cc:1211] [0] [JOB 9] Generated table #50: 115757 keys, 13357726 bytes
[33875] 01-07 06:22:32,851 INFO [RocksDB]EVENT_LOG_v1 {"time_micros": 1578378152851419, "cf_name": "0", "job": 9, "event": "table_file_creation", "file_number": 50, "file_size": 13357726, "table_properties": {"data_size": 12995429, "index_size": 169952, "filter_size": 191315, "raw_key_size": 4664508, "raw_average_key_size": 40, "raw_value_size": 10996951, "raw_average_value_size": 95, "num_data_blocks": 3239, "num_entries": 115757, "filter_policy_name": "rocksdb.BuiltinBloomFilter", "kDeletedKeys": "0", "kMergeOperands": "0"}}
[33875] 01-07 06:22:32,852 INFO [RocksDB][db/compaction_job.cc:1287] [0] [JOB 9] Compacted 2@0 + 8@1 files to L1 => 1186958696 bytes
[33875] 01-07 06:22:32,855 INFO [RocksDB](Original Log Time 2020/01/07-06:22:32.855059) [db/compaction_job.cc:685] [0] compacted to: base level 1 max bytes base 536870912 files[0 18 2 0 0 0 0] max score 2.21, MB/sec: 52.2 rd, 52.1 wr, level 1, files in(2, 8) out(18) MB in(625.4, 506.9) out(1132.0), read-write-amplify(3.6) write-amplify(1.8) OK, records in: 10866704, records dropped: 1 output_compression: NoCompression

[33875] 01-07 06:22:32,855 INFO [RocksDB](Original Log Time 2020/01/07-06:22:32.855088) EVENT_LOG_v1 {"time_micros": 1578378152855081, "job": 9, "event": "compaction_finished", "compaction_time_micros": 22765733, "output_level": 1, "num_output_files": 18, "total_output_size": 1186958696, "num_input_records": 10866704, "num_output_records": 10866703, "num_subcompactions": 1, "output_compression": "NoCompression", "num_single_delete_mismatches": 0, "num_single_delete_fallthrough": 0, "lsm_state": [0, 18, 2, 0, 0, 0, 0]}
[33875] 01-07 06:22:32,855 INFO [RocksDB][db/compaction_job.cc:1531] [0] [JOB 10] Compacting 1@1 + 1@2 files to L2, score 2.21
[33875] 01-07 06:22:32,855 INFO [RocksDB][db/compaction_job.cc:1535] [0] Compaction start summary: Base version 10 Base level 1, inputs: [33(66MB)], [28(51MB)]

[33875] 01-07 06:22:32,855 INFO [RocksDB]EVENT_LOG_v1 {"time_micros": 1578378152855196, "job": 10, "event": "compaction_started", "compaction_reason": "LevelMaxLevelSize", "files_L1": [33], "files_L2": [28], "score": 2.21088, "input_data_size": 123933353}
[33875] 01-07 06:22:32,889 INFO [RocksDB]EVENT_LOG_v1 {"time_micros": 1578378152889578, "job": 0, "event": "table_file_deletion", "file_number": 32}
[33875] 01-07 06:22:32,894 INFO [RocksDB]EVENT_LOG_v1 {"time_micros": 1578378152894408, "job": 0, "event": "table_file_deletion", "file_number": 27}
[33875] 01-07 06:22:32,901 INFO [RocksDB]EVENT_LOG_v1 {"time_micros": 1578378152901157, "job": 0, "event": "table_file_deletion", "file_number": 26}
[33875] 01-07 06:22:32,932 INFO [RocksDB]EVENT_LOG_v1 {"time_micros": 1578378152932005, "job": 0, "event": "table_file_deletion", "file_number": 25}
[33875] 01-07 06:22:32,938 INFO [RocksDB]EVENT_LOG_v1 {"time_micros": 1578378152938611, "job": 0, "event": "table_file_deletion", "file_number": 23}
[33875] 01-07 06:22:32,945 INFO [RocksDB]EVENT_LOG_v1 {"time_micros": 1578378152945286, "job": 0, "event": "table_file_deletion", "file_number": 21}
[33875] 01-07 06:22:32,952 INFO [RocksDB]EVENT_LOG_v1 {"time_micros": 1578378152952354, "job": 0, "event": "table_file_deletion", "file_number": 20}
[33875] 01-07 06:22:32,959 INFO [RocksDB]EVENT_LOG_v1 {"time_micros": 1578378152959315, "job": 0, "event": "table_file_deletion", "file_number": 19}
[33875] 01-07 06:22:32,965 INFO [RocksDB]EVENT_LOG_v1 {"time_micros": 1578378152965896, "job": 0, "event": "table_file_deletion", "file_number": 18}
[33875] 01-07 06:22:32,972 INFO [RocksDB]EVENT_LOG_v1 {"time_micros": 1578378152972810, "job": 0, "event": "table_file_deletion", "file_number": 17}
[33875] 01-07 06:22:36,449 INFO [RocksDB][db/compaction_job.cc:1211] [0] [JOB 10] Generated table #51: 2064439 keys, 70691654 bytes
[33875] 01-07 06:22:36,449 INFO [RocksDB]EVENT_LOG_v1 {"time_micros": 1578378156449384, "cf_name": "0", "job": 10, "event": "table_file_creation", "file_number": 51, "file_size": 70691654, "table_properties": {"data_size": 67111807, "index_size": 1464879, "filter_size": 2788903, "raw_key_size": 100502941, "raw_average_key_size": 48, "raw_value_size": 25117057, "raw_average_value_size": 12, "num_data_blocks": 23962, "num_entries": 2064439, "filter_policy_name": "rocksdb.BuiltinBloomFilter", "kDeletedKeys": "0", "kMergeOperands": "0"}}
[33875] 01-07 06:22:37,160 INFO [RocksDB][db/compaction_job.cc:1211] [0] [JOB 10] Generated table #52: 327542 keys, 37591832 bytes
[33875] 01-07 06:22:37,160 INFO [RocksDB]EVENT_LOG_v1 {"time_micros": 1578378157160102, "cf_name": "0", "job": 10, "event": "table_file_creation", "file_number": 52, "file_size": 37591832, "table_properties": {"data_size": 36784143, "index_size": 487074, "filter_size": 541535, "raw_key_size": 13481599, "raw_average_key_size": 41, "raw_value_size": 31116445, "raw_average_value_size": 94, "num_data_blocks": 9177, "num_entries": 327542, "filter_policy_name": "rocksdb.BuiltinBloomFilter", "kDeletedKeys": "0", "kMergeOperands": "0"}}
[33875] 01-07 06:22:37,161 INFO [RocksDB][db/compaction_job.cc:1287] [0] [JOB 10] Compacted 1@1 + 1@2 files to L2 => 108283486 bytes
[33875] 01-07 06:22:37,163 INFO [RocksDB](Original Log Time 2020/01/07-06:22:37.163169) [db/compaction_job.cc:685] [0] compacted to: base level 1 max bytes base 536870912 files[0 17 3 0 0 0 0] max score 2.08, MB/sec: 28.8 rd, 25.1 wr, level 2, files in(1, 1) out(2) MB in(66.5, 51.7) out(103.3), read-write-amplify(3.3) write-amplify(1.6) OK, records in: 2391982, records dropped: 1 output_compression: Snappy

[33875] 01-07 06:22:37,163 INFO [RocksDB](Original Log Time 2020/01/07-06:22:37.163196) EVENT_LOG_v1 {"time_micros": 1578378157163180, "job": 10, "event": "compaction_finished", "compaction_time_micros": 4306170, "output_level": 2, "num_output_files": 2, "total_output_size": 108283486, "num_input_records": 2391982, "num_output_records": 2391981, "num_subcompactions": 1, "output_compression": "Snappy", "num_single_delete_mismatches": 0, "num_single_delete_fallthrough": 0, "lsm_state": [0, 17, 3, 0, 0, 0, 0]}
[33875] 01-07 06:22:37,163 INFO [RocksDB][db/compaction_job.cc:1531] [0] [JOB 11] Compacting 1@1 files to L2, score 2.08
[33875] 01-07 06:22:37,163 INFO [RocksDB][db/compaction_job.cc:1535] [0] Compaction start summary: Base version 11 Base level 1, inputs: [37(65MB)]

[33875] 01-07 06:22:37,163 INFO [RocksDB]EVENT_LOG_v1 {"time_micros": 1578378157163282, "job": 11, "event": "compaction_started", "compaction_reason": "LevelMaxLevelSize", "files_L1": [37], "score": 2.08092, "input_data_size": 68990836}
[33875] 01-07 06:22:37,170 INFO [RocksDB]EVENT_LOG_v1 {"time_micros": 1578378157170941, "job": 0, "event": "table_file_deletion", "file_number": 33}
[33875] 01-07 06:22:37,176 INFO [RocksDB]EVENT_LOG_v1 {"time_micros": 1578378157176296, "job": 0, "event": "table_file_deletion", "file_number": 28}
[33875] 01-07 06:22:38,466 INFO [RocksDB][db/compaction_job.cc:1211] [0] [JOB 11] Generated table #53: 597627 keys, 68585671 bytes
[33875] 01-07 06:22:38,466 INFO [RocksDB]EVENT_LOG_v1 {"time_micros": 1578378158466646, "cf_name": "0", "job": 11, "event": "table_file_creation", "file_number": 53, "file_size": 68585671, "table_properties": {"data_size": 67112738, "index_size": 889000, "filter_size": 988067, "raw_key_size": 24600387, "raw_average_key_size": 41, "raw_value_size": 56774538, "raw_average_value_size": 94, "num_data_blocks": 16744, "num_entries": 597627, "filter_policy_name": "rocksdb.BuiltinBloomFilter", "kDeletedKeys": "0", "kMergeOperands": "0"}}
[33875] 01-07 06:22:38,467 INFO [RocksDB][db/compaction_job.cc:1287] [0] [JOB 11] Compacted 1@1 files to L2 => 68585671 bytes
[33875] 01-07 06:22:38,469 INFO [RocksDB](Original Log Time 2020/01/07-06:22:38.469636) [db/compaction_job.cc:685] [0] compacted to: base level 1 max bytes base 536870912 files[0 16 4 0 0 0 0] max score 1.95, MB/sec: 52.9 rd, 52.6 wr, level 2, files in(1, 0) out(1) MB in(65.8, 0.0) out(65.4), read-write-amplify(2.0) write-amplify(1.0) OK, records in: 597627, records dropped: 0 output_compression: Snappy

[33875] 01-07 06:22:38,469 INFO [RocksDB](Original Log Time 2020/01/07-06:22:38.469666) EVENT_LOG_v1 {"time_micros": 1578378158469660, "job": 11, "event": "compaction_finished", "compaction_time_micros": 1304608, "output_level": 2, "num_output_files": 1, "total_output_size": 68585671, "num_input_records": 597627, "num_output_records": 597627, "num_subcompactions": 1, "output_compression": "Snappy", "num_single_delete_mismatches": 0, "num_single_delete_fallthrough": 0, "lsm_state": [0, 16, 4, 0, 0, 0, 0]}
[33875] 01-07 06:22:38,469 INFO [RocksDB][db/compaction_picker.cc:485] [0] Expanding@1 1+1(68990758+68589031 bytes) to 2+1 (137979435+68589031 bytes)

[33875] 01-07 06:22:38,469 INFO [RocksDB][db/compaction_job.cc:1531] [0] [JOB 12] Compacting 2@1 + 1@2 files to L2, score 1.95
[33875] 01-07 06:22:38,469 INFO [RocksDB][db/compaction_job.cc:1535] [0] Compaction start summary: Base version 12 Base level 1, inputs: [43(65MB) 44(65MB)], [29(65MB)]

[33875] 01-07 06:22:38,469 INFO [RocksDB]EVENT_LOG_v1 {"time_micros": 1578378158469754, "job": 12, "event": "compaction_started", "compaction_reason": "LevelMaxLevelSize", "files_L1": [43, 44], "files_L2": [29], "score": 1.95241, "input_data_size": 206568466}
[33875] 01-07 06:22:38,476 INFO [RocksDB]EVENT_LOG_v1 {"time_micros": 1578378158476712, "job": 0, "event": "table_file_deletion", "file_number": 37}
[33875] 01-07 06:22:39,772 INFO [RocksDB][db/compaction_job.cc:1211] [0] [JOB 12] Generated table #54: 597611 keys, 68582953 bytes
[33875] 01-07 06:22:39,772 INFO [RocksDB]EVENT_LOG_v1 {"time_micros": 1578378159772026, "cf_name": "0", "job": 12, "event": "table_file_creation", "file_number": 54, "file_size": 68582953, "table_properties": {"data_size": 67110219, "index_size": 888601, "filter_size": 988016, "raw_key_size": 24598070, "raw_average_key_size": 41, "raw_value_size": 56773072, "raw_average_value_size": 95, "num_data_blocks": 16741, "num_entries": 597611, "filter_policy_name": "rocksdb.BuiltinBloomFilter", "kDeletedKeys": "0", "kMergeOperands": "0"}}
[33875] 01-07 06:22:41,091 INFO [RocksDB][db/compaction_job.cc:1211] [0] [JOB 12] Generated table #55: 597649 keys, 68584485 bytes
[33875] 01-07 06:22:41,091 INFO [RocksDB]EVENT_LOG_v1 {"time_micros": 1578378161091031, "cf_name": "0", "job": 12, "event": "table_file_creation", "file_number": 55, "file_size": 68584485, "table_properties": {"data_size": 67112223, "index_size": 888118, "filter_size": 988066, "raw_key_size": 24600074, "raw_average_key_size": 41, "raw_value_size": 56776628, "raw_average_value_size": 94, "num_data_blocks": 16741, "num_entries": 597649, "filter_policy_name": "rocksdb.BuiltinBloomFilter", "kDeletedKeys": "0", "kMergeOperands": "0"}}
[33875] 01-07 06:22:42,392 INFO [RocksDB][db/compaction_job.cc:1211] [0] [JOB 12] Generated table #56: 597385 keys, 68556327 bytes
[33875] 01-07 06:22:42,392 INFO [RocksDB]EVENT_LOG_v1 {"time_micros": 1578378162392223, "cf_name": "0", "job": 12, "event": "table_file_creation", "file_number": 56, "file_size": 68556327, "table_properties": {"data_size": 67084473, "index_size": 888538, "filter_size": 987655, "raw_key_size": 24591992, "raw_average_key_size": 41, "raw_value_size": 56751647, "raw_average_value_size": 95, "num_data_blocks": 16736, "num_entries": 597385, "filter_policy_name": "rocksdb.BuiltinBloomFilter", "kDeletedKeys": "0", "kMergeOperands": "0"}}
[33875] 01-07 06:22:42,394 INFO [RocksDB][db/compaction_job.cc:1287] [0] [JOB 12] Compacted 2@1 + 1@2 files to L2 => 205723765 bytes
[33875] 01-07 06:22:42,396 INFO [RocksDB](Original Log Time 2020/01/07-06:22:42.396255) [db/compaction_job.cc:685] [0] compacted to: base level 1 max bytes base 536870912 files[0 14 6 0 0 0 0] max score 1.70, MB/sec: 52.6 rd, 52.4 wr, level 2, files in(2, 1) out(3) MB in(131.6, 65.4) out(196.2), read-write-amplify(3.0) write-amplify(1.5) OK, records in: 1792645, records dropped: 0 output_compression: Snappy

[33875] 01-07 06:22:42,396 INFO [RocksDB](Original Log Time 2020/01/07-06:22:42.396279) EVENT_LOG_v1 {"time_micros": 1578378162396274, "job": 12, "event": "compaction_finished", "compaction_time_micros": 3924428, "output_level": 2, "num_output_files": 3, "total_output_size": 205723765, "num_input_records": 1792645, "num_output_records": 1792645, "num_subcompactions": 1, "output_compression": "Snappy", "num_single_delete_mismatches": 0, "num_single_delete_fallthrough": 0, "lsm_state": [0, 14, 6, 0, 0, 0, 0]}
[33875] 01-07 06:22:42,396 INFO [RocksDB][db/compaction_job.cc:1531] [0] [JOB 13] Compacting 1@1 files to L2, score 1.70
[33875] 01-07 06:22:42,396 INFO [RocksDB][db/compaction_job.cc:1535] [0] Compaction start summary: Base version 13 Base level 1, inputs: [40(65MB)]

[33875] 01-07 06:22:42,396 INFO [RocksDB]EVENT_LOG_v1 {"time_micros": 1578378162396347, "job": 13, "event": "compaction_started", "compaction_reason": "LevelMaxLevelSize", "files_L1": [40], "score": 1.69541, "input_data_size": 68990735}
[33875] 01-07 06:22:42,403 INFO [RocksDB]EVENT_LOG_v1 {"time_micros": 1578378162403735, "job": 0, "event": "table_file_deletion", "file_number": 44}
[33875] 01-07 06:22:42,410 INFO [RocksDB]EVENT_LOG_v1 {"time_micros": 1578378162410875, "job": 0, "event": "table_file_deletion", "file_number": 43}
[33875] 01-07 06:22:42,417 INFO [RocksDB]EVENT_LOG_v1 {"time_micros": 1578378162417771, "job": 0, "event": "table_file_deletion", "file_number": 29}
[33875] 01-07 06:22:43,696 INFO [RocksDB][db/compaction_job.cc:1211] [0] [JOB 13] Generated table #57: 597614 keys, 68585529 bytes
[33875] 01-07 06:22:43,696 INFO [RocksDB]EVENT_LOG_v1 {"time_micros": 1578378163696672, "cf_name": "0", "job": 13, "event": "table_file_creation", "file_number": 57, "file_size": 68585529, "table_properties": {"data_size": 67112609, "index_size": 889052, "filter_size": 988043, "raw_key_size": 24598804, "raw_average_key_size": 41, "raw_value_size": 56773285, "raw_average_value_size": 94, "num_data_blocks": 16743, "num_entries": 597614, "filter_policy_name": "rocksdb.BuiltinBloomFilter", "kDeletedKeys": "0", "kMergeOperands": "0"}}
[33875] 01-07 06:22:43,697 INFO [RocksDB][db/compaction_job.cc:1287] [0] [JOB 13] Compacted 1@1 files to L2 => 68585529 bytes
[33875] 01-07 06:22:43,699 INFO [RocksDB](Original Log Time 2020/01/07-06:22:43.699725) [db/compaction_job.cc:685] [0] compacted to: base level 1 max bytes base 536870912 files[0 13 7 0 0 0 0] max score 1.57, MB/sec: 53.0 rd, 52.7 wr, level 2, files in(1, 0) out(1) MB in(65.8, 0.0) out(65.4), read-write-amplify(2.0) write-amplify(1.0) OK, records in: 597614, records dropped: 0 output_compression: Snappy

[33875] 01-07 06:22:43,699 INFO [RocksDB](Original Log Time 2020/01/07-06:22:43.699749) EVENT_LOG_v1 {"time_micros": 1578378163699733, "job": 13, "event": "compaction_finished", "compaction_time_micros": 1301526, "output_level": 2, "num_output_files": 1, "total_output_size": 68585529, "num_input_records": 597614, "num_output_records": 597614, "num_subcompactions": 1, "output_compression": "Snappy", "num_single_delete_mismatches": 0, "num_single_delete_fallthrough": 0, "lsm_state": [0, 13, 7, 0, 0, 0, 0]}
[33875] 01-07 06:22:43,706 INFO [RocksDB]EVENT_LOG_v1 {"time_micros": 1578378163706765, "job": 13, "event": "table_file_deletion", "file_number": 40}
[33875] 01-07 06:22:43,706 INFO [RocksDB][db/compaction_job.cc:1531] [0] [JOB 14] Compacting 1@1 files to L2, score 1.57
[33875] 01-07 06:22:43,706 INFO [RocksDB][db/compaction_job.cc:1535] [0] Compaction start summary: Base version 14 Base level 1, inputs: [38(65MB)]

[33875] 01-07 06:22:43,706 INFO [RocksDB]EVENT_LOG_v1 {"time_micros": 1578378163706814, "job": 14, "event": "compaction_started", "compaction_reason": "LevelMaxLevelSize", "files_L1": [38], "score": 1.5669, "input_data_size": 68990259}
[33875] 01-07 06:22:45,014 INFO [RocksDB][db/compaction_job.cc:1211] [0] [JOB 14] Generated table #58: 597597 keys, 68585222 bytes
[33875] 01-07 06:22:45,014 INFO [RocksDB]EVENT_LOG_v1 {"time_micros": 1578378165014486, "cf_name": "0", "job": 14, "event": "table_file_creation", "file_number": 58, "file_size": 68585222, "table_properties": {"data_size": 67112172, "index_size": 889025, "filter_size": 988031, "raw_key_size": 24595818, "raw_average_key_size": 41, "raw_value_size": 56771715, "raw_average_value_size": 95, "num_data_blocks": 16744, "num_entries": 597597, "filter_policy_name": "rocksdb.BuiltinBloomFilter", "kDeletedKeys": "0", "kMergeOperands": "0"}}
[33875] 01-07 06:22:45,015 INFO [RocksDB][db/compaction_job.cc:1287] [0] [JOB 14] Compacted 1@1 files to L2 => 68585222 bytes
[33875] 01-07 06:22:45,017 INFO [RocksDB](Original Log Time 2020/01/07-06:22:45.017615) [db/compaction_job.cc:685] [0] compacted to: base level 1 max bytes base 536870912 files[0 12 8 0 0 0 0] max score 1.44, MB/sec: 52.7 rd, 52.4 wr, level 2, files in(1, 0) out(1) MB in(65.8, 0.0) out(65.4), read-write-amplify(2.0) write-amplify(1.0) OK, records in: 597597, records dropped: 0 output_compression: Snappy

[33875] 01-07 06:22:45,017 INFO [RocksDB](Original Log Time 2020/01/07-06:22:45.017641) EVENT_LOG_v1 {"time_micros": 1578378165017624, "job": 14, "event": "compaction_finished", "compaction_time_micros": 1308933, "output_level": 2, "num_output_files": 1, "total_output_size": 68585222, "num_input_records": 597597, "num_output_records": 597597, "num_subcompactions": 1, "output_compression": "Snappy", "num_single_delete_mismatches": 0, "num_single_delete_fallthrough": 0, "lsm_state": [0, 12, 8, 0, 0, 0, 0]}
[33875] 01-07 06:22:45,024 INFO [RocksDB]EVENT_LOG_v1 {"time_micros": 1578378165024839, "job": 14, "event": "table_file_deletion", "file_number": 38}
[33875] 01-07 06:22:45,024 INFO [RocksDB][db/compaction_job.cc:1531] [0] [JOB 15] Compacting 1@1 files to L2, score 1.44
[33875] 01-07 06:22:45,024 INFO [RocksDB][db/compaction_job.cc:1535] [0] Compaction start summary: Base version 15 Base level 1, inputs: [42(65MB)]

[33875] 01-07 06:22:45,024 INFO [RocksDB]EVENT_LOG_v1 {"time_micros": 1578378165024887, "job": 15, "event": "compaction_started", "compaction_reason": "LevelMaxLevelSize", "files_L1": [42], "score": 1.4384, "input_data_size": 68989811}
[33875] 01-07 06:22:46,319 INFO [RocksDB][db/compaction_job.cc:1211] [0] [JOB 15] Generated table #59: 597622 keys, 68585030 bytes
[33875] 01-07 06:22:46,319 INFO [RocksDB]EVENT_LOG_v1 {"time_micros": 1578378166319869, "cf_name": "0", "job": 15, "event": "table_file_creation", "file_number": 59, "file_size": 68585030, "table_properties": {"data_size": 67112063, "index_size": 888673, "filter_size": 988044, "raw_key_size": 24599231, "raw_average_key_size": 41, "raw_value_size": 56774018, "raw_average_value_size": 94, "num_data_blocks": 16742, "num_entries": 597622, "filter_policy_name": "rocksdb.BuiltinBloomFilter", "kDeletedKeys": "0", "kMergeOperands": "0"}}
[33875] 01-07 06:22:46,321 INFO [RocksDB][db/compaction_job.cc:1287] [0] [JOB 15] Compacted 1@1 files to L2 => 68585030 bytes
[33875] 01-07 06:22:46,323 INFO [RocksDB](Original Log Time 2020/01/07-06:22:46.323008) [db/compaction_job.cc:685] [0] compacted to: base level 1 max bytes base 536870912 files[0 11 9 0 0 0 0] max score 1.31, MB/sec: 53.2 rd, 52.9 wr, level 2, files in(1, 0) out(1) MB in(65.8, 0.0) out(65.4), read-write-amplify(2.0) write-amplify(1.0) OK, records in: 597622, records dropped: 0 output_compression: Snappy

[33875] 01-07 06:22:46,323 INFO [RocksDB](Original Log Time 2020/01/07-06:22:46.323034) EVENT_LOG_v1 {"time_micros": 1578378166323017, "job": 15, "event": "compaction_finished", "compaction_time_micros": 1296308, "output_level": 2, "num_output_files": 1, "total_output_size": 68585030, "num_input_records": 597622, "num_output_records": 597622, "num_subcompactions": 1, "output_compression": "Snappy", "num_single_delete_mismatches": 0, "num_single_delete_fallthrough": 0, "lsm_state": [0, 11, 9, 0, 0, 0, 0]}
[33875] 01-07 06:22:46,330 INFO [RocksDB]EVENT_LOG_v1 {"time_micros": 1578378166330302, "job": 15, "event": "table_file_deletion", "file_number": 42}
[33875] 01-07 06:22:46,330 INFO [RocksDB][db/compaction_job.cc:1531] [0] [JOB 16] Compacting 1@1 files to L2, score 1.31
[33875] 01-07 06:22:46,330 INFO [RocksDB][db/compaction_job.cc:1535] [0] Compaction start summary: Base version 16 Base level 1, inputs: [48(65MB)]

[33875] 01-07 06:22:46,330 INFO [RocksDB]EVENT_LOG_v1 {"time_micros": 1578378166330349, "job": 16, "event": "compaction_started", "compaction_reason": "LevelMaxLevelSize", "files_L1": [48], "score": 1.30989, "input_data_size": 68989801}
[33875] 01-07 06:22:47,637 INFO [RocksDB][db/compaction_job.cc:1211] [0] [JOB 16] Generated table #60: 597615 keys, 68584281 bytes
[33875] 01-07 06:22:47,637 INFO [RocksDB]EVENT_LOG_v1 {"time_micros": 1578378167637472, "cf_name": "0", "job": 16, "event": "table_file_creation", "file_number": 60, "file_size": 68584281, "table_properties": {"data_size": 67111628, "index_size": 889089, "filter_size": 988053, "raw_key_size": 24599264, "raw_average_key_size": 41, "raw_value_size": 56773389, "raw_average_value_size": 94, "num_data_blocks": 16744, "num_entries": 597615, "filter_policy_name": "rocksdb.BuiltinBloomFilter", "kDeletedKeys": "0", "kMergeOperands": "0"}}
[33875] 01-07 06:22:47,638 INFO [RocksDB][db/compaction_job.cc:1287] [0] [JOB 16] Compacted 1@1 files to L2 => 68584281 bytes
[33875] 01-07 06:22:47,640 INFO [RocksDB](Original Log Time 2020/01/07-06:22:47.640405) [db/compaction_job.cc:685] [0] compacted to: base level 1 max bytes base 536870912 files[0 10 10 0 0 0 0] max score 1.18, MB/sec: 52.7 rd, 52.4 wr, level 2, files in(1, 0) out(1) MB in(65.8, 0.0) out(65.4), read-write-amplify(2.0) write-amplify(1.0) OK, records in: 597615, records dropped: 0 output_compression: Snappy

[33875] 01-07 06:22:47,640 INFO [RocksDB](Original Log Time 2020/01/07-06:22:47.640432) EVENT_LOG_v1 {"time_micros": 1578378167640415, "job": 16, "event": "compaction_finished", "compaction_time_micros": 1308294, "output_level": 2, "num_output_files": 1, "total_output_size": 68584281, "num_input_records": 597615, "num_output_records": 597615, "num_subcompactions": 1, "output_compression": "Snappy", "num_single_delete_mismatches": 0, "num_single_delete_fallthrough": 0, "lsm_state": [0, 10, 10, 0, 0, 0, 0]}
[33875] 01-07 06:22:47,647 INFO [RocksDB]EVENT_LOG_v1 {"time_micros": 1578378167647329, "job": 16, "event": "table_file_deletion", "file_number": 48}
[33875] 01-07 06:22:47,647 INFO [RocksDB][db/compaction_job.cc:1531] [0] [JOB 17] Compacting 1@1 files to L2, score 1.18
[33875] 01-07 06:22:47,647 INFO [RocksDB][db/compaction_job.cc:1535] [0] Compaction start summary: Base version 17 Base level 1, inputs: [39(65MB)]

[33875] 01-07 06:22:47,647 INFO [RocksDB]EVENT_LOG_v1 {"time_micros": 1578378167647392, "job": 17, "event": "compaction_started", "compaction_reason": "LevelMaxLevelSize", "files_L1": [39], "score": 1.18139, "input_data_size": 68989513}
