[32000] 01-07 06:12:39,160 INFO [RocksDB]RocksDB version: 5.14.2

[32000] 01-07 06:12:39,166 INFO [RocksDB]Git sha rocksdb_build_git_sha:9f703a6b9c3430e30aba2286240e44570994efe6
[32000] 01-07 06:12:39,166 INFO [RocksDB]Compile date Jan  7 2020
[32000] 01-07 06:12:39,166 INFO [RocksDB]DB SUMMARY

[32000] 01-07 06:12:39,166 INFO [RocksDB]SST files in /home/ubuntu/ardb/data/rocksdb dir, Total Num: 0, files: 

[32000] 01-07 06:12:39,166 INFO [RocksDB]Write Ahead Log file in /home/ubuntu/ardb/data/rocksdb: 

[32000] 01-07 06:12:39,166 INFO [RocksDB]                        Options.error_if_exists: 0
[32000] 01-07 06:12:39,166 INFO [RocksDB]                      Options.create_if_missing: 1
[32000] 01-07 06:12:39,166 INFO [RocksDB]                        Options.paranoid_checks: 1
[32000] 01-07 06:12:39,166 INFO [RocksDB]                                    Options.env: 0xbfa6c0
[32000] 01-07 06:12:39,166 INFO [RocksDB]                               Options.info_log: 0x7f0b3a63f8a0
[32000] 01-07 06:12:39,166 INFO [RocksDB]               Options.max_file_opening_threads: 16
[32000] 01-07 06:12:39,166 INFO [RocksDB]                             Options.statistics: (nil)
[32000] 01-07 06:12:39,166 INFO [RocksDB]                              Options.use_fsync: 0
[32000] 01-07 06:12:39,166 INFO [RocksDB]                      Options.max_log_file_size: 0
[32000] 01-07 06:12:39,166 INFO [RocksDB]                 Options.max_manifest_file_size: 18446744073709551615
[32000] 01-07 06:12:39,166 INFO [RocksDB]                  Options.log_file_time_to_roll: 0
[32000] 01-07 06:12:39,166 INFO [RocksDB]                      Options.keep_log_file_num: 1000
[32000] 01-07 06:12:39,166 INFO [RocksDB]                   Options.recycle_log_file_num: 0
[32000] 01-07 06:12:39,166 INFO [RocksDB]                        Options.allow_fallocate: 1
[32000] 01-07 06:12:39,166 INFO [RocksDB]                       Options.allow_mmap_reads: 0
[32000] 01-07 06:12:39,166 INFO [RocksDB]                      Options.allow_mmap_writes: 0
[32000] 01-07 06:12:39,166 INFO [RocksDB]                       Options.use_direct_reads: 0
[32000] 01-07 06:12:39,166 INFO [RocksDB]                       Options.use_direct_io_for_flush_and_compaction: 0
[32000] 01-07 06:12:39,166 INFO [RocksDB]         Options.create_missing_column_families: 0
[32000] 01-07 06:12:39,166 INFO [RocksDB]                             Options.db_log_dir: 
[32000] 01-07 06:12:39,166 INFO [RocksDB]                                Options.wal_dir: /home/ubuntu/ardb/data/rocksdb
[32000] 01-07 06:12:39,166 INFO [RocksDB]               Options.table_cache_numshardbits: 6
[32000] 01-07 06:12:39,166 INFO [RocksDB]                     Options.max_subcompactions: 1
[32000] 01-07 06:12:39,166 INFO [RocksDB]                 Options.max_background_flushes: -1
[32000] 01-07 06:12:39,166 INFO [RocksDB]                        Options.WAL_ttl_seconds: 0
[32000] 01-07 06:12:39,166 INFO [RocksDB]                      Options.WAL_size_limit_MB: 0
[32000] 01-07 06:12:39,166 INFO [RocksDB]            Options.manifest_preallocation_size: 4194304
[32000] 01-07 06:12:39,166 INFO [RocksDB]                    Options.is_fd_close_on_exec: 1
[32000] 01-07 06:12:39,166 INFO [RocksDB]                  Options.advise_random_on_open: 1
[32000] 01-07 06:12:39,166 INFO [RocksDB]                   Options.db_write_buffer_size: 0
[32000] 01-07 06:12:39,166 INFO [RocksDB]                   Options.write_buffer_manager: 0x7f0b3adfa7d0
[32000] 01-07 06:12:39,166 INFO [RocksDB]        Options.access_hint_on_compaction_start: 1
[32000] 01-07 06:12:39,166 INFO [RocksDB] Options.new_table_reader_for_compaction_inputs: 0
[32000] 01-07 06:12:39,166 INFO [RocksDB]          Options.random_access_max_buffer_size: 1048576
[32000] 01-07 06:12:39,166 INFO [RocksDB]                     Options.use_adaptive_mutex: 1
[32000] 01-07 06:12:39,166 INFO [RocksDB]                           Options.rate_limiter: 0x7f0b3a638540
[32000] 01-07 06:12:39,166 INFO [RocksDB]    Options.sst_file_manager.rate_bytes_per_sec: 0
[32000] 01-07 06:12:39,166 INFO [RocksDB]                      Options.wal_recovery_mode: 2
[32000] 01-07 06:12:39,166 INFO [RocksDB]                 Options.enable_thread_tracking: 0
[32000] 01-07 06:12:39,166 INFO [RocksDB]                 Options.enable_pipelined_write: 1
[32000] 01-07 06:12:39,166 INFO [RocksDB]        Options.allow_concurrent_memtable_write: 1
[32000] 01-07 06:12:39,166 INFO [RocksDB]     Options.enable_write_thread_adaptive_yield: 1
[32000] 01-07 06:12:39,166 INFO [RocksDB]            Options.write_thread_max_yield_usec: 100
[32000] 01-07 06:12:39,166 INFO [RocksDB]           Options.write_thread_slow_yield_usec: 3
[32000] 01-07 06:12:39,166 INFO [RocksDB]                              Options.row_cache: None
[32000] 01-07 06:12:39,166 INFO [RocksDB]                             Options.wal_filter: None
[32000] 01-07 06:12:39,166 INFO [RocksDB]            Options.avoid_flush_during_recovery: 0
[32000] 01-07 06:12:39,166 INFO [RocksDB]            Options.allow_ingest_behind: 0
[32000] 01-07 06:12:39,166 INFO [RocksDB]            Options.preserve_deletes: 0
[32000] 01-07 06:12:39,166 INFO [RocksDB]            Options.two_write_queues: 0
[32000] 01-07 06:12:39,166 INFO [RocksDB]            Options.manual_wal_flush: 0
[32000] 01-07 06:12:39,166 INFO [RocksDB]            Options.max_background_jobs: 16
[32000] 01-07 06:12:39,166 INFO [RocksDB]            Options.max_background_compactions: -1
[32000] 01-07 06:12:39,166 INFO [RocksDB]            Options.avoid_flush_during_shutdown: 0
[32000] 01-07 06:12:39,166 INFO [RocksDB]          Options.writable_file_max_buffer_size: 1048576
[32000] 01-07 06:12:39,166 INFO [RocksDB]            Options.delayed_write_rate : 52428800
[32000] 01-07 06:12:39,166 INFO [RocksDB]            Options.max_total_wal_size: 0
[32000] 01-07 06:12:39,166 INFO [RocksDB]            Options.delete_obsolete_files_period_micros: 21600000000
[32000] 01-07 06:12:39,166 INFO [RocksDB]                  Options.stats_dump_period_sec: 100000
[32000] 01-07 06:12:39,166 INFO [RocksDB]                         Options.max_open_files: 1024
[32000] 01-07 06:12:39,166 INFO [RocksDB]                         Options.bytes_per_sync: 1048576
[32000] 01-07 06:12:39,166 INFO [RocksDB]                     Options.wal_bytes_per_sync: 0
[32000] 01-07 06:12:39,166 INFO [RocksDB]      Options.compaction_readahead_size: 0
[32000] 01-07 06:12:39,166 INFO [RocksDB]Compression algorithms supported:
[32000] 01-07 06:12:39,166 INFO [RocksDB]	kZSTDNotFinalCompression supported: 0
[32000] 01-07 06:12:39,166 INFO [RocksDB]	kZSTD supported: 0
[32000] 01-07 06:12:39,166 INFO [RocksDB]	kXpressCompression supported: 0
[32000] 01-07 06:12:39,166 INFO [RocksDB]	kLZ4HCCompression supported: 0
[32000] 01-07 06:12:39,166 INFO [RocksDB]	kLZ4Compression supported: 0
[32000] 01-07 06:12:39,166 INFO [RocksDB]	kBZip2Compression supported: 0
[32000] 01-07 06:12:39,166 INFO [RocksDB]	kZlibCompression supported: 1
[32000] 01-07 06:12:39,166 INFO [RocksDB]	kSnappyCompression supported: 1
[32000] 01-07 06:12:39,166 INFO [RocksDB]Fast CRC32 supported: Supported on x86
[32000] 01-07 06:12:39,166 INFO [RocksDB][db/db_impl_open.cc:222] Creating manifest 1 

[32000] 01-07 06:12:39,174 INFO [RocksDB][db/version_set.cc:3085] Recovering from manifest file: MANIFEST-000001

[32000] 01-07 06:12:39,174 INFO [RocksDB][db/column_family.cc:475] --------------- Options for column family [default]:

[32000] 01-07 06:12:39,174 INFO [RocksDB]              Options.comparator: ardb.comparator
[32000] 01-07 06:12:39,174 INFO [RocksDB]          Options.merge_operator: ardb.merger
[32000] 01-07 06:12:39,174 INFO [RocksDB]       Options.compaction_filter: None
[32000] 01-07 06:12:39,174 INFO [RocksDB]       Options.compaction_filter_factory: ardb.compact_filter_factory
[32000] 01-07 06:12:39,174 INFO [RocksDB]        Options.memtable_factory: SkipListFactory
[32000] 01-07 06:12:39,174 INFO [RocksDB]           Options.table_factory: BlockBasedTable
[32000] 01-07 06:12:39,174 INFO [RocksDB]           table_factory options:   flush_block_policy_factory: FlushBlockBySizePolicyFactory (0x7f0b3ac08018)
  cache_index_and_filter_blocks: 0
  cache_index_and_filter_blocks_with_high_priority: 0
  pin_l0_filter_and_index_blocks_in_cache: 0
  index_type: 0
  hash_index_allow_collision: 1
  checksum: 1
  no_block_cache: 0
  block_cache: 0x7f0b3ac81cf0
  block_cache_name: LRUCache
  block_cache_options:
    capacity : 536870912
    num_shard_bits : 6
    strict_capacity_limit : 0
    high_pri_pool_ratio: 0.000
  block_cache_compressed: (nil)
  persistent_cache: (nil)
  block_size: 4096
  block_size_deviation: 10
  block_restart_interval: 16
  index_block_restart_interval: 1
  metadata_block_size: 4096
  partition_filters: 0
  use_delta_encoding: 1
  filter_policy: rocksdb.BuiltinBloomFilter
  whole_key_filtering: 1
  verify_compression: 0
  read_amp_bytes_per_bit: 0
  format_version: 2
  enable_index_compression: 1
  block_align: 0

[32000] 01-07 06:12:39,174 INFO [RocksDB]       Options.write_buffer_size: 268435456
[32000] 01-07 06:12:39,174 INFO [RocksDB] Options.max_write_buffer_number: 6
[32000] 01-07 06:12:39,174 INFO [RocksDB]       Options.compression[0]: NoCompression
[32000] 01-07 06:12:39,174 INFO [RocksDB]       Options.compression[1]: NoCompression
[32000] 01-07 06:12:39,174 INFO [RocksDB]       Options.compression[2]: Snappy
[32000] 01-07 06:12:39,174 INFO [RocksDB]       Options.compression[3]: Snappy
[32000] 01-07 06:12:39,174 INFO [RocksDB]       Options.compression[4]: Snappy
[32000] 01-07 06:12:39,174 INFO [RocksDB]       Options.compression[5]: Snappy
[32000] 01-07 06:12:39,174 INFO [RocksDB]       Options.compression[6]: Snappy
[32000] 01-07 06:12:39,174 INFO [RocksDB]                 Options.bottommost_compression: Disabled
[32000] 01-07 06:12:39,174 INFO [RocksDB]      Options.prefix_extractor: ardb.prefix_extractor
[32000] 01-07 06:12:39,174 INFO [RocksDB]  Options.memtable_insert_with_hint_prefix_extractor: nullptr
[32000] 01-07 06:12:39,174 INFO [RocksDB]            Options.num_levels: 7
[32000] 01-07 06:12:39,174 INFO [RocksDB]       Options.min_write_buffer_number_to_merge: 2
[32000] 01-07 06:12:39,174 INFO [RocksDB]    Options.max_write_buffer_number_to_maintain: 0
[32000] 01-07 06:12:39,174 INFO [RocksDB]           Options.compression_opts.window_bits: -14
[32000] 01-07 06:12:39,174 INFO [RocksDB]                 Options.compression_opts.level: -1
[32000] 01-07 06:12:39,174 INFO [RocksDB]              Options.compression_opts.strategy: 0
[32000] 01-07 06:12:39,174 INFO [RocksDB]        Options.compression_opts.max_dict_bytes: 0
[32000] 01-07 06:12:39,174 INFO [RocksDB]        Options.compression_opts.zstd_max_train_bytes: 0
[32000] 01-07 06:12:39,174 INFO [RocksDB]     Options.level0_file_num_compaction_trigger: 2
[32000] 01-07 06:12:39,174 INFO [RocksDB]         Options.level0_slowdown_writes_trigger: 20
[32000] 01-07 06:12:39,174 INFO [RocksDB]             Options.level0_stop_writes_trigger: 36
[32000] 01-07 06:12:39,174 INFO [RocksDB]                  Options.target_file_size_base: 67108864
[32000] 01-07 06:12:39,174 INFO [RocksDB]            Options.target_file_size_multiplier: 1
[32000] 01-07 06:12:39,174 INFO [RocksDB]               Options.max_bytes_for_level_base: 536870912
[32000] 01-07 06:12:39,174 INFO [RocksDB]Options.level_compaction_dynamic_level_bytes: 0
[32000] 01-07 06:12:39,174 INFO [RocksDB]         Options.max_bytes_for_level_multiplier: 10.000000
[32000] 01-07 06:12:39,174 INFO [RocksDB]Options.max_bytes_for_level_multiplier_addtl[0]: 1
[32000] 01-07 06:12:39,174 INFO [RocksDB]Options.max_bytes_for_level_multiplier_addtl[1]: 1
[32000] 01-07 06:12:39,174 INFO [RocksDB]Options.max_bytes_for_level_multiplier_addtl[2]: 1
[32000] 01-07 06:12:39,174 INFO [RocksDB]Options.max_bytes_for_level_multiplier_addtl[3]: 1
[32000] 01-07 06:12:39,174 INFO [RocksDB]Options.max_bytes_for_level_multiplier_addtl[4]: 1
[32000] 01-07 06:12:39,174 INFO [RocksDB]Options.max_bytes_for_level_multiplier_addtl[5]: 1
[32000] 01-07 06:12:39,174 INFO [RocksDB]Options.max_bytes_for_level_multiplier_addtl[6]: 1
[32000] 01-07 06:12:39,174 INFO [RocksDB]      Options.max_sequential_skip_in_iterations: 8
[32000] 01-07 06:12:39,174 INFO [RocksDB]                   Options.max_compaction_bytes: 1677721600
[32000] 01-07 06:12:39,174 INFO [RocksDB]                       Options.arena_block_size: 33554432
[32000] 01-07 06:12:39,174 INFO [RocksDB]  Options.soft_pending_compaction_bytes_limit: 68719476736
[32000] 01-07 06:12:39,174 INFO [RocksDB]  Options.hard_pending_compaction_bytes_limit: 274877906944
[32000] 01-07 06:12:39,174 INFO [RocksDB]      Options.rate_limit_delay_max_milliseconds: 100
[32000] 01-07 06:12:39,174 INFO [RocksDB]               Options.disable_auto_compactions: 0
[32000] 01-07 06:12:39,174 INFO [RocksDB]                       Options.compaction_style: kCompactionStyleLevel
[32000] 01-07 06:12:39,174 INFO [RocksDB]                         Options.compaction_pri: kByCompensatedSize
[32000] 01-07 06:12:39,174 INFO [RocksDB]Options.compaction_options_universal.size_ratio: 1
[32000] 01-07 06:12:39,174 INFO [RocksDB]Options.compaction_options_universal.min_merge_width: 2
[32000] 01-07 06:12:39,174 INFO [RocksDB]Options.compaction_options_universal.max_merge_width: 4294967295
[32000] 01-07 06:12:39,174 INFO [RocksDB]Options.compaction_options_universal.max_size_amplification_percent: 200
[32000] 01-07 06:12:39,174 INFO [RocksDB]Options.compaction_options_universal.compression_size_percent: -1
[32000] 01-07 06:12:39,174 INFO [RocksDB]Options.compaction_options_universal.stop_style: kCompactionStopStyleTotalSize
[32000] 01-07 06:12:39,174 INFO [RocksDB]Options.compaction_options_fifo.max_table_files_size: 1073741824
[32000] 01-07 06:12:39,174 INFO [RocksDB]Options.compaction_options_fifo.allow_compaction: 0
[32000] 01-07 06:12:39,174 INFO [RocksDB]Options.compaction_options_fifo.ttl: 0
[32000] 01-07 06:12:39,174 INFO [RocksDB]                  Options.table_properties_collectors: 
[32000] 01-07 06:12:39,174 INFO [RocksDB]                  Options.inplace_update_support: 0
[32000] 01-07 06:12:39,174 INFO [RocksDB]                Options.inplace_update_num_locks: 10000
[32000] 01-07 06:12:39,174 INFO [RocksDB]              Options.memtable_prefix_bloom_size_ratio: 0.000000
[32000] 01-07 06:12:39,174 INFO [RocksDB]  Options.memtable_huge_page_size: 0
[32000] 01-07 06:12:39,174 INFO [RocksDB]                          Options.bloom_locality: 0
[32000] 01-07 06:12:39,174 INFO [RocksDB]                   Options.max_successive_merges: 0
[32000] 01-07 06:12:39,174 INFO [RocksDB]               Options.optimize_filters_for_hits: 0
[32000] 01-07 06:12:39,174 INFO [RocksDB]               Options.paranoid_file_checks: 0
[32000] 01-07 06:12:39,174 INFO [RocksDB]               Options.force_consistency_checks: 0
[32000] 01-07 06:12:39,174 INFO [RocksDB]               Options.report_bg_io_stats: 0
[32000] 01-07 06:12:39,174 INFO [RocksDB]                              Options.ttl: 0
[32000] 01-07 06:12:39,174 INFO [RocksDB][db/version_set.cc:3361] Recovered from manifest file:/home/ubuntu/ardb/data/rocksdb/MANIFEST-000001 succeeded,manifest_file_number is 1, next_file_number is 3, last_sequence is 0, log_number is 0,prev_log_number is 0,max_column_family is 0,min_log_number_to_keep is 0

[32000] 01-07 06:12:39,174 INFO [RocksDB][db/version_set.cc:3369] Column family [default] (ID 0), log number is 0

[32000] 01-07 06:12:39,178 INFO [RocksDB][db/db_impl_open.cc:1219] DB pointer 0x7f0b3a5be000
[32000] 01-07 06:12:39,178 INFO Ardb init engine:rocksdb success.
[32000] 01-07 06:12:39,180 INFO Ardb will accept connections on 0.0.0.0:16379
[32000] 01-07 06:12:39,181 INFO Ardb started with version 0.10.0
[32000] 01-07 06:12:40,182 INFO ========================Period Statistics Dump Begin===========================
[32000] 01-07 06:12:40,182 INFO slave_sync_total_commands_processed:0
[32000] 01-07 06:12:40,182 INFO slave_sync_instantaneous_ops_per_sec:0
[32000] 01-07 06:12:40,182 INFO total_commands_processed:0
[32000] 01-07 06:12:40,182 INFO instantaneous_ops_per_sec:0
[32000] 01-07 06:12:40,182 INFO total_connections_received:0
[32000] 01-07 06:12:40,182 INFO rejected_connections:0
[32000] 01-07 06:12:40,182 INFO ========================Period Statistics Dump End===========================
[32000] 01-07 06:12:51,991 INFO [RocksDB][db/version_set.cc:2847] Creating manifest 6

[32000] 01-07 06:12:51,997 INFO [RocksDB][db/column_family.cc:475] --------------- Options for column family [0]:

[32000] 01-07 06:12:51,997 INFO [RocksDB]              Options.comparator: ardb.comparator
[32000] 01-07 06:12:51,997 INFO [RocksDB]          Options.merge_operator: ardb.merger
[32000] 01-07 06:12:51,997 INFO [RocksDB]       Options.compaction_filter: None
[32000] 01-07 06:12:51,997 INFO [RocksDB]       Options.compaction_filter_factory: ardb.compact_filter_factory
[32000] 01-07 06:12:51,997 INFO [RocksDB]        Options.memtable_factory: SkipListFactory
[32000] 01-07 06:12:51,997 INFO [RocksDB]           Options.table_factory: BlockBasedTable
[32000] 01-07 06:12:51,998 INFO [RocksDB]           table_factory options:   flush_block_policy_factory: FlushBlockBySizePolicyFactory (0x7f0b3ac08018)
  cache_index_and_filter_blocks: 0
  cache_index_and_filter_blocks_with_high_priority: 0
  pin_l0_filter_and_index_blocks_in_cache: 0
  index_type: 0
  hash_index_allow_collision: 1
  checksum: 1
  no_block_cache: 0
  block_cache: 0x7f0b3ac81cf0
  block_cache_name: LRUCache
  block_cache_options:
    capacity : 536870912
    num_shard_bits : 6
    strict_capacity_limit : 0
    high_pri_pool_ratio: 0.000
  block_cache_compressed: (nil)
  persistent_cache: (nil)
  block_size: 4096
  block_size_deviation: 10
  block_restart_interval: 16
  index_block_restart_interval: 1
  metadata_block_size: 4096
  partition_filters: 0
  use_delta_encoding: 1
  filter_policy: rocksdb.BuiltinBloomFilter
  whole_key_filtering: 1
  verify_compression: 0
  read_amp_bytes_per_bit: 0
  format_version: 2
  enable_index_compression: 1
  block_align: 0

[32000] 01-07 06:12:51,998 INFO [RocksDB]       Options.write_buffer_size: 268435456
[32000] 01-07 06:12:51,998 INFO [RocksDB] Options.max_write_buffer_number: 6
[32000] 01-07 06:12:51,998 INFO [RocksDB]       Options.compression[0]: NoCompression
[32000] 01-07 06:12:51,998 INFO [RocksDB]       Options.compression[1]: NoCompression
[32000] 01-07 06:12:51,998 INFO [RocksDB]       Options.compression[2]: Snappy
[32000] 01-07 06:12:51,998 INFO [RocksDB]       Options.compression[3]: Snappy
[32000] 01-07 06:12:51,998 INFO [RocksDB]       Options.compression[4]: Snappy
[32000] 01-07 06:12:51,998 INFO [RocksDB]       Options.compression[5]: Snappy
[32000] 01-07 06:12:51,998 INFO [RocksDB]       Options.compression[6]: Snappy
[32000] 01-07 06:12:51,998 INFO [RocksDB]                 Options.bottommost_compression: Disabled
[32000] 01-07 06:12:51,998 INFO [RocksDB]      Options.prefix_extractor: ardb.prefix_extractor
[32000] 01-07 06:12:51,998 INFO [RocksDB]  Options.memtable_insert_with_hint_prefix_extractor: nullptr
[32000] 01-07 06:12:51,998 INFO [RocksDB]            Options.num_levels: 7
[32000] 01-07 06:12:51,998 INFO [RocksDB]       Options.min_write_buffer_number_to_merge: 2
[32000] 01-07 06:12:51,998 INFO [RocksDB]    Options.max_write_buffer_number_to_maintain: 0
[32000] 01-07 06:12:51,998 INFO [RocksDB]           Options.compression_opts.window_bits: -14
[32000] 01-07 06:12:51,998 INFO [RocksDB]                 Options.compression_opts.level: -1
[32000] 01-07 06:12:51,998 INFO [RocksDB]              Options.compression_opts.strategy: 0
[32000] 01-07 06:12:51,998 INFO [RocksDB]        Options.compression_opts.max_dict_bytes: 0
[32000] 01-07 06:12:51,998 INFO [RocksDB]        Options.compression_opts.zstd_max_train_bytes: 0
[32000] 01-07 06:12:51,998 INFO [RocksDB]     Options.level0_file_num_compaction_trigger: 2
[32000] 01-07 06:12:51,998 INFO [RocksDB]         Options.level0_slowdown_writes_trigger: 20
[32000] 01-07 06:12:51,998 INFO [RocksDB]             Options.level0_stop_writes_trigger: 36
[32000] 01-07 06:12:51,998 INFO [RocksDB]                  Options.target_file_size_base: 67108864
[32000] 01-07 06:12:51,998 INFO [RocksDB]            Options.target_file_size_multiplier: 1
[32000] 01-07 06:12:51,998 INFO [RocksDB]               Options.max_bytes_for_level_base: 536870912
[32000] 01-07 06:12:51,998 INFO [RocksDB]Options.level_compaction_dynamic_level_bytes: 0
[32000] 01-07 06:12:51,998 INFO [RocksDB]         Options.max_bytes_for_level_multiplier: 10.000000
[32000] 01-07 06:12:51,998 INFO [RocksDB]Options.max_bytes_for_level_multiplier_addtl[0]: 1
[32000] 01-07 06:12:51,998 INFO [RocksDB]Options.max_bytes_for_level_multiplier_addtl[1]: 1
[32000] 01-07 06:12:51,998 INFO [RocksDB]Options.max_bytes_for_level_multiplier_addtl[2]: 1
[32000] 01-07 06:12:51,998 INFO [RocksDB]Options.max_bytes_for_level_multiplier_addtl[3]: 1
[32000] 01-07 06:12:51,998 INFO [RocksDB]Options.max_bytes_for_level_multiplier_addtl[4]: 1
[32000] 01-07 06:12:51,998 INFO [RocksDB]Options.max_bytes_for_level_multiplier_addtl[5]: 1
[32000] 01-07 06:12:51,998 INFO [RocksDB]Options.max_bytes_for_level_multiplier_addtl[6]: 1
[32000] 01-07 06:12:51,998 INFO [RocksDB]      Options.max_sequential_skip_in_iterations: 8
[32000] 01-07 06:12:51,998 INFO [RocksDB]                   Options.max_compaction_bytes: 1677721600
[32000] 01-07 06:12:51,998 INFO [RocksDB]                       Options.arena_block_size: 33554432
[32000] 01-07 06:12:51,998 INFO [RocksDB]  Options.soft_pending_compaction_bytes_limit: 68719476736
[32000] 01-07 06:12:51,998 INFO [RocksDB]  Options.hard_pending_compaction_bytes_limit: 274877906944
[32000] 01-07 06:12:51,998 INFO [RocksDB]      Options.rate_limit_delay_max_milliseconds: 100
[32000] 01-07 06:12:51,998 INFO [RocksDB]               Options.disable_auto_compactions: 0
[32000] 01-07 06:12:51,998 INFO [RocksDB]                       Options.compaction_style: kCompactionStyleLevel
[32000] 01-07 06:12:51,998 INFO [RocksDB]                         Options.compaction_pri: kByCompensatedSize
[32000] 01-07 06:12:51,998 INFO [RocksDB]Options.compaction_options_universal.size_ratio: 1
[32000] 01-07 06:12:51,998 INFO [RocksDB]Options.compaction_options_universal.min_merge_width: 2
[32000] 01-07 06:12:51,998 INFO [RocksDB]Options.compaction_options_universal.max_merge_width: 4294967295
[32000] 01-07 06:12:51,998 INFO [RocksDB]Options.compaction_options_universal.max_size_amplification_percent: 200
[32000] 01-07 06:12:51,998 INFO [RocksDB]Options.compaction_options_universal.compression_size_percent: -1
[32000] 01-07 06:12:51,998 INFO [RocksDB]Options.compaction_options_universal.stop_style: kCompactionStopStyleTotalSize
[32000] 01-07 06:12:51,998 INFO [RocksDB]Options.compaction_options_fifo.max_table_files_size: 1073741824
[32000] 01-07 06:12:51,998 INFO [RocksDB]Options.compaction_options_fifo.allow_compaction: 0
[32000] 01-07 06:12:51,998 INFO [RocksDB]Options.compaction_options_fifo.ttl: 0
[32000] 01-07 06:12:51,998 INFO [RocksDB]                  Options.table_properties_collectors: 
[32000] 01-07 06:12:51,998 INFO [RocksDB]                  Options.inplace_update_support: 0
[32000] 01-07 06:12:51,998 INFO [RocksDB]                Options.inplace_update_num_locks: 10000
[32000] 01-07 06:12:51,998 INFO [RocksDB]              Options.memtable_prefix_bloom_size_ratio: 0.000000
[32000] 01-07 06:12:51,998 INFO [RocksDB]  Options.memtable_huge_page_size: 0
[32000] 01-07 06:12:51,998 INFO [RocksDB]                          Options.bloom_locality: 0
[32000] 01-07 06:12:51,998 INFO [RocksDB]                   Options.max_successive_merges: 0
[32000] 01-07 06:12:51,998 INFO [RocksDB]               Options.optimize_filters_for_hits: 0
[32000] 01-07 06:12:51,998 INFO [RocksDB]               Options.paranoid_file_checks: 0
[32000] 01-07 06:12:51,998 INFO [RocksDB]               Options.force_consistency_checks: 0
[32000] 01-07 06:12:51,998 INFO [RocksDB]               Options.report_bg_io_stats: 0
[32000] 01-07 06:12:51,998 INFO [RocksDB]                              Options.ttl: 0
[32000] 01-07 06:12:51,998 INFO [RocksDB][db/db_impl.cc:1396] Created column family [0] (ID 1)
[32000] 01-07 06:12:51,001 INFO Create ColumnFamilyHandle with name:0 success.
[32000] 01-07 06:12:59,260 INFO [RocksDB][db/db_impl_write.cc:1373] [0] New memtable created with log file: #9. Immutable memtables: 0.

[32000] 01-07 06:13:06,553 INFO [RocksDB][db/db_impl_write.cc:1373] [0] New memtable created with log file: #10. Immutable memtables: 1.

[32000] 01-07 06:13:06,553 INFO [RocksDB][db/db_impl_compaction_flush.cc:80] [JOB 2] Syncing log #3
[32000] 01-07 06:13:07,144 INFO [RocksDB][db/db_impl_compaction_flush.cc:80] [JOB 2] Syncing log #9
[32000] 01-07 06:13:10,510 INFO [RocksDB](Original Log Time 2020/01/07-06:13:06.553758) [db/db_impl_compaction_flush.cc:1424] Calling FlushMemTableToOutputFile with column family [0], flush slots available 4, compaction slots available 1, flush slots scheduled 1, compaction slots scheduled 0
[32000] 01-07 06:13:10,510 INFO [RocksDB][db/flush_job.cc:301] [0] [JOB 2] Flushing memtable with next log file: 9

[32000] 01-07 06:13:10,510 INFO [RocksDB][db/flush_job.cc:301] [0] [JOB 2] Flushing memtable with next log file: 10

[32000] 01-07 06:13:10,510 INFO [RocksDB]EVENT_LOG_v1 {"time_micros": 1578377590510409, "job": 2, "event": "flush_started", "num_memtables": 2, "num_entries": 3410886, "num_deletes": 0, "memory_usage": 520100920, "flush_reason": "Write Buffer Full"}
[32000] 01-07 06:13:10,510 INFO [RocksDB][db/flush_job.cc:331] [0] [JOB 2] Level-0 flush table #11: started
[32000] 01-07 06:13:15,514 INFO [RocksDB][db/db_impl_write.cc:1373] [0] New memtable created with log file: #12. Immutable memtables: 2.

[32000] 01-07 06:13:17,319 INFO [RocksDB]EVENT_LOG_v1 {"time_micros": 1578377597319230, "cf_name": "0", "job": 2, "event": "table_file_creation", "file_number": 11, "file_size": 331661081, "table_properties": {"data_size": 322240314, "index_size": 4324263, "filter_size": 5095462, "raw_key_size": 134228014, "raw_average_key_size": 42, "raw_value_size": 258132400, "raw_average_value_size": 81, "num_data_blocks": 80289, "num_entries": 3167257, "filter_policy_name": "rocksdb.BuiltinBloomFilter", "kDeletedKeys": "0", "kMergeOperands": "0"}}
[32000] 01-07 06:13:17,319 INFO [RocksDB][db/flush_job.cc:371] [0] [JOB 2] Level-0 flush table #11: 331661081 bytes OK
[32000] 01-07 06:13:17,322 INFO [RocksDB](Original Log Time 2020/01/07-06:13:17.320404) [db/memtable_list.cc:377] [0] Level-0 commit table #11 started
[32000] 01-07 06:13:17,322 INFO [RocksDB](Original Log Time 2020/01/07-06:13:17.322056) [db/memtable_list.cc:409] [0] Level-0 commit table #11: memtable #1 done
[32000] 01-07 06:13:17,322 INFO [RocksDB](Original Log Time 2020/01/07-06:13:17.322062) [db/memtable_list.cc:409] [0] Level-0 commit table #11: memtable #2 done
[32000] 01-07 06:13:17,322 INFO [RocksDB](Original Log Time 2020/01/07-06:13:17.322075) EVENT_LOG_v1 {"time_micros": 1578377597322069, "job": 2, "event": "flush_finished", "output_compression": "NoCompression", "lsm_state": [1, 0, 0, 0, 0, 0, 0], "immutable_memtables": 1}
[32000] 01-07 06:13:17,322 INFO [RocksDB](Original Log Time 2020/01/07-06:13:17.322087) [db/db_impl_compaction_flush.cc:177] [0] Level summary: base level 1 max bytes base 536870912 files[1 0 0 0 0 0 0] max score 0.62

[32000] 01-07 06:13:17,322 INFO [RocksDB][db/db_impl_files.cc:342] [JOB 2] Try to delete WAL files size 402748323, prev total WAL file size 651891385, number of live WAL files 4.

[32000] 01-07 06:13:24,047 INFO [RocksDB][db/db_impl_write.cc:1373] [0] New memtable created with log file: #13. Immutable memtables: 1.

[32000] 01-07 06:13:24,047 INFO [RocksDB][db/db_impl_compaction_flush.cc:80] [JOB 3] Syncing log #10
[32000] 01-07 06:13:24,620 INFO [RocksDB][db/db_impl_compaction_flush.cc:80] [JOB 3] Syncing log #12
[32000] 01-07 06:13:26,840 INFO [RocksDB](Original Log Time 2020/01/07-06:13:24.047380) [db/db_impl_compaction_flush.cc:1424] Calling FlushMemTableToOutputFile with column family [0], flush slots available 4, compaction slots available 1, flush slots scheduled 1, compaction slots scheduled 0
[32000] 01-07 06:13:26,840 INFO [RocksDB][db/flush_job.cc:301] [0] [JOB 3] Flushing memtable with next log file: 12

[32000] 01-07 06:13:26,840 INFO [RocksDB][db/flush_job.cc:301] [0] [JOB 3] Flushing memtable with next log file: 13

[32000] 01-07 06:13:26,840 INFO [RocksDB]EVENT_LOG_v1 {"time_micros": 1578377606840712, "job": 3, "event": "flush_started", "num_memtables": 2, "num_entries": 3476827, "num_deletes": 0, "memory_usage": 519920456, "flush_reason": "Write Buffer Full"}
[32000] 01-07 06:13:26,840 INFO [RocksDB][db/flush_job.cc:331] [0] [JOB 3] Level-0 flush table #14: started
[32000] 01-07 06:13:33,339 INFO [RocksDB][db/db_impl_write.cc:1373] [0] New memtable created with log file: #15. Immutable memtables: 2.

[32000] 01-07 06:13:33,351 INFO [RocksDB]EVENT_LOG_v1 {"time_micros": 1578377613351017, "cf_name": "0", "job": 3, "event": "table_file_creation", "file_number": 14, "file_size": 337994421, "table_properties": {"data_size": 328389858, "index_size": 4409864, "filter_size": 5193657, "raw_key_size": 136820772, "raw_average_key_size": 42, "raw_value_size": 263121522, "raw_average_value_size": 81, "num_data_blocks": 81826, "num_entries": 3228484, "filter_policy_name": "rocksdb.BuiltinBloomFilter", "kDeletedKeys": "0", "kMergeOperands": "0"}}
[32000] 01-07 06:13:33,351 INFO [RocksDB][db/flush_job.cc:371] [0] [JOB 3] Level-0 flush table #14: 337994421 bytes OK
[32000] 01-07 06:13:33,353 INFO [RocksDB](Original Log Time 2020/01/07-06:13:33.352194) [db/memtable_list.cc:377] [0] Level-0 commit table #14 started
[32000] 01-07 06:13:33,353 INFO [RocksDB](Original Log Time 2020/01/07-06:13:33.353885) [db/memtable_list.cc:409] [0] Level-0 commit table #14: memtable #1 done
[32000] 01-07 06:13:33,353 INFO [RocksDB](Original Log Time 2020/01/07-06:13:33.353886) [db/memtable_list.cc:409] [0] Level-0 commit table #14: memtable #2 done
[32000] 01-07 06:13:33,353 INFO [RocksDB](Original Log Time 2020/01/07-06:13:33.353895) EVENT_LOG_v1 {"time_micros": 1578377613353890, "job": 3, "event": "flush_finished", "output_compression": "NoCompression", "lsm_state": [2, 0, 0, 0, 0, 0, 0], "immutable_memtables": 1}
[32000] 01-07 06:13:33,353 INFO [RocksDB](Original Log Time 2020/01/07-06:13:33.353922) [db/db_impl_compaction_flush.cc:177] [0] Level summary: base level 1 max bytes base 536870912 files[2 0 0 0 0 0 0] max score 1.25

[32000] 01-07 06:13:33,353 INFO [RocksDB][db/db_impl_files.cc:342] [JOB 3] Try to delete WAL files size 410608091, prev total WAL file size 603008227, number of live WAL files 4.

[32000] 01-07 06:13:33,354 WARN [RocksDB][db/db_impl.cc:491] ------- DUMPING STATS -------
[32000] 01-07 06:13:33,354 WARN [RocksDB][db/db_impl.cc:492] 
** DB Stats **
Uptime(secs): 54.2 total, 54.2 interval
Cumulative writes: 1216K writes, 8516K keys, 1214K commit groups, 1.0 writes per commit group, ingest: 0.94 GB, 17.70 MB/s
Cumulative WAL: 1216K writes, 0 syncs, 1216686.00 writes per sync, written: 0.94 GB, 17.70 MB/s
Cumulative stall: 00:00:0.000 H:M:S, 0.0 percent
Interval writes: 1216K writes, 8516K keys, 1214K commit groups, 1.0 writes per commit group, ingest: 959.17 MB, 17.70 MB/s
Interval WAL: 1216K writes, 0 syncs, 1216686.00 writes per sync, written: 0.94 MB, 17.70 MB/s
Interval stall: 00:00:0.000 H:M:S, 0.0 percent

** Compaction Stats [default] **
Level    Files   Size     Score Read(GB)  Rn(GB) Rnp1(GB) Write(GB) Wnew(GB) Moved(GB) W-Amp Rd(MB/s) Wr(MB/s) Comp(sec) Comp(cnt) Avg(sec) KeyIn KeyDrop
----------------------------------------------------------------------------------------------------------------------------------------------------------
 Sum      0/0    0.00 KB   0.0      0.0     0.0      0.0       0.0     
[32000] 01-07 06:13:33,354 INFO [RocksDB][db/compaction_job.cc:1531] [0] [JOB 4] Compacting 2@0 files to L1, score 1.25
[32000] 01-07 06:13:33,354 INFO [RocksDB][db/compaction_job.cc:1535] [0] Compaction start summary: Base version 4 Base level 0, inputs: [14(322MB) 11(316MB)]

[32000] 01-07 06:13:33,354 INFO [RocksDB]EVENT_LOG_v1 {"time_micros": 1578377613354295, "job": 4, "event": "compaction_started", "compaction_reason": "LevelL0FilesNum", "files_L0": [14, 11], "score": 1.24733, "input_data_size": 669655502}
[32000] 01-07 06:13:34,791 INFO [RocksDB][db/compaction_job.cc:1211] [0] [JOB 4] Generated table #16: 1202016 keys, 69791469 bytes
[32000] 01-07 06:13:34,791 INFO [RocksDB]EVENT_LOG_v1 {"time_micros": 1578377614791677, "cf_name": "0", "job": 4, "event": "table_file_creation", "file_number": 16, "file_size": 69791469, "table_properties": {"data_size": 67110100, "index_size": 978383, "filter_size": 1701955, "raw_key_size": 57316090, "raw_average_key_size": 47, "raw_value_size": 27850014, "raw_average_value_size": 23, "num_data_blocks": 16598, "num_entries": 1202016, "filter_policy_name": "rocksdb.BuiltinBloomFilter", "kDeletedKeys": "0", "kMergeOperands": "0"}}
[32000] 01-07 06:13:36,090 INFO [RocksDB][db/compaction_job.cc:1211] [0] [JOB 4] Generated table #17: 597527 keys, 68990592 bytes
[32000] 01-07 06:13:36,090 INFO [RocksDB]EVENT_LOG_v1 {"time_micros": 1578377616090477, "cf_name": "0", "job": 4, "event": "table_file_creation", "file_number": 17, "file_size": 68990592, "table_properties": {"data_size": 67112786, "index_size": 888855, "filter_size": 987920, "raw_key_size": 24596256, "raw_average_key_size": 41, "raw_value_size": 56765128, "raw_average_value_size": 95, "num_data_blocks": 16741, "num_entries": 597527, "filter_policy_name": "rocksdb.BuiltinBloomFilter", "kDeletedKeys": "0", "kMergeOperands": "0"}}
[32000] 01-07 06:13:37,391 INFO [RocksDB][db/compaction_job.cc:1211] [0] [JOB 4] Generated table #18: 597531 keys, 68986765 bytes
[32000] 01-07 06:13:37,391 INFO [RocksDB]EVENT_LOG_v1 {"time_micros": 1578377617391671, "cf_name": "0", "job": 4, "event": "table_file_creation", "file_number": 18, "file_size": 68986765, "table_properties": {"data_size": 67109661, "index_size": 888169, "filter_size": 987904, "raw_key_size": 24595789, "raw_average_key_size": 41, "raw_value_size": 56765445, "raw_average_value_size": 95, "num_data_blocks": 16739, "num_entries": 597531, "filter_policy_name": "rocksdb.BuiltinBloomFilter", "kDeletedKeys": "0", "kMergeOperands": "0"}}
[32000] 01-07 06:13:38,723 INFO [RocksDB][db/compaction_job.cc:1211] [0] [JOB 4] Generated table #19: 597523 keys, 68989413 bytes
[32000] 01-07 06:13:38,723 INFO [RocksDB]EVENT_LOG_v1 {"time_micros": 1578377618723302, "cf_name": "0", "job": 4, "event": "table_file_creation", "file_number": 19, "file_size": 68989413, "table_properties": {"data_size": 67111843, "index_size": 888648, "filter_size": 987891, "raw_key_size": 24594199, "raw_average_key_size": 41, "raw_value_size": 56764613, "raw_average_value_size": 94, "num_data_blocks": 16738, "num_entries": 597523, "filter_policy_name": "rocksdb.BuiltinBloomFilter", "kDeletedKeys": "0", "kMergeOperands": "0"}}
[32000] 01-07 06:13:39,004 INFO [RocksDB][db/compaction_job.cc:1211] [0] [JOB 4] Generated table #20: 597514 keys, 68986768 bytes
[32000] 01-07 06:13:39,004 INFO [RocksDB]EVENT_LOG_v1 {"time_micros": 1578377620004209, "cf_name": "0", "job": 4, "event": "table_file_creation", "file_number": 20, "file_size": 68986768, "table_properties": {"data_size": 67109739, "index_size": 888124, "filter_size": 987874, "raw_key_size": 24593496, "raw_average_key_size": 41, "raw_value_size": 56763875, "raw_average_value_size": 95, "num_data_blocks": 16738, "num_entries": 597514, "filter_policy_name": "rocksdb.BuiltinBloomFilter", "kDeletedKeys": "0", "kMergeOperands": "0"}}
[32000] 01-07 06:13:41,312 INFO [RocksDB][db/compaction_job.cc:1211] [0] [JOB 4] Generated table #21: 597553 keys, 68989981 bytes
[32000] 01-07 06:13:41,312 INFO [RocksDB]EVENT_LOG_v1 {"time_micros": 1578377621312285, "cf_name": "0", "job": 4, "event": "table_file_creation", "file_number": 21, "file_size": 68989981, "table_properties": {"data_size": 67112646, "index_size": 888370, "filter_size": 987934, "raw_key_size": 24596356, "raw_average_key_size": 41, "raw_value_size": 56767535, "raw_average_value_size": 95, "num_data_blocks": 16739, "num_entries": 597553, "filter_policy_name": "rocksdb.BuiltinBloomFilter", "kDeletedKeys": "0", "kMergeOperands": "0"}}
[32000] 01-07 06:13:41,941 INFO [RocksDB][db/db_impl_write.cc:1373] [0] New memtable created with log file: #23. Immutable memtables: 1.

[32000] 01-07 06:13:41,941 INFO [RocksDB][db/db_impl_compaction_flush.cc:80] [JOB 5] Syncing log #13
[32000] 01-07 06:13:42,781 INFO [RocksDB][db/db_impl_compaction_flush.cc:80] [JOB 5] Syncing log #15
[32000] 01-07 06:13:44,271 INFO [RocksDB][db/compaction_job.cc:1211] [0] [JOB 4] Generated table #22: 597529 keys, 68988317 bytes
[32000] 01-07 06:13:44,271 INFO [RocksDB]EVENT_LOG_v1 {"time_micros": 1578377624271498, "cf_name": "0", "job": 4, "event": "table_file_creation", "file_number": 22, "file_size": 68988317, "table_properties": {"data_size": 67110928, "index_size": 888456, "filter_size": 987902, "raw_key_size": 24596651, "raw_average_key_size": 41, "raw_value_size": 56765237, "raw_average_value_size": 94, "num_data_blocks": 16739, "num_entries": 597529, "filter_policy_name": "rocksdb.BuiltinBloomFilter", "kDeletedKeys": "0", "kMergeOperands": "0"}}
[32000] 01-07 06:13:44,273 INFO [RocksDB](Original Log Time 2020/01/07-06:13:41.941156) [db/db_impl_compaction_flush.cc:1424] Calling FlushMemTableToOutputFile with column family [0], flush slots available 4, compaction slots available 1, flush slots scheduled 1, compaction slots scheduled 1
[32000] 01-07 06:13:44,273 INFO [RocksDB][db/flush_job.cc:301] [0] [JOB 5] Flushing memtable with next log file: 15

[32000] 01-07 06:13:44,273 INFO [RocksDB][db/flush_job.cc:301] [0] [JOB 5] Flushing memtable with next log file: 23

[32000] 01-07 06:13:44,273 INFO [RocksDB]EVENT_LOG_v1 {"time_micros": 1578377624273312, "job": 5, "event": "flush_started", "num_memtables": 2, "num_entries": 3160293, "num_deletes": 0, "memory_usage": 520101048, "flush_reason": "Write Buffer Full"}
[32000] 01-07 06:13:44,273 INFO [RocksDB][db/flush_job.cc:331] [0] [JOB 5] Level-0 flush table #24: started
[32000] 01-07 06:13:46,824 INFO [RocksDB][db/compaction_job.cc:1211] [0] [JOB 4] Generated table #25: 597542 keys, 68988503 bytes
[32000] 01-07 06:13:46,824 INFO [RocksDB]EVENT_LOG_v1 {"time_micros": 1578377626824673, "cf_name": "0", "job": 4, "event": "table_file_creation", "file_number": 25, "file_size": 68988503, "table_properties": {"data_size": 67111221, "index_size": 888321, "filter_size": 987930, "raw_key_size": 24596045, "raw_average_key_size": 41, "raw_value_size": 56766490, "raw_average_value_size": 95, "num_data_blocks": 16740, "num_entries": 597542, "filter_policy_name": "rocksdb.BuiltinBloomFilter", "kDeletedKeys": "0", "kMergeOperands": "0"}}
[32000] 01-07 06:13:50,091 INFO [RocksDB][db/compaction_job.cc:1211] [0] [JOB 4] Generated table #26: 597514 keys, 68989021 bytes
[32000] 01-07 06:13:50,091 INFO [RocksDB]EVENT_LOG_v1 {"time_micros": 1578377630091689, "cf_name": "0", "job": 4, "event": "table_file_creation", "file_number": 26, "file_size": 68989021, "table_properties": {"data_size": 67111366, "index_size": 888719, "filter_size": 987905, "raw_key_size": 24594453, "raw_average_key_size": 41, "raw_value_size": 56763875, "raw_average_value_size": 95, "num_data_blocks": 16741, "num_entries": 597514, "filter_policy_name": "rocksdb.BuiltinBloomFilter", "kDeletedKeys": "0", "kMergeOperands": "0"}}
[32000] 01-07 06:13:52,205 INFO [RocksDB][db/compaction_job.cc:1211] [0] [JOB 4] Generated table #27: 413491 keys, 47732554 bytes
[32000] 01-07 06:13:52,205 INFO [RocksDB]EVENT_LOG_v1 {"time_micros": 1578377632205299, "cf_name": "0", "job": 4, "event": "table_file_creation", "file_number": 27, "file_size": 47732554, "table_properties": {"data_size": 46434857, "index_size": 613084, "filter_size": 683583, "raw_key_size": 16969432, "raw_average_key_size": 41, "raw_value_size": 39281654, "raw_average_value_size": 95, "num_data_blocks": 11580, "num_entries": 413491, "filter_policy_name": "rocksdb.BuiltinBloomFilter", "kDeletedKeys": "0", "kMergeOperands": "0"}}
[32000] 01-07 06:13:52,206 INFO [RocksDB][db/compaction_job.cc:1287] [0] [JOB 4] Compacted 2@0 files to L1 => 669433383 bytes
[32000] 01-07 06:13:52,208 INFO [RocksDB](Original Log Time 2020/01/07-06:13:52.208385) [db/compaction_job.cc:685] [0] compacted to: base level 1 max bytes base 536870912 files[0 10 0 0 0 0 0] max score 1.25, MB/sec: 35.5 rd, 35.5 wr, level 1, files in(2, 0) out(10) MB in(638.6, 0.0) out(638.4), read-write-amplify(2.0) write-amplify(1.0) OK, records in: 6395741, records dropped: 1 output_compression: NoCompression

[32000] 01-07 06:13:52,208 INFO [RocksDB](Original Log Time 2020/01/07-06:13:52.208409) EVENT_LOG_v1 {"time_micros": 1578377632208404, "job": 4, "event": "compaction_finished", "compaction_time_micros": 18852260, "output_level": 1, "num_output_files": 10, "total_output_size": 669433383, "num_input_records": 6395741, "num_output_records": 6395740, "num_subcompactions": 1, "output_compression": "NoCompression", "num_single_delete_mismatches": 0, "num_single_delete_fallthrough": 0, "lsm_state": [0, 10, 0, 0, 0, 0, 0]}
[32000] 01-07 06:13:52,209 INFO [RocksDB][db/compaction_job.cc:1531] [0] [JOB 6] Compacting 1@1 files to L2, score 1.25
[32000] 01-07 06:13:52,209 INFO [RocksDB][db/compaction_job.cc:1535] [0] Compaction start summary: Base version 5 Base level 1, inputs: [16(66MB)]

[32000] 01-07 06:13:52,209 INFO [RocksDB]EVENT_LOG_v1 {"time_micros": 1578377632209039, "job": 6, "event": "compaction_started", "compaction_reason": "LevelMaxLevelSize", "files_L1": [16], "score": 1.24692, "input_data_size": 69791469}
[32000] 01-07 06:13:52,679 INFO [RocksDB][db/db_impl_write.cc:1373] [0] New memtable created with log file: #29. Immutable memtables: 2.

[32000] 01-07 06:13:54,031 INFO [RocksDB]EVENT_LOG_v1 {"time_micros": 1578377634031071, "cf_name": "0", "job": 5, "event": "table_file_creation", "file_number": 24, "file_size": 307297730, "table_properties": {"data_size": 298573724, "index_size": 4001925, "filter_size": 4721039, "raw_key_size": 124367867, "raw_average_key_size": 42, "raw_value_size": 239166309, "raw_average_value_size": 81, "num_data_blocks": 74390, "num_entries": 2934558, "filter_policy_name": "rocksdb.BuiltinBloomFilter", "kDeletedKeys": "0", "kMergeOperands": "0"}}
[32000] 01-07 06:13:54,031 INFO [RocksDB][db/flush_job.cc:371] [0] [JOB 5] Level-0 flush table #24: 307297730 bytes OK
[32000] 01-07 06:13:54,034 INFO [RocksDB](Original Log Time 2020/01/07-06:13:54.032327) [db/memtable_list.cc:377] [0] Level-0 commit table #24 started
[32000] 01-07 06:13:54,034 INFO [RocksDB](Original Log Time 2020/01/07-06:13:54.034254) [db/memtable_list.cc:409] [0] Level-0 commit table #24: memtable #1 done
[32000] 01-07 06:13:54,034 INFO [RocksDB](Original Log Time 2020/01/07-06:13:54.034255) [db/memtable_list.cc:409] [0] Level-0 commit table #24: memtable #2 done
[32000] 01-07 06:13:54,034 INFO [RocksDB](Original Log Time 2020/01/07-06:13:54.034267) EVENT_LOG_v1 {"time_micros": 1578377634034262, "job": 5, "event": "flush_finished", "output_compression": "NoCompression", "lsm_state": [1, 10, 0, 0, 0, 0, 0], "immutable_memtables": 1}
[32000] 01-07 06:13:54,034 INFO [RocksDB](Original Log Time 2020/01/07-06:13:54.034277) [db/db_impl_compaction_flush.cc:177] [0] Level summary: base level 1 max bytes base 536870912 files[1 10 0 0 0 0 0] max score 1.12

[32000] 01-07 06:13:54,034 INFO [RocksDB][db/db_impl_files.cc:342] [JOB 5] Try to delete WAL files size 373236737, prev total WAL file size 599939895, number of live WAL files 4.

[32000] 01-07 06:13:54,083 INFO [RocksDB]EVENT_LOG_v1 {"time_micros": 1578377634083480, "job": 5, "event": "table_file_deletion", "file_number": 14}
[32000] 01-07 06:13:54,132 INFO [RocksDB]EVENT_LOG_v1 {"time_micros": 1578377634132779, "job": 5, "event": "table_file_deletion", "file_number": 11}
[32000] 01-07 06:13:54,869 INFO [RocksDB][db/compaction_job.cc:1211] [0] [JOB 6] Generated table #28: 1202016 keys, 54179737 bytes
[32000] 01-07 06:13:54,869 INFO [RocksDB]EVENT_LOG_v1 {"time_micros": 1578377634869453, "cf_name": "0", "job": 6, "event": "table_file_creation", "file_number": 28, "file_size": 54179737, "table_properties": {"data_size": 51973955, "index_size": 978079, "filter_size": 1672391, "raw_key_size": 57316090, "raw_average_key_size": 47, "raw_value_size": 27850014, "raw_average_value_size": 23, "num_data_blocks": 16598, "num_entries": 1202016, "filter_policy_name": "rocksdb.BuiltinBloomFilter", "kDeletedKeys": "0", "kMergeOperands": "0"}}
[32000] 01-07 06:13:54,870 INFO [RocksDB][db/compaction_job.cc:1287] [0] [JOB 6] Compacted 1@1 files to L2 => 54179737 bytes
[32000] 01-07 06:13:54,872 INFO [RocksDB](Original Log Time 2020/01/07-06:13:54.872644) [db/compaction_job.cc:685] [0] compacted to: base level 1 max bytes base 536870912 files[1 9 1 0 0 0 0] max score 1.12, MB/sec: 26.2 rd, 20.4 wr, level 2, files in(1, 0) out(1) MB in(66.6, 0.0) out(51.7), read-write-amplify(1.8) write-amplify(0.8) OK, records in: 1202016, records dropped: 0 output_compression: Snappy

[32000] 01-07 06:13:54,872 INFO [RocksDB](Original Log Time 2020/01/07-06:13:54.872669) EVENT_LOG_v1 {"time_micros": 1578377634872653, "job": 6, "event": "compaction_finished", "compaction_time_micros": 2661745, "output_level": 2, "num_output_files": 1, "total_output_size": 54179737, "num_input_records": 1202016, "num_output_records": 1202016, "num_subcompactions": 1, "output_compression": "Snappy", "num_single_delete_mismatches": 0, "num_single_delete_fallthrough": 0, "lsm_state": [1, 9, 1, 0, 0, 0, 0]}
[32000] 01-07 06:13:54,879 INFO [RocksDB]EVENT_LOG_v1 {"time_micros": 1578377634879989, "job": 6, "event": "table_file_deletion", "file_number": 16}
[32000] 01-07 06:13:54,880 INFO [RocksDB][db/compaction_job.cc:1531] [0] [JOB 7] Compacting 1@1 files to L2, score 1.12
[32000] 01-07 06:13:54,880 INFO [RocksDB][db/compaction_job.cc:1535] [0] Compaction start summary: Base version 7 Base level 1, inputs: [17(65MB)]

[32000] 01-07 06:13:54,880 INFO [RocksDB]EVENT_LOG_v1 {"time_micros": 1578377634880039, "job": 7, "event": "compaction_started", "compaction_reason": "LevelMaxLevelSize", "files_L1": [17], "score": 1.11692, "input_data_size": 68990592}
[32000] 01-07 06:13:56,206 INFO [RocksDB][db/compaction_job.cc:1211] [0] [JOB 7] Generated table #30: 597527 keys, 68588582 bytes
[32000] 01-07 06:13:56,206 INFO [RocksDB]EVENT_LOG_v1 {"time_micros": 1578377636206654, "cf_name": "0", "job": 7, "event": "table_file_creation", "file_number": 30, "file_size": 68588582, "table_properties": {"data_size": 67112786, "index_size": 888855, "filter_size": 987920, "raw_key_size": 24596256, "raw_average_key_size": 41, "raw_value_size": 56765128, "raw_average_value_size": 95, "num_data_blocks": 16741, "num_entries": 597527, "filter_policy_name": "rocksdb.BuiltinBloomFilter", "kDeletedKeys": "0", "kMergeOperands": "0"}}
[32000] 01-07 06:13:56,207 INFO [RocksDB][db/compaction_job.cc:1287] [0] [JOB 7] Compacted 1@1 files to L2 => 68588582 bytes
[32000] 01-07 06:13:56,209 INFO [RocksDB](Original Log Time 2020/01/07-06:13:56.209678) [db/compaction_job.cc:685] [0] compacted to: base level 1 max bytes base 536870912 files[1 8 2 0 0 0 0] max score 0.99, MB/sec: 52.0 rd, 51.7 wr, level 2, files in(1, 0) out(1) MB in(65.8, 0.0) out(65.4), read-write-amplify(2.0) write-amplify(1.0) OK, records in: 597527, records dropped: 0 output_compression: Snappy

[32000] 01-07 06:13:56,209 INFO [RocksDB](Original Log Time 2020/01/07-06:13:56.209704) EVENT_LOG_v1 {"time_micros": 1578377636209687, "job": 7, "event": "compaction_finished", "compaction_time_micros": 1327818, "output_level": 2, "num_output_files": 1, "total_output_size": 68588582, "num_input_records": 597527, "num_output_records": 597527, "num_subcompactions": 1, "output_compression": "Snappy", "num_single_delete_mismatches": 0, "num_single_delete_fallthrough": 0, "lsm_state": [1, 8, 2, 0, 0, 0, 0]}
[32000] 01-07 06:13:56,216 INFO [RocksDB]EVENT_LOG_v1 {"time_micros": 1578377636216682, "job": 7, "event": "table_file_deletion", "file_number": 17}
[32000] 01-07 06:14:02,609 INFO [RocksDB][db/db_impl_write.cc:1373] [0] New memtable created with log file: #31. Immutable memtables: 1.

[32000] 01-07 06:14:02,609 INFO [RocksDB][db/db_impl_compaction_flush.cc:80] [JOB 8] Syncing log #23
[32000] 01-07 06:14:03,123 INFO [RocksDB][db/db_impl_compaction_flush.cc:80] [JOB 8] Syncing log #29
[32000] 01-07 06:14:04,532 INFO [RocksDB](Original Log Time 2020/01/07-06:14:02.609793) [db/db_impl_compaction_flush.cc:1424] Calling FlushMemTableToOutputFile with column family [0], flush slots available 4, compaction slots available 1, flush slots scheduled 1, compaction slots scheduled 0
[32000] 01-07 06:14:04,532 INFO [RocksDB][db/flush_job.cc:301] [0] [JOB 8] Flushing memtable with next log file: 29

[32000] 01-07 06:14:04,532 INFO [RocksDB][db/flush_job.cc:301] [0] [JOB 8] Flushing memtable with next log file: 31

[32000] 01-07 06:14:04,532 INFO [RocksDB]EVENT_LOG_v1 {"time_micros": 1578377644532445, "job": 8, "event": "flush_started", "num_memtables": 2, "num_entries": 3285338, "num_deletes": 0, "memory_usage": 520099328, "flush_reason": "Write Buffer Full"}
[32000] 01-07 06:14:04,532 INFO [RocksDB][db/flush_job.cc:331] [0] [JOB 8] Level-0 flush table #32: started
[32000] 01-07 06:14:10,696 INFO [RocksDB]EVENT_LOG_v1 {"time_micros": 1578377650696711, "cf_name": "0", "job": 8, "event": "table_file_creation", "file_number": 32, "file_size": 319455113, "table_properties": {"data_size": 310382977, "index_size": 4163324, "filter_size": 4907770, "raw_key_size": 129286959, "raw_average_key_size": 42, "raw_value_size": 248629319, "raw_average_value_size": 81, "num_data_blocks": 77335, "num_entries": 3050672, "filter_policy_name": "rocksdb.BuiltinBloomFilter", "kDeletedKeys": "0", "kMergeOperands": "0"}}
[32000] 01-07 06:14:10,696 INFO [RocksDB][db/flush_job.cc:371] [0] [JOB 8] Level-0 flush table #32: 319455113 bytes OK
[32000] 01-07 06:14:10,699 INFO [RocksDB](Original Log Time 2020/01/07-06:14:10.697893) [db/memtable_list.cc:377] [0] Level-0 commit table #32 started
[32000] 01-07 06:14:10,699 INFO [RocksDB](Original Log Time 2020/01/07-06:14:10.699522) [db/memtable_list.cc:409] [0] Level-0 commit table #32: memtable #1 done
[32000] 01-07 06:14:10,699 INFO [RocksDB](Original Log Time 2020/01/07-06:14:10.699523) [db/memtable_list.cc:409] [0] Level-0 commit table #32: memtable #2 done
[32000] 01-07 06:14:10,699 INFO [RocksDB](Original Log Time 2020/01/07-06:14:10.699534) EVENT_LOG_v1 {"time_micros": 1578377650699528, "job": 8, "event": "flush_finished", "output_compression": "NoCompression", "lsm_state": [2, 8, 2, 0, 0, 0, 0], "immutable_memtables": 0}
[32000] 01-07 06:14:10,699 INFO [RocksDB](Original Log Time 2020/01/07-06:14:10.699568) [db/db_impl_compaction_flush.cc:177] [0] Level summary: base level 1 max bytes base 536870912 files[2 8 2 0 0 0 0] max score 1.17

[32000] 01-07 06:14:10,699 INFO [RocksDB][db/db_impl_files.cc:342] [JOB 8] Try to delete WAL files size 388005828, prev total WAL file size 466738587, number of live WAL files 3.

[32000] 01-07 06:14:10,699 INFO [RocksDB][db/compaction_job.cc:1531] [0] [JOB 9] Compacting 2@0 + 8@1 files to L1, score 1.17
[32000] 01-07 06:14:10,699 INFO [RocksDB][db/compaction_job.cc:1535] [0] Compaction start summary: Base version 9 Base level 0, inputs: [32(304MB) 24(293MB)], [18(65MB) 19(65MB) 20(65MB) 21(65MB) 22(65MB) 25(65MB) 26(65MB) 27(45MB)]

[32000] 01-07 06:14:10,699 INFO [RocksDB]EVENT_LOG_v1 {"time_micros": 1578377650699787, "job": 9, "event": "compaction_started", "compaction_reason": "LevelL0FilesNum", "files_L0": [32, 24], "files_L1": [18, 19, 20, 21, 22, 25, 26, 27], "score": 1.16742, "input_data_size": 1157404165}
[32000] 01-07 06:14:12,145 INFO [RocksDB][db/compaction_job.cc:1211] [0] [JOB 9] Generated table #33: 1162814 keys, 69738809 bytes
[32000] 01-07 06:14:12,145 INFO [RocksDB]EVENT_LOG_v1 {"time_micros": 1578377652145868, "cf_name": "0", "job": 9, "event": "table_file_creation", "file_number": 33, "file_size": 69738809, "table_properties": {"data_size": 67109337, "index_size": 972994, "filter_size": 1655447, "raw_key_size": 55200461, "raw_average_key_size": 47, "raw_value_size": 29666111, "raw_average_value_size": 25, "num_data_blocks": 16606, "num_entries": 1162814, "filter_policy_name": "rocksdb.BuiltinBloomFilter", "kDeletedKeys": "0", "kMergeOperands": "0"}}
[32000] 01-07 06:14:13,433 INFO [RocksDB][db/compaction_job.cc:1211] [0] [JOB 9] Generated table #34: 597519 keys, 68990006 bytes
[32000] 01-07 06:14:13,433 INFO [RocksDB]EVENT_LOG_v1 {"time_micros": 1578377653433658, "cf_name": "0", "job": 9, "event": "table_file_creation", "file_number": 34, "file_size": 68990006, "table_properties": {"data_size": 67112605, "index_size": 888475, "filter_size": 987895, "raw_key_size": 24595766, "raw_average_key_size": 41, "raw_value_size": 56764296, "raw_average_value_size": 94, "num_data_blocks": 16739, "num_entries": 597519, "filter_policy_name": "rocksdb.BuiltinBloomFilter", "kDeletedKeys": "0", "kMergeOperands": "0"}}
[32000] 01-07 06:14:14,741 INFO [RocksDB][db/compaction_job.cc:1211] [0] [JOB 9] Generated table #35: 597619 keys, 68990600 bytes
[32000] 01-07 06:14:14,741 INFO [RocksDB]EVENT_LOG_v1 {"time_micros": 1578377654741666, "cf_name": "0", "job": 9, "event": "table_file_creation", "file_number": 35, "file_size": 68990600, "table_properties": {"data_size": 67112569, "index_size": 888952, "filter_size": 988048, "raw_key_size": 24597529, "raw_average_key_size": 41, "raw_value_size": 56773805, "raw_average_value_size": 95, "num_data_blocks": 16743, "num_entries": 597619, "filter_policy_name": "rocksdb.BuiltinBloomFilter", "kDeletedKeys": "0", "kMergeOperands": "0"}}
[32000] 01-07 06:14:16,144 INFO [RocksDB][db/compaction_job.cc:1211] [0] [JOB 9] Generated table #36: 597602 keys, 68987755 bytes
[32000] 01-07 06:14:16,144 INFO [RocksDB]EVENT_LOG_v1 {"time_micros": 1578377656144495, "cf_name": "0", "job": 9, "event": "table_file_creation", "file_number": 36, "file_size": 68987755, "table_properties": {"data_size": 67109815, "index_size": 888886, "filter_size": 988023, "raw_key_size": 24599109, "raw_average_key_size": 41, "raw_value_size": 56772235, "raw_average_value_size": 95, "num_data_blocks": 16743, "num_entries": 597602, "filter_policy_name": "rocksdb.BuiltinBloomFilter", "kDeletedKeys": "0", "kMergeOperands": "0"}}
[32000] 01-07 06:14:17,418 INFO [RocksDB][db/compaction_job.cc:1211] [0] [JOB 9] Generated table #37: 597592 keys, 68987205 bytes
[32000] 01-07 06:14:17,418 INFO [RocksDB]EVENT_LOG_v1 {"time_micros": 1578377657418568, "cf_name": "0", "job": 9, "event": "table_file_creation", "file_number": 37, "file_size": 68987205, "table_properties": {"data_size": 67109656, "index_size": 888523, "filter_size": 987995, "raw_key_size": 24596075, "raw_average_key_size": 41, "raw_value_size": 56771195, "raw_average_value_size": 94, "num_data_blocks": 16741, "num_entries": 597592, "filter_policy_name": "rocksdb.BuiltinBloomFilter", "kDeletedKeys": "0", "kMergeOperands": "0"}}
[32000] 01-07 06:14:18,746 INFO [RocksDB][db/compaction_job.cc:1211] [0] [JOB 9] Generated table #38: 597627 keys, 68988924 bytes
[32000] 01-07 06:14:18,746 INFO [RocksDB]EVENT_LOG_v1 {"time_micros": 1578377658746261, "cf_name": "0", "job": 9, "event": "table_file_creation", "file_number": 38, "file_size": 68988924, "table_properties": {"data_size": 67111320, "index_size": 888524, "filter_size": 988049, "raw_key_size": 24599204, "raw_average_key_size": 41, "raw_value_size": 56774538, "raw_average_value_size": 94, "num_data_blocks": 16742, "num_entries": 597627, "filter_policy_name": "rocksdb.BuiltinBloomFilter", "kDeletedKeys": "0", "kMergeOperands": "0"}}
[32000] 01-07 06:14:20,031 INFO [RocksDB][db/compaction_job.cc:1211] [0] [JOB 9] Generated table #39: 597595 keys, 68986687 bytes
[32000] 01-07 06:14:20,032 INFO [RocksDB]EVENT_LOG_v1 {"time_micros": 1578377660032012, "cf_name": "0", "job": 9, "event": "table_file_creation", "file_number": 39, "file_size": 68986687, "table_properties": {"data_size": 67109110, "index_size": 888541, "filter_size": 988005, "raw_key_size": 24597744, "raw_average_key_size": 41, "raw_value_size": 56771606, "raw_average_value_size": 95, "num_data_blocks": 16742, "num_entries": 597595, "filter_policy_name": "rocksdb.BuiltinBloomFilter", "kDeletedKeys": "0", "kMergeOperands": "0"}}
[32000] 01-07 06:14:21,333 INFO [RocksDB][db/compaction_job.cc:1211] [0] [JOB 9] Generated table #40: 597618 keys, 68989289 bytes
[32000] 01-07 06:14:21,333 INFO [RocksDB]EVENT_LOG_v1 {"time_micros": 1578377661333522, "cf_name": "0", "job": 9, "event": "table_file_creation", "file_number": 40, "file_size": 68989289, "table_properties": {"data_size": 67111706, "index_size": 888525, "filter_size": 988027, "raw_key_size": 24596673, "raw_average_key_size": 41, "raw_value_size": 56773701, "raw_average_value_size": 94, "num_data_blocks": 16741, "num_entries": 597618, "filter_policy_name": "rocksdb.BuiltinBloomFilter", "kDeletedKeys": "0", "kMergeOperands": "0"}}
[32000] 01-07 06:14:22,639 INFO [RocksDB][db/compaction_job.cc:1211] [0] [JOB 9] Generated table #41: 597597 keys, 68986939 bytes
[32000] 01-07 06:14:22,639 INFO [RocksDB]EVENT_LOG_v1 {"time_micros": 1578377662639813, "cf_name": "0", "job": 9, "event": "table_file_creation", "file_number": 41, "file_size": 68986939, "table_properties": {"data_size": 67109185, "index_size": 888723, "filter_size": 988000, "raw_key_size": 24598777, "raw_average_key_size": 41, "raw_value_size": 56771715, "raw_average_value_size": 95, "num_data_blocks": 16741, "num_entries": 597597, "filter_policy_name": "rocksdb.BuiltinBloomFilter", "kDeletedKeys": "0", "kMergeOperands": "0"}}
[32000] 01-07 06:14:24,021 INFO [RocksDB][db/compaction_job.cc:1211] [0] [JOB 9] Generated table #42: 597614 keys, 68986720 bytes
[32000] 01-07 06:14:24,021 INFO [RocksDB]EVENT_LOG_v1 {"time_micros": 1578377664021827, "cf_name": "0", "job": 9, "event": "table_file_creation", "file_number": 42, "file_size": 68986720, "table_properties": {"data_size": 67109060, "index_size": 888599, "filter_size": 988030, "raw_key_size": 24599805, "raw_average_key_size": 41, "raw_value_size": 56773285, "raw_average_value_size": 94, "num_data_blocks": 16742, "num_entries": 597614, "filter_policy_name": "rocksdb.BuiltinBloomFilter", "kDeletedKeys": "0", "kMergeOperands": "0"}}
[32000] 01-07 06:14:25,323 INFO [RocksDB][db/compaction_job.cc:1211] [0] [JOB 9] Generated table #43: 597561 keys, 68987166 bytes
[32000] 01-07 06:14:25,323 INFO [RocksDB]EVENT_LOG_v1 {"time_micros": 1578377665323206, "cf_name": "0", "job": 9, "event": "table_file_creation", "file_number": 43, "file_size": 68987166, "table_properties": {"data_size": 67109080, "index_size": 889079, "filter_size": 987976, "raw_key_size": 24594682, "raw_average_key_size": 41, "raw_value_size": 56768268, "raw_average_value_size": 94, "num_data_blocks": 16743, "num_entries": 597561, "filter_policy_name": "rocksdb.BuiltinBloomFilter", "kDeletedKeys": "0", "kMergeOperands": "0"}}
[32000] 01-07 06:14:26,627 INFO [RocksDB][db/compaction_job.cc:1211] [0] [JOB 9] Generated table #44: 597584 keys, 68987874 bytes
[32000] 01-07 06:14:26,627 INFO [RocksDB]EVENT_LOG_v1 {"time_micros": 1578377666627524, "cf_name": "0", "job": 9, "event": "table_file_creation", "file_number": 44, "file_size": 68987874, "table_properties": {"data_size": 67109385, "index_size": 889466, "filter_size": 987992, "raw_key_size": 24600062, "raw_average_key_size": 41, "raw_value_size": 56770561, "raw_average_value_size": 95, "num_data_blocks": 16742, "num_entries": 597584, "filter_policy_name": "rocksdb.BuiltinBloomFilter", "kDeletedKeys": "0", "kMergeOperands": "0"}}
[32000] 01-07 06:14:27,928 INFO [RocksDB][db/compaction_job.cc:1211] [0] [JOB 9] Generated table #45: 597615 keys, 68987512 bytes
[32000] 01-07 06:14:27,928 INFO [RocksDB]EVENT_LOG_v1 {"time_micros": 1578377667928710, "cf_name": "0", "job": 9, "event": "table_file_creation", "file_number": 45, "file_size": 68987512, "table_properties": {"data_size": 67109668, "index_size": 888784, "filter_size": 988029, "raw_key_size": 24600111, "raw_average_key_size": 41, "raw_value_size": 56773389, "raw_average_value_size": 94, "num_data_blocks": 16742, "num_entries": 597615, "filter_policy_name": "rocksdb.BuiltinBloomFilter", "kDeletedKeys": "0", "kMergeOperands": "0"}}
[32000] 01-07 06:14:29,236 INFO [RocksDB][db/compaction_job.cc:1211] [0] [JOB 9] Generated table #46: 597611 keys, 68987238 bytes
[32000] 01-07 06:14:29,236 INFO [RocksDB]EVENT_LOG_v1 {"time_micros": 1578377669236511, "cf_name": "0", "job": 9, "event": "table_file_creation", "file_number": 46, "file_size": 68987238, "table_properties": {"data_size": 67109918, "index_size": 888282, "filter_size": 988007, "raw_key_size": 24597707, "raw_average_key_size": 41, "raw_value_size": 56773072, "raw_average_value_size": 95, "num_data_blocks": 16740, "num_entries": 597611, "filter_policy_name": "rocksdb.BuiltinBloomFilter", "kDeletedKeys": "0", "kMergeOperands": "0"}}
[32000] 01-07 06:14:30,572 INFO [RocksDB][db/compaction_job.cc:1211] [0] [JOB 9] Generated table #47: 597619 keys, 68988609 bytes
[32000] 01-07 06:14:30,572 INFO [RocksDB]EVENT_LOG_v1 {"time_micros": 1578377670572932, "cf_name": "0", "job": 9, "event": "table_file_creation", "file_number": 47, "file_size": 68988609, "table_properties": {"data_size": 67110524, "index_size": 889019, "filter_size": 988035, "raw_key_size": 24601984, "raw_average_key_size": 41, "raw_value_size": 56773805, "raw_average_value_size": 95, "num_data_blocks": 16742, "num_entries": 597619, "filter_policy_name": "rocksdb.BuiltinBloomFilter", "kDeletedKeys": "0", "kMergeOperands": "0"}}
[32000] 01-07 06:14:31,926 INFO [RocksDB][db/compaction_job.cc:1211] [0] [JOB 9] Generated table #48: 597605 keys, 68990107 bytes
[32000] 01-07 06:14:31,926 INFO [RocksDB]EVENT_LOG_v1 {"time_micros": 1578377671926697, "cf_name": "0", "job": 9, "event": "table_file_creation", "file_number": 48, "file_size": 68990107, "table_properties": {"data_size": 67111972, "index_size": 889072, "filter_size": 988032, "raw_key_size": 24598104, "raw_average_key_size": 41, "raw_value_size": 56772448, "raw_average_value_size": 94, "num_data_blocks": 16743, "num_entries": 597605, "filter_policy_name": "rocksdb.BuiltinBloomFilter", "kDeletedKeys": "0", "kMergeOperands": "0"}}
[32000] 01-07 06:14:33,027 INFO [RocksDB][db/compaction_job.cc:1211] [0] [JOB 9] Generated table #49: 454634 keys, 52474219 bytes
[32000] 01-07 06:14:33,027 INFO [RocksDB]EVENT_LOG_v1 {"time_micros": 1578377673027789, "cf_name": "0", "job": 9, "event": "table_file_creation", "file_number": 49, "file_size": 52474219, "table_properties": {"data_size": 51047753, "index_size": 673878, "filter_size": 751558, "raw_key_size": 18617435, "raw_average_key_size": 40, "raw_value_size": 43190266, "raw_average_value_size": 95, "num_data_blocks": 12730, "num_entries": 454634, "filter_policy_name": "rocksdb.BuiltinBloomFilter", "kDeletedKeys": "0", "kMergeOperands": "0"}}
[32000] 01-07 06:14:33,029 INFO [RocksDB][db/compaction_job.cc:1287] [0] [JOB 9] Compacted 2@0 + 8@1 files to L1 => 1157035659 bytes
[32000] 01-07 06:14:33,030 INFO [RocksDB](Original Log Time 2020/01/07-06:14:33.030896) [db/compaction_job.cc:685] [0] compacted to: base level 1 max bytes base 536870912 files[0 17 2 0 0 0 0] max score 2.16, MB/sec: 51.8 rd, 51.8 wr, level 1, files in(2, 8) out(17) MB in(597.7, 506.1) out(1103.4), read-write-amplify(3.7) write-amplify(1.8) OK, records in: 10581427, records dropped: 1 output_compression: NoCompression

[32000] 01-07 06:14:33,030 INFO [RocksDB](Original Log Time 2020/01/07-06:14:33.030910) EVENT_LOG_v1 {"time_micros": 1578377673030904, "job": 9, "event": "compaction_finished", "compaction_time_micros": 22329335, "output_level": 1, "num_output_files": 17, "total_output_size": 1157035659, "num_input_records": 10581427, "num_output_records": 10581426, "num_subcompactions": 1, "output_compression": "NoCompression", "num_single_delete_mismatches": 0, "num_single_delete_fallthrough": 0, "lsm_state": [0, 17, 2, 0, 0, 0, 0]}
[32000] 01-07 06:14:33,030 INFO [RocksDB][db/compaction_picker.cc:485] [0] Expanding@1 1+2(69738809+122768319 bytes) to 2+2 (138728815+122768319 bytes)

[32000] 01-07 06:14:33,031 INFO [RocksDB][db/compaction_job.cc:1531] [0] [JOB 10] Compacting 2@1 + 2@2 files to L2, score 2.16
[32000] 01-07 06:14:33,031 INFO [RocksDB][db/compaction_job.cc:1535] [0] Compaction start summary: Base version 10 Base level 1, inputs: [33(66MB) 34(65MB)], [28(51MB) 30(65MB)]

[32000] 01-07 06:14:33,031 INFO [RocksDB]EVENT_LOG_v1 {"time_micros": 1578377673031017, "job": 10, "event": "compaction_started", "compaction_reason": "LevelMaxLevelSize", "files_L1": [33, 34], "files_L2": [28, 30], "score": 2.15515, "input_data_size": 261497134}
[32000] 01-07 06:14:33,064 INFO [RocksDB]EVENT_LOG_v1 {"time_micros": 1578377673064358, "job": 0, "event": "table_file_deletion", "file_number": 32}
[32000] 01-07 06:14:33,069 INFO [RocksDB]EVENT_LOG_v1 {"time_micros": 1578377673069094, "job": 0, "event": "table_file_deletion", "file_number": 27}
[32000] 01-07 06:14:33,075 INFO [RocksDB]EVENT_LOG_v1 {"time_micros": 1578377673075779, "job": 0, "event": "table_file_deletion", "file_number": 26}
[32000] 01-07 06:14:33,082 INFO [RocksDB]EVENT_LOG_v1 {"time_micros": 1578377673082398, "job": 0, "event": "table_file_deletion", "file_number": 25}
[32000] 01-07 06:14:33,111 INFO [RocksDB]EVENT_LOG_v1 {"time_micros": 1578377673111313, "job": 0, "event": "table_file_deletion", "file_number": 24}
[32000] 01-07 06:14:33,117 INFO [RocksDB]EVENT_LOG_v1 {"time_micros": 1578377673117843, "job": 0, "event": "table_file_deletion", "file_number": 22}
[32000] 01-07 06:14:33,124 INFO [RocksDB]EVENT_LOG_v1 {"time_micros": 1578377673124305, "job": 0, "event": "table_file_deletion", "file_number": 21}
[32000] 01-07 06:14:33,130 INFO [RocksDB]EVENT_LOG_v1 {"time_micros": 1578377673130841, "job": 0, "event": "table_file_deletion", "file_number": 20}
[32000] 01-07 06:14:33,137 INFO [RocksDB]EVENT_LOG_v1 {"time_micros": 1578377673137649, "job": 0, "event": "table_file_deletion", "file_number": 19}
[32000] 01-07 06:14:33,144 INFO [RocksDB]EVENT_LOG_v1 {"time_micros": 1578377673144217, "job": 0, "event": "table_file_deletion", "file_number": 18}
[32000] 01-07 06:14:36,318 INFO [RocksDB][db/compaction_job.cc:1211] [0] [JOB 10] Generated table #50: 2031191 keys, 70643660 bytes
[32000] 01-07 06:14:36,318 INFO [RocksDB]EVENT_LOG_v1 {"time_micros": 1578377676318891, "cf_name": "0", "job": 10, "event": "table_file_creation", "file_number": 50, "file_size": 70643660, "table_properties": {"data_size": 67110703, "index_size": 1451584, "filter_size": 2747999, "raw_key_size": 98783498, "raw_average_key_size": 48, "raw_value_size": 25820486, "raw_average_value_size": 12, "num_data_blocks": 23796, "num_entries": 2031191, "filter_policy_name": "rocksdb.BuiltinBloomFilter", "kDeletedKeys": "0", "kMergeOperands": "0"}}
[32000] 01-07 06:14:37,642 INFO [RocksDB][db/compaction_job.cc:1211] [0] [JOB 10] Generated table #51: 597622 keys, 68584839 bytes
[32000] 01-07 06:14:37,642 INFO [RocksDB]EVENT_LOG_v1 {"time_micros": 1578377677642192, "cf_name": "0", "job": 10, "event": "table_file_creation", "file_number": 51, "file_size": 68584839, "table_properties": {"data_size": 67111806, "index_size": 888963, "filter_size": 988042, "raw_key_size": 24600906, "raw_average_key_size": 41, "raw_value_size": 56774117, "raw_average_value_size": 95, "num_data_blocks": 16742, "num_entries": 597622, "filter_policy_name": "rocksdb.BuiltinBloomFilter", "kDeletedKeys": "0", "kMergeOperands": "0"}}
[32000] 01-07 06:14:38,937 INFO [RocksDB][db/compaction_job.cc:1211] [0] [JOB 10] Generated table #52: 597589 keys, 68582566 bytes
[32000] 01-07 06:14:38,937 INFO [RocksDB]EVENT_LOG_v1 {"time_micros": 1578377678937681, "cf_name": "0", "job": 10, "event": "table_file_creation", "file_number": 52, "file_size": 68582566, "table_properties": {"data_size": 67109590, "index_size": 888807, "filter_size": 987999, "raw_key_size": 24596639, "raw_average_key_size": 41, "raw_value_size": 56770982, "raw_average_value_size": 95, "num_data_blocks": 16742, "num_entries": 597589, "filter_policy_name": "rocksdb.BuiltinBloomFilter", "kDeletedKeys": "0", "kMergeOperands": "0"}}
[32000] 01-07 06:14:39,673 INFO [RocksDB][db/compaction_job.cc:1211] [0] [JOB 10] Generated table #53: 333473 keys, 38270277 bytes
[32000] 01-07 06:14:39,673 INFO [RocksDB]EVENT_LOG_v1 {"time_micros": 1578377679673825, "cf_name": "0", "job": 10, "event": "table_file_creation", "file_number": 53, "file_size": 38270277, "table_properties": {"data_size": 37448108, "index_size": 495808, "filter_size": 551340, "raw_key_size": 13727511, "raw_average_key_size": 41, "raw_value_size": 31679908, "raw_average_value_size": 94, "num_data_blocks": 9343, "num_entries": 333473, "filter_policy_name": "rocksdb.BuiltinBloomFilter", "kDeletedKeys": "0", "kMergeOperands": "0"}}
[32000] 01-07 06:14:39,675 INFO [RocksDB][db/compaction_job.cc:1287] [0] [JOB 10] Compacted 2@1 + 2@2 files to L2 => 246081342 bytes
[32000] 01-07 06:14:39,676 INFO [RocksDB](Original Log Time 2020/01/07-06:14:39.676854) [db/compaction_job.cc:685] [0] compacted to: base level 1 max bytes base 536870912 files[0 15 4 0 0 0 0] max score 1.90, MB/sec: 39.4 rd, 37.0 wr, level 2, files in(2, 2) out(4) MB in(132.3, 117.1) out(234.7), read-write-amplify(3.7) write-amplify(1.8) OK, records in: 3559876, records dropped: 1 output_compression: Snappy

[32000] 01-07 06:14:39,676 INFO [RocksDB](Original Log Time 2020/01/07-06:14:39.676866) EVENT_LOG_v1 {"time_micros": 1578377679676861, "job": 10, "event": "compaction_finished", "compaction_time_micros": 6644097, "output_level": 2, "num_output_files": 4, "total_output_size": 246081342, "num_input_records": 3559876, "num_output_records": 3559875, "num_subcompactions": 1, "output_compression": "Snappy", "num_single_delete_mismatches": 0, "num_single_delete_fallthrough": 0, "lsm_state": [0, 15, 4, 0, 0, 0, 0]}
[32000] 01-07 06:14:39,684 INFO [RocksDB]EVENT_LOG_v1 {"time_micros": 1578377679684328, "job": 10, "event": "table_file_deletion", "file_number": 34}
[32000] 01-07 06:14:39,691 INFO [RocksDB]EVENT_LOG_v1 {"time_micros": 1578377679691906, "job": 10, "event": "table_file_deletion", "file_number": 33}
[32000] 01-07 06:14:39,699 INFO [RocksDB]EVENT_LOG_v1 {"time_micros": 1578377679699285, "job": 10, "event": "table_file_deletion", "file_number": 30}
[32000] 01-07 06:14:39,704 INFO [RocksDB]EVENT_LOG_v1 {"time_micros": 1578377679704644, "job": 10, "event": "table_file_deletion", "file_number": 28}
[32000] 01-07 06:14:39,704 INFO [RocksDB][db/compaction_job.cc:1531] [0] [JOB 11] Compacting 1@1 files to L2, score 1.90
[32000] 01-07 06:14:39,704 INFO [RocksDB][db/compaction_job.cc:1535] [0] Compaction start summary: Base version 11 Base level 1, inputs: [35(65MB)]

[32000] 01-07 06:14:39,704 INFO [RocksDB]EVENT_LOG_v1 {"time_micros": 1578377679704689, "job": 11, "event": "compaction_started", "compaction_reason": "LevelMaxLevelSize", "files_L1": [35], "score": 1.89674, "input_data_size": 68990600}
[32000] 01-07 06:14:41,034 INFO [RocksDB][db/compaction_job.cc:1211] [0] [JOB 11] Generated table #54: 597619 keys, 68585331 bytes
[32000] 01-07 06:14:41,034 INFO [RocksDB]EVENT_LOG_v1 {"time_micros": 1578377681034413, "cf_name": "0", "job": 11, "event": "table_file_creation", "file_number": 54, "file_size": 68585331, "table_properties": {"data_size": 67112569, "index_size": 888952, "filter_size": 988048, "raw_key_size": 24597529, "raw_average_key_size": 41, "raw_value_size": 56773805, "raw_average_value_size": 95, "num_data_blocks": 16743, "num_entries": 597619, "filter_policy_name": "rocksdb.BuiltinBloomFilter", "kDeletedKeys": "0", "kMergeOperands": "0"}}
[32000] 01-07 06:14:41,035 INFO [RocksDB][db/compaction_job.cc:1287] [0] [JOB 11] Compacted 1@1 files to L2 => 68585331 bytes
[32000] 01-07 06:14:41,037 INFO [RocksDB](Original Log Time 2020/01/07-06:14:41.037340) [db/compaction_job.cc:685] [0] compacted to: base level 1 max bytes base 536870912 files[0 14 5 0 0 0 0] max score 1.77, MB/sec: 51.8 rd, 51.5 wr, level 2, files in(1, 0) out(1) MB in(65.8, 0.0) out(65.4), read-write-amplify(2.0) write-amplify(1.0) OK, records in: 597619, records dropped: 0 output_compression: Snappy

[32000] 01-07 06:14:41,037 INFO [RocksDB](Original Log Time 2020/01/07-06:14:41.037365) EVENT_LOG_v1 {"time_micros": 1578377681037348, "job": 11, "event": "compaction_finished", "compaction_time_micros": 1330889, "output_level": 2, "num_output_files": 1, "total_output_size": 68585331, "num_input_records": 597619, "num_output_records": 597619, "num_subcompactions": 1, "output_compression": "Snappy", "num_single_delete_mismatches": 0, "num_single_delete_fallthrough": 0, "lsm_state": [0, 14, 5, 0, 0, 0, 0]}
[32000] 01-07 06:14:41,044 INFO [RocksDB]EVENT_LOG_v1 {"time_micros": 1578377681044379, "job": 11, "event": "table_file_deletion", "file_number": 35}
[32000] 01-07 06:14:41,044 INFO [RocksDB][db/compaction_job.cc:1531] [0] [JOB 12] Compacting 1@1 files to L2, score 1.77
[32000] 01-07 06:14:41,044 INFO [RocksDB][db/compaction_job.cc:1535] [0] Compaction start summary: Base version 12 Base level 1, inputs: [48(65MB)]

[32000] 01-07 06:14:41,044 INFO [RocksDB]EVENT_LOG_v1 {"time_micros": 1578377681044426, "job": 12, "event": "compaction_started", "compaction_reason": "LevelMaxLevelSize", "files_L1": [48], "score": 1.76824, "input_data_size": 68990107}
[32000] 01-07 06:14:42,342 INFO [RocksDB][db/compaction_job.cc:1211] [0] [JOB 12] Generated table #55: 597605 keys, 68585212 bytes
[32000] 01-07 06:14:42,342 INFO [RocksDB]EVENT_LOG_v1 {"time_micros": 1578377682342326, "cf_name": "0", "job": 12, "event": "table_file_creation", "file_number": 55, "file_size": 68585212, "table_properties": {"data_size": 67111972, "index_size": 889072, "filter_size": 988032, "raw_key_size": 24598104, "raw_average_key_size": 41, "raw_value_size": 56772448, "raw_average_value_size": 94, "num_data_blocks": 16743, "num_entries": 597605, "filter_policy_name": "rocksdb.BuiltinBloomFilter", "kDeletedKeys": "0", "kMergeOperands": "0"}}
[32000] 01-07 06:14:42,343 INFO [RocksDB][db/compaction_job.cc:1287] [0] [JOB 12] Compacted 1@1 files to L2 => 68585212 bytes
[32000] 01-07 06:14:42,345 INFO [RocksDB](Original Log Time 2020/01/07-06:14:42.345278) [db/compaction_job.cc:685] [0] compacted to: base level 1 max bytes base 536870912 files[0 13 6 0 0 0 0] max score 1.64, MB/sec: 53.1 rd, 52.8 wr, level 2, files in(1, 0) out(1) MB in(65.8, 0.0) out(65.4), read-write-amplify(2.0) write-amplify(1.0) OK, records in: 597605, records dropped: 0 output_compression: Snappy

[32000] 01-07 06:14:42,345 INFO [RocksDB](Original Log Time 2020/01/07-06:14:42.345303) EVENT_LOG_v1 {"time_micros": 1578377682345286, "job": 12, "event": "compaction_finished", "compaction_time_micros": 1299091, "output_level": 2, "num_output_files": 1, "total_output_size": 68585212, "num_input_records": 597605, "num_output_records": 597605, "num_subcompactions": 1, "output_compression": "Snappy", "num_single_delete_mismatches": 0, "num_single_delete_fallthrough": 0, "lsm_state": [0, 13, 6, 0, 0, 0, 0]}
[32000] 01-07 06:14:42,352 INFO [RocksDB]EVENT_LOG_v1 {"time_micros": 1578377682352581, "job": 12, "event": "table_file_deletion", "file_number": 48}
[32000] 01-07 06:14:42,352 INFO [RocksDB][db/compaction_job.cc:1531] [0] [JOB 13] Compacting 1@1 files to L2, score 1.64
[32000] 01-07 06:14:42,352 INFO [RocksDB][db/compaction_job.cc:1535] [0] Compaction start summary: Base version 13 Base level 1, inputs: [40(65MB)]

[32000] 01-07 06:14:42,352 INFO [RocksDB]EVENT_LOG_v1 {"time_micros": 1578377682352626, "job": 13, "event": "compaction_started", "compaction_reason": "LevelMaxLevelSize", "files_L1": [40], "score": 1.63974, "input_data_size": 68989289}
