[24385] 01-08 07:43:32,600 INFO [RocksDB]RocksDB version: 5.14.2

[24385] 01-08 07:43:32,606 INFO [RocksDB]Git sha rocksdb_build_git_sha:fc00d54a097e35332052f4c39c3229d413a023b6
[24385] 01-08 07:43:32,606 INFO [RocksDB]Compile date Jan  8 2020
[24385] 01-08 07:43:32,606 INFO [RocksDB]DB SUMMARY

[24385] 01-08 07:43:32,606 INFO [RocksDB]SST files in /home/ubuntu/ardb/data/rocksdb dir, Total Num: 0, files: 

[24385] 01-08 07:43:32,606 INFO [RocksDB]Write Ahead Log file in /home/ubuntu/ardb/data/rocksdb: 

[24385] 01-08 07:43:32,606 INFO [RocksDB]                        Options.error_if_exists: 0
[24385] 01-08 07:43:32,606 INFO [RocksDB]                      Options.create_if_missing: 1
[24385] 01-08 07:43:32,606 INFO [RocksDB]                        Options.paranoid_checks: 1
[24385] 01-08 07:43:32,606 INFO [RocksDB]                                    Options.env: 0xbf86c0
[24385] 01-08 07:43:32,606 INFO [RocksDB]                               Options.info_log: 0x7f3940c3f8a0
[24385] 01-08 07:43:32,606 INFO [RocksDB]               Options.max_file_opening_threads: 16
[24385] 01-08 07:43:32,606 INFO [RocksDB]                             Options.statistics: (nil)
[24385] 01-08 07:43:32,606 INFO [RocksDB]                              Options.use_fsync: 0
[24385] 01-08 07:43:32,606 INFO [RocksDB]                      Options.max_log_file_size: 0
[24385] 01-08 07:43:32,606 INFO [RocksDB]                 Options.max_manifest_file_size: 18446744073709551615
[24385] 01-08 07:43:32,606 INFO [RocksDB]                  Options.log_file_time_to_roll: 0
[24385] 01-08 07:43:32,606 INFO [RocksDB]                      Options.keep_log_file_num: 1000
[24385] 01-08 07:43:32,606 INFO [RocksDB]                   Options.recycle_log_file_num: 0
[24385] 01-08 07:43:32,606 INFO [RocksDB]                        Options.allow_fallocate: 1
[24385] 01-08 07:43:32,606 INFO [RocksDB]                       Options.allow_mmap_reads: 0
[24385] 01-08 07:43:32,606 INFO [RocksDB]                      Options.allow_mmap_writes: 0
[24385] 01-08 07:43:32,606 INFO [RocksDB]                       Options.use_direct_reads: 0
[24385] 01-08 07:43:32,606 INFO [RocksDB]                       Options.use_direct_io_for_flush_and_compaction: 0
[24385] 01-08 07:43:32,606 INFO [RocksDB]         Options.create_missing_column_families: 0
[24385] 01-08 07:43:32,606 INFO [RocksDB]                             Options.db_log_dir: 
[24385] 01-08 07:43:32,606 INFO [RocksDB]                                Options.wal_dir: /home/ubuntu/ardb/data/rocksdb
[24385] 01-08 07:43:32,606 INFO [RocksDB]               Options.table_cache_numshardbits: 6
[24385] 01-08 07:43:32,606 INFO [RocksDB]                     Options.max_subcompactions: 1
[24385] 01-08 07:43:32,606 INFO [RocksDB]                 Options.max_background_flushes: -1
[24385] 01-08 07:43:32,606 INFO [RocksDB]                        Options.WAL_ttl_seconds: 0
[24385] 01-08 07:43:32,606 INFO [RocksDB]                      Options.WAL_size_limit_MB: 0
[24385] 01-08 07:43:32,606 INFO [RocksDB]            Options.manifest_preallocation_size: 4194304
[24385] 01-08 07:43:32,606 INFO [RocksDB]                    Options.is_fd_close_on_exec: 1
[24385] 01-08 07:43:32,606 INFO [RocksDB]                  Options.advise_random_on_open: 1
[24385] 01-08 07:43:32,606 INFO [RocksDB]                   Options.db_write_buffer_size: 0
[24385] 01-08 07:43:32,606 INFO [RocksDB]                   Options.write_buffer_manager: 0x7f39413fa7d0
[24385] 01-08 07:43:32,606 INFO [RocksDB]        Options.access_hint_on_compaction_start: 1
[24385] 01-08 07:43:32,606 INFO [RocksDB] Options.new_table_reader_for_compaction_inputs: 0
[24385] 01-08 07:43:32,606 INFO [RocksDB]          Options.random_access_max_buffer_size: 1048576
[24385] 01-08 07:43:32,606 INFO [RocksDB]                     Options.use_adaptive_mutex: 1
[24385] 01-08 07:43:32,606 INFO [RocksDB]                           Options.rate_limiter: 0x7f3940c38540
[24385] 01-08 07:43:32,606 INFO [RocksDB]    Options.sst_file_manager.rate_bytes_per_sec: 0
[24385] 01-08 07:43:32,606 INFO [RocksDB]                      Options.wal_recovery_mode: 2
[24385] 01-08 07:43:32,606 INFO [RocksDB]                 Options.enable_thread_tracking: 0
[24385] 01-08 07:43:32,606 INFO [RocksDB]                 Options.enable_pipelined_write: 1
[24385] 01-08 07:43:32,606 INFO [RocksDB]        Options.allow_concurrent_memtable_write: 1
[24385] 01-08 07:43:32,606 INFO [RocksDB]     Options.enable_write_thread_adaptive_yield: 1
[24385] 01-08 07:43:32,606 INFO [RocksDB]            Options.write_thread_max_yield_usec: 100
[24385] 01-08 07:43:32,606 INFO [RocksDB]           Options.write_thread_slow_yield_usec: 3
[24385] 01-08 07:43:32,606 INFO [RocksDB]                              Options.row_cache: None
[24385] 01-08 07:43:32,606 INFO [RocksDB]                             Options.wal_filter: None
[24385] 01-08 07:43:32,606 INFO [RocksDB]            Options.avoid_flush_during_recovery: 0
[24385] 01-08 07:43:32,606 INFO [RocksDB]            Options.allow_ingest_behind: 0
[24385] 01-08 07:43:32,606 INFO [RocksDB]            Options.preserve_deletes: 0
[24385] 01-08 07:43:32,606 INFO [RocksDB]            Options.two_write_queues: 0
[24385] 01-08 07:43:32,606 INFO [RocksDB]            Options.manual_wal_flush: 0
[24385] 01-08 07:43:32,606 INFO [RocksDB]            Options.max_background_jobs: 16
[24385] 01-08 07:43:32,606 INFO [RocksDB]            Options.max_background_compactions: -1
[24385] 01-08 07:43:32,606 INFO [RocksDB]            Options.avoid_flush_during_shutdown: 0
[24385] 01-08 07:43:32,606 INFO [RocksDB]          Options.writable_file_max_buffer_size: 1048576
[24385] 01-08 07:43:32,606 INFO [RocksDB]            Options.delayed_write_rate : 52428800
[24385] 01-08 07:43:32,606 INFO [RocksDB]            Options.max_total_wal_size: 0
[24385] 01-08 07:43:32,606 INFO [RocksDB]            Options.delete_obsolete_files_period_micros: 21600000000
[24385] 01-08 07:43:32,606 INFO [RocksDB]                  Options.stats_dump_period_sec: 10000000
[24385] 01-08 07:43:32,606 INFO [RocksDB]                         Options.max_open_files: 1024
[24385] 01-08 07:43:32,606 INFO [RocksDB]                         Options.bytes_per_sync: 1048576
[24385] 01-08 07:43:32,606 INFO [RocksDB]                     Options.wal_bytes_per_sync: 0
[24385] 01-08 07:43:32,606 INFO [RocksDB]      Options.compaction_readahead_size: 0
[24385] 01-08 07:43:32,606 INFO [RocksDB]Compression algorithms supported:
[24385] 01-08 07:43:32,606 INFO [RocksDB]	kZSTDNotFinalCompression supported: 0
[24385] 01-08 07:43:32,606 INFO [RocksDB]	kZSTD supported: 0
[24385] 01-08 07:43:32,606 INFO [RocksDB]	kXpressCompression supported: 0
[24385] 01-08 07:43:32,606 INFO [RocksDB]	kLZ4HCCompression supported: 0
[24385] 01-08 07:43:32,606 INFO [RocksDB]	kLZ4Compression supported: 0
[24385] 01-08 07:43:32,606 INFO [RocksDB]	kBZip2Compression supported: 0
[24385] 01-08 07:43:32,606 INFO [RocksDB]	kZlibCompression supported: 1
[24385] 01-08 07:43:32,606 INFO [RocksDB]	kSnappyCompression supported: 1
[24385] 01-08 07:43:32,606 INFO [RocksDB]Fast CRC32 supported: Supported on x86
[24385] 01-08 07:43:32,606 INFO [RocksDB][db/db_impl_open.cc:222] Creating manifest 1 

[24385] 01-08 07:43:32,613 INFO [RocksDB][db/version_set.cc:3085] Recovering from manifest file: MANIFEST-000001

[24385] 01-08 07:43:32,613 INFO [RocksDB][db/column_family.cc:475] --------------- Options for column family [default]:

[24385] 01-08 07:43:32,613 INFO [RocksDB]              Options.comparator: ardb.comparator
[24385] 01-08 07:43:32,613 INFO [RocksDB]          Options.merge_operator: ardb.merger
[24385] 01-08 07:43:32,613 INFO [RocksDB]       Options.compaction_filter: None
[24385] 01-08 07:43:32,613 INFO [RocksDB]       Options.compaction_filter_factory: ardb.compact_filter_factory
[24385] 01-08 07:43:32,613 INFO [RocksDB]        Options.memtable_factory: SkipListFactory
[24385] 01-08 07:43:32,613 INFO [RocksDB]           Options.table_factory: BlockBasedTable
[24385] 01-08 07:43:32,613 INFO [RocksDB]           table_factory options:   flush_block_policy_factory: FlushBlockBySizePolicyFactory (0x7f3941208018)
  cache_index_and_filter_blocks: 0
  cache_index_and_filter_blocks_with_high_priority: 0
  pin_l0_filter_and_index_blocks_in_cache: 0
  index_type: 0
  hash_index_allow_collision: 1
  checksum: 1
  no_block_cache: 0
  block_cache: 0x7f3941281cf0
  block_cache_name: LRUCache
  block_cache_options:
    capacity : 536870912
    num_shard_bits : 6
    strict_capacity_limit : 0
    high_pri_pool_ratio: 0.000
  block_cache_compressed: (nil)
  persistent_cache: (nil)
  block_size: 4096
  block_size_deviation: 10
  block_restart_interval: 16
  index_block_restart_interval: 1
  metadata_block_size: 4096
  partition_filters: 0
  use_delta_encoding: 1
  filter_policy: rocksdb.BuiltinBloomFilter
  whole_key_filtering: 1
  verify_compression: 0
  read_amp_bytes_per_bit: 0
  format_version: 2
  enable_index_compression: 1
  block_align: 0

[24385] 01-08 07:43:32,613 INFO [RocksDB]       Options.write_buffer_size: 268435456
[24385] 01-08 07:43:32,613 INFO [RocksDB] Options.max_write_buffer_number: 6
[24385] 01-08 07:43:32,613 INFO [RocksDB]       Options.compression[0]: NoCompression
[24385] 01-08 07:43:32,613 INFO [RocksDB]       Options.compression[1]: NoCompression
[24385] 01-08 07:43:32,613 INFO [RocksDB]       Options.compression[2]: Snappy
[24385] 01-08 07:43:32,613 INFO [RocksDB]       Options.compression[3]: Snappy
[24385] 01-08 07:43:32,613 INFO [RocksDB]       Options.compression[4]: Snappy
[24385] 01-08 07:43:32,613 INFO [RocksDB]       Options.compression[5]: Snappy
[24385] 01-08 07:43:32,613 INFO [RocksDB]       Options.compression[6]: Snappy
[24385] 01-08 07:43:32,613 INFO [RocksDB]                 Options.bottommost_compression: Disabled
[24385] 01-08 07:43:32,613 INFO [RocksDB]      Options.prefix_extractor: ardb.prefix_extractor
[24385] 01-08 07:43:32,613 INFO [RocksDB]  Options.memtable_insert_with_hint_prefix_extractor: nullptr
[24385] 01-08 07:43:32,613 INFO [RocksDB]            Options.num_levels: 7
[24385] 01-08 07:43:32,613 INFO [RocksDB]       Options.min_write_buffer_number_to_merge: 2
[24385] 01-08 07:43:32,613 INFO [RocksDB]    Options.max_write_buffer_number_to_maintain: 0
[24385] 01-08 07:43:32,613 INFO [RocksDB]           Options.compression_opts.window_bits: -14
[24385] 01-08 07:43:32,613 INFO [RocksDB]                 Options.compression_opts.level: -1
[24385] 01-08 07:43:32,613 INFO [RocksDB]              Options.compression_opts.strategy: 0
[24385] 01-08 07:43:32,613 INFO [RocksDB]        Options.compression_opts.max_dict_bytes: 0
[24385] 01-08 07:43:32,613 INFO [RocksDB]        Options.compression_opts.zstd_max_train_bytes: 0
[24385] 01-08 07:43:32,613 INFO [RocksDB]     Options.level0_file_num_compaction_trigger: 2
[24385] 01-08 07:43:32,613 INFO [RocksDB]         Options.level0_slowdown_writes_trigger: 20
[24385] 01-08 07:43:32,613 INFO [RocksDB]             Options.level0_stop_writes_trigger: 36
[24385] 01-08 07:43:32,613 INFO [RocksDB]                  Options.target_file_size_base: 67108864
[24385] 01-08 07:43:32,613 INFO [RocksDB]            Options.target_file_size_multiplier: 1
[24385] 01-08 07:43:32,613 INFO [RocksDB]               Options.max_bytes_for_level_base: 536870912
[24385] 01-08 07:43:32,613 INFO [RocksDB]Options.level_compaction_dynamic_level_bytes: 0
[24385] 01-08 07:43:32,613 INFO [RocksDB]         Options.max_bytes_for_level_multiplier: 10.000000
[24385] 01-08 07:43:32,613 INFO [RocksDB]Options.max_bytes_for_level_multiplier_addtl[0]: 1
[24385] 01-08 07:43:32,613 INFO [RocksDB]Options.max_bytes_for_level_multiplier_addtl[1]: 1
[24385] 01-08 07:43:32,613 INFO [RocksDB]Options.max_bytes_for_level_multiplier_addtl[2]: 1
[24385] 01-08 07:43:32,613 INFO [RocksDB]Options.max_bytes_for_level_multiplier_addtl[3]: 1
[24385] 01-08 07:43:32,613 INFO [RocksDB]Options.max_bytes_for_level_multiplier_addtl[4]: 1
[24385] 01-08 07:43:32,613 INFO [RocksDB]Options.max_bytes_for_level_multiplier_addtl[5]: 1
[24385] 01-08 07:43:32,613 INFO [RocksDB]Options.max_bytes_for_level_multiplier_addtl[6]: 1
[24385] 01-08 07:43:32,613 INFO [RocksDB]      Options.max_sequential_skip_in_iterations: 8
[24385] 01-08 07:43:32,613 INFO [RocksDB]                   Options.max_compaction_bytes: 1677721600
[24385] 01-08 07:43:32,613 INFO [RocksDB]                       Options.arena_block_size: 33554432
[24385] 01-08 07:43:32,613 INFO [RocksDB]  Options.soft_pending_compaction_bytes_limit: 68719476736
[24385] 01-08 07:43:32,613 INFO [RocksDB]  Options.hard_pending_compaction_bytes_limit: 274877906944
[24385] 01-08 07:43:32,613 INFO [RocksDB]      Options.rate_limit_delay_max_milliseconds: 100
[24385] 01-08 07:43:32,613 INFO [RocksDB]               Options.disable_auto_compactions: 0
[24385] 01-08 07:43:32,613 INFO [RocksDB]                       Options.compaction_style: kCompactionStyleLevel
[24385] 01-08 07:43:32,613 INFO [RocksDB]                         Options.compaction_pri: kByCompensatedSize
[24385] 01-08 07:43:32,613 INFO [RocksDB]Options.compaction_options_universal.size_ratio: 1
[24385] 01-08 07:43:32,613 INFO [RocksDB]Options.compaction_options_universal.min_merge_width: 2
[24385] 01-08 07:43:32,613 INFO [RocksDB]Options.compaction_options_universal.max_merge_width: 4294967295
[24385] 01-08 07:43:32,613 INFO [RocksDB]Options.compaction_options_universal.max_size_amplification_percent: 200
[24385] 01-08 07:43:32,613 INFO [RocksDB]Options.compaction_options_universal.compression_size_percent: -1
[24385] 01-08 07:43:32,613 INFO [RocksDB]Options.compaction_options_universal.stop_style: kCompactionStopStyleTotalSize
[24385] 01-08 07:43:32,613 INFO [RocksDB]Options.compaction_options_fifo.max_table_files_size: 1073741824
[24385] 01-08 07:43:32,613 INFO [RocksDB]Options.compaction_options_fifo.allow_compaction: 0
[24385] 01-08 07:43:32,613 INFO [RocksDB]Options.compaction_options_fifo.ttl: 0
[24385] 01-08 07:43:32,614 INFO [RocksDB]                  Options.table_properties_collectors: 
[24385] 01-08 07:43:32,614 INFO [RocksDB]                  Options.inplace_update_support: 0
[24385] 01-08 07:43:32,614 INFO [RocksDB]                Options.inplace_update_num_locks: 10000
[24385] 01-08 07:43:32,614 INFO [RocksDB]              Options.memtable_prefix_bloom_size_ratio: 0.000000
[24385] 01-08 07:43:32,614 INFO [RocksDB]  Options.memtable_huge_page_size: 0
[24385] 01-08 07:43:32,614 INFO [RocksDB]                          Options.bloom_locality: 0
[24385] 01-08 07:43:32,614 INFO [RocksDB]                   Options.max_successive_merges: 0
[24385] 01-08 07:43:32,614 INFO [RocksDB]               Options.optimize_filters_for_hits: 0
[24385] 01-08 07:43:32,614 INFO [RocksDB]               Options.paranoid_file_checks: 0
[24385] 01-08 07:43:32,614 INFO [RocksDB]               Options.force_consistency_checks: 0
[24385] 01-08 07:43:32,614 INFO [RocksDB]               Options.report_bg_io_stats: 0
[24385] 01-08 07:43:32,614 INFO [RocksDB]                              Options.ttl: 0
[24385] 01-08 07:43:32,614 INFO [RocksDB][db/version_set.cc:3361] Recovered from manifest file:/home/ubuntu/ardb/data/rocksdb/MANIFEST-000001 succeeded,manifest_file_number is 1, next_file_number is 3, last_sequence is 0, log_number is 0,prev_log_number is 0,max_column_family is 0,min_log_number_to_keep is 0

[24385] 01-08 07:43:32,614 INFO [RocksDB][db/version_set.cc:3369] Column family [default] (ID 0), log number is 0

[24385] 01-08 07:43:32,617 INFO [RocksDB][db/db_impl_open.cc:1219] DB pointer 0x7f3940bbe000
[24385] 01-08 07:43:32,617 INFO Ardb init engine:rocksdb success.
[24385] 01-08 07:43:32,620 INFO Ardb will accept connections on 0.0.0.0:16379
[24385] 01-08 07:43:32,621 INFO Ardb started with version 0.10.0
[24385] 01-08 07:43:33,621 INFO ========================Period Statistics Dump Begin===========================
[24385] 01-08 07:43:33,621 INFO slave_sync_total_commands_processed:0
[24385] 01-08 07:43:33,621 INFO slave_sync_instantaneous_ops_per_sec:0
[24385] 01-08 07:43:33,621 INFO total_commands_processed:0
[24385] 01-08 07:43:33,621 INFO instantaneous_ops_per_sec:0
[24385] 01-08 07:43:33,621 INFO total_connections_received:0
[24385] 01-08 07:43:33,621 INFO rejected_connections:0
[24385] 01-08 07:43:33,621 INFO ========================Period Statistics Dump End===========================
[24385] 01-08 07:43:44,482 INFO [RocksDB][db/version_set.cc:2847] Creating manifest 6

[24385] 01-08 07:43:44,487 INFO [RocksDB][db/column_family.cc:475] --------------- Options for column family [0]:

[24385] 01-08 07:43:44,487 INFO [RocksDB]              Options.comparator: ardb.comparator
[24385] 01-08 07:43:44,487 INFO [RocksDB]          Options.merge_operator: ardb.merger
[24385] 01-08 07:43:44,487 INFO [RocksDB]       Options.compaction_filter: None
[24385] 01-08 07:43:44,487 INFO [RocksDB]       Options.compaction_filter_factory: ardb.compact_filter_factory
[24385] 01-08 07:43:44,487 INFO [RocksDB]        Options.memtable_factory: SkipListFactory
[24385] 01-08 07:43:44,487 INFO [RocksDB]           Options.table_factory: BlockBasedTable
[24385] 01-08 07:43:44,487 INFO [RocksDB]           table_factory options:   flush_block_policy_factory: FlushBlockBySizePolicyFactory (0x7f3941208018)
  cache_index_and_filter_blocks: 0
  cache_index_and_filter_blocks_with_high_priority: 0
  pin_l0_filter_and_index_blocks_in_cache: 0
  index_type: 0
  hash_index_allow_collision: 1
  checksum: 1
  no_block_cache: 0
  block_cache: 0x7f3941281cf0
  block_cache_name: LRUCache
  block_cache_options:
    capacity : 536870912
    num_shard_bits : 6
    strict_capacity_limit : 0
    high_pri_pool_ratio: 0.000
  block_cache_compressed: (nil)
  persistent_cache: (nil)
  block_size: 4096
  block_size_deviation: 10
  block_restart_interval: 16
  index_block_restart_interval: 1
  metadata_block_size: 4096
  partition_filters: 0
  use_delta_encoding: 1
  filter_policy: rocksdb.BuiltinBloomFilter
  whole_key_filtering: 1
  verify_compression: 0
  read_amp_bytes_per_bit: 0
  format_version: 2
  enable_index_compression: 1
  block_align: 0

[24385] 01-08 07:43:44,487 INFO [RocksDB]       Options.write_buffer_size: 268435456
[24385] 01-08 07:43:44,487 INFO [RocksDB] Options.max_write_buffer_number: 6
[24385] 01-08 07:43:44,487 INFO [RocksDB]       Options.compression[0]: NoCompression
[24385] 01-08 07:43:44,487 INFO [RocksDB]       Options.compression[1]: NoCompression
[24385] 01-08 07:43:44,487 INFO [RocksDB]       Options.compression[2]: Snappy
[24385] 01-08 07:43:44,487 INFO [RocksDB]       Options.compression[3]: Snappy
[24385] 01-08 07:43:44,487 INFO [RocksDB]       Options.compression[4]: Snappy
[24385] 01-08 07:43:44,487 INFO [RocksDB]       Options.compression[5]: Snappy
[24385] 01-08 07:43:44,487 INFO [RocksDB]       Options.compression[6]: Snappy
[24385] 01-08 07:43:44,487 INFO [RocksDB]                 Options.bottommost_compression: Disabled
[24385] 01-08 07:43:44,487 INFO [RocksDB]      Options.prefix_extractor: ardb.prefix_extractor
[24385] 01-08 07:43:44,487 INFO [RocksDB]  Options.memtable_insert_with_hint_prefix_extractor: nullptr
[24385] 01-08 07:43:44,487 INFO [RocksDB]            Options.num_levels: 7
[24385] 01-08 07:43:44,487 INFO [RocksDB]       Options.min_write_buffer_number_to_merge: 2
[24385] 01-08 07:43:44,487 INFO [RocksDB]    Options.max_write_buffer_number_to_maintain: 0
[24385] 01-08 07:43:44,487 INFO [RocksDB]           Options.compression_opts.window_bits: -14
[24385] 01-08 07:43:44,487 INFO [RocksDB]                 Options.compression_opts.level: -1
[24385] 01-08 07:43:44,487 INFO [RocksDB]              Options.compression_opts.strategy: 0
[24385] 01-08 07:43:44,487 INFO [RocksDB]        Options.compression_opts.max_dict_bytes: 0
[24385] 01-08 07:43:44,487 INFO [RocksDB]        Options.compression_opts.zstd_max_train_bytes: 0
[24385] 01-08 07:43:44,487 INFO [RocksDB]     Options.level0_file_num_compaction_trigger: 2
[24385] 01-08 07:43:44,487 INFO [RocksDB]         Options.level0_slowdown_writes_trigger: 20
[24385] 01-08 07:43:44,487 INFO [RocksDB]             Options.level0_stop_writes_trigger: 36
[24385] 01-08 07:43:44,487 INFO [RocksDB]                  Options.target_file_size_base: 67108864
[24385] 01-08 07:43:44,487 INFO [RocksDB]            Options.target_file_size_multiplier: 1
[24385] 01-08 07:43:44,487 INFO [RocksDB]               Options.max_bytes_for_level_base: 536870912
[24385] 01-08 07:43:44,487 INFO [RocksDB]Options.level_compaction_dynamic_level_bytes: 0
[24385] 01-08 07:43:44,487 INFO [RocksDB]         Options.max_bytes_for_level_multiplier: 10.000000
[24385] 01-08 07:43:44,487 INFO [RocksDB]Options.max_bytes_for_level_multiplier_addtl[0]: 1
[24385] 01-08 07:43:44,487 INFO [RocksDB]Options.max_bytes_for_level_multiplier_addtl[1]: 1
[24385] 01-08 07:43:44,487 INFO [RocksDB]Options.max_bytes_for_level_multiplier_addtl[2]: 1
[24385] 01-08 07:43:44,487 INFO [RocksDB]Options.max_bytes_for_level_multiplier_addtl[3]: 1
[24385] 01-08 07:43:44,487 INFO [RocksDB]Options.max_bytes_for_level_multiplier_addtl[4]: 1
[24385] 01-08 07:43:44,487 INFO [RocksDB]Options.max_bytes_for_level_multiplier_addtl[5]: 1
[24385] 01-08 07:43:44,487 INFO [RocksDB]Options.max_bytes_for_level_multiplier_addtl[6]: 1
[24385] 01-08 07:43:44,487 INFO [RocksDB]      Options.max_sequential_skip_in_iterations: 8
[24385] 01-08 07:43:44,487 INFO [RocksDB]                   Options.max_compaction_bytes: 1677721600
[24385] 01-08 07:43:44,487 INFO [RocksDB]                       Options.arena_block_size: 33554432
[24385] 01-08 07:43:44,487 INFO [RocksDB]  Options.soft_pending_compaction_bytes_limit: 68719476736
[24385] 01-08 07:43:44,487 INFO [RocksDB]  Options.hard_pending_compaction_bytes_limit: 274877906944
[24385] 01-08 07:43:44,487 INFO [RocksDB]      Options.rate_limit_delay_max_milliseconds: 100
[24385] 01-08 07:43:44,487 INFO [RocksDB]               Options.disable_auto_compactions: 0
[24385] 01-08 07:43:44,487 INFO [RocksDB]                       Options.compaction_style: kCompactionStyleLevel
[24385] 01-08 07:43:44,487 INFO [RocksDB]                         Options.compaction_pri: kByCompensatedSize
[24385] 01-08 07:43:44,487 INFO [RocksDB]Options.compaction_options_universal.size_ratio: 1
[24385] 01-08 07:43:44,487 INFO [RocksDB]Options.compaction_options_universal.min_merge_width: 2
[24385] 01-08 07:43:44,487 INFO [RocksDB]Options.compaction_options_universal.max_merge_width: 4294967295
[24385] 01-08 07:43:44,487 INFO [RocksDB]Options.compaction_options_universal.max_size_amplification_percent: 200
[24385] 01-08 07:43:44,487 INFO [RocksDB]Options.compaction_options_universal.compression_size_percent: -1
[24385] 01-08 07:43:44,488 INFO [RocksDB]Options.compaction_options_universal.stop_style: kCompactionStopStyleTotalSize
[24385] 01-08 07:43:44,488 INFO [RocksDB]Options.compaction_options_fifo.max_table_files_size: 1073741824
[24385] 01-08 07:43:44,488 INFO [RocksDB]Options.compaction_options_fifo.allow_compaction: 0
[24385] 01-08 07:43:44,488 INFO [RocksDB]Options.compaction_options_fifo.ttl: 0
[24385] 01-08 07:43:44,488 INFO [RocksDB]                  Options.table_properties_collectors: 
[24385] 01-08 07:43:44,488 INFO [RocksDB]                  Options.inplace_update_support: 0
[24385] 01-08 07:43:44,488 INFO [RocksDB]                Options.inplace_update_num_locks: 10000
[24385] 01-08 07:43:44,488 INFO [RocksDB]              Options.memtable_prefix_bloom_size_ratio: 0.000000
[24385] 01-08 07:43:44,488 INFO [RocksDB]  Options.memtable_huge_page_size: 0
[24385] 01-08 07:43:44,488 INFO [RocksDB]                          Options.bloom_locality: 0
[24385] 01-08 07:43:44,488 INFO [RocksDB]                   Options.max_successive_merges: 0
[24385] 01-08 07:43:44,488 INFO [RocksDB]               Options.optimize_filters_for_hits: 0
[24385] 01-08 07:43:44,488 INFO [RocksDB]               Options.paranoid_file_checks: 0
[24385] 01-08 07:43:44,488 INFO [RocksDB]               Options.force_consistency_checks: 0
[24385] 01-08 07:43:44,488 INFO [RocksDB]               Options.report_bg_io_stats: 0
[24385] 01-08 07:43:44,488 INFO [RocksDB]                              Options.ttl: 0
[24385] 01-08 07:43:44,488 INFO [RocksDB][db/db_impl.cc:1396] Created column family [0] (ID 1)
[24385] 01-08 07:43:44,490 INFO Create ColumnFamilyHandle with name:0 success.
[24385] 01-08 07:43:51,812 INFO [RocksDB][db/db_impl_write.cc:1373] [0] New memtable created with log file: #9. Immutable memtables: 0.

[24385] 01-08 07:43:59,433 INFO [RocksDB][db/db_impl_write.cc:1373] [0] New memtable created with log file: #10. Immutable memtables: 1.

[24385] 01-08 07:43:59,433 INFO [RocksDB][db/db_impl_compaction_flush.cc:80] [JOB 2] Syncing log #3
[24385] 01-08 07:44:00,023 INFO [RocksDB][db/db_impl_compaction_flush.cc:80] [JOB 2] Syncing log #9
[24385] 01-08 07:44:01,467 INFO [RocksDB](Original Log Time 2020/01/08-07:43:59.433505) [db/db_impl_compaction_flush.cc:1424] Calling FlushMemTableToOutputFile with column family [0], flush slots available 4, compaction slots available 1, flush slots scheduled 1, compaction slots scheduled 0
[24385] 01-08 07:44:01,467 INFO [RocksDB][db/flush_job.cc:301] [0] [JOB 2] Flushing memtable with next log file: 9

[24385] 01-08 07:44:01,467 INFO [RocksDB][db/flush_job.cc:301] [0] [JOB 2] Flushing memtable with next log file: 10

[24385] 01-08 07:44:01,467 INFO [RocksDB]EVENT_LOG_v1 {"time_micros": 1578469441467519, "job": 2, "event": "flush_started", "num_memtables": 2, "num_entries": 3414568, "num_deletes": 0, "memory_usage": 518232176, "flush_reason": "Write Buffer Full"}
[24385] 01-08 07:44:01,467 INFO [RocksDB][db/flush_job.cc:331] [0] [JOB 2] Level-0 flush table #11: started
[24385] 01-08 07:44:07,820 INFO [RocksDB]EVENT_LOG_v1 {"time_micros": 1578469447820801, "cf_name": "0", "job": 2, "event": "table_file_creation", "file_number": 11, "file_size": 332010327, "table_properties": {"data_size": 322580651, "index_size": 4327727, "filter_size": 5100907, "raw_key_size": 134372907, "raw_average_key_size": 42, "raw_value_size": 258411057, "raw_average_value_size": 81, "num_data_blocks": 80370, "num_entries": 3170676, "filter_policy_name": "rocksdb.BuiltinBloomFilter", "kDeletedKeys": "0", "kMergeOperands": "0"}}
[24385] 01-08 07:44:07,820 INFO [RocksDB][db/flush_job.cc:371] [0] [JOB 2] Level-0 flush table #11: 332010327 bytes OK
[24385] 01-08 07:44:07,823 INFO [RocksDB](Original Log Time 2020/01/08-07:44:07.822019) [db/memtable_list.cc:377] [0] Level-0 commit table #11 started
[24385] 01-08 07:44:07,823 INFO [RocksDB](Original Log Time 2020/01/08-07:44:07.823320) [db/memtable_list.cc:409] [0] Level-0 commit table #11: memtable #1 done
[24385] 01-08 07:44:07,823 INFO [RocksDB](Original Log Time 2020/01/08-07:44:07.823326) [db/memtable_list.cc:409] [0] Level-0 commit table #11: memtable #2 done
[24385] 01-08 07:44:07,823 INFO [RocksDB](Original Log Time 2020/01/08-07:44:07.823341) EVENT_LOG_v1 {"time_micros": 1578469447823334, "job": 2, "event": "flush_finished", "output_compression": "NoCompression", "lsm_state": [1, 0, 0, 0, 0, 0, 0], "immutable_memtables": 0}
[24385] 01-08 07:44:07,823 INFO [RocksDB](Original Log Time 2020/01/08-07:44:07.823357) [db/db_impl_compaction_flush.cc:177] [0] Level summary: base level 1 max bytes base 536870912 files[1 0 0 0 0 0 0] max score 0.62

[24385] 01-08 07:44:07,823 INFO [RocksDB][db/db_impl_files.cc:342] [JOB 2] Try to delete WAL files size 403187348, prev total WAL file size 583086884, number of live WAL files 3.

[24385] 01-08 07:44:08,709 INFO [RocksDB][db/db_impl_write.cc:1373] [0] New memtable created with log file: #12. Immutable memtables: 0.

[24385] 01-08 07:44:17,888 INFO [RocksDB][db/db_impl_write.cc:1373] [0] New memtable created with log file: #13. Immutable memtables: 1.

[24385] 01-08 07:44:17,888 INFO [RocksDB][db/db_impl_compaction_flush.cc:80] [JOB 3] Syncing log #10
[24385] 01-08 07:44:18,399 INFO [RocksDB][db/db_impl_compaction_flush.cc:80] [JOB 3] Syncing log #12
[24385] 01-08 07:44:20,531 INFO [RocksDB](Original Log Time 2020/01/08-07:44:17.888678) [db/db_impl_compaction_flush.cc:1424] Calling FlushMemTableToOutputFile with column family [0], flush slots available 4, compaction slots available 1, flush slots scheduled 1, compaction slots scheduled 0
[24385] 01-08 07:44:20,531 INFO [RocksDB][db/flush_job.cc:301] [0] [JOB 3] Flushing memtable with next log file: 12

[24385] 01-08 07:44:20,531 INFO [RocksDB][db/flush_job.cc:301] [0] [JOB 3] Flushing memtable with next log file: 13

[24385] 01-08 07:44:20,531 INFO [RocksDB]EVENT_LOG_v1 {"time_micros": 1578469460531223, "job": 3, "event": "flush_started", "num_memtables": 2, "num_entries": 3397405, "num_deletes": 0, "memory_usage": 520099976, "flush_reason": "Write Buffer Full"}
[24385] 01-08 07:44:20,531 INFO [RocksDB][db/flush_job.cc:331] [0] [JOB 3] Level-0 flush table #14: started
[24385] 01-08 07:44:26,850 INFO [RocksDB]EVENT_LOG_v1 {"time_micros": 1578469466850603, "cf_name": "0", "job": 3, "event": "table_file_creation", "file_number": 14, "file_size": 330276426, "table_properties": {"data_size": 320892875, "index_size": 4307469, "filter_size": 5075040, "raw_key_size": 133695254, "raw_average_key_size": 42, "raw_value_size": 257110907, "raw_average_value_size": 81, "num_data_blocks": 79955, "num_entries": 3154735, "filter_policy_name": "rocksdb.BuiltinBloomFilter", "kDeletedKeys": "0", "kMergeOperands": "0"}}
[24385] 01-08 07:44:26,850 INFO [RocksDB][db/flush_job.cc:371] [0] [JOB 3] Level-0 flush table #14: 330276426 bytes OK
[24385] 01-08 07:44:26,853 INFO [RocksDB](Original Log Time 2020/01/08-07:44:26.851753) [db/memtable_list.cc:377] [0] Level-0 commit table #14 started
[24385] 01-08 07:44:26,853 INFO [RocksDB](Original Log Time 2020/01/08-07:44:26.853101) [db/memtable_list.cc:409] [0] Level-0 commit table #14: memtable #1 done
[24385] 01-08 07:44:26,853 INFO [RocksDB](Original Log Time 2020/01/08-07:44:26.853102) [db/memtable_list.cc:409] [0] Level-0 commit table #14: memtable #2 done
[24385] 01-08 07:44:26,853 INFO [RocksDB](Original Log Time 2020/01/08-07:44:26.853115) EVENT_LOG_v1 {"time_micros": 1578469466853109, "job": 3, "event": "flush_finished", "output_compression": "NoCompression", "lsm_state": [2, 0, 0, 0, 0, 0, 0], "immutable_memtables": 0}
[24385] 01-08 07:44:26,853 INFO [RocksDB](Original Log Time 2020/01/08-07:44:26.853131) [db/db_impl_compaction_flush.cc:177] [0] Level summary: base level 1 max bytes base 536870912 files[2 0 0 0 0 0 0] max score 1.23

[24385] 01-08 07:44:26,853 INFO [RocksDB][db/db_impl_files.cc:342] [JOB 3] Try to delete WAL files size 401240043, prev total WAL file size 578404973, number of live WAL files 3.

[24385] 01-08 07:44:26,853 WARN [RocksDB][db/db_impl.cc:491] ------- DUMPING STATS -------
[24385] 01-08 07:44:26,853 WARN [RocksDB][db/db_impl.cc:492] 
** DB Stats **
Uptime(secs): 54.2 total, 54.2 interval
Cumulative writes: 1187K writes, 8312K keys, 1186K commit groups, 1.0 writes per commit group, ingest: 0.91 GB, 17.26 MB/s
Cumulative WAL: 1187K writes, 0 syncs, 1187434.00 writes per sync, written: 0.91 GB, 17.26 MB/s
Cumulative stall: 00:00:0.000 H:M:S, 0.0 percent
Interval writes: 1187K writes, 8312K keys, 1186K commit groups, 1.0 writes per commit group, ingest: 936.12 MB, 17.26 MB/s
Interval WAL: 1187K writes, 0 syncs, 1187434.00 writes per sync, written: 0.91 MB, 17.26 MB/s
Interval stall: 00:00:0.000 H:M:S, 0.0 percent

** Compaction Stats [default] **
Level    Files   Size     Score Read(GB)  Rn(GB) Rnp1(GB) Write(GB) Wnew(GB) Moved(GB) W-Amp Rd(MB/s) Wr(MB/s) Comp(sec) Comp(cnt) Avg(sec) KeyIn KeyDrop
----------------------------------------------------------------------------------------------------------------------------------------------------------
 Sum      0/0    0.00 KB   0.0      0.0     0.0      0.0       0.0     
[24385] 01-08 07:44:26,853 INFO [RocksDB][db/compaction_job.cc:1531] [0] [JOB 4] Compacting 2@0 files to L1, score 1.23
[24385] 01-08 07:44:26,853 INFO [RocksDB][db/compaction_job.cc:1535] [0] Compaction start summary: Base version 4 Base level 0, inputs: [14(314MB) 11(316MB)]

[24385] 01-08 07:44:26,853 INFO [RocksDB]EVENT_LOG_v1 {"time_micros": 1578469466853560, "job": 4, "event": "compaction_started", "compaction_reason": "LevelL0FilesNum", "files_L0": [14, 11], "score": 1.23361, "input_data_size": 662286753}
[24385] 01-08 07:44:28,394 INFO [RocksDB][db/db_impl_write.cc:1373] [0] New memtable created with log file: #16. Immutable memtables: 0.

[24385] 01-08 07:44:28,975 INFO [RocksDB][db/compaction_job.cc:1211] [0] [JOB 4] Generated table #15: 1195328 keys, 69782273 bytes
[24385] 01-08 07:44:28,975 INFO [RocksDB]EVENT_LOG_v1 {"time_micros": 1578469468975122, "cf_name": "0", "job": 4, "event": "table_file_creation", "file_number": 15, "file_size": 69782273, "table_properties": {"data_size": 67109744, "index_size": 977484, "filter_size": 1694014, "raw_key_size": 56954702, "raw_average_key_size": 47, "raw_value_size": 28164109, "raw_average_value_size": 23, "num_data_blocks": 16599, "num_entries": 1195328, "filter_policy_name": "rocksdb.BuiltinBloomFilter", "kDeletedKeys": "0", "kMergeOperands": "0"}}
[24385] 01-08 07:44:30,286 INFO [RocksDB][db/compaction_job.cc:1211] [0] [JOB 4] Generated table #17: 597498 keys, 68989220 bytes
[24385] 01-08 07:44:30,286 INFO [RocksDB]EVENT_LOG_v1 {"time_micros": 1578469470286876, "cf_name": "0", "job": 4, "event": "table_file_creation", "file_number": 17, "file_size": 68989220, "table_properties": {"data_size": 67111215, "index_size": 889078, "filter_size": 987896, "raw_key_size": 24594977, "raw_average_key_size": 41, "raw_value_size": 56762310, "raw_average_value_size": 95, "num_data_blocks": 16742, "num_entries": 597498, "filter_policy_name": "rocksdb.BuiltinBloomFilter", "kDeletedKeys": "0", "kMergeOperands": "0"}}
[24385] 01-08 07:44:31,600 INFO [RocksDB][db/compaction_job.cc:1211] [0] [JOB 4] Generated table #18: 597495 keys, 68986746 bytes
[24385] 01-08 07:44:31,600 INFO [RocksDB]EVENT_LOG_v1 {"time_micros": 1578469471600928, "cf_name": "0", "job": 4, "event": "table_file_creation", "file_number": 18, "file_size": 68986746, "table_properties": {"data_size": 67109073, "index_size": 888780, "filter_size": 987862, "raw_key_size": 24593700, "raw_average_key_size": 41, "raw_value_size": 56761998, "raw_average_value_size": 94, "num_data_blocks": 16739, "num_entries": 597495, "filter_policy_name": "rocksdb.BuiltinBloomFilter", "kDeletedKeys": "0", "kMergeOperands": "0"}}
[24385] 01-08 07:44:32,968 INFO [RocksDB][db/compaction_job.cc:1211] [0] [JOB 4] Generated table #19: 597509 keys, 68987860 bytes
[24385] 01-08 07:44:32,968 INFO [RocksDB]EVENT_LOG_v1 {"time_micros": 1578469472968040, "cf_name": "0", "job": 4, "event": "table_file_creation", "file_number": 19, "file_size": 68987860, "table_properties": {"data_size": 67110403, "index_size": 888548, "filter_size": 987878, "raw_key_size": 24594360, "raw_average_key_size": 41, "raw_value_size": 56763355, "raw_average_value_size": 95, "num_data_blocks": 16739, "num_entries": 597509, "filter_policy_name": "rocksdb.BuiltinBloomFilter", "kDeletedKeys": "0", "kMergeOperands": "0"}}
[24385] 01-08 07:44:34,271 INFO [RocksDB][db/compaction_job.cc:1211] [0] [JOB 4] Generated table #20: 597520 keys, 68986975 bytes
[24385] 01-08 07:44:34,271 INFO [RocksDB]EVENT_LOG_v1 {"time_micros": 1578469474271440, "cf_name": "0", "job": 4, "event": "table_file_creation", "file_number": 20, "file_size": 68986975, "table_properties": {"data_size": 67109904, "index_size": 888158, "filter_size": 987882, "raw_key_size": 24593773, "raw_average_key_size": 41, "raw_value_size": 56764400, "raw_average_value_size": 95, "num_data_blocks": 16738, "num_entries": 597520, "filter_policy_name": "rocksdb.BuiltinBloomFilter", "kDeletedKeys": "0", "kMergeOperands": "0"}}
[24385] 01-08 07:44:35,575 INFO [RocksDB][db/compaction_job.cc:1211] [0] [JOB 4] Generated table #21: 597540 keys, 68988828 bytes
[24385] 01-08 07:44:35,575 INFO [RocksDB]EVENT_LOG_v1 {"time_micros": 1578469475575021, "cf_name": "0", "job": 4, "event": "table_file_creation", "file_number": 21, "file_size": 68988828, "table_properties": {"data_size": 67111525, "index_size": 888362, "filter_size": 987910, "raw_key_size": 24595532, "raw_average_key_size": 41, "raw_value_size": 56766282, "raw_average_value_size": 94, "num_data_blocks": 16738, "num_entries": 597540, "filter_policy_name": "rocksdb.BuiltinBloomFilter", "kDeletedKeys": "0", "kMergeOperands": "0"}}
[24385] 01-08 07:44:36,903 INFO [RocksDB][db/compaction_job.cc:1211] [0] [JOB 4] Generated table #22: 597514 keys, 68987150 bytes
[24385] 01-08 07:44:36,903 INFO [RocksDB]EVENT_LOG_v1 {"time_micros": 1578469476903305, "cf_name": "0", "job": 4, "event": "table_file_creation", "file_number": 22, "file_size": 68987150, "table_properties": {"data_size": 67109563, "index_size": 888664, "filter_size": 987892, "raw_key_size": 24596477, "raw_average_key_size": 41, "raw_value_size": 56763875, "raw_average_value_size": 95, "num_data_blocks": 16740, "num_entries": 597514, "filter_policy_name": "rocksdb.BuiltinBloomFilter", "kDeletedKeys": "0", "kMergeOperands": "0"}}
[24385] 01-08 07:44:38,184 INFO [RocksDB][db/compaction_job.cc:1211] [0] [JOB 4] Generated table #23: 597504 keys, 68987526 bytes
[24385] 01-08 07:44:38,184 INFO [RocksDB]EVENT_LOG_v1 {"time_micros": 1578469478184368, "cf_name": "0", "job": 4, "event": "table_file_creation", "file_number": 23, "file_size": 68987526, "table_properties": {"data_size": 67109992, "index_size": 888621, "filter_size": 987882, "raw_key_size": 24593703, "raw_average_key_size": 41, "raw_value_size": 56762835, "raw_average_value_size": 94, "num_data_blocks": 16740, "num_entries": 597504, "filter_policy_name": "rocksdb.BuiltinBloomFilter", "kDeletedKeys": "0", "kMergeOperands": "0"}}
[24385] 01-08 07:44:38,269 INFO [RocksDB][db/db_impl_write.cc:1373] [0] New memtable created with log file: #25. Immutable memtables: 1.

[24385] 01-08 07:44:38,269 INFO [RocksDB][db/db_impl_compaction_flush.cc:80] [JOB 5] Syncing log #13
[24385] 01-08 07:44:39,120 INFO [RocksDB][db/db_impl_compaction_flush.cc:80] [JOB 5] Syncing log #16
[24385] 01-08 07:44:41,178 INFO [RocksDB][db/compaction_job.cc:1211] [0] [JOB 4] Generated table #24: 597509 keys, 68987110 bytes
[24385] 01-08 07:44:41,178 INFO [RocksDB]EVENT_LOG_v1 {"time_micros": 1578469481178756, "cf_name": "0", "job": 4, "event": "table_file_creation", "file_number": 24, "file_size": 68987110, "table_properties": {"data_size": 67109664, "index_size": 888537, "filter_size": 987878, "raw_key_size": 24594485, "raw_average_key_size": 41, "raw_value_size": 56763355, "raw_average_value_size": 95, "num_data_blocks": 16739, "num_entries": 597509, "filter_policy_name": "rocksdb.BuiltinBloomFilter", "kDeletedKeys": "0", "kMergeOperands": "0"}}
[24385] 01-08 07:44:41,180 INFO [RocksDB](Original Log Time 2020/01/08-07:44:38.269777) [db/db_impl_compaction_flush.cc:1424] Calling FlushMemTableToOutputFile with column family [0], flush slots available 4, compaction slots available 1, flush slots scheduled 1, compaction slots scheduled 1
[24385] 01-08 07:44:41,180 INFO [RocksDB][db/flush_job.cc:301] [0] [JOB 5] Flushing memtable with next log file: 16

[24385] 01-08 07:44:41,180 INFO [RocksDB][db/flush_job.cc:301] [0] [JOB 5] Flushing memtable with next log file: 25

[24385] 01-08 07:44:41,180 INFO [RocksDB]EVENT_LOG_v1 {"time_micros": 1578469481180462, "job": 5, "event": "flush_started", "num_memtables": 2, "num_entries": 3429199, "num_deletes": 0, "memory_usage": 520099752, "flush_reason": "Write Buffer Full"}
[24385] 01-08 07:44:41,180 INFO [RocksDB][db/flush_job.cc:331] [0] [JOB 5] Level-0 flush table #26: started
[24385] 01-08 07:44:42,403 INFO [RocksDB][db/compaction_job.cc:1211] [0] [JOB 4] Generated table #27: 349993 keys, 40403715 bytes
[24385] 01-08 07:44:42,403 INFO [RocksDB]EVENT_LOG_v1 {"time_micros": 1578469482403958, "cf_name": "0", "job": 4, "event": "table_file_creation", "file_number": 27, "file_size": 40403715, "table_properties": {"data_size": 39305177, "index_size": 518876, "filter_size": 578632, "raw_key_size": 14356433, "raw_average_key_size": 41, "raw_value_size": 33249389, "raw_average_value_size": 95, "num_data_blocks": 9804, "num_entries": 349993, "filter_policy_name": "rocksdb.BuiltinBloomFilter", "kDeletedKeys": "0", "kMergeOperands": "0"}}
[24385] 01-08 07:44:42,404 INFO [RocksDB][db/compaction_job.cc:1287] [0] [JOB 4] Compacted 2@0 files to L1 => 662087403 bytes
[24385] 01-08 07:44:42,406 INFO [RocksDB](Original Log Time 2020/01/08-07:44:42.406751) [db/compaction_job.cc:685] [0] compacted to: base level 1 max bytes base 536870912 files[0 10 0 0 0 0 0] max score 1.23, MB/sec: 42.6 rd, 42.6 wr, level 1, files in(2, 0) out(10) MB in(631.6, 0.0) out(631.4), read-write-amplify(2.0) write-amplify(1.0) OK, records in: 6325411, records dropped: 1 output_compression: NoCompression

[24385] 01-08 07:44:42,406 INFO [RocksDB](Original Log Time 2020/01/08-07:44:42.406768) EVENT_LOG_v1 {"time_micros": 1578469482406761, "job": 4, "event": "compaction_finished", "compaction_time_micros": 15551394, "output_level": 1, "num_output_files": 10, "total_output_size": 662087403, "num_input_records": 6325411, "num_output_records": 6325410, "num_subcompactions": 1, "output_compression": "NoCompression", "num_single_delete_mismatches": 0, "num_single_delete_fallthrough": 0, "lsm_state": [0, 10, 0, 0, 0, 0, 0]}
[24385] 01-08 07:44:42,407 INFO [RocksDB][db/compaction_job.cc:1531] [0] [JOB 6] Compacting 1@1 files to L2, score 1.23
[24385] 01-08 07:44:42,407 INFO [RocksDB][db/compaction_job.cc:1535] [0] Compaction start summary: Base version 5 Base level 1, inputs: [15(66MB)]

[24385] 01-08 07:44:42,407 INFO [RocksDB]EVENT_LOG_v1 {"time_micros": 1578469482407777, "job": 6, "event": "compaction_started", "compaction_reason": "LevelMaxLevelSize", "files_L1": [15], "score": 1.23323, "input_data_size": 69782273}
[24385] 01-08 07:44:46,318 INFO [RocksDB][db/compaction_job.cc:1211] [0] [JOB 6] Generated table #28: 1195328 keys, 54337089 bytes
[24385] 01-08 07:44:46,318 INFO [RocksDB]EVENT_LOG_v1 {"time_micros": 1578469486318166, "cf_name": "0", "job": 6, "event": "table_file_creation", "file_number": 28, "file_size": 54337089, "table_properties": {"data_size": 52139299, "index_size": 977180, "filter_size": 1664774, "raw_key_size": 56954702, "raw_average_key_size": 47, "raw_value_size": 28164109, "raw_average_value_size": 23, "num_data_blocks": 16599, "num_entries": 1195328, "filter_policy_name": "rocksdb.BuiltinBloomFilter", "kDeletedKeys": "0", "kMergeOperands": "0"}}
[24385] 01-08 07:44:46,319 INFO [RocksDB][db/compaction_job.cc:1287] [0] [JOB 6] Compacted 1@1 files to L2 => 54337089 bytes
[24385] 01-08 07:44:46,320 INFO [RocksDB](Original Log Time 2020/01/08-07:44:46.320637) [db/compaction_job.cc:685] [0] compacted to: base level 1 max bytes base 536870912 files[0 9 1 0 0 0 0] max score 1.10, MB/sec: 17.8 rd, 13.9 wr, level 2, files in(1, 0) out(1) MB in(66.5, 0.0) out(51.8), read-write-amplify(1.8) write-amplify(0.8) OK, records in: 1195328, records dropped: 0 output_compression: Snappy

[24385] 01-08 07:44:46,320 INFO [RocksDB](Original Log Time 2020/01/08-07:44:46.320651) EVENT_LOG_v1 {"time_micros": 1578469486320646, "job": 6, "event": "compaction_finished", "compaction_time_micros": 3911374, "output_level": 2, "num_output_files": 1, "total_output_size": 54337089, "num_input_records": 1195328, "num_output_records": 1195328, "num_subcompactions": 1, "output_compression": "Snappy", "num_single_delete_mismatches": 0, "num_single_delete_fallthrough": 0, "lsm_state": [0, 9, 1, 0, 0, 0, 0]}
[24385] 01-08 07:44:46,327 INFO [RocksDB]EVENT_LOG_v1 {"time_micros": 1578469486327870, "job": 6, "event": "table_file_deletion", "file_number": 15}
[24385] 01-08 07:44:46,327 INFO [RocksDB][db/compaction_job.cc:1531] [0] [JOB 7] Compacting 1@1 files to L2, score 1.10
[24385] 01-08 07:44:46,327 INFO [RocksDB][db/compaction_job.cc:1535] [0] Compaction start summary: Base version 6 Base level 1, inputs: [17(65MB)]

[24385] 01-08 07:44:46,327 INFO [RocksDB]EVENT_LOG_v1 {"time_micros": 1578469486327918, "job": 7, "event": "compaction_started", "compaction_reason": "LevelMaxLevelSize", "files_L1": [17], "score": 1.10325, "input_data_size": 68989220}
[24385] 01-08 07:44:49,607 INFO [RocksDB][db/compaction_job.cc:1211] [0] [JOB 7] Generated table #29: 597498 keys, 68587325 bytes
[24385] 01-08 07:44:49,607 INFO [RocksDB]EVENT_LOG_v1 {"time_micros": 1578469489607541, "cf_name": "0", "job": 7, "event": "table_file_creation", "file_number": 29, "file_size": 68587325, "table_properties": {"data_size": 67111215, "index_size": 889078, "filter_size": 987896, "raw_key_size": 24594977, "raw_average_key_size": 41, "raw_value_size": 56762310, "raw_average_value_size": 95, "num_data_blocks": 16742, "num_entries": 597498, "filter_policy_name": "rocksdb.BuiltinBloomFilter", "kDeletedKeys": "0", "kMergeOperands": "0"}}
[24385] 01-08 07:44:49,609 INFO [RocksDB][db/compaction_job.cc:1287] [0] [JOB 7] Compacted 1@1 files to L2 => 68587325 bytes
[24385] 01-08 07:44:49,611 INFO [RocksDB](Original Log Time 2020/01/08-07:44:49.611208) [db/compaction_job.cc:685] [0] compacted to: base level 1 max bytes base 536870912 files[0 8 2 0 0 0 0] max score 0.97, MB/sec: 21.0 rd, 20.9 wr, level 2, files in(1, 0) out(1) MB in(65.8, 0.0) out(65.4), read-write-amplify(2.0) write-amplify(1.0) OK, records in: 597498, records dropped: 0 output_compression: Snappy

[24385] 01-08 07:44:49,611 INFO [RocksDB](Original Log Time 2020/01/08-07:44:49.611238) EVENT_LOG_v1 {"time_micros": 1578469489611232, "job": 7, "event": "compaction_finished", "compaction_time_micros": 3281587, "output_level": 2, "num_output_files": 1, "total_output_size": 68587325, "num_input_records": 597498, "num_output_records": 597498, "num_subcompactions": 1, "output_compression": "Snappy", "num_single_delete_mismatches": 0, "num_single_delete_fallthrough": 0, "lsm_state": [0, 8, 2, 0, 0, 0, 0]}
[24385] 01-08 07:44:49,618 INFO [RocksDB]EVENT_LOG_v1 {"time_micros": 1578469489618180, "job": 7, "event": "table_file_deletion", "file_number": 17}
[24385] 01-08 07:44:50,283 INFO [RocksDB][db/db_impl_write.cc:1373] [0] New memtable created with log file: #30. Immutable memtables: 2.

[24385] 01-08 07:44:50,609 INFO [RocksDB]EVENT_LOG_v1 {"time_micros": 1578469490609799, "cf_name": "0", "job": 5, "event": "table_file_creation", "file_number": 26, "file_size": 333437288, "table_properties": {"data_size": 323966281, "index_size": 4347258, "filter_size": 5122707, "raw_key_size": 134950292, "raw_average_key_size": 42, "raw_value_size": 259517334, "raw_average_value_size": 81, "num_data_blocks": 80717, "num_entries": 3184258, "filter_policy_name": "rocksdb.BuiltinBloomFilter", "kDeletedKeys": "0", "kMergeOperands": "0"}}
[24385] 01-08 07:44:50,609 INFO [RocksDB][db/flush_job.cc:371] [0] [JOB 5] Level-0 flush table #26: 333437288 bytes OK
[24385] 01-08 07:44:50,612 INFO [RocksDB](Original Log Time 2020/01/08-07:44:50.610937) [db/memtable_list.cc:377] [0] Level-0 commit table #26 started
[24385] 01-08 07:44:50,612 INFO [RocksDB](Original Log Time 2020/01/08-07:44:50.612257) [db/memtable_list.cc:409] [0] Level-0 commit table #26: memtable #1 done
[24385] 01-08 07:44:50,612 INFO [RocksDB](Original Log Time 2020/01/08-07:44:50.612257) [db/memtable_list.cc:409] [0] Level-0 commit table #26: memtable #2 done
[24385] 01-08 07:44:50,612 INFO [RocksDB](Original Log Time 2020/01/08-07:44:50.612266) EVENT_LOG_v1 {"time_micros": 1578469490612262, "job": 5, "event": "flush_finished", "output_compression": "NoCompression", "lsm_state": [1, 8, 2, 0, 0, 0, 0], "immutable_memtables": 1}
[24385] 01-08 07:44:50,612 INFO [RocksDB](Original Log Time 2020/01/08-07:44:50.612287) [db/db_impl_compaction_flush.cc:177] [0] Level summary: base level 1 max bytes base 536870912 files[1 8 2 0 0 0 0] max score 0.97

[24385] 01-08 07:44:50,612 INFO [RocksDB][db/db_impl_files.cc:342] [JOB 5] Try to delete WAL files size 404998765, prev total WAL file size 604325003, number of live WAL files 4.

[24385] 01-08 07:44:50,662 INFO [RocksDB]EVENT_LOG_v1 {"time_micros": 1578469490662273, "job": 5, "event": "table_file_deletion", "file_number": 14}
[24385] 01-08 07:44:50,711 INFO [RocksDB]EVENT_LOG_v1 {"time_micros": 1578469490711055, "job": 5, "event": "table_file_deletion", "file_number": 11}
[24385] 01-08 07:45:06,159 INFO [RocksDB][db/db_impl_write.cc:1373] [0] New memtable created with log file: #31. Immutable memtables: 1.

[24385] 01-08 07:45:06,159 INFO [RocksDB][db/db_impl_compaction_flush.cc:80] [JOB 8] Syncing log #25
[24385] 01-08 07:45:06,629 INFO [RocksDB][db/db_impl_compaction_flush.cc:80] [JOB 8] Syncing log #30
[24385] 01-08 07:45:08,348 INFO [RocksDB](Original Log Time 2020/01/08-07:45:06.159182) [db/db_impl_compaction_flush.cc:1424] Calling FlushMemTableToOutputFile with column family [0], flush slots available 4, compaction slots available 1, flush slots scheduled 1, compaction slots scheduled 0
[24385] 01-08 07:45:08,348 INFO [RocksDB][db/flush_job.cc:301] [0] [JOB 8] Flushing memtable with next log file: 30

[24385] 01-08 07:45:08,348 INFO [RocksDB][db/flush_job.cc:301] [0] [JOB 8] Flushing memtable with next log file: 31

[24385] 01-08 07:45:08,348 INFO [RocksDB]EVENT_LOG_v1 {"time_micros": 1578469508348459, "job": 8, "event": "flush_started", "num_memtables": 2, "num_entries": 3440050, "num_deletes": 0, "memory_usage": 520099064, "flush_reason": "Write Buffer Full"}
[24385] 01-08 07:45:08,348 INFO [RocksDB][db/flush_job.cc:331] [0] [JOB 8] Level-0 flush table #32: started
[24385] 01-08 07:45:14,723 INFO [RocksDB]EVENT_LOG_v1 {"time_micros": 1578469514723599, "cf_name": "0", "job": 8, "event": "table_file_creation", "file_number": 32, "file_size": 334479419, "table_properties": {"data_size": 324976896, "index_size": 4362618, "filter_size": 5138863, "raw_key_size": 135375263, "raw_average_key_size": 42, "raw_value_size": 260336788, "raw_average_value_size": 81, "num_data_blocks": 80974, "num_entries": 3194330, "filter_policy_name": "rocksdb.BuiltinBloomFilter", "kDeletedKeys": "0", "kMergeOperands": "0"}}
[24385] 01-08 07:45:14,723 INFO [RocksDB][db/flush_job.cc:371] [0] [JOB 8] Level-0 flush table #32: 334479419 bytes OK
[24385] 01-08 07:45:14,725 INFO [RocksDB](Original Log Time 2020/01/08-07:45:14.724528) [db/memtable_list.cc:377] [0] Level-0 commit table #32 started
[24385] 01-08 07:45:14,725 INFO [RocksDB](Original Log Time 2020/01/08-07:45:14.725859) [db/memtable_list.cc:409] [0] Level-0 commit table #32: memtable #1 done
[24385] 01-08 07:45:14,725 INFO [RocksDB](Original Log Time 2020/01/08-07:45:14.725860) [db/memtable_list.cc:409] [0] Level-0 commit table #32: memtable #2 done
[24385] 01-08 07:45:14,725 INFO [RocksDB](Original Log Time 2020/01/08-07:45:14.725870) EVENT_LOG_v1 {"time_micros": 1578469514725865, "job": 8, "event": "flush_finished", "output_compression": "NoCompression", "lsm_state": [2, 8, 2, 0, 0, 0, 0], "immutable_memtables": 0}
[24385] 01-08 07:45:14,725 INFO [RocksDB](Original Log Time 2020/01/08-07:45:14.725900) [db/db_impl_compaction_flush.cc:177] [0] Level summary: base level 1 max bytes base 536870912 files[2 8 2 0 0 0 0] max score 1.24

[24385] 01-08 07:45:14,725 INFO [RocksDB][db/db_impl_files.cc:342] [JOB 8] Try to delete WAL files size 406277867, prev total WAL file size 443925372, number of live WAL files 3.

[24385] 01-08 07:45:14,726 INFO [RocksDB][db/compaction_job.cc:1531] [0] [JOB 9] Compacting 2@0 + 8@1 files to L1, score 1.24
[24385] 01-08 07:45:14,726 INFO [RocksDB][db/compaction_job.cc:1535] [0] Compaction start summary: Base version 9 Base level 0, inputs: [32(318MB) 26(317MB)], [18(65MB) 19(65MB) 20(65MB) 21(65MB) 22(65MB) 23(65MB) 24(65MB) 27(38MB)]

[24385] 01-08 07:45:14,726 INFO [RocksDB]EVENT_LOG_v1 {"time_micros": 1578469514726096, "job": 9, "event": "compaction_started", "compaction_reason": "LevelL0FilesNum", "files_L0": [32, 26], "files_L1": [18, 19, 20, 21, 22, 23, 24, 27], "score": 1.24409, "input_data_size": 1191232617}
[24385] 01-08 07:45:16,136 INFO [RocksDB][db/compaction_job.cc:1211] [0] [JOB 9] Generated table #33: 1200146 keys, 69790055 bytes
[24385] 01-08 07:45:16,136 INFO [RocksDB]EVENT_LOG_v1 {"time_micros": 1578469516136729, "cf_name": "0", "job": 9, "event": "table_file_creation", "file_number": 33, "file_size": 69790055, "table_properties": {"data_size": 67111640, "index_size": 977788, "filter_size": 1699596, "raw_key_size": 57218881, "raw_average_key_size": 47, "raw_value_size": 27902135, "raw_average_value_size": 23, "num_data_blocks": 16598, "num_entries": 1200146, "filter_policy_name": "rocksdb.BuiltinBloomFilter", "kDeletedKeys": "0", "kMergeOperands": "0"}}
[24385] 01-08 07:45:17,443 INFO [RocksDB][db/compaction_job.cc:1211] [0] [JOB 9] Generated table #34: 597512 keys, 68987731 bytes
[24385] 01-08 07:45:17,443 INFO [RocksDB]EVENT_LOG_v1 {"time_micros": 1578469517443978, "cf_name": "0", "job": 9, "event": "table_file_creation", "file_number": 34, "file_size": 68987731, "table_properties": {"data_size": 67110548, "index_size": 888289, "filter_size": 987863, "raw_key_size": 24596052, "raw_average_key_size": 41, "raw_value_size": 56763667, "raw_average_value_size": 95, "num_data_blocks": 16737, "num_entries": 597512, "filter_policy_name": "rocksdb.BuiltinBloomFilter", "kDeletedKeys": "0", "kMergeOperands": "0"}}
[24385] 01-08 07:45:18,824 INFO [RocksDB][db/compaction_job.cc:1211] [0] [JOB 9] Generated table #35: 597612 keys, 68990781 bytes
[24385] 01-08 07:45:18,824 INFO [RocksDB]EVENT_LOG_v1 {"time_micros": 1578469518824404, "cf_name": "0", "job": 9, "event": "table_file_creation", "file_number": 35, "file_size": 68990781, "table_properties": {"data_size": 67112862, "index_size": 888846, "filter_size": 988042, "raw_key_size": 24597103, "raw_average_key_size": 41, "raw_value_size": 56773077, "raw_average_value_size": 94, "num_data_blocks": 16743, "num_entries": 597612, "filter_policy_name": "rocksdb.BuiltinBloomFilter", "kDeletedKeys": "0", "kMergeOperands": "0"}}
[24385] 01-08 07:45:20,125 INFO [RocksDB][db/compaction_job.cc:1211] [0] [JOB 9] Generated table #36: 597597 keys, 68987692 bytes
[24385] 01-08 07:45:20,125 INFO [RocksDB]EVENT_LOG_v1 {"time_micros": 1578469520125784, "cf_name": "0", "job": 9, "event": "table_file_creation", "file_number": 36, "file_size": 68987692, "table_properties": {"data_size": 67109539, "index_size": 889104, "filter_size": 988018, "raw_key_size": 24599316, "raw_average_key_size": 41, "raw_value_size": 56771715, "raw_average_value_size": 95, "num_data_blocks": 16743, "num_entries": 597597, "filter_policy_name": "rocksdb.BuiltinBloomFilter", "kDeletedKeys": "0", "kMergeOperands": "0"}}
[24385] 01-08 07:45:21,429 INFO [RocksDB][db/compaction_job.cc:1211] [0] [JOB 9] Generated table #37: 597594 keys, 68989245 bytes
[24385] 01-08 07:45:21,429 INFO [RocksDB]EVENT_LOG_v1 {"time_micros": 1578469521429639, "cf_name": "0", "job": 9, "event": "table_file_creation", "file_number": 37, "file_size": 68989245, "table_properties": {"data_size": 67111490, "index_size": 888707, "filter_size": 988017, "raw_key_size": 24595117, "raw_average_key_size": 41, "raw_value_size": 56771502, "raw_average_value_size": 95, "num_data_blocks": 16743, "num_entries": 597594, "filter_policy_name": "rocksdb.BuiltinBloomFilter", "kDeletedKeys": "0", "kMergeOperands": "0"}}
[24385] 01-08 07:45:22,731 INFO [RocksDB][db/compaction_job.cc:1211] [0] [JOB 9] Generated table #38: 597608 keys, 68987720 bytes
[24385] 01-08 07:45:22,731 INFO [RocksDB]EVENT_LOG_v1 {"time_micros": 1578469522731310, "cf_name": "0", "job": 9, "event": "table_file_creation", "file_number": 38, "file_size": 68987720, "table_properties": {"data_size": 67109922, "index_size": 888745, "filter_size": 988022, "raw_key_size": 24598648, "raw_average_key_size": 41, "raw_value_size": 56772760, "raw_average_value_size": 95, "num_data_blocks": 16742, "num_entries": 597608, "filter_policy_name": "rocksdb.BuiltinBloomFilter", "kDeletedKeys": "0", "kMergeOperands": "0"}}
[24385] 01-08 07:45:24,039 INFO [RocksDB][db/compaction_job.cc:1211] [0] [JOB 9] Generated table #39: 597586 keys, 68989087 bytes
[24385] 01-08 07:45:24,039 INFO [RocksDB]EVENT_LOG_v1 {"time_micros": 1578469524039848, "cf_name": "0", "job": 9, "event": "table_file_creation", "file_number": 39, "file_size": 68989087, "table_properties": {"data_size": 67110763, "index_size": 889288, "filter_size": 988005, "raw_key_size": 24597741, "raw_average_key_size": 41, "raw_value_size": 56770670, "raw_average_value_size": 95, "num_data_blocks": 16743, "num_entries": 597586, "filter_policy_name": "rocksdb.BuiltinBloomFilter", "kDeletedKeys": "0", "kMergeOperands": "0"}}
[24385] 01-08 07:45:25,347 INFO [RocksDB][db/compaction_job.cc:1211] [0] [JOB 9] Generated table #40: 597605 keys, 68986848 bytes
[24385] 01-08 07:45:25,347 INFO [RocksDB]EVENT_LOG_v1 {"time_micros": 1578469525347169, "cf_name": "0", "job": 9, "event": "table_file_creation", "file_number": 40, "file_size": 68986848, "table_properties": {"data_size": 67109402, "index_size": 888387, "filter_size": 988028, "raw_key_size": 24596992, "raw_average_key_size": 41, "raw_value_size": 56772448, "raw_average_value_size": 94, "num_data_blocks": 16743, "num_entries": 597605, "filter_policy_name": "rocksdb.BuiltinBloomFilter", "kDeletedKeys": "0", "kMergeOperands": "0"}}
[24385] 01-08 07:45:26,728 INFO [RocksDB][db/compaction_job.cc:1211] [0] [JOB 9] Generated table #41: 597619 keys, 68988352 bytes
[24385] 01-08 07:45:26,728 INFO [RocksDB]EVENT_LOG_v1 {"time_micros": 1578469526728941, "cf_name": "0", "job": 9, "event": "table_file_creation", "file_number": 41, "file_size": 68988352, "table_properties": {"data_size": 67110795, "index_size": 888491, "filter_size": 988035, "raw_key_size": 24599630, "raw_average_key_size": 41, "raw_value_size": 56773805, "raw_average_value_size": 95, "num_data_blocks": 16742, "num_entries": 597619, "filter_policy_name": "rocksdb.BuiltinBloomFilter", "kDeletedKeys": "0", "kMergeOperands": "0"}}
[24385] 01-08 07:45:28,029 INFO [RocksDB][db/compaction_job.cc:1211] [0] [JOB 9] Generated table #42: 597619 keys, 68988933 bytes
[24385] 01-08 07:45:28,029 INFO [RocksDB]EVENT_LOG_v1 {"time_micros": 1578469528029877, "cf_name": "0", "job": 9, "event": "table_file_creation", "file_number": 42, "file_size": 68988933, "table_properties": {"data_size": 67111175, "index_size": 888679, "filter_size": 988048, "raw_key_size": 24598090, "raw_average_key_size": 41, "raw_value_size": 56773805, "raw_average_value_size": 95, "num_data_blocks": 16743, "num_entries": 597619, "filter_policy_name": "rocksdb.BuiltinBloomFilter", "kDeletedKeys": "0", "kMergeOperands": "0"}}
[24385] 01-08 07:45:29,331 INFO [RocksDB][db/compaction_job.cc:1211] [0] [JOB 9] Generated table #43: 597622 keys, 68989911 bytes
[24385] 01-08 07:45:29,331 INFO [RocksDB]EVENT_LOG_v1 {"time_micros": 1578469529331575, "cf_name": "0", "job": 9, "event": "table_file_creation", "file_number": 43, "file_size": 68989911, "table_properties": {"data_size": 67112202, "index_size": 888636, "filter_size": 988042, "raw_key_size": 24598623, "raw_average_key_size": 41, "raw_value_size": 56774117, "raw_average_value_size": 95, "num_data_blocks": 16742, "num_entries": 597622, "filter_policy_name": "rocksdb.BuiltinBloomFilter", "kDeletedKeys": "0", "kMergeOperands": "0"}}
[24385] 01-08 07:45:30,634 INFO [RocksDB][db/compaction_job.cc:1211] [0] [JOB 9] Generated table #44: 597619 keys, 68987974 bytes
[24385] 01-08 07:45:30,634 INFO [RocksDB]EVENT_LOG_v1 {"time_micros": 1578469530634248, "cf_name": "0", "job": 9, "event": "table_file_creation", "file_number": 44, "file_size": 68987974, "table_properties": {"data_size": 67110143, "index_size": 888747, "filter_size": 988053, "raw_key_size": 24601236, "raw_average_key_size": 41, "raw_value_size": 56773805, "raw_average_value_size": 95, "num_data_blocks": 16744, "num_entries": 597619, "filter_policy_name": "rocksdb.BuiltinBloomFilter", "kDeletedKeys": "0", "kMergeOperands": "0"}}
[24385] 01-08 07:45:31,943 INFO [RocksDB][db/compaction_job.cc:1211] [0] [JOB 9] Generated table #45: 597625 keys, 68989776 bytes
[24385] 01-08 07:45:31,943 INFO [RocksDB]EVENT_LOG_v1 {"time_micros": 1578469531943623, "cf_name": "0", "job": 9, "event": "table_file_creation", "file_number": 45, "file_size": 68989776, "table_properties": {"data_size": 67112104, "index_size": 888594, "filter_size": 988047, "raw_key_size": 24598642, "raw_average_key_size": 41, "raw_value_size": 56774330, "raw_average_value_size": 94, "num_data_blocks": 16742, "num_entries": 597625, "filter_policy_name": "rocksdb.BuiltinBloomFilter", "kDeletedKeys": "0", "kMergeOperands": "0"}}
[24385] 01-08 07:45:33,251 INFO [RocksDB][db/compaction_job.cc:1211] [0] [JOB 9] Generated table #46: 597635 keys, 68989132 bytes
[24385] 01-08 07:45:33,251 INFO [RocksDB]EVENT_LOG_v1 {"time_micros": 1578469533251313, "cf_name": "0", "job": 9, "event": "table_file_creation", "file_number": 46, "file_size": 68989132, "table_properties": {"data_size": 67111152, "index_size": 888883, "filter_size": 988066, "raw_key_size": 24602395, "raw_average_key_size": 41, "raw_value_size": 56775370, "raw_average_value_size": 95, "num_data_blocks": 16743, "num_entries": 597635, "filter_policy_name": "rocksdb.BuiltinBloomFilter", "kDeletedKeys": "0", "kMergeOperands": "0"}}
[24385] 01-08 07:45:34,552 INFO [RocksDB][db/compaction_job.cc:1211] [0] [JOB 9] Generated table #47: 597603 keys, 68987329 bytes
[24385] 01-08 07:45:34,552 INFO [RocksDB]EVENT_LOG_v1 {"time_micros": 1578469534552703, "cf_name": "0", "job": 9, "event": "table_file_creation", "file_number": 47, "file_size": 68987329, "table_properties": {"data_size": 67109639, "index_size": 888651, "filter_size": 988008, "raw_key_size": 24598416, "raw_average_key_size": 41, "raw_value_size": 56772240, "raw_average_value_size": 94, "num_data_blocks": 16741, "num_entries": 597603, "filter_policy_name": "rocksdb.BuiltinBloomFilter", "kDeletedKeys": "0", "kMergeOperands": "0"}}
[24385] 01-08 07:45:35,933 INFO [RocksDB][db/compaction_job.cc:1211] [0] [JOB 9] Generated table #48: 597631 keys, 68990475 bytes
[24385] 01-08 07:45:35,933 INFO [RocksDB]EVENT_LOG_v1 {"time_micros": 1578469535933241, "cf_name": "0", "job": 9, "event": "table_file_creation", "file_number": 48, "file_size": 68990475, "table_properties": {"data_size": 67112526, "index_size": 888865, "filter_size": 988053, "raw_key_size": 24599840, "raw_average_key_size": 41, "raw_value_size": 56774954, "raw_average_value_size": 95, "num_data_blocks": 16742, "num_entries": 597631, "filter_policy_name": "rocksdb.BuiltinBloomFilter", "kDeletedKeys": "0", "kMergeOperands": "0"}}
[24385] 01-08 07:45:37,234 INFO [RocksDB][db/compaction_job.cc:1211] [0] [JOB 9] Generated table #49: 597629 keys, 68989333 bytes
[24385] 01-08 07:45:37,234 INFO [RocksDB]EVENT_LOG_v1 {"time_micros": 1578469537234915, "cf_name": "0", "job": 9, "event": "table_file_creation", "file_number": 49, "file_size": 68989333, "table_properties": {"data_size": 67111555, "index_size": 888696, "filter_size": 988051, "raw_key_size": 24601296, "raw_average_key_size": 41, "raw_value_size": 56774746, "raw_average_value_size": 94, "num_data_blocks": 16742, "num_entries": 597629, "filter_policy_name": "rocksdb.BuiltinBloomFilter", "kDeletedKeys": "0", "kMergeOperands": "0"}}
[24385] 01-08 07:45:37,550 INFO [RocksDB][db/compaction_job.cc:1211] [0] [JOB 9] Generated table #50: 149309 keys, 17230705 bytes
[24385] 01-08 07:45:37,550 INFO [RocksDB]EVENT_LOG_v1 {"time_micros": 1578469537550757, "cf_name": "0", "job": 9, "event": "table_file_creation", "file_number": 50, "file_size": 17230705, "table_properties": {"data_size": 16762918, "index_size": 219972, "filter_size": 246785, "raw_key_size": 6045981, "raw_average_key_size": 40, "raw_value_size": 14184409, "raw_average_value_size": 95, "num_data_blocks": 4178, "num_entries": 149309, "filter_policy_name": "rocksdb.BuiltinBloomFilter", "kDeletedKeys": "0", "kMergeOperands": "0"}}
[24385] 01-08 07:45:37,551 INFO [RocksDB][db/compaction_job.cc:1287] [0] [JOB 9] Compacted 2@0 + 8@1 files to L1 => 1190841079 bytes
[24385] 01-08 07:45:37,553 INFO [RocksDB](Original Log Time 2020/01/08-07:45:37.553557) [db/compaction_job.cc:685] [0] compacted to: base level 1 max bytes base 536870912 files[0 18 2 0 0 0 0] max score 2.22, MB/sec: 52.2 rd, 52.2 wr, level 1, files in(2, 8) out(18) MB in(637.0, 499.1) out(1135.7), read-write-amplify(3.6) write-amplify(1.8) OK, records in: 10911172, records dropped: 1 output_compression: NoCompression

[24385] 01-08 07:45:37,553 INFO [RocksDB](Original Log Time 2020/01/08-07:45:37.553582) EVENT_LOG_v1 {"time_micros": 1578469537553566, "job": 9, "event": "compaction_finished", "compaction_time_micros": 22825735, "output_level": 1, "num_output_files": 18, "total_output_size": 1190841079, "num_input_records": 10911172, "num_output_records": 10911171, "num_subcompactions": 1, "output_compression": "NoCompression", "num_single_delete_mismatches": 0, "num_single_delete_fallthrough": 0, "lsm_state": [0, 18, 2, 0, 0, 0, 0]}
[24385] 01-08 07:45:37,553 INFO [RocksDB][db/compaction_job.cc:1531] [0] [JOB 10] Compacting 1@1 + 1@2 files to L2, score 2.22
[24385] 01-08 07:45:37,553 INFO [RocksDB][db/compaction_job.cc:1535] [0] Compaction start summary: Base version 10 Base level 1, inputs: [33(66MB)], [28(51MB)]

[24385] 01-08 07:45:37,553 INFO [RocksDB]EVENT_LOG_v1 {"time_micros": 1578469537553690, "job": 10, "event": "compaction_started", "compaction_reason": "LevelMaxLevelSize", "files_L1": [33], "files_L2": [28], "score": 2.21811, "input_data_size": 124127144}
[24385] 01-08 07:45:37,587 INFO [RocksDB]EVENT_LOG_v1 {"time_micros": 1578469537587607, "job": 0, "event": "table_file_deletion", "file_number": 32}
[24385] 01-08 07:45:37,591 INFO [RocksDB]EVENT_LOG_v1 {"time_micros": 1578469537591645, "job": 0, "event": "table_file_deletion", "file_number": 27}
[24385] 01-08 07:45:37,623 INFO [RocksDB]EVENT_LOG_v1 {"time_micros": 1578469537623910, "job": 0, "event": "table_file_deletion", "file_number": 26}
[24385] 01-08 07:45:37,630 INFO [RocksDB]EVENT_LOG_v1 {"time_micros": 1578469537630582, "job": 0, "event": "table_file_deletion", "file_number": 24}
[24385] 01-08 07:45:37,637 INFO [RocksDB]EVENT_LOG_v1 {"time_micros": 1578469537637157, "job": 0, "event": "table_file_deletion", "file_number": 23}
[24385] 01-08 07:45:37,643 INFO [RocksDB]EVENT_LOG_v1 {"time_micros": 1578469537643657, "job": 0, "event": "table_file_deletion", "file_number": 22}
[24385] 01-08 07:45:37,650 INFO [RocksDB]EVENT_LOG_v1 {"time_micros": 1578469537650357, "job": 0, "event": "table_file_deletion", "file_number": 21}
[24385] 01-08 07:45:37,657 INFO [RocksDB]EVENT_LOG_v1 {"time_micros": 1578469537657191, "job": 0, "event": "table_file_deletion", "file_number": 20}
[24385] 01-08 07:45:37,663 INFO [RocksDB]EVENT_LOG_v1 {"time_micros": 1578469537663932, "job": 0, "event": "table_file_deletion", "file_number": 19}
[24385] 01-08 07:45:37,670 INFO [RocksDB]EVENT_LOG_v1 {"time_micros": 1578469537670502, "job": 0, "event": "table_file_deletion", "file_number": 18}
[24385] 01-08 07:45:41,019 INFO [RocksDB][db/compaction_job.cc:1211] [0] [JOB 10] Generated table #51: 2068758 keys, 70697415 bytes
[24385] 01-08 07:45:41,019 INFO [RocksDB]EVENT_LOG_v1 {"time_micros": 1578469541019175, "cf_name": "0", "job": 10, "event": "table_file_creation", "file_number": 51, "file_size": 70697415, "table_properties": {"data_size": 67111147, "index_size": 1466207, "filter_size": 2794160, "raw_key_size": 100726069, "raw_average_key_size": 48, "raw_value_size": 25028227, "raw_average_value_size": 12, "num_data_blocks": 23983, "num_entries": 2068758, "filter_policy_name": "rocksdb.BuiltinBloomFilter", "kDeletedKeys": "0", "kMergeOperands": "0"}}
[24385] 01-08 07:45:41,731 INFO [RocksDB][db/compaction_job.cc:1211] [0] [JOB 10] Generated table #52: 326715 keys, 37496477 bytes
[24385] 01-08 07:45:41,731 INFO [RocksDB]EVENT_LOG_v1 {"time_micros": 1578469541731117, "cf_name": "0", "job": 10, "event": "table_file_creation", "file_number": 52, "file_size": 37496477, "table_properties": {"data_size": 36690555, "index_size": 485692, "filter_size": 540155, "raw_key_size": 13447495, "raw_average_key_size": 41, "raw_value_size": 31037961, "raw_average_value_size": 95, "num_data_blocks": 9153, "num_entries": 326715, "filter_policy_name": "rocksdb.BuiltinBloomFilter", "kDeletedKeys": "0", "kMergeOperands": "0"}}
[24385] 01-08 07:45:41,732 INFO [RocksDB][db/compaction_job.cc:1287] [0] [JOB 10] Compacted 1@1 + 1@2 files to L2 => 108193892 bytes
[24385] 01-08 07:45:41,733 INFO [RocksDB](Original Log Time 2020/01/08-07:45:41.733631) [db/compaction_job.cc:685] [0] compacted to: base level 1 max bytes base 536870912 files[0 17 3 0 0 0 0] max score 2.09, MB/sec: 29.7 rd, 25.9 wr, level 2, files in(1, 1) out(2) MB in(66.6, 51.8) out(103.2), read-write-amplify(3.3) write-amplify(1.6) OK, records in: 2395474, records dropped: 1 output_compression: Snappy

[24385] 01-08 07:45:41,733 INFO [RocksDB](Original Log Time 2020/01/08-07:45:41.733645) EVENT_LOG_v1 {"time_micros": 1578469541733639, "job": 10, "event": "compaction_finished", "compaction_time_micros": 4178562, "output_level": 2, "num_output_files": 2, "total_output_size": 108193892, "num_input_records": 2395474, "num_output_records": 2395473, "num_subcompactions": 1, "output_compression": "Snappy", "num_single_delete_mismatches": 0, "num_single_delete_fallthrough": 0, "lsm_state": [0, 17, 3, 0, 0, 0, 0]}
[24385] 01-08 07:45:41,734 INFO [RocksDB][db/compaction_job.cc:1531] [0] [JOB 11] Compacting 1@1 + 1@2 files to L2, score 2.09
[24385] 01-08 07:45:41,734 INFO [RocksDB][db/compaction_job.cc:1535] [0] Compaction start summary: Base version 11 Base level 1, inputs: [35(65MB)], [29(65MB)]

[24385] 01-08 07:45:41,734 INFO [RocksDB]EVENT_LOG_v1 {"time_micros": 1578469541734024, "job": 11, "event": "compaction_started", "compaction_reason": "LevelMaxLevelSize", "files_L1": [35], "files_L2": [29], "score": 2.08812, "input_data_size": 137578106}
[24385] 01-08 07:45:41,741 INFO [RocksDB]EVENT_LOG_v1 {"time_micros": 1578469541741287, "job": 0, "event": "table_file_deletion", "file_number": 33}
[24385] 01-08 07:45:41,746 INFO [RocksDB]EVENT_LOG_v1 {"time_micros": 1578469541746659, "job": 0, "event": "table_file_deletion", "file_number": 28}
[24385] 01-08 07:45:43,044 INFO [RocksDB][db/compaction_job.cc:1211] [0] [JOB 11] Generated table #53: 597502 keys, 68586945 bytes
[24385] 01-08 07:45:43,044 INFO [RocksDB]EVENT_LOG_v1 {"time_micros": 1578469543044202, "cf_name": "0", "job": 11, "event": "table_file_creation", "file_number": 53, "file_size": 68586945, "table_properties": {"data_size": 67110825, "index_size": 889004, "filter_size": 987899, "raw_key_size": 24595258, "raw_average_key_size": 41, "raw_value_size": 56762627, "raw_average_value_size": 94, "num_data_blocks": 16742, "num_entries": 597502, "filter_policy_name": "rocksdb.BuiltinBloomFilter", "kDeletedKeys": "0", "kMergeOperands": "0"}}
[24385] 01-08 07:45:44,347 INFO [RocksDB][db/compaction_job.cc:1211] [0] [JOB 11] Generated table #54: 597608 keys, 68584038 bytes
[24385] 01-08 07:45:44,347 INFO [RocksDB]EVENT_LOG_v1 {"time_micros": 1578469544347755, "cf_name": "0", "job": 11, "event": "table_file_creation", "file_number": 54, "file_size": 68584038, "table_properties": {"data_size": 67111518, "index_size": 888692, "filter_size": 988026, "raw_key_size": 24596822, "raw_average_key_size": 41, "raw_value_size": 56772760, "raw_average_value_size": 95, "num_data_blocks": 16742, "num_entries": 597608, "filter_policy_name": "rocksdb.BuiltinBloomFilter", "kDeletedKeys": "0", "kMergeOperands": "0"}}
[24385] 01-08 07:45:44,348 INFO [RocksDB][db/compaction_job.cc:1287] [0] [JOB 11] Compacted 1@1 + 1@2 files to L2 => 137170983 bytes
[24385] 01-08 07:45:44,350 INFO [RocksDB](Original Log Time 2020/01/08-07:45:44.350214) [db/compaction_job.cc:685] [0] compacted to: base level 1 max bytes base 536870912 files[0 16 4 0 0 0 0] max score 1.96, MB/sec: 52.6 rd, 52.5 wr, level 2, files in(1, 1) out(2) MB in(65.8, 65.4) out(130.8), read-write-amplify(4.0) write-amplify(2.0) OK, records in: 1195110, records dropped: 0 output_compression: Snappy

[24385] 01-08 07:45:44,350 INFO [RocksDB](Original Log Time 2020/01/08-07:45:44.350226) EVENT_LOG_v1 {"time_micros": 1578469544350221, "job": 11, "event": "compaction_finished", "compaction_time_micros": 2614827, "output_level": 2, "num_output_files": 2, "total_output_size": 137170983, "num_input_records": 1195110, "num_output_records": 1195110, "num_subcompactions": 1, "output_compression": "Snappy", "num_single_delete_mismatches": 0, "num_single_delete_fallthrough": 0, "lsm_state": [0, 16, 4, 0, 0, 0, 0]}
[24385] 01-08 07:45:44,350 INFO [RocksDB][db/compaction_job.cc:1531] [0] [JOB 12] Compacting 1@1 files to L2, score 1.96
[24385] 01-08 07:45:44,350 INFO [RocksDB][db/compaction_job.cc:1535] [0] Compaction start summary: Base version 12 Base level 1, inputs: [48(65MB)]

[24385] 01-08 07:45:44,350 INFO [RocksDB]EVENT_LOG_v1 {"time_micros": 1578469544350290, "job": 12, "event": "compaction_started", "compaction_reason": "LevelMaxLevelSize", "files_L1": [48], "score": 1.95961, "input_data_size": 68990475}
[24385] 01-08 07:45:44,356 INFO [RocksDB]EVENT_LOG_v1 {"time_micros": 1578469544356809, "job": 0, "event": "table_file_deletion", "file_number": 35}
[24385] 01-08 07:45:44,363 INFO [RocksDB]EVENT_LOG_v1 {"time_micros": 1578469544363756, "job": 0, "event": "table_file_deletion", "file_number": 29}
[24385] 01-08 07:45:45,648 INFO [RocksDB][db/compaction_job.cc:1211] [0] [JOB 12] Generated table #55: 597631 keys, 68585565 bytes
[24385] 01-08 07:45:45,648 INFO [RocksDB]EVENT_LOG_v1 {"time_micros": 1578469545648711, "cf_name": "0", "job": 12, "event": "table_file_creation", "file_number": 55, "file_size": 68585565, "table_properties": {"data_size": 67112526, "index_size": 888865, "filter_size": 988053, "raw_key_size": 24599840, "raw_average_key_size": 41, "raw_value_size": 56774954, "raw_average_value_size": 95, "num_data_blocks": 16742, "num_entries": 597631, "filter_policy_name": "rocksdb.BuiltinBloomFilter", "kDeletedKeys": "0", "kMergeOperands": "0"}}
[24385] 01-08 07:45:45,649 INFO [RocksDB][db/compaction_job.cc:1287] [0] [JOB 12] Compacted 1@1 files to L2 => 68585565 bytes
[24385] 01-08 07:45:45,651 INFO [RocksDB](Original Log Time 2020/01/08-07:45:45.651063) [db/compaction_job.cc:685] [0] compacted to: base level 1 max bytes base 536870912 files[0 15 5 0 0 0 0] max score 1.83, MB/sec: 53.1 rd, 52.8 wr, level 2, files in(1, 0) out(1) MB in(65.8, 0.0) out(65.4), read-write-amplify(2.0) write-amplify(1.0) OK, records in: 597631, records dropped: 0 output_compression: Snappy

[24385] 01-08 07:45:45,651 INFO [RocksDB](Original Log Time 2020/01/08-07:45:45.651087) EVENT_LOG_v1 {"time_micros": 1578469545651072, "job": 12, "event": "compaction_finished", "compaction_time_micros": 1299387, "output_level": 2, "num_output_files": 1, "total_output_size": 68585565, "num_input_records": 597631, "num_output_records": 597631, "num_subcompactions": 1, "output_compression": "Snappy", "num_single_delete_mismatches": 0, "num_single_delete_fallthrough": 0, "lsm_state": [0, 15, 5, 0, 0, 0, 0]}
[24385] 01-08 07:45:45,658 INFO [RocksDB]EVENT_LOG_v1 {"time_micros": 1578469545658242, "job": 12, "event": "table_file_deletion", "file_number": 48}
[24385] 01-08 07:45:45,658 INFO [RocksDB][db/compaction_job.cc:1531] [0] [JOB 13] Compacting 1@1 files to L2, score 1.83
[24385] 01-08 07:45:45,658 INFO [RocksDB][db/compaction_job.cc:1535] [0] Compaction start summary: Base version 13 Base level 1, inputs: [43(65MB)]

[24385] 01-08 07:45:45,658 INFO [RocksDB]EVENT_LOG_v1 {"time_micros": 1578469545658294, "job": 13, "event": "compaction_started", "compaction_reason": "LevelMaxLevelSize", "files_L1": [43], "score": 1.83111, "input_data_size": 68989911}
[24385] 01-08 07:45:46,967 INFO [RocksDB][db/compaction_job.cc:1211] [0] [JOB 13] Generated table #56: 597622 keys, 68585004 bytes
[24385] 01-08 07:45:46,967 INFO [RocksDB]EVENT_LOG_v1 {"time_micros": 1578469546967480, "cf_name": "0", "job": 13, "event": "table_file_creation", "file_number": 56, "file_size": 68585004, "table_properties": {"data_size": 67112202, "index_size": 888636, "filter_size": 988042, "raw_key_size": 24598623, "raw_average_key_size": 41, "raw_value_size": 56774117, "raw_average_value_size": 95, "num_data_blocks": 16742, "num_entries": 597622, "filter_policy_name": "rocksdb.BuiltinBloomFilter", "kDeletedKeys": "0", "kMergeOperands": "0"}}
[24385] 01-08 07:45:46,968 INFO [RocksDB][db/compaction_job.cc:1287] [0] [JOB 13] Compacted 1@1 files to L2 => 68585004 bytes
[24385] 01-08 07:45:46,970 INFO [RocksDB](Original Log Time 2020/01/08-07:45:46.969963) [db/compaction_job.cc:685] [0] compacted to: base level 1 max bytes base 536870912 files[0 14 6 0 0 0 0] max score 1.70, MB/sec: 52.7 rd, 52.3 wr, level 2, files in(1, 0) out(1) MB in(65.8, 0.0) out(65.4), read-write-amplify(2.0) write-amplify(1.0) OK, records in: 597622, records dropped: 0 output_compression: Snappy

[24385] 01-08 07:45:46,970 INFO [RocksDB](Original Log Time 2020/01/08-07:45:46.969986) EVENT_LOG_v1 {"time_micros": 1578469546969981, "job": 13, "event": "compaction_finished", "compaction_time_micros": 1310288, "output_level": 2, "num_output_files": 1, "total_output_size": 68585004, "num_input_records": 597622, "num_output_records": 597622, "num_subcompactions": 1, "output_compression": "Snappy", "num_single_delete_mismatches": 0, "num_single_delete_fallthrough": 0, "lsm_state": [0, 14, 6, 0, 0, 0, 0]}
[24385] 01-08 07:45:46,977 INFO [RocksDB]EVENT_LOG_v1 {"time_micros": 1578469546977135, "job": 13, "event": "table_file_deletion", "file_number": 43}
[24385] 01-08 07:45:46,977 INFO [RocksDB][db/compaction_job.cc:1531] [0] [JOB 14] Compacting 1@1 files to L2, score 1.70
[24385] 01-08 07:45:46,977 INFO [RocksDB][db/compaction_job.cc:1535] [0] Compaction start summary: Base version 14 Base level 1, inputs: [45(65MB)]

[24385] 01-08 07:45:46,977 INFO [RocksDB]EVENT_LOG_v1 {"time_micros": 1578469546977187, "job": 14, "event": "compaction_started", "compaction_reason": "LevelMaxLevelSize", "files_L1": [45], "score": 1.70261, "input_data_size": 68989776}
[24385] 01-08 07:45:48,271 INFO [RocksDB][db/compaction_job.cc:1211] [0] [JOB 14] Generated table #57: 597625 keys, 68585060 bytes
[24385] 01-08 07:45:48,271 INFO [RocksDB]EVENT_LOG_v1 {"time_micros": 1578469548271879, "cf_name": "0", "job": 14, "event": "table_file_creation", "file_number": 57, "file_size": 68585060, "table_properties": {"data_size": 67112104, "index_size": 888594, "filter_size": 988047, "raw_key_size": 24598642, "raw_average_key_size": 41, "raw_value_size": 56774330, "raw_average_value_size": 94, "num_data_blocks": 16742, "num_entries": 597625, "filter_policy_name": "rocksdb.BuiltinBloomFilter", "kDeletedKeys": "0", "kMergeOperands": "0"}}
[24385] 01-08 07:45:48,272 INFO [RocksDB][db/compaction_job.cc:1287] [0] [JOB 14] Compacted 1@1 files to L2 => 68585060 bytes
[24385] 01-08 07:45:48,274 INFO [RocksDB](Original Log Time 2020/01/08-07:45:48.274212) [db/compaction_job.cc:685] [0] compacted to: base level 1 max bytes base 536870912 files[0 13 7 0 0 0 0] max score 1.57, MB/sec: 53.2 rd, 52.9 wr, level 2, files in(1, 0) out(1) MB in(65.8, 0.0) out(65.4), read-write-amplify(2.0) write-amplify(1.0) OK, records in: 597625, records dropped: 0 output_compression: Snappy

[24385] 01-08 07:45:48,274 INFO [RocksDB](Original Log Time 2020/01/08-07:45:48.274225) EVENT_LOG_v1 {"time_micros": 1578469548274220, "job": 14, "event": "compaction_finished", "compaction_time_micros": 1295647, "output_level": 2, "num_output_files": 1, "total_output_size": 68585060, "num_input_records": 597625, "num_output_records": 597625, "num_subcompactions": 1, "output_compression": "Snappy", "num_single_delete_mismatches": 0, "num_single_delete_fallthrough": 0, "lsm_state": [0, 13, 7, 0, 0, 0, 0]}
[24385] 01-08 07:45:48,281 INFO [RocksDB]EVENT_LOG_v1 {"time_micros": 1578469548281649, "job": 14, "event": "table_file_deletion", "file_number": 45}
[24385] 01-08 07:45:48,281 INFO [RocksDB][db/compaction_job.cc:1531] [0] [JOB 15] Compacting 1@1 files to L2, score 1.57
[24385] 01-08 07:45:48,281 INFO [RocksDB][db/compaction_job.cc:1535] [0] Compaction start summary: Base version 15 Base level 1, inputs: [49(65MB)]

[24385] 01-08 07:45:48,281 INFO [RocksDB]EVENT_LOG_v1 {"time_micros": 1578469548281695, "job": 15, "event": "compaction_started", "compaction_reason": "LevelMaxLevelSize", "files_L1": [49], "score": 1.5741, "input_data_size": 68989333}
[24385] 01-08 07:45:49,574 INFO [RocksDB][db/compaction_job.cc:1211] [0] [JOB 15] Generated table #58: 597629 keys, 68583983 bytes
[24385] 01-08 07:45:49,574 INFO [RocksDB]EVENT_LOG_v1 {"time_micros": 1578469549574964, "cf_name": "0", "job": 15, "event": "table_file_creation", "file_number": 58, "file_size": 68583983, "table_properties": {"data_size": 67111555, "index_size": 888696, "filter_size": 988051, "raw_key_size": 24601296, "raw_average_key_size": 41, "raw_value_size": 56774746, "raw_average_value_size": 94, "num_data_blocks": 16742, "num_entries": 597629, "filter_policy_name": "rocksdb.BuiltinBloomFilter", "kDeletedKeys": "0", "kMergeOperands": "0"}}
[24385] 01-08 07:45:49,575 INFO [RocksDB][db/compaction_job.cc:1287] [0] [JOB 15] Compacted 1@1 files to L2 => 68583983 bytes
[24385] 01-08 07:45:49,577 INFO [RocksDB](Original Log Time 2020/01/08-07:45:49.577428) [db/compaction_job.cc:685] [0] compacted to: base level 1 max bytes base 536870912 files[0 12 8 0 0 0 0] max score 1.45, MB/sec: 53.3 rd, 53.0 wr, level 2, files in(1, 0) out(1) MB in(65.8, 0.0) out(65.4), read-write-amplify(2.0) write-amplify(1.0) OK, records in: 597629, records dropped: 0 output_compression: Snappy

[24385] 01-08 07:45:49,577 INFO [RocksDB](Original Log Time 2020/01/08-07:45:49.577452) EVENT_LOG_v1 {"time_micros": 1578469549577436, "job": 15, "event": "compaction_finished", "compaction_time_micros": 1294210, "output_level": 2, "num_output_files": 1, "total_output_size": 68583983, "num_input_records": 597629, "num_output_records": 597629, "num_subcompactions": 1, "output_compression": "Snappy", "num_single_delete_mismatches": 0, "num_single_delete_fallthrough": 0, "lsm_state": [0, 12, 8, 0, 0, 0, 0]}
[24385] 01-08 07:45:49,584 INFO [RocksDB]EVENT_LOG_v1 {"time_micros": 1578469549584147, "job": 15, "event": "table_file_deletion", "file_number": 49}
[24385] 01-08 07:45:49,584 INFO [RocksDB][db/compaction_job.cc:1531] [0] [JOB 16] Compacting 1@1 files to L2, score 1.45
[24385] 01-08 07:45:49,584 INFO [RocksDB][db/compaction_job.cc:1535] [0] Compaction start summary: Base version 16 Base level 1, inputs: [37(65MB)]

[24385] 01-08 07:45:49,584 INFO [RocksDB]EVENT_LOG_v1 {"time_micros": 1578469549584194, "job": 16, "event": "compaction_started", "compaction_reason": "LevelMaxLevelSize", "files_L1": [37], "score": 1.4456, "input_data_size": 68989245}
