[24024] 01-08 07:40:38,998 INFO [RocksDB]RocksDB version: 5.14.2

[24024] 01-08 07:40:39,003 INFO [RocksDB]Git sha rocksdb_build_git_sha:fc00d54a097e35332052f4c39c3229d413a023b6
[24024] 01-08 07:40:39,003 INFO [RocksDB]Compile date Jan  8 2020
[24024] 01-08 07:40:39,003 INFO [RocksDB]DB SUMMARY

[24024] 01-08 07:40:39,003 INFO [RocksDB]SST files in /home/ubuntu/ardb/data/rocksdb dir, Total Num: 0, files: 

[24024] 01-08 07:40:39,003 INFO [RocksDB]Write Ahead Log file in /home/ubuntu/ardb/data/rocksdb: 

[24024] 01-08 07:40:39,003 INFO [RocksDB]                        Options.error_if_exists: 0
[24024] 01-08 07:40:39,003 INFO [RocksDB]                      Options.create_if_missing: 1
[24024] 01-08 07:40:39,003 INFO [RocksDB]                        Options.paranoid_checks: 1
[24024] 01-08 07:40:39,003 INFO [RocksDB]                                    Options.env: 0xbf86c0
[24024] 01-08 07:40:39,003 INFO [RocksDB]                               Options.info_log: 0x7fea5943f8a0
[24024] 01-08 07:40:39,003 INFO [RocksDB]               Options.max_file_opening_threads: 16
[24024] 01-08 07:40:39,003 INFO [RocksDB]                             Options.statistics: (nil)
[24024] 01-08 07:40:39,003 INFO [RocksDB]                              Options.use_fsync: 0
[24024] 01-08 07:40:39,003 INFO [RocksDB]                      Options.max_log_file_size: 0
[24024] 01-08 07:40:39,003 INFO [RocksDB]                 Options.max_manifest_file_size: 18446744073709551615
[24024] 01-08 07:40:39,003 INFO [RocksDB]                  Options.log_file_time_to_roll: 0
[24024] 01-08 07:40:39,003 INFO [RocksDB]                      Options.keep_log_file_num: 1000
[24024] 01-08 07:40:39,003 INFO [RocksDB]                   Options.recycle_log_file_num: 0
[24024] 01-08 07:40:39,003 INFO [RocksDB]                        Options.allow_fallocate: 1
[24024] 01-08 07:40:39,003 INFO [RocksDB]                       Options.allow_mmap_reads: 0
[24024] 01-08 07:40:39,003 INFO [RocksDB]                      Options.allow_mmap_writes: 0
[24024] 01-08 07:40:39,003 INFO [RocksDB]                       Options.use_direct_reads: 0
[24024] 01-08 07:40:39,003 INFO [RocksDB]                       Options.use_direct_io_for_flush_and_compaction: 0
[24024] 01-08 07:40:39,003 INFO [RocksDB]         Options.create_missing_column_families: 0
[24024] 01-08 07:40:39,003 INFO [RocksDB]                             Options.db_log_dir: 
[24024] 01-08 07:40:39,003 INFO [RocksDB]                                Options.wal_dir: /home/ubuntu/ardb/data/rocksdb
[24024] 01-08 07:40:39,003 INFO [RocksDB]               Options.table_cache_numshardbits: 6
[24024] 01-08 07:40:39,003 INFO [RocksDB]                     Options.max_subcompactions: 1
[24024] 01-08 07:40:39,003 INFO [RocksDB]                 Options.max_background_flushes: -1
[24024] 01-08 07:40:39,003 INFO [RocksDB]                        Options.WAL_ttl_seconds: 0
[24024] 01-08 07:40:39,003 INFO [RocksDB]                      Options.WAL_size_limit_MB: 0
[24024] 01-08 07:40:39,003 INFO [RocksDB]            Options.manifest_preallocation_size: 4194304
[24024] 01-08 07:40:39,003 INFO [RocksDB]                    Options.is_fd_close_on_exec: 1
[24024] 01-08 07:40:39,003 INFO [RocksDB]                  Options.advise_random_on_open: 1
[24024] 01-08 07:40:39,003 INFO [RocksDB]                   Options.db_write_buffer_size: 0
[24024] 01-08 07:40:39,003 INFO [RocksDB]                   Options.write_buffer_manager: 0x7fea59bfa7d0
[24024] 01-08 07:40:39,003 INFO [RocksDB]        Options.access_hint_on_compaction_start: 1
[24024] 01-08 07:40:39,003 INFO [RocksDB] Options.new_table_reader_for_compaction_inputs: 0
[24024] 01-08 07:40:39,003 INFO [RocksDB]          Options.random_access_max_buffer_size: 1048576
[24024] 01-08 07:40:39,003 INFO [RocksDB]                     Options.use_adaptive_mutex: 1
[24024] 01-08 07:40:39,003 INFO [RocksDB]                           Options.rate_limiter: 0x7fea59438540
[24024] 01-08 07:40:39,003 INFO [RocksDB]    Options.sst_file_manager.rate_bytes_per_sec: 0
[24024] 01-08 07:40:39,003 INFO [RocksDB]                      Options.wal_recovery_mode: 2
[24024] 01-08 07:40:39,003 INFO [RocksDB]                 Options.enable_thread_tracking: 0
[24024] 01-08 07:40:39,003 INFO [RocksDB]                 Options.enable_pipelined_write: 1
[24024] 01-08 07:40:39,003 INFO [RocksDB]        Options.allow_concurrent_memtable_write: 1
[24024] 01-08 07:40:39,003 INFO [RocksDB]     Options.enable_write_thread_adaptive_yield: 1
[24024] 01-08 07:40:39,003 INFO [RocksDB]            Options.write_thread_max_yield_usec: 100
[24024] 01-08 07:40:39,003 INFO [RocksDB]           Options.write_thread_slow_yield_usec: 3
[24024] 01-08 07:40:39,003 INFO [RocksDB]                              Options.row_cache: None
[24024] 01-08 07:40:39,003 INFO [RocksDB]                             Options.wal_filter: None
[24024] 01-08 07:40:39,003 INFO [RocksDB]            Options.avoid_flush_during_recovery: 0
[24024] 01-08 07:40:39,003 INFO [RocksDB]            Options.allow_ingest_behind: 0
[24024] 01-08 07:40:39,003 INFO [RocksDB]            Options.preserve_deletes: 0
[24024] 01-08 07:40:39,003 INFO [RocksDB]            Options.two_write_queues: 0
[24024] 01-08 07:40:39,003 INFO [RocksDB]            Options.manual_wal_flush: 0
[24024] 01-08 07:40:39,003 INFO [RocksDB]            Options.max_background_jobs: 16
[24024] 01-08 07:40:39,003 INFO [RocksDB]            Options.max_background_compactions: -1
[24024] 01-08 07:40:39,003 INFO [RocksDB]            Options.avoid_flush_during_shutdown: 0
[24024] 01-08 07:40:39,003 INFO [RocksDB]          Options.writable_file_max_buffer_size: 1048576
[24024] 01-08 07:40:39,003 INFO [RocksDB]            Options.delayed_write_rate : 52428800
[24024] 01-08 07:40:39,003 INFO [RocksDB]            Options.max_total_wal_size: 0
[24024] 01-08 07:40:39,003 INFO [RocksDB]            Options.delete_obsolete_files_period_micros: 21600000000
[24024] 01-08 07:40:39,003 INFO [RocksDB]                  Options.stats_dump_period_sec: 10000000
[24024] 01-08 07:40:39,003 INFO [RocksDB]                         Options.max_open_files: 1024
[24024] 01-08 07:40:39,003 INFO [RocksDB]                         Options.bytes_per_sync: 1048576
[24024] 01-08 07:40:39,003 INFO [RocksDB]                     Options.wal_bytes_per_sync: 0
[24024] 01-08 07:40:39,003 INFO [RocksDB]      Options.compaction_readahead_size: 0
[24024] 01-08 07:40:39,003 INFO [RocksDB]Compression algorithms supported:
[24024] 01-08 07:40:39,003 INFO [RocksDB]	kZSTDNotFinalCompression supported: 0
[24024] 01-08 07:40:39,003 INFO [RocksDB]	kZSTD supported: 0
[24024] 01-08 07:40:39,003 INFO [RocksDB]	kXpressCompression supported: 0
[24024] 01-08 07:40:39,003 INFO [RocksDB]	kLZ4HCCompression supported: 0
[24024] 01-08 07:40:39,003 INFO [RocksDB]	kLZ4Compression supported: 0
[24024] 01-08 07:40:39,003 INFO [RocksDB]	kBZip2Compression supported: 0
[24024] 01-08 07:40:39,003 INFO [RocksDB]	kZlibCompression supported: 1
[24024] 01-08 07:40:39,003 INFO [RocksDB]	kSnappyCompression supported: 1
[24024] 01-08 07:40:39,003 INFO [RocksDB]Fast CRC32 supported: Supported on x86
[24024] 01-08 07:40:39,003 INFO [RocksDB][db/db_impl_open.cc:222] Creating manifest 1 

[24024] 01-08 07:40:39,009 INFO [RocksDB][db/version_set.cc:3085] Recovering from manifest file: MANIFEST-000001

[24024] 01-08 07:40:39,010 INFO [RocksDB][db/column_family.cc:475] --------------- Options for column family [default]:

[24024] 01-08 07:40:39,010 INFO [RocksDB]              Options.comparator: ardb.comparator
[24024] 01-08 07:40:39,010 INFO [RocksDB]          Options.merge_operator: ardb.merger
[24024] 01-08 07:40:39,010 INFO [RocksDB]       Options.compaction_filter: None
[24024] 01-08 07:40:39,010 INFO [RocksDB]       Options.compaction_filter_factory: ardb.compact_filter_factory
[24024] 01-08 07:40:39,010 INFO [RocksDB]        Options.memtable_factory: SkipListFactory
[24024] 01-08 07:40:39,010 INFO [RocksDB]           Options.table_factory: BlockBasedTable
[24024] 01-08 07:40:39,010 INFO [RocksDB]           table_factory options:   flush_block_policy_factory: FlushBlockBySizePolicyFactory (0x7fea59a08018)
  cache_index_and_filter_blocks: 0
  cache_index_and_filter_blocks_with_high_priority: 0
  pin_l0_filter_and_index_blocks_in_cache: 0
  index_type: 0
  hash_index_allow_collision: 1
  checksum: 1
  no_block_cache: 0
  block_cache: 0x7fea59a81cf0
  block_cache_name: LRUCache
  block_cache_options:
    capacity : 536870912
    num_shard_bits : 6
    strict_capacity_limit : 0
    high_pri_pool_ratio: 0.000
  block_cache_compressed: (nil)
  persistent_cache: (nil)
  block_size: 4096
  block_size_deviation: 10
  block_restart_interval: 16
  index_block_restart_interval: 1
  metadata_block_size: 4096
  partition_filters: 0
  use_delta_encoding: 1
  filter_policy: rocksdb.BuiltinBloomFilter
  whole_key_filtering: 1
  verify_compression: 0
  read_amp_bytes_per_bit: 0
  format_version: 2
  enable_index_compression: 1
  block_align: 0

[24024] 01-08 07:40:39,010 INFO [RocksDB]       Options.write_buffer_size: 268435456
[24024] 01-08 07:40:39,010 INFO [RocksDB] Options.max_write_buffer_number: 6
[24024] 01-08 07:40:39,010 INFO [RocksDB]       Options.compression[0]: NoCompression
[24024] 01-08 07:40:39,010 INFO [RocksDB]       Options.compression[1]: NoCompression
[24024] 01-08 07:40:39,010 INFO [RocksDB]       Options.compression[2]: Snappy
[24024] 01-08 07:40:39,010 INFO [RocksDB]       Options.compression[3]: Snappy
[24024] 01-08 07:40:39,010 INFO [RocksDB]       Options.compression[4]: Snappy
[24024] 01-08 07:40:39,010 INFO [RocksDB]       Options.compression[5]: Snappy
[24024] 01-08 07:40:39,010 INFO [RocksDB]       Options.compression[6]: Snappy
[24024] 01-08 07:40:39,010 INFO [RocksDB]                 Options.bottommost_compression: Disabled
[24024] 01-08 07:40:39,010 INFO [RocksDB]      Options.prefix_extractor: ardb.prefix_extractor
[24024] 01-08 07:40:39,010 INFO [RocksDB]  Options.memtable_insert_with_hint_prefix_extractor: nullptr
[24024] 01-08 07:40:39,010 INFO [RocksDB]            Options.num_levels: 7
[24024] 01-08 07:40:39,010 INFO [RocksDB]       Options.min_write_buffer_number_to_merge: 2
[24024] 01-08 07:40:39,010 INFO [RocksDB]    Options.max_write_buffer_number_to_maintain: 0
[24024] 01-08 07:40:39,010 INFO [RocksDB]           Options.compression_opts.window_bits: -14
[24024] 01-08 07:40:39,010 INFO [RocksDB]                 Options.compression_opts.level: -1
[24024] 01-08 07:40:39,010 INFO [RocksDB]              Options.compression_opts.strategy: 0
[24024] 01-08 07:40:39,010 INFO [RocksDB]        Options.compression_opts.max_dict_bytes: 0
[24024] 01-08 07:40:39,010 INFO [RocksDB]        Options.compression_opts.zstd_max_train_bytes: 0
[24024] 01-08 07:40:39,010 INFO [RocksDB]     Options.level0_file_num_compaction_trigger: 2
[24024] 01-08 07:40:39,010 INFO [RocksDB]         Options.level0_slowdown_writes_trigger: 20
[24024] 01-08 07:40:39,010 INFO [RocksDB]             Options.level0_stop_writes_trigger: 36
[24024] 01-08 07:40:39,010 INFO [RocksDB]                  Options.target_file_size_base: 67108864
[24024] 01-08 07:40:39,010 INFO [RocksDB]            Options.target_file_size_multiplier: 1
[24024] 01-08 07:40:39,010 INFO [RocksDB]               Options.max_bytes_for_level_base: 536870912
[24024] 01-08 07:40:39,010 INFO [RocksDB]Options.level_compaction_dynamic_level_bytes: 0
[24024] 01-08 07:40:39,010 INFO [RocksDB]         Options.max_bytes_for_level_multiplier: 10.000000
[24024] 01-08 07:40:39,010 INFO [RocksDB]Options.max_bytes_for_level_multiplier_addtl[0]: 1
[24024] 01-08 07:40:39,010 INFO [RocksDB]Options.max_bytes_for_level_multiplier_addtl[1]: 1
[24024] 01-08 07:40:39,010 INFO [RocksDB]Options.max_bytes_for_level_multiplier_addtl[2]: 1
[24024] 01-08 07:40:39,010 INFO [RocksDB]Options.max_bytes_for_level_multiplier_addtl[3]: 1
[24024] 01-08 07:40:39,010 INFO [RocksDB]Options.max_bytes_for_level_multiplier_addtl[4]: 1
[24024] 01-08 07:40:39,010 INFO [RocksDB]Options.max_bytes_for_level_multiplier_addtl[5]: 1
[24024] 01-08 07:40:39,010 INFO [RocksDB]Options.max_bytes_for_level_multiplier_addtl[6]: 1
[24024] 01-08 07:40:39,010 INFO [RocksDB]      Options.max_sequential_skip_in_iterations: 8
[24024] 01-08 07:40:39,010 INFO [RocksDB]                   Options.max_compaction_bytes: 1677721600
[24024] 01-08 07:40:39,010 INFO [RocksDB]                       Options.arena_block_size: 33554432
[24024] 01-08 07:40:39,010 INFO [RocksDB]  Options.soft_pending_compaction_bytes_limit: 68719476736
[24024] 01-08 07:40:39,010 INFO [RocksDB]  Options.hard_pending_compaction_bytes_limit: 274877906944
[24024] 01-08 07:40:39,010 INFO [RocksDB]      Options.rate_limit_delay_max_milliseconds: 100
[24024] 01-08 07:40:39,010 INFO [RocksDB]               Options.disable_auto_compactions: 0
[24024] 01-08 07:40:39,010 INFO [RocksDB]                       Options.compaction_style: kCompactionStyleLevel
[24024] 01-08 07:40:39,010 INFO [RocksDB]                         Options.compaction_pri: kByCompensatedSize
[24024] 01-08 07:40:39,010 INFO [RocksDB]Options.compaction_options_universal.size_ratio: 1
[24024] 01-08 07:40:39,010 INFO [RocksDB]Options.compaction_options_universal.min_merge_width: 2
[24024] 01-08 07:40:39,010 INFO [RocksDB]Options.compaction_options_universal.max_merge_width: 4294967295
[24024] 01-08 07:40:39,010 INFO [RocksDB]Options.compaction_options_universal.max_size_amplification_percent: 200
[24024] 01-08 07:40:39,010 INFO [RocksDB]Options.compaction_options_universal.compression_size_percent: -1
[24024] 01-08 07:40:39,010 INFO [RocksDB]Options.compaction_options_universal.stop_style: kCompactionStopStyleTotalSize
[24024] 01-08 07:40:39,010 INFO [RocksDB]Options.compaction_options_fifo.max_table_files_size: 1073741824
[24024] 01-08 07:40:39,010 INFO [RocksDB]Options.compaction_options_fifo.allow_compaction: 0
[24024] 01-08 07:40:39,010 INFO [RocksDB]Options.compaction_options_fifo.ttl: 0
[24024] 01-08 07:40:39,010 INFO [RocksDB]                  Options.table_properties_collectors: 
[24024] 01-08 07:40:39,010 INFO [RocksDB]                  Options.inplace_update_support: 0
[24024] 01-08 07:40:39,010 INFO [RocksDB]                Options.inplace_update_num_locks: 10000
[24024] 01-08 07:40:39,010 INFO [RocksDB]              Options.memtable_prefix_bloom_size_ratio: 0.000000
[24024] 01-08 07:40:39,010 INFO [RocksDB]  Options.memtable_huge_page_size: 0
[24024] 01-08 07:40:39,010 INFO [RocksDB]                          Options.bloom_locality: 0
[24024] 01-08 07:40:39,010 INFO [RocksDB]                   Options.max_successive_merges: 0
[24024] 01-08 07:40:39,010 INFO [RocksDB]               Options.optimize_filters_for_hits: 0
[24024] 01-08 07:40:39,010 INFO [RocksDB]               Options.paranoid_file_checks: 0
[24024] 01-08 07:40:39,010 INFO [RocksDB]               Options.force_consistency_checks: 0
[24024] 01-08 07:40:39,010 INFO [RocksDB]               Options.report_bg_io_stats: 0
[24024] 01-08 07:40:39,010 INFO [RocksDB]                              Options.ttl: 0
[24024] 01-08 07:40:39,010 INFO [RocksDB][db/version_set.cc:3361] Recovered from manifest file:/home/ubuntu/ardb/data/rocksdb/MANIFEST-000001 succeeded,manifest_file_number is 1, next_file_number is 3, last_sequence is 0, log_number is 0,prev_log_number is 0,max_column_family is 0,min_log_number_to_keep is 0

[24024] 01-08 07:40:39,010 INFO [RocksDB][db/version_set.cc:3369] Column family [default] (ID 0), log number is 0

[24024] 01-08 07:40:39,013 INFO [RocksDB][db/db_impl_open.cc:1219] DB pointer 0x7fea593be000
[24024] 01-08 07:40:39,013 INFO Ardb init engine:rocksdb success.
[24024] 01-08 07:40:39,016 INFO Ardb will accept connections on 0.0.0.0:16379
[24024] 01-08 07:40:39,016 INFO Ardb started with version 0.10.0
[24024] 01-08 07:40:40,017 INFO ========================Period Statistics Dump Begin===========================
[24024] 01-08 07:40:40,017 INFO slave_sync_total_commands_processed:0
[24024] 01-08 07:40:40,017 INFO slave_sync_instantaneous_ops_per_sec:0
[24024] 01-08 07:40:40,017 INFO total_commands_processed:0
[24024] 01-08 07:40:40,017 INFO instantaneous_ops_per_sec:0
[24024] 01-08 07:40:40,017 INFO total_connections_received:0
[24024] 01-08 07:40:40,017 INFO rejected_connections:0
[24024] 01-08 07:40:40,017 INFO ========================Period Statistics Dump End===========================
[24024] 01-08 07:40:50,970 INFO [RocksDB][db/version_set.cc:2847] Creating manifest 6

[24024] 01-08 07:40:50,975 INFO [RocksDB][db/column_family.cc:475] --------------- Options for column family [0]:

[24024] 01-08 07:40:50,975 INFO [RocksDB]              Options.comparator: ardb.comparator
[24024] 01-08 07:40:50,975 INFO [RocksDB]          Options.merge_operator: ardb.merger
[24024] 01-08 07:40:50,975 INFO [RocksDB]       Options.compaction_filter: None
[24024] 01-08 07:40:50,975 INFO [RocksDB]       Options.compaction_filter_factory: ardb.compact_filter_factory
[24024] 01-08 07:40:50,975 INFO [RocksDB]        Options.memtable_factory: SkipListFactory
[24024] 01-08 07:40:50,975 INFO [RocksDB]           Options.table_factory: BlockBasedTable
[24024] 01-08 07:40:50,975 INFO [RocksDB]           table_factory options:   flush_block_policy_factory: FlushBlockBySizePolicyFactory (0x7fea59a08018)
  cache_index_and_filter_blocks: 0
  cache_index_and_filter_blocks_with_high_priority: 0
  pin_l0_filter_and_index_blocks_in_cache: 0
  index_type: 0
  hash_index_allow_collision: 1
  checksum: 1
  no_block_cache: 0
  block_cache: 0x7fea59a81cf0
  block_cache_name: LRUCache
  block_cache_options:
    capacity : 536870912
    num_shard_bits : 6
    strict_capacity_limit : 0
    high_pri_pool_ratio: 0.000
  block_cache_compressed: (nil)
  persistent_cache: (nil)
  block_size: 4096
  block_size_deviation: 10
  block_restart_interval: 16
  index_block_restart_interval: 1
  metadata_block_size: 4096
  partition_filters: 0
  use_delta_encoding: 1
  filter_policy: rocksdb.BuiltinBloomFilter
  whole_key_filtering: 1
  verify_compression: 0
  read_amp_bytes_per_bit: 0
  format_version: 2
  enable_index_compression: 1
  block_align: 0

[24024] 01-08 07:40:50,975 INFO [RocksDB]       Options.write_buffer_size: 268435456
[24024] 01-08 07:40:50,975 INFO [RocksDB] Options.max_write_buffer_number: 6
[24024] 01-08 07:40:50,975 INFO [RocksDB]       Options.compression[0]: NoCompression
[24024] 01-08 07:40:50,975 INFO [RocksDB]       Options.compression[1]: NoCompression
[24024] 01-08 07:40:50,975 INFO [RocksDB]       Options.compression[2]: Snappy
[24024] 01-08 07:40:50,975 INFO [RocksDB]       Options.compression[3]: Snappy
[24024] 01-08 07:40:50,975 INFO [RocksDB]       Options.compression[4]: Snappy
[24024] 01-08 07:40:50,975 INFO [RocksDB]       Options.compression[5]: Snappy
[24024] 01-08 07:40:50,975 INFO [RocksDB]       Options.compression[6]: Snappy
[24024] 01-08 07:40:50,975 INFO [RocksDB]                 Options.bottommost_compression: Disabled
[24024] 01-08 07:40:50,975 INFO [RocksDB]      Options.prefix_extractor: ardb.prefix_extractor
[24024] 01-08 07:40:50,975 INFO [RocksDB]  Options.memtable_insert_with_hint_prefix_extractor: nullptr
[24024] 01-08 07:40:50,975 INFO [RocksDB]            Options.num_levels: 7
[24024] 01-08 07:40:50,975 INFO [RocksDB]       Options.min_write_buffer_number_to_merge: 2
[24024] 01-08 07:40:50,975 INFO [RocksDB]    Options.max_write_buffer_number_to_maintain: 0
[24024] 01-08 07:40:50,975 INFO [RocksDB]           Options.compression_opts.window_bits: -14
[24024] 01-08 07:40:50,975 INFO [RocksDB]                 Options.compression_opts.level: -1
[24024] 01-08 07:40:50,975 INFO [RocksDB]              Options.compression_opts.strategy: 0
[24024] 01-08 07:40:50,975 INFO [RocksDB]        Options.compression_opts.max_dict_bytes: 0
[24024] 01-08 07:40:50,975 INFO [RocksDB]        Options.compression_opts.zstd_max_train_bytes: 0
[24024] 01-08 07:40:50,975 INFO [RocksDB]     Options.level0_file_num_compaction_trigger: 2
[24024] 01-08 07:40:50,975 INFO [RocksDB]         Options.level0_slowdown_writes_trigger: 20
[24024] 01-08 07:40:50,975 INFO [RocksDB]             Options.level0_stop_writes_trigger: 36
[24024] 01-08 07:40:50,975 INFO [RocksDB]                  Options.target_file_size_base: 67108864
[24024] 01-08 07:40:50,975 INFO [RocksDB]            Options.target_file_size_multiplier: 1
[24024] 01-08 07:40:50,975 INFO [RocksDB]               Options.max_bytes_for_level_base: 536870912
[24024] 01-08 07:40:50,975 INFO [RocksDB]Options.level_compaction_dynamic_level_bytes: 0
[24024] 01-08 07:40:50,975 INFO [RocksDB]         Options.max_bytes_for_level_multiplier: 10.000000
[24024] 01-08 07:40:50,975 INFO [RocksDB]Options.max_bytes_for_level_multiplier_addtl[0]: 1
[24024] 01-08 07:40:50,975 INFO [RocksDB]Options.max_bytes_for_level_multiplier_addtl[1]: 1
[24024] 01-08 07:40:50,975 INFO [RocksDB]Options.max_bytes_for_level_multiplier_addtl[2]: 1
[24024] 01-08 07:40:50,975 INFO [RocksDB]Options.max_bytes_for_level_multiplier_addtl[3]: 1
[24024] 01-08 07:40:50,975 INFO [RocksDB]Options.max_bytes_for_level_multiplier_addtl[4]: 1
[24024] 01-08 07:40:50,975 INFO [RocksDB]Options.max_bytes_for_level_multiplier_addtl[5]: 1
[24024] 01-08 07:40:50,975 INFO [RocksDB]Options.max_bytes_for_level_multiplier_addtl[6]: 1
[24024] 01-08 07:40:50,975 INFO [RocksDB]      Options.max_sequential_skip_in_iterations: 8
[24024] 01-08 07:40:50,975 INFO [RocksDB]                   Options.max_compaction_bytes: 1677721600
[24024] 01-08 07:40:50,975 INFO [RocksDB]                       Options.arena_block_size: 33554432
[24024] 01-08 07:40:50,975 INFO [RocksDB]  Options.soft_pending_compaction_bytes_limit: 68719476736
[24024] 01-08 07:40:50,975 INFO [RocksDB]  Options.hard_pending_compaction_bytes_limit: 274877906944
[24024] 01-08 07:40:50,975 INFO [RocksDB]      Options.rate_limit_delay_max_milliseconds: 100
[24024] 01-08 07:40:50,975 INFO [RocksDB]               Options.disable_auto_compactions: 0
[24024] 01-08 07:40:50,975 INFO [RocksDB]                       Options.compaction_style: kCompactionStyleLevel
[24024] 01-08 07:40:50,975 INFO [RocksDB]                         Options.compaction_pri: kByCompensatedSize
[24024] 01-08 07:40:50,975 INFO [RocksDB]Options.compaction_options_universal.size_ratio: 1
[24024] 01-08 07:40:50,975 INFO [RocksDB]Options.compaction_options_universal.min_merge_width: 2
[24024] 01-08 07:40:50,975 INFO [RocksDB]Options.compaction_options_universal.max_merge_width: 4294967295
[24024] 01-08 07:40:50,975 INFO [RocksDB]Options.compaction_options_universal.max_size_amplification_percent: 200
[24024] 01-08 07:40:50,975 INFO [RocksDB]Options.compaction_options_universal.compression_size_percent: -1
[24024] 01-08 07:40:50,975 INFO [RocksDB]Options.compaction_options_universal.stop_style: kCompactionStopStyleTotalSize
[24024] 01-08 07:40:50,975 INFO [RocksDB]Options.compaction_options_fifo.max_table_files_size: 1073741824
[24024] 01-08 07:40:50,975 INFO [RocksDB]Options.compaction_options_fifo.allow_compaction: 0
[24024] 01-08 07:40:50,975 INFO [RocksDB]Options.compaction_options_fifo.ttl: 0
[24024] 01-08 07:40:50,975 INFO [RocksDB]                  Options.table_properties_collectors: 
[24024] 01-08 07:40:50,975 INFO [RocksDB]                  Options.inplace_update_support: 0
[24024] 01-08 07:40:50,975 INFO [RocksDB]                Options.inplace_update_num_locks: 10000
[24024] 01-08 07:40:50,975 INFO [RocksDB]              Options.memtable_prefix_bloom_size_ratio: 0.000000
[24024] 01-08 07:40:50,975 INFO [RocksDB]  Options.memtable_huge_page_size: 0
[24024] 01-08 07:40:50,975 INFO [RocksDB]                          Options.bloom_locality: 0
[24024] 01-08 07:40:50,975 INFO [RocksDB]                   Options.max_successive_merges: 0
[24024] 01-08 07:40:50,975 INFO [RocksDB]               Options.optimize_filters_for_hits: 0
[24024] 01-08 07:40:50,975 INFO [RocksDB]               Options.paranoid_file_checks: 0
[24024] 01-08 07:40:50,975 INFO [RocksDB]               Options.force_consistency_checks: 0
[24024] 01-08 07:40:50,975 INFO [RocksDB]               Options.report_bg_io_stats: 0
[24024] 01-08 07:40:50,975 INFO [RocksDB]                              Options.ttl: 0
[24024] 01-08 07:40:50,975 INFO [RocksDB][db/db_impl.cc:1396] Created column family [0] (ID 1)
[24024] 01-08 07:40:50,978 INFO Create ColumnFamilyHandle with name:0 success.
[24024] 01-08 07:40:59,013 INFO [RocksDB][db/db_impl_write.cc:1373] [0] New memtable created with log file: #9. Immutable memtables: 0.

[24024] 01-08 07:41:06,847 INFO [RocksDB][db/db_impl_write.cc:1373] [0] New memtable created with log file: #10. Immutable memtables: 1.

[24024] 01-08 07:41:06,847 INFO [RocksDB][db/db_impl_compaction_flush.cc:80] [JOB 2] Syncing log #3
[24024] 01-08 07:41:07,400 INFO [RocksDB][db/db_impl_compaction_flush.cc:80] [JOB 2] Syncing log #9
[24024] 01-08 07:41:08,804 INFO [RocksDB](Original Log Time 2020/01/08-07:41:06.847153) [db/db_impl_compaction_flush.cc:1424] Calling FlushMemTableToOutputFile with column family [0], flush slots available 4, compaction slots available 1, flush slots scheduled 1, compaction slots scheduled 0
[24024] 01-08 07:41:08,804 INFO [RocksDB][db/flush_job.cc:301] [0] [JOB 2] Flushing memtable with next log file: 9

[24024] 01-08 07:41:08,805 INFO [RocksDB][db/flush_job.cc:301] [0] [JOB 2] Flushing memtable with next log file: 10

[24024] 01-08 07:41:08,805 INFO [RocksDB]EVENT_LOG_v1 {"time_micros": 1578469268805022, "job": 2, "event": "flush_started", "num_memtables": 2, "num_entries": 3329086, "num_deletes": 0, "memory_usage": 520100432, "flush_reason": "Write Buffer Full"}
[24024] 01-08 07:41:08,805 INFO [RocksDB][db/flush_job.cc:331] [0] [JOB 2] Level-0 flush table #11: started
[24024] 01-08 07:41:14,961 INFO [RocksDB]EVENT_LOG_v1 {"time_micros": 1578469274961291, "cf_name": "0", "job": 2, "event": "table_file_creation", "file_number": 11, "file_size": 323711703, "table_properties": {"data_size": 314518167, "index_size": 4219225, "filter_size": 4973269, "raw_key_size": 131009017, "raw_average_key_size": 42, "raw_value_size": 251942834, "raw_average_value_size": 81, "num_data_blocks": 78364, "num_entries": 3091303, "filter_policy_name": "rocksdb.BuiltinBloomFilter", "kDeletedKeys": "0", "kMergeOperands": "0"}}
[24024] 01-08 07:41:14,961 INFO [RocksDB][db/flush_job.cc:371] [0] [JOB 2] Level-0 flush table #11: 323711703 bytes OK
[24024] 01-08 07:41:14,963 INFO [RocksDB](Original Log Time 2020/01/08-07:41:14.962379) [db/memtable_list.cc:377] [0] Level-0 commit table #11 started
[24024] 01-08 07:41:14,963 INFO [RocksDB](Original Log Time 2020/01/08-07:41:14.963738) [db/memtable_list.cc:409] [0] Level-0 commit table #11: memtable #1 done
[24024] 01-08 07:41:14,963 INFO [RocksDB](Original Log Time 2020/01/08-07:41:14.963743) [db/memtable_list.cc:409] [0] Level-0 commit table #11: memtable #2 done
[24024] 01-08 07:41:14,963 INFO [RocksDB](Original Log Time 2020/01/08-07:41:14.963753) EVENT_LOG_v1 {"time_micros": 1578469274963748, "job": 2, "event": "flush_finished", "output_compression": "NoCompression", "lsm_state": [1, 0, 0, 0, 0, 0, 0], "immutable_memtables": 0}
[24024] 01-08 07:41:14,963 INFO [RocksDB](Original Log Time 2020/01/08-07:41:14.963774) [db/db_impl_compaction_flush.cc:177] [0] Level summary: base level 1 max bytes base 536870912 files[1 0 0 0 0 0 0] max score 0.60

[24024] 01-08 07:41:14,963 INFO [RocksDB][db/db_impl_files.cc:342] [JOB 2] Try to delete WAL files size 393098605, prev total WAL file size 562422627, number of live WAL files 3.

[24024] 01-08 07:41:15,758 INFO [RocksDB][db/db_impl_write.cc:1373] [0] New memtable created with log file: #12. Immutable memtables: 0.

[24024] 01-08 07:41:23,609 INFO [RocksDB][db/db_impl_write.cc:1373] [0] New memtable created with log file: #13. Immutable memtables: 1.

[24024] 01-08 07:41:23,609 INFO [RocksDB][db/db_impl_compaction_flush.cc:80] [JOB 3] Syncing log #10
[24024] 01-08 07:41:24,094 INFO [RocksDB][db/db_impl_compaction_flush.cc:80] [JOB 3] Syncing log #12
[24024] 01-08 07:41:25,969 INFO [RocksDB](Original Log Time 2020/01/08-07:41:23.609916) [db/db_impl_compaction_flush.cc:1424] Calling FlushMemTableToOutputFile with column family [0], flush slots available 4, compaction slots available 1, flush slots scheduled 1, compaction slots scheduled 0
[24024] 01-08 07:41:25,969 INFO [RocksDB][db/flush_job.cc:301] [0] [JOB 3] Flushing memtable with next log file: 12

[24024] 01-08 07:41:25,969 INFO [RocksDB][db/flush_job.cc:301] [0] [JOB 3] Flushing memtable with next log file: 13

[24024] 01-08 07:41:25,970 INFO [RocksDB]EVENT_LOG_v1 {"time_micros": 1578469285970006, "job": 3, "event": "flush_started", "num_memtables": 2, "num_entries": 3067501, "num_deletes": 0, "memory_usage": 520100048, "flush_reason": "Write Buffer Full"}
[24024] 01-08 07:41:25,970 INFO [RocksDB][db/flush_job.cc:331] [0] [JOB 3] Level-0 flush table #14: started
[24024] 01-08 07:41:31,651 INFO [RocksDB]EVENT_LOG_v1 {"time_micros": 1578469291651367, "cf_name": "0", "job": 3, "event": "table_file_creation", "file_number": 14, "file_size": 298221798, "table_properties": {"data_size": 289757175, "index_size": 3881300, "filter_size": 4582281, "raw_key_size": 120713039, "raw_average_key_size": 42, "raw_value_size": 232143703, "raw_average_value_size": 81, "num_data_blocks": 72193, "num_entries": 2848394, "filter_policy_name": "rocksdb.BuiltinBloomFilter", "kDeletedKeys": "0", "kMergeOperands": "0"}}
[24024] 01-08 07:41:31,651 INFO [RocksDB][db/flush_job.cc:371] [0] [JOB 3] Level-0 flush table #14: 298221798 bytes OK
[24024] 01-08 07:41:31,653 INFO [RocksDB](Original Log Time 2020/01/08-07:41:31.652273) [db/memtable_list.cc:377] [0] Level-0 commit table #14 started
[24024] 01-08 07:41:31,653 INFO [RocksDB](Original Log Time 2020/01/08-07:41:31.653731) [db/memtable_list.cc:409] [0] Level-0 commit table #14: memtable #1 done
[24024] 01-08 07:41:31,653 INFO [RocksDB](Original Log Time 2020/01/08-07:41:31.653732) [db/memtable_list.cc:409] [0] Level-0 commit table #14: memtable #2 done
[24024] 01-08 07:41:31,653 INFO [RocksDB](Original Log Time 2020/01/08-07:41:31.653741) EVENT_LOG_v1 {"time_micros": 1578469291653736, "job": 3, "event": "flush_finished", "output_compression": "NoCompression", "lsm_state": [2, 0, 0, 0, 0, 0, 0], "immutable_memtables": 0}
[24024] 01-08 07:41:31,653 INFO [RocksDB](Original Log Time 2020/01/08-07:41:31.653769) [db/db_impl_compaction_flush.cc:177] [0] Level summary: base level 1 max bytes base 536870912 files[2 0 0 0 0 0 0] max score 1.16

[24024] 01-08 07:41:31,653 INFO [RocksDB][db/db_impl_files.cc:342] [JOB 3] Try to delete WAL files size 362277467, prev total WAL file size 521186428, number of live WAL files 3.

[24024] 01-08 07:41:31,654 WARN [RocksDB][db/db_impl.cc:491] ------- DUMPING STATS -------
[24024] 01-08 07:41:31,654 WARN [RocksDB][db/db_impl.cc:492] 
** DB Stats **
Uptime(secs): 52.6 total, 52.6 interval
Cumulative writes: 1106K writes, 7742K keys, 1105K commit groups, 1.0 writes per commit group, ingest: 0.85 GB, 16.56 MB/s
Cumulative WAL: 1106K writes, 0 syncs, 1106010.00 writes per sync, written: 0.85 GB, 16.56 MB/s
Cumulative stall: 00:00:0.000 H:M:S, 0.0 percent
Interval writes: 1106K writes, 7742K keys, 1105K commit groups, 1.0 writes per commit group, ingest: 871.93 MB, 16.56 MB/s
Interval WAL: 1106K writes, 0 syncs, 1106010.00 writes per sync, written: 0.85 MB, 16.56 MB/s
Interval stall: 00:00:0.000 H:M:S, 0.0 percent

** Compaction Stats [default] **
Level    Files   Size     Score Read(GB)  Rn(GB) Rnp1(GB) Write(GB) Wnew(GB) Moved(GB) W-Amp Rd(MB/s) Wr(MB/s) Comp(sec) Comp(cnt) Avg(sec) KeyIn KeyDrop
----------------------------------------------------------------------------------------------------------------------------------------------------------
 Sum      0/0    0.00 KB   0.0      0.0     0.0      0.0       0.0     
[24024] 01-08 07:41:31,654 INFO [RocksDB][db/compaction_job.cc:1531] [0] [JOB 4] Compacting 2@0 files to L1, score 1.16
[24024] 01-08 07:41:31,654 INFO [RocksDB][db/compaction_job.cc:1535] [0] Compaction start summary: Base version 4 Base level 0, inputs: [14(284MB) 11(308MB)]

[24024] 01-08 07:41:31,654 INFO [RocksDB]EVENT_LOG_v1 {"time_micros": 1578469291654180, "job": 4, "event": "compaction_started", "compaction_reason": "LevelL0FilesNum", "files_L0": [14, 11], "score": 1.15844, "input_data_size": 621933501}
[24024] 01-08 07:41:33,039 INFO [RocksDB][db/compaction_job.cc:1211] [0] [JOB 4] Generated table #15: 1158773 keys, 69736182 bytes
[24024] 01-08 07:41:33,039 INFO [RocksDB]EVENT_LOG_v1 {"time_micros": 1578469293039396, "cf_name": "0", "job": 4, "event": "table_file_creation", "file_number": 15, "file_size": 69736182, "table_properties": {"data_size": 67112462, "index_size": 971877, "filter_size": 1650812, "raw_key_size": 54977132, "raw_average_key_size": 47, "raw_value_size": 29898760, "raw_average_value_size": 25, "num_data_blocks": 16607, "num_entries": 1158773, "filter_policy_name": "rocksdb.BuiltinBloomFilter", "kDeletedKeys": "0", "kMergeOperands": "0"}}
[24024] 01-08 07:41:33,827 INFO [RocksDB][db/db_impl_write.cc:1373] [0] New memtable created with log file: #17. Immutable memtables: 0.

[24024] 01-08 07:41:34,417 INFO [RocksDB][db/compaction_job.cc:1211] [0] [JOB 4] Generated table #16: 597498 keys, 68988297 bytes
[24024] 01-08 07:41:34,417 INFO [RocksDB]EVENT_LOG_v1 {"time_micros": 1578469294417179, "cf_name": "0", "job": 4, "event": "table_file_creation", "file_number": 16, "file_size": 68988297, "table_properties": {"data_size": 67110650, "index_size": 888751, "filter_size": 987865, "raw_key_size": 24595065, "raw_average_key_size": 41, "raw_value_size": 56762310, "raw_average_value_size": 95, "num_data_blocks": 16739, "num_entries": 597498, "filter_policy_name": "rocksdb.BuiltinBloomFilter", "kDeletedKeys": "0", "kMergeOperands": "0"}}
[24024] 01-08 07:41:35,745 INFO [RocksDB][db/compaction_job.cc:1211] [0] [JOB 4] Generated table #18: 597496 keys, 68988872 bytes
[24024] 01-08 07:41:35,745 INFO [RocksDB]EVENT_LOG_v1 {"time_micros": 1578469295745438, "cf_name": "0", "job": 4, "event": "table_file_creation", "file_number": 18, "file_size": 68988872, "table_properties": {"data_size": 67111228, "index_size": 888746, "filter_size": 987867, "raw_key_size": 24593727, "raw_average_key_size": 41, "raw_value_size": 56762102, "raw_average_value_size": 94, "num_data_blocks": 16739, "num_entries": 597496, "filter_policy_name": "rocksdb.BuiltinBloomFilter", "kDeletedKeys": "0", "kMergeOperands": "0"}}
[24024] 01-08 07:41:37,023 INFO [RocksDB][db/compaction_job.cc:1211] [0] [JOB 4] Generated table #19: 597489 keys, 68987814 bytes
[24024] 01-08 07:41:37,023 INFO [RocksDB]EVENT_LOG_v1 {"time_micros": 1578469297023498, "cf_name": "0", "job": 4, "event": "table_file_creation", "file_number": 19, "file_size": 68987814, "table_properties": {"data_size": 67110368, "index_size": 888552, "filter_size": 987863, "raw_key_size": 24592759, "raw_average_key_size": 41, "raw_value_size": 56761473, "raw_average_value_size": 95, "num_data_blocks": 16740, "num_entries": 597489, "filter_policy_name": "rocksdb.BuiltinBloomFilter", "kDeletedKeys": "0", "kMergeOperands": "0"}}
[24024] 01-08 07:41:38,324 INFO [RocksDB][db/compaction_job.cc:1211] [0] [JOB 4] Generated table #20: 597512 keys, 68986923 bytes
[24024] 01-08 07:41:38,324 INFO [RocksDB]EVENT_LOG_v1 {"time_micros": 1578469298324639, "cf_name": "0", "job": 4, "event": "table_file_creation", "file_number": 20, "file_size": 68986923, "table_properties": {"data_size": 67109887, "index_size": 888124, "filter_size": 987881, "raw_key_size": 24594930, "raw_average_key_size": 41, "raw_value_size": 56763667, "raw_average_value_size": 95, "num_data_blocks": 16739, "num_entries": 597512, "filter_policy_name": "rocksdb.BuiltinBloomFilter", "kDeletedKeys": "0", "kMergeOperands": "0"}}
[24024] 01-08 07:41:39,633 INFO [RocksDB][db/compaction_job.cc:1211] [0] [JOB 4] Generated table #21: 597495 keys, 68990082 bytes
[24024] 01-08 07:41:39,633 INFO [RocksDB]EVENT_LOG_v1 {"time_micros": 1578469299633653, "cf_name": "0", "job": 4, "event": "table_file_creation", "file_number": 21, "file_size": 68990082, "table_properties": {"data_size": 67112389, "index_size": 888796, "filter_size": 987866, "raw_key_size": 24593271, "raw_average_key_size": 41, "raw_value_size": 56761998, "raw_average_value_size": 94, "num_data_blocks": 16739, "num_entries": 597495, "filter_policy_name": "rocksdb.BuiltinBloomFilter", "kDeletedKeys": "0", "kMergeOperands": "0"}}
[24024] 01-08 07:41:40,941 INFO [RocksDB][db/compaction_job.cc:1211] [0] [JOB 4] Generated table #22: 597509 keys, 68989049 bytes
[24024] 01-08 07:41:40,941 INFO [RocksDB]EVENT_LOG_v1 {"time_micros": 1578469300941579, "cf_name": "0", "job": 4, "event": "table_file_creation", "file_number": 22, "file_size": 68989049, "table_properties": {"data_size": 67111513, "index_size": 888623, "filter_size": 987882, "raw_key_size": 24594866, "raw_average_key_size": 41, "raw_value_size": 56763355, "raw_average_value_size": 95, "num_data_blocks": 16739, "num_entries": 597509, "filter_policy_name": "rocksdb.BuiltinBloomFilter", "kDeletedKeys": "0", "kMergeOperands": "0"}}
[24024] 01-08 07:41:42,324 INFO [RocksDB][db/compaction_job.cc:1211] [0] [JOB 4] Generated table #23: 597501 keys, 68989869 bytes
[24024] 01-08 07:41:42,324 INFO [RocksDB]EVENT_LOG_v1 {"time_micros": 1578469302324051, "cf_name": "0", "job": 4, "event": "table_file_creation", "file_number": 23, "file_size": 68989869, "table_properties": {"data_size": 67111944, "index_size": 889013, "filter_size": 987881, "raw_key_size": 24595521, "raw_average_key_size": 41, "raw_value_size": 56762622, "raw_average_value_size": 95, "num_data_blocks": 16740, "num_entries": 597501, "filter_policy_name": "rocksdb.BuiltinBloomFilter", "kDeletedKeys": "0", "kMergeOperands": "0"}}
[24024] 01-08 07:41:43,624 INFO [RocksDB][db/compaction_job.cc:1211] [0] [JOB 4] Generated table #24: 597553 keys, 68986590 bytes
[24024] 01-08 07:41:43,624 INFO [RocksDB]EVENT_LOG_v1 {"time_micros": 1578469303624917, "cf_name": "0", "job": 4, "event": "table_file_creation", "file_number": 24, "file_size": 68986590, "table_properties": {"data_size": 67110658, "index_size": 886982, "filter_size": 987919, "raw_key_size": 24549838, "raw_average_key_size": 41, "raw_value_size": 56767535, "raw_average_value_size": 95, "num_data_blocks": 16738, "num_entries": 597553, "filter_policy_name": "rocksdb.BuiltinBloomFilter", "kDeletedKeys": "0", "kMergeOperands": "0"}}
[24024] 01-08 07:41:43,628 INFO [RocksDB][db/compaction_job.cc:1211] [0] [JOB 4] Generated table #25: 870 keys, 101373 bytes
[24024] 01-08 07:41:43,628 INFO [RocksDB]EVENT_LOG_v1 {"time_micros": 1578469303628139, "cf_name": "0", "job": 4, "event": "table_file_creation", "file_number": 25, "file_size": 101373, "table_properties": {"data_size": 97625, "index_size": 1286, "filter_size": 1442, "raw_key_size": 34928, "raw_average_key_size": 40, "raw_value_size": 82659, "raw_average_value_size": 95, "num_data_blocks": 25, "num_entries": 870, "filter_policy_name": "rocksdb.BuiltinBloomFilter", "kDeletedKeys": "0", "kMergeOperands": "0"}}
[24024] 01-08 07:41:43,629 INFO [RocksDB][db/compaction_job.cc:1287] [0] [JOB 4] Compacted 2@0 files to L1 => 621745051 bytes
[24024] 01-08 07:41:43,630 INFO [RocksDB](Original Log Time 2020/01/08-07:41:43.630456) [db/compaction_job.cc:685] [0] compacted to: base level 1 max bytes base 536870912 files[0 10 0 0 0 0 0] max score 1.16, MB/sec: 51.9 rd, 51.9 wr, level 1, files in(2, 0) out(10) MB in(593.1, 0.0) out(592.9), read-write-amplify(2.0) write-amplify(1.0) OK, records in: 5939697, records dropped: 1 output_compression: NoCompression

[24024] 01-08 07:41:43,630 INFO [RocksDB](Original Log Time 2020/01/08-07:41:43.630470) EVENT_LOG_v1 {"time_micros": 1578469303630464, "job": 4, "event": "compaction_finished", "compaction_time_micros": 11974934, "output_level": 1, "num_output_files": 10, "total_output_size": 621745051, "num_input_records": 5939697, "num_output_records": 5939696, "num_subcompactions": 1, "output_compression": "NoCompression", "num_single_delete_mismatches": 0, "num_single_delete_fallthrough": 0, "lsm_state": [0, 10, 0, 0, 0, 0, 0]}
[24024] 01-08 07:41:43,656 INFO [RocksDB]EVENT_LOG_v1 {"time_micros": 1578469303656764, "job": 4, "event": "table_file_deletion", "file_number": 14}
[24024] 01-08 07:41:43,685 INFO [RocksDB]EVENT_LOG_v1 {"time_micros": 1578469303685353, "job": 4, "event": "table_file_deletion", "file_number": 11}
[24024] 01-08 07:41:43,685 INFO [RocksDB][db/compaction_job.cc:1531] [0] [JOB 5] Compacting 1@1 files to L2, score 1.16
[24024] 01-08 07:41:43,685 INFO [RocksDB][db/compaction_job.cc:1535] [0] Compaction start summary: Base version 5 Base level 1, inputs: [15(66MB)]

[24024] 01-08 07:41:43,685 INFO [RocksDB]EVENT_LOG_v1 {"time_micros": 1578469303685403, "job": 5, "event": "compaction_started", "compaction_reason": "LevelMaxLevelSize", "files_L1": [15], "score": 1.15809, "input_data_size": 69736182}
[24024] 01-08 07:41:45,391 INFO [RocksDB][db/compaction_job.cc:1211] [0] [JOB 5] Generated table #26: 1158773 keys, 55207717 bytes
[24024] 01-08 07:41:45,391 INFO [RocksDB]EVENT_LOG_v1 {"time_micros": 1578469305391117, "cf_name": "0", "job": 5, "event": "table_file_creation", "file_number": 26, "file_size": 55207717, "table_properties": {"data_size": 53054143, "index_size": 971573, "filter_size": 1623356, "raw_key_size": 54977132, "raw_average_key_size": 47, "raw_value_size": 29898760, "raw_average_value_size": 25, "num_data_blocks": 16607, "num_entries": 1158773, "filter_policy_name": "rocksdb.BuiltinBloomFilter", "kDeletedKeys": "0", "kMergeOperands": "0"}}
[24024] 01-08 07:41:45,392 INFO [RocksDB][db/compaction_job.cc:1287] [0] [JOB 5] Compacted 1@1 files to L2 => 55207717 bytes
[24024] 01-08 07:41:45,393 INFO [RocksDB](Original Log Time 2020/01/08-07:41:45.393696) [db/compaction_job.cc:685] [0] compacted to: base level 1 max bytes base 536870912 files[0 9 1 0 0 0 0] max score 1.03, MB/sec: 40.9 rd, 32.3 wr, level 2, files in(1, 0) out(1) MB in(66.5, 0.0) out(52.7), read-write-amplify(1.8) write-amplify(0.8) OK, records in: 1158773, records dropped: 0 output_compression: Snappy

[24024] 01-08 07:41:45,393 INFO [RocksDB](Original Log Time 2020/01/08-07:41:45.393709) EVENT_LOG_v1 {"time_micros": 1578469305393704, "job": 5, "event": "compaction_finished", "compaction_time_micros": 1706743, "output_level": 2, "num_output_files": 1, "total_output_size": 55207717, "num_input_records": 1158773, "num_output_records": 1158773, "num_subcompactions": 1, "output_compression": "Snappy", "num_single_delete_mismatches": 0, "num_single_delete_fallthrough": 0, "lsm_state": [0, 9, 1, 0, 0, 0, 0]}
[24024] 01-08 07:41:45,400 INFO [RocksDB]EVENT_LOG_v1 {"time_micros": 1578469305400849, "job": 5, "event": "table_file_deletion", "file_number": 15}
[24024] 01-08 07:41:45,400 INFO [RocksDB][db/compaction_job.cc:1531] [0] [JOB 6] Compacting 1@1 files to L2, score 1.03
[24024] 01-08 07:41:45,400 INFO [RocksDB][db/compaction_job.cc:1535] [0] Compaction start summary: Base version 6 Base level 1, inputs: [21(65MB)]

[24024] 01-08 07:41:45,400 INFO [RocksDB]EVENT_LOG_v1 {"time_micros": 1578469305400895, "job": 6, "event": "compaction_started", "compaction_reason": "LevelMaxLevelSize", "files_L1": [21], "score": 1.0282, "input_data_size": 68990082}
[24024] 01-08 07:41:46,679 INFO [RocksDB][db/db_impl_write.cc:1373] [0] New memtable created with log file: #28. Immutable memtables: 1.

[24024] 01-08 07:41:46,679 INFO [RocksDB][db/db_impl_compaction_flush.cc:80] [JOB 7] Syncing log #13
[24024] 01-08 07:41:47,270 INFO [RocksDB][db/db_impl_compaction_flush.cc:80] [JOB 7] Syncing log #17
[24024] 01-08 07:41:47,273 INFO [RocksDB][db/compaction_job.cc:1211] [0] [JOB 6] Generated table #27: 597495 keys, 68588457 bytes
[24024] 01-08 07:41:47,273 INFO [RocksDB]EVENT_LOG_v1 {"time_micros": 1578469307273572, "cf_name": "0", "job": 6, "event": "table_file_creation", "file_number": 27, "file_size": 68588457, "table_properties": {"data_size": 67112389, "index_size": 888796, "filter_size": 987866, "raw_key_size": 24593271, "raw_average_key_size": 41, "raw_value_size": 56761998, "raw_average_value_size": 94, "num_data_blocks": 16739, "num_entries": 597495, "filter_policy_name": "rocksdb.BuiltinBloomFilter", "kDeletedKeys": "0", "kMergeOperands": "0"}}
[24024] 01-08 07:41:48,768 INFO [RocksDB][db/compaction_job.cc:1287] [0] [JOB 6] Compacted 1@1 files to L2 => 68588457 bytes
[24024] 01-08 07:41:48,771 INFO [RocksDB](Original Log Time 2020/01/08-07:41:46.679966) [db/db_impl_compaction_flush.cc:1424] Calling FlushMemTableToOutputFile with column family [0], flush slots available 4, compaction slots available 1, flush slots scheduled 1, compaction slots scheduled 1
[24024] 01-08 07:41:48,771 INFO [RocksDB][db/flush_job.cc:301] [0] [JOB 7] Flushing memtable with next log file: 17

[24024] 01-08 07:41:48,771 INFO [RocksDB][db/flush_job.cc:301] [0] [JOB 7] Flushing memtable with next log file: 28

[24024] 01-08 07:41:48,771 INFO [RocksDB]EVENT_LOG_v1 {"time_micros": 1578469308771365, "job": 7, "event": "flush_started", "num_memtables": 2, "num_entries": 3441842, "num_deletes": 0, "memory_usage": 520099080, "flush_reason": "Write Buffer Full"}
[24024] 01-08 07:41:48,771 INFO [RocksDB][db/flush_job.cc:331] [0] [JOB 7] Level-0 flush table #29: started
[24024] 01-08 07:41:48,771 INFO [RocksDB](Original Log Time 2020/01/08-07:41:48.771325) [db/compaction_job.cc:685] [0] compacted to: base level 1 max bytes base 536870912 files[0 8 2 0 0 0 0] max score 0.90, MB/sec: 20.5 rd, 20.4 wr, level 2, files in(1, 0) out(1) MB in(65.8, 0.0) out(65.4), read-write-amplify(2.0) write-amplify(1.0) OK, records in: 597495, records dropped: 0 output_compression: Snappy

[24024] 01-08 07:41:48,771 INFO [RocksDB](Original Log Time 2020/01/08-07:41:48.771357) EVENT_LOG_v1 {"time_micros": 1578469308771350, "job": 6, "event": "compaction_finished", "compaction_time_micros": 3368054, "output_level": 2, "num_output_files": 1, "total_output_size": 68588457, "num_input_records": 597495, "num_output_records": 597495, "num_subcompactions": 1, "output_compression": "Snappy", "num_single_delete_mismatches": 0, "num_single_delete_fallthrough": 0, "lsm_state": [0, 8, 2, 0, 0, 0, 0]}
[24024] 01-08 07:41:55,196 INFO [RocksDB]EVENT_LOG_v1 {"time_micros": 1578469315196888, "cf_name": "0", "job": 7, "event": "table_file_creation", "file_number": 29, "file_size": 334661822, "table_properties": {"data_size": 325154476, "index_size": 4364711, "filter_size": 5141593, "raw_key_size": 135446870, "raw_average_key_size": 42, "raw_value_size": 260472910, "raw_average_value_size": 81, "num_data_blocks": 81019, "num_entries": 3195994, "filter_policy_name": "rocksdb.BuiltinBloomFilter", "kDeletedKeys": "0", "kMergeOperands": "0"}}
[24024] 01-08 07:41:55,196 INFO [RocksDB][db/flush_job.cc:371] [0] [JOB 7] Level-0 flush table #29: 334661822 bytes OK
[24024] 01-08 07:41:55,199 INFO [RocksDB](Original Log Time 2020/01/08-07:41:55.198151) [db/memtable_list.cc:377] [0] Level-0 commit table #29 started
[24024] 01-08 07:41:55,199 INFO [RocksDB](Original Log Time 2020/01/08-07:41:55.199778) [db/memtable_list.cc:409] [0] Level-0 commit table #29: memtable #1 done
[24024] 01-08 07:41:55,199 INFO [RocksDB](Original Log Time 2020/01/08-07:41:55.199779) [db/memtable_list.cc:409] [0] Level-0 commit table #29: memtable #2 done
[24024] 01-08 07:41:55,199 INFO [RocksDB](Original Log Time 2020/01/08-07:41:55.199790) EVENT_LOG_v1 {"time_micros": 1578469315199785, "job": 7, "event": "flush_finished", "output_compression": "NoCompression", "lsm_state": [1, 8, 2, 0, 0, 0, 0], "immutable_memtables": 0}
[24024] 01-08 07:41:55,199 INFO [RocksDB](Original Log Time 2020/01/08-07:41:55.199811) [db/db_impl_compaction_flush.cc:177] [0] Level summary: base level 1 max bytes base 536870912 files[1 8 2 0 0 0 0] max score 0.90

[24024] 01-08 07:41:55,199 INFO [RocksDB][db/db_impl_files.cc:342] [JOB 7] Try to delete WAL files size 406491052, prev total WAL file size 516770148, number of live WAL files 3.

[24024] 01-08 07:41:55,206 INFO [RocksDB]EVENT_LOG_v1 {"time_micros": 1578469315206015, "job": 7, "event": "table_file_deletion", "file_number": 21}
[24024] 01-08 07:42:01,617 INFO [RocksDB][db/db_impl_write.cc:1373] [0] New memtable created with log file: #30. Immutable memtables: 0.

[24024] 01-08 07:42:17,016 INFO [RocksDB][db/db_impl_write.cc:1373] [0] New memtable created with log file: #31. Immutable memtables: 1.

[24024] 01-08 07:42:17,016 INFO [RocksDB][db/db_impl_compaction_flush.cc:80] [JOB 8] Syncing log #28
[24024] 01-08 07:42:17,554 INFO [RocksDB][db/db_impl_compaction_flush.cc:80] [JOB 8] Syncing log #30
[24024] 01-08 07:42:19,086 INFO [RocksDB](Original Log Time 2020/01/08-07:42:17.016774) [db/db_impl_compaction_flush.cc:1424] Calling FlushMemTableToOutputFile with column family [0], flush slots available 4, compaction slots available 1, flush slots scheduled 1, compaction slots scheduled 0
[24024] 01-08 07:42:19,086 INFO [RocksDB][db/flush_job.cc:301] [0] [JOB 8] Flushing memtable with next log file: 30

[24024] 01-08 07:42:19,086 INFO [RocksDB][db/flush_job.cc:301] [0] [JOB 8] Flushing memtable with next log file: 31

[24024] 01-08 07:42:19,086 INFO [RocksDB]EVENT_LOG_v1 {"time_micros": 1578469339086705, "job": 8, "event": "flush_started", "num_memtables": 2, "num_entries": 3455147, "num_deletes": 0, "memory_usage": 520098432, "flush_reason": "Write Buffer Full"}
[24024] 01-08 07:42:19,086 INFO [RocksDB][db/flush_job.cc:331] [0] [JOB 8] Level-0 flush table #32: started
[24024] 01-08 07:42:25,490 INFO [RocksDB]EVENT_LOG_v1 {"time_micros": 1578469345490670, "cf_name": "0", "job": 8, "event": "table_file_creation", "file_number": 32, "file_size": 335961852, "table_properties": {"data_size": 326417613, "index_size": 4381801, "filter_size": 5161396, "raw_key_size": 135969654, "raw_average_key_size": 42, "raw_value_size": 261480061, "raw_average_value_size": 81, "num_data_blocks": 81328, "num_entries": 3208351, "filter_policy_name": "rocksdb.BuiltinBloomFilter", "kDeletedKeys": "0", "kMergeOperands": "0"}}
[24024] 01-08 07:42:25,490 INFO [RocksDB][db/flush_job.cc:371] [0] [JOB 8] Level-0 flush table #32: 335961852 bytes OK
[24024] 01-08 07:42:25,493 INFO [RocksDB](Original Log Time 2020/01/08-07:42:25.492031) [db/memtable_list.cc:377] [0] Level-0 commit table #32 started
[24024] 01-08 07:42:25,493 INFO [RocksDB](Original Log Time 2020/01/08-07:42:25.493677) [db/memtable_list.cc:409] [0] Level-0 commit table #32: memtable #1 done
[24024] 01-08 07:42:25,493 INFO [RocksDB](Original Log Time 2020/01/08-07:42:25.493678) [db/memtable_list.cc:409] [0] Level-0 commit table #32: memtable #2 done
[24024] 01-08 07:42:25,493 INFO [RocksDB](Original Log Time 2020/01/08-07:42:25.493688) EVENT_LOG_v1 {"time_micros": 1578469345493682, "job": 8, "event": "flush_finished", "output_compression": "NoCompression", "lsm_state": [2, 8, 2, 0, 0, 0, 0], "immutable_memtables": 0}
[24024] 01-08 07:42:25,493 INFO [RocksDB](Original Log Time 2020/01/08-07:42:25.493716) [db/db_impl_compaction_flush.cc:177] [0] Level summary: base level 1 max bytes base 536870912 files[2 8 2 0 0 0 0] max score 1.25

[24024] 01-08 07:42:25,493 INFO [RocksDB][db/db_impl_files.cc:342] [JOB 8] Try to delete WAL files size 408061943, prev total WAL file size 491491789, number of live WAL files 3.

[24024] 01-08 07:42:25,493 INFO [RocksDB][db/compaction_job.cc:1531] [0] [JOB 9] Compacting 2@0 + 8@1 files to L1, score 1.25
[24024] 01-08 07:42:25,493 INFO [RocksDB][db/compaction_job.cc:1535] [0] Compaction start summary: Base version 9 Base level 0, inputs: [32(320MB) 29(319MB)], [16(65MB) 18(65MB) 19(65MB) 20(65MB) 22(65MB) 23(65MB) 24(65MB) 25(98KB)]

[24024] 01-08 07:42:25,493 INFO [RocksDB]EVENT_LOG_v1 {"time_micros": 1578469345493896, "job": 9, "event": "compaction_started", "compaction_reason": "LevelL0FilesNum", "files_L0": [32, 29], "files_L1": [16, 18, 19, 20, 22, 23, 24, 25], "score": 1.24913, "input_data_size": 1153642461}
[24024] 01-08 07:42:26,957 INFO [RocksDB][db/compaction_job.cc:1211] [0] [JOB 9] Generated table #33: 1202505 keys, 69794855 bytes
[24024] 01-08 07:42:26,957 INFO [RocksDB]EVENT_LOG_v1 {"time_micros": 1578469346957323, "cf_name": "0", "job": 9, "event": "table_file_creation", "file_number": 33, "file_size": 69794855, "table_properties": {"data_size": 67112552, "index_size": 978924, "filter_size": 1702348, "raw_key_size": 57347593, "raw_average_key_size": 47, "raw_value_size": 27778165, "raw_average_value_size": 23, "num_data_blocks": 16599, "num_entries": 1202505, "filter_policy_name": "rocksdb.BuiltinBloomFilter", "kDeletedKeys": "0", "kMergeOperands": "0"}}
[24024] 01-08 07:42:28,256 INFO [RocksDB][db/compaction_job.cc:1211] [0] [JOB 9] Generated table #34: 597613 keys, 68991185 bytes
[24024] 01-08 07:42:28,256 INFO [RocksDB]EVENT_LOG_v1 {"time_micros": 1578469348256865, "cf_name": "0", "job": 9, "event": "table_file_creation", "file_number": 34, "file_size": 68991185, "table_properties": {"data_size": 67112901, "index_size": 889221, "filter_size": 988032, "raw_key_size": 24600288, "raw_average_key_size": 41, "raw_value_size": 56773280, "raw_average_value_size": 95, "num_data_blocks": 16742, "num_entries": 597613, "filter_policy_name": "rocksdb.BuiltinBloomFilter", "kDeletedKeys": "0", "kMergeOperands": "0"}}
[24024] 01-08 07:42:29,557 INFO [RocksDB][db/compaction_job.cc:1211] [0] [JOB 9] Generated table #35: 597622 keys, 68988795 bytes
[24024] 01-08 07:42:29,557 INFO [RocksDB]EVENT_LOG_v1 {"time_micros": 1578469349557965, "cf_name": "0", "job": 9, "event": "table_file_creation", "file_number": 35, "file_size": 68988795, "table_properties": {"data_size": 67110884, "index_size": 888833, "filter_size": 988047, "raw_key_size": 24600218, "raw_average_key_size": 41, "raw_value_size": 56774117, "raw_average_value_size": 95, "num_data_blocks": 16743, "num_entries": 597622, "filter_policy_name": "rocksdb.BuiltinBloomFilter", "kDeletedKeys": "0", "kMergeOperands": "0"}}
[24024] 01-08 07:42:30,862 INFO [RocksDB][db/compaction_job.cc:1211] [0] [JOB 9] Generated table #36: 597612 keys, 68988311 bytes
[24024] 01-08 07:42:30,862 INFO [RocksDB]EVENT_LOG_v1 {"time_micros": 1578469350862287, "cf_name": "0", "job": 9, "event": "table_file_creation", "file_number": 36, "file_size": 68988311, "table_properties": {"data_size": 67110735, "index_size": 888526, "filter_size": 988019, "raw_key_size": 24597004, "raw_average_key_size": 41, "raw_value_size": 56773077, "raw_average_value_size": 94, "num_data_blocks": 16741, "num_entries": 597612, "filter_policy_name": "rocksdb.BuiltinBloomFilter", "kDeletedKeys": "0", "kMergeOperands": "0"}}
[24024] 01-08 07:42:32,171 INFO [RocksDB][db/compaction_job.cc:1211] [0] [JOB 9] Generated table #37: 597607 keys, 68987565 bytes
[24024] 01-08 07:42:32,171 INFO [RocksDB]EVENT_LOG_v1 {"time_micros": 1578469352171147, "cf_name": "0", "job": 9, "event": "table_file_creation", "file_number": 37, "file_size": 68987565, "table_properties": {"data_size": 67109743, "index_size": 888770, "filter_size": 988021, "raw_key_size": 24599079, "raw_average_key_size": 41, "raw_value_size": 56772656, "raw_average_value_size": 94, "num_data_blocks": 16742, "num_entries": 597607, "filter_policy_name": "rocksdb.BuiltinBloomFilter", "kDeletedKeys": "0", "kMergeOperands": "0"}}
[24024] 01-08 07:42:33,486 INFO [RocksDB][db/compaction_job.cc:1211] [0] [JOB 9] Generated table #38: 597627 keys, 68990623 bytes
[24024] 01-08 07:42:33,486 INFO [RocksDB]EVENT_LOG_v1 {"time_micros": 1578469353486111, "cf_name": "0", "job": 9, "event": "table_file_creation", "file_number": 38, "file_size": 68990623, "table_properties": {"data_size": 67112958, "index_size": 888578, "filter_size": 988056, "raw_key_size": 24598129, "raw_average_key_size": 41, "raw_value_size": 56774637, "raw_average_value_size": 95, "num_data_blocks": 16743, "num_entries": 597627, "filter_policy_name": "rocksdb.BuiltinBloomFilter", "kDeletedKeys": "0", "kMergeOperands": "0"}}
[24024] 01-08 07:42:34,860 INFO [RocksDB][db/compaction_job.cc:1211] [0] [JOB 9] Generated table #39: 597641 keys, 68990648 bytes
[24024] 01-08 07:42:34,860 INFO [RocksDB]EVENT_LOG_v1 {"time_micros": 1578469354860510, "cf_name": "0", "job": 9, "event": "table_file_creation", "file_number": 39, "file_size": 68990648, "table_properties": {"data_size": 67112984, "index_size": 888568, "filter_size": 988065, "raw_key_size": 24599273, "raw_average_key_size": 41, "raw_value_size": 56775895, "raw_average_value_size": 95, "num_data_blocks": 16742, "num_entries": 597641, "filter_policy_name": "rocksdb.BuiltinBloomFilter", "kDeletedKeys": "0", "kMergeOperands": "0"}}
[24024] 01-08 07:42:36,159 INFO [RocksDB][db/compaction_job.cc:1211] [0] [JOB 9] Generated table #40: 597597 keys, 68988427 bytes
[24024] 01-08 07:42:36,159 INFO [RocksDB]EVENT_LOG_v1 {"time_micros": 1578469356159755, "cf_name": "0", "job": 9, "event": "table_file_creation", "file_number": 40, "file_size": 68988427, "table_properties": {"data_size": 67110659, "index_size": 888737, "filter_size": 988000, "raw_key_size": 24597733, "raw_average_key_size": 41, "raw_value_size": 56771715, "raw_average_value_size": 95, "num_data_blocks": 16741, "num_entries": 597597, "filter_policy_name": "rocksdb.BuiltinBloomFilter", "kDeletedKeys": "0", "kMergeOperands": "0"}}
[24024] 01-08 07:42:37,462 INFO [RocksDB][db/compaction_job.cc:1211] [0] [JOB 9] Generated table #41: 597583 keys, 68988155 bytes
[24024] 01-08 07:42:37,462 INFO [RocksDB]EVENT_LOG_v1 {"time_micros": 1578469357462029, "cf_name": "0", "job": 9, "event": "table_file_creation", "file_number": 41, "file_size": 68988155, "table_properties": {"data_size": 67110249, "index_size": 888882, "filter_size": 987993, "raw_key_size": 24595798, "raw_average_key_size": 41, "raw_value_size": 56770358, "raw_average_value_size": 94, "num_data_blocks": 16742, "num_entries": 597583, "filter_policy_name": "rocksdb.BuiltinBloomFilter", "kDeletedKeys": "0", "kMergeOperands": "0"}}
[24024] 01-08 07:42:38,766 INFO [RocksDB][db/compaction_job.cc:1211] [0] [JOB 9] Generated table #42: 597544 keys, 68990185 bytes
[24024] 01-08 07:42:38,766 INFO [RocksDB]EVENT_LOG_v1 {"time_micros": 1578469358766141, "cf_name": "0", "job": 9, "event": "table_file_creation", "file_number": 42, "file_size": 68990185, "table_properties": {"data_size": 67112463, "index_size": 888750, "filter_size": 987941, "raw_key_size": 24596481, "raw_average_key_size": 41, "raw_value_size": 56766698, "raw_average_value_size": 95, "num_data_blocks": 16741, "num_entries": 597544, "filter_policy_name": "rocksdb.BuiltinBloomFilter", "kDeletedKeys": "0", "kMergeOperands": "0"}}
[24024] 01-08 07:42:40,075 INFO [RocksDB][db/compaction_job.cc:1211] [0] [JOB 9] Generated table #43: 597557 keys, 68988883 bytes
[24024] 01-08 07:42:40,075 INFO [RocksDB]EVENT_LOG_v1 {"time_micros": 1578469360075725, "cf_name": "0", "job": 9, "event": "table_file_creation", "file_number": 43, "file_size": 68988883, "table_properties": {"data_size": 67111350, "index_size": 888544, "filter_size": 987958, "raw_key_size": 24596311, "raw_average_key_size": 41, "raw_value_size": 56767951, "raw_average_value_size": 95, "num_data_blocks": 16741, "num_entries": 597557, "filter_policy_name": "rocksdb.BuiltinBloomFilter", "kDeletedKeys": "0", "kMergeOperands": "0"}}
[24024] 01-08 07:42:41,383 INFO [RocksDB][db/compaction_job.cc:1211] [0] [JOB 9] Generated table #44: 597589 keys, 68987555 bytes
[24024] 01-08 07:42:41,383 INFO [RocksDB]EVENT_LOG_v1 {"time_micros": 1578469361383595, "cf_name": "0", "job": 9, "event": "table_file_creation", "file_number": 44, "file_size": 68987555, "table_properties": {"data_size": 67109419, "index_size": 889104, "filter_size": 988001, "raw_key_size": 24599627, "raw_average_key_size": 41, "raw_value_size": 56770883, "raw_average_value_size": 94, "num_data_blocks": 16742, "num_entries": 597589, "filter_policy_name": "rocksdb.BuiltinBloomFilter", "kDeletedKeys": "0", "kMergeOperands": "0"}}
[24024] 01-08 07:42:42,682 INFO [RocksDB][db/compaction_job.cc:1211] [0] [JOB 9] Generated table #45: 597627 keys, 68989129 bytes
[24024] 01-08 07:42:42,682 INFO [RocksDB]EVENT_LOG_v1 {"time_micros": 1578469362682877, "cf_name": "0", "job": 9, "event": "table_file_creation", "file_number": 45, "file_size": 68989129, "table_properties": {"data_size": 67111335, "index_size": 888725, "filter_size": 988038, "raw_key_size": 24600420, "raw_average_key_size": 41, "raw_value_size": 56774637, "raw_average_value_size": 95, "num_data_blocks": 16741, "num_entries": 597627, "filter_policy_name": "rocksdb.BuiltinBloomFilter", "kDeletedKeys": "0", "kMergeOperands": "0"}}
[24024] 01-08 07:42:44,064 INFO [RocksDB][db/compaction_job.cc:1211] [0] [JOB 9] Generated table #46: 597630 keys, 68988403 bytes
[24024] 01-08 07:42:44,064 INFO [RocksDB]EVENT_LOG_v1 {"time_micros": 1578469364064723, "cf_name": "0", "job": 9, "event": "table_file_creation", "file_number": 46, "file_size": 68988403, "table_properties": {"data_size": 67111004, "index_size": 888329, "filter_size": 988039, "raw_key_size": 24599456, "raw_average_key_size": 41, "raw_value_size": 56774850, "raw_average_value_size": 95, "num_data_blocks": 16741, "num_entries": 597630, "filter_policy_name": "rocksdb.BuiltinBloomFilter", "kDeletedKeys": "0", "kMergeOperands": "0"}}
[24024] 01-08 07:42:45,367 INFO [RocksDB][db/compaction_job.cc:1211] [0] [JOB 9] Generated table #47: 597619 keys, 68990391 bytes
[24024] 01-08 07:42:45,367 INFO [RocksDB]EVENT_LOG_v1 {"time_micros": 1578469365367227, "cf_name": "0", "job": 9, "event": "table_file_creation", "file_number": 47, "file_size": 68990391, "table_properties": {"data_size": 67112096, "index_size": 889207, "filter_size": 988057, "raw_key_size": 24601313, "raw_average_key_size": 41, "raw_value_size": 56773805, "raw_average_value_size": 95, "num_data_blocks": 16744, "num_entries": 597619, "filter_policy_name": "rocksdb.BuiltinBloomFilter", "kDeletedKeys": "0", "kMergeOperands": "0"}}
[24024] 01-08 07:42:46,670 INFO [RocksDB][db/compaction_job.cc:1211] [0] [JOB 9] Generated table #48: 597594 keys, 68989878 bytes
[24024] 01-08 07:42:46,670 INFO [RocksDB]EVENT_LOG_v1 {"time_micros": 1578469366670262, "cf_name": "0", "job": 9, "event": "table_file_creation", "file_number": 48, "file_size": 68989878, "table_properties": {"data_size": 67111736, "index_size": 889092, "filter_size": 988019, "raw_key_size": 24597346, "raw_average_key_size": 41, "raw_value_size": 56771403, "raw_average_value_size": 94, "num_data_blocks": 16743, "num_entries": 597594, "filter_policy_name": "rocksdb.BuiltinBloomFilter", "kDeletedKeys": "0", "kMergeOperands": "0"}}
[24024] 01-08 07:42:47,587 INFO [RocksDB][db/compaction_job.cc:1211] [0] [JOB 9] Generated table #49: 421205 keys, 48618487 bytes
[24024] 01-08 07:42:47,587 INFO [RocksDB]EVENT_LOG_v1 {"time_micros": 1578469367587085, "cf_name": "0", "job": 9, "event": "table_file_creation", "file_number": 49, "file_size": 48618487, "table_properties": {"data_size": 47296265, "index_size": 624873, "filter_size": 696319, "raw_key_size": 17242070, "raw_average_key_size": 40, "raw_value_size": 40014511, "raw_average_value_size": 95, "num_data_blocks": 11796, "num_entries": 421205, "filter_policy_name": "rocksdb.BuiltinBloomFilter", "kDeletedKeys": "0", "kMergeOperands": "0"}}
[24024] 01-08 07:42:47,588 INFO [RocksDB][db/compaction_job.cc:1287] [0] [JOB 9] Compacted 2@0 + 8@1 files to L1 => 1153251475 bytes
[24024] 01-08 07:42:47,589 INFO [RocksDB](Original Log Time 2020/01/08-07:42:47.589833) [db/compaction_job.cc:685] [0] compacted to: base level 1 max bytes base 536870912 files[0 17 2 0 0 0 0] max score 2.15, MB/sec: 52.2 rd, 52.2 wr, level 1, files in(2, 8) out(17) MB in(639.6, 460.6) out(1099.8), read-write-amplify(3.4) write-amplify(1.7) OK, records in: 10587773, records dropped: 1 output_compression: NoCompression

[24024] 01-08 07:42:47,589 INFO [RocksDB](Original Log Time 2020/01/08-07:42:47.589859) EVENT_LOG_v1 {"time_micros": 1578469367589842, "job": 9, "event": "compaction_finished", "compaction_time_micros": 22094327, "output_level": 1, "num_output_files": 17, "total_output_size": 1153251475, "num_input_records": 10587773, "num_output_records": 10587772, "num_subcompactions": 1, "output_compression": "NoCompression", "num_single_delete_mismatches": 0, "num_single_delete_fallthrough": 0, "lsm_state": [0, 17, 2, 0, 0, 0, 0]}
[24024] 01-08 07:42:47,589 INFO [RocksDB][db/compaction_picker.cc:485] [0] Expanding@1 1+1(69794855+55207717 bytes) to 2+1 (138786040+55207717 bytes)

[24024] 01-08 07:42:47,589 INFO [RocksDB][db/compaction_job.cc:1531] [0] [JOB 10] Compacting 2@1 + 1@2 files to L2, score 2.15
[24024] 01-08 07:42:47,589 INFO [RocksDB][db/compaction_job.cc:1535] [0] Compaction start summary: Base version 10 Base level 1, inputs: [33(66MB) 34(65MB)], [26(52MB)]

[24024] 01-08 07:42:47,589 INFO [RocksDB]EVENT_LOG_v1 {"time_micros": 1578469367589970, "job": 10, "event": "compaction_started", "compaction_reason": "LevelMaxLevelSize", "files_L1": [33, 34], "files_L2": [26], "score": 2.1481, "input_data_size": 193993757}
[24024] 01-08 07:42:47,623 INFO [RocksDB]EVENT_LOG_v1 {"time_micros": 1578469367623017, "job": 0, "event": "table_file_deletion", "file_number": 32}
[24024] 01-08 07:42:47,654 INFO [RocksDB]EVENT_LOG_v1 {"time_micros": 1578469367654870, "job": 0, "event": "table_file_deletion", "file_number": 29}
[24024] 01-08 07:42:47,654 INFO [RocksDB]EVENT_LOG_v1 {"time_micros": 1578469367654915, "job": 0, "event": "table_file_deletion", "file_number": 25}
[24024] 01-08 07:42:47,661 INFO [RocksDB]EVENT_LOG_v1 {"time_micros": 1578469367661544, "job": 0, "event": "table_file_deletion", "file_number": 24}
[24024] 01-08 07:42:47,668 INFO [RocksDB]EVENT_LOG_v1 {"time_micros": 1578469367668076, "job": 0, "event": "table_file_deletion", "file_number": 23}
[24024] 01-08 07:42:47,674 INFO [RocksDB]EVENT_LOG_v1 {"time_micros": 1578469367674484, "job": 0, "event": "table_file_deletion", "file_number": 22}
[24024] 01-08 07:42:47,680 INFO [RocksDB]EVENT_LOG_v1 {"time_micros": 1578469367680786, "job": 0, "event": "table_file_deletion", "file_number": 20}
[24024] 01-08 07:42:47,687 INFO [RocksDB]EVENT_LOG_v1 {"time_micros": 1578469367687305, "job": 0, "event": "table_file_deletion", "file_number": 19}
[24024] 01-08 07:42:47,694 INFO [RocksDB]EVENT_LOG_v1 {"time_micros": 1578469367694015, "job": 0, "event": "table_file_deletion", "file_number": 18}
[24024] 01-08 07:42:47,700 INFO [RocksDB]EVENT_LOG_v1 {"time_micros": 1578469367700516, "job": 0, "event": "table_file_deletion", "file_number": 16}
[24024] 01-08 07:42:50,898 INFO [RocksDB][db/compaction_job.cc:1211] [0] [JOB 10] Generated table #50: 2026913 keys, 70636423 bytes
[24024] 01-08 07:42:50,898 INFO [RocksDB]EVENT_LOG_v1 {"time_micros": 1578469370898699, "cf_name": "0", "job": 10, "event": "table_file_creation", "file_number": 50, "file_size": 70636423, "table_properties": {"data_size": 67110677, "index_size": 1449705, "filter_size": 2742814, "raw_key_size": 98562077, "raw_average_key_size": 48, "raw_value_size": 25912316, "raw_average_value_size": 12, "num_data_blocks": 23775, "num_entries": 2026913, "filter_policy_name": "rocksdb.BuiltinBloomFilter", "kDeletedKeys": "0", "kMergeOperands": "0"}}
[24024] 01-08 07:42:52,214 INFO [RocksDB][db/compaction_job.cc:1211] [0] [JOB 10] Generated table #51: 597599 keys, 68582459 bytes
[24024] 01-08 07:42:52,214 INFO [RocksDB]EVENT_LOG_v1 {"time_micros": 1578469372214088, "cf_name": "0", "job": 10, "event": "table_file_creation", "file_number": 51, "file_size": 68582459, "table_properties": {"data_size": 67109642, "index_size": 889090, "filter_size": 988002, "raw_key_size": 24600076, "raw_average_key_size": 41, "raw_value_size": 56771923, "raw_average_value_size": 95, "num_data_blocks": 16741, "num_entries": 597599, "filter_policy_name": "rocksdb.BuiltinBloomFilter", "kDeletedKeys": "0", "kMergeOperands": "0"}}
[24024] 01-08 07:42:52,950 INFO [RocksDB][db/compaction_job.cc:1211] [0] [JOB 10] Generated table #52: 334378 keys, 38375024 bytes
[24024] 01-08 07:42:52,950 INFO [RocksDB]EVENT_LOG_v1 {"time_micros": 1578469372950755, "cf_name": "0", "job": 10, "event": "table_file_creation", "file_number": 52, "file_size": 38375024, "table_properties": {"data_size": 37550580, "index_size": 497041, "filter_size": 552834, "raw_key_size": 13762841, "raw_average_key_size": 41, "raw_value_size": 31765910, "raw_average_value_size": 95, "num_data_blocks": 9368, "num_entries": 334378, "filter_policy_name": "rocksdb.BuiltinBloomFilter", "kDeletedKeys": "0", "kMergeOperands": "0"}}
[24024] 01-08 07:42:52,951 INFO [RocksDB][db/compaction_job.cc:1287] [0] [JOB 10] Compacted 2@1 + 1@2 files to L2 => 177593906 bytes
[24024] 01-08 07:42:52,953 INFO [RocksDB](Original Log Time 2020/01/08-07:42:52.953355) [db/compaction_job.cc:685] [0] compacted to: base level 1 max bytes base 536870912 files[0 15 4 0 0 0 0] max score 1.89, MB/sec: 36.2 rd, 33.1 wr, level 2, files in(2, 1) out(3) MB in(132.4, 52.7) out(169.4), read-write-amplify(2.7) write-amplify(1.3) OK, records in: 2958891, records dropped: 1 output_compression: Snappy

[24024] 01-08 07:42:52,953 INFO [RocksDB](Original Log Time 2020/01/08-07:42:52.953380) EVENT_LOG_v1 {"time_micros": 1578469372953363, "job": 10, "event": "compaction_finished", "compaction_time_micros": 5361859, "output_level": 2, "num_output_files": 3, "total_output_size": 177593906, "num_input_records": 2958891, "num_output_records": 2958890, "num_subcompactions": 1, "output_compression": "Snappy", "num_single_delete_mismatches": 0, "num_single_delete_fallthrough": 0, "lsm_state": [0, 15, 4, 0, 0, 0, 0]}
[24024] 01-08 07:42:52,953 INFO [RocksDB][db/compaction_job.cc:1531] [0] [JOB 11] Compacting 1@1 files to L2, score 1.89
[24024] 01-08 07:42:52,953 INFO [RocksDB][db/compaction_job.cc:1535] [0] Compaction start summary: Base version 11 Base level 1, inputs: [39(65MB)]

[24024] 01-08 07:42:52,953 INFO [RocksDB]EVENT_LOG_v1 {"time_micros": 1578469372953455, "job": 11, "event": "compaction_started", "compaction_reason": "LevelMaxLevelSize", "files_L1": [39], "score": 1.88959, "input_data_size": 68990648}
[24024] 01-08 07:42:52,961 INFO [RocksDB]EVENT_LOG_v1 {"time_micros": 1578469372961055, "job": 0, "event": "table_file_deletion", "file_number": 34}
[24024] 01-08 07:42:52,968 INFO [RocksDB]EVENT_LOG_v1 {"time_micros": 1578469372968049, "job": 0, "event": "table_file_deletion", "file_number": 33}
[24024] 01-08 07:42:52,973 INFO [RocksDB]EVENT_LOG_v1 {"time_micros": 1578469372973705, "job": 0, "event": "table_file_deletion", "file_number": 26}
[24024] 01-08 07:42:54,251 INFO [RocksDB][db/compaction_job.cc:1211] [0] [JOB 11] Generated table #53: 597641 keys, 68585750 bytes
[24024] 01-08 07:42:54,251 INFO [RocksDB]EVENT_LOG_v1 {"time_micros": 1578469374251074, "cf_name": "0", "job": 11, "event": "table_file_creation", "file_number": 53, "file_size": 68585750, "table_properties": {"data_size": 67112984, "index_size": 888568, "filter_size": 988065, "raw_key_size": 24599273, "raw_average_key_size": 41, "raw_value_size": 56775895, "raw_average_value_size": 95, "num_data_blocks": 16742, "num_entries": 597641, "filter_policy_name": "rocksdb.BuiltinBloomFilter", "kDeletedKeys": "0", "kMergeOperands": "0"}}
[24024] 01-08 07:42:54,252 INFO [RocksDB][db/compaction_job.cc:1287] [0] [JOB 11] Compacted 1@1 files to L2 => 68585750 bytes
[24024] 01-08 07:42:54,253 INFO [RocksDB](Original Log Time 2020/01/08-07:42:54.253772) [db/compaction_job.cc:685] [0] compacted to: base level 1 max bytes base 536870912 files[0 14 5 0 0 0 0] max score 1.76, MB/sec: 53.1 rd, 52.8 wr, level 2, files in(1, 0) out(1) MB in(65.8, 0.0) out(65.4), read-write-amplify(2.0) write-amplify(1.0) OK, records in: 597641, records dropped: 0 output_compression: Snappy

[24024] 01-08 07:42:54,253 INFO [RocksDB](Original Log Time 2020/01/08-07:42:54.253798) EVENT_LOG_v1 {"time_micros": 1578469374253780, "job": 11, "event": "compaction_finished", "compaction_time_micros": 1298849, "output_level": 2, "num_output_files": 1, "total_output_size": 68585750, "num_input_records": 597641, "num_output_records": 597641, "num_subcompactions": 1, "output_compression": "Snappy", "num_single_delete_mismatches": 0, "num_single_delete_fallthrough": 0, "lsm_state": [0, 14, 5, 0, 0, 0, 0]}
[24024] 01-08 07:42:54,253 INFO [RocksDB][db/compaction_job.cc:1531] [0] [JOB 12] Compacting 1@1 files to L2, score 1.76
[24024] 01-08 07:42:54,253 INFO [RocksDB][db/compaction_job.cc:1535] [0] Compaction start summary: Base version 12 Base level 1, inputs: [38(65MB)]

[24024] 01-08 07:42:54,253 INFO [RocksDB]EVENT_LOG_v1 {"time_micros": 1578469374253865, "job": 12, "event": "compaction_started", "compaction_reason": "LevelMaxLevelSize", "files_L1": [38], "score": 1.76108, "input_data_size": 68990623}
[24024] 01-08 07:42:54,260 INFO [RocksDB]EVENT_LOG_v1 {"time_micros": 1578469374260800, "job": 0, "event": "table_file_deletion", "file_number": 39}
[24024] 01-08 07:42:55,567 INFO [RocksDB][db/compaction_job.cc:1211] [0] [JOB 12] Generated table #54: 597627 keys, 68585939 bytes
[24024] 01-08 07:42:55,567 INFO [RocksDB]EVENT_LOG_v1 {"time_micros": 1578469375567925, "cf_name": "0", "job": 12, "event": "table_file_creation", "file_number": 54, "file_size": 68585939, "table_properties": {"data_size": 67112958, "index_size": 888578, "filter_size": 988056, "raw_key_size": 24598129, "raw_average_key_size": 41, "raw_value_size": 56774637, "raw_average_value_size": 95, "num_data_blocks": 16743, "num_entries": 597627, "filter_policy_name": "rocksdb.BuiltinBloomFilter", "kDeletedKeys": "0", "kMergeOperands": "0"}}
[24024] 01-08 07:42:55,568 INFO [RocksDB][db/compaction_job.cc:1287] [0] [JOB 12] Compacted 1@1 files to L2 => 68585939 bytes
[24024] 01-08 07:42:55,570 INFO [RocksDB](Original Log Time 2020/01/08-07:42:55.570324) [db/compaction_job.cc:685] [0] compacted to: base level 1 max bytes base 536870912 files[0 13 6 0 0 0 0] max score 1.63, MB/sec: 52.5 rd, 52.2 wr, level 2, files in(1, 0) out(1) MB in(65.8, 0.0) out(65.4), read-write-amplify(2.0) write-amplify(1.0) OK, records in: 597627, records dropped: 0 output_compression: Snappy

[24024] 01-08 07:42:55,570 INFO [RocksDB](Original Log Time 2020/01/08-07:42:55.570337) EVENT_LOG_v1 {"time_micros": 1578469375570333, "job": 12, "event": "compaction_finished", "compaction_time_micros": 1315102, "output_level": 2, "num_output_files": 1, "total_output_size": 68585939, "num_input_records": 597627, "num_output_records": 597627, "num_subcompactions": 1, "output_compression": "Snappy", "num_single_delete_mismatches": 0, "num_single_delete_fallthrough": 0, "lsm_state": [0, 13, 6, 0, 0, 0, 0]}
[24024] 01-08 07:42:55,570 INFO [RocksDB][db/compaction_job.cc:1531] [0] [JOB 13] Compacting 1@1 files to L2, score 1.63
[24024] 01-08 07:42:55,570 INFO [RocksDB][db/compaction_job.cc:1535] [0] Compaction start summary: Base version 13 Base level 1, inputs: [47(65MB)]

[24024] 01-08 07:42:55,570 INFO [RocksDB]EVENT_LOG_v1 {"time_micros": 1578469375570403, "job": 13, "event": "compaction_started", "compaction_reason": "LevelMaxLevelSize", "files_L1": [47], "score": 1.63258, "input_data_size": 68990391}
[24024] 01-08 07:42:55,577 INFO [RocksDB]EVENT_LOG_v1 {"time_micros": 1578469375577399, "job": 0, "event": "table_file_deletion", "file_number": 38}
[24024] 01-08 07:42:56,868 INFO [RocksDB][db/compaction_job.cc:1211] [0] [JOB 13] Generated table #55: 597619 keys, 68585277 bytes
[24024] 01-08 07:42:56,868 INFO [RocksDB]EVENT_LOG_v1 {"time_micros": 1578469376868426, "cf_name": "0", "job": 13, "event": "table_file_creation", "file_number": 55, "file_size": 68585277, "table_properties": {"data_size": 67112096, "index_size": 889207, "filter_size": 988057, "raw_key_size": 24601313, "raw_average_key_size": 41, "raw_value_size": 56773805, "raw_average_value_size": 95, "num_data_blocks": 16744, "num_entries": 597619, "filter_policy_name": "rocksdb.BuiltinBloomFilter", "kDeletedKeys": "0", "kMergeOperands": "0"}}
[24024] 01-08 07:42:56,869 INFO [RocksDB][db/compaction_job.cc:1287] [0] [JOB 13] Compacted 1@1 files to L2 => 68585277 bytes
[24024] 01-08 07:42:56,871 INFO [RocksDB](Original Log Time 2020/01/08-07:42:56.871180) [db/compaction_job.cc:685] [0] compacted to: base level 1 max bytes base 536870912 files[0 12 7 0 0 0 0] max score 1.50, MB/sec: 53.1 rd, 52.8 wr, level 2, files in(1, 0) out(1) MB in(65.8, 0.0) out(65.4), read-write-amplify(2.0) write-amplify(1.0) OK, records in: 597619, records dropped: 0 output_compression: Snappy

[24024] 01-08 07:42:56,871 INFO [RocksDB](Original Log Time 2020/01/08-07:42:56.871195) EVENT_LOG_v1 {"time_micros": 1578469376871190, "job": 13, "event": "compaction_finished", "compaction_time_micros": 1299187, "output_level": 2, "num_output_files": 1, "total_output_size": 68585277, "num_input_records": 597619, "num_output_records": 597619, "num_subcompactions": 1, "output_compression": "Snappy", "num_single_delete_mismatches": 0, "num_single_delete_fallthrough": 0, "lsm_state": [0, 12, 7, 0, 0, 0, 0]}
[24024] 01-08 07:42:56,871 INFO [RocksDB][db/compaction_picker.cc:485] [0] Expanding@1 1+1(68990185+68588457 bytes) to 2+1 (137979068+68588457 bytes)

[24024] 01-08 07:42:56,871 INFO [RocksDB][db/compaction_job.cc:1531] [0] [JOB 14] Compacting 2@1 + 1@2 files to L2, score 1.50
[24024] 01-08 07:42:56,871 INFO [RocksDB][db/compaction_job.cc:1535] [0] Compaction start summary: Base version 14 Base level 1, inputs: [42(65MB) 43(65MB)], [27(65MB)]

[24024] 01-08 07:42:56,871 INFO [RocksDB]EVENT_LOG_v1 {"time_micros": 1578469376871273, "job": 14, "event": "compaction_started", "compaction_reason": "LevelMaxLevelSize", "files_L1": [42, 43], "files_L2": [27], "score": 1.50407, "input_data_size": 206567525}
[24024] 01-08 07:42:56,879 INFO [RocksDB]EVENT_LOG_v1 {"time_micros": 1578469376879024, "job": 0, "event": "table_file_deletion", "file_number": 47}
[24024] 01-08 07:42:58,181 INFO [RocksDB][db/compaction_job.cc:1211] [0] [JOB 14] Generated table #56: 597614 keys, 68585588 bytes
[24024] 01-08 07:42:58,181 INFO [RocksDB]EVENT_LOG_v1 {"time_micros": 1578469378181352, "cf_name": "0", "job": 14, "event": "table_file_creation", "file_number": 56, "file_size": 68585588, "table_properties": {"data_size": 67112449, "index_size": 888988, "filter_size": 988052, "raw_key_size": 24599090, "raw_average_key_size": 41, "raw_value_size": 56773285, "raw_average_value_size": 94, "num_data_blocks": 16744, "num_entries": 597614, "filter_policy_name": "rocksdb.BuiltinBloomFilter", "kDeletedKeys": "0", "kMergeOperands": "0"}}
[24024] 01-08 07:42:59,499 INFO [RocksDB][db/compaction_job.cc:1211] [0] [JOB 14] Generated table #57: 597613 keys, 68584996 bytes
[24024] 01-08 07:42:59,499 INFO [RocksDB]EVENT_LOG_v1 {"time_micros": 1578469379499051, "cf_name": "0", "job": 14, "event": "table_file_creation", "file_number": 57, "file_size": 68584996, "table_properties": {"data_size": 67111972, "index_size": 888894, "filter_size": 988040, "raw_key_size": 24599302, "raw_average_key_size": 41, "raw_value_size": 56773280, "raw_average_value_size": 95, "num_data_blocks": 16743, "num_entries": 597613, "filter_policy_name": "rocksdb.BuiltinBloomFilter", "kDeletedKeys": "0", "kMergeOperands": "0"}}
[24024] 01-08 07:43:00,829 INFO [RocksDB][db/compaction_job.cc:1211] [0] [JOB 14] Generated table #58: 597369 keys, 68555171 bytes
[24024] 01-08 07:43:00,829 INFO [RocksDB]EVENT_LOG_v1 {"time_micros": 1578469380829731, "cf_name": "0", "job": 14, "event": "table_file_creation", "file_number": 58, "file_size": 68555171, "table_properties": {"data_size": 67083032, "index_size": 887989, "filter_size": 987615, "raw_key_size": 24587671, "raw_average_key_size": 41, "raw_value_size": 56750082, "raw_average_value_size": 95, "num_data_blocks": 16734, "num_entries": 597369, "filter_policy_name": "rocksdb.BuiltinBloomFilter", "kDeletedKeys": "0", "kMergeOperands": "0"}}
[24024] 01-08 07:43:00,831 INFO [RocksDB][db/compaction_job.cc:1287] [0] [JOB 14] Compacted 2@1 + 1@2 files to L2 => 205725755 bytes
[24024] 01-08 07:43:00,832 INFO [RocksDB](Original Log Time 2020/01/08-07:43:00.832431) [db/compaction_job.cc:685] [0] compacted to: base level 1 max bytes base 536870912 files[0 10 9 0 0 0 0] max score 1.25, MB/sec: 52.2 rd, 52.0 wr, level 2, files in(2, 1) out(3) MB in(131.6, 65.4) out(196.2), read-write-amplify(3.0) write-amplify(1.5) OK, records in: 1792596, records dropped: 0 output_compression: Snappy

[24024] 01-08 07:43:00,832 INFO [RocksDB](Original Log Time 2020/01/08-07:43:00.832458) EVENT_LOG_v1 {"time_micros": 1578469380832452, "job": 14, "event": "compaction_finished", "compaction_time_micros": 3959727, "output_level": 2, "num_output_files": 3, "total_output_size": 205725755, "num_input_records": 1792596, "num_output_records": 1792596, "num_subcompactions": 1, "output_compression": "Snappy", "num_single_delete_mismatches": 0, "num_single_delete_fallthrough": 0, "lsm_state": [0, 10, 9, 0, 0, 0, 0]}
[24024] 01-08 07:43:00,832 INFO [RocksDB][db/compaction_job.cc:1531] [0] [JOB 15] Compacting 1@1 files to L2, score 1.25
[24024] 01-08 07:43:00,832 INFO [RocksDB][db/compaction_job.cc:1535] [0] Compaction start summary: Base version 15 Base level 1, inputs: [48(65MB)]

[24024] 01-08 07:43:00,832 INFO [RocksDB]EVENT_LOG_v1 {"time_micros": 1578469380832542, "job": 15, "event": "compaction_started", "compaction_reason": "LevelMaxLevelSize", "files_L1": [48], "score": 1.24707, "input_data_size": 68989878}
[24024] 01-08 07:43:00,839 INFO [RocksDB]EVENT_LOG_v1 {"time_micros": 1578469380839946, "job": 0, "event": "table_file_deletion", "file_number": 43}
[24024] 01-08 07:43:00,847 INFO [RocksDB]EVENT_LOG_v1 {"time_micros": 1578469380847027, "job": 0, "event": "table_file_deletion", "file_number": 42}
[24024] 01-08 07:43:00,854 INFO [RocksDB]EVENT_LOG_v1 {"time_micros": 1578469380854014, "job": 0, "event": "table_file_deletion", "file_number": 27}
[24024] 01-08 07:43:02,134 INFO [RocksDB][db/compaction_job.cc:1211] [0] [JOB 15] Generated table #59: 597594 keys, 68584858 bytes
[24024] 01-08 07:43:02,134 INFO [RocksDB]EVENT_LOG_v1 {"time_micros": 1578469382134020, "cf_name": "0", "job": 15, "event": "table_file_creation", "file_number": 59, "file_size": 68584858, "table_properties": {"data_size": 67111736, "index_size": 889092, "filter_size": 988019, "raw_key_size": 24597346, "raw_average_key_size": 41, "raw_value_size": 56771403, "raw_average_value_size": 94, "num_data_blocks": 16743, "num_entries": 597594, "filter_policy_name": "rocksdb.BuiltinBloomFilter", "kDeletedKeys": "0", "kMergeOperands": "0"}}
[24024] 01-08 07:43:02,135 INFO [RocksDB][db/compaction_job.cc:1287] [0] [JOB 15] Compacted 1@1 files to L2 => 68584858 bytes
[24024] 01-08 07:43:02,136 INFO [RocksDB](Original Log Time 2020/01/08-07:43:02.136518) [db/compaction_job.cc:685] [0] compacted to: base level 1 max bytes base 536870912 files[0 9 10 0 0 0 0] max score 1.12, MB/sec: 53.0 rd, 52.7 wr, level 2, files in(1, 0) out(1) MB in(65.8, 0.0) out(65.4), read-write-amplify(2.0) write-amplify(1.0) OK, records in: 597594, records dropped: 0 output_compression: Snappy

[24024] 01-08 07:43:02,136 INFO [RocksDB](Original Log Time 2020/01/08-07:43:02.136541) EVENT_LOG_v1 {"time_micros": 1578469382136526, "job": 15, "event": "compaction_finished", "compaction_time_micros": 1302552, "output_level": 2, "num_output_files": 1, "total_output_size": 68584858, "num_input_records": 597594, "num_output_records": 597594, "num_subcompactions": 1, "output_compression": "Snappy", "num_single_delete_mismatches": 0, "num_single_delete_fallthrough": 0, "lsm_state": [0, 9, 10, 0, 0, 0, 0]}
[24024] 01-08 07:43:02,144 INFO [RocksDB]EVENT_LOG_v1 {"time_micros": 1578469382144119, "job": 15, "event": "table_file_deletion", "file_number": 48}
[24024] 01-08 07:43:02,144 INFO [RocksDB][db/compaction_job.cc:1531] [0] [JOB 16] Compacting 1@1 files to L2, score 1.12
[24024] 01-08 07:43:02,144 INFO [RocksDB][db/compaction_job.cc:1535] [0] Compaction start summary: Base version 16 Base level 1, inputs: [45(65MB)]

[24024] 01-08 07:43:02,144 INFO [RocksDB]EVENT_LOG_v1 {"time_micros": 1578469382144166, "job": 16, "event": "compaction_started", "compaction_reason": "LevelMaxLevelSize", "files_L1": [45], "score": 1.11856, "input_data_size": 68989129}
[24024] 01-08 07:43:03,446 INFO [RocksDB][db/compaction_job.cc:1211] [0] [JOB 16] Generated table #60: 597627 keys, 68584094 bytes
[24024] 01-08 07:43:03,446 INFO [RocksDB]EVENT_LOG_v1 {"time_micros": 1578469383446466, "cf_name": "0", "job": 16, "event": "table_file_creation", "file_number": 60, "file_size": 68584094, "table_properties": {"data_size": 67111335, "index_size": 888725, "filter_size": 988038, "raw_key_size": 24600420, "raw_average_key_size": 41, "raw_value_size": 56774637, "raw_average_value_size": 95, "num_data_blocks": 16741, "num_entries": 597627, "filter_policy_name": "rocksdb.BuiltinBloomFilter", "kDeletedKeys": "0", "kMergeOperands": "0"}}
[24024] 01-08 07:43:03,447 INFO [RocksDB][db/compaction_job.cc:1287] [0] [JOB 16] Compacted 1@1 files to L2 => 68584094 bytes
[24024] 01-08 07:43:03,449 INFO [RocksDB](Original Log Time 2020/01/08-07:43:03.448984) [db/compaction_job.cc:685] [0] compacted to: base level 1 max bytes base 536870912 files[0 8 11 0 0 0 0] max score 0.99, MB/sec: 52.9 rd, 52.6 wr, level 2, files in(1, 0) out(1) MB in(65.8, 0.0) out(65.4), read-write-amplify(2.0) write-amplify(1.0) OK, records in: 597627, records dropped: 0 output_compression: Snappy

[24024] 01-08 07:43:03,449 INFO [RocksDB](Original Log Time 2020/01/08-07:43:03.448997) EVENT_LOG_v1 {"time_micros": 1578469383448992, "job": 16, "event": "compaction_finished", "compaction_time_micros": 1303381, "output_level": 2, "num_output_files": 1, "total_output_size": 68584094, "num_input_records": 597627, "num_output_records": 597627, "num_subcompactions": 1, "output_compression": "Snappy", "num_single_delete_mismatches": 0, "num_single_delete_fallthrough": 0, "lsm_state": [0, 8, 11, 0, 0, 0, 0]}
[24024] 01-08 07:43:03,456 INFO [RocksDB]EVENT_LOG_v1 {"time_micros": 1578469383456590, "job": 0, "event": "table_file_deletion", "file_number": 45}
