[22582] 01-08 07:31:32,483 INFO [RocksDB]RocksDB version: 5.14.2

[22582] 01-08 07:31:32,488 INFO [RocksDB]Git sha rocksdb_build_git_sha:fc00d54a097e35332052f4c39c3229d413a023b6
[22582] 01-08 07:31:32,488 INFO [RocksDB]Compile date Jan  8 2020
[22582] 01-08 07:31:32,488 INFO [RocksDB]DB SUMMARY

[22582] 01-08 07:31:32,488 INFO [RocksDB]SST files in /home/ubuntu/ardb/data/rocksdb dir, Total Num: 0, files: 

[22582] 01-08 07:31:32,488 INFO [RocksDB]Write Ahead Log file in /home/ubuntu/ardb/data/rocksdb: 

[22582] 01-08 07:31:32,488 INFO [RocksDB]                        Options.error_if_exists: 0
[22582] 01-08 07:31:32,488 INFO [RocksDB]                      Options.create_if_missing: 1
[22582] 01-08 07:31:32,488 INFO [RocksDB]                        Options.paranoid_checks: 1
[22582] 01-08 07:31:32,488 INFO [RocksDB]                                    Options.env: 0xbf86c0
[22582] 01-08 07:31:32,488 INFO [RocksDB]                               Options.info_log: 0x7fae9483f8a0
[22582] 01-08 07:31:32,488 INFO [RocksDB]               Options.max_file_opening_threads: 16
[22582] 01-08 07:31:32,488 INFO [RocksDB]                             Options.statistics: (nil)
[22582] 01-08 07:31:32,488 INFO [RocksDB]                              Options.use_fsync: 0
[22582] 01-08 07:31:32,488 INFO [RocksDB]                      Options.max_log_file_size: 0
[22582] 01-08 07:31:32,488 INFO [RocksDB]                 Options.max_manifest_file_size: 18446744073709551615
[22582] 01-08 07:31:32,488 INFO [RocksDB]                  Options.log_file_time_to_roll: 0
[22582] 01-08 07:31:32,488 INFO [RocksDB]                      Options.keep_log_file_num: 1000
[22582] 01-08 07:31:32,488 INFO [RocksDB]                   Options.recycle_log_file_num: 0
[22582] 01-08 07:31:32,488 INFO [RocksDB]                        Options.allow_fallocate: 1
[22582] 01-08 07:31:32,488 INFO [RocksDB]                       Options.allow_mmap_reads: 0
[22582] 01-08 07:31:32,488 INFO [RocksDB]                      Options.allow_mmap_writes: 0
[22582] 01-08 07:31:32,488 INFO [RocksDB]                       Options.use_direct_reads: 0
[22582] 01-08 07:31:32,488 INFO [RocksDB]                       Options.use_direct_io_for_flush_and_compaction: 0
[22582] 01-08 07:31:32,488 INFO [RocksDB]         Options.create_missing_column_families: 0
[22582] 01-08 07:31:32,488 INFO [RocksDB]                             Options.db_log_dir: 
[22582] 01-08 07:31:32,488 INFO [RocksDB]                                Options.wal_dir: /home/ubuntu/ardb/data/rocksdb
[22582] 01-08 07:31:32,488 INFO [RocksDB]               Options.table_cache_numshardbits: 6
[22582] 01-08 07:31:32,488 INFO [RocksDB]                     Options.max_subcompactions: 1
[22582] 01-08 07:31:32,488 INFO [RocksDB]                 Options.max_background_flushes: -1
[22582] 01-08 07:31:32,488 INFO [RocksDB]                        Options.WAL_ttl_seconds: 0
[22582] 01-08 07:31:32,488 INFO [RocksDB]                      Options.WAL_size_limit_MB: 0
[22582] 01-08 07:31:32,488 INFO [RocksDB]            Options.manifest_preallocation_size: 4194304
[22582] 01-08 07:31:32,488 INFO [RocksDB]                    Options.is_fd_close_on_exec: 1
[22582] 01-08 07:31:32,488 INFO [RocksDB]                  Options.advise_random_on_open: 1
[22582] 01-08 07:31:32,488 INFO [RocksDB]                   Options.db_write_buffer_size: 0
[22582] 01-08 07:31:32,488 INFO [RocksDB]                   Options.write_buffer_manager: 0x7fae94ffa7d0
[22582] 01-08 07:31:32,488 INFO [RocksDB]        Options.access_hint_on_compaction_start: 1
[22582] 01-08 07:31:32,488 INFO [RocksDB] Options.new_table_reader_for_compaction_inputs: 0
[22582] 01-08 07:31:32,488 INFO [RocksDB]          Options.random_access_max_buffer_size: 1048576
[22582] 01-08 07:31:32,488 INFO [RocksDB]                     Options.use_adaptive_mutex: 1
[22582] 01-08 07:31:32,488 INFO [RocksDB]                           Options.rate_limiter: 0x7fae94838540
[22582] 01-08 07:31:32,488 INFO [RocksDB]    Options.sst_file_manager.rate_bytes_per_sec: 0
[22582] 01-08 07:31:32,488 INFO [RocksDB]                      Options.wal_recovery_mode: 2
[22582] 01-08 07:31:32,488 INFO [RocksDB]                 Options.enable_thread_tracking: 0
[22582] 01-08 07:31:32,488 INFO [RocksDB]                 Options.enable_pipelined_write: 1
[22582] 01-08 07:31:32,488 INFO [RocksDB]        Options.allow_concurrent_memtable_write: 1
[22582] 01-08 07:31:32,488 INFO [RocksDB]     Options.enable_write_thread_adaptive_yield: 1
[22582] 01-08 07:31:32,488 INFO [RocksDB]            Options.write_thread_max_yield_usec: 100
[22582] 01-08 07:31:32,488 INFO [RocksDB]           Options.write_thread_slow_yield_usec: 3
[22582] 01-08 07:31:32,488 INFO [RocksDB]                              Options.row_cache: None
[22582] 01-08 07:31:32,488 INFO [RocksDB]                             Options.wal_filter: None
[22582] 01-08 07:31:32,488 INFO [RocksDB]            Options.avoid_flush_during_recovery: 0
[22582] 01-08 07:31:32,488 INFO [RocksDB]            Options.allow_ingest_behind: 0
[22582] 01-08 07:31:32,488 INFO [RocksDB]            Options.preserve_deletes: 0
[22582] 01-08 07:31:32,488 INFO [RocksDB]            Options.two_write_queues: 0
[22582] 01-08 07:31:32,488 INFO [RocksDB]            Options.manual_wal_flush: 0
[22582] 01-08 07:31:32,488 INFO [RocksDB]            Options.max_background_jobs: 16
[22582] 01-08 07:31:32,488 INFO [RocksDB]            Options.max_background_compactions: -1
[22582] 01-08 07:31:32,488 INFO [RocksDB]            Options.avoid_flush_during_shutdown: 0
[22582] 01-08 07:31:32,488 INFO [RocksDB]          Options.writable_file_max_buffer_size: 1048576
[22582] 01-08 07:31:32,488 INFO [RocksDB]            Options.delayed_write_rate : 52428800
[22582] 01-08 07:31:32,488 INFO [RocksDB]            Options.max_total_wal_size: 0
[22582] 01-08 07:31:32,488 INFO [RocksDB]            Options.delete_obsolete_files_period_micros: 21600000000
[22582] 01-08 07:31:32,488 INFO [RocksDB]                  Options.stats_dump_period_sec: 10000000
[22582] 01-08 07:31:32,488 INFO [RocksDB]                         Options.max_open_files: 1024
[22582] 01-08 07:31:32,488 INFO [RocksDB]                         Options.bytes_per_sync: 1048576
[22582] 01-08 07:31:32,488 INFO [RocksDB]                     Options.wal_bytes_per_sync: 0
[22582] 01-08 07:31:32,488 INFO [RocksDB]      Options.compaction_readahead_size: 0
[22582] 01-08 07:31:32,488 INFO [RocksDB]Compression algorithms supported:
[22582] 01-08 07:31:32,488 INFO [RocksDB]	kZSTDNotFinalCompression supported: 0
[22582] 01-08 07:31:32,488 INFO [RocksDB]	kZSTD supported: 0
[22582] 01-08 07:31:32,488 INFO [RocksDB]	kXpressCompression supported: 0
[22582] 01-08 07:31:32,488 INFO [RocksDB]	kLZ4HCCompression supported: 0
[22582] 01-08 07:31:32,488 INFO [RocksDB]	kLZ4Compression supported: 0
[22582] 01-08 07:31:32,488 INFO [RocksDB]	kBZip2Compression supported: 0
[22582] 01-08 07:31:32,488 INFO [RocksDB]	kZlibCompression supported: 1
[22582] 01-08 07:31:32,488 INFO [RocksDB]	kSnappyCompression supported: 1
[22582] 01-08 07:31:32,488 INFO [RocksDB]Fast CRC32 supported: Supported on x86
[22582] 01-08 07:31:32,488 INFO [RocksDB][db/db_impl_open.cc:222] Creating manifest 1 

[22582] 01-08 07:31:32,495 INFO [RocksDB][db/version_set.cc:3085] Recovering from manifest file: MANIFEST-000001

[22582] 01-08 07:31:32,495 INFO [RocksDB][db/column_family.cc:475] --------------- Options for column family [default]:

[22582] 01-08 07:31:32,495 INFO [RocksDB]              Options.comparator: ardb.comparator
[22582] 01-08 07:31:32,495 INFO [RocksDB]          Options.merge_operator: ardb.merger
[22582] 01-08 07:31:32,495 INFO [RocksDB]       Options.compaction_filter: None
[22582] 01-08 07:31:32,495 INFO [RocksDB]       Options.compaction_filter_factory: ardb.compact_filter_factory
[22582] 01-08 07:31:32,495 INFO [RocksDB]        Options.memtable_factory: SkipListFactory
[22582] 01-08 07:31:32,495 INFO [RocksDB]           Options.table_factory: BlockBasedTable
[22582] 01-08 07:31:32,495 INFO [RocksDB]           table_factory options:   flush_block_policy_factory: FlushBlockBySizePolicyFactory (0x7fae94e08018)
  cache_index_and_filter_blocks: 0
  cache_index_and_filter_blocks_with_high_priority: 0
  pin_l0_filter_and_index_blocks_in_cache: 0
  index_type: 0
  hash_index_allow_collision: 1
  checksum: 1
  no_block_cache: 0
  block_cache: 0x7fae94e81cf0
  block_cache_name: LRUCache
  block_cache_options:
    capacity : 536870912
    num_shard_bits : 6
    strict_capacity_limit : 0
    high_pri_pool_ratio: 0.000
  block_cache_compressed: (nil)
  persistent_cache: (nil)
  block_size: 4096
  block_size_deviation: 10
  block_restart_interval: 16
  index_block_restart_interval: 1
  metadata_block_size: 4096
  partition_filters: 0
  use_delta_encoding: 1
  filter_policy: rocksdb.BuiltinBloomFilter
  whole_key_filtering: 1
  verify_compression: 0
  read_amp_bytes_per_bit: 0
  format_version: 2
  enable_index_compression: 1
  block_align: 0

[22582] 01-08 07:31:32,495 INFO [RocksDB]       Options.write_buffer_size: 268435456
[22582] 01-08 07:31:32,495 INFO [RocksDB] Options.max_write_buffer_number: 6
[22582] 01-08 07:31:32,495 INFO [RocksDB]       Options.compression[0]: NoCompression
[22582] 01-08 07:31:32,495 INFO [RocksDB]       Options.compression[1]: NoCompression
[22582] 01-08 07:31:32,495 INFO [RocksDB]       Options.compression[2]: Snappy
[22582] 01-08 07:31:32,495 INFO [RocksDB]       Options.compression[3]: Snappy
[22582] 01-08 07:31:32,495 INFO [RocksDB]       Options.compression[4]: Snappy
[22582] 01-08 07:31:32,495 INFO [RocksDB]       Options.compression[5]: Snappy
[22582] 01-08 07:31:32,495 INFO [RocksDB]       Options.compression[6]: Snappy
[22582] 01-08 07:31:32,495 INFO [RocksDB]                 Options.bottommost_compression: Disabled
[22582] 01-08 07:31:32,495 INFO [RocksDB]      Options.prefix_extractor: ardb.prefix_extractor
[22582] 01-08 07:31:32,495 INFO [RocksDB]  Options.memtable_insert_with_hint_prefix_extractor: nullptr
[22582] 01-08 07:31:32,495 INFO [RocksDB]            Options.num_levels: 7
[22582] 01-08 07:31:32,495 INFO [RocksDB]       Options.min_write_buffer_number_to_merge: 2
[22582] 01-08 07:31:32,495 INFO [RocksDB]    Options.max_write_buffer_number_to_maintain: 0
[22582] 01-08 07:31:32,495 INFO [RocksDB]           Options.compression_opts.window_bits: -14
[22582] 01-08 07:31:32,495 INFO [RocksDB]                 Options.compression_opts.level: -1
[22582] 01-08 07:31:32,495 INFO [RocksDB]              Options.compression_opts.strategy: 0
[22582] 01-08 07:31:32,495 INFO [RocksDB]        Options.compression_opts.max_dict_bytes: 0
[22582] 01-08 07:31:32,495 INFO [RocksDB]        Options.compression_opts.zstd_max_train_bytes: 0
[22582] 01-08 07:31:32,495 INFO [RocksDB]     Options.level0_file_num_compaction_trigger: 2
[22582] 01-08 07:31:32,495 INFO [RocksDB]         Options.level0_slowdown_writes_trigger: 20
[22582] 01-08 07:31:32,495 INFO [RocksDB]             Options.level0_stop_writes_trigger: 36
[22582] 01-08 07:31:32,495 INFO [RocksDB]                  Options.target_file_size_base: 67108864
[22582] 01-08 07:31:32,495 INFO [RocksDB]            Options.target_file_size_multiplier: 1
[22582] 01-08 07:31:32,495 INFO [RocksDB]               Options.max_bytes_for_level_base: 536870912
[22582] 01-08 07:31:32,495 INFO [RocksDB]Options.level_compaction_dynamic_level_bytes: 0
[22582] 01-08 07:31:32,495 INFO [RocksDB]         Options.max_bytes_for_level_multiplier: 10.000000
[22582] 01-08 07:31:32,495 INFO [RocksDB]Options.max_bytes_for_level_multiplier_addtl[0]: 1
[22582] 01-08 07:31:32,495 INFO [RocksDB]Options.max_bytes_for_level_multiplier_addtl[1]: 1
[22582] 01-08 07:31:32,495 INFO [RocksDB]Options.max_bytes_for_level_multiplier_addtl[2]: 1
[22582] 01-08 07:31:32,495 INFO [RocksDB]Options.max_bytes_for_level_multiplier_addtl[3]: 1
[22582] 01-08 07:31:32,495 INFO [RocksDB]Options.max_bytes_for_level_multiplier_addtl[4]: 1
[22582] 01-08 07:31:32,495 INFO [RocksDB]Options.max_bytes_for_level_multiplier_addtl[5]: 1
[22582] 01-08 07:31:32,495 INFO [RocksDB]Options.max_bytes_for_level_multiplier_addtl[6]: 1
[22582] 01-08 07:31:32,495 INFO [RocksDB]      Options.max_sequential_skip_in_iterations: 8
[22582] 01-08 07:31:32,495 INFO [RocksDB]                   Options.max_compaction_bytes: 1677721600
[22582] 01-08 07:31:32,495 INFO [RocksDB]                       Options.arena_block_size: 33554432
[22582] 01-08 07:31:32,495 INFO [RocksDB]  Options.soft_pending_compaction_bytes_limit: 68719476736
[22582] 01-08 07:31:32,495 INFO [RocksDB]  Options.hard_pending_compaction_bytes_limit: 274877906944
[22582] 01-08 07:31:32,495 INFO [RocksDB]      Options.rate_limit_delay_max_milliseconds: 100
[22582] 01-08 07:31:32,495 INFO [RocksDB]               Options.disable_auto_compactions: 0
[22582] 01-08 07:31:32,495 INFO [RocksDB]                       Options.compaction_style: kCompactionStyleLevel
[22582] 01-08 07:31:32,495 INFO [RocksDB]                         Options.compaction_pri: kByCompensatedSize
[22582] 01-08 07:31:32,495 INFO [RocksDB]Options.compaction_options_universal.size_ratio: 1
[22582] 01-08 07:31:32,495 INFO [RocksDB]Options.compaction_options_universal.min_merge_width: 2
[22582] 01-08 07:31:32,495 INFO [RocksDB]Options.compaction_options_universal.max_merge_width: 4294967295
[22582] 01-08 07:31:32,495 INFO [RocksDB]Options.compaction_options_universal.max_size_amplification_percent: 200
[22582] 01-08 07:31:32,495 INFO [RocksDB]Options.compaction_options_universal.compression_size_percent: -1
[22582] 01-08 07:31:32,495 INFO [RocksDB]Options.compaction_options_universal.stop_style: kCompactionStopStyleTotalSize
[22582] 01-08 07:31:32,495 INFO [RocksDB]Options.compaction_options_fifo.max_table_files_size: 1073741824
[22582] 01-08 07:31:32,495 INFO [RocksDB]Options.compaction_options_fifo.allow_compaction: 0
[22582] 01-08 07:31:32,495 INFO [RocksDB]Options.compaction_options_fifo.ttl: 0
[22582] 01-08 07:31:32,495 INFO [RocksDB]                  Options.table_properties_collectors: 
[22582] 01-08 07:31:32,495 INFO [RocksDB]                  Options.inplace_update_support: 0
[22582] 01-08 07:31:32,495 INFO [RocksDB]                Options.inplace_update_num_locks: 10000
[22582] 01-08 07:31:32,495 INFO [RocksDB]              Options.memtable_prefix_bloom_size_ratio: 0.000000
[22582] 01-08 07:31:32,495 INFO [RocksDB]  Options.memtable_huge_page_size: 0
[22582] 01-08 07:31:32,495 INFO [RocksDB]                          Options.bloom_locality: 0
[22582] 01-08 07:31:32,495 INFO [RocksDB]                   Options.max_successive_merges: 0
[22582] 01-08 07:31:32,495 INFO [RocksDB]               Options.optimize_filters_for_hits: 0
[22582] 01-08 07:31:32,495 INFO [RocksDB]               Options.paranoid_file_checks: 0
[22582] 01-08 07:31:32,495 INFO [RocksDB]               Options.force_consistency_checks: 0
[22582] 01-08 07:31:32,495 INFO [RocksDB]               Options.report_bg_io_stats: 0
[22582] 01-08 07:31:32,495 INFO [RocksDB]                              Options.ttl: 0
[22582] 01-08 07:31:32,495 INFO [RocksDB][db/version_set.cc:3361] Recovered from manifest file:/home/ubuntu/ardb/data/rocksdb/MANIFEST-000001 succeeded,manifest_file_number is 1, next_file_number is 3, last_sequence is 0, log_number is 0,prev_log_number is 0,max_column_family is 0,min_log_number_to_keep is 0

[22582] 01-08 07:31:32,495 INFO [RocksDB][db/version_set.cc:3369] Column family [default] (ID 0), log number is 0

[22582] 01-08 07:31:32,499 INFO [RocksDB][db/db_impl_open.cc:1219] DB pointer 0x7fae947be000
[22582] 01-08 07:31:32,499 INFO Ardb init engine:rocksdb success.
[22582] 01-08 07:31:32,501 INFO Ardb will accept connections on 0.0.0.0:16379
[22582] 01-08 07:31:32,502 INFO Ardb started with version 0.10.0
[22582] 01-08 07:31:33,503 INFO ========================Period Statistics Dump Begin===========================
[22582] 01-08 07:31:33,503 INFO slave_sync_total_commands_processed:0
[22582] 01-08 07:31:33,503 INFO slave_sync_instantaneous_ops_per_sec:0
[22582] 01-08 07:31:33,503 INFO total_commands_processed:0
[22582] 01-08 07:31:33,503 INFO instantaneous_ops_per_sec:0
[22582] 01-08 07:31:33,503 INFO total_connections_received:0
[22582] 01-08 07:31:33,503 INFO rejected_connections:0
[22582] 01-08 07:31:33,503 INFO ========================Period Statistics Dump End===========================
[22582] 01-08 07:31:44,355 INFO [RocksDB][db/version_set.cc:2847] Creating manifest 6

[22582] 01-08 07:31:44,360 INFO [RocksDB][db/column_family.cc:475] --------------- Options for column family [0]:

[22582] 01-08 07:31:44,360 INFO [RocksDB]              Options.comparator: ardb.comparator
[22582] 01-08 07:31:44,360 INFO [RocksDB]          Options.merge_operator: ardb.merger
[22582] 01-08 07:31:44,360 INFO [RocksDB]       Options.compaction_filter: None
[22582] 01-08 07:31:44,360 INFO [RocksDB]       Options.compaction_filter_factory: ardb.compact_filter_factory
[22582] 01-08 07:31:44,360 INFO [RocksDB]        Options.memtable_factory: SkipListFactory
[22582] 01-08 07:31:44,360 INFO [RocksDB]           Options.table_factory: BlockBasedTable
[22582] 01-08 07:31:44,360 INFO [RocksDB]           table_factory options:   flush_block_policy_factory: FlushBlockBySizePolicyFactory (0x7fae94e08018)
  cache_index_and_filter_blocks: 0
  cache_index_and_filter_blocks_with_high_priority: 0
  pin_l0_filter_and_index_blocks_in_cache: 0
  index_type: 0
  hash_index_allow_collision: 1
  checksum: 1
  no_block_cache: 0
  block_cache: 0x7fae94e81cf0
  block_cache_name: LRUCache
  block_cache_options:
    capacity : 536870912
    num_shard_bits : 6
    strict_capacity_limit : 0
    high_pri_pool_ratio: 0.000
  block_cache_compressed: (nil)
  persistent_cache: (nil)
  block_size: 4096
  block_size_deviation: 10
  block_restart_interval: 16
  index_block_restart_interval: 1
  metadata_block_size: 4096
  partition_filters: 0
  use_delta_encoding: 1
  filter_policy: rocksdb.BuiltinBloomFilter
  whole_key_filtering: 1
  verify_compression: 0
  read_amp_bytes_per_bit: 0
  format_version: 2
  enable_index_compression: 1
  block_align: 0

[22582] 01-08 07:31:44,360 INFO [RocksDB]       Options.write_buffer_size: 268435456
[22582] 01-08 07:31:44,360 INFO [RocksDB] Options.max_write_buffer_number: 6
[22582] 01-08 07:31:44,360 INFO [RocksDB]       Options.compression[0]: NoCompression
[22582] 01-08 07:31:44,360 INFO [RocksDB]       Options.compression[1]: NoCompression
[22582] 01-08 07:31:44,360 INFO [RocksDB]       Options.compression[2]: Snappy
[22582] 01-08 07:31:44,360 INFO [RocksDB]       Options.compression[3]: Snappy
[22582] 01-08 07:31:44,360 INFO [RocksDB]       Options.compression[4]: Snappy
[22582] 01-08 07:31:44,360 INFO [RocksDB]       Options.compression[5]: Snappy
[22582] 01-08 07:31:44,360 INFO [RocksDB]       Options.compression[6]: Snappy
[22582] 01-08 07:31:44,360 INFO [RocksDB]                 Options.bottommost_compression: Disabled
[22582] 01-08 07:31:44,360 INFO [RocksDB]      Options.prefix_extractor: ardb.prefix_extractor
[22582] 01-08 07:31:44,360 INFO [RocksDB]  Options.memtable_insert_with_hint_prefix_extractor: nullptr
[22582] 01-08 07:31:44,360 INFO [RocksDB]            Options.num_levels: 7
[22582] 01-08 07:31:44,360 INFO [RocksDB]       Options.min_write_buffer_number_to_merge: 2
[22582] 01-08 07:31:44,360 INFO [RocksDB]    Options.max_write_buffer_number_to_maintain: 0
[22582] 01-08 07:31:44,360 INFO [RocksDB]           Options.compression_opts.window_bits: -14
[22582] 01-08 07:31:44,360 INFO [RocksDB]                 Options.compression_opts.level: -1
[22582] 01-08 07:31:44,360 INFO [RocksDB]              Options.compression_opts.strategy: 0
[22582] 01-08 07:31:44,360 INFO [RocksDB]        Options.compression_opts.max_dict_bytes: 0
[22582] 01-08 07:31:44,360 INFO [RocksDB]        Options.compression_opts.zstd_max_train_bytes: 0
[22582] 01-08 07:31:44,360 INFO [RocksDB]     Options.level0_file_num_compaction_trigger: 2
[22582] 01-08 07:31:44,360 INFO [RocksDB]         Options.level0_slowdown_writes_trigger: 20
[22582] 01-08 07:31:44,360 INFO [RocksDB]             Options.level0_stop_writes_trigger: 36
[22582] 01-08 07:31:44,360 INFO [RocksDB]                  Options.target_file_size_base: 67108864
[22582] 01-08 07:31:44,360 INFO [RocksDB]            Options.target_file_size_multiplier: 1
[22582] 01-08 07:31:44,360 INFO [RocksDB]               Options.max_bytes_for_level_base: 536870912
[22582] 01-08 07:31:44,360 INFO [RocksDB]Options.level_compaction_dynamic_level_bytes: 0
[22582] 01-08 07:31:44,360 INFO [RocksDB]         Options.max_bytes_for_level_multiplier: 10.000000
[22582] 01-08 07:31:44,360 INFO [RocksDB]Options.max_bytes_for_level_multiplier_addtl[0]: 1
[22582] 01-08 07:31:44,360 INFO [RocksDB]Options.max_bytes_for_level_multiplier_addtl[1]: 1
[22582] 01-08 07:31:44,360 INFO [RocksDB]Options.max_bytes_for_level_multiplier_addtl[2]: 1
[22582] 01-08 07:31:44,360 INFO [RocksDB]Options.max_bytes_for_level_multiplier_addtl[3]: 1
[22582] 01-08 07:31:44,360 INFO [RocksDB]Options.max_bytes_for_level_multiplier_addtl[4]: 1
[22582] 01-08 07:31:44,360 INFO [RocksDB]Options.max_bytes_for_level_multiplier_addtl[5]: 1
[22582] 01-08 07:31:44,360 INFO [RocksDB]Options.max_bytes_for_level_multiplier_addtl[6]: 1
[22582] 01-08 07:31:44,360 INFO [RocksDB]      Options.max_sequential_skip_in_iterations: 8
[22582] 01-08 07:31:44,360 INFO [RocksDB]                   Options.max_compaction_bytes: 1677721600
[22582] 01-08 07:31:44,360 INFO [RocksDB]                       Options.arena_block_size: 33554432
[22582] 01-08 07:31:44,360 INFO [RocksDB]  Options.soft_pending_compaction_bytes_limit: 68719476736
[22582] 01-08 07:31:44,360 INFO [RocksDB]  Options.hard_pending_compaction_bytes_limit: 274877906944
[22582] 01-08 07:31:44,360 INFO [RocksDB]      Options.rate_limit_delay_max_milliseconds: 100
[22582] 01-08 07:31:44,360 INFO [RocksDB]               Options.disable_auto_compactions: 0
[22582] 01-08 07:31:44,360 INFO [RocksDB]                       Options.compaction_style: kCompactionStyleLevel
[22582] 01-08 07:31:44,360 INFO [RocksDB]                         Options.compaction_pri: kByCompensatedSize
[22582] 01-08 07:31:44,360 INFO [RocksDB]Options.compaction_options_universal.size_ratio: 1
[22582] 01-08 07:31:44,360 INFO [RocksDB]Options.compaction_options_universal.min_merge_width: 2
[22582] 01-08 07:31:44,360 INFO [RocksDB]Options.compaction_options_universal.max_merge_width: 4294967295
[22582] 01-08 07:31:44,360 INFO [RocksDB]Options.compaction_options_universal.max_size_amplification_percent: 200
[22582] 01-08 07:31:44,360 INFO [RocksDB]Options.compaction_options_universal.compression_size_percent: -1
[22582] 01-08 07:31:44,360 INFO [RocksDB]Options.compaction_options_universal.stop_style: kCompactionStopStyleTotalSize
[22582] 01-08 07:31:44,360 INFO [RocksDB]Options.compaction_options_fifo.max_table_files_size: 1073741824
[22582] 01-08 07:31:44,360 INFO [RocksDB]Options.compaction_options_fifo.allow_compaction: 0
[22582] 01-08 07:31:44,360 INFO [RocksDB]Options.compaction_options_fifo.ttl: 0
[22582] 01-08 07:31:44,360 INFO [RocksDB]                  Options.table_properties_collectors: 
[22582] 01-08 07:31:44,360 INFO [RocksDB]                  Options.inplace_update_support: 0
[22582] 01-08 07:31:44,360 INFO [RocksDB]                Options.inplace_update_num_locks: 10000
[22582] 01-08 07:31:44,360 INFO [RocksDB]              Options.memtable_prefix_bloom_size_ratio: 0.000000
[22582] 01-08 07:31:44,360 INFO [RocksDB]  Options.memtable_huge_page_size: 0
[22582] 01-08 07:31:44,360 INFO [RocksDB]                          Options.bloom_locality: 0
[22582] 01-08 07:31:44,360 INFO [RocksDB]                   Options.max_successive_merges: 0
[22582] 01-08 07:31:44,360 INFO [RocksDB]               Options.optimize_filters_for_hits: 0
[22582] 01-08 07:31:44,360 INFO [RocksDB]               Options.paranoid_file_checks: 0
[22582] 01-08 07:31:44,360 INFO [RocksDB]               Options.force_consistency_checks: 0
[22582] 01-08 07:31:44,360 INFO [RocksDB]               Options.report_bg_io_stats: 0
[22582] 01-08 07:31:44,360 INFO [RocksDB]                              Options.ttl: 0
[22582] 01-08 07:31:44,360 INFO [RocksDB][db/db_impl.cc:1396] Created column family [0] (ID 1)
[22582] 01-08 07:31:44,362 INFO Create ColumnFamilyHandle with name:0 success.
[22582] 01-08 07:31:52,290 INFO [RocksDB][db/db_impl_write.cc:1373] [0] New memtable created with log file: #9. Immutable memtables: 0.

[22582] 01-08 07:32:00,356 INFO [RocksDB][db/db_impl_write.cc:1373] [0] New memtable created with log file: #10. Immutable memtables: 1.

[22582] 01-08 07:32:00,356 INFO [RocksDB][db/db_impl_compaction_flush.cc:80] [JOB 2] Syncing log #3
[22582] 01-08 07:32:02,380 INFO [RocksDB][db/db_impl_compaction_flush.cc:80] [JOB 2] Syncing log #9
[22582] 01-08 07:32:04,451 INFO [RocksDB](Original Log Time 2020/01/08-07:32:00.356306) [db/db_impl_compaction_flush.cc:1424] Calling FlushMemTableToOutputFile with column family [0], flush slots available 4, compaction slots available 1, flush slots scheduled 1, compaction slots scheduled 0
[22582] 01-08 07:32:04,451 INFO [RocksDB][db/flush_job.cc:301] [0] [JOB 2] Flushing memtable with next log file: 9

[22582] 01-08 07:32:04,451 INFO [RocksDB][db/flush_job.cc:301] [0] [JOB 2] Flushing memtable with next log file: 10

[22582] 01-08 07:32:04,451 INFO [RocksDB]EVENT_LOG_v1 {"time_micros": 1578468724451242, "job": 2, "event": "flush_started", "num_memtables": 2, "num_entries": 3382866, "num_deletes": 0, "memory_usage": 520100440, "flush_reason": "Write Buffer Full"}
[22582] 01-08 07:32:04,451 INFO [RocksDB][db/flush_job.cc:331] [0] [JOB 2] Level-0 flush table #11: started
[22582] 01-08 07:32:09,620 INFO [RocksDB][db/db_impl_write.cc:1373] [0] New memtable created with log file: #12. Immutable memtables: 2.

[22582] 01-08 07:32:10,708 INFO [RocksDB]EVENT_LOG_v1 {"time_micros": 1578468730708642, "cf_name": "0", "job": 2, "event": "table_file_creation", "file_number": 11, "file_size": 328935317, "table_properties": {"data_size": 319593075, "index_size": 4287604, "filter_size": 5053596, "raw_key_size": 133125427, "raw_average_key_size": 42, "raw_value_size": 256012350, "raw_average_value_size": 81, "num_data_blocks": 79629, "num_entries": 3141240, "filter_policy_name": "rocksdb.BuiltinBloomFilter", "kDeletedKeys": "0", "kMergeOperands": "0"}}
[22582] 01-08 07:32:10,708 INFO [RocksDB][db/flush_job.cc:371] [0] [JOB 2] Level-0 flush table #11: 328935317 bytes OK
[22582] 01-08 07:32:10,711 INFO [RocksDB](Original Log Time 2020/01/08-07:32:10.709695) [db/memtable_list.cc:377] [0] Level-0 commit table #11 started
[22582] 01-08 07:32:10,711 INFO [RocksDB](Original Log Time 2020/01/08-07:32:10.711111) [db/memtable_list.cc:409] [0] Level-0 commit table #11: memtable #1 done
[22582] 01-08 07:32:10,711 INFO [RocksDB](Original Log Time 2020/01/08-07:32:10.711116) [db/memtable_list.cc:409] [0] Level-0 commit table #11: memtable #2 done
[22582] 01-08 07:32:10,711 INFO [RocksDB](Original Log Time 2020/01/08-07:32:10.711128) EVENT_LOG_v1 {"time_micros": 1578468730711122, "job": 2, "event": "flush_finished", "output_compression": "NoCompression", "lsm_state": [1, 0, 0, 0, 0, 0, 0], "immutable_memtables": 1}
[22582] 01-08 07:32:10,711 INFO [RocksDB](Original Log Time 2020/01/08-07:32:10.711142) [db/db_impl_compaction_flush.cc:177] [0] Level summary: base level 1 max bytes base 536870912 files[1 0 0 0 0 0 0] max score 0.61

[22582] 01-08 07:32:10,711 INFO [RocksDB][db/db_impl_files.cc:342] [JOB 2] Try to delete WAL files size 399447627, prev total WAL file size 615646680, number of live WAL files 4.

[22582] 01-08 07:32:18,525 INFO [RocksDB][db/db_impl_write.cc:1373] [0] New memtable created with log file: #13. Immutable memtables: 1.

[22582] 01-08 07:32:18,525 INFO [RocksDB][db/db_impl_compaction_flush.cc:80] [JOB 3] Syncing log #10
[22582] 01-08 07:32:19,628 INFO [RocksDB][db/db_impl_compaction_flush.cc:80] [JOB 3] Syncing log #12
[22582] 01-08 07:32:21,083 INFO [RocksDB](Original Log Time 2020/01/08-07:32:18.525317) [db/db_impl_compaction_flush.cc:1424] Calling FlushMemTableToOutputFile with column family [0], flush slots available 4, compaction slots available 1, flush slots scheduled 1, compaction slots scheduled 0
[22582] 01-08 07:32:21,083 INFO [RocksDB][db/flush_job.cc:301] [0] [JOB 3] Flushing memtable with next log file: 12

[22582] 01-08 07:32:21,083 INFO [RocksDB][db/flush_job.cc:301] [0] [JOB 3] Flushing memtable with next log file: 13

[22582] 01-08 07:32:21,083 INFO [RocksDB]EVENT_LOG_v1 {"time_micros": 1578468741083565, "job": 3, "event": "flush_started", "num_memtables": 2, "num_entries": 3281673, "num_deletes": 0, "memory_usage": 520099448, "flush_reason": "Write Buffer Full"}
[22582] 01-08 07:32:21,083 INFO [RocksDB][db/flush_job.cc:331] [0] [JOB 3] Level-0 flush table #14: started
[22582] 01-08 07:32:27,161 INFO [RocksDB]EVENT_LOG_v1 {"time_micros": 1578468747161219, "cf_name": "0", "job": 3, "event": "table_file_creation", "file_number": 14, "file_size": 319022117, "table_properties": {"data_size": 309962210, "index_size": 4156719, "filter_size": 4902146, "raw_key_size": 129140696, "raw_average_key_size": 42, "raw_value_size": 248351975, "raw_average_value_size": 81, "num_data_blocks": 77229, "num_entries": 3047268, "filter_policy_name": "rocksdb.BuiltinBloomFilter", "kDeletedKeys": "0", "kMergeOperands": "0"}}
[22582] 01-08 07:32:27,161 INFO [RocksDB][db/flush_job.cc:371] [0] [JOB 3] Level-0 flush table #14: 319022117 bytes OK
[22582] 01-08 07:32:27,163 INFO [RocksDB](Original Log Time 2020/01/08-07:32:27.162262) [db/memtable_list.cc:377] [0] Level-0 commit table #14 started
[22582] 01-08 07:32:27,163 INFO [RocksDB](Original Log Time 2020/01/08-07:32:27.163874) [db/memtable_list.cc:409] [0] Level-0 commit table #14: memtable #1 done
[22582] 01-08 07:32:27,163 INFO [RocksDB](Original Log Time 2020/01/08-07:32:27.163875) [db/memtable_list.cc:409] [0] Level-0 commit table #14: memtable #2 done
[22582] 01-08 07:32:27,163 INFO [RocksDB](Original Log Time 2020/01/08-07:32:27.163885) EVENT_LOG_v1 {"time_micros": 1578468747163880, "job": 3, "event": "flush_finished", "output_compression": "NoCompression", "lsm_state": [2, 0, 0, 0, 0, 0, 0], "immutable_memtables": 0}
[22582] 01-08 07:32:27,163 INFO [RocksDB](Original Log Time 2020/01/08-07:32:27.163910) [db/db_impl_compaction_flush.cc:177] [0] Level summary: base level 1 max bytes base 536870912 files[2 0 0 0 0 0 0] max score 1.21

[22582] 01-08 07:32:27,163 INFO [RocksDB][db/db_impl_files.cc:342] [JOB 3] Try to delete WAL files size 387570130, prev total WAL file size 558953837, number of live WAL files 3.

[22582] 01-08 07:32:27,164 WARN [RocksDB][db/db_impl.cc:491] ------- DUMPING STATS -------
[22582] 01-08 07:32:27,164 WARN [RocksDB][db/db_impl.cc:492] 
** DB Stats **
Uptime(secs): 54.7 total, 54.7 interval
Cumulative writes: 1159K writes, 8115K keys, 1158K commit groups, 1.0 writes per commit group, ingest: 0.89 GB, 16.72 MB/s
Cumulative WAL: 1159K writes, 0 syncs, 1159377.00 writes per sync, written: 0.89 GB, 16.72 MB/s
Cumulative stall: 00:00:0.000 H:M:S, 0.0 percent
Interval writes: 1159K writes, 8115K keys, 1158K commit groups, 1.0 writes per commit group, ingest: 914.00 MB, 16.72 MB/s
Interval WAL: 1159K writes, 0 syncs, 1159377.00 writes per sync, written: 0.89 MB, 16.72 MB/s
Interval stall: 00:00:0.000 H:M:S, 0.0 percent

** Compaction Stats [default] **
Level    Files   Size     Score Read(GB)  Rn(GB) Rnp1(GB) Write(GB) Wnew(GB) Moved(GB) W-Amp Rd(MB/s) Wr(MB/s) Comp(sec) Comp(cnt) Avg(sec) KeyIn KeyDrop
----------------------------------------------------------------------------------------------------------------------------------------------------------
 Sum      0/0    0.00 KB   0.0      0.0     0.0      0.0       0.0     
[22582] 01-08 07:32:27,164 INFO [RocksDB][db/compaction_job.cc:1531] [0] [JOB 4] Compacting 2@0 files to L1, score 1.21
[22582] 01-08 07:32:27,164 INFO [RocksDB][db/compaction_job.cc:1535] [0] Compaction start summary: Base version 4 Base level 0, inputs: [14(304MB) 11(313MB)]

[22582] 01-08 07:32:27,164 INFO [RocksDB]EVENT_LOG_v1 {"time_micros": 1578468747164290, "job": 4, "event": "compaction_started", "compaction_reason": "LevelL0FilesNum", "files_L0": [14, 11], "score": 1.20691, "input_data_size": 647957434}
[22582] 01-08 07:32:28,562 INFO [RocksDB][db/compaction_job.cc:1211] [0] [JOB 4] Generated table #15: 1182357 keys, 69764591 bytes
[22582] 01-08 07:32:28,562 INFO [RocksDB]EVENT_LOG_v1 {"time_micros": 1578468748562891, "cf_name": "0", "job": 4, "event": "table_file_creation", "file_number": 15, "file_size": 69764591, "table_properties": {"data_size": 67109290, "index_size": 975575, "filter_size": 1678695, "raw_key_size": 56253075, "raw_average_key_size": 47, "raw_value_size": 28779965, "raw_average_value_size": 24, "num_data_blocks": 16602, "num_entries": 1182357, "filter_policy_name": "rocksdb.BuiltinBloomFilter", "kDeletedKeys": "0", "kMergeOperands": "0"}}
[22582] 01-08 07:32:28,928 INFO [RocksDB][db/db_impl_write.cc:1373] [0] New memtable created with log file: #17. Immutable memtables: 0.

[22582] 01-08 07:32:29,948 INFO [RocksDB][db/compaction_job.cc:1211] [0] [JOB 4] Generated table #16: 597500 keys, 68987797 bytes
[22582] 01-08 07:32:29,948 INFO [RocksDB]EVENT_LOG_v1 {"time_micros": 1578468749948606, "cf_name": "0", "job": 4, "event": "table_file_creation", "file_number": 16, "file_size": 68987797, "table_properties": {"data_size": 67110241, "index_size": 888658, "filter_size": 987867, "raw_key_size": 24594742, "raw_average_key_size": 41, "raw_value_size": 56762518, "raw_average_value_size": 95, "num_data_blocks": 16739, "num_entries": 597500, "filter_policy_name": "rocksdb.BuiltinBloomFilter", "kDeletedKeys": "0", "kMergeOperands": "0"}}
[22582] 01-08 07:32:31,252 INFO [RocksDB][db/compaction_job.cc:1211] [0] [JOB 4] Generated table #18: 597493 keys, 68987388 bytes
[22582] 01-08 07:32:31,252 INFO [RocksDB]EVENT_LOG_v1 {"time_micros": 1578468751252149, "cf_name": "0", "job": 4, "event": "table_file_creation", "file_number": 18, "file_size": 68987388, "table_properties": {"data_size": 67109740, "index_size": 888748, "filter_size": 987869, "raw_key_size": 24593755, "raw_average_key_size": 41, "raw_value_size": 56761790, "raw_average_value_size": 94, "num_data_blocks": 16740, "num_entries": 597493, "filter_policy_name": "rocksdb.BuiltinBloomFilter", "kDeletedKeys": "0", "kMergeOperands": "0"}}
[22582] 01-08 07:32:32,553 INFO [RocksDB][db/compaction_job.cc:1211] [0] [JOB 4] Generated table #19: 597501 keys, 68986617 bytes
[22582] 01-08 07:32:32,553 INFO [RocksDB]EVENT_LOG_v1 {"time_micros": 1578468752553870, "cf_name": "0", "job": 4, "event": "table_file_creation", "file_number": 19, "file_size": 68986617, "table_properties": {"data_size": 67109422, "index_size": 888296, "filter_size": 987868, "raw_key_size": 24593684, "raw_average_key_size": 41, "raw_value_size": 56762622, "raw_average_value_size": 95, "num_data_blocks": 16739, "num_entries": 597501, "filter_policy_name": "rocksdb.BuiltinBloomFilter", "kDeletedKeys": "0", "kMergeOperands": "0"}}
[22582] 01-08 07:32:33,855 INFO [RocksDB][db/compaction_job.cc:1211] [0] [JOB 4] Generated table #20: 597506 keys, 68990467 bytes
[22582] 01-08 07:32:33,855 INFO [RocksDB]EVENT_LOG_v1 {"time_micros": 1578468753855546, "cf_name": "0", "job": 4, "event": "table_file_creation", "file_number": 20, "file_size": 68990467, "table_properties": {"data_size": 67112792, "index_size": 888756, "filter_size": 987888, "raw_key_size": 24593347, "raw_average_key_size": 41, "raw_value_size": 56763043, "raw_average_value_size": 94, "num_data_blocks": 16740, "num_entries": 597506, "filter_policy_name": "rocksdb.BuiltinBloomFilter", "kDeletedKeys": "0", "kMergeOperands": "0"}}
[22582] 01-08 07:32:35,165 INFO [RocksDB][db/compaction_job.cc:1211] [0] [JOB 4] Generated table #21: 597518 keys, 68987814 bytes
[22582] 01-08 07:32:35,165 INFO [RocksDB]EVENT_LOG_v1 {"time_micros": 1578468755165493, "cf_name": "0", "job": 4, "event": "table_file_creation", "file_number": 21, "file_size": 68987814, "table_properties": {"data_size": 67110412, "index_size": 888475, "filter_size": 987896, "raw_key_size": 24595226, "raw_average_key_size": 41, "raw_value_size": 56764291, "raw_average_value_size": 95, "num_data_blocks": 16740, "num_entries": 597518, "filter_policy_name": "rocksdb.BuiltinBloomFilter", "kDeletedKeys": "0", "kMergeOperands": "0"}}
[22582] 01-08 07:32:36,495 INFO [RocksDB][db/compaction_job.cc:1211] [0] [JOB 4] Generated table #22: 597538 keys, 68990564 bytes
[22582] 01-08 07:32:36,495 INFO [RocksDB]EVENT_LOG_v1 {"time_micros": 1578468756495794, "cf_name": "0", "job": 4, "event": "table_file_creation", "file_number": 22, "file_size": 68990564, "table_properties": {"data_size": 67112947, "index_size": 888662, "filter_size": 987924, "raw_key_size": 24596636, "raw_average_key_size": 41, "raw_value_size": 56766074, "raw_average_value_size": 94, "num_data_blocks": 16740, "num_entries": 597538, "filter_policy_name": "rocksdb.BuiltinBloomFilter", "kDeletedKeys": "0", "kMergeOperands": "0"}}
[22582] 01-08 07:32:37,852 INFO [RocksDB][db/compaction_job.cc:1211] [0] [JOB 4] Generated table #23: 597545 keys, 68990023 bytes
[22582] 01-08 07:32:37,852 INFO [RocksDB]EVENT_LOG_v1 {"time_micros": 1578468757852919, "cf_name": "0", "job": 4, "event": "table_file_creation", "file_number": 23, "file_size": 68990023, "table_properties": {"data_size": 67112828, "index_size": 888249, "filter_size": 987915, "raw_key_size": 24595491, "raw_average_key_size": 41, "raw_value_size": 56766802, "raw_average_value_size": 95, "num_data_blocks": 16738, "num_entries": 597545, "filter_policy_name": "rocksdb.BuiltinBloomFilter", "kDeletedKeys": "0", "kMergeOperands": "0"}}
[22582] 01-08 07:32:38,570 INFO [RocksDB][db/db_impl_write.cc:1373] [0] New memtable created with log file: #25. Immutable memtables: 1.

[22582] 01-08 07:32:38,570 INFO [RocksDB][db/db_impl_compaction_flush.cc:80] [JOB 5] Syncing log #13
[22582] 01-08 07:32:39,655 INFO [RocksDB][db/db_impl_compaction_flush.cc:80] [JOB 5] Syncing log #17
[22582] 01-08 07:32:39,656 INFO [RocksDB][db/compaction_job.cc:1211] [0] [JOB 4] Generated table #24: 597549 keys, 68989874 bytes
[22582] 01-08 07:32:39,656 INFO [RocksDB]EVENT_LOG_v1 {"time_micros": 1578468759656223, "cf_name": "0", "job": 4, "event": "table_file_creation", "file_number": 24, "file_size": 68989874, "table_properties": {"data_size": 67112693, "index_size": 888220, "filter_size": 987930, "raw_key_size": 24596730, "raw_average_key_size": 41, "raw_value_size": 56767119, "raw_average_value_size": 94, "num_data_blocks": 16739, "num_entries": 597549, "filter_policy_name": "rocksdb.BuiltinBloomFilter", "kDeletedKeys": "0", "kMergeOperands": "0"}}
[22582] 01-08 07:32:41,360 INFO [RocksDB][db/compaction_job.cc:1211] [0] [JOB 4] Generated table #27: 226000 keys, 26088411 bytes
[22582] 01-08 07:32:41,360 INFO [RocksDB]EVENT_LOG_v1 {"time_micros": 1578468761360829, "cf_name": "0", "job": 4, "event": "table_file_creation", "file_number": 27, "file_size": 26088411, "table_properties": {"data_size": 25379305, "index_size": 334445, "filter_size": 373631, "raw_key_size": 9253418, "raw_average_key_size": 40, "raw_value_size": 21470045, "raw_average_value_size": 95, "num_data_blocks": 6330, "num_entries": 226000, "filter_policy_name": "rocksdb.BuiltinBloomFilter", "kDeletedKeys": "0", "kMergeOperands": "0"}}
[22582] 01-08 07:32:41,361 INFO [RocksDB](Original Log Time 2020/01/08-07:32:38.570592) [db/db_impl_compaction_flush.cc:1424] Calling FlushMemTableToOutputFile with column family [0], flush slots available 4, compaction slots available 1, flush slots scheduled 1, compaction slots scheduled 1
[22582] 01-08 07:32:41,362 INFO [RocksDB][db/flush_job.cc:301] [0] [JOB 5] Flushing memtable with next log file: 17

[22582] 01-08 07:32:41,362 INFO [RocksDB][db/flush_job.cc:301] [0] [JOB 5] Flushing memtable with next log file: 25

[22582] 01-08 07:32:41,362 INFO [RocksDB]EVENT_LOG_v1 {"time_micros": 1578468761362393, "job": 5, "event": "flush_started", "num_memtables": 2, "num_entries": 3478742, "num_deletes": 0, "memory_usage": 520099688, "flush_reason": "Write Buffer Full"}
[22582] 01-08 07:32:41,362 INFO [RocksDB][db/flush_job.cc:331] [0] [JOB 5] Level-0 flush table #26: started
[22582] 01-08 07:32:41,362 INFO [RocksDB][db/compaction_job.cc:1287] [0] [JOB 4] Compacted 2@0 files to L1 => 647763546 bytes
[22582] 01-08 07:32:41,364 INFO [RocksDB](Original Log Time 2020/01/08-07:32:41.364305) [db/compaction_job.cc:685] [0] compacted to: base level 1 max bytes base 536870912 files[0 10 0 0 0 0 0] max score 1.21, MB/sec: 45.6 rd, 45.6 wr, level 1, files in(2, 0) out(10) MB in(617.9, 0.0) out(617.8), read-write-amplify(2.0) write-amplify(1.0) OK, records in: 6188508, records dropped: 1 output_compression: NoCompression

[22582] 01-08 07:32:41,364 INFO [RocksDB](Original Log Time 2020/01/08-07:32:41.364334) EVENT_LOG_v1 {"time_micros": 1578468761364316, "job": 4, "event": "compaction_finished", "compaction_time_micros": 14198490, "output_level": 1, "num_output_files": 10, "total_output_size": 647763546, "num_input_records": 6188508, "num_output_records": 6188507, "num_subcompactions": 1, "output_compression": "NoCompression", "num_single_delete_mismatches": 0, "num_single_delete_fallthrough": 0, "lsm_state": [0, 10, 0, 0, 0, 0, 0]}
[22582] 01-08 07:32:41,364 INFO [RocksDB][db/compaction_job.cc:1531] [0] [JOB 6] Compacting 1@1 files to L2, score 1.21
[22582] 01-08 07:32:41,364 INFO [RocksDB][db/compaction_job.cc:1535] [0] Compaction start summary: Base version 5 Base level 1, inputs: [15(66MB)]

[22582] 01-08 07:32:41,364 INFO [RocksDB]EVENT_LOG_v1 {"time_micros": 1578468761364452, "job": 6, "event": "compaction_started", "compaction_reason": "LevelMaxLevelSize", "files_L1": [15], "score": 1.20655, "input_data_size": 69764591}
[22582] 01-08 07:32:44,675 INFO [RocksDB][db/compaction_job.cc:1211] [0] [JOB 6] Generated table #28: 1182357 keys, 54647316 bytes
[22582] 01-08 07:32:44,675 INFO [RocksDB]EVENT_LOG_v1 {"time_micros": 1578468764675586, "cf_name": "0", "job": 6, "event": "table_file_creation", "file_number": 28, "file_size": 54647316, "table_properties": {"data_size": 52465266, "index_size": 975271, "filter_size": 1650091, "raw_key_size": 56253075, "raw_average_key_size": 47, "raw_value_size": 28779965, "raw_average_value_size": 24, "num_data_blocks": 16602, "num_entries": 1182357, "filter_policy_name": "rocksdb.BuiltinBloomFilter", "kDeletedKeys": "0", "kMergeOperands": "0"}}
[22582] 01-08 07:32:44,676 INFO [RocksDB][db/compaction_job.cc:1287] [0] [JOB 6] Compacted 1@1 files to L2 => 54647316 bytes
[22582] 01-08 07:32:44,678 INFO [RocksDB](Original Log Time 2020/01/08-07:32:44.678282) [db/compaction_job.cc:685] [0] compacted to: base level 1 max bytes base 536870912 files[0 9 1 0 0 0 0] max score 1.08, MB/sec: 21.1 rd, 16.5 wr, level 2, files in(1, 0) out(1) MB in(66.5, 0.0) out(52.1), read-write-amplify(1.8) write-amplify(0.8) OK, records in: 1182357, records dropped: 0 output_compression: Snappy

[22582] 01-08 07:32:44,678 INFO [RocksDB](Original Log Time 2020/01/08-07:32:44.678315) EVENT_LOG_v1 {"time_micros": 1578468764678308, "job": 6, "event": "compaction_finished", "compaction_time_micros": 3312283, "output_level": 2, "num_output_files": 1, "total_output_size": 54647316, "num_input_records": 1182357, "num_output_records": 1182357, "num_subcompactions": 1, "output_compression": "Snappy", "num_single_delete_mismatches": 0, "num_single_delete_fallthrough": 0, "lsm_state": [0, 9, 1, 0, 0, 0, 0]}
[22582] 01-08 07:32:44,685 INFO [RocksDB]EVENT_LOG_v1 {"time_micros": 1578468764685561, "job": 6, "event": "table_file_deletion", "file_number": 15}
[22582] 01-08 07:32:44,685 INFO [RocksDB][db/compaction_job.cc:1531] [0] [JOB 7] Compacting 1@1 files to L2, score 1.08
[22582] 01-08 07:32:44,685 INFO [RocksDB][db/compaction_job.cc:1535] [0] Compaction start summary: Base version 6 Base level 1, inputs: [22(65MB)]

[22582] 01-08 07:32:44,685 INFO [RocksDB]EVENT_LOG_v1 {"time_micros": 1578468764685609, "job": 7, "event": "compaction_started", "compaction_reason": "LevelMaxLevelSize", "files_L1": [22], "score": 1.07661, "input_data_size": 68990564}
[22582] 01-08 07:32:47,963 INFO [RocksDB][db/compaction_job.cc:1211] [0] [JOB 7] Generated table #29: 597538 keys, 68588830 bytes
[22582] 01-08 07:32:47,963 INFO [RocksDB]EVENT_LOG_v1 {"time_micros": 1578468767963074, "cf_name": "0", "job": 7, "event": "table_file_creation", "file_number": 29, "file_size": 68588830, "table_properties": {"data_size": 67112947, "index_size": 888662, "filter_size": 987924, "raw_key_size": 24596636, "raw_average_key_size": 41, "raw_value_size": 56766074, "raw_average_value_size": 94, "num_data_blocks": 16740, "num_entries": 597538, "filter_policy_name": "rocksdb.BuiltinBloomFilter", "kDeletedKeys": "0", "kMergeOperands": "0"}}
[22582] 01-08 07:32:47,967 INFO [RocksDB][db/compaction_job.cc:1287] [0] [JOB 7] Compacted 1@1 files to L2 => 68588830 bytes
[22582] 01-08 07:32:47,969 INFO [RocksDB](Original Log Time 2020/01/08-07:32:47.969112) [db/compaction_job.cc:685] [0] compacted to: base level 1 max bytes base 536870912 files[0 8 2 0 0 0 0] max score 0.95, MB/sec: 21.0 rd, 20.9 wr, level 2, files in(1, 0) out(1) MB in(65.8, 0.0) out(65.4), read-write-amplify(2.0) write-amplify(1.0) OK, records in: 597538, records dropped: 0 output_compression: Snappy

[22582] 01-08 07:32:47,969 INFO [RocksDB](Original Log Time 2020/01/08-07:32:47.969139) EVENT_LOG_v1 {"time_micros": 1578468767969124, "job": 7, "event": "compaction_finished", "compaction_time_micros": 3282106, "output_level": 2, "num_output_files": 1, "total_output_size": 68588830, "num_input_records": 597538, "num_output_records": 597538, "num_subcompactions": 1, "output_compression": "Snappy", "num_single_delete_mismatches": 0, "num_single_delete_fallthrough": 0, "lsm_state": [0, 8, 2, 0, 0, 0, 0]}
[22582] 01-08 07:32:47,975 INFO [RocksDB]EVENT_LOG_v1 {"time_micros": 1578468767975302, "job": 7, "event": "table_file_deletion", "file_number": 22}
[22582] 01-08 07:32:50,167 INFO [RocksDB]EVENT_LOG_v1 {"time_micros": 1578468770167301, "cf_name": "0", "job": 5, "event": "table_file_creation", "file_number": 26, "file_size": 338241538, "table_properties": {"data_size": 328633068, "index_size": 4410741, "filter_size": 5196687, "raw_key_size": 136900145, "raw_average_key_size": 42, "raw_value_size": 263266867, "raw_average_value_size": 81, "num_data_blocks": 81881, "num_entries": 3230263, "filter_policy_name": "rocksdb.BuiltinBloomFilter", "kDeletedKeys": "0", "kMergeOperands": "0"}}
[22582] 01-08 07:32:50,167 INFO [RocksDB][db/flush_job.cc:371] [0] [JOB 5] Level-0 flush table #26: 338241538 bytes OK
[22582] 01-08 07:32:50,169 INFO [RocksDB](Original Log Time 2020/01/08-07:32:50.168512) [db/memtable_list.cc:377] [0] Level-0 commit table #26 started
[22582] 01-08 07:32:50,169 INFO [RocksDB](Original Log Time 2020/01/08-07:32:50.169825) [db/memtable_list.cc:409] [0] Level-0 commit table #26: memtable #1 done
[22582] 01-08 07:32:50,169 INFO [RocksDB](Original Log Time 2020/01/08-07:32:50.169826) [db/memtable_list.cc:409] [0] Level-0 commit table #26: memtable #2 done
[22582] 01-08 07:32:50,169 INFO [RocksDB](Original Log Time 2020/01/08-07:32:50.169835) EVENT_LOG_v1 {"time_micros": 1578468770169830, "job": 5, "event": "flush_finished", "output_compression": "NoCompression", "lsm_state": [1, 8, 2, 0, 0, 0, 0], "immutable_memtables": 0}
[22582] 01-08 07:32:50,169 INFO [RocksDB](Original Log Time 2020/01/08-07:32:50.169844) [db/db_impl_compaction_flush.cc:177] [0] Level summary: base level 1 max bytes base 536870912 files[1 8 2 0 0 0 0] max score 0.95

[22582] 01-08 07:32:50,169 INFO [RocksDB][db/db_impl_files.cc:342] [JOB 5] Try to delete WAL files size 410850541, prev total WAL file size 572470398, number of live WAL files 3.

[22582] 01-08 07:32:50,218 INFO [RocksDB]EVENT_LOG_v1 {"time_micros": 1578468770218803, "job": 5, "event": "table_file_deletion", "file_number": 14}
[22582] 01-08 07:32:50,269 INFO [RocksDB]EVENT_LOG_v1 {"time_micros": 1578468770269334, "job": 5, "event": "table_file_deletion", "file_number": 11}
[22582] 01-08 07:32:53,177 INFO [RocksDB][db/db_impl_write.cc:1373] [0] New memtable created with log file: #30. Immutable memtables: 0.

[22582] 01-08 07:33:08,463 INFO [RocksDB][db/db_impl_write.cc:1373] [0] New memtable created with log file: #31. Immutable memtables: 1.

[22582] 01-08 07:33:08,463 INFO [RocksDB][db/db_impl_compaction_flush.cc:80] [JOB 8] Syncing log #25
[22582] 01-08 07:33:09,172 INFO [RocksDB][db/db_impl_compaction_flush.cc:80] [JOB 8] Syncing log #30
[22582] 01-08 07:33:10,704 INFO [RocksDB](Original Log Time 2020/01/08-07:33:08.463081) [db/db_impl_compaction_flush.cc:1424] Calling FlushMemTableToOutputFile with column family [0], flush slots available 4, compaction slots available 1, flush slots scheduled 1, compaction slots scheduled 0
[22582] 01-08 07:33:10,704 INFO [RocksDB][db/flush_job.cc:301] [0] [JOB 8] Flushing memtable with next log file: 30

[22582] 01-08 07:33:10,704 INFO [RocksDB][db/flush_job.cc:301] [0] [JOB 8] Flushing memtable with next log file: 31

[22582] 01-08 07:33:10,704 INFO [RocksDB]EVENT_LOG_v1 {"time_micros": 1578468790704865, "job": 8, "event": "flush_started", "num_memtables": 2, "num_entries": 3461764, "num_deletes": 0, "memory_usage": 520100976, "flush_reason": "Write Buffer Full"}
[22582] 01-08 07:33:10,704 INFO [RocksDB][db/flush_job.cc:331] [0] [JOB 8] Level-0 flush table #32: started
[22582] 01-08 07:33:17,148 INFO [RocksDB]EVENT_LOG_v1 {"time_micros": 1578468797148954, "cf_name": "0", "job": 8, "event": "table_file_creation", "file_number": 32, "file_size": 336589247, "table_properties": {"data_size": 327027331, "index_size": 4389584, "filter_size": 5171290, "raw_key_size": 136229554, "raw_average_key_size": 42, "raw_value_size": 261980084, "raw_average_value_size": 81, "num_data_blocks": 81483, "num_entries": 3214493, "filter_policy_name": "rocksdb.BuiltinBloomFilter", "kDeletedKeys": "0", "kMergeOperands": "0"}}
[22582] 01-08 07:33:17,148 INFO [RocksDB][db/flush_job.cc:371] [0] [JOB 8] Level-0 flush table #32: 336589247 bytes OK
[22582] 01-08 07:33:17,151 INFO [RocksDB](Original Log Time 2020/01/08-07:33:17.149877) [db/memtable_list.cc:377] [0] Level-0 commit table #32 started
[22582] 01-08 07:33:17,151 INFO [RocksDB](Original Log Time 2020/01/08-07:33:17.151223) [db/memtable_list.cc:409] [0] Level-0 commit table #32: memtable #1 done
[22582] 01-08 07:33:17,151 INFO [RocksDB](Original Log Time 2020/01/08-07:33:17.151224) [db/memtable_list.cc:409] [0] Level-0 commit table #32: memtable #2 done
[22582] 01-08 07:33:17,151 INFO [RocksDB](Original Log Time 2020/01/08-07:33:17.151236) EVENT_LOG_v1 {"time_micros": 1578468797151230, "job": 8, "event": "flush_finished", "output_compression": "NoCompression", "lsm_state": [2, 8, 2, 0, 0, 0, 0], "immutable_memtables": 0}
[22582] 01-08 07:33:17,151 INFO [RocksDB](Original Log Time 2020/01/08-07:33:17.151256) [db/db_impl_compaction_flush.cc:177] [0] Level summary: base level 1 max bytes base 536870912 files[2 8 2 0 0 0 0] max score 1.26

[22582] 01-08 07:33:17,151 INFO [RocksDB][db/db_impl_files.cc:342] [JOB 8] Try to delete WAL files size 408842267, prev total WAL file size 455486514, number of live WAL files 3.

[22582] 01-08 07:33:17,151 INFO [RocksDB][db/compaction_job.cc:1531] [0] [JOB 9] Compacting 2@0 + 8@1 files to L1, score 1.26
[22582] 01-08 07:33:17,151 INFO [RocksDB][db/compaction_job.cc:1535] [0] Compaction start summary: Base version 9 Base level 0, inputs: [32(320MB) 26(322MB)], [16(65MB) 18(65MB) 19(65MB) 20(65MB) 21(65MB) 23(65MB) 24(65MB) 27(24MB)]

[22582] 01-08 07:33:17,151 INFO [RocksDB]EVENT_LOG_v1 {"time_micros": 1578468797151463, "job": 9, "event": "compaction_started", "compaction_reason": "LevelL0FilesNum", "files_L0": [32, 26], "files_L1": [16, 18, 19, 20, 21, 23, 24, 27], "score": 1.25697, "input_data_size": 1183839176}
[22582] 01-08 07:33:18,683 INFO [RocksDB][db/compaction_job.cc:1211] [0] [JOB 9] Generated table #33: 1206364 keys, 69796462 bytes
[22582] 01-08 07:33:18,683 INFO [RocksDB]EVENT_LOG_v1 {"time_micros": 1578468798683255, "cf_name": "0", "job": 9, "event": "table_file_creation", "file_number": 33, "file_size": 69796462, "table_properties": {"data_size": 67109284, "index_size": 979230, "filter_size": 1706917, "raw_key_size": 57555941, "raw_average_key_size": 47, "raw_value_size": 27599714, "raw_average_value_size": 22, "num_data_blocks": 16596, "num_entries": 1206364, "filter_policy_name": "rocksdb.BuiltinBloomFilter", "kDeletedKeys": "0", "kMergeOperands": "0"}}
[22582] 01-08 07:33:19,932 INFO [RocksDB][db/compaction_job.cc:1211] [0] [JOB 9] Generated table #34: 597623 keys, 68990365 bytes
[22582] 01-08 07:33:19,932 INFO [RocksDB]EVENT_LOG_v1 {"time_micros": 1578468799932924, "cf_name": "0", "job": 9, "event": "table_file_creation", "file_number": 34, "file_size": 68990365, "table_properties": {"data_size": 67112280, "index_size": 889000, "filter_size": 988054, "raw_key_size": 24601228, "raw_average_key_size": 41, "raw_value_size": 56774221, "raw_average_value_size": 95, "num_data_blocks": 16743, "num_entries": 597623, "filter_policy_name": "rocksdb.BuiltinBloomFilter", "kDeletedKeys": "0", "kMergeOperands": "0"}}
[22582] 01-08 07:33:21,241 INFO [RocksDB][db/compaction_job.cc:1211] [0] [JOB 9] Generated table #35: 597620 keys, 68987866 bytes
[22582] 01-08 07:33:21,241 INFO [RocksDB]EVENT_LOG_v1 {"time_micros": 1578468801241558, "cf_name": "0", "job": 9, "event": "table_file_creation", "file_number": 35, "file_size": 68987866, "table_properties": {"data_size": 67110139, "index_size": 888651, "filter_size": 988045, "raw_key_size": 24599353, "raw_average_key_size": 41, "raw_value_size": 56773909, "raw_average_value_size": 95, "num_data_blocks": 16743, "num_entries": 597620, "filter_policy_name": "rocksdb.BuiltinBloomFilter", "kDeletedKeys": "0", "kMergeOperands": "0"}}
[22582] 01-08 07:33:22,612 INFO [RocksDB][db/compaction_job.cc:1211] [0] [JOB 9] Generated table #36: 597609 keys, 68988341 bytes
[22582] 01-08 07:33:22,612 INFO [RocksDB]EVENT_LOG_v1 {"time_micros": 1578468802612445, "cf_name": "0", "job": 9, "event": "table_file_creation", "file_number": 36, "file_size": 68988341, "table_properties": {"data_size": 67110719, "index_size": 888568, "filter_size": 988023, "raw_key_size": 24596600, "raw_average_key_size": 41, "raw_value_size": 56772864, "raw_average_value_size": 95, "num_data_blocks": 16742, "num_entries": 597609, "filter_policy_name": "rocksdb.BuiltinBloomFilter", "kDeletedKeys": "0", "kMergeOperands": "0"}}
[22582] 01-08 07:33:23,915 INFO [RocksDB][db/compaction_job.cc:1211] [0] [JOB 9] Generated table #37: 597586 keys, 68988986 bytes
[22582] 01-08 07:33:23,915 INFO [RocksDB]EVENT_LOG_v1 {"time_micros": 1578468803915485, "cf_name": "0", "job": 9, "event": "table_file_creation", "file_number": 37, "file_size": 68988986, "table_properties": {"data_size": 67110577, "index_size": 889364, "filter_size": 988014, "raw_key_size": 24598565, "raw_average_key_size": 41, "raw_value_size": 56770670, "raw_average_value_size": 95, "num_data_blocks": 16744, "num_entries": 597586, "filter_policy_name": "rocksdb.BuiltinBloomFilter", "kDeletedKeys": "0", "kMergeOperands": "0"}}
[22582] 01-08 07:33:25,219 INFO [RocksDB][db/compaction_job.cc:1211] [0] [JOB 9] Generated table #38: 597606 keys, 68989962 bytes
[22582] 01-08 07:33:25,219 INFO [RocksDB]EVENT_LOG_v1 {"time_micros": 1578468805219683, "cf_name": "0", "job": 9, "event": "table_file_creation", "file_number": 38, "file_size": 68989962, "table_properties": {"data_size": 67111917, "index_size": 888990, "filter_size": 988024, "raw_key_size": 24596804, "raw_average_key_size": 41, "raw_value_size": 56772552, "raw_average_value_size": 94, "num_data_blocks": 16742, "num_entries": 597606, "filter_policy_name": "rocksdb.BuiltinBloomFilter", "kDeletedKeys": "0", "kMergeOperands": "0"}}
[22582] 01-08 07:33:26,529 INFO [RocksDB][db/compaction_job.cc:1211] [0] [JOB 9] Generated table #39: 597632 keys, 68987513 bytes
[22582] 01-08 07:33:26,529 INFO [RocksDB]EVENT_LOG_v1 {"time_micros": 1578468806529567, "cf_name": "0", "job": 9, "event": "table_file_creation", "file_number": 39, "file_size": 68987513, "table_properties": {"data_size": 67109992, "index_size": 888449, "filter_size": 988041, "raw_key_size": 24599530, "raw_average_key_size": 41, "raw_value_size": 56775058, "raw_average_value_size": 95, "num_data_blocks": 16741, "num_entries": 597632, "filter_policy_name": "rocksdb.BuiltinBloomFilter", "kDeletedKeys": "0", "kMergeOperands": "0"}}
[22582] 01-08 07:33:27,829 INFO [RocksDB][db/compaction_job.cc:1211] [0] [JOB 9] Generated table #40: 597614 keys, 68987928 bytes
[22582] 01-08 07:33:27,829 INFO [RocksDB]EVENT_LOG_v1 {"time_micros": 1578468807829759, "cf_name": "0", "job": 9, "event": "table_file_creation", "file_number": 40, "file_size": 68987928, "table_properties": {"data_size": 67110498, "index_size": 888369, "filter_size": 988030, "raw_key_size": 24598507, "raw_average_key_size": 41, "raw_value_size": 56773285, "raw_average_value_size": 94, "num_data_blocks": 16742, "num_entries": 597614, "filter_policy_name": "rocksdb.BuiltinBloomFilter", "kDeletedKeys": "0", "kMergeOperands": "0"}}
[22582] 01-08 07:33:29,144 INFO [RocksDB][db/compaction_job.cc:1211] [0] [JOB 9] Generated table #41: 597616 keys, 68988938 bytes
[22582] 01-08 07:33:29,144 INFO [RocksDB]EVENT_LOG_v1 {"time_micros": 1578468809144689, "cf_name": "0", "job": 9, "event": "table_file_creation", "file_number": 41, "file_size": 68988938, "table_properties": {"data_size": 67111533, "index_size": 888349, "filter_size": 988025, "raw_key_size": 24596817, "raw_average_key_size": 41, "raw_value_size": 56773592, "raw_average_value_size": 95, "num_data_blocks": 16741, "num_entries": 597616, "filter_policy_name": "rocksdb.BuiltinBloomFilter", "kDeletedKeys": "0", "kMergeOperands": "0"}}
[22582] 01-08 07:33:30,517 INFO [RocksDB][db/compaction_job.cc:1211] [0] [JOB 9] Generated table #42: 597601 keys, 68986910 bytes
[22582] 01-08 07:33:30,517 INFO [RocksDB]EVENT_LOG_v1 {"time_micros": 1578468810517490, "cf_name": "0", "job": 9, "event": "table_file_creation", "file_number": 42, "file_size": 68986910, "table_properties": {"data_size": 67109297, "index_size": 888567, "filter_size": 988015, "raw_key_size": 24598519, "raw_average_key_size": 41, "raw_value_size": 56772032, "raw_average_value_size": 94, "num_data_blocks": 16742, "num_entries": 597601, "filter_policy_name": "rocksdb.BuiltinBloomFilter", "kDeletedKeys": "0", "kMergeOperands": "0"}}
[22582] 01-08 07:33:31,820 INFO [RocksDB][db/compaction_job.cc:1211] [0] [JOB 9] Generated table #43: 597621 keys, 68990579 bytes
[22582] 01-08 07:33:31,820 INFO [RocksDB]EVENT_LOG_v1 {"time_micros": 1578468811820667, "cf_name": "0", "job": 9, "event": "table_file_creation", "file_number": 43, "file_size": 68990579, "table_properties": {"data_size": 67112602, "index_size": 888896, "filter_size": 988050, "raw_key_size": 24599087, "raw_average_key_size": 41, "raw_value_size": 56774013, "raw_average_value_size": 95, "num_data_blocks": 16743, "num_entries": 597621, "filter_policy_name": "rocksdb.BuiltinBloomFilter", "kDeletedKeys": "0", "kMergeOperands": "0"}}
[22582] 01-08 07:33:33,123 INFO [RocksDB][db/compaction_job.cc:1211] [0] [JOB 9] Generated table #44: 597514 keys, 68987362 bytes
[22582] 01-08 07:33:33,123 INFO [RocksDB]EVENT_LOG_v1 {"time_micros": 1578468813123549, "cf_name": "0", "job": 9, "event": "table_file_creation", "file_number": 44, "file_size": 68987362, "table_properties": {"data_size": 67109855, "index_size": 888584, "filter_size": 987892, "raw_key_size": 24595102, "raw_average_key_size": 41, "raw_value_size": 56763875, "raw_average_value_size": 95, "num_data_blocks": 16740, "num_entries": 597514, "filter_policy_name": "rocksdb.BuiltinBloomFilter", "kDeletedKeys": "0", "kMergeOperands": "0"}}
[22582] 01-08 07:33:34,424 INFO [RocksDB][db/compaction_job.cc:1211] [0] [JOB 9] Generated table #45: 597598 keys, 68989551 bytes
[22582] 01-08 07:33:34,424 INFO [RocksDB]EVENT_LOG_v1 {"time_micros": 1578468814424152, "cf_name": "0", "job": 9, "event": "table_file_creation", "file_number": 45, "file_size": 68989551, "table_properties": {"data_size": 67112292, "index_size": 888223, "filter_size": 988005, "raw_key_size": 24597840, "raw_average_key_size": 41, "raw_value_size": 56771819, "raw_average_value_size": 95, "num_data_blocks": 16741, "num_entries": 597598, "filter_policy_name": "rocksdb.BuiltinBloomFilter", "kDeletedKeys": "0", "kMergeOperands": "0"}}
[22582] 01-08 07:33:35,733 INFO [RocksDB][db/compaction_job.cc:1211] [0] [JOB 9] Generated table #46: 597629 keys, 68989547 bytes
[22582] 01-08 07:33:35,733 INFO [RocksDB]EVENT_LOG_v1 {"time_micros": 1578468815733390, "cf_name": "0", "job": 9, "event": "table_file_creation", "file_number": 46, "file_size": 68989547, "table_properties": {"data_size": 67111590, "index_size": 888866, "filter_size": 988060, "raw_key_size": 24601131, "raw_average_key_size": 41, "raw_value_size": 56774746, "raw_average_value_size": 94, "num_data_blocks": 16743, "num_entries": 597629, "filter_policy_name": "rocksdb.BuiltinBloomFilter", "kDeletedKeys": "0", "kMergeOperands": "0"}}
[22582] 01-08 07:33:37,040 INFO [RocksDB][db/compaction_job.cc:1211] [0] [JOB 9] Generated table #47: 597631 keys, 68989225 bytes
[22582] 01-08 07:33:37,040 INFO [RocksDB]EVENT_LOG_v1 {"time_micros": 1578468817040248, "cf_name": "0", "job": 9, "event": "table_file_creation", "file_number": 47, "file_size": 68989225, "table_properties": {"data_size": 67111481, "index_size": 888660, "filter_size": 988053, "raw_key_size": 24600764, "raw_average_key_size": 41, "raw_value_size": 56774954, "raw_average_value_size": 95, "num_data_blocks": 16742, "num_entries": 597631, "filter_policy_name": "rocksdb.BuiltinBloomFilter", "kDeletedKeys": "0", "kMergeOperands": "0"}}
[22582] 01-08 07:33:38,423 INFO [RocksDB][db/compaction_job.cc:1211] [0] [JOB 9] Generated table #48: 597578 keys, 68987866 bytes
[22582] 01-08 07:33:38,423 INFO [RocksDB]EVENT_LOG_v1 {"time_micros": 1578468818423401, "cf_name": "0", "job": 9, "event": "table_file_creation", "file_number": 48, "file_size": 68987866, "table_properties": {"data_size": 67109359, "index_size": 889481, "filter_size": 987995, "raw_key_size": 24597852, "raw_average_key_size": 41, "raw_value_size": 56769937, "raw_average_value_size": 95, "num_data_blocks": 16743, "num_entries": 597578, "filter_policy_name": "rocksdb.BuiltinBloomFilter", "kDeletedKeys": "0", "kMergeOperands": "0"}}
[22582] 01-08 07:33:39,724 INFO [RocksDB][db/compaction_job.cc:1211] [0] [JOB 9] Generated table #49: 597618 keys, 68988102 bytes
[22582] 01-08 07:33:39,724 INFO [RocksDB]EVENT_LOG_v1 {"time_micros": 1578468819724833, "cf_name": "0", "job": 9, "event": "table_file_creation", "file_number": 49, "file_size": 68988102, "table_properties": {"data_size": 67110450, "index_size": 888599, "filter_size": 988022, "raw_key_size": 24586456, "raw_average_key_size": 41, "raw_value_size": 56773701, "raw_average_value_size": 94, "num_data_blocks": 16742, "num_entries": 597618, "filter_policy_name": "rocksdb.BuiltinBloomFilter", "kDeletedKeys": "0", "kMergeOperands": "0"}}
[22582] 01-08 07:33:39,925 INFO [RocksDB][db/compaction_job.cc:1211] [0] [JOB 9] Generated table #50: 85307 keys, 9843445 bytes
[22582] 01-08 07:33:39,925 INFO [RocksDB]EVENT_LOG_v1 {"time_micros": 1578468819925638, "cf_name": "0", "job": 9, "event": "table_file_creation", "file_number": 50, "file_size": 9843445, "table_properties": {"data_size": 9576511, "index_size": 124914, "filter_size": 140990, "raw_key_size": 3425977, "raw_average_key_size": 40, "raw_value_size": 8104183, "raw_average_value_size": 95, "num_data_blocks": 2387, "num_entries": 85307, "filter_policy_name": "rocksdb.BuiltinBloomFilter", "kDeletedKeys": "0", "kMergeOperands": "0"}}
[22582] 01-08 07:33:39,926 INFO [RocksDB][db/compaction_job.cc:1287] [0] [JOB 9] Compacted 2@0 + 8@1 files to L1 => 1183458948 bytes
[22582] 01-08 07:33:39,928 INFO [RocksDB](Original Log Time 2020/01/08-07:33:39.928258) [db/compaction_job.cc:685] [0] compacted to: base level 1 max bytes base 536870912 files[0 18 2 0 0 0 0] max score 2.20, MB/sec: 52.0 rd, 52.0 wr, level 1, files in(2, 8) out(18) MB in(643.6, 485.4) out(1128.6), read-write-amplify(3.5) write-amplify(1.8) OK, records in: 10853368, records dropped: 1 output_compression: NoCompression

[22582] 01-08 07:33:39,928 INFO [RocksDB](Original Log Time 2020/01/08-07:33:39.928282) EVENT_LOG_v1 {"time_micros": 1578468819928266, "job": 9, "event": "compaction_finished", "compaction_time_micros": 22775257, "output_level": 1, "num_output_files": 18, "total_output_size": 1183458948, "num_input_records": 10853368, "num_output_records": 10853367, "num_subcompactions": 1, "output_compression": "NoCompression", "num_single_delete_mismatches": 0, "num_single_delete_fallthrough": 0, "lsm_state": [0, 18, 2, 0, 0, 0, 0]}
[22582] 01-08 07:33:39,962 INFO [RocksDB]EVENT_LOG_v1 {"time_micros": 1578468819962898, "job": 9, "event": "table_file_deletion", "file_number": 32}
[22582] 01-08 07:33:39,965 INFO [RocksDB]EVENT_LOG_v1 {"time_micros": 1578468819965492, "job": 9, "event": "table_file_deletion", "file_number": 27}
[22582] 01-08 07:33:39,998 INFO [RocksDB]EVENT_LOG_v1 {"time_micros": 1578468819998168, "job": 9, "event": "table_file_deletion", "file_number": 26}
[22582] 01-08 07:33:39,004 INFO [RocksDB]EVENT_LOG_v1 {"time_micros": 1578468820004876, "job": 9, "event": "table_file_deletion", "file_number": 24}
[22582] 01-08 07:33:40,011 INFO [RocksDB]EVENT_LOG_v1 {"time_micros": 1578468820011473, "job": 9, "event": "table_file_deletion", "file_number": 23}
[22582] 01-08 07:33:40,018 INFO [RocksDB]EVENT_LOG_v1 {"time_micros": 1578468820018201, "job": 9, "event": "table_file_deletion", "file_number": 21}
[22582] 01-08 07:33:40,025 INFO [RocksDB]EVENT_LOG_v1 {"time_micros": 1578468820025160, "job": 9, "event": "table_file_deletion", "file_number": 20}
[22582] 01-08 07:33:40,032 INFO [RocksDB]EVENT_LOG_v1 {"time_micros": 1578468820032029, "job": 9, "event": "table_file_deletion", "file_number": 19}
[22582] 01-08 07:33:40,038 INFO [RocksDB]EVENT_LOG_v1 {"time_micros": 1578468820038631, "job": 9, "event": "table_file_deletion", "file_number": 18}
[22582] 01-08 07:33:40,045 INFO [RocksDB]EVENT_LOG_v1 {"time_micros": 1578468820045139, "job": 9, "event": "table_file_deletion", "file_number": 16}
[22582] 01-08 07:33:40,045 INFO [RocksDB][db/compaction_picker.cc:485] [0] Expanding@1 1+1(69796462+54647316 bytes) to 2+1 (138786827+54647316 bytes)

[22582] 01-08 07:33:40,045 INFO [RocksDB][db/compaction_job.cc:1531] [0] [JOB 10] Compacting 2@1 + 1@2 files to L2, score 2.20
[22582] 01-08 07:33:40,045 INFO [RocksDB][db/compaction_job.cc:1535] [0] Compaction start summary: Base version 10 Base level 1, inputs: [33(66MB) 34(65MB)], [28(52MB)]

[22582] 01-08 07:33:40,045 INFO [RocksDB]EVENT_LOG_v1 {"time_micros": 1578468820045214, "job": 10, "event": "compaction_started", "compaction_reason": "LevelMaxLevelSize", "files_L1": [33, 34], "files_L2": [28], "score": 2.20436, "input_data_size": 193434143}
[22582] 01-08 07:33:43,413 INFO [RocksDB][db/compaction_job.cc:1211] [0] [JOB 10] Generated table #51: 2060517 keys, 70687055 bytes
[22582] 01-08 07:33:43,413 INFO [RocksDB]EVENT_LOG_v1 {"time_micros": 1578468823413244, "cf_name": "0", "job": 10, "event": "table_file_creation", "file_number": 51, "file_size": 70687055, "table_properties": {"data_size": 67112529, "index_size": 1463443, "filter_size": 2784080, "raw_key_size": 100300067, "raw_average_key_size": 48, "raw_value_size": 25200374, "raw_average_value_size": 12, "num_data_blocks": 23943, "num_entries": 2060517, "filter_policy_name": "rocksdb.BuiltinBloomFilter", "kDeletedKeys": "0", "kMergeOperands": "0"}}
[22582] 01-08 07:33:44,721 INFO [RocksDB][db/compaction_job.cc:1211] [0] [JOB 10] Generated table #52: 597613 keys, 68583483 bytes
[22582] 01-08 07:33:44,721 INFO [RocksDB]EVENT_LOG_v1 {"time_micros": 1578468824721019, "cf_name": "0", "job": 10, "event": "table_file_creation", "file_number": 52, "file_size": 68583483, "table_properties": {"data_size": 67111046, "index_size": 888829, "filter_size": 988036, "raw_key_size": 24599644, "raw_average_key_size": 41, "raw_value_size": 56773280, "raw_average_value_size": 95, "num_data_blocks": 16743, "num_entries": 597613, "filter_policy_name": "rocksdb.BuiltinBloomFilter", "kDeletedKeys": "0", "kMergeOperands": "0"}}
