[23303] 01-08 07:36:07,729 INFO [RocksDB]RocksDB version: 5.14.2

[23303] 01-08 07:36:07,734 INFO [RocksDB]Git sha rocksdb_build_git_sha:fc00d54a097e35332052f4c39c3229d413a023b6
[23303] 01-08 07:36:07,734 INFO [RocksDB]Compile date Jan  8 2020
[23303] 01-08 07:36:07,734 INFO [RocksDB]DB SUMMARY

[23303] 01-08 07:36:07,734 INFO [RocksDB]SST files in /home/ubuntu/ardb/data/rocksdb dir, Total Num: 0, files: 

[23303] 01-08 07:36:07,734 INFO [RocksDB]Write Ahead Log file in /home/ubuntu/ardb/data/rocksdb: 

[23303] 01-08 07:36:07,734 INFO [RocksDB]                        Options.error_if_exists: 0
[23303] 01-08 07:36:07,734 INFO [RocksDB]                      Options.create_if_missing: 1
[23303] 01-08 07:36:07,734 INFO [RocksDB]                        Options.paranoid_checks: 1
[23303] 01-08 07:36:07,734 INFO [RocksDB]                                    Options.env: 0xbf86c0
[23303] 01-08 07:36:07,734 INFO [RocksDB]                               Options.info_log: 0x7fb17743f8a0
[23303] 01-08 07:36:07,734 INFO [RocksDB]               Options.max_file_opening_threads: 16
[23303] 01-08 07:36:07,734 INFO [RocksDB]                             Options.statistics: (nil)
[23303] 01-08 07:36:07,734 INFO [RocksDB]                              Options.use_fsync: 0
[23303] 01-08 07:36:07,734 INFO [RocksDB]                      Options.max_log_file_size: 0
[23303] 01-08 07:36:07,734 INFO [RocksDB]                 Options.max_manifest_file_size: 18446744073709551615
[23303] 01-08 07:36:07,734 INFO [RocksDB]                  Options.log_file_time_to_roll: 0
[23303] 01-08 07:36:07,734 INFO [RocksDB]                      Options.keep_log_file_num: 1000
[23303] 01-08 07:36:07,734 INFO [RocksDB]                   Options.recycle_log_file_num: 0
[23303] 01-08 07:36:07,734 INFO [RocksDB]                        Options.allow_fallocate: 1
[23303] 01-08 07:36:07,734 INFO [RocksDB]                       Options.allow_mmap_reads: 0
[23303] 01-08 07:36:07,734 INFO [RocksDB]                      Options.allow_mmap_writes: 0
[23303] 01-08 07:36:07,734 INFO [RocksDB]                       Options.use_direct_reads: 0
[23303] 01-08 07:36:07,734 INFO [RocksDB]                       Options.use_direct_io_for_flush_and_compaction: 0
[23303] 01-08 07:36:07,734 INFO [RocksDB]         Options.create_missing_column_families: 0
[23303] 01-08 07:36:07,734 INFO [RocksDB]                             Options.db_log_dir: 
[23303] 01-08 07:36:07,734 INFO [RocksDB]                                Options.wal_dir: /home/ubuntu/ardb/data/rocksdb
[23303] 01-08 07:36:07,734 INFO [RocksDB]               Options.table_cache_numshardbits: 6
[23303] 01-08 07:36:07,734 INFO [RocksDB]                     Options.max_subcompactions: 1
[23303] 01-08 07:36:07,734 INFO [RocksDB]                 Options.max_background_flushes: -1
[23303] 01-08 07:36:07,734 INFO [RocksDB]                        Options.WAL_ttl_seconds: 0
[23303] 01-08 07:36:07,734 INFO [RocksDB]                      Options.WAL_size_limit_MB: 0
[23303] 01-08 07:36:07,734 INFO [RocksDB]            Options.manifest_preallocation_size: 4194304
[23303] 01-08 07:36:07,734 INFO [RocksDB]                    Options.is_fd_close_on_exec: 1
[23303] 01-08 07:36:07,734 INFO [RocksDB]                  Options.advise_random_on_open: 1
[23303] 01-08 07:36:07,734 INFO [RocksDB]                   Options.db_write_buffer_size: 0
[23303] 01-08 07:36:07,734 INFO [RocksDB]                   Options.write_buffer_manager: 0x7fb177bfa7d0
[23303] 01-08 07:36:07,734 INFO [RocksDB]        Options.access_hint_on_compaction_start: 1
[23303] 01-08 07:36:07,734 INFO [RocksDB] Options.new_table_reader_for_compaction_inputs: 0
[23303] 01-08 07:36:07,734 INFO [RocksDB]          Options.random_access_max_buffer_size: 1048576
[23303] 01-08 07:36:07,734 INFO [RocksDB]                     Options.use_adaptive_mutex: 1
[23303] 01-08 07:36:07,734 INFO [RocksDB]                           Options.rate_limiter: 0x7fb177438540
[23303] 01-08 07:36:07,734 INFO [RocksDB]    Options.sst_file_manager.rate_bytes_per_sec: 0
[23303] 01-08 07:36:07,734 INFO [RocksDB]                      Options.wal_recovery_mode: 2
[23303] 01-08 07:36:07,734 INFO [RocksDB]                 Options.enable_thread_tracking: 0
[23303] 01-08 07:36:07,734 INFO [RocksDB]                 Options.enable_pipelined_write: 1
[23303] 01-08 07:36:07,734 INFO [RocksDB]        Options.allow_concurrent_memtable_write: 1
[23303] 01-08 07:36:07,734 INFO [RocksDB]     Options.enable_write_thread_adaptive_yield: 1
[23303] 01-08 07:36:07,734 INFO [RocksDB]            Options.write_thread_max_yield_usec: 100
[23303] 01-08 07:36:07,734 INFO [RocksDB]           Options.write_thread_slow_yield_usec: 3
[23303] 01-08 07:36:07,734 INFO [RocksDB]                              Options.row_cache: None
[23303] 01-08 07:36:07,734 INFO [RocksDB]                             Options.wal_filter: None
[23303] 01-08 07:36:07,734 INFO [RocksDB]            Options.avoid_flush_during_recovery: 0
[23303] 01-08 07:36:07,734 INFO [RocksDB]            Options.allow_ingest_behind: 0
[23303] 01-08 07:36:07,734 INFO [RocksDB]            Options.preserve_deletes: 0
[23303] 01-08 07:36:07,734 INFO [RocksDB]            Options.two_write_queues: 0
[23303] 01-08 07:36:07,734 INFO [RocksDB]            Options.manual_wal_flush: 0
[23303] 01-08 07:36:07,734 INFO [RocksDB]            Options.max_background_jobs: 16
[23303] 01-08 07:36:07,734 INFO [RocksDB]            Options.max_background_compactions: -1
[23303] 01-08 07:36:07,734 INFO [RocksDB]            Options.avoid_flush_during_shutdown: 0
[23303] 01-08 07:36:07,734 INFO [RocksDB]          Options.writable_file_max_buffer_size: 1048576
[23303] 01-08 07:36:07,734 INFO [RocksDB]            Options.delayed_write_rate : 52428800
[23303] 01-08 07:36:07,734 INFO [RocksDB]            Options.max_total_wal_size: 0
[23303] 01-08 07:36:07,734 INFO [RocksDB]            Options.delete_obsolete_files_period_micros: 21600000000
[23303] 01-08 07:36:07,734 INFO [RocksDB]                  Options.stats_dump_period_sec: 10000000
[23303] 01-08 07:36:07,734 INFO [RocksDB]                         Options.max_open_files: 1024
[23303] 01-08 07:36:07,734 INFO [RocksDB]                         Options.bytes_per_sync: 1048576
[23303] 01-08 07:36:07,734 INFO [RocksDB]                     Options.wal_bytes_per_sync: 0
[23303] 01-08 07:36:07,734 INFO [RocksDB]      Options.compaction_readahead_size: 0
[23303] 01-08 07:36:07,734 INFO [RocksDB]Compression algorithms supported:
[23303] 01-08 07:36:07,734 INFO [RocksDB]	kZSTDNotFinalCompression supported: 0
[23303] 01-08 07:36:07,734 INFO [RocksDB]	kZSTD supported: 0
[23303] 01-08 07:36:07,734 INFO [RocksDB]	kXpressCompression supported: 0
[23303] 01-08 07:36:07,734 INFO [RocksDB]	kLZ4HCCompression supported: 0
[23303] 01-08 07:36:07,734 INFO [RocksDB]	kLZ4Compression supported: 0
[23303] 01-08 07:36:07,734 INFO [RocksDB]	kBZip2Compression supported: 0
[23303] 01-08 07:36:07,734 INFO [RocksDB]	kZlibCompression supported: 1
[23303] 01-08 07:36:07,734 INFO [RocksDB]	kSnappyCompression supported: 1
[23303] 01-08 07:36:07,734 INFO [RocksDB]Fast CRC32 supported: Supported on x86
[23303] 01-08 07:36:07,735 INFO [RocksDB][db/db_impl_open.cc:222] Creating manifest 1 

[23303] 01-08 07:36:07,740 INFO [RocksDB][db/version_set.cc:3085] Recovering from manifest file: MANIFEST-000001

[23303] 01-08 07:36:07,740 INFO [RocksDB][db/column_family.cc:475] --------------- Options for column family [default]:

[23303] 01-08 07:36:07,740 INFO [RocksDB]              Options.comparator: ardb.comparator
[23303] 01-08 07:36:07,740 INFO [RocksDB]          Options.merge_operator: ardb.merger
[23303] 01-08 07:36:07,740 INFO [RocksDB]       Options.compaction_filter: None
[23303] 01-08 07:36:07,740 INFO [RocksDB]       Options.compaction_filter_factory: ardb.compact_filter_factory
[23303] 01-08 07:36:07,740 INFO [RocksDB]        Options.memtable_factory: SkipListFactory
[23303] 01-08 07:36:07,740 INFO [RocksDB]           Options.table_factory: BlockBasedTable
[23303] 01-08 07:36:07,741 INFO [RocksDB]           table_factory options:   flush_block_policy_factory: FlushBlockBySizePolicyFactory (0x7fb177a08018)
  cache_index_and_filter_blocks: 0
  cache_index_and_filter_blocks_with_high_priority: 0
  pin_l0_filter_and_index_blocks_in_cache: 0
  index_type: 0
  hash_index_allow_collision: 1
  checksum: 1
  no_block_cache: 0
  block_cache: 0x7fb177a81cf0
  block_cache_name: LRUCache
  block_cache_options:
    capacity : 536870912
    num_shard_bits : 6
    strict_capacity_limit : 0
    high_pri_pool_ratio: 0.000
  block_cache_compressed: (nil)
  persistent_cache: (nil)
  block_size: 4096
  block_size_deviation: 10
  block_restart_interval: 16
  index_block_restart_interval: 1
  metadata_block_size: 4096
  partition_filters: 0
  use_delta_encoding: 1
  filter_policy: rocksdb.BuiltinBloomFilter
  whole_key_filtering: 1
  verify_compression: 0
  read_amp_bytes_per_bit: 0
  format_version: 2
  enable_index_compression: 1
  block_align: 0

[23303] 01-08 07:36:07,741 INFO [RocksDB]       Options.write_buffer_size: 268435456
[23303] 01-08 07:36:07,741 INFO [RocksDB] Options.max_write_buffer_number: 6
[23303] 01-08 07:36:07,741 INFO [RocksDB]       Options.compression[0]: NoCompression
[23303] 01-08 07:36:07,741 INFO [RocksDB]       Options.compression[1]: NoCompression
[23303] 01-08 07:36:07,741 INFO [RocksDB]       Options.compression[2]: Snappy
[23303] 01-08 07:36:07,741 INFO [RocksDB]       Options.compression[3]: Snappy
[23303] 01-08 07:36:07,741 INFO [RocksDB]       Options.compression[4]: Snappy
[23303] 01-08 07:36:07,741 INFO [RocksDB]       Options.compression[5]: Snappy
[23303] 01-08 07:36:07,741 INFO [RocksDB]       Options.compression[6]: Snappy
[23303] 01-08 07:36:07,741 INFO [RocksDB]                 Options.bottommost_compression: Disabled
[23303] 01-08 07:36:07,741 INFO [RocksDB]      Options.prefix_extractor: ardb.prefix_extractor
[23303] 01-08 07:36:07,741 INFO [RocksDB]  Options.memtable_insert_with_hint_prefix_extractor: nullptr
[23303] 01-08 07:36:07,741 INFO [RocksDB]            Options.num_levels: 7
[23303] 01-08 07:36:07,741 INFO [RocksDB]       Options.min_write_buffer_number_to_merge: 2
[23303] 01-08 07:36:07,741 INFO [RocksDB]    Options.max_write_buffer_number_to_maintain: 0
[23303] 01-08 07:36:07,741 INFO [RocksDB]           Options.compression_opts.window_bits: -14
[23303] 01-08 07:36:07,741 INFO [RocksDB]                 Options.compression_opts.level: -1
[23303] 01-08 07:36:07,741 INFO [RocksDB]              Options.compression_opts.strategy: 0
[23303] 01-08 07:36:07,741 INFO [RocksDB]        Options.compression_opts.max_dict_bytes: 0
[23303] 01-08 07:36:07,741 INFO [RocksDB]        Options.compression_opts.zstd_max_train_bytes: 0
[23303] 01-08 07:36:07,741 INFO [RocksDB]     Options.level0_file_num_compaction_trigger: 2
[23303] 01-08 07:36:07,741 INFO [RocksDB]         Options.level0_slowdown_writes_trigger: 20
[23303] 01-08 07:36:07,741 INFO [RocksDB]             Options.level0_stop_writes_trigger: 36
[23303] 01-08 07:36:07,741 INFO [RocksDB]                  Options.target_file_size_base: 67108864
[23303] 01-08 07:36:07,741 INFO [RocksDB]            Options.target_file_size_multiplier: 1
[23303] 01-08 07:36:07,741 INFO [RocksDB]               Options.max_bytes_for_level_base: 536870912
[23303] 01-08 07:36:07,741 INFO [RocksDB]Options.level_compaction_dynamic_level_bytes: 0
[23303] 01-08 07:36:07,741 INFO [RocksDB]         Options.max_bytes_for_level_multiplier: 10.000000
[23303] 01-08 07:36:07,741 INFO [RocksDB]Options.max_bytes_for_level_multiplier_addtl[0]: 1
[23303] 01-08 07:36:07,741 INFO [RocksDB]Options.max_bytes_for_level_multiplier_addtl[1]: 1
[23303] 01-08 07:36:07,741 INFO [RocksDB]Options.max_bytes_for_level_multiplier_addtl[2]: 1
[23303] 01-08 07:36:07,741 INFO [RocksDB]Options.max_bytes_for_level_multiplier_addtl[3]: 1
[23303] 01-08 07:36:07,741 INFO [RocksDB]Options.max_bytes_for_level_multiplier_addtl[4]: 1
[23303] 01-08 07:36:07,741 INFO [RocksDB]Options.max_bytes_for_level_multiplier_addtl[5]: 1
[23303] 01-08 07:36:07,741 INFO [RocksDB]Options.max_bytes_for_level_multiplier_addtl[6]: 1
[23303] 01-08 07:36:07,741 INFO [RocksDB]      Options.max_sequential_skip_in_iterations: 8
[23303] 01-08 07:36:07,741 INFO [RocksDB]                   Options.max_compaction_bytes: 1677721600
[23303] 01-08 07:36:07,741 INFO [RocksDB]                       Options.arena_block_size: 33554432
[23303] 01-08 07:36:07,741 INFO [RocksDB]  Options.soft_pending_compaction_bytes_limit: 68719476736
[23303] 01-08 07:36:07,741 INFO [RocksDB]  Options.hard_pending_compaction_bytes_limit: 274877906944
[23303] 01-08 07:36:07,741 INFO [RocksDB]      Options.rate_limit_delay_max_milliseconds: 100
[23303] 01-08 07:36:07,741 INFO [RocksDB]               Options.disable_auto_compactions: 0
[23303] 01-08 07:36:07,741 INFO [RocksDB]                       Options.compaction_style: kCompactionStyleLevel
[23303] 01-08 07:36:07,741 INFO [RocksDB]                         Options.compaction_pri: kByCompensatedSize
[23303] 01-08 07:36:07,741 INFO [RocksDB]Options.compaction_options_universal.size_ratio: 1
[23303] 01-08 07:36:07,741 INFO [RocksDB]Options.compaction_options_universal.min_merge_width: 2
[23303] 01-08 07:36:07,741 INFO [RocksDB]Options.compaction_options_universal.max_merge_width: 4294967295
[23303] 01-08 07:36:07,741 INFO [RocksDB]Options.compaction_options_universal.max_size_amplification_percent: 200
[23303] 01-08 07:36:07,741 INFO [RocksDB]Options.compaction_options_universal.compression_size_percent: -1
[23303] 01-08 07:36:07,741 INFO [RocksDB]Options.compaction_options_universal.stop_style: kCompactionStopStyleTotalSize
[23303] 01-08 07:36:07,741 INFO [RocksDB]Options.compaction_options_fifo.max_table_files_size: 1073741824
[23303] 01-08 07:36:07,741 INFO [RocksDB]Options.compaction_options_fifo.allow_compaction: 0
[23303] 01-08 07:36:07,741 INFO [RocksDB]Options.compaction_options_fifo.ttl: 0
[23303] 01-08 07:36:07,741 INFO [RocksDB]                  Options.table_properties_collectors: 
[23303] 01-08 07:36:07,741 INFO [RocksDB]                  Options.inplace_update_support: 0
[23303] 01-08 07:36:07,741 INFO [RocksDB]                Options.inplace_update_num_locks: 10000
[23303] 01-08 07:36:07,741 INFO [RocksDB]              Options.memtable_prefix_bloom_size_ratio: 0.000000
[23303] 01-08 07:36:07,741 INFO [RocksDB]  Options.memtable_huge_page_size: 0
[23303] 01-08 07:36:07,741 INFO [RocksDB]                          Options.bloom_locality: 0
[23303] 01-08 07:36:07,741 INFO [RocksDB]                   Options.max_successive_merges: 0
[23303] 01-08 07:36:07,741 INFO [RocksDB]               Options.optimize_filters_for_hits: 0
[23303] 01-08 07:36:07,741 INFO [RocksDB]               Options.paranoid_file_checks: 0
[23303] 01-08 07:36:07,741 INFO [RocksDB]               Options.force_consistency_checks: 0
[23303] 01-08 07:36:07,741 INFO [RocksDB]               Options.report_bg_io_stats: 0
[23303] 01-08 07:36:07,741 INFO [RocksDB]                              Options.ttl: 0
[23303] 01-08 07:36:07,741 INFO [RocksDB][db/version_set.cc:3361] Recovered from manifest file:/home/ubuntu/ardb/data/rocksdb/MANIFEST-000001 succeeded,manifest_file_number is 1, next_file_number is 3, last_sequence is 0, log_number is 0,prev_log_number is 0,max_column_family is 0,min_log_number_to_keep is 0

[23303] 01-08 07:36:07,741 INFO [RocksDB][db/version_set.cc:3369] Column family [default] (ID 0), log number is 0

[23303] 01-08 07:36:07,744 INFO [RocksDB][db/db_impl_open.cc:1219] DB pointer 0x7fb1773be000
[23303] 01-08 07:36:07,744 INFO Ardb init engine:rocksdb success.
[23303] 01-08 07:36:07,747 INFO Ardb will accept connections on 0.0.0.0:16379
[23303] 01-08 07:36:07,747 INFO Ardb started with version 0.10.0
[23303] 01-08 07:36:08,748 INFO ========================Period Statistics Dump Begin===========================
[23303] 01-08 07:36:08,748 INFO slave_sync_total_commands_processed:0
[23303] 01-08 07:36:08,748 INFO slave_sync_instantaneous_ops_per_sec:0
[23303] 01-08 07:36:08,748 INFO total_commands_processed:0
[23303] 01-08 07:36:08,748 INFO instantaneous_ops_per_sec:0
[23303] 01-08 07:36:08,748 INFO total_connections_received:0
[23303] 01-08 07:36:08,748 INFO rejected_connections:0
[23303] 01-08 07:36:08,748 INFO ========================Period Statistics Dump End===========================
[23303] 01-08 07:36:19,571 INFO [RocksDB][db/version_set.cc:2847] Creating manifest 6

[23303] 01-08 07:36:19,576 INFO [RocksDB][db/column_family.cc:475] --------------- Options for column family [0]:

[23303] 01-08 07:36:19,576 INFO [RocksDB]              Options.comparator: ardb.comparator
[23303] 01-08 07:36:19,576 INFO [RocksDB]          Options.merge_operator: ardb.merger
[23303] 01-08 07:36:19,576 INFO [RocksDB]       Options.compaction_filter: None
[23303] 01-08 07:36:19,576 INFO [RocksDB]       Options.compaction_filter_factory: ardb.compact_filter_factory
[23303] 01-08 07:36:19,576 INFO [RocksDB]        Options.memtable_factory: SkipListFactory
[23303] 01-08 07:36:19,576 INFO [RocksDB]           Options.table_factory: BlockBasedTable
[23303] 01-08 07:36:19,576 INFO [RocksDB]           table_factory options:   flush_block_policy_factory: FlushBlockBySizePolicyFactory (0x7fb177a08018)
  cache_index_and_filter_blocks: 0
  cache_index_and_filter_blocks_with_high_priority: 0
  pin_l0_filter_and_index_blocks_in_cache: 0
  index_type: 0
  hash_index_allow_collision: 1
  checksum: 1
  no_block_cache: 0
  block_cache: 0x7fb177a81cf0
  block_cache_name: LRUCache
  block_cache_options:
    capacity : 536870912
    num_shard_bits : 6
    strict_capacity_limit : 0
    high_pri_pool_ratio: 0.000
  block_cache_compressed: (nil)
  persistent_cache: (nil)
  block_size: 4096
  block_size_deviation: 10
  block_restart_interval: 16
  index_block_restart_interval: 1
  metadata_block_size: 4096
  partition_filters: 0
  use_delta_encoding: 1
  filter_policy: rocksdb.BuiltinBloomFilter
  whole_key_filtering: 1
  verify_compression: 0
  read_amp_bytes_per_bit: 0
  format_version: 2
  enable_index_compression: 1
  block_align: 0

[23303] 01-08 07:36:19,576 INFO [RocksDB]       Options.write_buffer_size: 268435456
[23303] 01-08 07:36:19,576 INFO [RocksDB] Options.max_write_buffer_number: 6
[23303] 01-08 07:36:19,576 INFO [RocksDB]       Options.compression[0]: NoCompression
[23303] 01-08 07:36:19,576 INFO [RocksDB]       Options.compression[1]: NoCompression
[23303] 01-08 07:36:19,576 INFO [RocksDB]       Options.compression[2]: Snappy
[23303] 01-08 07:36:19,576 INFO [RocksDB]       Options.compression[3]: Snappy
[23303] 01-08 07:36:19,576 INFO [RocksDB]       Options.compression[4]: Snappy
[23303] 01-08 07:36:19,576 INFO [RocksDB]       Options.compression[5]: Snappy
[23303] 01-08 07:36:19,576 INFO [RocksDB]       Options.compression[6]: Snappy
[23303] 01-08 07:36:19,576 INFO [RocksDB]                 Options.bottommost_compression: Disabled
[23303] 01-08 07:36:19,576 INFO [RocksDB]      Options.prefix_extractor: ardb.prefix_extractor
[23303] 01-08 07:36:19,576 INFO [RocksDB]  Options.memtable_insert_with_hint_prefix_extractor: nullptr
[23303] 01-08 07:36:19,576 INFO [RocksDB]            Options.num_levels: 7
[23303] 01-08 07:36:19,576 INFO [RocksDB]       Options.min_write_buffer_number_to_merge: 2
[23303] 01-08 07:36:19,576 INFO [RocksDB]    Options.max_write_buffer_number_to_maintain: 0
[23303] 01-08 07:36:19,576 INFO [RocksDB]           Options.compression_opts.window_bits: -14
[23303] 01-08 07:36:19,576 INFO [RocksDB]                 Options.compression_opts.level: -1
[23303] 01-08 07:36:19,576 INFO [RocksDB]              Options.compression_opts.strategy: 0
[23303] 01-08 07:36:19,576 INFO [RocksDB]        Options.compression_opts.max_dict_bytes: 0
[23303] 01-08 07:36:19,576 INFO [RocksDB]        Options.compression_opts.zstd_max_train_bytes: 0
[23303] 01-08 07:36:19,576 INFO [RocksDB]     Options.level0_file_num_compaction_trigger: 2
[23303] 01-08 07:36:19,576 INFO [RocksDB]         Options.level0_slowdown_writes_trigger: 20
[23303] 01-08 07:36:19,576 INFO [RocksDB]             Options.level0_stop_writes_trigger: 36
[23303] 01-08 07:36:19,576 INFO [RocksDB]                  Options.target_file_size_base: 67108864
[23303] 01-08 07:36:19,576 INFO [RocksDB]            Options.target_file_size_multiplier: 1
[23303] 01-08 07:36:19,576 INFO [RocksDB]               Options.max_bytes_for_level_base: 536870912
[23303] 01-08 07:36:19,576 INFO [RocksDB]Options.level_compaction_dynamic_level_bytes: 0
[23303] 01-08 07:36:19,576 INFO [RocksDB]         Options.max_bytes_for_level_multiplier: 10.000000
[23303] 01-08 07:36:19,576 INFO [RocksDB]Options.max_bytes_for_level_multiplier_addtl[0]: 1
[23303] 01-08 07:36:19,576 INFO [RocksDB]Options.max_bytes_for_level_multiplier_addtl[1]: 1
[23303] 01-08 07:36:19,576 INFO [RocksDB]Options.max_bytes_for_level_multiplier_addtl[2]: 1
[23303] 01-08 07:36:19,576 INFO [RocksDB]Options.max_bytes_for_level_multiplier_addtl[3]: 1
[23303] 01-08 07:36:19,576 INFO [RocksDB]Options.max_bytes_for_level_multiplier_addtl[4]: 1
[23303] 01-08 07:36:19,576 INFO [RocksDB]Options.max_bytes_for_level_multiplier_addtl[5]: 1
[23303] 01-08 07:36:19,576 INFO [RocksDB]Options.max_bytes_for_level_multiplier_addtl[6]: 1
[23303] 01-08 07:36:19,576 INFO [RocksDB]      Options.max_sequential_skip_in_iterations: 8
[23303] 01-08 07:36:19,576 INFO [RocksDB]                   Options.max_compaction_bytes: 1677721600
[23303] 01-08 07:36:19,576 INFO [RocksDB]                       Options.arena_block_size: 33554432
[23303] 01-08 07:36:19,576 INFO [RocksDB]  Options.soft_pending_compaction_bytes_limit: 68719476736
[23303] 01-08 07:36:19,576 INFO [RocksDB]  Options.hard_pending_compaction_bytes_limit: 274877906944
[23303] 01-08 07:36:19,576 INFO [RocksDB]      Options.rate_limit_delay_max_milliseconds: 100
[23303] 01-08 07:36:19,576 INFO [RocksDB]               Options.disable_auto_compactions: 0
[23303] 01-08 07:36:19,576 INFO [RocksDB]                       Options.compaction_style: kCompactionStyleLevel
[23303] 01-08 07:36:19,576 INFO [RocksDB]                         Options.compaction_pri: kByCompensatedSize
[23303] 01-08 07:36:19,576 INFO [RocksDB]Options.compaction_options_universal.size_ratio: 1
[23303] 01-08 07:36:19,576 INFO [RocksDB]Options.compaction_options_universal.min_merge_width: 2
[23303] 01-08 07:36:19,576 INFO [RocksDB]Options.compaction_options_universal.max_merge_width: 4294967295
[23303] 01-08 07:36:19,576 INFO [RocksDB]Options.compaction_options_universal.max_size_amplification_percent: 200
[23303] 01-08 07:36:19,576 INFO [RocksDB]Options.compaction_options_universal.compression_size_percent: -1
[23303] 01-08 07:36:19,576 INFO [RocksDB]Options.compaction_options_universal.stop_style: kCompactionStopStyleTotalSize
[23303] 01-08 07:36:19,576 INFO [RocksDB]Options.compaction_options_fifo.max_table_files_size: 1073741824
[23303] 01-08 07:36:19,576 INFO [RocksDB]Options.compaction_options_fifo.allow_compaction: 0
[23303] 01-08 07:36:19,576 INFO [RocksDB]Options.compaction_options_fifo.ttl: 0
[23303] 01-08 07:36:19,577 INFO [RocksDB]                  Options.table_properties_collectors: 
[23303] 01-08 07:36:19,577 INFO [RocksDB]                  Options.inplace_update_support: 0
[23303] 01-08 07:36:19,577 INFO [RocksDB]                Options.inplace_update_num_locks: 10000
[23303] 01-08 07:36:19,577 INFO [RocksDB]              Options.memtable_prefix_bloom_size_ratio: 0.000000
[23303] 01-08 07:36:19,577 INFO [RocksDB]  Options.memtable_huge_page_size: 0
[23303] 01-08 07:36:19,577 INFO [RocksDB]                          Options.bloom_locality: 0
[23303] 01-08 07:36:19,577 INFO [RocksDB]                   Options.max_successive_merges: 0
[23303] 01-08 07:36:19,577 INFO [RocksDB]               Options.optimize_filters_for_hits: 0
[23303] 01-08 07:36:19,577 INFO [RocksDB]               Options.paranoid_file_checks: 0
[23303] 01-08 07:36:19,577 INFO [RocksDB]               Options.force_consistency_checks: 0
[23303] 01-08 07:36:19,577 INFO [RocksDB]               Options.report_bg_io_stats: 0
[23303] 01-08 07:36:19,577 INFO [RocksDB]                              Options.ttl: 0
[23303] 01-08 07:36:19,577 INFO [RocksDB][db/db_impl.cc:1396] Created column family [0] (ID 1)
[23303] 01-08 07:36:19,579 INFO Create ColumnFamilyHandle with name:0 success.
[23303] 01-08 07:36:27,662 INFO [RocksDB][db/db_impl_write.cc:1373] [0] New memtable created with log file: #9. Immutable memtables: 0.

[23303] 01-08 07:36:35,512 INFO [RocksDB][db/db_impl_write.cc:1373] [0] New memtable created with log file: #10. Immutable memtables: 1.

[23303] 01-08 07:36:35,513 INFO [RocksDB][db/db_impl_compaction_flush.cc:80] [JOB 2] Syncing log #3
[23303] 01-08 07:36:36,099 INFO [RocksDB][db/db_impl_compaction_flush.cc:80] [JOB 2] Syncing log #9
[23303] 01-08 07:36:37,507 INFO [RocksDB](Original Log Time 2020/01/08-07:36:35.513037) [db/db_impl_compaction_flush.cc:1424] Calling FlushMemTableToOutputFile with column family [0], flush slots available 4, compaction slots available 1, flush slots scheduled 1, compaction slots scheduled 0
[23303] 01-08 07:36:37,507 INFO [RocksDB][db/flush_job.cc:301] [0] [JOB 2] Flushing memtable with next log file: 9

[23303] 01-08 07:36:37,507 INFO [RocksDB][db/flush_job.cc:301] [0] [JOB 2] Flushing memtable with next log file: 10

[23303] 01-08 07:36:37,507 INFO [RocksDB]EVENT_LOG_v1 {"time_micros": 1578468997507382, "job": 2, "event": "flush_started", "num_memtables": 2, "num_entries": 3369555, "num_deletes": 0, "memory_usage": 520098504, "flush_reason": "Write Buffer Full"}
[23303] 01-08 07:36:37,507 INFO [RocksDB][db/flush_job.cc:331] [0] [JOB 2] Level-0 flush table #11: started
[23303] 01-08 07:36:43,828 INFO [RocksDB]EVENT_LOG_v1 {"time_micros": 1578469003828830, "cf_name": "0", "job": 2, "event": "table_file_creation", "file_number": 11, "file_size": 327635589, "table_properties": {"data_size": 318331175, "index_size": 4269679, "filter_size": 5033693, "raw_key_size": 132601551, "raw_average_key_size": 42, "raw_value_size": 255004779, "raw_average_value_size": 81, "num_data_blocks": 79313, "num_entries": 3128879, "filter_policy_name": "rocksdb.BuiltinBloomFilter", "kDeletedKeys": "0", "kMergeOperands": "0"}}
[23303] 01-08 07:36:43,828 INFO [RocksDB][db/flush_job.cc:371] [0] [JOB 2] Level-0 flush table #11: 327635589 bytes OK
[23303] 01-08 07:36:43,831 INFO [RocksDB](Original Log Time 2020/01/08-07:36:43.829802) [db/memtable_list.cc:377] [0] Level-0 commit table #11 started
[23303] 01-08 07:36:43,831 INFO [RocksDB](Original Log Time 2020/01/08-07:36:43.831144) [db/memtable_list.cc:409] [0] Level-0 commit table #11: memtable #1 done
[23303] 01-08 07:36:43,831 INFO [RocksDB](Original Log Time 2020/01/08-07:36:43.831149) [db/memtable_list.cc:409] [0] Level-0 commit table #11: memtable #2 done
[23303] 01-08 07:36:43,831 INFO [RocksDB](Original Log Time 2020/01/08-07:36:43.831160) EVENT_LOG_v1 {"time_micros": 1578469003831155, "job": 2, "event": "flush_finished", "output_compression": "NoCompression", "lsm_state": [1, 0, 0, 0, 0, 0, 0], "immutable_memtables": 0}
[23303] 01-08 07:36:43,831 INFO [RocksDB](Original Log Time 2020/01/08-07:36:43.831185) [db/db_impl_compaction_flush.cc:177] [0] Level summary: base level 1 max bytes base 536870912 files[1 0 0 0 0 0 0] max score 0.61

[23303] 01-08 07:36:43,831 INFO [RocksDB][db/db_impl_files.cc:342] [JOB 2] Try to delete WAL files size 397877934, prev total WAL file size 573872978, number of live WAL files 3.

[23303] 01-08 07:36:44,408 INFO [RocksDB][db/db_impl_write.cc:1373] [0] New memtable created with log file: #12. Immutable memtables: 0.

[23303] 01-08 07:36:52,691 INFO [RocksDB][db/db_impl_write.cc:1373] [0] New memtable created with log file: #13. Immutable memtables: 1.

[23303] 01-08 07:36:52,691 INFO [RocksDB][db/db_impl_compaction_flush.cc:80] [JOB 3] Syncing log #10
[23303] 01-08 07:36:53,121 INFO [RocksDB][db/db_impl_compaction_flush.cc:80] [JOB 3] Syncing log #12
[23303] 01-08 07:36:55,097 INFO [RocksDB](Original Log Time 2020/01/08-07:36:52.691853) [db/db_impl_compaction_flush.cc:1424] Calling FlushMemTableToOutputFile with column family [0], flush slots available 4, compaction slots available 1, flush slots scheduled 1, compaction slots scheduled 0
[23303] 01-08 07:36:55,097 INFO [RocksDB][db/flush_job.cc:301] [0] [JOB 3] Flushing memtable with next log file: 12

[23303] 01-08 07:36:55,097 INFO [RocksDB][db/flush_job.cc:301] [0] [JOB 3] Flushing memtable with next log file: 13

[23303] 01-08 07:36:55,097 INFO [RocksDB]EVENT_LOG_v1 {"time_micros": 1578469015097967, "job": 3, "event": "flush_started", "num_memtables": 2, "num_entries": 3140872, "num_deletes": 0, "memory_usage": 520100184, "flush_reason": "Write Buffer Full"}
[23303] 01-08 07:36:55,097 INFO [RocksDB][db/flush_job.cc:331] [0] [JOB 3] Level-0 flush table #14: started
[23303] 01-08 07:37:00,916 INFO [RocksDB]EVENT_LOG_v1 {"time_micros": 1578469020916197, "cf_name": "0", "job": 3, "event": "table_file_creation", "file_number": 14, "file_size": 305349932, "table_properties": {"data_size": 296680527, "index_size": 3976502, "filter_size": 4691861, "raw_key_size": 123599847, "raw_average_key_size": 42, "raw_value_size": 237696544, "raw_average_value_size": 81, "num_data_blocks": 73918, "num_entries": 2916525, "filter_policy_name": "rocksdb.BuiltinBloomFilter", "kDeletedKeys": "0", "kMergeOperands": "0"}}
[23303] 01-08 07:37:00,916 INFO [RocksDB][db/flush_job.cc:371] [0] [JOB 3] Level-0 flush table #14: 305349932 bytes OK
[23303] 01-08 07:37:00,918 INFO [RocksDB](Original Log Time 2020/01/08-07:37:00.917331) [db/memtable_list.cc:377] [0] Level-0 commit table #14 started
[23303] 01-08 07:37:00,918 INFO [RocksDB](Original Log Time 2020/01/08-07:37:00.918781) [db/memtable_list.cc:409] [0] Level-0 commit table #14: memtable #1 done
[23303] 01-08 07:37:00,918 INFO [RocksDB](Original Log Time 2020/01/08-07:37:00.918782) [db/memtable_list.cc:409] [0] Level-0 commit table #14: memtable #2 done
[23303] 01-08 07:37:00,918 INFO [RocksDB](Original Log Time 2020/01/08-07:37:00.918792) EVENT_LOG_v1 {"time_micros": 1578469020918787, "job": 3, "event": "flush_finished", "output_compression": "NoCompression", "lsm_state": [2, 0, 0, 0, 0, 0, 0], "immutable_memtables": 0}
[23303] 01-08 07:37:00,918 INFO [RocksDB](Original Log Time 2020/01/08-07:37:00.918817) [db/db_impl_compaction_flush.cc:177] [0] Level summary: base level 1 max bytes base 536870912 files[2 0 0 0 0 0 0] max score 1.18

[23303] 01-08 07:37:00,918 INFO [RocksDB][db/db_impl_files.cc:342] [JOB 3] Try to delete WAL files size 370942248, prev total WAL file size 533789731, number of live WAL files 3.

[23303] 01-08 07:37:00,919 WARN [RocksDB][db/db_impl.cc:491] ------- DUMPING STATS -------
[23303] 01-08 07:37:00,919 WARN [RocksDB][db/db_impl.cc:492] 
** DB Stats **
Uptime(secs): 53.2 total, 53.2 interval
Cumulative writes: 1127K writes, 7889K keys, 1126K commit groups, 1.0 writes per commit group, ingest: 0.87 GB, 16.71 MB/s
Cumulative WAL: 1127K writes, 0 syncs, 1127039.00 writes per sync, written: 0.87 GB, 16.71 MB/s
Cumulative stall: 00:00:0.000 H:M:S, 0.0 percent
Interval writes: 1127K writes, 7889K keys, 1126K commit groups, 1.0 writes per commit group, ingest: 888.51 MB, 16.71 MB/s
Interval WAL: 1127K writes, 0 syncs, 1127039.00 writes per sync, written: 0.87 MB, 16.71 MB/s
Interval stall: 00:00:0.000 H:M:S, 0.0 percent

** Compaction Stats [default] **
Level    Files   Size     Score Read(GB)  Rn(GB) Rnp1(GB) Write(GB) Wnew(GB) Moved(GB) W-Amp Rd(MB/s) Wr(MB/s) Comp(sec) Comp(cnt) Avg(sec) KeyIn KeyDrop
----------------------------------------------------------------------------------------------------------------------------------------------------------
 Sum      0/0    0.00 KB   0.0      0.0     0.0      0.0       0.0     
[23303] 01-08 07:37:00,919 INFO [RocksDB][db/compaction_job.cc:1531] [0] [JOB 4] Compacting 2@0 files to L1, score 1.18
[23303] 01-08 07:37:00,919 INFO [RocksDB][db/compaction_job.cc:1535] [0] Compaction start summary: Base version 4 Base level 0, inputs: [14(291MB) 11(312MB)]

[23303] 01-08 07:37:00,919 INFO [RocksDB]EVENT_LOG_v1 {"time_micros": 1578469020919181, "job": 4, "event": "compaction_started", "compaction_reason": "LevelL0FilesNum", "files_L0": [14, 11], "score": 1.17903, "input_data_size": 632985521}
[23303] 01-08 07:37:02,336 INFO [RocksDB][db/db_impl_write.cc:1373] [0] New memtable created with log file: #16. Immutable memtables: 0.

[23303] 01-08 07:37:02,379 INFO [RocksDB][db/compaction_job.cc:1211] [0] [JOB 4] Generated table #15: 1168794 keys, 69746737 bytes
[23303] 01-08 07:37:02,379 INFO [RocksDB]EVENT_LOG_v1 {"time_micros": 1578469022379647, "cf_name": "0", "job": 4, "event": "table_file_creation", "file_number": 15, "file_size": 69746737, "table_properties": {"data_size": 67109853, "index_size": 973179, "filter_size": 1662674, "raw_key_size": 55519057, "raw_average_key_size": 47, "raw_value_size": 29423403, "raw_average_value_size": 25, "num_data_blocks": 16604, "num_entries": 1168794, "filter_policy_name": "rocksdb.BuiltinBloomFilter", "kDeletedKeys": "0", "kMergeOperands": "0"}}
[23303] 01-08 07:37:03,678 INFO [RocksDB][db/compaction_job.cc:1211] [0] [JOB 4] Generated table #17: 597534 keys, 68989963 bytes
[23303] 01-08 07:37:03,678 INFO [RocksDB]EVENT_LOG_v1 {"time_micros": 1578469023678810, "cf_name": "0", "job": 4, "event": "table_file_creation", "file_number": 17, "file_size": 68989963, "table_properties": {"data_size": 67112495, "index_size": 888515, "filter_size": 987922, "raw_key_size": 24596598, "raw_average_key_size": 41, "raw_value_size": 56765658, "raw_average_value_size": 94, "num_data_blocks": 16740, "num_entries": 597534, "filter_policy_name": "rocksdb.BuiltinBloomFilter", "kDeletedKeys": "0", "kMergeOperands": "0"}}
[23303] 01-08 07:37:04,979 INFO [RocksDB][db/compaction_job.cc:1211] [0] [JOB 4] Generated table #18: 597507 keys, 68988753 bytes
[23303] 01-08 07:37:04,979 INFO [RocksDB]EVENT_LOG_v1 {"time_micros": 1578469024979634, "cf_name": "0", "job": 4, "event": "table_file_creation", "file_number": 18, "file_size": 68988753, "table_properties": {"data_size": 67111137, "index_size": 888698, "filter_size": 987887, "raw_key_size": 24594081, "raw_average_key_size": 41, "raw_value_size": 56763246, "raw_average_value_size": 95, "num_data_blocks": 16740, "num_entries": 597507, "filter_policy_name": "rocksdb.BuiltinBloomFilter", "kDeletedKeys": "0", "kMergeOperands": "0"}}
[23303] 01-08 07:37:06,283 INFO [RocksDB][db/compaction_job.cc:1211] [0] [JOB 4] Generated table #19: 597519 keys, 68989874 bytes
[23303] 01-08 07:37:06,283 INFO [RocksDB]EVENT_LOG_v1 {"time_micros": 1578469026283764, "cf_name": "0", "job": 4, "event": "table_file_creation", "file_number": 19, "file_size": 68989874, "table_properties": {"data_size": 67112420, "index_size": 888531, "filter_size": 987892, "raw_key_size": 24593941, "raw_average_key_size": 41, "raw_value_size": 56764296, "raw_average_value_size": 94, "num_data_blocks": 16739, "num_entries": 597519, "filter_policy_name": "rocksdb.BuiltinBloomFilter", "kDeletedKeys": "0", "kMergeOperands": "0"}}
[23303] 01-08 07:37:07,592 INFO [RocksDB][db/compaction_job.cc:1211] [0] [JOB 4] Generated table #20: 597484 keys, 68986721 bytes
[23303] 01-08 07:37:07,592 INFO [RocksDB]EVENT_LOG_v1 {"time_micros": 1578469027592784, "cf_name": "0", "job": 4, "event": "table_file_creation", "file_number": 20, "file_size": 68986721, "table_properties": {"data_size": 67109145, "index_size": 888705, "filter_size": 987840, "raw_key_size": 24593725, "raw_average_key_size": 41, "raw_value_size": 56760953, "raw_average_value_size": 94, "num_data_blocks": 16738, "num_entries": 597484, "filter_policy_name": "rocksdb.BuiltinBloomFilter", "kDeletedKeys": "0", "kMergeOperands": "0"}}
[23303] 01-08 07:37:08,900 INFO [RocksDB][db/compaction_job.cc:1211] [0] [JOB 4] Generated table #21: 597519 keys, 68986750 bytes
[23303] 01-08 07:37:08,901 INFO [RocksDB]EVENT_LOG_v1 {"time_micros": 1578469028901006, "cf_name": "0", "job": 4, "event": "table_file_creation", "file_number": 21, "file_size": 68986750, "table_properties": {"data_size": 67109815, "index_size": 888023, "filter_size": 987881, "raw_key_size": 24594710, "raw_average_key_size": 41, "raw_value_size": 56764296, "raw_average_value_size": 94, "num_data_blocks": 16738, "num_entries": 597519, "filter_policy_name": "rocksdb.BuiltinBloomFilter", "kDeletedKeys": "0", "kMergeOperands": "0"}}
[23303] 01-08 07:37:10,210 INFO [RocksDB][db/compaction_job.cc:1211] [0] [JOB 4] Generated table #22: 597491 keys, 68987346 bytes
[23303] 01-08 07:37:10,210 INFO [RocksDB]EVENT_LOG_v1 {"time_micros": 1578469030210620, "cf_name": "0", "job": 4, "event": "table_file_creation", "file_number": 22, "file_size": 68987346, "table_properties": {"data_size": 67109758, "index_size": 888692, "filter_size": 987865, "raw_key_size": 24594361, "raw_average_key_size": 41, "raw_value_size": 56761681, "raw_average_value_size": 95, "num_data_blocks": 16740, "num_entries": 597491, "filter_policy_name": "rocksdb.BuiltinBloomFilter", "kDeletedKeys": "0", "kMergeOperands": "0"}}
[23303] 01-08 07:37:11,583 INFO [RocksDB][db/compaction_job.cc:1211] [0] [JOB 4] Generated table #23: 597515 keys, 68990631 bytes
[23303] 01-08 07:37:11,583 INFO [RocksDB]EVENT_LOG_v1 {"time_micros": 1578469031583857, "cf_name": "0", "job": 4, "event": "table_file_creation", "file_number": 23, "file_size": 68990631, "table_properties": {"data_size": 67112955, "index_size": 888746, "filter_size": 987899, "raw_key_size": 24594949, "raw_average_key_size": 41, "raw_value_size": 56763880, "raw_average_value_size": 94, "num_data_blocks": 16740, "num_entries": 597515, "filter_policy_name": "rocksdb.BuiltinBloomFilter", "kDeletedKeys": "0", "kMergeOperands": "0"}}
[23303] 01-08 07:37:11,810 INFO [RocksDB][db/db_impl_write.cc:1373] [0] New memtable created with log file: #25. Immutable memtables: 1.

[23303] 01-08 07:37:11,810 INFO [RocksDB][db/db_impl_compaction_flush.cc:80] [JOB 5] Syncing log #13
[23303] 01-08 07:37:13,166 INFO [RocksDB][db/db_impl_compaction_flush.cc:80] [JOB 5] Syncing log #16
[23303] 01-08 07:37:13,179 INFO [RocksDB][db/compaction_job.cc:1211] [0] [JOB 4] Generated table #24: 597506 keys, 68988004 bytes
[23303] 01-08 07:37:13,179 INFO [RocksDB]EVENT_LOG_v1 {"time_micros": 1578469033179697, "cf_name": "0", "job": 4, "event": "table_file_creation", "file_number": 24, "file_size": 68988004, "table_properties": {"data_size": 67110483, "index_size": 888606, "filter_size": 987884, "raw_key_size": 24595437, "raw_average_key_size": 41, "raw_value_size": 56763043, "raw_average_value_size": 94, "num_data_blocks": 16740, "num_entries": 597506, "filter_policy_name": "rocksdb.BuiltinBloomFilter", "kDeletedKeys": "0", "kMergeOperands": "0"}}
[23303] 01-08 07:37:14,830 INFO [RocksDB][db/compaction_job.cc:1211] [0] [JOB 4] Generated table #27: 96534 keys, 11139921 bytes
[23303] 01-08 07:37:14,830 INFO [RocksDB]EVENT_LOG_v1 {"time_micros": 1578469034830944, "cf_name": "0", "job": 4, "event": "table_file_creation", "file_number": 27, "file_size": 11139921, "table_properties": {"data_size": 10837661, "index_size": 141653, "filter_size": 159577, "raw_key_size": 3924520, "raw_average_key_size": 40, "raw_value_size": 9170811, "raw_average_value_size": 95, "num_data_blocks": 2703, "num_entries": 96534, "filter_policy_name": "rocksdb.BuiltinBloomFilter", "kDeletedKeys": "0", "kMergeOperands": "0"}}
[23303] 01-08 07:37:14,832 INFO [RocksDB][db/compaction_job.cc:1287] [0] [JOB 4] Compacted 2@0 files to L1 => 632794700 bytes
[23303] 01-08 07:37:14,832 INFO [RocksDB](Original Log Time 2020/01/08-07:37:11.810275) [db/db_impl_compaction_flush.cc:1424] Calling FlushMemTableToOutputFile with column family [0], flush slots available 4, compaction slots available 1, flush slots scheduled 1, compaction slots scheduled 1
[23303] 01-08 07:37:14,832 INFO [RocksDB][db/flush_job.cc:301] [0] [JOB 5] Flushing memtable with next log file: 16

[23303] 01-08 07:37:14,832 INFO [RocksDB][db/flush_job.cc:301] [0] [JOB 5] Flushing memtable with next log file: 25

[23303] 01-08 07:37:14,832 INFO [RocksDB]EVENT_LOG_v1 {"time_micros": 1578469034832294, "job": 5, "event": "flush_started", "num_memtables": 2, "num_entries": 3284363, "num_deletes": 0, "memory_usage": 520100056, "flush_reason": "Write Buffer Full"}
[23303] 01-08 07:37:14,832 INFO [RocksDB][db/flush_job.cc:331] [0] [JOB 5] Level-0 flush table #26: started
[23303] 01-08 07:37:14,833 INFO [RocksDB](Original Log Time 2020/01/08-07:37:14.833859) [db/compaction_job.cc:685] [0] compacted to: base level 1 max bytes base 536870912 files[0 10 0 0 0 0 0] max score 1.18, MB/sec: 45.5 rd, 45.5 wr, level 1, files in(2, 0) out(10) MB in(603.7, 0.0) out(603.5), read-write-amplify(2.0) write-amplify(1.0) OK, records in: 6045404, records dropped: 1 output_compression: NoCompression

[23303] 01-08 07:37:14,833 INFO [RocksDB](Original Log Time 2020/01/08-07:37:14.833885) EVENT_LOG_v1 {"time_micros": 1578469034833869, "job": 4, "event": "compaction_finished", "compaction_time_micros": 13913032, "output_level": 1, "num_output_files": 10, "total_output_size": 632794700, "num_input_records": 6045404, "num_output_records": 6045403, "num_subcompactions": 1, "output_compression": "NoCompression", "num_single_delete_mismatches": 0, "num_single_delete_fallthrough": 0, "lsm_state": [0, 10, 0, 0, 0, 0, 0]}
[23303] 01-08 07:37:14,834 INFO [RocksDB][db/compaction_job.cc:1531] [0] [JOB 6] Compacting 1@1 files to L2, score 1.18
[23303] 01-08 07:37:14,834 INFO [RocksDB][db/compaction_job.cc:1535] [0] Compaction start summary: Base version 5 Base level 1, inputs: [15(66MB)]

[23303] 01-08 07:37:14,834 INFO [RocksDB]EVENT_LOG_v1 {"time_micros": 1578469034834527, "job": 6, "event": "compaction_started", "compaction_reason": "LevelMaxLevelSize", "files_L1": [15], "score": 1.17867, "input_data_size": 69746737}
[23303] 01-08 07:37:18,111 INFO [RocksDB][db/compaction_job.cc:1211] [0] [JOB 6] Generated table #28: 1168794 keys, 54968451 bytes
[23303] 01-08 07:37:18,111 INFO [RocksDB]EVENT_LOG_v1 {"time_micros": 1578469038111645, "cf_name": "0", "job": 6, "event": "table_file_creation", "file_number": 28, "file_size": 54968451, "table_properties": {"data_size": 52803027, "index_size": 972875, "filter_size": 1634730, "raw_key_size": 55519057, "raw_average_key_size": 47, "raw_value_size": 29423403, "raw_average_value_size": 25, "num_data_blocks": 16604, "num_entries": 1168794, "filter_policy_name": "rocksdb.BuiltinBloomFilter", "kDeletedKeys": "0", "kMergeOperands": "0"}}
[23303] 01-08 07:37:18,113 INFO [RocksDB][db/compaction_job.cc:1287] [0] [JOB 6] Compacted 1@1 files to L2 => 54968451 bytes
[23303] 01-08 07:37:18,115 INFO [RocksDB](Original Log Time 2020/01/08-07:37:18.115144) [db/compaction_job.cc:685] [0] compacted to: base level 1 max bytes base 536870912 files[0 9 1 0 0 0 0] max score 1.05, MB/sec: 21.3 rd, 16.8 wr, level 2, files in(1, 0) out(1) MB in(66.5, 0.0) out(52.4), read-write-amplify(1.8) write-amplify(0.8) OK, records in: 1168794, records dropped: 0 output_compression: Snappy

[23303] 01-08 07:37:18,115 INFO [RocksDB](Original Log Time 2020/01/08-07:37:18.115169) EVENT_LOG_v1 {"time_micros": 1578469038115154, "job": 6, "event": "compaction_finished", "compaction_time_micros": 3278460, "output_level": 2, "num_output_files": 1, "total_output_size": 54968451, "num_input_records": 1168794, "num_output_records": 1168794, "num_subcompactions": 1, "output_compression": "Snappy", "num_single_delete_mismatches": 0, "num_single_delete_fallthrough": 0, "lsm_state": [0, 9, 1, 0, 0, 0, 0]}
[23303] 01-08 07:37:18,122 INFO [RocksDB]EVENT_LOG_v1 {"time_micros": 1578469038122359, "job": 6, "event": "table_file_deletion", "file_number": 15}
[23303] 01-08 07:37:18,122 INFO [RocksDB][db/compaction_job.cc:1531] [0] [JOB 7] Compacting 1@1 files to L2, score 1.05
[23303] 01-08 07:37:18,122 INFO [RocksDB][db/compaction_job.cc:1535] [0] Compaction start summary: Base version 6 Base level 1, inputs: [23(65MB)]

[23303] 01-08 07:37:18,122 INFO [RocksDB]EVENT_LOG_v1 {"time_micros": 1578469038122408, "job": 7, "event": "compaction_started", "compaction_reason": "LevelMaxLevelSize", "files_L1": [23], "score": 1.04876, "input_data_size": 68990631}
[23303] 01-08 07:37:21,403 INFO [RocksDB][db/compaction_job.cc:1211] [0] [JOB 7] Generated table #29: 597515 keys, 68589050 bytes
[23303] 01-08 07:37:21,403 INFO [RocksDB]EVENT_LOG_v1 {"time_micros": 1578469041403379, "cf_name": "0", "job": 7, "event": "table_file_creation", "file_number": 29, "file_size": 68589050, "table_properties": {"data_size": 67112955, "index_size": 888746, "filter_size": 987899, "raw_key_size": 24594949, "raw_average_key_size": 41, "raw_value_size": 56763880, "raw_average_value_size": 94, "num_data_blocks": 16740, "num_entries": 597515, "filter_policy_name": "rocksdb.BuiltinBloomFilter", "kDeletedKeys": "0", "kMergeOperands": "0"}}
[23303] 01-08 07:37:21,404 INFO [RocksDB][db/compaction_job.cc:1287] [0] [JOB 7] Compacted 1@1 files to L2 => 68589050 bytes
[23303] 01-08 07:37:21,406 INFO [RocksDB](Original Log Time 2020/01/08-07:37:21.406054) [db/compaction_job.cc:685] [0] compacted to: base level 1 max bytes base 536870912 files[0 8 2 0 0 0 0] max score 0.92, MB/sec: 21.0 rd, 20.9 wr, level 2, files in(1, 0) out(1) MB in(65.8, 0.0) out(65.4), read-write-amplify(2.0) write-amplify(1.0) OK, records in: 597515, records dropped: 0 output_compression: Snappy

[23303] 01-08 07:37:21,406 INFO [RocksDB](Original Log Time 2020/01/08-07:37:21.406087) EVENT_LOG_v1 {"time_micros": 1578469041406080, "job": 7, "event": "compaction_finished", "compaction_time_micros": 3282097, "output_level": 2, "num_output_files": 1, "total_output_size": 68589050, "num_input_records": 597515, "num_output_records": 597515, "num_subcompactions": 1, "output_compression": "Snappy", "num_single_delete_mismatches": 0, "num_single_delete_fallthrough": 0, "lsm_state": [0, 8, 2, 0, 0, 0, 0]}
[23303] 01-08 07:37:21,412 INFO [RocksDB]EVENT_LOG_v1 {"time_micros": 1578469041412282, "job": 7, "event": "table_file_deletion", "file_number": 23}
[23303] 01-08 07:37:23,214 INFO [RocksDB]EVENT_LOG_v1 {"time_micros": 1578469043214242, "cf_name": "0", "job": 5, "event": "table_file_creation", "file_number": 26, "file_size": 319344184, "table_properties": {"data_size": 310276623, "index_size": 4160229, "filter_size": 4906290, "raw_key_size": 129250326, "raw_average_key_size": 42, "raw_value_size": 248556683, "raw_average_value_size": 81, "num_data_blocks": 77307, "num_entries": 3049769, "filter_policy_name": "rocksdb.BuiltinBloomFilter", "kDeletedKeys": "0", "kMergeOperands": "0"}}
[23303] 01-08 07:37:23,214 INFO [RocksDB][db/flush_job.cc:371] [0] [JOB 5] Level-0 flush table #26: 319344184 bytes OK
[23303] 01-08 07:37:23,216 INFO [RocksDB](Original Log Time 2020/01/08-07:37:23.215268) [db/memtable_list.cc:377] [0] Level-0 commit table #26 started
[23303] 01-08 07:37:23,216 INFO [RocksDB](Original Log Time 2020/01/08-07:37:23.216536) [db/memtable_list.cc:409] [0] Level-0 commit table #26: memtable #1 done
[23303] 01-08 07:37:23,216 INFO [RocksDB](Original Log Time 2020/01/08-07:37:23.216537) [db/memtable_list.cc:409] [0] Level-0 commit table #26: memtable #2 done
[23303] 01-08 07:37:23,216 INFO [RocksDB](Original Log Time 2020/01/08-07:37:23.216546) EVENT_LOG_v1 {"time_micros": 1578469043216542, "job": 5, "event": "flush_finished", "output_compression": "NoCompression", "lsm_state": [1, 8, 2, 0, 0, 0, 0], "immutable_memtables": 0}
[23303] 01-08 07:37:23,216 INFO [RocksDB](Original Log Time 2020/01/08-07:37:23.216567) [db/db_impl_compaction_flush.cc:177] [0] Level summary: base level 1 max bytes base 536870912 files[1 8 2 0 0 0 0] max score 0.92

[23303] 01-08 07:37:23,216 INFO [RocksDB][db/db_impl_files.cc:342] [JOB 5] Try to delete WAL files size 387893463, prev total WAL file size 559041158, number of live WAL files 3.

[23303] 01-08 07:37:23,263 INFO [RocksDB]EVENT_LOG_v1 {"time_micros": 1578469043263096, "job": 5, "event": "table_file_deletion", "file_number": 14}
[23303] 01-08 07:37:23,311 INFO [RocksDB]EVENT_LOG_v1 {"time_micros": 1578469043311443, "job": 5, "event": "table_file_deletion", "file_number": 11}
[23303] 01-08 07:37:25,471 INFO [RocksDB][db/db_impl_write.cc:1373] [0] New memtable created with log file: #30. Immutable memtables: 0.

[23303] 01-08 07:37:41,419 INFO [RocksDB][db/db_impl_write.cc:1373] [0] New memtable created with log file: #31. Immutable memtables: 1.

[23303] 01-08 07:37:41,419 INFO [RocksDB][db/db_impl_compaction_flush.cc:80] [JOB 8] Syncing log #25
[23303] 01-08 07:37:41,949 INFO [RocksDB][db/db_impl_compaction_flush.cc:80] [JOB 8] Syncing log #30
[23303] 01-08 07:37:43,891 INFO [RocksDB](Original Log Time 2020/01/08-07:37:41.419273) [db/db_impl_compaction_flush.cc:1424] Calling FlushMemTableToOutputFile with column family [0], flush slots available 4, compaction slots available 1, flush slots scheduled 1, compaction slots scheduled 0
[23303] 01-08 07:37:43,891 INFO [RocksDB][db/flush_job.cc:301] [0] [JOB 8] Flushing memtable with next log file: 30

[23303] 01-08 07:37:43,891 INFO [RocksDB][db/flush_job.cc:301] [0] [JOB 8] Flushing memtable with next log file: 31

[23303] 01-08 07:37:43,891 INFO [RocksDB]EVENT_LOG_v1 {"time_micros": 1578469063891450, "job": 8, "event": "flush_started", "num_memtables": 2, "num_entries": 3508110, "num_deletes": 0, "memory_usage": 520099928, "flush_reason": "Write Buffer Full"}
[23303] 01-08 07:37:43,891 INFO [RocksDB][db/flush_job.cc:331] [0] [JOB 8] Level-0 flush table #32: started
[23303] 01-08 07:37:50,384 INFO [RocksDB]EVENT_LOG_v1 {"time_micros": 1578469070384208, "cf_name": "0", "job": 8, "event": "table_file_creation", "file_number": 32, "file_size": 341098864, "table_properties": {"data_size": 331408853, "index_size": 4448498, "filter_size": 5240471, "raw_key_size": 138053978, "raw_average_key_size": 42, "raw_value_size": 265487144, "raw_average_value_size": 81, "num_data_blocks": 82570, "num_entries": 3257527, "filter_policy_name": "rocksdb.BuiltinBloomFilter", "kDeletedKeys": "0", "kMergeOperands": "0"}}
[23303] 01-08 07:37:50,384 INFO [RocksDB][db/flush_job.cc:371] [0] [JOB 8] Level-0 flush table #32: 341098864 bytes OK
[23303] 01-08 07:37:50,387 INFO [RocksDB](Original Log Time 2020/01/08-07:37:50.385704) [db/memtable_list.cc:377] [0] Level-0 commit table #32 started
[23303] 01-08 07:37:50,387 INFO [RocksDB](Original Log Time 2020/01/08-07:37:50.387397) [db/memtable_list.cc:409] [0] Level-0 commit table #32: memtable #1 done
[23303] 01-08 07:37:50,387 INFO [RocksDB](Original Log Time 2020/01/08-07:37:50.387398) [db/memtable_list.cc:409] [0] Level-0 commit table #32: memtable #2 done
[23303] 01-08 07:37:50,387 INFO [RocksDB](Original Log Time 2020/01/08-07:37:50.387408) EVENT_LOG_v1 {"time_micros": 1578469070387403, "job": 8, "event": "flush_finished", "output_compression": "NoCompression", "lsm_state": [2, 8, 2, 0, 0, 0, 0], "immutable_memtables": 0}
[23303] 01-08 07:37:50,387 INFO [RocksDB](Original Log Time 2020/01/08-07:37:50.387436) [db/db_impl_compaction_flush.cc:177] [0] Level summary: base level 1 max bytes base 536870912 files[2 8 2 0 0 0 0] max score 1.23

[23303] 01-08 07:37:50,387 INFO [RocksDB][db/db_impl_files.cc:342] [JOB 8] Try to delete WAL files size 414316087, prev total WAL file size 496644531, number of live WAL files 3.

[23303] 01-08 07:37:50,387 INFO [RocksDB][db/compaction_job.cc:1531] [0] [JOB 9] Compacting 2@0 + 8@1 files to L1, score 1.23
[23303] 01-08 07:37:50,387 INFO [RocksDB][db/compaction_job.cc:1535] [0] Compaction start summary: Base version 9 Base level 0, inputs: [32(325MB) 26(304MB)], [17(65MB) 18(65MB) 19(65MB) 20(65MB) 21(65MB) 22(65MB) 24(65MB) 27(10MB)]

[23303] 01-08 07:37:50,387 INFO [RocksDB]EVENT_LOG_v1 {"time_micros": 1578469070387614, "job": 9, "event": "compaction_started", "compaction_reason": "LevelL0FilesNum", "files_L0": [32, 26], "files_L1": [17, 18, 19, 20, 21, 22, 24, 27], "score": 1.23017, "input_data_size": 1154500380}
[23303] 01-08 07:37:51,877 INFO [RocksDB][db/compaction_job.cc:1211] [0] [JOB 9] Generated table #33: 1193356 keys, 69782781 bytes
[23303] 01-08 07:37:51,877 INFO [RocksDB]EVENT_LOG_v1 {"time_micros": 1578469071877927, "cf_name": "0", "job": 9, "event": "table_file_creation", "file_number": 33, "file_size": 69782781, "table_properties": {"data_size": 67112988, "index_size": 977220, "filter_size": 1691542, "raw_key_size": 56852399, "raw_average_key_size": 47, "raw_value_size": 28219512, "raw_average_value_size": 23, "num_data_blocks": 16600, "num_entries": 1193356, "filter_policy_name": "rocksdb.BuiltinBloomFilter", "kDeletedKeys": "0", "kMergeOperands": "0"}}
[23303] 01-08 07:37:53,177 INFO [RocksDB][db/compaction_job.cc:1211] [0] [JOB 9] Generated table #34: 597582 keys, 68987408 bytes
[23303] 01-08 07:37:53,177 INFO [RocksDB]EVENT_LOG_v1 {"time_micros": 1578469073177707, "cf_name": "0", "job": 9, "event": "table_file_creation", "file_number": 34, "file_size": 68987408, "table_properties": {"data_size": 67109329, "index_size": 889057, "filter_size": 987991, "raw_key_size": 24598889, "raw_average_key_size": 41, "raw_value_size": 56770353, "raw_average_value_size": 95, "num_data_blocks": 16742, "num_entries": 597582, "filter_policy_name": "rocksdb.BuiltinBloomFilter", "kDeletedKeys": "0", "kMergeOperands": "0"}}
[23303] 01-08 07:37:54,487 INFO [RocksDB][db/compaction_job.cc:1211] [0] [JOB 9] Generated table #35: 597640 keys, 68989266 bytes
[23303] 01-08 07:37:54,487 INFO [RocksDB]EVENT_LOG_v1 {"time_micros": 1578469074487092, "cf_name": "0", "job": 9, "event": "table_file_creation", "file_number": 35, "file_size": 68989266, "table_properties": {"data_size": 67111561, "index_size": 888612, "filter_size": 988062, "raw_key_size": 24600782, "raw_average_key_size": 41, "raw_value_size": 56775791, "raw_average_value_size": 94, "num_data_blocks": 16742, "num_entries": 597640, "filter_policy_name": "rocksdb.BuiltinBloomFilter", "kDeletedKeys": "0", "kMergeOperands": "0"}}
[23303] 01-08 07:37:55,812 INFO [RocksDB][db/compaction_job.cc:1211] [0] [JOB 9] Generated table #36: 597592 keys, 68987556 bytes
[23303] 01-08 07:37:55,812 INFO [RocksDB]EVENT_LOG_v1 {"time_micros": 1578469075812498, "cf_name": "0", "job": 9, "event": "table_file_creation", "file_number": 36, "file_size": 68987556, "table_properties": {"data_size": 67109540, "index_size": 888972, "filter_size": 988013, "raw_key_size": 24596384, "raw_average_key_size": 41, "raw_value_size": 56771195, "raw_average_value_size": 94, "num_data_blocks": 16743, "num_entries": 597592, "filter_policy_name": "rocksdb.BuiltinBloomFilter", "kDeletedKeys": "0", "kMergeOperands": "0"}}
[23303] 01-08 07:37:57,099 INFO [RocksDB][db/compaction_job.cc:1211] [0] [JOB 9] Generated table #37: 597602 keys, 68989601 bytes
[23303] 01-08 07:37:57,099 INFO [RocksDB]EVENT_LOG_v1 {"time_micros": 1578469077099429, "cf_name": "0", "job": 9, "event": "table_file_creation", "file_number": 37, "file_size": 68989601, "table_properties": {"data_size": 67111414, "index_size": 889129, "filter_size": 988027, "raw_key_size": 24598893, "raw_average_key_size": 41, "raw_value_size": 56772235, "raw_average_value_size": 95, "num_data_blocks": 16743, "num_entries": 597602, "filter_policy_name": "rocksdb.BuiltinBloomFilter", "kDeletedKeys": "0", "kMergeOperands": "0"}}
[23303] 01-08 07:37:58,478 INFO [RocksDB][db/compaction_job.cc:1211] [0] [JOB 9] Generated table #38: 597597 keys, 68989769 bytes
[23303] 01-08 07:37:58,478 INFO [RocksDB]EVENT_LOG_v1 {"time_micros": 1578469078478711, "cf_name": "0", "job": 9, "event": "table_file_creation", "file_number": 38, "file_size": 68989769, "table_properties": {"data_size": 67111928, "index_size": 888788, "filter_size": 988022, "raw_key_size": 24596753, "raw_average_key_size": 41, "raw_value_size": 56771715, "raw_average_value_size": 95, "num_data_blocks": 16743, "num_entries": 597597, "filter_policy_name": "rocksdb.BuiltinBloomFilter", "kDeletedKeys": "0", "kMergeOperands": "0"}}
[23303] 01-08 07:37:59,778 INFO [RocksDB][db/compaction_job.cc:1211] [0] [JOB 9] Generated table #39: 597611 keys, 68986749 bytes
[23303] 01-08 07:37:59,779 INFO [RocksDB]EVENT_LOG_v1 {"time_micros": 1578469079779003, "cf_name": "0", "job": 9, "event": "table_file_creation", "file_number": 39, "file_size": 68986749, "table_properties": {"data_size": 67109232, "index_size": 888468, "filter_size": 988018, "raw_key_size": 24598183, "raw_average_key_size": 41, "raw_value_size": 56772973, "raw_average_value_size": 94, "num_data_blocks": 16741, "num_entries": 597611, "filter_policy_name": "rocksdb.BuiltinBloomFilter", "kDeletedKeys": "0", "kMergeOperands": "0"}}
[23303] 01-08 07:38:01,079 INFO [RocksDB][db/compaction_job.cc:1211] [0] [JOB 9] Generated table #40: 597594 keys, 68988273 bytes
[23303] 01-08 07:38:01,079 INFO [RocksDB]EVENT_LOG_v1 {"time_micros": 1578469081079446, "cf_name": "0", "job": 9, "event": "table_file_creation", "file_number": 40, "file_size": 68988273, "table_properties": {"data_size": 67110498, "index_size": 888740, "filter_size": 988004, "raw_key_size": 24597460, "raw_average_key_size": 41, "raw_value_size": 56771502, "raw_average_value_size": 95, "num_data_blocks": 16742, "num_entries": 597594, "filter_policy_name": "rocksdb.BuiltinBloomFilter", "kDeletedKeys": "0", "kMergeOperands": "0"}}
[23303] 01-08 07:38:02,382 INFO [RocksDB][db/compaction_job.cc:1211] [0] [JOB 9] Generated table #41: 597611 keys, 68989704 bytes
[23303] 01-08 07:38:02,382 INFO [RocksDB]EVENT_LOG_v1 {"time_micros": 1578469082382592, "cf_name": "0", "job": 9, "event": "table_file_creation", "file_number": 41, "file_size": 68989704, "table_properties": {"data_size": 67112005, "index_size": 888637, "filter_size": 988031, "raw_key_size": 24596841, "raw_average_key_size": 41, "raw_value_size": 56772973, "raw_average_value_size": 94, "num_data_blocks": 16742, "num_entries": 597611, "filter_policy_name": "rocksdb.BuiltinBloomFilter", "kDeletedKeys": "0", "kMergeOperands": "0"}}
[23303] 01-08 07:38:03,692 INFO [RocksDB][db/compaction_job.cc:1211] [0] [JOB 9] Generated table #42: 597623 keys, 68989821 bytes
[23303] 01-08 07:38:03,692 INFO [RocksDB]EVENT_LOG_v1 {"time_micros": 1578469083692290, "cf_name": "0", "job": 9, "event": "table_file_creation", "file_number": 42, "file_size": 68989821, "table_properties": {"data_size": 67112046, "index_size": 888701, "filter_size": 988043, "raw_key_size": 24599600, "raw_average_key_size": 41, "raw_value_size": 56774221, "raw_average_value_size": 95, "num_data_blocks": 16742, "num_entries": 597623, "filter_policy_name": "rocksdb.BuiltinBloomFilter", "kDeletedKeys": "0", "kMergeOperands": "0"}}
[23303] 01-08 07:38:04,001 INFO [RocksDB][db/compaction_job.cc:1211] [0] [JOB 9] Generated table #43: 597587 keys, 68989863 bytes
[23303] 01-08 07:38:04,001 INFO [RocksDB]EVENT_LOG_v1 {"time_micros": 1578469085001065, "cf_name": "0", "job": 9, "event": "table_file_creation", "file_number": 43, "file_size": 68989863, "table_properties": {"data_size": 67111496, "index_size": 889326, "filter_size": 988010, "raw_key_size": 24598263, "raw_average_key_size": 41, "raw_value_size": 56770774, "raw_average_value_size": 95, "num_data_blocks": 16743, "num_entries": 597587, "filter_policy_name": "rocksdb.BuiltinBloomFilter", "kDeletedKeys": "0", "kMergeOperands": "0"}}
[23303] 01-08 07:38:06,380 INFO [RocksDB][db/compaction_job.cc:1211] [0] [JOB 9] Generated table #44: 597600 keys, 68987276 bytes
[23303] 01-08 07:38:06,380 INFO [RocksDB]EVENT_LOG_v1 {"time_micros": 1578469086380198, "cf_name": "0", "job": 9, "event": "table_file_creation", "file_number": 44, "file_size": 68987276, "table_properties": {"data_size": 67109659, "index_size": 888574, "filter_size": 988012, "raw_key_size": 24597102, "raw_average_key_size": 41, "raw_value_size": 56772027, "raw_average_value_size": 95, "num_data_blocks": 16742, "num_entries": 597600, "filter_policy_name": "rocksdb.BuiltinBloomFilter", "kDeletedKeys": "0", "kMergeOperands": "0"}}
[23303] 01-08 07:38:07,682 INFO [RocksDB][db/compaction_job.cc:1211] [0] [JOB 9] Generated table #45: 597613 keys, 68988461 bytes
[23303] 01-08 07:38:07,682 INFO [RocksDB]EVENT_LOG_v1 {"time_micros": 1578469087682743, "cf_name": "0", "job": 9, "event": "table_file_creation", "file_number": 45, "file_size": 68988461, "table_properties": {"data_size": 67110517, "index_size": 888893, "filter_size": 988020, "raw_key_size": 24600775, "raw_average_key_size": 41, "raw_value_size": 56773181, "raw_average_value_size": 94, "num_data_blocks": 16741, "num_entries": 597613, "filter_policy_name": "rocksdb.BuiltinBloomFilter", "kDeletedKeys": "0", "kMergeOperands": "0"}}
[23303] 01-08 07:38:08,983 INFO [RocksDB][db/compaction_job.cc:1211] [0] [JOB 9] Generated table #46: 597511 keys, 68986626 bytes
[23303] 01-08 07:38:08,984 INFO [RocksDB]EVENT_LOG_v1 {"time_micros": 1578469088984007, "cf_name": "0", "job": 9, "event": "table_file_creation", "file_number": 46, "file_size": 68986626, "table_properties": {"data_size": 67109074, "index_size": 888632, "filter_size": 987889, "raw_key_size": 24595768, "raw_average_key_size": 41, "raw_value_size": 56763563, "raw_average_value_size": 95, "num_data_blocks": 16740, "num_entries": 597511, "filter_policy_name": "rocksdb.BuiltinBloomFilter", "kDeletedKeys": "0", "kMergeOperands": "0"}}
[23303] 01-08 07:38:10,287 INFO [RocksDB][db/compaction_job.cc:1211] [0] [JOB 9] Generated table #47: 597576 keys, 68990421 bytes
[23303] 01-08 07:38:10,287 INFO [RocksDB]EVENT_LOG_v1 {"time_micros": 1578469090287277, "cf_name": "0", "job": 9, "event": "table_file_creation", "file_number": 47, "file_size": 68990421, "table_properties": {"data_size": 67112173, "index_size": 889227, "filter_size": 987990, "raw_key_size": 24599275, "raw_average_key_size": 41, "raw_value_size": 56769729, "raw_average_value_size": 95, "num_data_blocks": 16742, "num_entries": 597576, "filter_policy_name": "rocksdb.BuiltinBloomFilter", "kDeletedKeys": "0", "kMergeOperands": "0"}}
[23303] 01-08 07:38:11,596 INFO [RocksDB][db/compaction_job.cc:1211] [0] [JOB 9] Generated table #48: 597580 keys, 68988350 bytes
[23303] 01-08 07:38:11,596 INFO [RocksDB]EVENT_LOG_v1 {"time_micros": 1578469091596135, "cf_name": "0", "job": 9, "event": "table_file_creation", "file_number": 48, "file_size": 68988350, "table_properties": {"data_size": 67110177, "index_size": 889136, "filter_size": 988006, "raw_key_size": 24596726, "raw_average_key_size": 41, "raw_value_size": 56770145, "raw_average_value_size": 95, "num_data_blocks": 16744, "num_entries": 597580, "filter_policy_name": "rocksdb.BuiltinBloomFilter", "kDeletedKeys": "0", "kMergeOperands": "0"}}
[23303] 01-08 07:38:12,584 INFO [RocksDB][db/compaction_job.cc:1211] [0] [JOB 9] Generated table #49: 429114 keys, 49529964 bytes
[23303] 01-08 07:38:12,584 INFO [RocksDB]EVENT_LOG_v1 {"time_micros": 1578469092584589, "cf_name": "0", "job": 9, "event": "table_file_creation", "file_number": 49, "file_size": 49529964, "table_properties": {"data_size": 48183253, "index_size": 636321, "filter_size": 709360, "raw_key_size": 17567565, "raw_average_key_size": 40, "raw_value_size": 40765866, "raw_average_value_size": 95, "num_data_blocks": 12015, "num_entries": 429114, "filter_policy_name": "rocksdb.BuiltinBloomFilter", "kDeletedKeys": "0", "kMergeOperands": "0"}}
[23303] 01-08 07:38:12,585 INFO [RocksDB][db/compaction_job.cc:1287] [0] [JOB 9] Compacted 2@0 + 8@1 files to L1 => 1154141889 bytes
[23303] 01-08 07:38:12,587 INFO [RocksDB](Original Log Time 2020/01/08-07:38:12.587124) [db/compaction_job.cc:685] [0] compacted to: base level 1 max bytes base 536870912 files[0 17 2 0 0 0 0] max score 2.15, MB/sec: 52.0 rd, 52.0 wr, level 1, files in(2, 8) out(17) MB in(629.8, 471.2) out(1100.7), read-write-amplify(3.5) write-amplify(1.7) OK, records in: 10586390, records dropped: 1 output_compression: NoCompression

[23303] 01-08 07:38:12,587 INFO [RocksDB](Original Log Time 2020/01/08-07:38:12.587152) EVENT_LOG_v1 {"time_micros": 1578469092587145, "job": 9, "event": "compaction_finished", "compaction_time_micros": 22198019, "output_level": 1, "num_output_files": 17, "total_output_size": 1154141889, "num_input_records": 10586390, "num_output_records": 10586389, "num_subcompactions": 1, "output_compression": "NoCompression", "num_single_delete_mismatches": 0, "num_single_delete_fallthrough": 0, "lsm_state": [0, 17, 2, 0, 0, 0, 0]}
[23303] 01-08 07:38:12,587 INFO [RocksDB][db/compaction_picker.cc:485] [0] Expanding@1 1+1(69782781+54968451 bytes) to 2+1 (138770189+54968451 bytes)

[23303] 01-08 07:38:12,587 INFO [RocksDB][db/compaction_job.cc:1531] [0] [JOB 10] Compacting 2@1 + 1@2 files to L2, score 2.15
[23303] 01-08 07:38:12,587 INFO [RocksDB][db/compaction_job.cc:1535] [0] Compaction start summary: Base version 10 Base level 1, inputs: [33(66MB) 34(65MB)], [28(52MB)]

[23303] 01-08 07:38:12,587 INFO [RocksDB]EVENT_LOG_v1 {"time_micros": 1578469092587254, "job": 10, "event": "compaction_started", "compaction_reason": "LevelMaxLevelSize", "files_L1": [33, 34], "files_L2": [28], "score": 2.14976, "input_data_size": 193738640}
[23303] 01-08 07:38:12,621 INFO [RocksDB]EVENT_LOG_v1 {"time_micros": 1578469092621326, "job": 0, "event": "table_file_deletion", "file_number": 32}
[23303] 01-08 07:38:12,622 INFO [RocksDB]EVENT_LOG_v1 {"time_micros": 1578469092622482, "job": 0, "event": "table_file_deletion", "file_number": 27}
[23303] 01-08 07:38:12,653 INFO [RocksDB]EVENT_LOG_v1 {"time_micros": 1578469092653361, "job": 0, "event": "table_file_deletion", "file_number": 26}
[23303] 01-08 07:38:12,660 INFO [RocksDB]EVENT_LOG_v1 {"time_micros": 1578469092660026, "job": 0, "event": "table_file_deletion", "file_number": 24}
[23303] 01-08 07:38:12,666 INFO [RocksDB]EVENT_LOG_v1 {"time_micros": 1578469092666834, "job": 0, "event": "table_file_deletion", "file_number": 22}
[23303] 01-08 07:38:12,673 INFO [RocksDB]EVENT_LOG_v1 {"time_micros": 1578469092673576, "job": 0, "event": "table_file_deletion", "file_number": 21}
[23303] 01-08 07:38:12,680 INFO [RocksDB]EVENT_LOG_v1 {"time_micros": 1578469092680453, "job": 0, "event": "table_file_deletion", "file_number": 20}
[23303] 01-08 07:38:12,687 INFO [RocksDB]EVENT_LOG_v1 {"time_micros": 1578469092687070, "job": 0, "event": "table_file_deletion", "file_number": 19}
[23303] 01-08 07:38:12,693 INFO [RocksDB]EVENT_LOG_v1 {"time_micros": 1578469092693577, "job": 0, "event": "table_file_deletion", "file_number": 18}
[23303] 01-08 07:38:12,700 INFO [RocksDB]EVENT_LOG_v1 {"time_micros": 1578469092700223, "job": 0, "event": "table_file_deletion", "file_number": 17}
[23303] 01-08 07:38:15,912 INFO [RocksDB][db/compaction_job.cc:1211] [0] [JOB 10] Generated table #50: 2027926 keys, 70638007 bytes
[23303] 01-08 07:38:15,912 INFO [RocksDB]EVENT_LOG_v1 {"time_micros": 1578469095912459, "cf_name": "0", "job": 10, "event": "table_file_creation", "file_number": 50, "file_size": 70638007, "table_properties": {"data_size": 67110034, "index_size": 1450060, "filter_size": 2744046, "raw_key_size": 98614455, "raw_average_key_size": 48, "raw_value_size": 25891683, "raw_average_value_size": 12, "num_data_blocks": 23780, "num_entries": 2027926, "filter_policy_name": "rocksdb.BuiltinBloomFilter", "kDeletedKeys": "0", "kMergeOperands": "0"}}
[23303] 01-08 07:38:17,218 INFO [RocksDB][db/compaction_job.cc:1211] [0] [JOB 10] Generated table #51: 597621 keys, 68582111 bytes
[23303] 01-08 07:38:17,218 INFO [RocksDB]EVENT_LOG_v1 {"time_micros": 1578469097218155, "cf_name": "0", "job": 10, "event": "table_file_creation", "file_number": 51, "file_size": 68582111, "table_properties": {"data_size": 67109314, "index_size": 888611, "filter_size": 988028, "raw_key_size": 24600913, "raw_average_key_size": 41, "raw_value_size": 56774013, "raw_average_value_size": 95, "num_data_blocks": 16741, "num_entries": 597621, "filter_policy_name": "rocksdb.BuiltinBloomFilter", "kDeletedKeys": "0", "kMergeOperands": "0"}}
[23303] 01-08 07:38:17,961 INFO [RocksDB][db/compaction_job.cc:1211] [0] [JOB 10] Generated table #52: 334184 keys, 38354829 bytes
[23303] 01-08 07:38:17,961 INFO [RocksDB]EVENT_LOG_v1 {"time_micros": 1578469097961080, "cf_name": "0", "job": 10, "event": "table_file_creation", "file_number": 52, "file_size": 38354829, "table_properties": {"data_size": 37530613, "index_size": 497028, "filter_size": 552528, "raw_key_size": 13754958, "raw_average_key_size": 41, "raw_value_size": 31747516, "raw_average_value_size": 95, "num_data_blocks": 9364, "num_entries": 334184, "filter_policy_name": "rocksdb.BuiltinBloomFilter", "kDeletedKeys": "0", "kMergeOperands": "0"}}
[23303] 01-08 07:38:17,962 INFO [RocksDB][db/compaction_job.cc:1287] [0] [JOB 10] Compacted 2@1 + 1@2 files to L2 => 177574947 bytes
[23303] 01-08 07:38:17,963 INFO [RocksDB](Original Log Time 2020/01/08-07:38:17.963422) [db/compaction_job.cc:685] [0] compacted to: base level 1 max bytes base 536870912 files[0 15 4 0 0 0 0] max score 1.89, MB/sec: 36.0 rd, 33.0 wr, level 2, files in(2, 1) out(3) MB in(132.3, 52.4) out(169.3), read-write-amplify(2.7) write-amplify(1.3) OK, records in: 2959732, records dropped: 1 output_compression: Snappy

[23303] 01-08 07:38:17,963 INFO [RocksDB](Original Log Time 2020/01/08-07:38:17.963446) EVENT_LOG_v1 {"time_micros": 1578469097963430, "job": 10, "event": "compaction_finished", "compaction_time_micros": 5374861, "output_level": 2, "num_output_files": 3, "total_output_size": 177574947, "num_input_records": 2959732, "num_output_records": 2959731, "num_subcompactions": 1, "output_compression": "Snappy", "num_single_delete_mismatches": 0, "num_single_delete_fallthrough": 0, "lsm_state": [0, 15, 4, 0, 0, 0, 0]}
[23303] 01-08 07:38:17,963 INFO [RocksDB][db/compaction_picker.cc:485] [0] Expanding@1 1+1(68990421+68589050 bytes) to 2+1 (137977047+68589050 bytes)

[23303] 01-08 07:38:17,963 INFO [RocksDB][db/compaction_job.cc:1531] [0] [JOB 11] Compacting 2@1 + 1@2 files to L2, score 1.89
[23303] 01-08 07:38:17,963 INFO [RocksDB][db/compaction_job.cc:1535] [0] Compaction start summary: Base version 11 Base level 1, inputs: [46(65MB) 47(65MB)], [29(65MB)]

[23303] 01-08 07:38:17,963 INFO [RocksDB]EVENT_LOG_v1 {"time_micros": 1578469097963530, "job": 11, "event": "compaction_started", "compaction_reason": "LevelMaxLevelSize", "files_L1": [46, 47], "files_L2": [29], "score": 1.89128, "input_data_size": 206566097}
[23303] 01-08 07:38:17,971 INFO [RocksDB]EVENT_LOG_v1 {"time_micros": 1578469097970999, "job": 0, "event": "table_file_deletion", "file_number": 34}
[23303] 01-08 07:38:17,978 INFO [RocksDB]EVENT_LOG_v1 {"time_micros": 1578469097978496, "job": 0, "event": "table_file_deletion", "file_number": 33}
[23303] 01-08 07:38:17,983 INFO [RocksDB]EVENT_LOG_v1 {"time_micros": 1578469097983879, "job": 0, "event": "table_file_deletion", "file_number": 28}
[23303] 01-08 07:38:19,293 INFO [RocksDB][db/compaction_job.cc:1211] [0] [JOB 11] Generated table #53: 597655 keys, 68584628 bytes
[23303] 01-08 07:38:19,293 INFO [RocksDB]EVENT_LOG_v1 {"time_micros": 1578469099293454, "cf_name": "0", "job": 11, "event": "table_file_creation", "file_number": 53, "file_size": 68584628, "table_properties": {"data_size": 67112189, "index_size": 888206, "filter_size": 988072, "raw_key_size": 24601646, "raw_average_key_size": 41, "raw_value_size": 56777252, "raw_average_value_size": 95, "num_data_blocks": 16741, "num_entries": 597655, "filter_policy_name": "rocksdb.BuiltinBloomFilter", "kDeletedKeys": "0", "kMergeOperands": "0"}}
[23303] 01-08 07:38:20,594 INFO [RocksDB][db/compaction_job.cc:1211] [0] [JOB 11] Generated table #54: 597606 keys, 68582022 bytes
[23303] 01-08 07:38:20,594 INFO [RocksDB]EVENT_LOG_v1 {"time_micros": 1578469100594945, "cf_name": "0", "job": 11, "event": "table_file_creation", "file_number": 54, "file_size": 68582022, "table_properties": {"data_size": 67109156, "index_size": 888418, "filter_size": 988011, "raw_key_size": 24598289, "raw_average_key_size": 41, "raw_value_size": 56772552, "raw_average_value_size": 94, "num_data_blocks": 16741, "num_entries": 597606, "filter_policy_name": "rocksdb.BuiltinBloomFilter", "kDeletedKeys": "0", "kMergeOperands": "0"}}
[23303] 01-08 07:38:21,896 INFO [RocksDB][db/compaction_job.cc:1211] [0] [JOB 11] Generated table #55: 597341 keys, 68551606 bytes
[23303] 01-08 07:38:21,896 INFO [RocksDB]EVENT_LOG_v1 {"time_micros": 1578469101896022, "cf_name": "0", "job": 11, "event": "table_file_creation", "file_number": 55, "file_size": 68551606, "table_properties": {"data_size": 67079437, "index_size": 888615, "filter_size": 987575, "raw_key_size": 24590057, "raw_average_key_size": 41, "raw_value_size": 56747368, "raw_average_value_size": 94, "num_data_blocks": 16734, "num_entries": 597341, "filter_policy_name": "rocksdb.BuiltinBloomFilter", "kDeletedKeys": "0", "kMergeOperands": "0"}}
[23303] 01-08 07:38:21,896 INFO [RocksDB][db/compaction_job.cc:1287] [0] [JOB 11] Compacted 2@1 + 1@2 files to L2 => 205718256 bytes
[23303] 01-08 07:38:21,898 INFO [RocksDB](Original Log Time 2020/01/08-07:38:21.898257) [db/compaction_job.cc:685] [0] compacted to: base level 1 max bytes base 536870912 files[0 13 6 0 0 0 0] max score 1.63, MB/sec: 52.5 rd, 52.3 wr, level 2, files in(2, 1) out(3) MB in(131.6, 65.4) out(196.2), read-write-amplify(3.0) write-amplify(1.5) OK, records in: 1792602, records dropped: 0 output_compression: Snappy

[23303] 01-08 07:38:21,898 INFO [RocksDB](Original Log Time 2020/01/08-07:38:21.898269) EVENT_LOG_v1 {"time_micros": 1578469101898264, "job": 11, "event": "compaction_finished", "compaction_time_micros": 3933417, "output_level": 2, "num_output_files": 3, "total_output_size": 205718256, "num_input_records": 1792602, "num_output_records": 1792602, "num_subcompactions": 1, "output_compression": "Snappy", "num_single_delete_mismatches": 0, "num_single_delete_fallthrough": 0, "lsm_state": [0, 13, 6, 0, 0, 0, 0]}
[23303] 01-08 07:38:21,905 INFO [RocksDB]EVENT_LOG_v1 {"time_micros": 1578469101905673, "job": 11, "event": "table_file_deletion", "file_number": 47}
[23303] 01-08 07:38:21,912 INFO [RocksDB]EVENT_LOG_v1 {"time_micros": 1578469101912749, "job": 11, "event": "table_file_deletion", "file_number": 46}
[23303] 01-08 07:38:21,919 INFO [RocksDB]EVENT_LOG_v1 {"time_micros": 1578469101919542, "job": 11, "event": "table_file_deletion", "file_number": 29}
[23303] 01-08 07:38:21,919 INFO [RocksDB][db/compaction_job.cc:1531] [0] [JOB 12] Compacting 1@1 files to L2, score 1.63
[23303] 01-08 07:38:21,919 INFO [RocksDB][db/compaction_job.cc:1535] [0] Compaction start summary: Base version 12 Base level 1, inputs: [43(65MB)]

[23303] 01-08 07:38:21,919 INFO [RocksDB]EVENT_LOG_v1 {"time_micros": 1578469101919589, "job": 12, "event": "compaction_started", "compaction_reason": "LevelMaxLevelSize", "files_L1": [43], "score": 1.63427, "input_data_size": 68989863}
[23303] 01-08 07:38:23,214 INFO [RocksDB][db/compaction_job.cc:1211] [0] [JOB 12] Generated table #56: 597587 keys, 68584788 bytes
[23303] 01-08 07:38:23,214 INFO [RocksDB]EVENT_LOG_v1 {"time_micros": 1578469103214276, "cf_name": "0", "job": 12, "event": "table_file_creation", "file_number": 56, "file_size": 68584788, "table_properties": {"data_size": 67111496, "index_size": 889326, "filter_size": 988010, "raw_key_size": 24598263, "raw_average_key_size": 41, "raw_value_size": 56770774, "raw_average_value_size": 95, "num_data_blocks": 16743, "num_entries": 597587, "filter_policy_name": "rocksdb.BuiltinBloomFilter", "kDeletedKeys": "0", "kMergeOperands": "0"}}
[23303] 01-08 07:38:23,215 INFO [RocksDB][db/compaction_job.cc:1287] [0] [JOB 12] Compacted 1@1 files to L2 => 68584788 bytes
[23303] 01-08 07:38:23,216 INFO [RocksDB](Original Log Time 2020/01/08-07:38:23.216747) [db/compaction_job.cc:685] [0] compacted to: base level 1 max bytes base 536870912 files[0 12 7 0 0 0 0] max score 1.51, MB/sec: 53.2 rd, 52.9 wr, level 2, files in(1, 0) out(1) MB in(65.8, 0.0) out(65.4), read-write-amplify(2.0) write-amplify(1.0) OK, records in: 597587, records dropped: 0 output_compression: Snappy

[23303] 01-08 07:38:23,216 INFO [RocksDB](Original Log Time 2020/01/08-07:38:23.216775) EVENT_LOG_v1 {"time_micros": 1578469103216769, "job": 12, "event": "compaction_finished", "compaction_time_micros": 1295760, "output_level": 2, "num_output_files": 1, "total_output_size": 68584788, "num_input_records": 597587, "num_output_records": 597587, "num_subcompactions": 1, "output_compression": "Snappy", "num_single_delete_mismatches": 0, "num_single_delete_fallthrough": 0, "lsm_state": [0, 12, 7, 0, 0, 0, 0]}
[23303] 01-08 07:38:23,224 INFO [RocksDB]EVENT_LOG_v1 {"time_micros": 1578469103224384, "job": 12, "event": "table_file_deletion", "file_number": 43}
[23303] 01-08 07:38:23,224 INFO [RocksDB][db/compaction_job.cc:1531] [0] [JOB 13] Compacting 1@1 files to L2, score 1.51
[23303] 01-08 07:38:23,224 INFO [RocksDB][db/compaction_job.cc:1535] [0] Compaction start summary: Base version 13 Base level 1, inputs: [42(65MB)]

[23303] 01-08 07:38:23,224 INFO [RocksDB]EVENT_LOG_v1 {"time_micros": 1578469103224432, "job": 13, "event": "compaction_started", "compaction_reason": "LevelMaxLevelSize", "files_L1": [42], "score": 1.50577, "input_data_size": 68989821}
