[20096] 01-08 07:15:39,728 INFO [RocksDB]RocksDB version: 5.14.2

[20096] 01-08 07:15:39,733 INFO [RocksDB]Git sha rocksdb_build_git_sha:9f703a6b9c3430e30aba2286240e44570994efe6
[20096] 01-08 07:15:39,733 INFO [RocksDB]Compile date Jan  8 2020
[20096] 01-08 07:15:39,733 INFO [RocksDB]DB SUMMARY

[20096] 01-08 07:15:39,733 INFO [RocksDB]SST files in /home/ubuntu/ardb/data/rocksdb dir, Total Num: 0, files: 

[20096] 01-08 07:15:39,733 INFO [RocksDB]Write Ahead Log file in /home/ubuntu/ardb/data/rocksdb: 

[20096] 01-08 07:15:39,733 INFO [RocksDB]                        Options.error_if_exists: 0
[20096] 01-08 07:15:39,733 INFO [RocksDB]                      Options.create_if_missing: 1
[20096] 01-08 07:15:39,733 INFO [RocksDB]                        Options.paranoid_checks: 1
[20096] 01-08 07:15:39,733 INFO [RocksDB]                                    Options.env: 0xbfa6c0
[20096] 01-08 07:15:39,733 INFO [RocksDB]                               Options.info_log: 0x7fae2b03f8a0
[20096] 01-08 07:15:39,733 INFO [RocksDB]               Options.max_file_opening_threads: 16
[20096] 01-08 07:15:39,733 INFO [RocksDB]                             Options.statistics: (nil)
[20096] 01-08 07:15:39,733 INFO [RocksDB]                              Options.use_fsync: 0
[20096] 01-08 07:15:39,733 INFO [RocksDB]                      Options.max_log_file_size: 0
[20096] 01-08 07:15:39,733 INFO [RocksDB]                 Options.max_manifest_file_size: 18446744073709551615
[20096] 01-08 07:15:39,733 INFO [RocksDB]                  Options.log_file_time_to_roll: 0
[20096] 01-08 07:15:39,733 INFO [RocksDB]                      Options.keep_log_file_num: 1000
[20096] 01-08 07:15:39,733 INFO [RocksDB]                   Options.recycle_log_file_num: 0
[20096] 01-08 07:15:39,733 INFO [RocksDB]                        Options.allow_fallocate: 1
[20096] 01-08 07:15:39,733 INFO [RocksDB]                       Options.allow_mmap_reads: 0
[20096] 01-08 07:15:39,733 INFO [RocksDB]                      Options.allow_mmap_writes: 0
[20096] 01-08 07:15:39,733 INFO [RocksDB]                       Options.use_direct_reads: 0
[20096] 01-08 07:15:39,733 INFO [RocksDB]                       Options.use_direct_io_for_flush_and_compaction: 0
[20096] 01-08 07:15:39,733 INFO [RocksDB]         Options.create_missing_column_families: 0
[20096] 01-08 07:15:39,733 INFO [RocksDB]                             Options.db_log_dir: 
[20096] 01-08 07:15:39,733 INFO [RocksDB]                                Options.wal_dir: /home/ubuntu/ardb/data/rocksdb
[20096] 01-08 07:15:39,733 INFO [RocksDB]               Options.table_cache_numshardbits: 6
[20096] 01-08 07:15:39,733 INFO [RocksDB]                     Options.max_subcompactions: 1
[20096] 01-08 07:15:39,733 INFO [RocksDB]                 Options.max_background_flushes: -1
[20096] 01-08 07:15:39,733 INFO [RocksDB]                        Options.WAL_ttl_seconds: 0
[20096] 01-08 07:15:39,733 INFO [RocksDB]                      Options.WAL_size_limit_MB: 0
[20096] 01-08 07:15:39,733 INFO [RocksDB]            Options.manifest_preallocation_size: 4194304
[20096] 01-08 07:15:39,733 INFO [RocksDB]                    Options.is_fd_close_on_exec: 1
[20096] 01-08 07:15:39,733 INFO [RocksDB]                  Options.advise_random_on_open: 1
[20096] 01-08 07:15:39,733 INFO [RocksDB]                   Options.db_write_buffer_size: 0
[20096] 01-08 07:15:39,733 INFO [RocksDB]                   Options.write_buffer_manager: 0x7fae2b7fa7d0
[20096] 01-08 07:15:39,733 INFO [RocksDB]        Options.access_hint_on_compaction_start: 1
[20096] 01-08 07:15:39,733 INFO [RocksDB] Options.new_table_reader_for_compaction_inputs: 0
[20096] 01-08 07:15:39,733 INFO [RocksDB]          Options.random_access_max_buffer_size: 1048576
[20096] 01-08 07:15:39,733 INFO [RocksDB]                     Options.use_adaptive_mutex: 1
[20096] 01-08 07:15:39,733 INFO [RocksDB]                           Options.rate_limiter: 0x7fae2b038540
[20096] 01-08 07:15:39,733 INFO [RocksDB]    Options.sst_file_manager.rate_bytes_per_sec: 0
[20096] 01-08 07:15:39,733 INFO [RocksDB]                      Options.wal_recovery_mode: 2
[20096] 01-08 07:15:39,733 INFO [RocksDB]                 Options.enable_thread_tracking: 0
[20096] 01-08 07:15:39,733 INFO [RocksDB]                 Options.enable_pipelined_write: 1
[20096] 01-08 07:15:39,733 INFO [RocksDB]        Options.allow_concurrent_memtable_write: 1
[20096] 01-08 07:15:39,733 INFO [RocksDB]     Options.enable_write_thread_adaptive_yield: 1
[20096] 01-08 07:15:39,733 INFO [RocksDB]            Options.write_thread_max_yield_usec: 100
[20096] 01-08 07:15:39,733 INFO [RocksDB]           Options.write_thread_slow_yield_usec: 3
[20096] 01-08 07:15:39,733 INFO [RocksDB]                              Options.row_cache: None
[20096] 01-08 07:15:39,733 INFO [RocksDB]                             Options.wal_filter: None
[20096] 01-08 07:15:39,733 INFO [RocksDB]            Options.avoid_flush_during_recovery: 0
[20096] 01-08 07:15:39,733 INFO [RocksDB]            Options.allow_ingest_behind: 0
[20096] 01-08 07:15:39,733 INFO [RocksDB]            Options.preserve_deletes: 0
[20096] 01-08 07:15:39,733 INFO [RocksDB]            Options.two_write_queues: 0
[20096] 01-08 07:15:39,733 INFO [RocksDB]            Options.manual_wal_flush: 0
[20096] 01-08 07:15:39,733 INFO [RocksDB]            Options.max_background_jobs: 16
[20096] 01-08 07:15:39,733 INFO [RocksDB]            Options.max_background_compactions: -1
[20096] 01-08 07:15:39,733 INFO [RocksDB]            Options.avoid_flush_during_shutdown: 0
[20096] 01-08 07:15:39,733 INFO [RocksDB]          Options.writable_file_max_buffer_size: 1048576
[20096] 01-08 07:15:39,733 INFO [RocksDB]            Options.delayed_write_rate : 52428800
[20096] 01-08 07:15:39,733 INFO [RocksDB]            Options.max_total_wal_size: 0
[20096] 01-08 07:15:39,733 INFO [RocksDB]            Options.delete_obsolete_files_period_micros: 21600000000
[20096] 01-08 07:15:39,733 INFO [RocksDB]                  Options.stats_dump_period_sec: 10000000
[20096] 01-08 07:15:39,733 INFO [RocksDB]                         Options.max_open_files: 1024
[20096] 01-08 07:15:39,733 INFO [RocksDB]                         Options.bytes_per_sync: 1048576
[20096] 01-08 07:15:39,733 INFO [RocksDB]                     Options.wal_bytes_per_sync: 0
[20096] 01-08 07:15:39,733 INFO [RocksDB]      Options.compaction_readahead_size: 0
[20096] 01-08 07:15:39,733 INFO [RocksDB]Compression algorithms supported:
[20096] 01-08 07:15:39,733 INFO [RocksDB]	kZSTDNotFinalCompression supported: 0
[20096] 01-08 07:15:39,733 INFO [RocksDB]	kZSTD supported: 0
[20096] 01-08 07:15:39,733 INFO [RocksDB]	kXpressCompression supported: 0
[20096] 01-08 07:15:39,733 INFO [RocksDB]	kLZ4HCCompression supported: 0
[20096] 01-08 07:15:39,733 INFO [RocksDB]	kLZ4Compression supported: 0
[20096] 01-08 07:15:39,733 INFO [RocksDB]	kBZip2Compression supported: 0
[20096] 01-08 07:15:39,733 INFO [RocksDB]	kZlibCompression supported: 1
[20096] 01-08 07:15:39,733 INFO [RocksDB]	kSnappyCompression supported: 1
[20096] 01-08 07:15:39,733 INFO [RocksDB]Fast CRC32 supported: Supported on x86
[20096] 01-08 07:15:39,733 INFO [RocksDB][db/db_impl_open.cc:222] Creating manifest 1 

[20096] 01-08 07:15:39,739 INFO [RocksDB][db/version_set.cc:3085] Recovering from manifest file: MANIFEST-000001

[20096] 01-08 07:15:39,739 INFO [RocksDB][db/column_family.cc:475] --------------- Options for column family [default]:

[20096] 01-08 07:15:39,739 INFO [RocksDB]              Options.comparator: ardb.comparator
[20096] 01-08 07:15:39,739 INFO [RocksDB]          Options.merge_operator: ardb.merger
[20096] 01-08 07:15:39,739 INFO [RocksDB]       Options.compaction_filter: None
[20096] 01-08 07:15:39,739 INFO [RocksDB]       Options.compaction_filter_factory: ardb.compact_filter_factory
[20096] 01-08 07:15:39,739 INFO [RocksDB]        Options.memtable_factory: SkipListFactory
[20096] 01-08 07:15:39,739 INFO [RocksDB]           Options.table_factory: BlockBasedTable
[20096] 01-08 07:15:39,739 INFO [RocksDB]           table_factory options:   flush_block_policy_factory: FlushBlockBySizePolicyFactory (0x7fae2b608018)
  cache_index_and_filter_blocks: 0
  cache_index_and_filter_blocks_with_high_priority: 0
  pin_l0_filter_and_index_blocks_in_cache: 0
  index_type: 0
  hash_index_allow_collision: 1
  checksum: 1
  no_block_cache: 0
  block_cache: 0x7fae2b681cf0
  block_cache_name: LRUCache
  block_cache_options:
    capacity : 536870912
    num_shard_bits : 6
    strict_capacity_limit : 0
    high_pri_pool_ratio: 0.000
  block_cache_compressed: (nil)
  persistent_cache: (nil)
  block_size: 4096
  block_size_deviation: 10
  block_restart_interval: 16
  index_block_restart_interval: 1
  metadata_block_size: 4096
  partition_filters: 0
  use_delta_encoding: 1
  filter_policy: rocksdb.BuiltinBloomFilter
  whole_key_filtering: 1
  verify_compression: 0
  read_amp_bytes_per_bit: 0
  format_version: 2
  enable_index_compression: 1
  block_align: 0

[20096] 01-08 07:15:39,739 INFO [RocksDB]       Options.write_buffer_size: 268435456
[20096] 01-08 07:15:39,739 INFO [RocksDB] Options.max_write_buffer_number: 6
[20096] 01-08 07:15:39,739 INFO [RocksDB]       Options.compression[0]: NoCompression
[20096] 01-08 07:15:39,739 INFO [RocksDB]       Options.compression[1]: NoCompression
[20096] 01-08 07:15:39,739 INFO [RocksDB]       Options.compression[2]: Snappy
[20096] 01-08 07:15:39,739 INFO [RocksDB]       Options.compression[3]: Snappy
[20096] 01-08 07:15:39,739 INFO [RocksDB]       Options.compression[4]: Snappy
[20096] 01-08 07:15:39,739 INFO [RocksDB]       Options.compression[5]: Snappy
[20096] 01-08 07:15:39,739 INFO [RocksDB]       Options.compression[6]: Snappy
[20096] 01-08 07:15:39,739 INFO [RocksDB]                 Options.bottommost_compression: Disabled
[20096] 01-08 07:15:39,739 INFO [RocksDB]      Options.prefix_extractor: ardb.prefix_extractor
[20096] 01-08 07:15:39,739 INFO [RocksDB]  Options.memtable_insert_with_hint_prefix_extractor: nullptr
[20096] 01-08 07:15:39,739 INFO [RocksDB]            Options.num_levels: 7
[20096] 01-08 07:15:39,739 INFO [RocksDB]       Options.min_write_buffer_number_to_merge: 2
[20096] 01-08 07:15:39,739 INFO [RocksDB]    Options.max_write_buffer_number_to_maintain: 0
[20096] 01-08 07:15:39,739 INFO [RocksDB]           Options.compression_opts.window_bits: -14
[20096] 01-08 07:15:39,739 INFO [RocksDB]                 Options.compression_opts.level: -1
[20096] 01-08 07:15:39,739 INFO [RocksDB]              Options.compression_opts.strategy: 0
[20096] 01-08 07:15:39,739 INFO [RocksDB]        Options.compression_opts.max_dict_bytes: 0
[20096] 01-08 07:15:39,739 INFO [RocksDB]        Options.compression_opts.zstd_max_train_bytes: 0
[20096] 01-08 07:15:39,739 INFO [RocksDB]     Options.level0_file_num_compaction_trigger: 2
[20096] 01-08 07:15:39,739 INFO [RocksDB]         Options.level0_slowdown_writes_trigger: 20
[20096] 01-08 07:15:39,739 INFO [RocksDB]             Options.level0_stop_writes_trigger: 36
[20096] 01-08 07:15:39,739 INFO [RocksDB]                  Options.target_file_size_base: 67108864
[20096] 01-08 07:15:39,739 INFO [RocksDB]            Options.target_file_size_multiplier: 1
[20096] 01-08 07:15:39,739 INFO [RocksDB]               Options.max_bytes_for_level_base: 536870912
[20096] 01-08 07:15:39,739 INFO [RocksDB]Options.level_compaction_dynamic_level_bytes: 0
[20096] 01-08 07:15:39,739 INFO [RocksDB]         Options.max_bytes_for_level_multiplier: 10.000000
[20096] 01-08 07:15:39,739 INFO [RocksDB]Options.max_bytes_for_level_multiplier_addtl[0]: 1
[20096] 01-08 07:15:39,739 INFO [RocksDB]Options.max_bytes_for_level_multiplier_addtl[1]: 1
[20096] 01-08 07:15:39,739 INFO [RocksDB]Options.max_bytes_for_level_multiplier_addtl[2]: 1
[20096] 01-08 07:15:39,739 INFO [RocksDB]Options.max_bytes_for_level_multiplier_addtl[3]: 1
[20096] 01-08 07:15:39,739 INFO [RocksDB]Options.max_bytes_for_level_multiplier_addtl[4]: 1
[20096] 01-08 07:15:39,739 INFO [RocksDB]Options.max_bytes_for_level_multiplier_addtl[5]: 1
[20096] 01-08 07:15:39,739 INFO [RocksDB]Options.max_bytes_for_level_multiplier_addtl[6]: 1
[20096] 01-08 07:15:39,739 INFO [RocksDB]      Options.max_sequential_skip_in_iterations: 8
[20096] 01-08 07:15:39,739 INFO [RocksDB]                   Options.max_compaction_bytes: 1677721600
[20096] 01-08 07:15:39,739 INFO [RocksDB]                       Options.arena_block_size: 33554432
[20096] 01-08 07:15:39,739 INFO [RocksDB]  Options.soft_pending_compaction_bytes_limit: 68719476736
[20096] 01-08 07:15:39,739 INFO [RocksDB]  Options.hard_pending_compaction_bytes_limit: 274877906944
[20096] 01-08 07:15:39,739 INFO [RocksDB]      Options.rate_limit_delay_max_milliseconds: 100
[20096] 01-08 07:15:39,739 INFO [RocksDB]               Options.disable_auto_compactions: 0
[20096] 01-08 07:15:39,739 INFO [RocksDB]                       Options.compaction_style: kCompactionStyleLevel
[20096] 01-08 07:15:39,739 INFO [RocksDB]                         Options.compaction_pri: kByCompensatedSize
[20096] 01-08 07:15:39,739 INFO [RocksDB]Options.compaction_options_universal.size_ratio: 1
[20096] 01-08 07:15:39,739 INFO [RocksDB]Options.compaction_options_universal.min_merge_width: 2
[20096] 01-08 07:15:39,739 INFO [RocksDB]Options.compaction_options_universal.max_merge_width: 4294967295
[20096] 01-08 07:15:39,739 INFO [RocksDB]Options.compaction_options_universal.max_size_amplification_percent: 200
[20096] 01-08 07:15:39,739 INFO [RocksDB]Options.compaction_options_universal.compression_size_percent: -1
[20096] 01-08 07:15:39,739 INFO [RocksDB]Options.compaction_options_universal.stop_style: kCompactionStopStyleTotalSize
[20096] 01-08 07:15:39,739 INFO [RocksDB]Options.compaction_options_fifo.max_table_files_size: 1073741824
[20096] 01-08 07:15:39,739 INFO [RocksDB]Options.compaction_options_fifo.allow_compaction: 0
[20096] 01-08 07:15:39,739 INFO [RocksDB]Options.compaction_options_fifo.ttl: 0
[20096] 01-08 07:15:39,739 INFO [RocksDB]                  Options.table_properties_collectors: 
[20096] 01-08 07:15:39,739 INFO [RocksDB]                  Options.inplace_update_support: 0
[20096] 01-08 07:15:39,739 INFO [RocksDB]                Options.inplace_update_num_locks: 10000
[20096] 01-08 07:15:39,739 INFO [RocksDB]              Options.memtable_prefix_bloom_size_ratio: 0.000000
[20096] 01-08 07:15:39,739 INFO [RocksDB]  Options.memtable_huge_page_size: 0
[20096] 01-08 07:15:39,739 INFO [RocksDB]                          Options.bloom_locality: 0
[20096] 01-08 07:15:39,739 INFO [RocksDB]                   Options.max_successive_merges: 0
[20096] 01-08 07:15:39,739 INFO [RocksDB]               Options.optimize_filters_for_hits: 0
[20096] 01-08 07:15:39,739 INFO [RocksDB]               Options.paranoid_file_checks: 0
[20096] 01-08 07:15:39,739 INFO [RocksDB]               Options.force_consistency_checks: 0
[20096] 01-08 07:15:39,739 INFO [RocksDB]               Options.report_bg_io_stats: 0
[20096] 01-08 07:15:39,739 INFO [RocksDB]                              Options.ttl: 0
[20096] 01-08 07:15:39,739 INFO [RocksDB][db/version_set.cc:3361] Recovered from manifest file:/home/ubuntu/ardb/data/rocksdb/MANIFEST-000001 succeeded,manifest_file_number is 1, next_file_number is 3, last_sequence is 0, log_number is 0,prev_log_number is 0,max_column_family is 0,min_log_number_to_keep is 0

[20096] 01-08 07:15:39,739 INFO [RocksDB][db/version_set.cc:3369] Column family [default] (ID 0), log number is 0

[20096] 01-08 07:15:39,743 INFO [RocksDB][db/db_impl_open.cc:1219] DB pointer 0x7fae2afbe000
[20096] 01-08 07:15:39,743 INFO Ardb init engine:rocksdb success.
[20096] 01-08 07:15:39,744 INFO Ardb will accept connections on 0.0.0.0:16379
[20096] 01-08 07:15:39,745 INFO Ardb started with version 0.10.0
[20096] 01-08 07:15:40,746 INFO ========================Period Statistics Dump Begin===========================
[20096] 01-08 07:15:40,746 INFO slave_sync_total_commands_processed:0
[20096] 01-08 07:15:40,746 INFO slave_sync_instantaneous_ops_per_sec:0
[20096] 01-08 07:15:40,746 INFO total_commands_processed:0
[20096] 01-08 07:15:40,746 INFO instantaneous_ops_per_sec:0
[20096] 01-08 07:15:40,746 INFO total_connections_received:0
[20096] 01-08 07:15:40,746 INFO rejected_connections:0
[20096] 01-08 07:15:40,746 INFO ========================Period Statistics Dump End===========================
[20096] 01-08 07:15:51,653 INFO [RocksDB][db/version_set.cc:2847] Creating manifest 6

[20096] 01-08 07:15:51,659 INFO [RocksDB][db/column_family.cc:475] --------------- Options for column family [0]:

[20096] 01-08 07:15:51,659 INFO [RocksDB]              Options.comparator: ardb.comparator
[20096] 01-08 07:15:51,659 INFO [RocksDB]          Options.merge_operator: ardb.merger
[20096] 01-08 07:15:51,659 INFO [RocksDB]       Options.compaction_filter: None
[20096] 01-08 07:15:51,659 INFO [RocksDB]       Options.compaction_filter_factory: ardb.compact_filter_factory
[20096] 01-08 07:15:51,659 INFO [RocksDB]        Options.memtable_factory: SkipListFactory
[20096] 01-08 07:15:51,659 INFO [RocksDB]           Options.table_factory: BlockBasedTable
[20096] 01-08 07:15:51,659 INFO [RocksDB]           table_factory options:   flush_block_policy_factory: FlushBlockBySizePolicyFactory (0x7fae2b608018)
  cache_index_and_filter_blocks: 0
  cache_index_and_filter_blocks_with_high_priority: 0
  pin_l0_filter_and_index_blocks_in_cache: 0
  index_type: 0
  hash_index_allow_collision: 1
  checksum: 1
  no_block_cache: 0
  block_cache: 0x7fae2b681cf0
  block_cache_name: LRUCache
  block_cache_options:
    capacity : 536870912
    num_shard_bits : 6
    strict_capacity_limit : 0
    high_pri_pool_ratio: 0.000
  block_cache_compressed: (nil)
  persistent_cache: (nil)
  block_size: 4096
  block_size_deviation: 10
  block_restart_interval: 16
  index_block_restart_interval: 1
  metadata_block_size: 4096
  partition_filters: 0
  use_delta_encoding: 1
  filter_policy: rocksdb.BuiltinBloomFilter
  whole_key_filtering: 1
  verify_compression: 0
  read_amp_bytes_per_bit: 0
  format_version: 2
  enable_index_compression: 1
  block_align: 0

[20096] 01-08 07:15:51,659 INFO [RocksDB]       Options.write_buffer_size: 268435456
[20096] 01-08 07:15:51,659 INFO [RocksDB] Options.max_write_buffer_number: 6
[20096] 01-08 07:15:51,659 INFO [RocksDB]       Options.compression[0]: NoCompression
[20096] 01-08 07:15:51,659 INFO [RocksDB]       Options.compression[1]: NoCompression
[20096] 01-08 07:15:51,659 INFO [RocksDB]       Options.compression[2]: Snappy
[20096] 01-08 07:15:51,659 INFO [RocksDB]       Options.compression[3]: Snappy
[20096] 01-08 07:15:51,659 INFO [RocksDB]       Options.compression[4]: Snappy
[20096] 01-08 07:15:51,659 INFO [RocksDB]       Options.compression[5]: Snappy
[20096] 01-08 07:15:51,659 INFO [RocksDB]       Options.compression[6]: Snappy
[20096] 01-08 07:15:51,659 INFO [RocksDB]                 Options.bottommost_compression: Disabled
[20096] 01-08 07:15:51,659 INFO [RocksDB]      Options.prefix_extractor: ardb.prefix_extractor
[20096] 01-08 07:15:51,659 INFO [RocksDB]  Options.memtable_insert_with_hint_prefix_extractor: nullptr
[20096] 01-08 07:15:51,659 INFO [RocksDB]            Options.num_levels: 7
[20096] 01-08 07:15:51,659 INFO [RocksDB]       Options.min_write_buffer_number_to_merge: 2
[20096] 01-08 07:15:51,659 INFO [RocksDB]    Options.max_write_buffer_number_to_maintain: 0
[20096] 01-08 07:15:51,659 INFO [RocksDB]           Options.compression_opts.window_bits: -14
[20096] 01-08 07:15:51,659 INFO [RocksDB]                 Options.compression_opts.level: -1
[20096] 01-08 07:15:51,659 INFO [RocksDB]              Options.compression_opts.strategy: 0
[20096] 01-08 07:15:51,659 INFO [RocksDB]        Options.compression_opts.max_dict_bytes: 0
[20096] 01-08 07:15:51,659 INFO [RocksDB]        Options.compression_opts.zstd_max_train_bytes: 0
[20096] 01-08 07:15:51,659 INFO [RocksDB]     Options.level0_file_num_compaction_trigger: 2
[20096] 01-08 07:15:51,659 INFO [RocksDB]         Options.level0_slowdown_writes_trigger: 20
[20096] 01-08 07:15:51,659 INFO [RocksDB]             Options.level0_stop_writes_trigger: 36
[20096] 01-08 07:15:51,659 INFO [RocksDB]                  Options.target_file_size_base: 67108864
[20096] 01-08 07:15:51,659 INFO [RocksDB]            Options.target_file_size_multiplier: 1
[20096] 01-08 07:15:51,659 INFO [RocksDB]               Options.max_bytes_for_level_base: 536870912
[20096] 01-08 07:15:51,659 INFO [RocksDB]Options.level_compaction_dynamic_level_bytes: 0
[20096] 01-08 07:15:51,659 INFO [RocksDB]         Options.max_bytes_for_level_multiplier: 10.000000
[20096] 01-08 07:15:51,659 INFO [RocksDB]Options.max_bytes_for_level_multiplier_addtl[0]: 1
[20096] 01-08 07:15:51,659 INFO [RocksDB]Options.max_bytes_for_level_multiplier_addtl[1]: 1
[20096] 01-08 07:15:51,659 INFO [RocksDB]Options.max_bytes_for_level_multiplier_addtl[2]: 1
[20096] 01-08 07:15:51,659 INFO [RocksDB]Options.max_bytes_for_level_multiplier_addtl[3]: 1
[20096] 01-08 07:15:51,659 INFO [RocksDB]Options.max_bytes_for_level_multiplier_addtl[4]: 1
[20096] 01-08 07:15:51,659 INFO [RocksDB]Options.max_bytes_for_level_multiplier_addtl[5]: 1
[20096] 01-08 07:15:51,659 INFO [RocksDB]Options.max_bytes_for_level_multiplier_addtl[6]: 1
[20096] 01-08 07:15:51,659 INFO [RocksDB]      Options.max_sequential_skip_in_iterations: 8
[20096] 01-08 07:15:51,659 INFO [RocksDB]                   Options.max_compaction_bytes: 1677721600
[20096] 01-08 07:15:51,659 INFO [RocksDB]                       Options.arena_block_size: 33554432
[20096] 01-08 07:15:51,659 INFO [RocksDB]  Options.soft_pending_compaction_bytes_limit: 68719476736
[20096] 01-08 07:15:51,659 INFO [RocksDB]  Options.hard_pending_compaction_bytes_limit: 274877906944
[20096] 01-08 07:15:51,659 INFO [RocksDB]      Options.rate_limit_delay_max_milliseconds: 100
[20096] 01-08 07:15:51,659 INFO [RocksDB]               Options.disable_auto_compactions: 0
[20096] 01-08 07:15:51,659 INFO [RocksDB]                       Options.compaction_style: kCompactionStyleLevel
[20096] 01-08 07:15:51,659 INFO [RocksDB]                         Options.compaction_pri: kByCompensatedSize
[20096] 01-08 07:15:51,659 INFO [RocksDB]Options.compaction_options_universal.size_ratio: 1
[20096] 01-08 07:15:51,659 INFO [RocksDB]Options.compaction_options_universal.min_merge_width: 2
[20096] 01-08 07:15:51,659 INFO [RocksDB]Options.compaction_options_universal.max_merge_width: 4294967295
[20096] 01-08 07:15:51,659 INFO [RocksDB]Options.compaction_options_universal.max_size_amplification_percent: 200
[20096] 01-08 07:15:51,659 INFO [RocksDB]Options.compaction_options_universal.compression_size_percent: -1
[20096] 01-08 07:15:51,659 INFO [RocksDB]Options.compaction_options_universal.stop_style: kCompactionStopStyleTotalSize
[20096] 01-08 07:15:51,659 INFO [RocksDB]Options.compaction_options_fifo.max_table_files_size: 1073741824
[20096] 01-08 07:15:51,659 INFO [RocksDB]Options.compaction_options_fifo.allow_compaction: 0
[20096] 01-08 07:15:51,659 INFO [RocksDB]Options.compaction_options_fifo.ttl: 0
[20096] 01-08 07:15:51,659 INFO [RocksDB]                  Options.table_properties_collectors: 
[20096] 01-08 07:15:51,659 INFO [RocksDB]                  Options.inplace_update_support: 0
[20096] 01-08 07:15:51,659 INFO [RocksDB]                Options.inplace_update_num_locks: 10000
[20096] 01-08 07:15:51,659 INFO [RocksDB]              Options.memtable_prefix_bloom_size_ratio: 0.000000
[20096] 01-08 07:15:51,659 INFO [RocksDB]  Options.memtable_huge_page_size: 0
[20096] 01-08 07:15:51,659 INFO [RocksDB]                          Options.bloom_locality: 0
[20096] 01-08 07:15:51,659 INFO [RocksDB]                   Options.max_successive_merges: 0
[20096] 01-08 07:15:51,659 INFO [RocksDB]               Options.optimize_filters_for_hits: 0
[20096] 01-08 07:15:51,659 INFO [RocksDB]               Options.paranoid_file_checks: 0
[20096] 01-08 07:15:51,659 INFO [RocksDB]               Options.force_consistency_checks: 0
[20096] 01-08 07:15:51,659 INFO [RocksDB]               Options.report_bg_io_stats: 0
[20096] 01-08 07:15:51,659 INFO [RocksDB]                              Options.ttl: 0
[20096] 01-08 07:15:51,659 INFO [RocksDB][db/db_impl.cc:1396] Created column family [0] (ID 1)
[20096] 01-08 07:15:51,661 INFO Create ColumnFamilyHandle with name:0 success.
[20096] 01-08 07:15:59,598 INFO [RocksDB][db/db_impl_write.cc:1373] [0] New memtable created with log file: #9. Immutable memtables: 0.

[20096] 01-08 07:16:07,862 INFO [RocksDB][db/db_impl_write.cc:1373] [0] New memtable created with log file: #10. Immutable memtables: 1.

[20096] 01-08 07:16:07,862 INFO [RocksDB][db/db_impl_compaction_flush.cc:80] [JOB 2] Syncing log #3
[20096] 01-08 07:16:08,404 INFO [RocksDB][db/db_impl_compaction_flush.cc:80] [JOB 2] Syncing log #9
[20096] 01-08 07:16:12,282 INFO [RocksDB](Original Log Time 2020/01/08-07:16:07.862188) [db/db_impl_compaction_flush.cc:1424] Calling FlushMemTableToOutputFile with column family [0], flush slots available 4, compaction slots available 1, flush slots scheduled 1, compaction slots scheduled 0
[20096] 01-08 07:16:12,293 INFO [RocksDB][db/flush_job.cc:301] [0] [JOB 2] Flushing memtable with next log file: 9

[20096] 01-08 07:16:12,293 INFO [RocksDB][db/flush_job.cc:301] [0] [JOB 2] Flushing memtable with next log file: 10

[20096] 01-08 07:16:12,293 INFO [RocksDB]EVENT_LOG_v1 {"time_micros": 1578467772293712, "job": 2, "event": "flush_started", "num_memtables": 2, "num_entries": 3390406, "num_deletes": 0, "memory_usage": 520100368, "flush_reason": "Write Buffer Full"}
[20096] 01-08 07:16:12,293 INFO [RocksDB][db/flush_job.cc:331] [0] [JOB 2] Level-0 flush table #11: started
[20096] 01-08 07:16:17,381 INFO [RocksDB][db/db_impl_write.cc:1373] [0] New memtable created with log file: #12. Immutable memtables: 2.

[20096] 01-08 07:16:18,901 INFO [RocksDB]EVENT_LOG_v1 {"time_micros": 1578467778901345, "cf_name": "0", "job": 2, "event": "table_file_creation", "file_number": 11, "file_size": 329663353, "table_properties": {"data_size": 320300814, "index_size": 4296675, "filter_size": 5064822, "raw_key_size": 133422173, "raw_average_key_size": 42, "raw_value_size": 256583371, "raw_average_value_size": 81, "num_data_blocks": 79804, "num_entries": 3148243, "filter_policy_name": "rocksdb.BuiltinBloomFilter", "kDeletedKeys": "0", "kMergeOperands": "0"}}
[20096] 01-08 07:16:18,901 INFO [RocksDB][db/flush_job.cc:371] [0] [JOB 2] Level-0 flush table #11: 329663353 bytes OK
[20096] 01-08 07:16:18,903 INFO [RocksDB](Original Log Time 2020/01/08-07:16:18.902314) [db/memtable_list.cc:377] [0] Level-0 commit table #11 started
[20096] 01-08 07:16:18,903 INFO [RocksDB](Original Log Time 2020/01/08-07:16:18.903624) [db/memtable_list.cc:409] [0] Level-0 commit table #11: memtable #1 done
[20096] 01-08 07:16:18,903 INFO [RocksDB](Original Log Time 2020/01/08-07:16:18.903629) [db/memtable_list.cc:409] [0] Level-0 commit table #11: memtable #2 done
[20096] 01-08 07:16:18,903 INFO [RocksDB](Original Log Time 2020/01/08-07:16:18.903644) EVENT_LOG_v1 {"time_micros": 1578467778903637, "job": 2, "event": "flush_finished", "output_compression": "NoCompression", "lsm_state": [1, 0, 0, 0, 0, 0, 0], "immutable_memtables": 1}
[20096] 01-08 07:16:18,903 INFO [RocksDB](Original Log Time 2020/01/08-07:16:18.903657) [db/db_impl_compaction_flush.cc:177] [0] Level summary: base level 1 max bytes base 536870912 files[1 0 0 0 0 0 0] max score 0.61

[20096] 01-08 07:16:18,903 INFO [RocksDB][db/db_impl_files.cc:342] [JOB 2] Try to delete WAL files size 400339445, prev total WAL file size 631932334, number of live WAL files 4.

[20096] 01-08 07:16:26,265 INFO [RocksDB][db/db_impl_write.cc:1373] [0] New memtable created with log file: #13. Immutable memtables: 1.

[20096] 01-08 07:16:26,265 INFO [RocksDB][db/db_impl_compaction_flush.cc:80] [JOB 3] Syncing log #10
[20096] 01-08 07:16:27,172 INFO [RocksDB][db/db_impl_compaction_flush.cc:80] [JOB 3] Syncing log #12
[20096] 01-08 07:16:28,583 INFO [RocksDB](Original Log Time 2020/01/08-07:16:26.265732) [db/db_impl_compaction_flush.cc:1424] Calling FlushMemTableToOutputFile with column family [0], flush slots available 4, compaction slots available 1, flush slots scheduled 1, compaction slots scheduled 0
[20096] 01-08 07:16:28,583 INFO [RocksDB][db/flush_job.cc:301] [0] [JOB 3] Flushing memtable with next log file: 12

[20096] 01-08 07:16:28,583 INFO [RocksDB][db/flush_job.cc:301] [0] [JOB 3] Flushing memtable with next log file: 13

[20096] 01-08 07:16:28,583 INFO [RocksDB]EVENT_LOG_v1 {"time_micros": 1578467788583355, "job": 3, "event": "flush_started", "num_memtables": 2, "num_entries": 3291590, "num_deletes": 0, "memory_usage": 520100656, "flush_reason": "Write Buffer Full"}
[20096] 01-08 07:16:28,583 INFO [RocksDB][db/flush_job.cc:331] [0] [JOB 3] Level-0 flush table #14: started
[20096] 01-08 07:16:34,709 INFO [RocksDB]EVENT_LOG_v1 {"time_micros": 1578467794709491, "cf_name": "0", "job": 3, "event": "table_file_creation", "file_number": 14, "file_size": 319996484, "table_properties": {"data_size": 310907174, "index_size": 4171233, "filter_size": 4917035, "raw_key_size": 129531061, "raw_average_key_size": 42, "raw_value_size": 249103106, "raw_average_value_size": 81, "num_data_blocks": 77468, "num_entries": 3056479, "filter_policy_name": "rocksdb.BuiltinBloomFilter", "kDeletedKeys": "0", "kMergeOperands": "0"}}
[20096] 01-08 07:16:34,709 INFO [RocksDB][db/flush_job.cc:371] [0] [JOB 3] Level-0 flush table #14: 319996484 bytes OK
[20096] 01-08 07:16:34,711 INFO [RocksDB](Original Log Time 2020/01/08-07:16:34.710452) [db/memtable_list.cc:377] [0] Level-0 commit table #14 started
[20096] 01-08 07:16:34,711 INFO [RocksDB](Original Log Time 2020/01/08-07:16:34.711852) [db/memtable_list.cc:409] [0] Level-0 commit table #14: memtable #1 done
[20096] 01-08 07:16:34,711 INFO [RocksDB](Original Log Time 2020/01/08-07:16:34.711853) [db/memtable_list.cc:409] [0] Level-0 commit table #14: memtable #2 done
[20096] 01-08 07:16:34,711 INFO [RocksDB](Original Log Time 2020/01/08-07:16:34.711864) EVENT_LOG_v1 {"time_micros": 1578467794711858, "job": 3, "event": "flush_finished", "output_compression": "NoCompression", "lsm_state": [2, 0, 0, 0, 0, 0, 0], "immutable_memtables": 0}
[20096] 01-08 07:16:34,711 INFO [RocksDB](Original Log Time 2020/01/08-07:16:34.711889) [db/db_impl_compaction_flush.cc:177] [0] Level summary: base level 1 max bytes base 536870912 files[2 0 0 0 0 0 0] max score 1.21

[20096] 01-08 07:16:34,711 INFO [RocksDB][db/db_impl_files.cc:342] [JOB 3] Try to delete WAL files size 388741300, prev total WAL file size 557001295, number of live WAL files 3.

[20096] 01-08 07:16:34,712 WARN [RocksDB][db/db_impl.cc:491] ------- DUMPING STATS -------
[20096] 01-08 07:16:34,712 WARN [RocksDB][db/db_impl.cc:492] 
** DB Stats **
Uptime(secs): 55.0 total, 55.0 interval
Cumulative writes: 1158K writes, 8106K keys, 1157K commit groups, 1.0 writes per commit group, ingest: 0.89 GB, 16.61 MB/s
Cumulative WAL: 1158K writes, 0 syncs, 1158095.00 writes per sync, written: 0.89 GB, 16.61 MB/s
Cumulative stall: 00:00:0.000 H:M:S, 0.0 percent
Interval writes: 1158K writes, 8106K keys, 1157K commit groups, 1.0 writes per commit group, ingest: 912.99 MB, 16.61 MB/s
Interval WAL: 1158K writes, 0 syncs, 1158095.00 writes per sync, written: 0.89 MB, 16.61 MB/s
Interval stall: 00:00:0.000 H:M:S, 0.0 percent

** Compaction Stats [default] **
Level    Files   Size     Score Read(GB)  Rn(GB) Rnp1(GB) Write(GB) Wnew(GB) Moved(GB) W-Amp Rd(MB/s) Wr(MB/s) Comp(sec) Comp(cnt) Avg(sec) KeyIn KeyDrop
----------------------------------------------------------------------------------------------------------------------------------------------------------
 Sum      0/0    0.00 KB   0.0      0.0     0.0      0.0       0.0     
[20096] 01-08 07:16:34,712 INFO [RocksDB][db/compaction_job.cc:1531] [0] [JOB 4] Compacting 2@0 files to L1, score 1.21
[20096] 01-08 07:16:34,712 INFO [RocksDB][db/compaction_job.cc:1535] [0] Compaction start summary: Base version 4 Base level 0, inputs: [14(305MB) 11(314MB)]

[20096] 01-08 07:16:34,712 INFO [RocksDB]EVENT_LOG_v1 {"time_micros": 1578467794712278, "job": 4, "event": "compaction_started", "compaction_reason": "LevelL0FilesNum", "files_L0": [14, 11], "score": 1.21009, "input_data_size": 649659837}
[20096] 01-08 07:16:35,251 INFO [RocksDB][db/db_impl_write.cc:1373] [0] New memtable created with log file: #16. Immutable memtables: 0.

[20096] 01-08 07:16:36,175 INFO [RocksDB][db/compaction_job.cc:1211] [0] [JOB 4] Generated table #15: 1183908 keys, 69767911 bytes
[20096] 01-08 07:16:36,175 INFO [RocksDB]EVENT_LOG_v1 {"time_micros": 1578467796175960, "cf_name": "0", "job": 4, "event": "table_file_creation", "file_number": 15, "file_size": 69767911, "table_properties": {"data_size": 67110606, "index_size": 975766, "filter_size": 1680508, "raw_key_size": 56336819, "raw_average_key_size": 47, "raw_value_size": 28709132, "raw_average_value_size": 24, "num_data_blocks": 16602, "num_entries": 1183908, "filter_policy_name": "rocksdb.BuiltinBloomFilter", "kDeletedKeys": "0", "kMergeOperands": "0"}}
[20096] 01-08 07:16:37,490 INFO [RocksDB][db/compaction_job.cc:1211] [0] [JOB 4] Generated table #17: 597533 keys, 68989375 bytes
[20096] 01-08 07:16:37,490 INFO [RocksDB]EVENT_LOG_v1 {"time_micros": 1578467797490641, "cf_name": "0", "job": 4, "event": "table_file_creation", "file_number": 17, "file_size": 68989375, "table_properties": {"data_size": 67112053, "index_size": 888372, "filter_size": 987919, "raw_key_size": 24595921, "raw_average_key_size": 41, "raw_value_size": 56765653, "raw_average_value_size": 95, "num_data_blocks": 16740, "num_entries": 597533, "filter_policy_name": "rocksdb.BuiltinBloomFilter", "kDeletedKeys": "0", "kMergeOperands": "0"}}
[20096] 01-08 07:16:38,768 INFO [RocksDB][db/compaction_job.cc:1211] [0] [JOB 4] Generated table #18: 597507 keys, 68986264 bytes
[20096] 01-08 07:16:38,768 INFO [RocksDB]EVENT_LOG_v1 {"time_micros": 1578467798768084, "cf_name": "0", "job": 4, "event": "table_file_creation", "file_number": 18, "file_size": 68986264, "table_properties": {"data_size": 67109033, "index_size": 888315, "filter_size": 987885, "raw_key_size": 24594771, "raw_average_key_size": 41, "raw_value_size": 56763147, "raw_average_value_size": 94, "num_data_blocks": 16740, "num_entries": 597507, "filter_policy_name": "rocksdb.BuiltinBloomFilter", "kDeletedKeys": "0", "kMergeOperands": "0"}}
[20096] 01-08 07:16:40,074 INFO [RocksDB][db/compaction_job.cc:1211] [0] [JOB 4] Generated table #19: 597517 keys, 68988058 bytes
[20096] 01-08 07:16:40,074 INFO [RocksDB]EVENT_LOG_v1 {"time_micros": 1578467800074922, "cf_name": "0", "job": 4, "event": "table_file_creation", "file_number": 19, "file_size": 68988058, "table_properties": {"data_size": 67110712, "index_size": 888418, "filter_size": 987897, "raw_key_size": 24593999, "raw_average_key_size": 41, "raw_value_size": 56764088, "raw_average_value_size": 94, "num_data_blocks": 16740, "num_entries": 597517, "filter_policy_name": "rocksdb.BuiltinBloomFilter", "kDeletedKeys": "0", "kMergeOperands": "0"}}
[20096] 01-08 07:16:41,385 INFO [RocksDB][db/compaction_job.cc:1211] [0] [JOB 4] Generated table #20: 597501 keys, 68989334 bytes
[20096] 01-08 07:16:41,385 INFO [RocksDB]EVENT_LOG_v1 {"time_micros": 1578467801385279, "cf_name": "0", "job": 4, "event": "table_file_creation", "file_number": 20, "file_size": 68989334, "table_properties": {"data_size": 67111703, "index_size": 888719, "filter_size": 987881, "raw_key_size": 24593090, "raw_average_key_size": 41, "raw_value_size": 56762622, "raw_average_value_size": 95, "num_data_blocks": 16740, "num_entries": 597501, "filter_policy_name": "rocksdb.BuiltinBloomFilter", "kDeletedKeys": "0", "kMergeOperands": "0"}}
[20096] 01-08 07:16:42,766 INFO [RocksDB][db/compaction_job.cc:1211] [0] [JOB 4] Generated table #21: 597509 keys, 68987106 bytes
[20096] 01-08 07:16:42,766 INFO [RocksDB]EVENT_LOG_v1 {"time_micros": 1578467802766299, "cf_name": "0", "job": 4, "event": "table_file_creation", "file_number": 21, "file_size": 68987106, "table_properties": {"data_size": 67109670, "index_size": 888527, "filter_size": 987878, "raw_key_size": 24595288, "raw_average_key_size": 41, "raw_value_size": 56763355, "raw_average_value_size": 95, "num_data_blocks": 16739, "num_entries": 597509, "filter_policy_name": "rocksdb.BuiltinBloomFilter", "kDeletedKeys": "0", "kMergeOperands": "0"}}
[20096] 01-08 07:16:44,066 INFO [RocksDB][db/compaction_job.cc:1211] [0] [JOB 4] Generated table #22: 597503 keys, 68988158 bytes
[20096] 01-08 07:16:44,066 INFO [RocksDB]EVENT_LOG_v1 {"time_micros": 1578467804066852, "cf_name": "0", "job": 4, "event": "table_file_creation", "file_number": 22, "file_size": 68988158, "table_properties": {"data_size": 67110468, "index_size": 888780, "filter_size": 987879, "raw_key_size": 24594549, "raw_average_key_size": 41, "raw_value_size": 56762830, "raw_average_value_size": 95, "num_data_blocks": 16740, "num_entries": 597503, "filter_policy_name": "rocksdb.BuiltinBloomFilter", "kDeletedKeys": "0", "kMergeOperands": "0"}}
[20096] 01-08 07:16:44,727 INFO [RocksDB][db/db_impl_write.cc:1373] [0] New memtable created with log file: #24. Immutable memtables: 1.

[20096] 01-08 07:16:44,727 INFO [RocksDB][db/db_impl_compaction_flush.cc:80] [JOB 5] Syncing log #13
[20096] 01-08 07:16:45,320 INFO [RocksDB][db/db_impl_compaction_flush.cc:80] [JOB 5] Syncing log #16
[20096] 01-08 07:16:47,020 INFO [RocksDB][db/compaction_job.cc:1211] [0] [JOB 4] Generated table #23: 597517 keys, 68990517 bytes
[20096] 01-08 07:16:47,020 INFO [RocksDB]EVENT_LOG_v1 {"time_micros": 1578467807020368, "cf_name": "0", "job": 4, "event": "table_file_creation", "file_number": 23, "file_size": 68990517, "table_properties": {"data_size": 67112619, "index_size": 888966, "filter_size": 987901, "raw_key_size": 24594692, "raw_average_key_size": 41, "raw_value_size": 56764088, "raw_average_value_size": 94, "num_data_blocks": 16740, "num_entries": 597517, "filter_policy_name": "rocksdb.BuiltinBloomFilter", "kDeletedKeys": "0", "kMergeOperands": "0"}}
[20096] 01-08 07:16:47,021 INFO [RocksDB](Original Log Time 2020/01/08-07:16:44.727272) [db/db_impl_compaction_flush.cc:1424] Calling FlushMemTableToOutputFile with column family [0], flush slots available 4, compaction slots available 1, flush slots scheduled 1, compaction slots scheduled 1
[20096] 01-08 07:16:47,021 INFO [RocksDB][db/flush_job.cc:301] [0] [JOB 5] Flushing memtable with next log file: 16

[20096] 01-08 07:16:47,021 INFO [RocksDB][db/flush_job.cc:301] [0] [JOB 5] Flushing memtable with next log file: 24

[20096] 01-08 07:16:47,021 INFO [RocksDB]EVENT_LOG_v1 {"time_micros": 1578467807021318, "job": 5, "event": "flush_started", "num_memtables": 2, "num_entries": 3168139, "num_deletes": 0, "memory_usage": 520101840, "flush_reason": "Write Buffer Full"}
[20096] 01-08 07:16:47,021 INFO [RocksDB][db/flush_job.cc:331] [0] [JOB 5] Level-0 flush table #25: started
[20096] 01-08 07:16:49,471 INFO [RocksDB][db/compaction_job.cc:1211] [0] [JOB 4] Generated table #26: 597507 keys, 68986852 bytes
[20096] 01-08 07:16:49,471 INFO [RocksDB]EVENT_LOG_v1 {"time_micros": 1578467809471125, "cf_name": "0", "job": 4, "event": "table_file_creation", "file_number": 26, "file_size": 68986852, "table_properties": {"data_size": 67109412, "index_size": 888533, "filter_size": 987876, "raw_key_size": 24594863, "raw_average_key_size": 41, "raw_value_size": 56763147, "raw_average_value_size": 94, "num_data_blocks": 16739, "num_entries": 597507, "filter_policy_name": "rocksdb.BuiltinBloomFilter", "kDeletedKeys": "0", "kMergeOperands": "0"}}
[20096] 01-08 07:16:50,777 INFO [RocksDB][db/compaction_job.cc:1211] [0] [JOB 4] Generated table #27: 240719 keys, 27788517 bytes
[20096] 01-08 07:16:50,777 INFO [RocksDB]EVENT_LOG_v1 {"time_micros": 1578467810777645, "cf_name": "0", "job": 4, "event": "table_file_creation", "file_number": 27, "file_size": 27788517, "table_properties": {"data_size": 27033090, "index_size": 356424, "filter_size": 397973, "raw_key_size": 9859223, "raw_average_key_size": 40, "raw_value_size": 22868359, "raw_average_value_size": 95, "num_data_blocks": 6743, "num_entries": 240719, "filter_policy_name": "rocksdb.BuiltinBloomFilter", "kDeletedKeys": "0", "kMergeOperands": "0"}}
[20096] 01-08 07:16:50,778 INFO [RocksDB][db/compaction_job.cc:1287] [0] [JOB 4] Compacted 2@0 files to L1 => 649462092 bytes
[20096] 01-08 07:16:50,780 INFO [RocksDB](Original Log Time 2020/01/08-07:16:50.780737) [db/compaction_job.cc:685] [0] compacted to: base level 1 max bytes base 536870912 files[0 10 0 0 0 0 0] max score 1.21, MB/sec: 40.4 rd, 40.4 wr, level 1, files in(2, 0) out(10) MB in(619.6, 0.0) out(619.4), read-write-amplify(2.0) write-amplify(1.0) OK, records in: 6204722, records dropped: 1 output_compression: NoCompression

[20096] 01-08 07:16:50,780 INFO [RocksDB](Original Log Time 2020/01/08-07:16:50.780752) EVENT_LOG_v1 {"time_micros": 1578467810780745, "job": 4, "event": "compaction_finished", "compaction_time_micros": 16066665, "output_level": 1, "num_output_files": 10, "total_output_size": 649462092, "num_input_records": 6204722, "num_output_records": 6204721, "num_subcompactions": 1, "output_compression": "NoCompression", "num_single_delete_mismatches": 0, "num_single_delete_fallthrough": 0, "lsm_state": [0, 10, 0, 0, 0, 0, 0]}
[20096] 01-08 07:16:50,781 INFO [RocksDB][db/compaction_job.cc:1531] [0] [JOB 6] Compacting 1@1 files to L2, score 1.21
[20096] 01-08 07:16:50,781 INFO [RocksDB][db/compaction_job.cc:1535] [0] Compaction start summary: Base version 5 Base level 1, inputs: [15(66MB)]

[20096] 01-08 07:16:50,781 INFO [RocksDB]EVENT_LOG_v1 {"time_micros": 1578467810781373, "job": 6, "event": "compaction_started", "compaction_reason": "LevelMaxLevelSize", "files_L1": [15], "score": 1.20972, "input_data_size": 69767911}
[20096] 01-08 07:16:54,585 INFO [RocksDB][db/compaction_job.cc:1211] [0] [JOB 6] Generated table #28: 1183908 keys, 54614294 bytes
[20096] 01-08 07:16:54,585 INFO [RocksDB]EVENT_LOG_v1 {"time_micros": 1578467814585965, "cf_name": "0", "job": 6, "event": "table_file_creation", "file_number": 28, "file_size": 54614294, "table_properties": {"data_size": 52430277, "index_size": 975462, "filter_size": 1651836, "raw_key_size": 56336819, "raw_average_key_size": 47, "raw_value_size": 28709132, "raw_average_value_size": 24, "num_data_blocks": 16602, "num_entries": 1183908, "filter_policy_name": "rocksdb.BuiltinBloomFilter", "kDeletedKeys": "0", "kMergeOperands": "0"}}
[20096] 01-08 07:16:54,587 INFO [RocksDB][db/compaction_job.cc:1287] [0] [JOB 6] Compacted 1@1 files to L2 => 54614294 bytes
[20096] 01-08 07:16:54,588 INFO [RocksDB](Original Log Time 2020/01/08-07:16:54.588624) [db/compaction_job.cc:685] [0] compacted to: base level 1 max bytes base 536870912 files[0 9 1 0 0 0 0] max score 1.08, MB/sec: 18.3 rd, 14.4 wr, level 2, files in(1, 0) out(1) MB in(66.5, 0.0) out(52.1), read-write-amplify(1.8) write-amplify(0.8) OK, records in: 1183908, records dropped: 0 output_compression: Snappy

[20096] 01-08 07:16:54,588 INFO [RocksDB](Original Log Time 2020/01/08-07:16:54.588639) EVENT_LOG_v1 {"time_micros": 1578467814588633, "job": 6, "event": "compaction_finished", "compaction_time_micros": 3805693, "output_level": 2, "num_output_files": 1, "total_output_size": 54614294, "num_input_records": 1183908, "num_output_records": 1183908, "num_subcompactions": 1, "output_compression": "Snappy", "num_single_delete_mismatches": 0, "num_single_delete_fallthrough": 0, "lsm_state": [0, 9, 1, 0, 0, 0, 0]}
[20096] 01-08 07:16:54,595 INFO [RocksDB]EVENT_LOG_v1 {"time_micros": 1578467814595753, "job": 6, "event": "table_file_deletion", "file_number": 15}
[20096] 01-08 07:16:54,595 INFO [RocksDB][db/compaction_job.cc:1531] [0] [JOB 7] Compacting 1@1 files to L2, score 1.08
[20096] 01-08 07:16:54,595 INFO [RocksDB][db/compaction_job.cc:1535] [0] Compaction start summary: Base version 6 Base level 1, inputs: [23(65MB)]

[20096] 01-08 07:16:54,595 INFO [RocksDB]EVENT_LOG_v1 {"time_micros": 1578467814595801, "job": 7, "event": "compaction_started", "compaction_reason": "LevelMaxLevelSize", "files_L1": [23], "score": 1.07976, "input_data_size": 68990517}
[20096] 01-08 07:16:56,376 INFO [RocksDB]EVENT_LOG_v1 {"time_micros": 1578467816376467, "cf_name": "0", "job": 5, "event": "table_file_creation", "file_number": 25, "file_size": 308050456, "table_properties": {"data_size": 299305477, "index_size": 4011212, "filter_size": 4732725, "raw_key_size": 124676424, "raw_average_key_size": 42, "raw_value_size": 239759712, "raw_average_value_size": 81, "num_data_blocks": 74573, "num_entries": 2941842, "filter_policy_name": "rocksdb.BuiltinBloomFilter", "kDeletedKeys": "0", "kMergeOperands": "0"}}
[20096] 01-08 07:16:56,376 INFO [RocksDB][db/flush_job.cc:371] [0] [JOB 5] Level-0 flush table #25: 308050456 bytes OK
[20096] 01-08 07:16:56,378 INFO [RocksDB](Original Log Time 2020/01/08-07:16:56.377393) [db/memtable_list.cc:377] [0] Level-0 commit table #25 started
[20096] 01-08 07:16:56,378 INFO [RocksDB](Original Log Time 2020/01/08-07:16:56.378829) [db/memtable_list.cc:409] [0] Level-0 commit table #25: memtable #1 done
[20096] 01-08 07:16:56,378 INFO [RocksDB](Original Log Time 2020/01/08-07:16:56.378830) [db/memtable_list.cc:409] [0] Level-0 commit table #25: memtable #2 done
[20096] 01-08 07:16:56,378 INFO [RocksDB](Original Log Time 2020/01/08-07:16:56.378844) EVENT_LOG_v1 {"time_micros": 1578467816378838, "job": 5, "event": "flush_finished", "output_compression": "NoCompression", "lsm_state": [1, 9, 1, 0, 0, 0, 0], "immutable_memtables": 0}
[20096] 01-08 07:16:56,378 INFO [RocksDB](Original Log Time 2020/01/08-07:16:56.378866) [db/db_impl_compaction_flush.cc:177] [0] Level summary: base level 1 max bytes base 536870912 files[1 9 1 0 0 0 0] max score 0.95

[20096] 01-08 07:16:56,378 INFO [RocksDB][db/db_impl_files.cc:342] [JOB 5] Try to delete WAL files size 374165615, prev total WAL file size 543100895, number of live WAL files 3.

[20096] 01-08 07:16:56,427 INFO [RocksDB]EVENT_LOG_v1 {"time_micros": 1578467816427426, "job": 5, "event": "table_file_deletion", "file_number": 14}
[20096] 01-08 07:16:56,474 INFO [RocksDB]EVENT_LOG_v1 {"time_micros": 1578467816474722, "job": 5, "event": "table_file_deletion", "file_number": 11}
[20096] 01-08 07:16:57,070 INFO [RocksDB][db/compaction_job.cc:1211] [0] [JOB 7] Generated table #29: 597517 keys, 68588434 bytes
[20096] 01-08 07:16:57,070 INFO [RocksDB]EVENT_LOG_v1 {"time_micros": 1578467817070787, "cf_name": "0", "job": 7, "event": "table_file_creation", "file_number": 29, "file_size": 68588434, "table_properties": {"data_size": 67112619, "index_size": 888966, "filter_size": 987901, "raw_key_size": 24594692, "raw_average_key_size": 41, "raw_value_size": 56764088, "raw_average_value_size": 94, "num_data_blocks": 16740, "num_entries": 597517, "filter_policy_name": "rocksdb.BuiltinBloomFilter", "kDeletedKeys": "0", "kMergeOperands": "0"}}
[20096] 01-08 07:16:57,071 INFO [RocksDB][db/compaction_job.cc:1287] [0] [JOB 7] Compacted 1@1 files to L2 => 68588434 bytes
[20096] 01-08 07:16:57,073 INFO [RocksDB](Original Log Time 2020/01/08-07:16:57.073373) [db/compaction_job.cc:685] [0] compacted to: base level 1 max bytes base 536870912 files[1 8 2 0 0 0 0] max score 0.95, MB/sec: 27.9 rd, 27.7 wr, level 2, files in(1, 0) out(1) MB in(65.8, 0.0) out(65.4), read-write-amplify(2.0) write-amplify(1.0) OK, records in: 597517, records dropped: 0 output_compression: Snappy

[20096] 01-08 07:16:57,073 INFO [RocksDB](Original Log Time 2020/01/08-07:16:57.073397) EVENT_LOG_v1 {"time_micros": 1578467817073382, "job": 7, "event": "compaction_finished", "compaction_time_micros": 2476122, "output_level": 2, "num_output_files": 1, "total_output_size": 68588434, "num_input_records": 597517, "num_output_records": 597517, "num_subcompactions": 1, "output_compression": "Snappy", "num_single_delete_mismatches": 0, "num_single_delete_fallthrough": 0, "lsm_state": [1, 8, 2, 0, 0, 0, 0]}
[20096] 01-08 07:16:58,795 INFO [RocksDB][db/db_impl_write.cc:1373] [0] New memtable created with log file: #30. Immutable memtables: 0.

[20096] 01-08 07:17:14,763 INFO [RocksDB][db/db_impl_write.cc:1373] [0] New memtable created with log file: #31. Immutable memtables: 1.

[20096] 01-08 07:17:14,764 INFO [RocksDB][db/db_impl_compaction_flush.cc:80] [JOB 8] Syncing log #24
[20096] 01-08 07:17:15,291 INFO [RocksDB][db/db_impl_compaction_flush.cc:80] [JOB 8] Syncing log #30
[20096] 01-08 07:17:17,029 INFO [RocksDB](Original Log Time 2020/01/08-07:17:14.764065) [db/db_impl_compaction_flush.cc:1424] Calling FlushMemTableToOutputFile with column family [0], flush slots available 4, compaction slots available 1, flush slots scheduled 1, compaction slots scheduled 0
[20096] 01-08 07:17:17,029 INFO [RocksDB][db/flush_job.cc:301] [0] [JOB 8] Flushing memtable with next log file: 30

[20096] 01-08 07:17:17,029 INFO [RocksDB][db/flush_job.cc:301] [0] [JOB 8] Flushing memtable with next log file: 31

[20096] 01-08 07:17:17,029 INFO [RocksDB]EVENT_LOG_v1 {"time_micros": 1578467837029715, "job": 8, "event": "flush_started", "num_memtables": 2, "num_entries": 3505525, "num_deletes": 0, "memory_usage": 520099504, "flush_reason": "Write Buffer Full"}
[20096] 01-08 07:17:17,029 INFO [RocksDB][db/flush_job.cc:331] [0] [JOB 8] Level-0 flush table #32: started
[20096] 01-08 07:17:23,634 INFO [RocksDB]EVENT_LOG_v1 {"time_micros": 1578467843634107, "cf_name": "0", "job": 8, "event": "table_file_creation", "file_number": 32, "file_size": 340852364, "table_properties": {"data_size": 331168669, "index_size": 4446031, "filter_size": 5236622, "raw_key_size": 137952070, "raw_average_key_size": 42, "raw_value_size": 265292200, "raw_average_value_size": 81, "num_data_blocks": 82511, "num_entries": 3255129, "filter_policy_name": "rocksdb.BuiltinBloomFilter", "kDeletedKeys": "0", "kMergeOperands": "0"}}
[20096] 01-08 07:17:23,634 INFO [RocksDB][db/flush_job.cc:371] [0] [JOB 8] Level-0 flush table #32: 340852364 bytes OK
[20096] 01-08 07:17:23,636 INFO [RocksDB](Original Log Time 2020/01/08-07:17:23.634987) [db/memtable_list.cc:377] [0] Level-0 commit table #32 started
[20096] 01-08 07:17:23,636 INFO [RocksDB](Original Log Time 2020/01/08-07:17:23.636234) [db/memtable_list.cc:409] [0] Level-0 commit table #32: memtable #1 done
[20096] 01-08 07:17:23,636 INFO [RocksDB](Original Log Time 2020/01/08-07:17:23.636235) [db/memtable_list.cc:409] [0] Level-0 commit table #32: memtable #2 done
[20096] 01-08 07:17:23,636 INFO [RocksDB](Original Log Time 2020/01/08-07:17:23.636244) EVENT_LOG_v1 {"time_micros": 1578467843636240, "job": 8, "event": "flush_finished", "output_compression": "NoCompression", "lsm_state": [2, 8, 2, 0, 0, 0, 0], "immutable_memtables": 0}
[20096] 01-08 07:17:23,636 INFO [RocksDB](Original Log Time 2020/01/08-07:17:23.636272) [db/db_impl_compaction_flush.cc:177] [0] Level summary: base level 1 max bytes base 536870912 files[2 8 2 0 0 0 0] max score 1.21

[20096] 01-08 07:17:23,636 INFO [RocksDB][db/db_impl_files.cc:342] [JOB 8] Try to delete WAL files size 414011194, prev total WAL file size 490108456, number of live WAL files 3.

[20096] 01-08 07:17:23,636 INFO [RocksDB][db/compaction_job.cc:1531] [0] [JOB 9] Compacting 2@0 + 8@1 files to L1, score 1.21
[20096] 01-08 07:17:23,636 INFO [RocksDB][db/compaction_job.cc:1535] [0] Compaction start summary: Base version 9 Base level 0, inputs: [32(325MB) 25(293MB)], [17(65MB) 18(65MB) 19(65MB) 20(65MB) 21(65MB) 22(65MB) 26(65MB) 27(26MB)]

[20096] 01-08 07:17:23,636 INFO [RocksDB]EVENT_LOG_v1 {"time_micros": 1578467843636446, "job": 9, "event": "compaction_started", "compaction_reason": "LevelL0FilesNum", "files_L0": [32, 25], "files_L1": [17, 18, 19, 20, 21, 22, 26, 27], "score": 1.20868, "input_data_size": 1159606484}
[20096] 01-08 07:17:23,642 INFO [RocksDB]EVENT_LOG_v1 {"time_micros": 1578467843642475, "job": 8, "event": "table_file_deletion", "file_number": 23}
[20096] 01-08 07:17:25,062 INFO [RocksDB][db/compaction_job.cc:1211] [0] [JOB 9] Generated table #33: 1182886 keys, 69765491 bytes
[20096] 01-08 07:17:25,062 INFO [RocksDB]EVENT_LOG_v1 {"time_micros": 1578467845062173, "cf_name": "0", "job": 9, "event": "table_file_creation", "file_number": 33, "file_size": 69765491, "table_properties": {"data_size": 67109617, "index_size": 975689, "filter_size": 1679154, "raw_key_size": 56286424, "raw_average_key_size": 47, "raw_value_size": 28713795, "raw_average_value_size": 24, "num_data_blocks": 16602, "num_entries": 1182886, "filter_policy_name": "rocksdb.BuiltinBloomFilter", "kDeletedKeys": "0", "kMergeOperands": "0"}}
[20096] 01-08 07:17:26,362 INFO [RocksDB][db/compaction_job.cc:1211] [0] [JOB 9] Generated table #34: 597578 keys, 68988888 bytes
[20096] 01-08 07:17:26,362 INFO [RocksDB]EVENT_LOG_v1 {"time_micros": 1578467846362661, "cf_name": "0", "job": 9, "event": "table_file_creation", "file_number": 34, "file_size": 68988888, "table_properties": {"data_size": 67110508, "index_size": 889345, "filter_size": 988004, "raw_key_size": 24598168, "raw_average_key_size": 41, "raw_value_size": 56770036, "raw_average_value_size": 95, "num_data_blocks": 16744, "num_entries": 597578, "filter_policy_name": "rocksdb.BuiltinBloomFilter", "kDeletedKeys": "0", "kMergeOperands": "0"}}
[20096] 01-08 07:17:27,672 INFO [RocksDB][db/compaction_job.cc:1211] [0] [JOB 9] Generated table #35: 597633 keys, 68988880 bytes
[20096] 01-08 07:17:27,672 INFO [RocksDB]EVENT_LOG_v1 {"time_micros": 1578467847672453, "cf_name": "0", "job": 9, "event": "table_file_creation", "file_number": 35, "file_size": 68988880, "table_properties": {"data_size": 67111352, "index_size": 888440, "filter_size": 988057, "raw_key_size": 24600070, "raw_average_key_size": 41, "raw_value_size": 56775063, "raw_average_value_size": 94, "num_data_blocks": 16742, "num_entries": 597633, "filter_policy_name": "rocksdb.BuiltinBloomFilter", "kDeletedKeys": "0", "kMergeOperands": "0"}}
[20096] 01-08 07:17:28,980 INFO [RocksDB][db/compaction_job.cc:1211] [0] [JOB 9] Generated table #36: 597591 keys, 68988620 bytes
[20096] 01-08 07:17:28,981 INFO [RocksDB]EVENT_LOG_v1 {"time_micros": 1578467848981014, "cf_name": "0", "job": 9, "event": "table_file_creation", "file_number": 36, "file_size": 68988620, "table_properties": {"data_size": 67110434, "index_size": 889154, "filter_size": 988001, "raw_key_size": 24596674, "raw_average_key_size": 41, "raw_value_size": 56771190, "raw_average_value_size": 95, "num_data_blocks": 16742, "num_entries": 597591, "filter_policy_name": "rocksdb.BuiltinBloomFilter", "kDeletedKeys": "0", "kMergeOperands": "0"}}
[20096] 01-08 07:17:30,333 INFO [RocksDB][db/compaction_job.cc:1211] [0] [JOB 9] Generated table #37: 597617 keys, 68989766 bytes
[20096] 01-08 07:17:30,333 INFO [RocksDB]EVENT_LOG_v1 {"time_micros": 1578467850333219, "cf_name": "0", "job": 9, "event": "table_file_creation", "file_number": 37, "file_size": 68989766, "table_properties": {"data_size": 67111680, "index_size": 889018, "filter_size": 988037, "raw_key_size": 24599701, "raw_average_key_size": 41, "raw_value_size": 56773597, "raw_average_value_size": 94, "num_data_blocks": 16742, "num_entries": 597617, "filter_policy_name": "rocksdb.BuiltinBloomFilter", "kDeletedKeys": "0", "kMergeOperands": "0"}}
[20096] 01-08 07:17:31,662 INFO [RocksDB][db/compaction_job.cc:1211] [0] [JOB 9] Generated table #38: 597602 keys, 68989609 bytes
[20096] 01-08 07:17:31,662 INFO [RocksDB]EVENT_LOG_v1 {"time_micros": 1578467851662357, "cf_name": "0", "job": 9, "event": "table_file_creation", "file_number": 38, "file_size": 68989609, "table_properties": {"data_size": 67111932, "index_size": 888628, "filter_size": 988018, "raw_key_size": 24596225, "raw_average_key_size": 41, "raw_value_size": 56772235, "raw_average_value_size": 95, "num_data_blocks": 16742, "num_entries": 597602, "filter_policy_name": "rocksdb.BuiltinBloomFilter", "kDeletedKeys": "0", "kMergeOperands": "0"}}
[20096] 01-08 07:17:32,964 INFO [RocksDB][db/compaction_job.cc:1211] [0] [JOB 9] Generated table #39: 597630 keys, 68988678 bytes
[20096] 01-08 07:17:32,964 INFO [RocksDB]EVENT_LOG_v1 {"time_micros": 1578467852964631, "cf_name": "0", "job": 9, "event": "table_file_creation", "file_number": 39, "file_size": 68988678, "table_properties": {"data_size": 67111044, "index_size": 888555, "filter_size": 988048, "raw_key_size": 24599347, "raw_average_key_size": 41, "raw_value_size": 56774850, "raw_average_value_size": 95, "num_data_blocks": 16742, "num_entries": 597630, "filter_policy_name": "rocksdb.BuiltinBloomFilter", "kDeletedKeys": "0", "kMergeOperands": "0"}}
[20096] 01-08 07:17:34,266 INFO [RocksDB][db/compaction_job.cc:1211] [0] [JOB 9] Generated table #40: 597608 keys, 68989352 bytes
[20096] 01-08 07:17:34,266 INFO [RocksDB]EVENT_LOG_v1 {"time_micros": 1578467854266709, "cf_name": "0", "job": 9, "event": "table_file_creation", "file_number": 40, "file_size": 68989352, "table_properties": {"data_size": 67111315, "index_size": 888971, "filter_size": 988035, "raw_key_size": 24598549, "raw_average_key_size": 41, "raw_value_size": 56772760, "raw_average_value_size": 95, "num_data_blocks": 16743, "num_entries": 597608, "filter_policy_name": "rocksdb.BuiltinBloomFilter", "kDeletedKeys": "0", "kMergeOperands": "0"}}
[20096] 01-08 07:17:35,576 INFO [RocksDB][db/compaction_job.cc:1211] [0] [JOB 9] Generated table #41: 597630 keys, 68990436 bytes
[20096] 01-08 07:17:35,576 INFO [RocksDB]EVENT_LOG_v1 {"time_micros": 1578467855576940, "cf_name": "0", "job": 9, "event": "table_file_creation", "file_number": 41, "file_size": 68990436, "table_properties": {"data_size": 67112889, "index_size": 888464, "filter_size": 988052, "raw_key_size": 24596927, "raw_average_key_size": 41, "raw_value_size": 56774850, "raw_average_value_size": 95, "num_data_blocks": 16742, "num_entries": 597630, "filter_policy_name": "rocksdb.BuiltinBloomFilter", "kDeletedKeys": "0", "kMergeOperands": "0"}}
[20096] 01-08 07:17:36,911 INFO [RocksDB][db/compaction_job.cc:1211] [0] [JOB 9] Generated table #42: 597592 keys, 68987791 bytes
[20096] 01-08 07:17:36,911 INFO [RocksDB]EVENT_LOG_v1 {"time_micros": 1578467856911029, "cf_name": "0", "job": 9, "event": "table_file_creation", "file_number": 42, "file_size": 68987791, "table_properties": {"data_size": 67109817, "index_size": 888939, "filter_size": 988004, "raw_key_size": 24598259, "raw_average_key_size": 41, "raw_value_size": 56771195, "raw_average_value_size": 94, "num_data_blocks": 16742, "num_entries": 597592, "filter_policy_name": "rocksdb.BuiltinBloomFilter", "kDeletedKeys": "0", "kMergeOperands": "0"}}
[20096] 01-08 07:17:38,186 INFO [RocksDB][db/compaction_job.cc:1211] [0] [JOB 9] Generated table #43: 597603 keys, 68988728 bytes
[20096] 01-08 07:17:38,186 INFO [RocksDB]EVENT_LOG_v1 {"time_micros": 1578467858186730, "cf_name": "0", "job": 9, "event": "table_file_creation", "file_number": 43, "file_size": 68988728, "table_properties": {"data_size": 67110578, "index_size": 889104, "filter_size": 988015, "raw_key_size": 24599843, "raw_average_key_size": 41, "raw_value_size": 56772339, "raw_average_value_size": 95, "num_data_blocks": 16742, "num_entries": 597603, "filter_policy_name": "rocksdb.BuiltinBloomFilter", "kDeletedKeys": "0", "kMergeOperands": "0"}}
[20096] 01-08 07:17:39,565 INFO [RocksDB][db/compaction_job.cc:1211] [0] [JOB 9] Generated table #44: 597582 keys, 68987304 bytes
[20096] 01-08 07:17:39,565 INFO [RocksDB]EVENT_LOG_v1 {"time_micros": 1578467859565379, "cf_name": "0", "job": 9, "event": "table_file_creation", "file_number": 44, "file_size": 68987304, "table_properties": {"data_size": 67109677, "index_size": 888606, "filter_size": 987990, "raw_key_size": 24595317, "raw_average_key_size": 41, "raw_value_size": 56770254, "raw_average_value_size": 94, "num_data_blocks": 16742, "num_entries": 597582, "filter_policy_name": "rocksdb.BuiltinBloomFilter", "kDeletedKeys": "0", "kMergeOperands": "0"}}
[20096] 01-08 07:17:40,867 INFO [RocksDB][db/compaction_job.cc:1211] [0] [JOB 9] Generated table #45: 597627 keys, 68989814 bytes
[20096] 01-08 07:17:40,867 INFO [RocksDB]EVENT_LOG_v1 {"time_micros": 1578467860867940, "cf_name": "0", "job": 9, "event": "table_file_creation", "file_number": 45, "file_size": 68989814, "table_properties": {"data_size": 67111917, "index_size": 888817, "filter_size": 988049, "raw_key_size": 24601542, "raw_average_key_size": 41, "raw_value_size": 56774538, "raw_average_value_size": 94, "num_data_blocks": 16742, "num_entries": 597627, "filter_policy_name": "rocksdb.BuiltinBloomFilter", "kDeletedKeys": "0", "kMergeOperands": "0"}}
[20096] 01-08 07:17:42,171 INFO [RocksDB][db/compaction_job.cc:1211] [0] [JOB 9] Generated table #46: 597477 keys, 68989824 bytes
[20096] 01-08 07:17:42,171 INFO [RocksDB]EVENT_LOG_v1 {"time_micros": 1578467862171871, "cf_name": "0", "job": 9, "event": "table_file_creation", "file_number": 46, "file_size": 68989824, "table_properties": {"data_size": 67112022, "index_size": 888926, "filter_size": 987845, "raw_key_size": 24593990, "raw_average_key_size": 41, "raw_value_size": 56760324, "raw_average_value_size": 95, "num_data_blocks": 16739, "num_entries": 597477, "filter_policy_name": "rocksdb.BuiltinBloomFilter", "kDeletedKeys": "0", "kMergeOperands": "0"}}
[20096] 01-08 07:17:43,472 INFO [RocksDB][db/compaction_job.cc:1211] [0] [JOB 9] Generated table #47: 597633 keys, 68989820 bytes
[20096] 01-08 07:17:43,472 INFO [RocksDB]EVENT_LOG_v1 {"time_micros": 1578467863472828, "cf_name": "0", "job": 9, "event": "table_file_creation", "file_number": 47, "file_size": 68989820, "table_properties": {"data_size": 67111795, "index_size": 888921, "filter_size": 988073, "raw_key_size": 24602025, "raw_average_key_size": 41, "raw_value_size": 56775162, "raw_average_value_size": 95, "num_data_blocks": 16744, "num_entries": 597633, "filter_policy_name": "rocksdb.BuiltinBloomFilter", "kDeletedKeys": "0", "kMergeOperands": "0"}}
[20096] 01-08 07:17:44,780 INFO [RocksDB][db/compaction_job.cc:1211] [0] [JOB 9] Generated table #48: 597624 keys, 68988320 bytes
[20096] 01-08 07:17:44,780 INFO [RocksDB]EVENT_LOG_v1 {"time_micros": 1578467864780986, "cf_name": "0", "job": 9, "event": "table_file_creation", "file_number": 48, "file_size": 68988320, "table_properties": {"data_size": 67110626, "index_size": 888632, "filter_size": 988031, "raw_key_size": 24599400, "raw_average_key_size": 41, "raw_value_size": 56774325, "raw_average_value_size": 95, "num_data_blocks": 16741, "num_entries": 597624, "filter_policy_name": "rocksdb.BuiltinBloomFilter", "kDeletedKeys": "0", "kMergeOperands": "0"}}
[20096] 01-08 07:17:45,872 INFO [RocksDB][db/compaction_job.cc:1211] [0] [JOB 9] Generated table #49: 473353 keys, 54637012 bytes
[20096] 01-08 07:17:45,872 INFO [RocksDB]EVENT_LOG_v1 {"time_micros": 1578467865872077, "cf_name": "0", "job": 9, "event": "table_file_creation", "file_number": 49, "file_size": 54637012, "table_properties": {"data_size": 53151459, "index_size": 702014, "filter_size": 782509, "raw_key_size": 19387718, "raw_average_key_size": 40, "raw_value_size": 44968544, "raw_average_value_size": 95, "num_data_blocks": 13255, "num_entries": 473353, "filter_policy_name": "rocksdb.BuiltinBloomFilter", "kDeletedKeys": "0", "kMergeOperands": "0"}}
[20096] 01-08 07:17:45,873 INFO [RocksDB][db/compaction_job.cc:1287] [0] [JOB 9] Compacted 2@0 + 8@1 files to L1 => 1159238333 bytes
[20096] 01-08 07:17:45,874 INFO [RocksDB](Original Log Time 2020/01/08-07:17:45.874780) [db/compaction_job.cc:685] [0] compacted to: base level 1 max bytes base 536870912 files[0 17 2 0 0 0 0] max score 2.16, MB/sec: 52.1 rd, 52.1 wr, level 1, files in(2, 8) out(17) MB in(618.8, 487.0) out(1105.5), read-write-amplify(3.6) write-amplify(1.8) OK, records in: 10620267, records dropped: 1 output_compression: NoCompression

[20096] 01-08 07:17:45,874 INFO [RocksDB](Original Log Time 2020/01/08-07:17:45.874795) EVENT_LOG_v1 {"time_micros": 1578467865874789, "job": 9, "event": "compaction_finished", "compaction_time_micros": 22236754, "output_level": 1, "num_output_files": 17, "total_output_size": 1159238333, "num_input_records": 10620267, "num_output_records": 10620266, "num_subcompactions": 1, "output_compression": "NoCompression", "num_single_delete_mismatches": 0, "num_single_delete_fallthrough": 0, "lsm_state": [0, 17, 2, 0, 0, 0, 0]}
[20096] 01-08 07:17:45,874 INFO [RocksDB][db/compaction_picker.cc:485] [0] Expanding@1 1+1(69765491+54614294 bytes) to 2+1 (138754379+54614294 bytes)

[20096] 01-08 07:17:45,874 INFO [RocksDB][db/compaction_job.cc:1531] [0] [JOB 10] Compacting 2@1 + 1@2 files to L2, score 2.16
[20096] 01-08 07:17:45,874 INFO [RocksDB][db/compaction_job.cc:1535] [0] Compaction start summary: Base version 10 Base level 1, inputs: [33(66MB) 34(65MB)], [28(52MB)]

[20096] 01-08 07:17:45,874 INFO [RocksDB]EVENT_LOG_v1 {"time_micros": 1578467865874900, "job": 10, "event": "compaction_started", "compaction_reason": "LevelMaxLevelSize", "files_L1": [33, 34], "files_L2": [28], "score": 2.15925, "input_data_size": 193368673}
[20096] 01-08 07:17:45,909 INFO [RocksDB]EVENT_LOG_v1 {"time_micros": 1578467865909893, "job": 0, "event": "table_file_deletion", "file_number": 32}
[20096] 01-08 07:17:45,912 INFO [RocksDB]EVENT_LOG_v1 {"time_micros": 1578467865912705, "job": 0, "event": "table_file_deletion", "file_number": 27}
[20096] 01-08 07:17:45,919 INFO [RocksDB]EVENT_LOG_v1 {"time_micros": 1578467865919529, "job": 0, "event": "table_file_deletion", "file_number": 26}
[20096] 01-08 07:17:45,949 INFO [RocksDB]EVENT_LOG_v1 {"time_micros": 1578467865949442, "job": 0, "event": "table_file_deletion", "file_number": 25}
[20096] 01-08 07:17:45,956 INFO [RocksDB]EVENT_LOG_v1 {"time_micros": 1578467865956047, "job": 0, "event": "table_file_deletion", "file_number": 22}
[20096] 01-08 07:17:45,962 INFO [RocksDB]EVENT_LOG_v1 {"time_micros": 1578467865962831, "job": 0, "event": "table_file_deletion", "file_number": 21}
[20096] 01-08 07:17:45,969 INFO [RocksDB]EVENT_LOG_v1 {"time_micros": 1578467865969516, "job": 0, "event": "table_file_deletion", "file_number": 20}
[20096] 01-08 07:17:45,975 INFO [RocksDB]EVENT_LOG_v1 {"time_micros": 1578467865975921, "job": 0, "event": "table_file_deletion", "file_number": 19}
[20096] 01-08 07:17:45,982 INFO [RocksDB]EVENT_LOG_v1 {"time_micros": 1578467865982866, "job": 0, "event": "table_file_deletion", "file_number": 18}
[20096] 01-08 07:17:45,989 INFO [RocksDB]EVENT_LOG_v1 {"time_micros": 1578467865989397, "job": 0, "event": "table_file_deletion", "file_number": 17}
[20096] 01-08 07:17:49,155 INFO [RocksDB][db/compaction_job.cc:1211] [0] [JOB 10] Generated table #50: 2033598 keys, 70647473 bytes
[20096] 01-08 07:17:49,155 INFO [RocksDB]EVENT_LOG_v1 {"time_micros": 1578467869155077, "cf_name": "0", "job": 10, "event": "table_file_creation", "file_number": 50, "file_size": 70647473, "table_properties": {"data_size": 67111629, "index_size": 1452750, "filter_size": 2751033, "raw_key_size": 98908025, "raw_average_key_size": 48, "raw_value_size": 25769400, "raw_average_value_size": 12, "num_data_blocks": 23809, "num_entries": 2033598, "filter_policy_name": "rocksdb.BuiltinBloomFilter", "kDeletedKeys": "0", "kMergeOperands": "0"}}
[20096] 01-08 07:17:50,486 INFO [RocksDB][db/compaction_job.cc:1211] [0] [JOB 10] Generated table #51: 597602 keys, 68583738 bytes
[20096] 01-08 07:17:50,486 INFO [RocksDB]EVENT_LOG_v1 {"time_micros": 1578467870486208, "cf_name": "0", "job": 10, "event": "table_file_creation", "file_number": 51, "file_size": 68583738, "table_properties": {"data_size": 67110815, "index_size": 889318, "filter_size": 988023, "raw_key_size": 24599933, "raw_average_key_size": 41, "raw_value_size": 56772235, "raw_average_value_size": 95, "num_data_blocks": 16743, "num_entries": 597602, "filter_policy_name": "rocksdb.BuiltinBloomFilter", "kDeletedKeys": "0", "kMergeOperands": "0"}}
[20096] 01-08 07:17:51,235 INFO [RocksDB][db/compaction_job.cc:1211] [0] [JOB 10] Generated table #52: 333171 keys, 38237627 bytes
[20096] 01-08 07:17:51,236 INFO [RocksDB]EVENT_LOG_v1 {"time_micros": 1578467871235997, "cf_name": "0", "job": 10, "event": "table_file_creation", "file_number": 52, "file_size": 38237627, "table_properties": {"data_size": 37416068, "index_size": 495425, "filter_size": 550855, "raw_key_size": 13713434, "raw_average_key_size": 41, "raw_value_size": 31651272, "raw_average_value_size": 95, "num_data_blocks": 9336, "num_entries": 333171, "filter_policy_name": "rocksdb.BuiltinBloomFilter", "kDeletedKeys": "0", "kMergeOperands": "0"}}
[20096] 01-08 07:17:51,237 INFO [RocksDB][db/compaction_job.cc:1287] [0] [JOB 10] Compacted 2@1 + 1@2 files to L2 => 177468838 bytes
[20096] 01-08 07:17:51,238 INFO [RocksDB](Original Log Time 2020/01/08-07:17:51.238449) [db/compaction_job.cc:685] [0] compacted to: base level 1 max bytes base 536870912 files[0 15 4 0 0 0 0] max score 1.90, MB/sec: 36.1 rd, 33.1 wr, level 2, files in(2, 1) out(3) MB in(132.3, 52.1) out(169.2), read-write-amplify(2.7) write-amplify(1.3) OK, records in: 2964372, records dropped: 1 output_compression: Snappy

[20096] 01-08 07:17:51,238 INFO [RocksDB](Original Log Time 2020/01/08-07:17:51.238462) EVENT_LOG_v1 {"time_micros": 1578467871238456, "job": 10, "event": "compaction_finished", "compaction_time_micros": 5362167, "output_level": 2, "num_output_files": 3, "total_output_size": 177468838, "num_input_records": 2964372, "num_output_records": 2964371, "num_subcompactions": 1, "output_compression": "Snappy", "num_single_delete_mismatches": 0, "num_single_delete_fallthrough": 0, "lsm_state": [0, 15, 4, 0, 0, 0, 0]}
[20096] 01-08 07:17:51,246 INFO [RocksDB]EVENT_LOG_v1 {"time_micros": 1578467871246044, "job": 10, "event": "table_file_deletion", "file_number": 34}
[20096] 01-08 07:17:51,253 INFO [RocksDB]EVENT_LOG_v1 {"time_micros": 1578467871253572, "job": 10, "event": "table_file_deletion", "file_number": 33}
[20096] 01-08 07:17:51,258 INFO [RocksDB]EVENT_LOG_v1 {"time_micros": 1578467871258982, "job": 10, "event": "table_file_deletion", "file_number": 28}
[20096] 01-08 07:17:51,259 INFO [RocksDB][db/compaction_job.cc:1531] [0] [JOB 11] Compacting 1@1 files to L2, score 1.90
[20096] 01-08 07:17:51,259 INFO [RocksDB][db/compaction_job.cc:1535] [0] Compaction start summary: Base version 11 Base level 1, inputs: [41(65MB)]

[20096] 01-08 07:17:51,259 INFO [RocksDB]EVENT_LOG_v1 {"time_micros": 1578467871259030, "job": 11, "event": "compaction_started", "compaction_reason": "LevelMaxLevelSize", "files_L1": [41], "score": 1.9008, "input_data_size": 68990436}
[20096] 01-08 07:17:52,562 INFO [RocksDB][db/compaction_job.cc:1211] [0] [JOB 11] Generated table #53: 597630 keys, 68585361 bytes
[20096] 01-08 07:17:52,562 INFO [RocksDB]EVENT_LOG_v1 {"time_micros": 1578467872562778, "cf_name": "0", "job": 11, "event": "table_file_creation", "file_number": 53, "file_size": 68585361, "table_properties": {"data_size": 67112889, "index_size": 888464, "filter_size": 988052, "raw_key_size": 24596927, "raw_average_key_size": 41, "raw_value_size": 56774850, "raw_average_value_size": 95, "num_data_blocks": 16742, "num_entries": 597630, "filter_policy_name": "rocksdb.BuiltinBloomFilter", "kDeletedKeys": "0", "kMergeOperands": "0"}}
[20096] 01-08 07:17:52,563 INFO [RocksDB][db/compaction_job.cc:1287] [0] [JOB 11] Compacted 1@1 files to L2 => 68585361 bytes
[20096] 01-08 07:17:52,565 INFO [RocksDB](Original Log Time 2020/01/08-07:17:52.565657) [db/compaction_job.cc:685] [0] compacted to: base level 1 max bytes base 536870912 files[0 14 5 0 0 0 0] max score 1.77, MB/sec: 52.9 rd, 52.6 wr, level 2, files in(1, 0) out(1) MB in(65.8, 0.0) out(65.4), read-write-amplify(2.0) write-amplify(1.0) OK, records in: 597630, records dropped: 0 output_compression: Snappy

[20096] 01-08 07:17:52,565 INFO [RocksDB](Original Log Time 2020/01/08-07:17:52.565671) EVENT_LOG_v1 {"time_micros": 1578467872565666, "job": 11, "event": "compaction_finished", "compaction_time_micros": 1304802, "output_level": 2, "num_output_files": 1, "total_output_size": 68585361, "num_input_records": 597630, "num_output_records": 597630, "num_subcompactions": 1, "output_compression": "Snappy", "num_single_delete_mismatches": 0, "num_single_delete_fallthrough": 0, "lsm_state": [0, 14, 5, 0, 0, 0, 0]}
[20096] 01-08 07:17:52,572 INFO [RocksDB]EVENT_LOG_v1 {"time_micros": 1578467872572798, "job": 11, "event": "table_file_deletion", "file_number": 41}
[20096] 01-08 07:17:52,572 INFO [RocksDB][db/compaction_picker.cc:485] [0] Expanding@1 1+1(68989824+68588434 bytes) to 2+1 (137979638+68588434 bytes)

[20096] 01-08 07:17:52,572 INFO [RocksDB][db/compaction_job.cc:1531] [0] [JOB 12] Compacting 2@1 + 1@2 files to L2, score 1.77
[20096] 01-08 07:17:52,572 INFO [RocksDB][db/compaction_job.cc:1535] [0] Compaction start summary: Base version 12 Base level 1, inputs: [45(65MB) 46(65MB)], [29(65MB)]

[20096] 01-08 07:17:52,572 INFO [RocksDB]EVENT_LOG_v1 {"time_micros": 1578467872572871, "job": 12, "event": "compaction_started", "compaction_reason": "LevelMaxLevelSize", "files_L1": [45, 46], "files_L2": [29], "score": 1.77229, "input_data_size": 206568072}
[20096] 01-08 07:17:53,876 INFO [RocksDB][db/compaction_job.cc:1211] [0] [JOB 12] Generated table #54: 597628 keys, 68584598 bytes
[20096] 01-08 07:17:53,876 INFO [RocksDB]EVENT_LOG_v1 {"time_micros": 1578467873876945, "cf_name": "0", "job": 12, "event": "table_file_creation", "file_number": 54, "file_size": 68584598, "table_properties": {"data_size": 67111801, "index_size": 888825, "filter_size": 988050, "raw_key_size": 24601683, "raw_average_key_size": 41, "raw_value_size": 56774642, "raw_average_value_size": 94, "num_data_blocks": 16742, "num_entries": 597628, "filter_policy_name": "rocksdb.BuiltinBloomFilter", "kDeletedKeys": "0", "kMergeOperands": "0"}}
[20096] 01-08 07:17:55,177 INFO [RocksDB][db/compaction_job.cc:1211] [0] [JOB 12] Generated table #55: 597632 keys, 68585457 bytes
[20096] 01-08 07:17:55,177 INFO [RocksDB]EVENT_LOG_v1 {"time_micros": 1578467875177853, "cf_name": "0", "job": 12, "event": "table_file_creation", "file_number": 55, "file_size": 68585457, "table_properties": {"data_size": 67112587, "index_size": 888972, "filter_size": 988063, "raw_key_size": 24601136, "raw_average_key_size": 41, "raw_value_size": 56775058, "raw_average_value_size": 95, "num_data_blocks": 16743, "num_entries": 597632, "filter_policy_name": "rocksdb.BuiltinBloomFilter", "kDeletedKeys": "0", "kMergeOperands": "0"}}
[20096] 01-08 07:17:56,491 INFO [RocksDB][db/compaction_job.cc:1211] [0] [JOB 12] Generated table #56: 597361 keys, 68555791 bytes
[20096] 01-08 07:17:56,491 INFO [RocksDB]EVENT_LOG_v1 {"time_micros": 1578467876491882, "cf_name": "0", "job": 12, "event": "table_file_creation", "file_number": 56, "file_size": 68555791, "table_properties": {"data_size": 67083557, "index_size": 888263, "filter_size": 987602, "raw_key_size": 24587405, "raw_average_key_size": 41, "raw_value_size": 56749250, "raw_average_value_size": 94, "num_data_blocks": 16734, "num_entries": 597361, "filter_policy_name": "rocksdb.BuiltinBloomFilter", "kDeletedKeys": "0", "kMergeOperands": "0"}}
[20096] 01-08 07:17:56,492 INFO [RocksDB][db/compaction_job.cc:1287] [0] [JOB 12] Compacted 2@1 + 1@2 files to L2 => 205725846 bytes
[20096] 01-08 07:17:56,494 INFO [RocksDB](Original Log Time 2020/01/08-07:17:56.494415) [db/compaction_job.cc:685] [0] compacted to: base level 1 max bytes base 536870912 files[0 12 7 0 0 0 0] max score 1.52, MB/sec: 52.7 rd, 52.5 wr, level 2, files in(2, 1) out(3) MB in(131.6, 65.4) out(196.2), read-write-amplify(3.0) write-amplify(1.5) OK, records in: 1792621, records dropped: 0 output_compression: Snappy

[20096] 01-08 07:17:56,494 INFO [RocksDB](Original Log Time 2020/01/08-07:17:56.494428) EVENT_LOG_v1 {"time_micros": 1578467876494423, "job": 12, "event": "compaction_finished", "compaction_time_micros": 3920080, "output_level": 2, "num_output_files": 3, "total_output_size": 205725846, "num_input_records": 1792621, "num_output_records": 1792621, "num_subcompactions": 1, "output_compression": "Snappy", "num_single_delete_mismatches": 0, "num_single_delete_fallthrough": 0, "lsm_state": [0, 12, 7, 0, 0, 0, 0]}
[20096] 01-08 07:17:56,501 INFO [RocksDB]EVENT_LOG_v1 {"time_micros": 1578467876501743, "job": 12, "event": "table_file_deletion", "file_number": 46}
[20096] 01-08 07:17:56,508 INFO [RocksDB]EVENT_LOG_v1 {"time_micros": 1578467876508694, "job": 12, "event": "table_file_deletion", "file_number": 45}
[20096] 01-08 07:17:56,515 INFO [RocksDB]EVENT_LOG_v1 {"time_micros": 1578467876515790, "job": 12, "event": "table_file_deletion", "file_number": 29}
[20096] 01-08 07:17:56,515 INFO [RocksDB][db/compaction_job.cc:1531] [0] [JOB 13] Compacting 1@1 files to L2, score 1.52
[20096] 01-08 07:17:56,515 INFO [RocksDB][db/compaction_job.cc:1535] [0] Compaction start summary: Base version 13 Base level 1, inputs: [47(65MB)]

[20096] 01-08 07:17:56,515 INFO [RocksDB]EVENT_LOG_v1 {"time_micros": 1578467876515839, "job": 13, "event": "compaction_started", "compaction_reason": "LevelMaxLevelSize", "files_L1": [47], "score": 1.51529, "input_data_size": 68989820}
[20096] 01-08 07:17:57,812 INFO [RocksDB][db/compaction_job.cc:1211] [0] [JOB 13] Generated table #57: 597633 keys, 68584459 bytes
[20096] 01-08 07:17:57,812 INFO [RocksDB]EVENT_LOG_v1 {"time_micros": 1578467877812576, "cf_name": "0", "job": 13, "event": "table_file_creation", "file_number": 57, "file_size": 68584459, "table_properties": {"data_size": 67111795, "index_size": 888921, "filter_size": 988073, "raw_key_size": 24602025, "raw_average_key_size": 41, "raw_value_size": 56775162, "raw_average_value_size": 95, "num_data_blocks": 16744, "num_entries": 597633, "filter_policy_name": "rocksdb.BuiltinBloomFilter", "kDeletedKeys": "0", "kMergeOperands": "0"}}
[20096] 01-08 07:17:57,813 INFO [RocksDB][db/compaction_job.cc:1287] [0] [JOB 13] Compacted 1@1 files to L2 => 68584459 bytes
[20096] 01-08 07:17:57,815 INFO [RocksDB](Original Log Time 2020/01/08-07:17:57.815247) [db/compaction_job.cc:685] [0] compacted to: base level 1 max bytes base 536870912 files[0 11 8 0 0 0 0] max score 1.39, MB/sec: 53.2 rd, 52.8 wr, level 2, files in(1, 0) out(1) MB in(65.8, 0.0) out(65.4), read-write-amplify(2.0) write-amplify(1.0) OK, records in: 597633, records dropped: 0 output_compression: Snappy

[20096] 01-08 07:17:57,815 INFO [RocksDB](Original Log Time 2020/01/08-07:17:57.815270) EVENT_LOG_v1 {"time_micros": 1578467877815255, "job": 13, "event": "compaction_finished", "compaction_time_micros": 1297892, "output_level": 2, "num_output_files": 1, "total_output_size": 68584459, "num_input_records": 597633, "num_output_records": 597633, "num_subcompactions": 1, "output_compression": "Snappy", "num_single_delete_mismatches": 0, "num_single_delete_fallthrough": 0, "lsm_state": [0, 11, 8, 0, 0, 0, 0]}
[20096] 01-08 07:17:57,822 INFO [RocksDB]EVENT_LOG_v1 {"time_micros": 1578467877822314, "job": 13, "event": "table_file_deletion", "file_number": 47}
[20096] 01-08 07:17:57,822 INFO [RocksDB][db/compaction_job.cc:1531] [0] [JOB 14] Compacting 1@1 files to L2, score 1.39
[20096] 01-08 07:17:57,822 INFO [RocksDB][db/compaction_job.cc:1535] [0] Compaction start summary: Base version 14 Base level 1, inputs: [37(65MB)]

[20096] 01-08 07:17:57,822 INFO [RocksDB]EVENT_LOG_v1 {"time_micros": 1578467877822362, "job": 14, "event": "compaction_started", "compaction_reason": "LevelMaxLevelSize", "files_L1": [37], "score": 1.38678, "input_data_size": 68989766}
