[20839] 01-08 07:20:22,522 INFO [RocksDB]RocksDB version: 5.14.2

[20839] 01-08 07:20:22,527 INFO [RocksDB]Git sha rocksdb_build_git_sha:9f703a6b9c3430e30aba2286240e44570994efe6
[20839] 01-08 07:20:22,527 INFO [RocksDB]Compile date Jan  8 2020
[20839] 01-08 07:20:22,527 INFO [RocksDB]DB SUMMARY

[20839] 01-08 07:20:22,527 INFO [RocksDB]SST files in /home/ubuntu/ardb/data/rocksdb dir, Total Num: 0, files: 

[20839] 01-08 07:20:22,527 INFO [RocksDB]Write Ahead Log file in /home/ubuntu/ardb/data/rocksdb: 

[20839] 01-08 07:20:22,527 INFO [RocksDB]                        Options.error_if_exists: 0
[20839] 01-08 07:20:22,527 INFO [RocksDB]                      Options.create_if_missing: 1
[20839] 01-08 07:20:22,527 INFO [RocksDB]                        Options.paranoid_checks: 1
[20839] 01-08 07:20:22,527 INFO [RocksDB]                                    Options.env: 0xbfa6c0
[20839] 01-08 07:20:22,527 INFO [RocksDB]                               Options.info_log: 0x7f23ee63f8a0
[20839] 01-08 07:20:22,527 INFO [RocksDB]               Options.max_file_opening_threads: 16
[20839] 01-08 07:20:22,527 INFO [RocksDB]                             Options.statistics: (nil)
[20839] 01-08 07:20:22,527 INFO [RocksDB]                              Options.use_fsync: 0
[20839] 01-08 07:20:22,527 INFO [RocksDB]                      Options.max_log_file_size: 0
[20839] 01-08 07:20:22,527 INFO [RocksDB]                 Options.max_manifest_file_size: 18446744073709551615
[20839] 01-08 07:20:22,527 INFO [RocksDB]                  Options.log_file_time_to_roll: 0
[20839] 01-08 07:20:22,527 INFO [RocksDB]                      Options.keep_log_file_num: 1000
[20839] 01-08 07:20:22,527 INFO [RocksDB]                   Options.recycle_log_file_num: 0
[20839] 01-08 07:20:22,527 INFO [RocksDB]                        Options.allow_fallocate: 1
[20839] 01-08 07:20:22,527 INFO [RocksDB]                       Options.allow_mmap_reads: 0
[20839] 01-08 07:20:22,527 INFO [RocksDB]                      Options.allow_mmap_writes: 0
[20839] 01-08 07:20:22,527 INFO [RocksDB]                       Options.use_direct_reads: 0
[20839] 01-08 07:20:22,527 INFO [RocksDB]                       Options.use_direct_io_for_flush_and_compaction: 0
[20839] 01-08 07:20:22,527 INFO [RocksDB]         Options.create_missing_column_families: 0
[20839] 01-08 07:20:22,527 INFO [RocksDB]                             Options.db_log_dir: 
[20839] 01-08 07:20:22,527 INFO [RocksDB]                                Options.wal_dir: /home/ubuntu/ardb/data/rocksdb
[20839] 01-08 07:20:22,527 INFO [RocksDB]               Options.table_cache_numshardbits: 6
[20839] 01-08 07:20:22,527 INFO [RocksDB]                     Options.max_subcompactions: 1
[20839] 01-08 07:20:22,527 INFO [RocksDB]                 Options.max_background_flushes: -1
[20839] 01-08 07:20:22,527 INFO [RocksDB]                        Options.WAL_ttl_seconds: 0
[20839] 01-08 07:20:22,527 INFO [RocksDB]                      Options.WAL_size_limit_MB: 0
[20839] 01-08 07:20:22,527 INFO [RocksDB]            Options.manifest_preallocation_size: 4194304
[20839] 01-08 07:20:22,527 INFO [RocksDB]                    Options.is_fd_close_on_exec: 1
[20839] 01-08 07:20:22,527 INFO [RocksDB]                  Options.advise_random_on_open: 1
[20839] 01-08 07:20:22,527 INFO [RocksDB]                   Options.db_write_buffer_size: 0
[20839] 01-08 07:20:22,527 INFO [RocksDB]                   Options.write_buffer_manager: 0x7f23eedfa7d0
[20839] 01-08 07:20:22,527 INFO [RocksDB]        Options.access_hint_on_compaction_start: 1
[20839] 01-08 07:20:22,527 INFO [RocksDB] Options.new_table_reader_for_compaction_inputs: 0
[20839] 01-08 07:20:22,527 INFO [RocksDB]          Options.random_access_max_buffer_size: 1048576
[20839] 01-08 07:20:22,527 INFO [RocksDB]                     Options.use_adaptive_mutex: 1
[20839] 01-08 07:20:22,527 INFO [RocksDB]                           Options.rate_limiter: 0x7f23ee638540
[20839] 01-08 07:20:22,527 INFO [RocksDB]    Options.sst_file_manager.rate_bytes_per_sec: 0
[20839] 01-08 07:20:22,527 INFO [RocksDB]                      Options.wal_recovery_mode: 2
[20839] 01-08 07:20:22,527 INFO [RocksDB]                 Options.enable_thread_tracking: 0
[20839] 01-08 07:20:22,527 INFO [RocksDB]                 Options.enable_pipelined_write: 1
[20839] 01-08 07:20:22,527 INFO [RocksDB]        Options.allow_concurrent_memtable_write: 1
[20839] 01-08 07:20:22,527 INFO [RocksDB]     Options.enable_write_thread_adaptive_yield: 1
[20839] 01-08 07:20:22,527 INFO [RocksDB]            Options.write_thread_max_yield_usec: 100
[20839] 01-08 07:20:22,527 INFO [RocksDB]           Options.write_thread_slow_yield_usec: 3
[20839] 01-08 07:20:22,527 INFO [RocksDB]                              Options.row_cache: None
[20839] 01-08 07:20:22,527 INFO [RocksDB]                             Options.wal_filter: None
[20839] 01-08 07:20:22,527 INFO [RocksDB]            Options.avoid_flush_during_recovery: 0
[20839] 01-08 07:20:22,527 INFO [RocksDB]            Options.allow_ingest_behind: 0
[20839] 01-08 07:20:22,527 INFO [RocksDB]            Options.preserve_deletes: 0
[20839] 01-08 07:20:22,527 INFO [RocksDB]            Options.two_write_queues: 0
[20839] 01-08 07:20:22,527 INFO [RocksDB]            Options.manual_wal_flush: 0
[20839] 01-08 07:20:22,527 INFO [RocksDB]            Options.max_background_jobs: 16
[20839] 01-08 07:20:22,527 INFO [RocksDB]            Options.max_background_compactions: -1
[20839] 01-08 07:20:22,527 INFO [RocksDB]            Options.avoid_flush_during_shutdown: 0
[20839] 01-08 07:20:22,527 INFO [RocksDB]          Options.writable_file_max_buffer_size: 1048576
[20839] 01-08 07:20:22,527 INFO [RocksDB]            Options.delayed_write_rate : 52428800
[20839] 01-08 07:20:22,527 INFO [RocksDB]            Options.max_total_wal_size: 0
[20839] 01-08 07:20:22,527 INFO [RocksDB]            Options.delete_obsolete_files_period_micros: 21600000000
[20839] 01-08 07:20:22,527 INFO [RocksDB]                  Options.stats_dump_period_sec: 10000000
[20839] 01-08 07:20:22,527 INFO [RocksDB]                         Options.max_open_files: 1024
[20839] 01-08 07:20:22,527 INFO [RocksDB]                         Options.bytes_per_sync: 1048576
[20839] 01-08 07:20:22,527 INFO [RocksDB]                     Options.wal_bytes_per_sync: 0
[20839] 01-08 07:20:22,527 INFO [RocksDB]      Options.compaction_readahead_size: 0
[20839] 01-08 07:20:22,527 INFO [RocksDB]Compression algorithms supported:
[20839] 01-08 07:20:22,527 INFO [RocksDB]	kZSTDNotFinalCompression supported: 0
[20839] 01-08 07:20:22,527 INFO [RocksDB]	kZSTD supported: 0
[20839] 01-08 07:20:22,527 INFO [RocksDB]	kXpressCompression supported: 0
[20839] 01-08 07:20:22,527 INFO [RocksDB]	kLZ4HCCompression supported: 0
[20839] 01-08 07:20:22,527 INFO [RocksDB]	kLZ4Compression supported: 0
[20839] 01-08 07:20:22,527 INFO [RocksDB]	kBZip2Compression supported: 0
[20839] 01-08 07:20:22,527 INFO [RocksDB]	kZlibCompression supported: 1
[20839] 01-08 07:20:22,527 INFO [RocksDB]	kSnappyCompression supported: 1
[20839] 01-08 07:20:22,527 INFO [RocksDB]Fast CRC32 supported: Supported on x86
[20839] 01-08 07:20:22,527 INFO [RocksDB][db/db_impl_open.cc:222] Creating manifest 1 

[20839] 01-08 07:20:22,533 INFO [RocksDB][db/version_set.cc:3085] Recovering from manifest file: MANIFEST-000001

[20839] 01-08 07:20:22,533 INFO [RocksDB][db/column_family.cc:475] --------------- Options for column family [default]:

[20839] 01-08 07:20:22,533 INFO [RocksDB]              Options.comparator: ardb.comparator
[20839] 01-08 07:20:22,533 INFO [RocksDB]          Options.merge_operator: ardb.merger
[20839] 01-08 07:20:22,533 INFO [RocksDB]       Options.compaction_filter: None
[20839] 01-08 07:20:22,533 INFO [RocksDB]       Options.compaction_filter_factory: ardb.compact_filter_factory
[20839] 01-08 07:20:22,533 INFO [RocksDB]        Options.memtable_factory: SkipListFactory
[20839] 01-08 07:20:22,533 INFO [RocksDB]           Options.table_factory: BlockBasedTable
[20839] 01-08 07:20:22,533 INFO [RocksDB]           table_factory options:   flush_block_policy_factory: FlushBlockBySizePolicyFactory (0x7f23eec08018)
  cache_index_and_filter_blocks: 0
  cache_index_and_filter_blocks_with_high_priority: 0
  pin_l0_filter_and_index_blocks_in_cache: 0
  index_type: 0
  hash_index_allow_collision: 1
  checksum: 1
  no_block_cache: 0
  block_cache: 0x7f23eec81cf0
  block_cache_name: LRUCache
  block_cache_options:
    capacity : 536870912
    num_shard_bits : 6
    strict_capacity_limit : 0
    high_pri_pool_ratio: 0.000
  block_cache_compressed: (nil)
  persistent_cache: (nil)
  block_size: 4096
  block_size_deviation: 10
  block_restart_interval: 16
  index_block_restart_interval: 1
  metadata_block_size: 4096
  partition_filters: 0
  use_delta_encoding: 1
  filter_policy: rocksdb.BuiltinBloomFilter
  whole_key_filtering: 1
  verify_compression: 0
  read_amp_bytes_per_bit: 0
  format_version: 2
  enable_index_compression: 1
  block_align: 0

[20839] 01-08 07:20:22,533 INFO [RocksDB]       Options.write_buffer_size: 268435456
[20839] 01-08 07:20:22,533 INFO [RocksDB] Options.max_write_buffer_number: 6
[20839] 01-08 07:20:22,533 INFO [RocksDB]       Options.compression[0]: NoCompression
[20839] 01-08 07:20:22,533 INFO [RocksDB]       Options.compression[1]: NoCompression
[20839] 01-08 07:20:22,533 INFO [RocksDB]       Options.compression[2]: Snappy
[20839] 01-08 07:20:22,533 INFO [RocksDB]       Options.compression[3]: Snappy
[20839] 01-08 07:20:22,533 INFO [RocksDB]       Options.compression[4]: Snappy
[20839] 01-08 07:20:22,533 INFO [RocksDB]       Options.compression[5]: Snappy
[20839] 01-08 07:20:22,533 INFO [RocksDB]       Options.compression[6]: Snappy
[20839] 01-08 07:20:22,533 INFO [RocksDB]                 Options.bottommost_compression: Disabled
[20839] 01-08 07:20:22,533 INFO [RocksDB]      Options.prefix_extractor: ardb.prefix_extractor
[20839] 01-08 07:20:22,533 INFO [RocksDB]  Options.memtable_insert_with_hint_prefix_extractor: nullptr
[20839] 01-08 07:20:22,533 INFO [RocksDB]            Options.num_levels: 7
[20839] 01-08 07:20:22,533 INFO [RocksDB]       Options.min_write_buffer_number_to_merge: 2
[20839] 01-08 07:20:22,533 INFO [RocksDB]    Options.max_write_buffer_number_to_maintain: 0
[20839] 01-08 07:20:22,533 INFO [RocksDB]           Options.compression_opts.window_bits: -14
[20839] 01-08 07:20:22,533 INFO [RocksDB]                 Options.compression_opts.level: -1
[20839] 01-08 07:20:22,533 INFO [RocksDB]              Options.compression_opts.strategy: 0
[20839] 01-08 07:20:22,533 INFO [RocksDB]        Options.compression_opts.max_dict_bytes: 0
[20839] 01-08 07:20:22,533 INFO [RocksDB]        Options.compression_opts.zstd_max_train_bytes: 0
[20839] 01-08 07:20:22,533 INFO [RocksDB]     Options.level0_file_num_compaction_trigger: 2
[20839] 01-08 07:20:22,533 INFO [RocksDB]         Options.level0_slowdown_writes_trigger: 20
[20839] 01-08 07:20:22,533 INFO [RocksDB]             Options.level0_stop_writes_trigger: 36
[20839] 01-08 07:20:22,533 INFO [RocksDB]                  Options.target_file_size_base: 67108864
[20839] 01-08 07:20:22,533 INFO [RocksDB]            Options.target_file_size_multiplier: 1
[20839] 01-08 07:20:22,533 INFO [RocksDB]               Options.max_bytes_for_level_base: 536870912
[20839] 01-08 07:20:22,533 INFO [RocksDB]Options.level_compaction_dynamic_level_bytes: 0
[20839] 01-08 07:20:22,533 INFO [RocksDB]         Options.max_bytes_for_level_multiplier: 10.000000
[20839] 01-08 07:20:22,533 INFO [RocksDB]Options.max_bytes_for_level_multiplier_addtl[0]: 1
[20839] 01-08 07:20:22,533 INFO [RocksDB]Options.max_bytes_for_level_multiplier_addtl[1]: 1
[20839] 01-08 07:20:22,533 INFO [RocksDB]Options.max_bytes_for_level_multiplier_addtl[2]: 1
[20839] 01-08 07:20:22,533 INFO [RocksDB]Options.max_bytes_for_level_multiplier_addtl[3]: 1
[20839] 01-08 07:20:22,533 INFO [RocksDB]Options.max_bytes_for_level_multiplier_addtl[4]: 1
[20839] 01-08 07:20:22,533 INFO [RocksDB]Options.max_bytes_for_level_multiplier_addtl[5]: 1
[20839] 01-08 07:20:22,533 INFO [RocksDB]Options.max_bytes_for_level_multiplier_addtl[6]: 1
[20839] 01-08 07:20:22,533 INFO [RocksDB]      Options.max_sequential_skip_in_iterations: 8
[20839] 01-08 07:20:22,533 INFO [RocksDB]                   Options.max_compaction_bytes: 1677721600
[20839] 01-08 07:20:22,533 INFO [RocksDB]                       Options.arena_block_size: 33554432
[20839] 01-08 07:20:22,533 INFO [RocksDB]  Options.soft_pending_compaction_bytes_limit: 68719476736
[20839] 01-08 07:20:22,533 INFO [RocksDB]  Options.hard_pending_compaction_bytes_limit: 274877906944
[20839] 01-08 07:20:22,533 INFO [RocksDB]      Options.rate_limit_delay_max_milliseconds: 100
[20839] 01-08 07:20:22,533 INFO [RocksDB]               Options.disable_auto_compactions: 0
[20839] 01-08 07:20:22,533 INFO [RocksDB]                       Options.compaction_style: kCompactionStyleLevel
[20839] 01-08 07:20:22,533 INFO [RocksDB]                         Options.compaction_pri: kByCompensatedSize
[20839] 01-08 07:20:22,533 INFO [RocksDB]Options.compaction_options_universal.size_ratio: 1
[20839] 01-08 07:20:22,533 INFO [RocksDB]Options.compaction_options_universal.min_merge_width: 2
[20839] 01-08 07:20:22,533 INFO [RocksDB]Options.compaction_options_universal.max_merge_width: 4294967295
[20839] 01-08 07:20:22,533 INFO [RocksDB]Options.compaction_options_universal.max_size_amplification_percent: 200
[20839] 01-08 07:20:22,533 INFO [RocksDB]Options.compaction_options_universal.compression_size_percent: -1
[20839] 01-08 07:20:22,533 INFO [RocksDB]Options.compaction_options_universal.stop_style: kCompactionStopStyleTotalSize
[20839] 01-08 07:20:22,533 INFO [RocksDB]Options.compaction_options_fifo.max_table_files_size: 1073741824
[20839] 01-08 07:20:22,533 INFO [RocksDB]Options.compaction_options_fifo.allow_compaction: 0
[20839] 01-08 07:20:22,533 INFO [RocksDB]Options.compaction_options_fifo.ttl: 0
[20839] 01-08 07:20:22,533 INFO [RocksDB]                  Options.table_properties_collectors: 
[20839] 01-08 07:20:22,533 INFO [RocksDB]                  Options.inplace_update_support: 0
[20839] 01-08 07:20:22,533 INFO [RocksDB]                Options.inplace_update_num_locks: 10000
[20839] 01-08 07:20:22,533 INFO [RocksDB]              Options.memtable_prefix_bloom_size_ratio: 0.000000
[20839] 01-08 07:20:22,533 INFO [RocksDB]  Options.memtable_huge_page_size: 0
[20839] 01-08 07:20:22,533 INFO [RocksDB]                          Options.bloom_locality: 0
[20839] 01-08 07:20:22,533 INFO [RocksDB]                   Options.max_successive_merges: 0
[20839] 01-08 07:20:22,533 INFO [RocksDB]               Options.optimize_filters_for_hits: 0
[20839] 01-08 07:20:22,533 INFO [RocksDB]               Options.paranoid_file_checks: 0
[20839] 01-08 07:20:22,533 INFO [RocksDB]               Options.force_consistency_checks: 0
[20839] 01-08 07:20:22,533 INFO [RocksDB]               Options.report_bg_io_stats: 0
[20839] 01-08 07:20:22,533 INFO [RocksDB]                              Options.ttl: 0
[20839] 01-08 07:20:22,533 INFO [RocksDB][db/version_set.cc:3361] Recovered from manifest file:/home/ubuntu/ardb/data/rocksdb/MANIFEST-000001 succeeded,manifest_file_number is 1, next_file_number is 3, last_sequence is 0, log_number is 0,prev_log_number is 0,max_column_family is 0,min_log_number_to_keep is 0

[20839] 01-08 07:20:22,533 INFO [RocksDB][db/version_set.cc:3369] Column family [default] (ID 0), log number is 0

[20839] 01-08 07:20:22,537 INFO [RocksDB][db/db_impl_open.cc:1219] DB pointer 0x7f23ee5be000
[20839] 01-08 07:20:22,537 INFO Ardb init engine:rocksdb success.
[20839] 01-08 07:20:22,539 INFO Ardb will accept connections on 0.0.0.0:16379
[20839] 01-08 07:20:22,540 INFO Ardb started with version 0.10.0
[20839] 01-08 07:20:23,541 INFO ========================Period Statistics Dump Begin===========================
[20839] 01-08 07:20:23,541 INFO slave_sync_total_commands_processed:0
[20839] 01-08 07:20:23,541 INFO slave_sync_instantaneous_ops_per_sec:0
[20839] 01-08 07:20:23,541 INFO total_commands_processed:0
[20839] 01-08 07:20:23,541 INFO instantaneous_ops_per_sec:0
[20839] 01-08 07:20:23,541 INFO total_connections_received:0
[20839] 01-08 07:20:23,541 INFO rejected_connections:0
[20839] 01-08 07:20:23,541 INFO ========================Period Statistics Dump End===========================
[20839] 01-08 07:20:34,341 INFO [RocksDB][db/version_set.cc:2847] Creating manifest 6

[20839] 01-08 07:20:34,346 INFO [RocksDB][db/column_family.cc:475] --------------- Options for column family [0]:

[20839] 01-08 07:20:34,346 INFO [RocksDB]              Options.comparator: ardb.comparator
[20839] 01-08 07:20:34,346 INFO [RocksDB]          Options.merge_operator: ardb.merger
[20839] 01-08 07:20:34,346 INFO [RocksDB]       Options.compaction_filter: None
[20839] 01-08 07:20:34,346 INFO [RocksDB]       Options.compaction_filter_factory: ardb.compact_filter_factory
[20839] 01-08 07:20:34,346 INFO [RocksDB]        Options.memtable_factory: SkipListFactory
[20839] 01-08 07:20:34,346 INFO [RocksDB]           Options.table_factory: BlockBasedTable
[20839] 01-08 07:20:34,346 INFO [RocksDB]           table_factory options:   flush_block_policy_factory: FlushBlockBySizePolicyFactory (0x7f23eec08018)
  cache_index_and_filter_blocks: 0
  cache_index_and_filter_blocks_with_high_priority: 0
  pin_l0_filter_and_index_blocks_in_cache: 0
  index_type: 0
  hash_index_allow_collision: 1
  checksum: 1
  no_block_cache: 0
  block_cache: 0x7f23eec81cf0
  block_cache_name: LRUCache
  block_cache_options:
    capacity : 536870912
    num_shard_bits : 6
    strict_capacity_limit : 0
    high_pri_pool_ratio: 0.000
  block_cache_compressed: (nil)
  persistent_cache: (nil)
  block_size: 4096
  block_size_deviation: 10
  block_restart_interval: 16
  index_block_restart_interval: 1
  metadata_block_size: 4096
  partition_filters: 0
  use_delta_encoding: 1
  filter_policy: rocksdb.BuiltinBloomFilter
  whole_key_filtering: 1
  verify_compression: 0
  read_amp_bytes_per_bit: 0
  format_version: 2
  enable_index_compression: 1
  block_align: 0

[20839] 01-08 07:20:34,346 INFO [RocksDB]       Options.write_buffer_size: 268435456
[20839] 01-08 07:20:34,346 INFO [RocksDB] Options.max_write_buffer_number: 6
[20839] 01-08 07:20:34,346 INFO [RocksDB]       Options.compression[0]: NoCompression
[20839] 01-08 07:20:34,346 INFO [RocksDB]       Options.compression[1]: NoCompression
[20839] 01-08 07:20:34,346 INFO [RocksDB]       Options.compression[2]: Snappy
[20839] 01-08 07:20:34,346 INFO [RocksDB]       Options.compression[3]: Snappy
[20839] 01-08 07:20:34,346 INFO [RocksDB]       Options.compression[4]: Snappy
[20839] 01-08 07:20:34,346 INFO [RocksDB]       Options.compression[5]: Snappy
[20839] 01-08 07:20:34,346 INFO [RocksDB]       Options.compression[6]: Snappy
[20839] 01-08 07:20:34,346 INFO [RocksDB]                 Options.bottommost_compression: Disabled
[20839] 01-08 07:20:34,346 INFO [RocksDB]      Options.prefix_extractor: ardb.prefix_extractor
[20839] 01-08 07:20:34,346 INFO [RocksDB]  Options.memtable_insert_with_hint_prefix_extractor: nullptr
[20839] 01-08 07:20:34,346 INFO [RocksDB]            Options.num_levels: 7
[20839] 01-08 07:20:34,346 INFO [RocksDB]       Options.min_write_buffer_number_to_merge: 2
[20839] 01-08 07:20:34,346 INFO [RocksDB]    Options.max_write_buffer_number_to_maintain: 0
[20839] 01-08 07:20:34,346 INFO [RocksDB]           Options.compression_opts.window_bits: -14
[20839] 01-08 07:20:34,346 INFO [RocksDB]                 Options.compression_opts.level: -1
[20839] 01-08 07:20:34,346 INFO [RocksDB]              Options.compression_opts.strategy: 0
[20839] 01-08 07:20:34,346 INFO [RocksDB]        Options.compression_opts.max_dict_bytes: 0
[20839] 01-08 07:20:34,346 INFO [RocksDB]        Options.compression_opts.zstd_max_train_bytes: 0
[20839] 01-08 07:20:34,346 INFO [RocksDB]     Options.level0_file_num_compaction_trigger: 2
[20839] 01-08 07:20:34,346 INFO [RocksDB]         Options.level0_slowdown_writes_trigger: 20
[20839] 01-08 07:20:34,346 INFO [RocksDB]             Options.level0_stop_writes_trigger: 36
[20839] 01-08 07:20:34,346 INFO [RocksDB]                  Options.target_file_size_base: 67108864
[20839] 01-08 07:20:34,346 INFO [RocksDB]            Options.target_file_size_multiplier: 1
[20839] 01-08 07:20:34,346 INFO [RocksDB]               Options.max_bytes_for_level_base: 536870912
[20839] 01-08 07:20:34,346 INFO [RocksDB]Options.level_compaction_dynamic_level_bytes: 0
[20839] 01-08 07:20:34,346 INFO [RocksDB]         Options.max_bytes_for_level_multiplier: 10.000000
[20839] 01-08 07:20:34,346 INFO [RocksDB]Options.max_bytes_for_level_multiplier_addtl[0]: 1
[20839] 01-08 07:20:34,346 INFO [RocksDB]Options.max_bytes_for_level_multiplier_addtl[1]: 1
[20839] 01-08 07:20:34,346 INFO [RocksDB]Options.max_bytes_for_level_multiplier_addtl[2]: 1
[20839] 01-08 07:20:34,346 INFO [RocksDB]Options.max_bytes_for_level_multiplier_addtl[3]: 1
[20839] 01-08 07:20:34,346 INFO [RocksDB]Options.max_bytes_for_level_multiplier_addtl[4]: 1
[20839] 01-08 07:20:34,346 INFO [RocksDB]Options.max_bytes_for_level_multiplier_addtl[5]: 1
[20839] 01-08 07:20:34,346 INFO [RocksDB]Options.max_bytes_for_level_multiplier_addtl[6]: 1
[20839] 01-08 07:20:34,346 INFO [RocksDB]      Options.max_sequential_skip_in_iterations: 8
[20839] 01-08 07:20:34,346 INFO [RocksDB]                   Options.max_compaction_bytes: 1677721600
[20839] 01-08 07:20:34,346 INFO [RocksDB]                       Options.arena_block_size: 33554432
[20839] 01-08 07:20:34,346 INFO [RocksDB]  Options.soft_pending_compaction_bytes_limit: 68719476736
[20839] 01-08 07:20:34,346 INFO [RocksDB]  Options.hard_pending_compaction_bytes_limit: 274877906944
[20839] 01-08 07:20:34,346 INFO [RocksDB]      Options.rate_limit_delay_max_milliseconds: 100
[20839] 01-08 07:20:34,346 INFO [RocksDB]               Options.disable_auto_compactions: 0
[20839] 01-08 07:20:34,346 INFO [RocksDB]                       Options.compaction_style: kCompactionStyleLevel
[20839] 01-08 07:20:34,346 INFO [RocksDB]                         Options.compaction_pri: kByCompensatedSize
[20839] 01-08 07:20:34,346 INFO [RocksDB]Options.compaction_options_universal.size_ratio: 1
[20839] 01-08 07:20:34,346 INFO [RocksDB]Options.compaction_options_universal.min_merge_width: 2
[20839] 01-08 07:20:34,346 INFO [RocksDB]Options.compaction_options_universal.max_merge_width: 4294967295
[20839] 01-08 07:20:34,346 INFO [RocksDB]Options.compaction_options_universal.max_size_amplification_percent: 200
[20839] 01-08 07:20:34,346 INFO [RocksDB]Options.compaction_options_universal.compression_size_percent: -1
[20839] 01-08 07:20:34,346 INFO [RocksDB]Options.compaction_options_universal.stop_style: kCompactionStopStyleTotalSize
[20839] 01-08 07:20:34,346 INFO [RocksDB]Options.compaction_options_fifo.max_table_files_size: 1073741824
[20839] 01-08 07:20:34,346 INFO [RocksDB]Options.compaction_options_fifo.allow_compaction: 0
[20839] 01-08 07:20:34,346 INFO [RocksDB]Options.compaction_options_fifo.ttl: 0
[20839] 01-08 07:20:34,346 INFO [RocksDB]                  Options.table_properties_collectors: 
[20839] 01-08 07:20:34,346 INFO [RocksDB]                  Options.inplace_update_support: 0
[20839] 01-08 07:20:34,346 INFO [RocksDB]                Options.inplace_update_num_locks: 10000
[20839] 01-08 07:20:34,346 INFO [RocksDB]              Options.memtable_prefix_bloom_size_ratio: 0.000000
[20839] 01-08 07:20:34,346 INFO [RocksDB]  Options.memtable_huge_page_size: 0
[20839] 01-08 07:20:34,346 INFO [RocksDB]                          Options.bloom_locality: 0
[20839] 01-08 07:20:34,346 INFO [RocksDB]                   Options.max_successive_merges: 0
[20839] 01-08 07:20:34,346 INFO [RocksDB]               Options.optimize_filters_for_hits: 0
[20839] 01-08 07:20:34,346 INFO [RocksDB]               Options.paranoid_file_checks: 0
[20839] 01-08 07:20:34,346 INFO [RocksDB]               Options.force_consistency_checks: 0
[20839] 01-08 07:20:34,346 INFO [RocksDB]               Options.report_bg_io_stats: 0
[20839] 01-08 07:20:34,346 INFO [RocksDB]                              Options.ttl: 0
[20839] 01-08 07:20:34,346 INFO [RocksDB][db/db_impl.cc:1396] Created column family [0] (ID 1)
[20839] 01-08 07:20:34,349 INFO Create ColumnFamilyHandle with name:0 success.
[20839] 01-08 07:20:41,672 INFO [RocksDB][db/db_impl_write.cc:1373] [0] New memtable created with log file: #9. Immutable memtables: 0.

[20839] 01-08 07:20:50,146 INFO [RocksDB][db/db_impl_write.cc:1373] [0] New memtable created with log file: #10. Immutable memtables: 1.

[20839] 01-08 07:20:50,146 INFO [RocksDB][db/db_impl_compaction_flush.cc:80] [JOB 2] Syncing log #3
[20839] 01-08 07:20:50,737 INFO [RocksDB][db/db_impl_compaction_flush.cc:80] [JOB 2] Syncing log #9
[20839] 01-08 07:20:52,323 INFO [RocksDB](Original Log Time 2020/01/08-07:20:50.146861) [db/db_impl_compaction_flush.cc:1424] Calling FlushMemTableToOutputFile with column family [0], flush slots available 4, compaction slots available 1, flush slots scheduled 1, compaction slots scheduled 0
[20839] 01-08 07:20:52,323 INFO [RocksDB][db/flush_job.cc:301] [0] [JOB 2] Flushing memtable with next log file: 9

[20839] 01-08 07:20:52,323 INFO [RocksDB][db/flush_job.cc:301] [0] [JOB 2] Flushing memtable with next log file: 10

[20839] 01-08 07:20:52,323 INFO [RocksDB]EVENT_LOG_v1 {"time_micros": 1578468052323090, "job": 2, "event": "flush_started", "num_memtables": 2, "num_entries": 3575548, "num_deletes": 0, "memory_usage": 520101624, "flush_reason": "Write Buffer Full"}
[20839] 01-08 07:20:52,323 INFO [RocksDB][db/flush_job.cc:331] [0] [JOB 2] Level-0 flush table #11: started
[20839] 01-08 07:20:59,057 INFO [RocksDB]EVENT_LOG_v1 {"time_micros": 1578468059057807, "cf_name": "0", "job": 2, "event": "table_file_creation", "file_number": 11, "file_size": 347657329, "table_properties": {"data_size": 337780279, "index_size": 4534638, "filter_size": 5341369, "raw_key_size": 140707465, "raw_average_key_size": 42, "raw_value_size": 270594149, "raw_average_value_size": 81, "num_data_blocks": 84159, "num_entries": 3320159, "filter_policy_name": "rocksdb.BuiltinBloomFilter", "kDeletedKeys": "0", "kMergeOperands": "0"}}
[20839] 01-08 07:20:59,057 INFO [RocksDB][db/flush_job.cc:371] [0] [JOB 2] Level-0 flush table #11: 347657329 bytes OK
[20839] 01-08 07:20:59,060 INFO [RocksDB](Original Log Time 2020/01/08-07:20:59.058827) [db/memtable_list.cc:377] [0] Level-0 commit table #11 started
[20839] 01-08 07:20:59,060 INFO [RocksDB](Original Log Time 2020/01/08-07:20:59.060135) [db/memtable_list.cc:409] [0] Level-0 commit table #11: memtable #1 done
[20839] 01-08 07:20:59,060 INFO [RocksDB](Original Log Time 2020/01/08-07:20:59.060141) [db/memtable_list.cc:409] [0] Level-0 commit table #11: memtable #2 done
[20839] 01-08 07:20:59,060 INFO [RocksDB](Original Log Time 2020/01/08-07:20:59.060155) EVENT_LOG_v1 {"time_micros": 1578468059060149, "job": 2, "event": "flush_finished", "output_compression": "NoCompression", "lsm_state": [1, 0, 0, 0, 0, 0, 0], "immutable_memtables": 0}
[20839] 01-08 07:20:59,060 INFO [RocksDB](Original Log Time 2020/01/08-07:20:59.060169) [db/db_impl_compaction_flush.cc:177] [0] Level summary: base level 1 max bytes base 536870912 files[1 0 0 0 0 0 0] max score 0.65

[20839] 01-08 07:20:59,060 INFO [RocksDB][db/db_impl_files.cc:342] [JOB 2] Try to delete WAL files size 422193612, prev total WAL file size 611497768, number of live WAL files 3.

[20839] 01-08 07:21:00,005 INFO [RocksDB][db/db_impl_write.cc:1373] [0] New memtable created with log file: #12. Immutable memtables: 0.

[20839] 01-08 07:21:09,785 INFO [RocksDB][db/db_impl_write.cc:1373] [0] New memtable created with log file: #13. Immutable memtables: 1.

[20839] 01-08 07:21:09,785 INFO [RocksDB][db/db_impl_compaction_flush.cc:80] [JOB 3] Syncing log #10
[20839] 01-08 07:21:10,375 INFO [RocksDB][db/db_impl_compaction_flush.cc:80] [JOB 3] Syncing log #12
[20839] 01-08 07:21:11,961 INFO [RocksDB](Original Log Time 2020/01/08-07:21:09.785771) [db/db_impl_compaction_flush.cc:1424] Calling FlushMemTableToOutputFile with column family [0], flush slots available 4, compaction slots available 1, flush slots scheduled 1, compaction slots scheduled 0
[20839] 01-08 07:21:11,961 INFO [RocksDB][db/flush_job.cc:301] [0] [JOB 3] Flushing memtable with next log file: 12

[20839] 01-08 07:21:11,962 INFO [RocksDB][db/flush_job.cc:301] [0] [JOB 3] Flushing memtable with next log file: 13

[20839] 01-08 07:21:11,962 INFO [RocksDB]EVENT_LOG_v1 {"time_micros": 1578468071962027, "job": 3, "event": "flush_started", "num_memtables": 2, "num_entries": 3575555, "num_deletes": 0, "memory_usage": 520099384, "flush_reason": "Write Buffer Full"}
[20839] 01-08 07:21:11,962 INFO [RocksDB][db/flush_job.cc:331] [0] [JOB 3] Level-0 flush table #14: started
[20839] 01-08 07:21:18,651 INFO [RocksDB]EVENT_LOG_v1 {"time_micros": 1578468078651686, "cf_name": "0", "job": 3, "event": "table_file_creation", "file_number": 14, "file_size": 347552601, "table_properties": {"data_size": 337675837, "index_size": 4534727, "filter_size": 5340994, "raw_key_size": 140706595, "raw_average_key_size": 42, "raw_value_size": 270593150, "raw_average_value_size": 81, "num_data_blocks": 84135, "num_entries": 3320160, "filter_policy_name": "rocksdb.BuiltinBloomFilter", "kDeletedKeys": "0", "kMergeOperands": "0"}}
[20839] 01-08 07:21:18,651 INFO [RocksDB][db/flush_job.cc:371] [0] [JOB 3] Level-0 flush table #14: 347552601 bytes OK
[20839] 01-08 07:21:18,654 INFO [RocksDB](Original Log Time 2020/01/08-07:21:18.652732) [db/memtable_list.cc:377] [0] Level-0 commit table #14 started
[20839] 01-08 07:21:18,654 INFO [RocksDB](Original Log Time 2020/01/08-07:21:18.654144) [db/memtable_list.cc:409] [0] Level-0 commit table #14: memtable #1 done
[20839] 01-08 07:21:18,654 INFO [RocksDB](Original Log Time 2020/01/08-07:21:18.654144) [db/memtable_list.cc:409] [0] Level-0 commit table #14: memtable #2 done
[20839] 01-08 07:21:18,654 INFO [RocksDB](Original Log Time 2020/01/08-07:21:18.654154) EVENT_LOG_v1 {"time_micros": 1578468078654149, "job": 3, "event": "flush_finished", "output_compression": "NoCompression", "lsm_state": [2, 0, 0, 0, 0, 0, 0], "immutable_memtables": 0}
[20839] 01-08 07:21:18,654 INFO [RocksDB](Original Log Time 2020/01/08-07:21:18.654180) [db/db_impl_compaction_flush.cc:177] [0] Level summary: base level 1 max bytes base 536870912 files[2 0 0 0 0 0 0] max score 1.29

[20839] 01-08 07:21:18,654 INFO [RocksDB][db/db_impl_files.cc:342] [JOB 3] Try to delete WAL files size 422278318, prev total WAL file size 568299537, number of live WAL files 3.

[20839] 01-08 07:21:18,654 WARN [RocksDB][db/db_impl.cc:491] ------- DUMPING STATS -------
[20839] 01-08 07:21:18,654 WARN [RocksDB][db/db_impl.cc:492] 
** DB Stats **
Uptime(secs): 56.1 total, 56.1 interval
Cumulative writes: 1198K writes, 8387K keys, 1196K commit groups, 1.0 writes per commit group, ingest: 0.92 GB, 16.83 MB/s
Cumulative WAL: 1198K writes, 0 syncs, 1198210.00 writes per sync, written: 0.92 GB, 16.83 MB/s
Cumulative stall: 00:00:0.000 H:M:S, 0.0 percent
Interval writes: 1198K writes, 8387K keys, 1196K commit groups, 1.0 writes per commit group, ingest: 944.61 MB, 16.83 MB/s
Interval WAL: 1198K writes, 0 syncs, 1198210.00 writes per sync, written: 0.92 MB, 16.83 MB/s
Interval stall: 00:00:0.000 H:M:S, 0.0 percent

** Compaction Stats [default] **
Level    Files   Size     Score Read(GB)  Rn(GB) Rnp1(GB) Write(GB) Wnew(GB) Moved(GB) W-Amp Rd(MB/s) Wr(MB/s) Comp(sec) Comp(cnt) Avg(sec) KeyIn KeyDrop
----------------------------------------------------------------------------------------------------------------------------------------------------------
 Sum      0/0    0.00 KB   0.0      0.0     0.0      0.0       0.0     
[20839] 01-08 07:21:18,654 INFO [RocksDB][db/compaction_job.cc:1531] [0] [JOB 4] Compacting 2@0 files to L1, score 1.29
[20839] 01-08 07:21:18,654 INFO [RocksDB][db/compaction_job.cc:1535] [0] Compaction start summary: Base version 4 Base level 0, inputs: [14(331MB) 11(331MB)]

[20839] 01-08 07:21:18,654 INFO [RocksDB]EVENT_LOG_v1 {"time_micros": 1578468078654538, "job": 4, "event": "compaction_started", "compaction_reason": "LevelL0FilesNum", "files_L0": [14, 11], "score": 1.29493, "input_data_size": 695209930}
[20839] 01-08 07:21:20,025 INFO [RocksDB][db/compaction_job.cc:1211] [0] [JOB 4] Generated table #15: 1225265 keys, 69822267 bytes
[20839] 01-08 07:21:20,025 INFO [RocksDB]EVENT_LOG_v1 {"time_micros": 1578468080025300, "cf_name": "0", "job": 4, "event": "table_file_creation", "file_number": 15, "file_size": 69822267, "table_properties": {"data_size": 67109965, "index_size": 981833, "filter_size": 1729438, "raw_key_size": 58573233, "raw_average_key_size": 47, "raw_value_size": 26757154, "raw_average_value_size": 21, "num_data_blocks": 16592, "num_entries": 1225265, "filter_policy_name": "rocksdb.BuiltinBloomFilter", "kDeletedKeys": "0", "kMergeOperands": "0"}}
[20839] 01-08 07:21:21,410 INFO [RocksDB][db/compaction_job.cc:1211] [0] [JOB 4] Generated table #16: 597542 keys, 68990259 bytes
[20839] 01-08 07:21:21,410 INFO [RocksDB]EVENT_LOG_v1 {"time_micros": 1578468081410485, "cf_name": "0", "job": 4, "event": "table_file_creation", "file_number": 16, "file_size": 68990259, "table_properties": {"data_size": 67112523, "index_size": 888775, "filter_size": 987930, "raw_key_size": 24596111, "raw_average_key_size": 41, "raw_value_size": 56766490, "raw_average_value_size": 95, "num_data_blocks": 16740, "num_entries": 597542, "filter_policy_name": "rocksdb.BuiltinBloomFilter", "kDeletedKeys": "0", "kMergeOperands": "0"}}
[20839] 01-08 07:21:22,713 INFO [RocksDB][db/compaction_job.cc:1211] [0] [JOB 4] Generated table #17: 597531 keys, 68989422 bytes
[20839] 01-08 07:21:22,713 INFO [RocksDB]EVENT_LOG_v1 {"time_micros": 1578468082713302, "cf_name": "0", "job": 4, "event": "table_file_creation", "file_number": 17, "file_size": 68989422, "table_properties": {"data_size": 67111492, "index_size": 888973, "filter_size": 987926, "raw_key_size": 24595481, "raw_average_key_size": 41, "raw_value_size": 56765445, "raw_average_value_size": 95, "num_data_blocks": 16741, "num_entries": 597531, "filter_policy_name": "rocksdb.BuiltinBloomFilter", "kDeletedKeys": "0", "kMergeOperands": "0"}}
[20839] 01-08 07:21:23,210 INFO [RocksDB][db/db_impl_write.cc:1373] [0] New memtable created with log file: #19. Immutable memtables: 0.

[20839] 01-08 07:21:24,016 INFO [RocksDB][db/compaction_job.cc:1211] [0] [JOB 4] Generated table #18: 597528 keys, 68990427 bytes
[20839] 01-08 07:21:24,016 INFO [RocksDB]EVENT_LOG_v1 {"time_micros": 1578468084016858, "cf_name": "0", "job": 4, "event": "table_file_creation", "file_number": 18, "file_size": 68990427, "table_properties": {"data_size": 67112462, "index_size": 889002, "filter_size": 987932, "raw_key_size": 24594849, "raw_average_key_size": 41, "raw_value_size": 56765133, "raw_average_value_size": 94, "num_data_blocks": 16742, "num_entries": 597528, "filter_policy_name": "rocksdb.BuiltinBloomFilter", "kDeletedKeys": "0", "kMergeOperands": "0"}}
[20839] 01-08 07:21:25,317 INFO [RocksDB][db/compaction_job.cc:1211] [0] [JOB 4] Generated table #20: 597520 keys, 68987000 bytes
[20839] 01-08 07:21:25,317 INFO [RocksDB]EVENT_LOG_v1 {"time_micros": 1578468085317385, "cf_name": "0", "job": 4, "event": "table_file_creation", "file_number": 20, "file_size": 68987000, "table_properties": {"data_size": 67109543, "index_size": 888535, "filter_size": 987891, "raw_key_size": 24594565, "raw_average_key_size": 41, "raw_value_size": 56764400, "raw_average_value_size": 95, "num_data_blocks": 16739, "num_entries": 597520, "filter_policy_name": "rocksdb.BuiltinBloomFilter", "kDeletedKeys": "0", "kMergeOperands": "0"}}
[20839] 01-08 07:21:26,626 INFO [RocksDB][db/compaction_job.cc:1211] [0] [JOB 4] Generated table #21: 597531 keys, 68986791 bytes
[20839] 01-08 07:21:26,626 INFO [RocksDB]EVENT_LOG_v1 {"time_micros": 1578468086626718, "cf_name": "0", "job": 4, "event": "table_file_creation", "file_number": 21, "file_size": 68986791, "table_properties": {"data_size": 67109529, "index_size": 888336, "filter_size": 987895, "raw_key_size": 24594632, "raw_average_key_size": 41, "raw_value_size": 56765445, "raw_average_value_size": 95, "num_data_blocks": 16738, "num_entries": 597531, "filter_policy_name": "rocksdb.BuiltinBloomFilter", "kDeletedKeys": "0", "kMergeOperands": "0"}}
[20839] 01-08 07:21:27,949 INFO [RocksDB][db/compaction_job.cc:1211] [0] [JOB 4] Generated table #22: 597525 keys, 68989742 bytes
[20839] 01-08 07:21:27,949 INFO [RocksDB]EVENT_LOG_v1 {"time_micros": 1578468087949181, "cf_name": "0", "job": 4, "event": "table_file_creation", "file_number": 22, "file_size": 68989742, "table_properties": {"data_size": 67111925, "index_size": 888868, "filter_size": 987918, "raw_key_size": 24595481, "raw_average_key_size": 41, "raw_value_size": 56764920, "raw_average_value_size": 95, "num_data_blocks": 16741, "num_entries": 597525, "filter_policy_name": "rocksdb.BuiltinBloomFilter", "kDeletedKeys": "0", "kMergeOperands": "0"}}
[20839] 01-08 07:21:29,314 INFO [RocksDB][db/compaction_job.cc:1211] [0] [JOB 4] Generated table #23: 597537 keys, 68987399 bytes
[20839] 01-08 07:21:29,314 INFO [RocksDB]EVENT_LOG_v1 {"time_micros": 1578468089314962, "cf_name": "0", "job": 4, "event": "table_file_creation", "file_number": 23, "file_size": 68987399, "table_properties": {"data_size": 67110121, "index_size": 888335, "filter_size": 987912, "raw_key_size": 24596616, "raw_average_key_size": 41, "raw_value_size": 56765970, "raw_average_value_size": 94, "num_data_blocks": 16739, "num_entries": 597537, "filter_policy_name": "rocksdb.BuiltinBloomFilter", "kDeletedKeys": "0", "kMergeOperands": "0"}}
[20839] 01-08 07:21:30,617 INFO [RocksDB][db/compaction_job.cc:1211] [0] [JOB 4] Generated table #24: 597523 keys, 68989125 bytes
[20839] 01-08 07:21:30,617 INFO [RocksDB]EVENT_LOG_v1 {"time_micros": 1578468090617685, "cf_name": "0", "job": 4, "event": "table_file_creation", "file_number": 24, "file_size": 68989125, "table_properties": {"data_size": 67111256, "index_size": 888913, "filter_size": 987925, "raw_key_size": 24595274, "raw_average_key_size": 41, "raw_value_size": 56764712, "raw_average_value_size": 95, "num_data_blocks": 16742, "num_entries": 597523, "filter_policy_name": "rocksdb.BuiltinBloomFilter", "kDeletedKeys": "0", "kMergeOperands": "0"}}
[20839] 01-08 07:21:31,918 INFO [RocksDB][db/compaction_job.cc:1211] [0] [JOB 4] Generated table #25: 597569 keys, 68985547 bytes
[20839] 01-08 07:21:31,918 INFO [RocksDB]EVENT_LOG_v1 {"time_micros": 1578468091918740, "cf_name": "0", "job": 4, "event": "table_file_creation", "file_number": 25, "file_size": 68985547, "table_properties": {"data_size": 67109233, "index_size": 887344, "filter_size": 987939, "raw_key_size": 24581819, "raw_average_key_size": 41, "raw_value_size": 56769100, "raw_average_value_size": 95, "num_data_blocks": 16738, "num_entries": 597569, "filter_policy_name": "rocksdb.BuiltinBloomFilter", "kDeletedKeys": "0", "kMergeOperands": "0"}}
[20839] 01-08 07:21:32,017 INFO [RocksDB][db/compaction_job.cc:1211] [0] [JOB 4] Generated table #26: 37247 keys, 4296218 bytes
[20839] 01-08 07:21:32,017 INFO [RocksDB]EVENT_LOG_v1 {"time_micros": 1578468092017342, "cf_name": "0", "job": 4, "event": "table_file_creation", "file_number": 26, "file_size": 4296218, "table_properties": {"data_size": 4179726, "index_size": 53901, "filter_size": 61562, "raw_key_size": 1495980, "raw_average_key_size": 40, "raw_value_size": 3538474, "raw_average_value_size": 95, "num_data_blocks": 1042, "num_entries": 37247, "filter_policy_name": "rocksdb.BuiltinBloomFilter", "kDeletedKeys": "0", "kMergeOperands": "0"}}
[20839] 01-08 07:21:32,018 INFO [RocksDB][db/compaction_job.cc:1287] [0] [JOB 4] Compacted 2@0 files to L1 => 695014197 bytes
[20839] 01-08 07:21:32,020 INFO [RocksDB](Original Log Time 2020/01/08-07:21:32.020719) [db/compaction_job.cc:685] [0] compacted to: base level 1 max bytes base 536870912 files[0 11 0 0 0 0 0] max score 1.29, MB/sec: 52.0 rd, 52.0 wr, level 1, files in(2, 0) out(11) MB in(663.0, 0.0) out(662.8), read-write-amplify(2.0) write-amplify(1.0) OK, records in: 6640319, records dropped: 1 output_compression: NoCompression

[20839] 01-08 07:21:32,020 INFO [RocksDB](Original Log Time 2020/01/08-07:21:32.020747) EVENT_LOG_v1 {"time_micros": 1578468092020729, "job": 4, "event": "compaction_finished", "compaction_time_micros": 13364287, "output_level": 1, "num_output_files": 11, "total_output_size": 695014197, "num_input_records": 6640319, "num_output_records": 6640318, "num_subcompactions": 1, "output_compression": "NoCompression", "num_single_delete_mismatches": 0, "num_single_delete_fallthrough": 0, "lsm_state": [0, 11, 0, 0, 0, 0, 0]}
[20839] 01-08 07:21:32,051 INFO [RocksDB]EVENT_LOG_v1 {"time_micros": 1578468092051199, "job": 4, "event": "table_file_deletion", "file_number": 14}
[20839] 01-08 07:21:32,081 INFO [RocksDB]EVENT_LOG_v1 {"time_micros": 1578468092081754, "job": 4, "event": "table_file_deletion", "file_number": 11}
[20839] 01-08 07:21:32,081 INFO [RocksDB][db/compaction_job.cc:1531] [0] [JOB 5] Compacting 1@1 files to L2, score 1.29
[20839] 01-08 07:21:32,081 INFO [RocksDB][db/compaction_job.cc:1535] [0] Compaction start summary: Base version 5 Base level 1, inputs: [15(66MB)]

[20839] 01-08 07:21:32,081 INFO [RocksDB]EVENT_LOG_v1 {"time_micros": 1578468092081806, "job": 5, "event": "compaction_started", "compaction_reason": "LevelMaxLevelSize", "files_L1": [15], "score": 1.29456, "input_data_size": 69822267}
[20839] 01-08 07:21:33,917 INFO [RocksDB][db/compaction_job.cc:1211] [0] [JOB 5] Generated table #27: 1225265 keys, 53629257 bytes
[20839] 01-08 07:21:33,917 INFO [RocksDB]EVENT_LOG_v1 {"time_micros": 1578468093917783, "cf_name": "0", "job": 5, "event": "table_file_creation", "file_number": 27, "file_size": 53629257, "table_properties": {"data_size": 51395917, "index_size": 981529, "filter_size": 1698746, "raw_key_size": 58573233, "raw_average_key_size": 47, "raw_value_size": 26757154, "raw_average_value_size": 21, "num_data_blocks": 16592, "num_entries": 1225265, "filter_policy_name": "rocksdb.BuiltinBloomFilter", "kDeletedKeys": "0", "kMergeOperands": "0"}}
[20839] 01-08 07:21:33,918 INFO [RocksDB][db/compaction_job.cc:1287] [0] [JOB 5] Compacted 1@1 files to L2 => 53629257 bytes
[20839] 01-08 07:21:33,920 INFO [RocksDB](Original Log Time 2020/01/08-07:21:33.920272) [db/compaction_job.cc:685] [0] compacted to: base level 1 max bytes base 536870912 files[0 10 1 0 0 0 0] max score 1.16, MB/sec: 38.0 rd, 29.2 wr, level 2, files in(1, 0) out(1) MB in(66.6, 0.0) out(51.1), read-write-amplify(1.8) write-amplify(0.8) OK, records in: 1225265, records dropped: 0 output_compression: Snappy

[20839] 01-08 07:21:33,920 INFO [RocksDB](Original Log Time 2020/01/08-07:21:33.920286) EVENT_LOG_v1 {"time_micros": 1578468093920281, "job": 5, "event": "compaction_finished", "compaction_time_micros": 1836963, "output_level": 2, "num_output_files": 1, "total_output_size": 53629257, "num_input_records": 1225265, "num_output_records": 1225265, "num_subcompactions": 1, "output_compression": "Snappy", "num_single_delete_mismatches": 0, "num_single_delete_fallthrough": 0, "lsm_state": [0, 10, 1, 0, 0, 0, 0]}
[20839] 01-08 07:21:33,920 INFO [RocksDB][db/compaction_job.cc:1531] [0] [JOB 6] Compacting 1@1 files to L2, score 1.16
[20839] 01-08 07:21:33,920 INFO [RocksDB][db/compaction_job.cc:1535] [0] Compaction start summary: Base version 6 Base level 1, inputs: [18(65MB)]

[20839] 01-08 07:21:33,920 INFO [RocksDB]EVENT_LOG_v1 {"time_micros": 1578468093920347, "job": 6, "event": "compaction_started", "compaction_reason": "LevelMaxLevelSize", "files_L1": [18], "score": 1.16451, "input_data_size": 68990427}
[20839] 01-08 07:21:35,219 INFO [RocksDB][db/compaction_job.cc:1211] [0] [JOB 6] Generated table #28: 597528 keys, 68588130 bytes
[20839] 01-08 07:21:35,219 INFO [RocksDB]EVENT_LOG_v1 {"time_micros": 1578468095219419, "cf_name": "0", "job": 6, "event": "table_file_creation", "file_number": 28, "file_size": 68588130, "table_properties": {"data_size": 67112462, "index_size": 889002, "filter_size": 987932, "raw_key_size": 24594849, "raw_average_key_size": 41, "raw_value_size": 56765133, "raw_average_value_size": 94, "num_data_blocks": 16742, "num_entries": 597528, "filter_policy_name": "rocksdb.BuiltinBloomFilter", "kDeletedKeys": "0", "kMergeOperands": "0"}}
[20839] 01-08 07:21:35,220 INFO [RocksDB][db/compaction_job.cc:1287] [0] [JOB 6] Compacted 1@1 files to L2 => 68588130 bytes
[20839] 01-08 07:21:35,221 INFO [RocksDB](Original Log Time 2020/01/08-07:21:35.221860) [db/compaction_job.cc:685] [0] compacted to: base level 1 max bytes base 536870912 files[0 9 2 0 0 0 0] max score 1.04, MB/sec: 53.1 rd, 52.8 wr, level 2, files in(1, 0) out(1) MB in(65.8, 0.0) out(65.4), read-write-amplify(2.0) write-amplify(1.0) OK, records in: 597528, records dropped: 0 output_compression: Snappy

[20839] 01-08 07:21:35,221 INFO [RocksDB](Original Log Time 2020/01/08-07:21:35.221874) EVENT_LOG_v1 {"time_micros": 1578468095221869, "job": 6, "event": "compaction_finished", "compaction_time_micros": 1300178, "output_level": 2, "num_output_files": 1, "total_output_size": 68588130, "num_input_records": 597528, "num_output_records": 597528, "num_subcompactions": 1, "output_compression": "Snappy", "num_single_delete_mismatches": 0, "num_single_delete_fallthrough": 0, "lsm_state": [0, 9, 2, 0, 0, 0, 0]}
[20839] 01-08 07:21:35,228 INFO [RocksDB]EVENT_LOG_v1 {"time_micros": 1578468095228611, "job": 6, "event": "table_file_deletion", "file_number": 18}
[20839] 01-08 07:21:35,235 INFO [RocksDB]EVENT_LOG_v1 {"time_micros": 1578468095235747, "job": 6, "event": "table_file_deletion", "file_number": 15}
[20839] 01-08 07:21:35,235 INFO [RocksDB][db/compaction_job.cc:1531] [0] [JOB 7] Compacting 1@1 files to L2, score 1.04
[20839] 01-08 07:21:35,235 INFO [RocksDB][db/compaction_job.cc:1535] [0] Compaction start summary: Base version 7 Base level 1, inputs: [16(65MB)]

[20839] 01-08 07:21:35,235 INFO [RocksDB]EVENT_LOG_v1 {"time_micros": 1578468095235795, "job": 7, "event": "compaction_started", "compaction_reason": "LevelMaxLevelSize", "files_L1": [16], "score": 1.03601, "input_data_size": 68990259}
[20839] 01-08 07:21:36,536 INFO [RocksDB][db/compaction_job.cc:1211] [0] [JOB 7] Generated table #29: 597542 keys, 68588479 bytes
[20839] 01-08 07:21:36,536 INFO [RocksDB]EVENT_LOG_v1 {"time_micros": 1578468096536133, "cf_name": "0", "job": 7, "event": "table_file_creation", "file_number": 29, "file_size": 68588479, "table_properties": {"data_size": 67112523, "index_size": 888775, "filter_size": 987930, "raw_key_size": 24596111, "raw_average_key_size": 41, "raw_value_size": 56766490, "raw_average_value_size": 95, "num_data_blocks": 16740, "num_entries": 597542, "filter_policy_name": "rocksdb.BuiltinBloomFilter", "kDeletedKeys": "0", "kMergeOperands": "0"}}
[20839] 01-08 07:21:36,537 INFO [RocksDB][db/compaction_job.cc:1287] [0] [JOB 7] Compacted 1@1 files to L2 => 68588479 bytes
[20839] 01-08 07:21:36,538 INFO [RocksDB](Original Log Time 2020/01/08-07:21:36.538485) [db/compaction_job.cc:685] [0] compacted to: base level 1 max bytes base 536870912 files[0 8 3 0 0 0 0] max score 0.91, MB/sec: 53.0 rd, 52.7 wr, level 2, files in(1, 0) out(1) MB in(65.8, 0.0) out(65.4), read-write-amplify(2.0) write-amplify(1.0) OK, records in: 597542, records dropped: 0 output_compression: Snappy

[20839] 01-08 07:21:36,538 INFO [RocksDB](Original Log Time 2020/01/08-07:21:36.538516) EVENT_LOG_v1 {"time_micros": 1578468096538510, "job": 7, "event": "compaction_finished", "compaction_time_micros": 1301401, "output_level": 2, "num_output_files": 1, "total_output_size": 68588479, "num_input_records": 597542, "num_output_records": 597542, "num_subcompactions": 1, "output_compression": "Snappy", "num_single_delete_mismatches": 0, "num_single_delete_fallthrough": 0, "lsm_state": [0, 8, 3, 0, 0, 0, 0]}
[20839] 01-08 07:21:36,545 INFO [RocksDB]EVENT_LOG_v1 {"time_micros": 1578468096545301, "job": 7, "event": "table_file_deletion", "file_number": 16}
[20839] 01-08 07:21:38,466 INFO [RocksDB][db/db_impl_write.cc:1373] [0] New memtable created with log file: #30. Immutable memtables: 1.

[20839] 01-08 07:21:38,467 INFO [RocksDB][db/db_impl_compaction_flush.cc:80] [JOB 8] Syncing log #13
[20839] 01-08 07:21:39,465 INFO [RocksDB][db/db_impl_compaction_flush.cc:80] [JOB 8] Syncing log #19
[20839] 01-08 07:21:41,050 INFO [RocksDB](Original Log Time 2020/01/08-07:21:38.467022) [db/db_impl_compaction_flush.cc:1424] Calling FlushMemTableToOutputFile with column family [0], flush slots available 4, compaction slots available 1, flush slots scheduled 1, compaction slots scheduled 0
[20839] 01-08 07:21:41,050 INFO [RocksDB][db/flush_job.cc:301] [0] [JOB 8] Flushing memtable with next log file: 19

[20839] 01-08 07:21:41,050 INFO [RocksDB][db/flush_job.cc:301] [0] [JOB 8] Flushing memtable with next log file: 30

[20839] 01-08 07:21:41,050 INFO [RocksDB]EVENT_LOG_v1 {"time_micros": 1578468101050351, "job": 8, "event": "flush_started", "num_memtables": 2, "num_entries": 3575547, "num_deletes": 0, "memory_usage": 520099776, "flush_reason": "Write Buffer Full"}
[20839] 01-08 07:21:41,050 INFO [RocksDB][db/flush_job.cc:331] [0] [JOB 8] Level-0 flush table #31: started
[20839] 01-08 07:21:47,721 INFO [RocksDB]EVENT_LOG_v1 {"time_micros": 1578468107721015, "cf_name": "0", "job": 8, "event": "table_file_creation", "file_number": 31, "file_size": 347688059, "table_properties": {"data_size": 337809524, "index_size": 4536120, "filter_size": 5341372, "raw_key_size": 140710309, "raw_average_key_size": 42, "raw_value_size": 270592272, "raw_average_value_size": 81, "num_data_blocks": 84168, "num_entries": 3320151, "filter_policy_name": "rocksdb.BuiltinBloomFilter", "kDeletedKeys": "0", "kMergeOperands": "0"}}
[20839] 01-08 07:21:47,721 INFO [RocksDB][db/flush_job.cc:371] [0] [JOB 8] Level-0 flush table #31: 347688059 bytes OK
[20839] 01-08 07:21:47,723 INFO [RocksDB](Original Log Time 2020/01/08-07:21:47.722049) [db/memtable_list.cc:377] [0] Level-0 commit table #31 started
[20839] 01-08 07:21:47,723 INFO [RocksDB](Original Log Time 2020/01/08-07:21:47.723488) [db/memtable_list.cc:409] [0] Level-0 commit table #31: memtable #1 done
[20839] 01-08 07:21:47,723 INFO [RocksDB](Original Log Time 2020/01/08-07:21:47.723489) [db/memtable_list.cc:409] [0] Level-0 commit table #31: memtable #2 done
[20839] 01-08 07:21:47,723 INFO [RocksDB](Original Log Time 2020/01/08-07:21:47.723499) EVENT_LOG_v1 {"time_micros": 1578468107723493, "job": 8, "event": "flush_finished", "output_compression": "NoCompression", "lsm_state": [1, 8, 3, 0, 0, 0, 0], "immutable_memtables": 0}
[20839] 01-08 07:21:47,723 INFO [RocksDB](Original Log Time 2020/01/08-07:21:47.723519) [db/db_impl_compaction_flush.cc:177] [0] Level summary: base level 1 max bytes base 536870912 files[1 8 3 0 0 0 0] max score 0.91

[20839] 01-08 07:21:47,723 INFO [RocksDB][db/db_impl_files.cc:342] [JOB 8] Try to delete WAL files size 422284153, prev total WAL file size 541537034, number of live WAL files 3.

[20839] 01-08 07:21:53,992 INFO [RocksDB][db/db_impl_write.cc:1373] [0] New memtable created with log file: #32. Immutable memtables: 0.

