[21555] 01-08 07:25:05,104 INFO [RocksDB]RocksDB version: 5.14.2

[21555] 01-08 07:25:05,109 INFO [RocksDB]Git sha rocksdb_build_git_sha:9f703a6b9c3430e30aba2286240e44570994efe6
[21555] 01-08 07:25:05,109 INFO [RocksDB]Compile date Jan  8 2020
[21555] 01-08 07:25:05,109 INFO [RocksDB]DB SUMMARY

[21555] 01-08 07:25:05,109 INFO [RocksDB]SST files in /home/ubuntu/ardb/data/rocksdb dir, Total Num: 0, files: 

[21555] 01-08 07:25:05,109 INFO [RocksDB]Write Ahead Log file in /home/ubuntu/ardb/data/rocksdb: 

[21555] 01-08 07:25:05,109 INFO [RocksDB]                        Options.error_if_exists: 0
[21555] 01-08 07:25:05,109 INFO [RocksDB]                      Options.create_if_missing: 1
[21555] 01-08 07:25:05,109 INFO [RocksDB]                        Options.paranoid_checks: 1
[21555] 01-08 07:25:05,109 INFO [RocksDB]                                    Options.env: 0xbfa6c0
[21555] 01-08 07:25:05,109 INFO [RocksDB]                               Options.info_log: 0x7faabb43f8a0
[21555] 01-08 07:25:05,109 INFO [RocksDB]               Options.max_file_opening_threads: 16
[21555] 01-08 07:25:05,109 INFO [RocksDB]                             Options.statistics: (nil)
[21555] 01-08 07:25:05,109 INFO [RocksDB]                              Options.use_fsync: 0
[21555] 01-08 07:25:05,109 INFO [RocksDB]                      Options.max_log_file_size: 0
[21555] 01-08 07:25:05,109 INFO [RocksDB]                 Options.max_manifest_file_size: 18446744073709551615
[21555] 01-08 07:25:05,109 INFO [RocksDB]                  Options.log_file_time_to_roll: 0
[21555] 01-08 07:25:05,109 INFO [RocksDB]                      Options.keep_log_file_num: 1000
[21555] 01-08 07:25:05,109 INFO [RocksDB]                   Options.recycle_log_file_num: 0
[21555] 01-08 07:25:05,109 INFO [RocksDB]                        Options.allow_fallocate: 1
[21555] 01-08 07:25:05,109 INFO [RocksDB]                       Options.allow_mmap_reads: 0
[21555] 01-08 07:25:05,109 INFO [RocksDB]                      Options.allow_mmap_writes: 0
[21555] 01-08 07:25:05,109 INFO [RocksDB]                       Options.use_direct_reads: 0
[21555] 01-08 07:25:05,109 INFO [RocksDB]                       Options.use_direct_io_for_flush_and_compaction: 0
[21555] 01-08 07:25:05,109 INFO [RocksDB]         Options.create_missing_column_families: 0
[21555] 01-08 07:25:05,109 INFO [RocksDB]                             Options.db_log_dir: 
[21555] 01-08 07:25:05,109 INFO [RocksDB]                                Options.wal_dir: /home/ubuntu/ardb/data/rocksdb
[21555] 01-08 07:25:05,109 INFO [RocksDB]               Options.table_cache_numshardbits: 6
[21555] 01-08 07:25:05,109 INFO [RocksDB]                     Options.max_subcompactions: 1
[21555] 01-08 07:25:05,109 INFO [RocksDB]                 Options.max_background_flushes: -1
[21555] 01-08 07:25:05,109 INFO [RocksDB]                        Options.WAL_ttl_seconds: 0
[21555] 01-08 07:25:05,109 INFO [RocksDB]                      Options.WAL_size_limit_MB: 0
[21555] 01-08 07:25:05,109 INFO [RocksDB]            Options.manifest_preallocation_size: 4194304
[21555] 01-08 07:25:05,109 INFO [RocksDB]                    Options.is_fd_close_on_exec: 1
[21555] 01-08 07:25:05,109 INFO [RocksDB]                  Options.advise_random_on_open: 1
[21555] 01-08 07:25:05,109 INFO [RocksDB]                   Options.db_write_buffer_size: 0
[21555] 01-08 07:25:05,109 INFO [RocksDB]                   Options.write_buffer_manager: 0x7faabbbfa7d0
[21555] 01-08 07:25:05,109 INFO [RocksDB]        Options.access_hint_on_compaction_start: 1
[21555] 01-08 07:25:05,109 INFO [RocksDB] Options.new_table_reader_for_compaction_inputs: 0
[21555] 01-08 07:25:05,109 INFO [RocksDB]          Options.random_access_max_buffer_size: 1048576
[21555] 01-08 07:25:05,109 INFO [RocksDB]                     Options.use_adaptive_mutex: 1
[21555] 01-08 07:25:05,109 INFO [RocksDB]                           Options.rate_limiter: 0x7faabb438540
[21555] 01-08 07:25:05,109 INFO [RocksDB]    Options.sst_file_manager.rate_bytes_per_sec: 0
[21555] 01-08 07:25:05,109 INFO [RocksDB]                      Options.wal_recovery_mode: 2
[21555] 01-08 07:25:05,109 INFO [RocksDB]                 Options.enable_thread_tracking: 0
[21555] 01-08 07:25:05,109 INFO [RocksDB]                 Options.enable_pipelined_write: 1
[21555] 01-08 07:25:05,109 INFO [RocksDB]        Options.allow_concurrent_memtable_write: 1
[21555] 01-08 07:25:05,109 INFO [RocksDB]     Options.enable_write_thread_adaptive_yield: 1
[21555] 01-08 07:25:05,109 INFO [RocksDB]            Options.write_thread_max_yield_usec: 100
[21555] 01-08 07:25:05,109 INFO [RocksDB]           Options.write_thread_slow_yield_usec: 3
[21555] 01-08 07:25:05,109 INFO [RocksDB]                              Options.row_cache: None
[21555] 01-08 07:25:05,109 INFO [RocksDB]                             Options.wal_filter: None
[21555] 01-08 07:25:05,109 INFO [RocksDB]            Options.avoid_flush_during_recovery: 0
[21555] 01-08 07:25:05,109 INFO [RocksDB]            Options.allow_ingest_behind: 0
[21555] 01-08 07:25:05,109 INFO [RocksDB]            Options.preserve_deletes: 0
[21555] 01-08 07:25:05,109 INFO [RocksDB]            Options.two_write_queues: 0
[21555] 01-08 07:25:05,109 INFO [RocksDB]            Options.manual_wal_flush: 0
[21555] 01-08 07:25:05,109 INFO [RocksDB]            Options.max_background_jobs: 16
[21555] 01-08 07:25:05,109 INFO [RocksDB]            Options.max_background_compactions: -1
[21555] 01-08 07:25:05,109 INFO [RocksDB]            Options.avoid_flush_during_shutdown: 0
[21555] 01-08 07:25:05,109 INFO [RocksDB]          Options.writable_file_max_buffer_size: 1048576
[21555] 01-08 07:25:05,109 INFO [RocksDB]            Options.delayed_write_rate : 52428800
[21555] 01-08 07:25:05,109 INFO [RocksDB]            Options.max_total_wal_size: 0
[21555] 01-08 07:25:05,109 INFO [RocksDB]            Options.delete_obsolete_files_period_micros: 21600000000
[21555] 01-08 07:25:05,109 INFO [RocksDB]                  Options.stats_dump_period_sec: 10000000
[21555] 01-08 07:25:05,109 INFO [RocksDB]                         Options.max_open_files: 1024
[21555] 01-08 07:25:05,109 INFO [RocksDB]                         Options.bytes_per_sync: 1048576
[21555] 01-08 07:25:05,109 INFO [RocksDB]                     Options.wal_bytes_per_sync: 0
[21555] 01-08 07:25:05,109 INFO [RocksDB]      Options.compaction_readahead_size: 0
[21555] 01-08 07:25:05,109 INFO [RocksDB]Compression algorithms supported:
[21555] 01-08 07:25:05,109 INFO [RocksDB]	kZSTDNotFinalCompression supported: 0
[21555] 01-08 07:25:05,109 INFO [RocksDB]	kZSTD supported: 0
[21555] 01-08 07:25:05,109 INFO [RocksDB]	kXpressCompression supported: 0
[21555] 01-08 07:25:05,109 INFO [RocksDB]	kLZ4HCCompression supported: 0
[21555] 01-08 07:25:05,109 INFO [RocksDB]	kLZ4Compression supported: 0
[21555] 01-08 07:25:05,109 INFO [RocksDB]	kBZip2Compression supported: 0
[21555] 01-08 07:25:05,109 INFO [RocksDB]	kZlibCompression supported: 1
[21555] 01-08 07:25:05,109 INFO [RocksDB]	kSnappyCompression supported: 1
[21555] 01-08 07:25:05,109 INFO [RocksDB]Fast CRC32 supported: Supported on x86
[21555] 01-08 07:25:05,109 INFO [RocksDB][db/db_impl_open.cc:222] Creating manifest 1 

[21555] 01-08 07:25:05,115 INFO [RocksDB][db/version_set.cc:3085] Recovering from manifest file: MANIFEST-000001

[21555] 01-08 07:25:05,115 INFO [RocksDB][db/column_family.cc:475] --------------- Options for column family [default]:

[21555] 01-08 07:25:05,115 INFO [RocksDB]              Options.comparator: ardb.comparator
[21555] 01-08 07:25:05,115 INFO [RocksDB]          Options.merge_operator: ardb.merger
[21555] 01-08 07:25:05,115 INFO [RocksDB]       Options.compaction_filter: None
[21555] 01-08 07:25:05,115 INFO [RocksDB]       Options.compaction_filter_factory: ardb.compact_filter_factory
[21555] 01-08 07:25:05,115 INFO [RocksDB]        Options.memtable_factory: SkipListFactory
[21555] 01-08 07:25:05,115 INFO [RocksDB]           Options.table_factory: BlockBasedTable
[21555] 01-08 07:25:05,115 INFO [RocksDB]           table_factory options:   flush_block_policy_factory: FlushBlockBySizePolicyFactory (0x7faabba08018)
  cache_index_and_filter_blocks: 0
  cache_index_and_filter_blocks_with_high_priority: 0
  pin_l0_filter_and_index_blocks_in_cache: 0
  index_type: 0
  hash_index_allow_collision: 1
  checksum: 1
  no_block_cache: 0
  block_cache: 0x7faabba81cf0
  block_cache_name: LRUCache
  block_cache_options:
    capacity : 536870912
    num_shard_bits : 6
    strict_capacity_limit : 0
    high_pri_pool_ratio: 0.000
  block_cache_compressed: (nil)
  persistent_cache: (nil)
  block_size: 4096
  block_size_deviation: 10
  block_restart_interval: 16
  index_block_restart_interval: 1
  metadata_block_size: 4096
  partition_filters: 0
  use_delta_encoding: 1
  filter_policy: rocksdb.BuiltinBloomFilter
  whole_key_filtering: 1
  verify_compression: 0
  read_amp_bytes_per_bit: 0
  format_version: 2
  enable_index_compression: 1
  block_align: 0

[21555] 01-08 07:25:05,116 INFO [RocksDB]       Options.write_buffer_size: 268435456
[21555] 01-08 07:25:05,116 INFO [RocksDB] Options.max_write_buffer_number: 6
[21555] 01-08 07:25:05,116 INFO [RocksDB]       Options.compression[0]: NoCompression
[21555] 01-08 07:25:05,116 INFO [RocksDB]       Options.compression[1]: NoCompression
[21555] 01-08 07:25:05,116 INFO [RocksDB]       Options.compression[2]: Snappy
[21555] 01-08 07:25:05,116 INFO [RocksDB]       Options.compression[3]: Snappy
[21555] 01-08 07:25:05,116 INFO [RocksDB]       Options.compression[4]: Snappy
[21555] 01-08 07:25:05,116 INFO [RocksDB]       Options.compression[5]: Snappy
[21555] 01-08 07:25:05,116 INFO [RocksDB]       Options.compression[6]: Snappy
[21555] 01-08 07:25:05,116 INFO [RocksDB]                 Options.bottommost_compression: Disabled
[21555] 01-08 07:25:05,116 INFO [RocksDB]      Options.prefix_extractor: ardb.prefix_extractor
[21555] 01-08 07:25:05,116 INFO [RocksDB]  Options.memtable_insert_with_hint_prefix_extractor: nullptr
[21555] 01-08 07:25:05,116 INFO [RocksDB]            Options.num_levels: 7
[21555] 01-08 07:25:05,116 INFO [RocksDB]       Options.min_write_buffer_number_to_merge: 2
[21555] 01-08 07:25:05,116 INFO [RocksDB]    Options.max_write_buffer_number_to_maintain: 0
[21555] 01-08 07:25:05,116 INFO [RocksDB]           Options.compression_opts.window_bits: -14
[21555] 01-08 07:25:05,116 INFO [RocksDB]                 Options.compression_opts.level: -1
[21555] 01-08 07:25:05,116 INFO [RocksDB]              Options.compression_opts.strategy: 0
[21555] 01-08 07:25:05,116 INFO [RocksDB]        Options.compression_opts.max_dict_bytes: 0
[21555] 01-08 07:25:05,116 INFO [RocksDB]        Options.compression_opts.zstd_max_train_bytes: 0
[21555] 01-08 07:25:05,116 INFO [RocksDB]     Options.level0_file_num_compaction_trigger: 2
[21555] 01-08 07:25:05,116 INFO [RocksDB]         Options.level0_slowdown_writes_trigger: 20
[21555] 01-08 07:25:05,116 INFO [RocksDB]             Options.level0_stop_writes_trigger: 36
[21555] 01-08 07:25:05,116 INFO [RocksDB]                  Options.target_file_size_base: 67108864
[21555] 01-08 07:25:05,116 INFO [RocksDB]            Options.target_file_size_multiplier: 1
[21555] 01-08 07:25:05,116 INFO [RocksDB]               Options.max_bytes_for_level_base: 536870912
[21555] 01-08 07:25:05,116 INFO [RocksDB]Options.level_compaction_dynamic_level_bytes: 0
[21555] 01-08 07:25:05,116 INFO [RocksDB]         Options.max_bytes_for_level_multiplier: 10.000000
[21555] 01-08 07:25:05,116 INFO [RocksDB]Options.max_bytes_for_level_multiplier_addtl[0]: 1
[21555] 01-08 07:25:05,116 INFO [RocksDB]Options.max_bytes_for_level_multiplier_addtl[1]: 1
[21555] 01-08 07:25:05,116 INFO [RocksDB]Options.max_bytes_for_level_multiplier_addtl[2]: 1
[21555] 01-08 07:25:05,116 INFO [RocksDB]Options.max_bytes_for_level_multiplier_addtl[3]: 1
[21555] 01-08 07:25:05,116 INFO [RocksDB]Options.max_bytes_for_level_multiplier_addtl[4]: 1
[21555] 01-08 07:25:05,116 INFO [RocksDB]Options.max_bytes_for_level_multiplier_addtl[5]: 1
[21555] 01-08 07:25:05,116 INFO [RocksDB]Options.max_bytes_for_level_multiplier_addtl[6]: 1
[21555] 01-08 07:25:05,116 INFO [RocksDB]      Options.max_sequential_skip_in_iterations: 8
[21555] 01-08 07:25:05,116 INFO [RocksDB]                   Options.max_compaction_bytes: 1677721600
[21555] 01-08 07:25:05,116 INFO [RocksDB]                       Options.arena_block_size: 33554432
[21555] 01-08 07:25:05,116 INFO [RocksDB]  Options.soft_pending_compaction_bytes_limit: 68719476736
[21555] 01-08 07:25:05,116 INFO [RocksDB]  Options.hard_pending_compaction_bytes_limit: 274877906944
[21555] 01-08 07:25:05,116 INFO [RocksDB]      Options.rate_limit_delay_max_milliseconds: 100
[21555] 01-08 07:25:05,116 INFO [RocksDB]               Options.disable_auto_compactions: 0
[21555] 01-08 07:25:05,116 INFO [RocksDB]                       Options.compaction_style: kCompactionStyleLevel
[21555] 01-08 07:25:05,116 INFO [RocksDB]                         Options.compaction_pri: kByCompensatedSize
[21555] 01-08 07:25:05,116 INFO [RocksDB]Options.compaction_options_universal.size_ratio: 1
[21555] 01-08 07:25:05,116 INFO [RocksDB]Options.compaction_options_universal.min_merge_width: 2
[21555] 01-08 07:25:05,116 INFO [RocksDB]Options.compaction_options_universal.max_merge_width: 4294967295
[21555] 01-08 07:25:05,116 INFO [RocksDB]Options.compaction_options_universal.max_size_amplification_percent: 200
[21555] 01-08 07:25:05,116 INFO [RocksDB]Options.compaction_options_universal.compression_size_percent: -1
[21555] 01-08 07:25:05,116 INFO [RocksDB]Options.compaction_options_universal.stop_style: kCompactionStopStyleTotalSize
[21555] 01-08 07:25:05,116 INFO [RocksDB]Options.compaction_options_fifo.max_table_files_size: 1073741824
[21555] 01-08 07:25:05,116 INFO [RocksDB]Options.compaction_options_fifo.allow_compaction: 0
[21555] 01-08 07:25:05,116 INFO [RocksDB]Options.compaction_options_fifo.ttl: 0
[21555] 01-08 07:25:05,116 INFO [RocksDB]                  Options.table_properties_collectors: 
[21555] 01-08 07:25:05,116 INFO [RocksDB]                  Options.inplace_update_support: 0
[21555] 01-08 07:25:05,116 INFO [RocksDB]                Options.inplace_update_num_locks: 10000
[21555] 01-08 07:25:05,116 INFO [RocksDB]              Options.memtable_prefix_bloom_size_ratio: 0.000000
[21555] 01-08 07:25:05,116 INFO [RocksDB]  Options.memtable_huge_page_size: 0
[21555] 01-08 07:25:05,116 INFO [RocksDB]                          Options.bloom_locality: 0
[21555] 01-08 07:25:05,116 INFO [RocksDB]                   Options.max_successive_merges: 0
[21555] 01-08 07:25:05,116 INFO [RocksDB]               Options.optimize_filters_for_hits: 0
[21555] 01-08 07:25:05,116 INFO [RocksDB]               Options.paranoid_file_checks: 0
[21555] 01-08 07:25:05,116 INFO [RocksDB]               Options.force_consistency_checks: 0
[21555] 01-08 07:25:05,116 INFO [RocksDB]               Options.report_bg_io_stats: 0
[21555] 01-08 07:25:05,116 INFO [RocksDB]                              Options.ttl: 0
[21555] 01-08 07:25:05,116 INFO [RocksDB][db/version_set.cc:3361] Recovered from manifest file:/home/ubuntu/ardb/data/rocksdb/MANIFEST-000001 succeeded,manifest_file_number is 1, next_file_number is 3, last_sequence is 0, log_number is 0,prev_log_number is 0,max_column_family is 0,min_log_number_to_keep is 0

[21555] 01-08 07:25:05,116 INFO [RocksDB][db/version_set.cc:3369] Column family [default] (ID 0), log number is 0

[21555] 01-08 07:25:05,119 INFO [RocksDB][db/db_impl_open.cc:1219] DB pointer 0x7faabb3be000
[21555] 01-08 07:25:05,119 INFO Ardb init engine:rocksdb success.
[21555] 01-08 07:25:05,122 INFO Ardb will accept connections on 0.0.0.0:16379
[21555] 01-08 07:25:05,122 INFO Ardb started with version 0.10.0
[21555] 01-08 07:25:06,123 INFO ========================Period Statistics Dump Begin===========================
[21555] 01-08 07:25:06,124 INFO slave_sync_total_commands_processed:0
[21555] 01-08 07:25:06,124 INFO slave_sync_instantaneous_ops_per_sec:0
[21555] 01-08 07:25:06,124 INFO total_commands_processed:0
[21555] 01-08 07:25:06,124 INFO instantaneous_ops_per_sec:0
[21555] 01-08 07:25:06,124 INFO total_connections_received:0
[21555] 01-08 07:25:06,124 INFO rejected_connections:0
[21555] 01-08 07:25:06,124 INFO ========================Period Statistics Dump End===========================
[21555] 01-08 07:25:16,902 INFO [RocksDB][db/version_set.cc:2847] Creating manifest 6

[21555] 01-08 07:25:16,907 INFO [RocksDB][db/column_family.cc:475] --------------- Options for column family [0]:

[21555] 01-08 07:25:16,907 INFO [RocksDB]              Options.comparator: ardb.comparator
[21555] 01-08 07:25:16,907 INFO [RocksDB]          Options.merge_operator: ardb.merger
[21555] 01-08 07:25:16,907 INFO [RocksDB]       Options.compaction_filter: None
[21555] 01-08 07:25:16,907 INFO [RocksDB]       Options.compaction_filter_factory: ardb.compact_filter_factory
[21555] 01-08 07:25:16,907 INFO [RocksDB]        Options.memtable_factory: SkipListFactory
[21555] 01-08 07:25:16,907 INFO [RocksDB]           Options.table_factory: BlockBasedTable
[21555] 01-08 07:25:16,907 INFO [RocksDB]           table_factory options:   flush_block_policy_factory: FlushBlockBySizePolicyFactory (0x7faabba08018)
  cache_index_and_filter_blocks: 0
  cache_index_and_filter_blocks_with_high_priority: 0
  pin_l0_filter_and_index_blocks_in_cache: 0
  index_type: 0
  hash_index_allow_collision: 1
  checksum: 1
  no_block_cache: 0
  block_cache: 0x7faabba81cf0
  block_cache_name: LRUCache
  block_cache_options:
    capacity : 536870912
    num_shard_bits : 6
    strict_capacity_limit : 0
    high_pri_pool_ratio: 0.000
  block_cache_compressed: (nil)
  persistent_cache: (nil)
  block_size: 4096
  block_size_deviation: 10
  block_restart_interval: 16
  index_block_restart_interval: 1
  metadata_block_size: 4096
  partition_filters: 0
  use_delta_encoding: 1
  filter_policy: rocksdb.BuiltinBloomFilter
  whole_key_filtering: 1
  verify_compression: 0
  read_amp_bytes_per_bit: 0
  format_version: 2
  enable_index_compression: 1
  block_align: 0

[21555] 01-08 07:25:16,907 INFO [RocksDB]       Options.write_buffer_size: 268435456
[21555] 01-08 07:25:16,907 INFO [RocksDB] Options.max_write_buffer_number: 6
[21555] 01-08 07:25:16,907 INFO [RocksDB]       Options.compression[0]: NoCompression
[21555] 01-08 07:25:16,907 INFO [RocksDB]       Options.compression[1]: NoCompression
[21555] 01-08 07:25:16,907 INFO [RocksDB]       Options.compression[2]: Snappy
[21555] 01-08 07:25:16,907 INFO [RocksDB]       Options.compression[3]: Snappy
[21555] 01-08 07:25:16,907 INFO [RocksDB]       Options.compression[4]: Snappy
[21555] 01-08 07:25:16,907 INFO [RocksDB]       Options.compression[5]: Snappy
[21555] 01-08 07:25:16,907 INFO [RocksDB]       Options.compression[6]: Snappy
[21555] 01-08 07:25:16,907 INFO [RocksDB]                 Options.bottommost_compression: Disabled
[21555] 01-08 07:25:16,907 INFO [RocksDB]      Options.prefix_extractor: ardb.prefix_extractor
[21555] 01-08 07:25:16,907 INFO [RocksDB]  Options.memtable_insert_with_hint_prefix_extractor: nullptr
[21555] 01-08 07:25:16,907 INFO [RocksDB]            Options.num_levels: 7
[21555] 01-08 07:25:16,907 INFO [RocksDB]       Options.min_write_buffer_number_to_merge: 2
[21555] 01-08 07:25:16,907 INFO [RocksDB]    Options.max_write_buffer_number_to_maintain: 0
[21555] 01-08 07:25:16,907 INFO [RocksDB]           Options.compression_opts.window_bits: -14
[21555] 01-08 07:25:16,907 INFO [RocksDB]                 Options.compression_opts.level: -1
[21555] 01-08 07:25:16,907 INFO [RocksDB]              Options.compression_opts.strategy: 0
[21555] 01-08 07:25:16,907 INFO [RocksDB]        Options.compression_opts.max_dict_bytes: 0
[21555] 01-08 07:25:16,907 INFO [RocksDB]        Options.compression_opts.zstd_max_train_bytes: 0
[21555] 01-08 07:25:16,907 INFO [RocksDB]     Options.level0_file_num_compaction_trigger: 2
[21555] 01-08 07:25:16,907 INFO [RocksDB]         Options.level0_slowdown_writes_trigger: 20
[21555] 01-08 07:25:16,907 INFO [RocksDB]             Options.level0_stop_writes_trigger: 36
[21555] 01-08 07:25:16,907 INFO [RocksDB]                  Options.target_file_size_base: 67108864
[21555] 01-08 07:25:16,907 INFO [RocksDB]            Options.target_file_size_multiplier: 1
[21555] 01-08 07:25:16,907 INFO [RocksDB]               Options.max_bytes_for_level_base: 536870912
[21555] 01-08 07:25:16,907 INFO [RocksDB]Options.level_compaction_dynamic_level_bytes: 0
[21555] 01-08 07:25:16,907 INFO [RocksDB]         Options.max_bytes_for_level_multiplier: 10.000000
[21555] 01-08 07:25:16,907 INFO [RocksDB]Options.max_bytes_for_level_multiplier_addtl[0]: 1
[21555] 01-08 07:25:16,907 INFO [RocksDB]Options.max_bytes_for_level_multiplier_addtl[1]: 1
[21555] 01-08 07:25:16,907 INFO [RocksDB]Options.max_bytes_for_level_multiplier_addtl[2]: 1
[21555] 01-08 07:25:16,907 INFO [RocksDB]Options.max_bytes_for_level_multiplier_addtl[3]: 1
[21555] 01-08 07:25:16,907 INFO [RocksDB]Options.max_bytes_for_level_multiplier_addtl[4]: 1
[21555] 01-08 07:25:16,907 INFO [RocksDB]Options.max_bytes_for_level_multiplier_addtl[5]: 1
[21555] 01-08 07:25:16,907 INFO [RocksDB]Options.max_bytes_for_level_multiplier_addtl[6]: 1
[21555] 01-08 07:25:16,907 INFO [RocksDB]      Options.max_sequential_skip_in_iterations: 8
[21555] 01-08 07:25:16,907 INFO [RocksDB]                   Options.max_compaction_bytes: 1677721600
[21555] 01-08 07:25:16,907 INFO [RocksDB]                       Options.arena_block_size: 33554432
[21555] 01-08 07:25:16,907 INFO [RocksDB]  Options.soft_pending_compaction_bytes_limit: 68719476736
[21555] 01-08 07:25:16,907 INFO [RocksDB]  Options.hard_pending_compaction_bytes_limit: 274877906944
[21555] 01-08 07:25:16,907 INFO [RocksDB]      Options.rate_limit_delay_max_milliseconds: 100
[21555] 01-08 07:25:16,907 INFO [RocksDB]               Options.disable_auto_compactions: 0
[21555] 01-08 07:25:16,907 INFO [RocksDB]                       Options.compaction_style: kCompactionStyleLevel
[21555] 01-08 07:25:16,907 INFO [RocksDB]                         Options.compaction_pri: kByCompensatedSize
[21555] 01-08 07:25:16,907 INFO [RocksDB]Options.compaction_options_universal.size_ratio: 1
[21555] 01-08 07:25:16,907 INFO [RocksDB]Options.compaction_options_universal.min_merge_width: 2
[21555] 01-08 07:25:16,907 INFO [RocksDB]Options.compaction_options_universal.max_merge_width: 4294967295
[21555] 01-08 07:25:16,907 INFO [RocksDB]Options.compaction_options_universal.max_size_amplification_percent: 200
[21555] 01-08 07:25:16,907 INFO [RocksDB]Options.compaction_options_universal.compression_size_percent: -1
[21555] 01-08 07:25:16,907 INFO [RocksDB]Options.compaction_options_universal.stop_style: kCompactionStopStyleTotalSize
[21555] 01-08 07:25:16,907 INFO [RocksDB]Options.compaction_options_fifo.max_table_files_size: 1073741824
[21555] 01-08 07:25:16,907 INFO [RocksDB]Options.compaction_options_fifo.allow_compaction: 0
[21555] 01-08 07:25:16,907 INFO [RocksDB]Options.compaction_options_fifo.ttl: 0
[21555] 01-08 07:25:16,907 INFO [RocksDB]                  Options.table_properties_collectors: 
[21555] 01-08 07:25:16,907 INFO [RocksDB]                  Options.inplace_update_support: 0
[21555] 01-08 07:25:16,907 INFO [RocksDB]                Options.inplace_update_num_locks: 10000
[21555] 01-08 07:25:16,907 INFO [RocksDB]              Options.memtable_prefix_bloom_size_ratio: 0.000000
[21555] 01-08 07:25:16,907 INFO [RocksDB]  Options.memtable_huge_page_size: 0
[21555] 01-08 07:25:16,907 INFO [RocksDB]                          Options.bloom_locality: 0
[21555] 01-08 07:25:16,907 INFO [RocksDB]                   Options.max_successive_merges: 0
[21555] 01-08 07:25:16,907 INFO [RocksDB]               Options.optimize_filters_for_hits: 0
[21555] 01-08 07:25:16,907 INFO [RocksDB]               Options.paranoid_file_checks: 0
[21555] 01-08 07:25:16,907 INFO [RocksDB]               Options.force_consistency_checks: 0
[21555] 01-08 07:25:16,907 INFO [RocksDB]               Options.report_bg_io_stats: 0
[21555] 01-08 07:25:16,907 INFO [RocksDB]                              Options.ttl: 0
[21555] 01-08 07:25:16,907 INFO [RocksDB][db/db_impl.cc:1396] Created column family [0] (ID 1)
[21555] 01-08 07:25:16,910 INFO Create ColumnFamilyHandle with name:0 success.
[21555] 01-08 07:25:24,462 INFO [RocksDB][db/db_impl_write.cc:1373] [0] New memtable created with log file: #9. Immutable memtables: 0.

[21555] 01-08 07:25:32,724 INFO [RocksDB][db/db_impl_write.cc:1373] [0] New memtable created with log file: #10. Immutable memtables: 1.

[21555] 01-08 07:25:32,724 INFO [RocksDB][db/db_impl_compaction_flush.cc:80] [JOB 2] Syncing log #3
[21555] 01-08 07:25:33,222 INFO [RocksDB][db/db_impl_compaction_flush.cc:80] [JOB 2] Syncing log #9
[21555] 01-08 07:25:34,680 INFO [RocksDB](Original Log Time 2020/01/08-07:25:32.724715) [db/db_impl_compaction_flush.cc:1424] Calling FlushMemTableToOutputFile with column family [0], flush slots available 4, compaction slots available 1, flush slots scheduled 1, compaction slots scheduled 0
[21555] 01-08 07:25:34,680 INFO [RocksDB][db/flush_job.cc:301] [0] [JOB 2] Flushing memtable with next log file: 9

[21555] 01-08 07:25:34,680 INFO [RocksDB][db/flush_job.cc:301] [0] [JOB 2] Flushing memtable with next log file: 10

[21555] 01-08 07:25:34,680 INFO [RocksDB]EVENT_LOG_v1 {"time_micros": 1578468334680445, "job": 2, "event": "flush_started", "num_memtables": 2, "num_entries": 3328201, "num_deletes": 0, "memory_usage": 520099752, "flush_reason": "Write Buffer Full"}
[21555] 01-08 07:25:34,680 INFO [RocksDB][db/flush_job.cc:331] [0] [JOB 2] Level-0 flush table #11: started
[21555] 01-08 07:25:40,903 INFO [RocksDB]EVENT_LOG_v1 {"time_micros": 1578468340903588, "cf_name": "0", "job": 2, "event": "table_file_creation", "file_number": 11, "file_size": 323624615, "table_properties": {"data_size": 314433477, "index_size": 4218158, "filter_size": 4971938, "raw_key_size": 130974201, "raw_average_key_size": 42, "raw_value_size": 251876072, "raw_average_value_size": 81, "num_data_blocks": 78342, "num_entries": 3090482, "filter_policy_name": "rocksdb.BuiltinBloomFilter", "kDeletedKeys": "0", "kMergeOperands": "0"}}
[21555] 01-08 07:25:40,903 INFO [RocksDB][db/flush_job.cc:371] [0] [JOB 2] Level-0 flush table #11: 323624615 bytes OK
[21555] 01-08 07:25:40,905 INFO [RocksDB](Original Log Time 2020/01/08-07:25:40.904680) [db/memtable_list.cc:377] [0] Level-0 commit table #11 started
[21555] 01-08 07:25:40,905 INFO [RocksDB](Original Log Time 2020/01/08-07:25:40.905905) [db/memtable_list.cc:409] [0] Level-0 commit table #11: memtable #1 done
[21555] 01-08 07:25:40,905 INFO [RocksDB](Original Log Time 2020/01/08-07:25:40.905910) [db/memtable_list.cc:409] [0] Level-0 commit table #11: memtable #2 done
[21555] 01-08 07:25:40,905 INFO [RocksDB](Original Log Time 2020/01/08-07:25:40.905920) EVENT_LOG_v1 {"time_micros": 1578468340905914, "job": 2, "event": "flush_finished", "output_compression": "NoCompression", "lsm_state": [1, 0, 0, 0, 0, 0, 0], "immutable_memtables": 0}
[21555] 01-08 07:25:40,905 INFO [RocksDB](Original Log Time 2020/01/08-07:25:40.905943) [db/db_impl_compaction_flush.cc:177] [0] Level summary: base level 1 max bytes base 536870912 files[1 0 0 0 0 0 0] max score 0.60

[21555] 01-08 07:25:40,906 INFO [RocksDB][db/db_impl_files.cc:342] [JOB 2] Try to delete WAL files size 392993183, prev total WAL file size 566271018, number of live WAL files 3.

[21555] 01-08 07:25:41,789 INFO [RocksDB][db/db_impl_write.cc:1373] [0] New memtable created with log file: #12. Immutable memtables: 0.

[21555] 01-08 07:25:50,656 INFO [RocksDB][db/db_impl_write.cc:1373] [0] New memtable created with log file: #13. Immutable memtables: 1.

[21555] 01-08 07:25:50,656 INFO [RocksDB][db/db_impl_compaction_flush.cc:80] [JOB 3] Syncing log #10
[21555] 01-08 07:25:51,114 INFO [RocksDB][db/db_impl_compaction_flush.cc:80] [JOB 3] Syncing log #12
[21555] 01-08 07:25:53,208 INFO [RocksDB](Original Log Time 2020/01/08-07:25:50.656364) [db/db_impl_compaction_flush.cc:1424] Calling FlushMemTableToOutputFile with column family [0], flush slots available 4, compaction slots available 1, flush slots scheduled 1, compaction slots scheduled 0
[21555] 01-08 07:25:53,208 INFO [RocksDB][db/flush_job.cc:301] [0] [JOB 3] Flushing memtable with next log file: 12

[21555] 01-08 07:25:53,208 INFO [RocksDB][db/flush_job.cc:301] [0] [JOB 3] Flushing memtable with next log file: 13

[21555] 01-08 07:25:53,208 INFO [RocksDB]EVENT_LOG_v1 {"time_micros": 1578468353208481, "job": 3, "event": "flush_started", "num_memtables": 2, "num_entries": 3282060, "num_deletes": 0, "memory_usage": 520101264, "flush_reason": "Write Buffer Full"}
[21555] 01-08 07:25:53,208 INFO [RocksDB][db/flush_job.cc:331] [0] [JOB 3] Level-0 flush table #14: started
[21555] 01-08 07:25:59,370 INFO [RocksDB]EVENT_LOG_v1 {"time_micros": 1578468359370909, "cf_name": "0", "job": 3, "event": "table_file_creation", "file_number": 14, "file_size": 319076132, "table_properties": {"data_size": 310012956, "index_size": 4159356, "filter_size": 4902778, "raw_key_size": 129156030, "raw_average_key_size": 42, "raw_value_size": 248380564, "raw_average_value_size": 81, "num_data_blocks": 77243, "num_entries": 3047625, "filter_policy_name": "rocksdb.BuiltinBloomFilter", "kDeletedKeys": "0", "kMergeOperands": "0"}}
[21555] 01-08 07:25:59,370 INFO [RocksDB][db/flush_job.cc:371] [0] [JOB 3] Level-0 flush table #14: 319076132 bytes OK
[21555] 01-08 07:25:59,373 INFO [RocksDB](Original Log Time 2020/01/08-07:25:59.372019) [db/memtable_list.cc:377] [0] Level-0 commit table #14 started
[21555] 01-08 07:25:59,373 INFO [RocksDB](Original Log Time 2020/01/08-07:25:59.373709) [db/memtable_list.cc:409] [0] Level-0 commit table #14: memtable #1 done
[21555] 01-08 07:25:59,373 INFO [RocksDB](Original Log Time 2020/01/08-07:25:59.373710) [db/memtable_list.cc:409] [0] Level-0 commit table #14: memtable #2 done
[21555] 01-08 07:25:59,373 INFO [RocksDB](Original Log Time 2020/01/08-07:25:59.373719) EVENT_LOG_v1 {"time_micros": 1578468359373714, "job": 3, "event": "flush_finished", "output_compression": "NoCompression", "lsm_state": [2, 0, 0, 0, 0, 0, 0], "immutable_memtables": 0}
[21555] 01-08 07:25:59,373 INFO [RocksDB](Original Log Time 2020/01/08-07:25:59.373745) [db/db_impl_compaction_flush.cc:177] [0] Level summary: base level 1 max bytes base 536870912 files[2 0 0 0 0 0 0] max score 1.20

[21555] 01-08 07:25:59,373 INFO [RocksDB][db/db_impl_files.cc:342] [JOB 3] Try to delete WAL files size 387613975, prev total WAL file size 518871273, number of live WAL files 3.

[21555] 01-08 07:25:59,373 WARN [RocksDB][db/db_impl.cc:491] ------- DUMPING STATS -------
[21555] 01-08 07:25:59,374 WARN [RocksDB][db/db_impl.cc:492] 
** DB Stats **
Uptime(secs): 54.3 total, 54.3 interval
Cumulative writes: 1103K writes, 7721K keys, 1102K commit groups, 1.0 writes per commit group, ingest: 0.85 GB, 16.03 MB/s
Cumulative WAL: 1103K writes, 0 syncs, 1103089.00 writes per sync, written: 0.85 GB, 16.03 MB/s
Cumulative stall: 00:00:0.000 H:M:S, 0.0 percent
Interval writes: 1103K writes, 7721K keys, 1102K commit groups, 1.0 writes per commit group, ingest: 869.62 MB, 16.03 MB/s
Interval WAL: 1103K writes, 0 syncs, 1103089.00 writes per sync, written: 0.85 MB, 16.03 MB/s
Interval stall: 00:00:0.000 H:M:S, 0.0 percent

** Compaction Stats [default] **
Level    Files   Size     Score Read(GB)  Rn(GB) Rnp1(GB) Write(GB) Wnew(GB) Moved(GB) W-Amp Rd(MB/s) Wr(MB/s) Comp(sec) Comp(cnt) Avg(sec) KeyIn KeyDrop
----------------------------------------------------------------------------------------------------------------------------------------------------------
 Sum      0/0    0.00 KB   0.0      0.0     0.0      0.0       0.0     
[21555] 01-08 07:25:59,374 INFO [RocksDB][db/compaction_job.cc:1531] [0] [JOB 4] Compacting 2@0 files to L1, score 1.20
[21555] 01-08 07:25:59,374 INFO [RocksDB][db/compaction_job.cc:1535] [0] Compaction start summary: Base version 4 Base level 0, inputs: [14(304MB) 11(308MB)]

[21555] 01-08 07:25:59,374 INFO [RocksDB]EVENT_LOG_v1 {"time_micros": 1578468359374108, "job": 4, "event": "compaction_started", "compaction_reason": "LevelL0FilesNum", "files_L0": [14, 11], "score": 1.19712, "input_data_size": 642700747}
[21555] 01-08 07:26:00,756 INFO [RocksDB][db/compaction_job.cc:1211] [0] [JOB 4] Generated table #15: 1177578 keys, 69758963 bytes
[21555] 01-08 07:26:00,756 INFO [RocksDB]EVENT_LOG_v1 {"time_micros": 1578468360756073, "cf_name": "0", "job": 4, "event": "table_file_creation", "file_number": 15, "file_size": 69758963, "table_properties": {"data_size": 67110107, "index_size": 974781, "filter_size": 1673044, "raw_key_size": 55994389, "raw_average_key_size": 47, "raw_value_size": 29006411, "raw_average_value_size": 24, "num_data_blocks": 16603, "num_entries": 1177578, "filter_policy_name": "rocksdb.BuiltinBloomFilter", "kDeletedKeys": "0", "kMergeOperands": "0"}}
[21555] 01-08 07:26:02,142 INFO [RocksDB][db/compaction_job.cc:1211] [0] [JOB 4] Generated table #16: 597495 keys, 68987477 bytes
[21555] 01-08 07:26:02,142 INFO [RocksDB]EVENT_LOG_v1 {"time_micros": 1578468362142863, "cf_name": "0", "job": 4, "event": "table_file_creation", "file_number": 16, "file_size": 68987477, "table_properties": {"data_size": 67109795, "index_size": 888780, "filter_size": 987871, "raw_key_size": 24594928, "raw_average_key_size": 41, "raw_value_size": 56761998, "raw_average_value_size": 94, "num_data_blocks": 16740, "num_entries": 597495, "filter_policy_name": "rocksdb.BuiltinBloomFilter", "kDeletedKeys": "0", "kMergeOperands": "0"}}
[21555] 01-08 07:26:03,445 INFO [RocksDB][db/compaction_job.cc:1211] [0] [JOB 4] Generated table #17: 597504 keys, 68988462 bytes
[21555] 01-08 07:26:03,445 INFO [RocksDB]EVENT_LOG_v1 {"time_micros": 1578468363445061, "cf_name": "0", "job": 4, "event": "table_file_creation", "file_number": 17, "file_size": 68988462, "table_properties": {"data_size": 67110920, "index_size": 888629, "filter_size": 987882, "raw_key_size": 24593901, "raw_average_key_size": 41, "raw_value_size": 56762835, "raw_average_value_size": 94, "num_data_blocks": 16740, "num_entries": 597504, "filter_policy_name": "rocksdb.BuiltinBloomFilter", "kDeletedKeys": "0", "kMergeOperands": "0"}}
[21555] 01-08 07:26:04,727 INFO [RocksDB][db/db_impl_write.cc:1373] [0] New memtable created with log file: #19. Immutable memtables: 0.

[21555] 01-08 07:26:04,746 INFO [RocksDB][db/compaction_job.cc:1211] [0] [JOB 4] Generated table #18: 597495 keys, 68988130 bytes
[21555] 01-08 07:26:04,746 INFO [RocksDB]EVENT_LOG_v1 {"time_micros": 1578468364746716, "cf_name": "0", "job": 4, "event": "table_file_creation", "file_number": 18, "file_size": 68988130, "table_properties": {"data_size": 67110540, "index_size": 888699, "filter_size": 987860, "raw_key_size": 24592956, "raw_average_key_size": 41, "raw_value_size": 56762097, "raw_average_value_size": 95, "num_data_blocks": 16739, "num_entries": 597495, "filter_policy_name": "rocksdb.BuiltinBloomFilter", "kDeletedKeys": "0", "kMergeOperands": "0"}}
[21555] 01-08 07:26:06,048 INFO [RocksDB][db/compaction_job.cc:1211] [0] [JOB 4] Generated table #20: 597493 keys, 68987361 bytes
[21555] 01-08 07:26:06,048 INFO [RocksDB]EVENT_LOG_v1 {"time_micros": 1578468366048686, "cf_name": "0", "job": 4, "event": "table_file_creation", "file_number": 20, "file_size": 68987361, "table_properties": {"data_size": 67109703, "index_size": 888758, "filter_size": 987869, "raw_key_size": 24593887, "raw_average_key_size": 41, "raw_value_size": 56761790, "raw_average_value_size": 94, "num_data_blocks": 16740, "num_entries": 597493, "filter_policy_name": "rocksdb.BuiltinBloomFilter", "kDeletedKeys": "0", "kMergeOperands": "0"}}
[21555] 01-08 07:26:07,358 INFO [RocksDB][db/compaction_job.cc:1211] [0] [JOB 4] Generated table #21: 597533 keys, 68989117 bytes
[21555] 01-08 07:26:07,358 INFO [RocksDB]EVENT_LOG_v1 {"time_micros": 1578468367358095, "cf_name": "0", "job": 4, "event": "table_file_creation", "file_number": 21, "file_size": 68989117, "table_properties": {"data_size": 67111880, "index_size": 888278, "filter_size": 987928, "raw_key_size": 24595690, "raw_average_key_size": 41, "raw_value_size": 56765653, "raw_average_value_size": 95, "num_data_blocks": 16741, "num_entries": 597533, "filter_policy_name": "rocksdb.BuiltinBloomFilter", "kDeletedKeys": "0", "kMergeOperands": "0"}}
[21555] 01-08 07:26:08,666 INFO [RocksDB][db/compaction_job.cc:1211] [0] [JOB 4] Generated table #22: 597523 keys, 68990607 bytes
[21555] 01-08 07:26:08,666 INFO [RocksDB]EVENT_LOG_v1 {"time_micros": 1578468368666732, "cf_name": "0", "job": 4, "event": "table_file_creation", "file_number": 22, "file_size": 68990607, "table_properties": {"data_size": 67112995, "index_size": 888674, "filter_size": 987907, "raw_key_size": 24595204, "raw_average_key_size": 41, "raw_value_size": 56764712, "raw_average_value_size": 95, "num_data_blocks": 16740, "num_entries": 597523, "filter_policy_name": "rocksdb.BuiltinBloomFilter", "kDeletedKeys": "0", "kMergeOperands": "0"}}
[21555] 01-08 07:26:10,048 INFO [RocksDB][db/compaction_job.cc:1211] [0] [JOB 4] Generated table #23: 597506 keys, 68987332 bytes
[21555] 01-08 07:26:10,048 INFO [RocksDB]EVENT_LOG_v1 {"time_micros": 1578468370048311, "cf_name": "0", "job": 4, "event": "table_file_creation", "file_number": 23, "file_size": 68987332, "table_properties": {"data_size": 67109826, "index_size": 888600, "filter_size": 987875, "raw_key_size": 24594634, "raw_average_key_size": 41, "raw_value_size": 56763043, "raw_average_value_size": 94, "num_data_blocks": 16739, "num_entries": 597506, "filter_policy_name": "rocksdb.BuiltinBloomFilter", "kDeletedKeys": "0", "kMergeOperands": "0"}}
[21555] 01-08 07:26:11,348 INFO [RocksDB][db/compaction_job.cc:1211] [0] [JOB 4] Generated table #24: 597523 keys, 68990682 bytes
[21555] 01-08 07:26:11,348 INFO [RocksDB]EVENT_LOG_v1 {"time_micros": 1578468371348858, "cf_name": "0", "job": 4, "event": "table_file_creation", "file_number": 24, "file_size": 68990682, "table_properties": {"data_size": 67112909, "index_size": 888826, "filter_size": 987916, "raw_key_size": 24595759, "raw_average_key_size": 41, "raw_value_size": 56764712, "raw_average_value_size": 95, "num_data_blocks": 16741, "num_entries": 597523, "filter_policy_name": "rocksdb.BuiltinBloomFilter", "kDeletedKeys": "0", "kMergeOperands": "0"}}
[21555] 01-08 07:26:11,747 INFO [RocksDB][db/compaction_job.cc:1211] [0] [JOB 4] Generated table #25: 180456 keys, 20829616 bytes
[21555] 01-08 07:26:11,747 INFO [RocksDB]EVENT_LOG_v1 {"time_micros": 1578468371747221, "cf_name": "0", "job": 4, "event": "table_file_creation", "file_number": 25, "file_size": 20829616, "table_properties": {"data_size": 20263688, "index_size": 266567, "filter_size": 298331, "raw_key_size": 7378864, "raw_average_key_size": 40, "raw_value_size": 17143329, "raw_average_value_size": 95, "num_data_blocks": 5054, "num_entries": 180456, "filter_policy_name": "rocksdb.BuiltinBloomFilter", "kDeletedKeys": "0", "kMergeOperands": "0"}}
[21555] 01-08 07:26:11,748 INFO [RocksDB][db/compaction_job.cc:1287] [0] [JOB 4] Compacted 2@0 files to L1 => 642497747 bytes
[21555] 01-08 07:26:11,749 INFO [RocksDB](Original Log Time 2020/01/08-07:26:11.749570) [db/compaction_job.cc:685] [0] compacted to: base level 1 max bytes base 536870912 files[0 10 0 0 0 0 0] max score 1.20, MB/sec: 51.9 rd, 51.9 wr, level 1, files in(2, 0) out(10) MB in(612.9, 0.0) out(612.7), read-write-amplify(2.0) write-amplify(1.0) OK, records in: 6138107, records dropped: 1 output_compression: NoCompression

[21555] 01-08 07:26:11,749 INFO [RocksDB](Original Log Time 2020/01/08-07:26:11.749583) EVENT_LOG_v1 {"time_micros": 1578468371749578, "job": 4, "event": "compaction_finished", "compaction_time_micros": 12374142, "output_level": 1, "num_output_files": 10, "total_output_size": 642497747, "num_input_records": 6138107, "num_output_records": 6138106, "num_subcompactions": 1, "output_compression": "NoCompression", "num_single_delete_mismatches": 0, "num_single_delete_fallthrough": 0, "lsm_state": [0, 10, 0, 0, 0, 0, 0]}
[21555] 01-08 07:26:11,778 INFO [RocksDB]EVENT_LOG_v1 {"time_micros": 1578468371778662, "job": 4, "event": "table_file_deletion", "file_number": 14}
[21555] 01-08 07:26:11,808 INFO [RocksDB]EVENT_LOG_v1 {"time_micros": 1578468371808273, "job": 4, "event": "table_file_deletion", "file_number": 11}
[21555] 01-08 07:26:11,808 INFO [RocksDB][db/compaction_job.cc:1531] [0] [JOB 5] Compacting 1@1 files to L2, score 1.20
[21555] 01-08 07:26:11,808 INFO [RocksDB][db/compaction_job.cc:1535] [0] Compaction start summary: Base version 5 Base level 1, inputs: [15(66MB)]

[21555] 01-08 07:26:11,808 INFO [RocksDB]EVENT_LOG_v1 {"time_micros": 1578468371808323, "job": 5, "event": "compaction_started", "compaction_reason": "LevelMaxLevelSize", "files_L1": [15], "score": 1.19675, "input_data_size": 69758963}
[21555] 01-08 07:26:13,569 INFO [RocksDB][db/compaction_job.cc:1211] [0] [JOB 5] Generated table #26: 1177578 keys, 54758769 bytes
[21555] 01-08 07:26:13,569 INFO [RocksDB]EVENT_LOG_v1 {"time_micros": 1578468373569191, "cf_name": "0", "job": 5, "event": "table_file_creation", "file_number": 26, "file_size": 54758769, "table_properties": {"data_size": 52582717, "index_size": 974477, "filter_size": 1644672, "raw_key_size": 55994389, "raw_average_key_size": 47, "raw_value_size": 29006411, "raw_average_value_size": 24, "num_data_blocks": 16603, "num_entries": 1177578, "filter_policy_name": "rocksdb.BuiltinBloomFilter", "kDeletedKeys": "0", "kMergeOperands": "0"}}
[21555] 01-08 07:26:13,570 INFO [RocksDB][db/compaction_job.cc:1287] [0] [JOB 5] Compacted 1@1 files to L2 => 54758769 bytes
[21555] 01-08 07:26:13,571 INFO [RocksDB](Original Log Time 2020/01/08-07:26:13.571695) [db/compaction_job.cc:685] [0] compacted to: base level 1 max bytes base 536870912 files[0 9 1 0 0 0 0] max score 1.07, MB/sec: 39.6 rd, 31.1 wr, level 2, files in(1, 0) out(1) MB in(66.5, 0.0) out(52.2), read-write-amplify(1.8) write-amplify(0.8) OK, records in: 1177578, records dropped: 0 output_compression: Snappy

[21555] 01-08 07:26:13,571 INFO [RocksDB](Original Log Time 2020/01/08-07:26:13.571720) EVENT_LOG_v1 {"time_micros": 1578468373571703, "job": 5, "event": "compaction_finished", "compaction_time_micros": 1761897, "output_level": 2, "num_output_files": 1, "total_output_size": 54758769, "num_input_records": 1177578, "num_output_records": 1177578, "num_subcompactions": 1, "output_compression": "Snappy", "num_single_delete_mismatches": 0, "num_single_delete_fallthrough": 0, "lsm_state": [0, 9, 1, 0, 0, 0, 0]}
[21555] 01-08 07:26:13,578 INFO [RocksDB]EVENT_LOG_v1 {"time_micros": 1578468373578914, "job": 5, "event": "table_file_deletion", "file_number": 15}
[21555] 01-08 07:26:13,578 INFO [RocksDB][db/compaction_job.cc:1531] [0] [JOB 6] Compacting 1@1 files to L2, score 1.07
[21555] 01-08 07:26:13,578 INFO [RocksDB][db/compaction_job.cc:1535] [0] Compaction start summary: Base version 6 Base level 1, inputs: [24(65MB)]

[21555] 01-08 07:26:13,578 INFO [RocksDB]EVENT_LOG_v1 {"time_micros": 1578468373578963, "job": 6, "event": "compaction_started", "compaction_reason": "LevelMaxLevelSize", "files_L1": [24], "score": 1.06681, "input_data_size": 68990682}
[21555] 01-08 07:26:14,882 INFO [RocksDB][db/compaction_job.cc:1211] [0] [JOB 6] Generated table #27: 597523 keys, 68589130 bytes
[21555] 01-08 07:26:14,882 INFO [RocksDB]EVENT_LOG_v1 {"time_micros": 1578468374882054, "cf_name": "0", "job": 6, "event": "table_file_creation", "file_number": 27, "file_size": 68589130, "table_properties": {"data_size": 67112909, "index_size": 888826, "filter_size": 987916, "raw_key_size": 24595759, "raw_average_key_size": 41, "raw_value_size": 56764712, "raw_average_value_size": 95, "num_data_blocks": 16741, "num_entries": 597523, "filter_policy_name": "rocksdb.BuiltinBloomFilter", "kDeletedKeys": "0", "kMergeOperands": "0"}}
[21555] 01-08 07:26:14,883 INFO [RocksDB][db/compaction_job.cc:1287] [0] [JOB 6] Compacted 1@1 files to L2 => 68589130 bytes
[21555] 01-08 07:26:14,884 INFO [RocksDB](Original Log Time 2020/01/08-07:26:14.884460) [db/compaction_job.cc:685] [0] compacted to: base level 1 max bytes base 536870912 files[0 8 2 0 0 0 0] max score 0.94, MB/sec: 52.9 rd, 52.6 wr, level 2, files in(1, 0) out(1) MB in(65.8, 0.0) out(65.4), read-write-amplify(2.0) write-amplify(1.0) OK, records in: 597523, records dropped: 0 output_compression: Snappy

[21555] 01-08 07:26:14,884 INFO [RocksDB](Original Log Time 2020/01/08-07:26:14.884474) EVENT_LOG_v1 {"time_micros": 1578468374884468, "job": 6, "event": "compaction_finished", "compaction_time_micros": 1304183, "output_level": 2, "num_output_files": 1, "total_output_size": 68589130, "num_input_records": 597523, "num_output_records": 597523, "num_subcompactions": 1, "output_compression": "Snappy", "num_single_delete_mismatches": 0, "num_single_delete_fallthrough": 0, "lsm_state": [0, 8, 2, 0, 0, 0, 0]}
[21555] 01-08 07:26:14,890 INFO [RocksDB]EVENT_LOG_v1 {"time_micros": 1578468374890689, "job": 6, "event": "table_file_deletion", "file_number": 24}
[21555] 01-08 07:26:20,138 INFO [RocksDB][db/db_impl_write.cc:1373] [0] New memtable created with log file: #28. Immutable memtables: 1.

[21555] 01-08 07:26:20,139 INFO [RocksDB][db/db_impl_compaction_flush.cc:80] [JOB 7] Syncing log #13
[21555] 01-08 07:26:20,733 INFO [RocksDB][db/db_impl_compaction_flush.cc:80] [JOB 7] Syncing log #19
[21555] 01-08 07:26:22,717 INFO [RocksDB](Original Log Time 2020/01/08-07:26:20.139043) [db/db_impl_compaction_flush.cc:1424] Calling FlushMemTableToOutputFile with column family [0], flush slots available 4, compaction slots available 1, flush slots scheduled 1, compaction slots scheduled 0
[21555] 01-08 07:26:22,717 INFO [RocksDB][db/flush_job.cc:301] [0] [JOB 7] Flushing memtable with next log file: 19

[21555] 01-08 07:26:22,717 INFO [RocksDB][db/flush_job.cc:301] [0] [JOB 7] Flushing memtable with next log file: 28

[21555] 01-08 07:26:22,717 INFO [RocksDB]EVENT_LOG_v1 {"time_micros": 1578468382717611, "job": 7, "event": "flush_started", "num_memtables": 2, "num_entries": 3575468, "num_deletes": 0, "memory_usage": 520099504, "flush_reason": "Write Buffer Full"}
[21555] 01-08 07:26:22,717 INFO [RocksDB][db/flush_job.cc:331] [0] [JOB 7] Level-0 flush table #29: started
[21555] 01-08 07:26:29,370 INFO [RocksDB]EVENT_LOG_v1 {"time_micros": 1578468389370184, "cf_name": "0", "job": 7, "event": "table_file_creation", "file_number": 29, "file_size": 347649551, "table_properties": {"data_size": 337771631, "index_size": 4535703, "filter_size": 5341174, "raw_key_size": 140706441, "raw_average_key_size": 42, "raw_value_size": 270586981, "raw_average_value_size": 81, "num_data_blocks": 84160, "num_entries": 3320080, "filter_policy_name": "rocksdb.BuiltinBloomFilter", "kDeletedKeys": "0", "kMergeOperands": "0"}}
[21555] 01-08 07:26:29,370 INFO [RocksDB][db/flush_job.cc:371] [0] [JOB 7] Level-0 flush table #29: 347649551 bytes OK
[21555] 01-08 07:26:29,372 INFO [RocksDB](Original Log Time 2020/01/08-07:26:29.371201) [db/memtable_list.cc:377] [0] Level-0 commit table #29 started
[21555] 01-08 07:26:29,372 INFO [RocksDB](Original Log Time 2020/01/08-07:26:29.372467) [db/memtable_list.cc:409] [0] Level-0 commit table #29: memtable #1 done
[21555] 01-08 07:26:29,372 INFO [RocksDB](Original Log Time 2020/01/08-07:26:29.372468) [db/memtable_list.cc:409] [0] Level-0 commit table #29: memtable #2 done
[21555] 01-08 07:26:29,372 INFO [RocksDB](Original Log Time 2020/01/08-07:26:29.372477) EVENT_LOG_v1 {"time_micros": 1578468389372472, "job": 7, "event": "flush_finished", "output_compression": "NoCompression", "lsm_state": [1, 8, 2, 0, 0, 0, 0], "immutable_memtables": 0}
[21555] 01-08 07:26:29,372 INFO [RocksDB](Original Log Time 2020/01/08-07:26:29.372498) [db/db_impl_compaction_flush.cc:177] [0] Level summary: base level 1 max bytes base 536870912 files[1 8 2 0 0 0 0] max score 0.94

[21555] 01-08 07:26:29,372 INFO [RocksDB][db/db_impl_files.cc:342] [JOB 7] Try to delete WAL files size 422274710, prev total WAL file size 539737149, number of live WAL files 3.

[21555] 01-08 07:26:35,777 INFO [RocksDB][db/db_impl_write.cc:1373] [0] New memtable created with log file: #30. Immutable memtables: 0.

[21555] 01-08 07:26:51,943 INFO [RocksDB][db/db_impl_write.cc:1373] [0] New memtable created with log file: #31. Immutable memtables: 1.

[21555] 01-08 07:26:51,943 INFO [RocksDB][db/db_impl_compaction_flush.cc:80] [JOB 8] Syncing log #28
[21555] 01-08 07:26:52,676 INFO [RocksDB][db/db_impl_compaction_flush.cc:80] [JOB 8] Syncing log #30
[21555] 01-08 07:26:54,262 INFO [RocksDB](Original Log Time 2020/01/08-07:26:51.943786) [db/db_impl_compaction_flush.cc:1424] Calling FlushMemTableToOutputFile with column family [0], flush slots available 4, compaction slots available 1, flush slots scheduled 1, compaction slots scheduled 0
[21555] 01-08 07:26:54,262 INFO [RocksDB][db/flush_job.cc:301] [0] [JOB 8] Flushing memtable with next log file: 30

[21555] 01-08 07:26:54,262 INFO [RocksDB][db/flush_job.cc:301] [0] [JOB 8] Flushing memtable with next log file: 31

[21555] 01-08 07:26:54,262 INFO [RocksDB]EVENT_LOG_v1 {"time_micros": 1578468414262328, "job": 8, "event": "flush_started", "num_memtables": 2, "num_entries": 3575603, "num_deletes": 0, "memory_usage": 520098816, "flush_reason": "Write Buffer Full"}
[21555] 01-08 07:26:54,262 INFO [RocksDB][db/flush_job.cc:331] [0] [JOB 8] Level-0 flush table #32: started
[21555] 01-08 07:27:00,996 INFO [RocksDB]EVENT_LOG_v1 {"time_micros": 1578468420996700, "cf_name": "0", "job": 8, "event": "table_file_creation", "file_number": 32, "file_size": 347651778, "table_properties": {"data_size": 337772147, "index_size": 4537265, "filter_size": 5341323, "raw_key_size": 140709532, "raw_average_key_size": 42, "raw_value_size": 270595904, "raw_average_value_size": 81, "num_data_blocks": 84161, "num_entries": 3320203, "filter_policy_name": "rocksdb.BuiltinBloomFilter", "kDeletedKeys": "0", "kMergeOperands": "0"}}
[21555] 01-08 07:27:00,996 INFO [RocksDB][db/flush_job.cc:371] [0] [JOB 8] Level-0 flush table #32: 347651778 bytes OK
[21555] 01-08 07:27:00,999 INFO [RocksDB](Original Log Time 2020/01/08-07:27:00.997721) [db/memtable_list.cc:377] [0] Level-0 commit table #32 started
[21555] 01-08 07:27:00,999 INFO [RocksDB](Original Log Time 2020/01/08-07:27:00.999155) [db/memtable_list.cc:409] [0] Level-0 commit table #32: memtable #1 done
[21555] 01-08 07:27:00,999 INFO [RocksDB](Original Log Time 2020/01/08-07:27:00.999156) [db/memtable_list.cc:409] [0] Level-0 commit table #32: memtable #2 done
[21555] 01-08 07:27:00,999 INFO [RocksDB](Original Log Time 2020/01/08-07:27:00.999168) EVENT_LOG_v1 {"time_micros": 1578468420999162, "job": 8, "event": "flush_finished", "output_compression": "NoCompression", "lsm_state": [2, 8, 2, 0, 0, 0, 0], "immutable_memtables": 0}
[21555] 01-08 07:27:00,999 INFO [RocksDB](Original Log Time 2020/01/08-07:27:00.999201) [db/db_impl_compaction_flush.cc:177] [0] Level summary: base level 1 max bytes base 536870912 files[2 8 2 0 0 0 0] max score 1.30

[21555] 01-08 07:27:00,999 INFO [RocksDB][db/db_impl_files.cc:342] [JOB 8] Try to delete WAL files size 422287636, prev total WAL file size 450473429, number of live WAL files 3.

[21555] 01-08 07:27:00,999 INFO [RocksDB][db/compaction_job.cc:1531] [0] [JOB 9] Compacting 2@0 + 8@1 files to L1, score 1.30
[21555] 01-08 07:27:00,999 INFO [RocksDB][db/compaction_job.cc:1535] [0] Compaction start summary: Base version 9 Base level 0, inputs: [32(331MB) 29(331MB)], [16(65MB) 17(65MB) 18(65MB) 20(65MB) 21(65MB) 22(65MB) 23(65MB) 25(19MB)]

[21555] 01-08 07:27:00,999 INFO [RocksDB]EVENT_LOG_v1 {"time_micros": 1578468420999428, "job": 9, "event": "compaction_started", "compaction_reason": "LevelL0FilesNum", "files_L0": [32, 29], "files_L1": [16, 17, 18, 20, 21, 22, 23, 25], "score": 1.2951, "input_data_size": 1199049431}
[21555] 01-08 07:27:02,438 INFO [RocksDB][db/compaction_job.cc:1211] [0] [JOB 9] Generated table #33: 1224932 keys, 69823834 bytes
[21555] 01-08 07:27:02,438 INFO [RocksDB]EVENT_LOG_v1 {"time_micros": 1578468422438363, "cf_name": "0", "job": 9, "event": "table_file_creation", "file_number": 33, "file_size": 69823834, "table_properties": {"data_size": 67112210, "index_size": 981696, "filter_size": 1728897, "raw_key_size": 58560254, "raw_average_key_size": 47, "raw_value_size": 26724525, "raw_average_value_size": 21, "num_data_blocks": 16592, "num_entries": 1224932, "filter_policy_name": "rocksdb.BuiltinBloomFilter", "kDeletedKeys": "0", "kMergeOperands": "0"}}
[21555] 01-08 07:27:03,745 INFO [RocksDB][db/compaction_job.cc:1211] [0] [JOB 9] Generated table #34: 597587 keys, 68987136 bytes
[21555] 01-08 07:27:03,745 INFO [RocksDB]EVENT_LOG_v1 {"time_micros": 1578468423745410, "cf_name": "0", "job": 9, "event": "table_file_creation", "file_number": 34, "file_size": 68987136, "table_properties": {"data_size": 67109293, "index_size": 888823, "filter_size": 987989, "raw_key_size": 24599217, "raw_average_key_size": 41, "raw_value_size": 56770774, "raw_average_value_size": 95, "num_data_blocks": 16741, "num_entries": 597587, "filter_policy_name": "rocksdb.BuiltinBloomFilter", "kDeletedKeys": "0", "kMergeOperands": "0"}}
[21555] 01-08 07:27:05,055 INFO [RocksDB][db/compaction_job.cc:1211] [0] [JOB 9] Generated table #35: 597624 keys, 68987551 bytes
[21555] 01-08 07:27:05,055 INFO [RocksDB]EVENT_LOG_v1 {"time_micros": 1578468425055695, "cf_name": "0", "job": 9, "event": "table_file_creation", "file_number": 35, "file_size": 68987551, "table_properties": {"data_size": 67110054, "index_size": 888435, "filter_size": 988031, "raw_key_size": 24599587, "raw_average_key_size": 41, "raw_value_size": 56774325, "raw_average_value_size": 95, "num_data_blocks": 16741, "num_entries": 597624, "filter_policy_name": "rocksdb.BuiltinBloomFilter", "kDeletedKeys": "0", "kMergeOperands": "0"}}
[21555] 01-08 07:27:06,434 INFO [RocksDB][db/compaction_job.cc:1211] [0] [JOB 9] Generated table #36: 597608 keys, 68990065 bytes
[21555] 01-08 07:27:06,434 INFO [RocksDB]EVENT_LOG_v1 {"time_micros": 1578468426434494, "cf_name": "0", "job": 9, "event": "table_file_creation", "file_number": 36, "file_size": 68990065, "table_properties": {"data_size": 67112060, "index_size": 888948, "filter_size": 988026, "raw_key_size": 24597284, "raw_average_key_size": 41, "raw_value_size": 56772760, "raw_average_value_size": 95, "num_data_blocks": 16742, "num_entries": 597608, "filter_policy_name": "rocksdb.BuiltinBloomFilter", "kDeletedKeys": "0", "kMergeOperands": "0"}}
[21555] 01-08 07:27:07,735 INFO [RocksDB][db/compaction_job.cc:1211] [0] [JOB 9] Generated table #37: 597630 keys, 68987279 bytes
[21555] 01-08 07:27:07,735 INFO [RocksDB]EVENT_LOG_v1 {"time_micros": 1578468427735187, "cf_name": "0", "job": 9, "event": "table_file_creation", "file_number": 37, "file_size": 68987279, "table_properties": {"data_size": 67109798, "index_size": 888402, "filter_size": 988048, "raw_key_size": 24600843, "raw_average_key_size": 41, "raw_value_size": 56774850, "raw_average_value_size": 95, "num_data_blocks": 16742, "num_entries": 597630, "filter_policy_name": "rocksdb.BuiltinBloomFilter", "kDeletedKeys": "0", "kMergeOperands": "0"}}
[21555] 01-08 07:27:09,039 INFO [RocksDB][db/compaction_job.cc:1211] [0] [JOB 9] Generated table #38: 597614 keys, 68990443 bytes
[21555] 01-08 07:27:09,039 INFO [RocksDB]EVENT_LOG_v1 {"time_micros": 1578468429039272, "cf_name": "0", "job": 9, "event": "table_file_creation", "file_number": 38, "file_size": 68990443, "table_properties": {"data_size": 67112723, "index_size": 888655, "filter_size": 988034, "raw_key_size": 24596043, "raw_average_key_size": 41, "raw_value_size": 56773285, "raw_average_value_size": 94, "num_data_blocks": 16742, "num_entries": 597614, "filter_policy_name": "rocksdb.BuiltinBloomFilter", "kDeletedKeys": "0", "kMergeOperands": "0"}}
[21555] 01-08 07:27:10,339 INFO [RocksDB][db/compaction_job.cc:1211] [0] [JOB 9] Generated table #39: 597641 keys, 68990660 bytes
[21555] 01-08 07:27:10,339 INFO [RocksDB]EVENT_LOG_v1 {"time_micros": 1578468430339919, "cf_name": "0", "job": 9, "event": "table_file_creation", "file_number": 39, "file_size": 68990660, "table_properties": {"data_size": 67112904, "index_size": 888651, "filter_size": 988074, "raw_key_size": 24599911, "raw_average_key_size": 41, "raw_value_size": 56775895, "raw_average_value_size": 95, "num_data_blocks": 16743, "num_entries": 597641, "filter_policy_name": "rocksdb.BuiltinBloomFilter", "kDeletedKeys": "0", "kMergeOperands": "0"}}
[21555] 01-08 07:27:11,649 INFO [RocksDB][db/compaction_job.cc:1211] [0] [JOB 9] Generated table #40: 597592 keys, 68987925 bytes
[21555] 01-08 07:27:11,649 INFO [RocksDB]EVENT_LOG_v1 {"time_micros": 1578468431649406, "cf_name": "0", "job": 9, "event": "table_file_creation", "file_number": 40, "file_size": 68987925, "table_properties": {"data_size": 67110115, "index_size": 888768, "filter_size": 988011, "raw_key_size": 24596738, "raw_average_key_size": 41, "raw_value_size": 56771294, "raw_average_value_size": 95, "num_data_blocks": 16743, "num_entries": 597592, "filter_policy_name": "rocksdb.BuiltinBloomFilter", "kDeletedKeys": "0", "kMergeOperands": "0"}}
[21555] 01-08 07:27:12,957 INFO [RocksDB][db/compaction_job.cc:1211] [0] [JOB 9] Generated table #41: 597600 keys, 68989003 bytes
[21555] 01-08 07:27:12,957 INFO [RocksDB]EVENT_LOG_v1 {"time_micros": 1578468432957592, "cf_name": "0", "job": 9, "event": "table_file_creation", "file_number": 41, "file_size": 68989003, "table_properties": {"data_size": 67111124, "index_size": 888823, "filter_size": 988025, "raw_key_size": 24596838, "raw_average_key_size": 41, "raw_value_size": 56771928, "raw_average_value_size": 94, "num_data_blocks": 16743, "num_entries": 597600, "filter_policy_name": "rocksdb.BuiltinBloomFilter", "kDeletedKeys": "0", "kMergeOperands": "0"}}
[21555] 01-08 07:27:14,338 INFO [RocksDB][db/compaction_job.cc:1211] [0] [JOB 9] Generated table #42: 597610 keys, 68986824 bytes
[21555] 01-08 07:27:14,338 INFO [RocksDB]EVENT_LOG_v1 {"time_micros": 1578468434338798, "cf_name": "0", "job": 9, "event": "table_file_creation", "file_number": 42, "file_size": 68986824, "table_properties": {"data_size": 67109210, "index_size": 888568, "filter_size": 988015, "raw_key_size": 24599645, "raw_average_key_size": 41, "raw_value_size": 56772968, "raw_average_value_size": 95, "num_data_blocks": 16741, "num_entries": 597610, "filter_policy_name": "rocksdb.BuiltinBloomFilter", "kDeletedKeys": "0", "kMergeOperands": "0"}}
[21555] 01-08 07:27:15,640 INFO [RocksDB][db/compaction_job.cc:1211] [0] [JOB 9] Generated table #43: 597603 keys, 68988648 bytes
[21555] 01-08 07:27:15,640 INFO [RocksDB]EVENT_LOG_v1 {"time_micros": 1578468435640210, "cf_name": "0", "job": 9, "event": "table_file_creation", "file_number": 43, "file_size": 68988648, "table_properties": {"data_size": 67110591, "index_size": 889011, "filter_size": 988015, "raw_key_size": 24597907, "raw_average_key_size": 41, "raw_value_size": 56772339, "raw_average_value_size": 95, "num_data_blocks": 16742, "num_entries": 597603, "filter_policy_name": "rocksdb.BuiltinBloomFilter", "kDeletedKeys": "0", "kMergeOperands": "0"}}
[21555] 01-08 07:27:16,941 INFO [RocksDB][db/compaction_job.cc:1211] [0] [JOB 9] Generated table #44: 597613 keys, 68990093 bytes
[21555] 01-08 07:27:16,941 INFO [RocksDB]EVENT_LOG_v1 {"time_micros": 1578468436941243, "cf_name": "0", "job": 9, "event": "table_file_creation", "file_number": 44, "file_size": 68990093, "table_properties": {"data_size": 67112039, "index_size": 888983, "filter_size": 988040, "raw_key_size": 24598927, "raw_average_key_size": 41, "raw_value_size": 56773181, "raw_average_value_size": 94, "num_data_blocks": 16743, "num_entries": 597613, "filter_policy_name": "rocksdb.BuiltinBloomFilter", "kDeletedKeys": "0", "kMergeOperands": "0"}}
[21555] 01-08 07:27:18,245 INFO [RocksDB][db/compaction_job.cc:1211] [0] [JOB 9] Generated table #45: 597635 keys, 68990507 bytes
[21555] 01-08 07:27:18,245 INFO [RocksDB]EVENT_LOG_v1 {"time_micros": 1578468438245127, "cf_name": "0", "job": 9, "event": "table_file_creation", "file_number": 45, "file_size": 68990507, "table_properties": {"data_size": 67112562, "index_size": 888848, "filter_size": 988066, "raw_key_size": 24601207, "raw_average_key_size": 41, "raw_value_size": 56775370, "raw_average_value_size": 95, "num_data_blocks": 16743, "num_entries": 597635, "filter_policy_name": "rocksdb.BuiltinBloomFilter", "kDeletedKeys": "0", "kMergeOperands": "0"}}
[21555] 01-08 07:27:19,554 INFO [RocksDB][db/compaction_job.cc:1211] [0] [JOB 9] Generated table #46: 597619 keys, 68988878 bytes
[21555] 01-08 07:27:19,554 INFO [RocksDB]EVENT_LOG_v1 {"time_micros": 1578468439554634, "cf_name": "0", "job": 9, "event": "table_file_creation", "file_number": 46, "file_size": 68988878, "table_properties": {"data_size": 67111425, "index_size": 888383, "filter_size": 988039, "raw_key_size": 24597969, "raw_average_key_size": 41, "raw_value_size": 56773805, "raw_average_value_size": 95, "num_data_blocks": 16742, "num_entries": 597619, "filter_policy_name": "rocksdb.BuiltinBloomFilter", "kDeletedKeys": "0", "kMergeOperands": "0"}}
[21555] 01-08 07:27:20,863 INFO [RocksDB][db/compaction_job.cc:1211] [0] [JOB 9] Generated table #47: 597641 keys, 68990920 bytes
[21555] 01-08 07:27:20,863 INFO [RocksDB]EVENT_LOG_v1 {"time_micros": 1578468440863623, "cf_name": "0", "job": 9, "event": "table_file_creation", "file_number": 47, "file_size": 68990920, "table_properties": {"data_size": 67112768, "index_size": 889047, "filter_size": 988074, "raw_key_size": 24602562, "raw_average_key_size": 41, "raw_value_size": 56775895, "raw_average_value_size": 95, "num_data_blocks": 16743, "num_entries": 597641, "filter_policy_name": "rocksdb.BuiltinBloomFilter", "kDeletedKeys": "0", "kMergeOperands": "0"}}
[21555] 01-08 07:27:22,164 INFO [RocksDB][db/compaction_job.cc:1211] [0] [JOB 9] Generated table #48: 597571 keys, 68987403 bytes
[21555] 01-08 07:27:22,164 INFO [RocksDB]EVENT_LOG_v1 {"time_micros": 1578468442164165, "cf_name": "0", "job": 9, "event": "table_file_creation", "file_number": 48, "file_size": 68987403, "table_properties": {"data_size": 67109818, "index_size": 888584, "filter_size": 987970, "raw_key_size": 24597613, "raw_average_key_size": 41, "raw_value_size": 56769209, "raw_average_value_size": 94, "num_data_blocks": 16741, "num_entries": 597571, "filter_policy_name": "rocksdb.BuiltinBloomFilter", "kDeletedKeys": "0", "kMergeOperands": "0"}}
[21555] 01-08 07:27:23,544 INFO [RocksDB][db/compaction_job.cc:1211] [0] [JOB 9] Generated table #49: 597524 keys, 68986681 bytes
[21555] 01-08 07:27:23,545 INFO [RocksDB]EVENT_LOG_v1 {"time_micros": 1578468443545011, "cf_name": "0", "job": 9, "event": "table_file_creation", "file_number": 49, "file_size": 68986681, "table_properties": {"data_size": 67109155, "index_size": 888597, "filter_size": 987898, "raw_key_size": 24597089, "raw_average_key_size": 41, "raw_value_size": 56764717, "raw_average_value_size": 94, "num_data_blocks": 16739, "num_entries": 597524, "filter_policy_name": "rocksdb.BuiltinBloomFilter", "kDeletedKeys": "0", "kMergeOperands": "0"}}
[21555] 01-08 07:27:23,970 INFO [RocksDB][db/compaction_job.cc:1211] [0] [JOB 9] Generated table #50: 216643 keys, 25003272 bytes
[21555] 01-08 07:27:23,970 INFO [RocksDB]EVENT_LOG_v1 {"time_micros": 1578468443970542, "cf_name": "0", "job": 9, "event": "table_file_creation", "file_number": 50, "file_size": 25003272, "table_properties": {"data_size": 24324118, "index_size": 320008, "filter_size": 358116, "raw_key_size": 8816384, "raw_average_key_size": 40, "raw_value_size": 20581166, "raw_average_value_size": 95, "num_data_blocks": 6065, "num_entries": 216643, "filter_policy_name": "rocksdb.BuiltinBloomFilter", "kDeletedKeys": "0", "kMergeOperands": "0"}}
[21555] 01-08 07:27:23,971 INFO [RocksDB][db/compaction_job.cc:1287] [0] [JOB 9] Compacted 2@0 + 8@1 files to L1 => 1198647122 bytes
[21555] 01-08 07:27:23,973 INFO [RocksDB](Original Log Time 2020/01/08-07:27:23.973540) [db/compaction_job.cc:685] [0] compacted to: base level 1 max bytes base 536870912 files[0 18 2 0 0 0 0] max score 2.23, MB/sec: 52.2 rd, 52.2 wr, level 1, files in(2, 8) out(18) MB in(663.1, 480.4) out(1143.1), read-write-amplify(3.4) write-amplify(1.7) OK, records in: 11003288, records dropped: 1 output_compression: NoCompression

[21555] 01-08 07:27:23,973 INFO [RocksDB](Original Log Time 2020/01/08-07:27:23.973555) EVENT_LOG_v1 {"time_micros": 1578468443973548, "job": 9, "event": "compaction_finished", "compaction_time_micros": 22972209, "output_level": 1, "num_output_files": 18, "total_output_size": 1198647122, "num_input_records": 11003288, "num_output_records": 11003287, "num_subcompactions": 1, "output_compression": "NoCompression", "num_single_delete_mismatches": 0, "num_single_delete_fallthrough": 0, "lsm_state": [0, 18, 2, 0, 0, 0, 0]}
[21555] 01-08 07:27:23,973 INFO [RocksDB][db/compaction_picker.cc:485] [0] Expanding@1 1+1(69823834+54758769 bytes) to 2+1 (138810970+54758769 bytes)

[21555] 01-08 07:27:23,973 INFO [RocksDB][db/compaction_job.cc:1531] [0] [JOB 10] Compacting 2@1 + 1@2 files to L2, score 2.23
[21555] 01-08 07:27:23,973 INFO [RocksDB][db/compaction_job.cc:1535] [0] Compaction start summary: Base version 10 Base level 1, inputs: [33(66MB) 34(65MB)], [26(52MB)]

[21555] 01-08 07:27:23,973 INFO [RocksDB]EVENT_LOG_v1 {"time_micros": 1578468443973670, "job": 10, "event": "compaction_started", "compaction_reason": "LevelMaxLevelSize", "files_L1": [33, 34], "files_L2": [26], "score": 2.23265, "input_data_size": 193569739}
[21555] 01-08 07:27:24,008 INFO [RocksDB]EVENT_LOG_v1 {"time_micros": 1578468444008800, "job": 0, "event": "table_file_deletion", "file_number": 32}
[21555] 01-08 07:27:24,041 INFO [RocksDB]EVENT_LOG_v1 {"time_micros": 1578468444041964, "job": 0, "event": "table_file_deletion", "file_number": 29}
[21555] 01-08 07:27:24,043 INFO [RocksDB]EVENT_LOG_v1 {"time_micros": 1578468444043991, "job": 0, "event": "table_file_deletion", "file_number": 25}
[21555] 01-08 07:27:24,050 INFO [RocksDB]EVENT_LOG_v1 {"time_micros": 1578468444050586, "job": 0, "event": "table_file_deletion", "file_number": 23}
[21555] 01-08 07:27:24,057 INFO [RocksDB]EVENT_LOG_v1 {"time_micros": 1578468444057136, "job": 0, "event": "table_file_deletion", "file_number": 22}
[21555] 01-08 07:27:24,063 INFO [RocksDB]EVENT_LOG_v1 {"time_micros": 1578468444063985, "job": 0, "event": "table_file_deletion", "file_number": 21}
[21555] 01-08 07:27:24,070 INFO [RocksDB]EVENT_LOG_v1 {"time_micros": 1578468444070882, "job": 0, "event": "table_file_deletion", "file_number": 20}
[21555] 01-08 07:27:24,077 INFO [RocksDB]EVENT_LOG_v1 {"time_micros": 1578468444077683, "job": 0, "event": "table_file_deletion", "file_number": 18}
[21555] 01-08 07:27:24,084 INFO [RocksDB]EVENT_LOG_v1 {"time_micros": 1578468444084304, "job": 0, "event": "table_file_deletion", "file_number": 17}
[21555] 01-08 07:27:24,091 INFO [RocksDB]EVENT_LOG_v1 {"time_micros": 1578468444091159, "job": 0, "event": "table_file_deletion", "file_number": 16}
[21555] 01-08 07:27:27,334 INFO [RocksDB][db/compaction_job.cc:1211] [0] [JOB 10] Generated table #51: 2077339 keys, 70708702 bytes
[21555] 01-08 07:27:27,334 INFO [RocksDB]EVENT_LOG_v1 {"time_micros": 1578468447334966, "cf_name": "0", "job": 10, "event": "table_file_creation", "file_number": 51, "file_size": 70708702, "table_properties": {"data_size": 67109856, "index_size": 1469973, "filter_size": 2804794, "raw_key_size": 101170431, "raw_average_key_size": 48, "raw_value_size": 24839739, "raw_average_value_size": 11, "num_data_blocks": 24026, "num_entries": 2077339, "filter_policy_name": "rocksdb.BuiltinBloomFilter", "kDeletedKeys": "0", "kMergeOperands": "0"}}
[21555] 01-08 07:27:28,632 INFO [RocksDB][db/compaction_job.cc:1211] [0] [JOB 10] Generated table #52: 597633 keys, 68583167 bytes
[21555] 01-08 07:27:28,632 INFO [RocksDB]EVENT_LOG_v1 {"time_micros": 1578468448632111, "cf_name": "0", "job": 10, "event": "table_file_creation", "file_number": 52, "file_size": 68583167, "table_properties": {"data_size": 67110473, "index_size": 888473, "filter_size": 988042, "raw_key_size": 24600631, "raw_average_key_size": 41, "raw_value_size": 56775162, "raw_average_value_size": 95, "num_data_blocks": 16741, "num_entries": 597633, "filter_policy_name": "rocksdb.BuiltinBloomFilter", "kDeletedKeys": "0", "kMergeOperands": "0"}}
[21555] 01-08 07:27:29,356 INFO [RocksDB][db/compaction_job.cc:1211] [0] [JOB 10] Generated table #53: 325124 keys, 37313958 bytes
[21555] 01-08 07:27:29,356 INFO [RocksDB]EVENT_LOG_v1 {"time_micros": 1578468449356331, "cf_name": "0", "job": 10, "event": "table_file_creation", "file_number": 53, "file_size": 37313958, "table_properties": {"data_size": 36512097, "index_size": 483536, "filter_size": 537539, "raw_key_size": 13382779, "raw_average_key_size": 41, "raw_value_size": 30886753, "raw_average_value_size": 94, "num_data_blocks": 9109, "num_entries": 325124, "filter_policy_name": "rocksdb.BuiltinBloomFilter", "kDeletedKeys": "0", "kMergeOperands": "0"}}
[21555] 01-08 07:27:29,357 INFO [RocksDB][db/compaction_job.cc:1287] [0] [JOB 10] Compacted 2@1 + 1@2 files to L2 => 176605827 bytes
[21555] 01-08 07:27:29,358 INFO [RocksDB](Original Log Time 2020/01/08-07:27:29.358695) [db/compaction_job.cc:685] [0] compacted to: base level 1 max bytes base 536870912 files[0 16 4 0 0 0 0] max score 1.97, MB/sec: 36.0 rd, 32.8 wr, level 2, files in(2, 1) out(3) MB in(132.4, 52.2) out(168.4), read-write-amplify(2.7) write-amplify(1.3) OK, records in: 3000097, records dropped: 1 output_compression: Snappy

[21555] 01-08 07:27:29,358 INFO [RocksDB](Original Log Time 2020/01/08-07:27:29.358718) EVENT_LOG_v1 {"time_micros": 1578468449358703, "job": 10, "event": "compaction_finished", "compaction_time_micros": 5383630, "output_level": 2, "num_output_files": 3, "total_output_size": 176605827, "num_input_records": 3000097, "num_output_records": 3000096, "num_subcompactions": 1, "output_compression": "Snappy", "num_single_delete_mismatches": 0, "num_single_delete_fallthrough": 0, "lsm_state": [0, 16, 4, 0, 0, 0, 0]}
[21555] 01-08 07:27:29,358 INFO [RocksDB][db/compaction_job.cc:1531] [0] [JOB 11] Compacting 1@1 files to L2, score 1.97
[21555] 01-08 07:27:29,358 INFO [RocksDB][db/compaction_job.cc:1535] [0] Compaction start summary: Base version 11 Base level 1, inputs: [47(65MB)]

[21555] 01-08 07:27:29,358 INFO [RocksDB]EVENT_LOG_v1 {"time_micros": 1578468449358802, "job": 11, "event": "compaction_started", "compaction_reason": "LevelMaxLevelSize", "files_L1": [47], "score": 1.9741, "input_data_size": 68990920}
[21555] 01-08 07:27:29,368 INFO [RocksDB]EVENT_LOG_v1 {"time_micros": 1578468449368898, "job": 0, "event": "table_file_deletion", "file_number": 34}
[21555] 01-08 07:27:29,379 INFO [RocksDB]EVENT_LOG_v1 {"time_micros": 1578468449379753, "job": 0, "event": "table_file_deletion", "file_number": 33}
[21555] 01-08 07:27:29,387 INFO [RocksDB]EVENT_LOG_v1 {"time_micros": 1578468449387862, "job": 0, "event": "table_file_deletion", "file_number": 26}
[21555] 01-08 07:27:30,654 INFO [RocksDB][db/compaction_job.cc:1211] [0] [JOB 11] Generated table #54: 597641 keys, 68585297 bytes
[21555] 01-08 07:27:30,654 INFO [RocksDB]EVENT_LOG_v1 {"time_micros": 1578468450654624, "cf_name": "0", "job": 11, "event": "table_file_creation", "file_number": 54, "file_size": 68585297, "table_properties": {"data_size": 67112768, "index_size": 889047, "filter_size": 988074, "raw_key_size": 24602562, "raw_average_key_size": 41, "raw_value_size": 56775895, "raw_average_value_size": 95, "num_data_blocks": 16743, "num_entries": 597641, "filter_policy_name": "rocksdb.BuiltinBloomFilter", "kDeletedKeys": "0", "kMergeOperands": "0"}}
[21555] 01-08 07:27:30,655 INFO [RocksDB][db/compaction_job.cc:1287] [0] [JOB 11] Compacted 1@1 files to L2 => 68585297 bytes
[21555] 01-08 07:27:30,657 INFO [RocksDB](Original Log Time 2020/01/08-07:27:30.657143) [db/compaction_job.cc:685] [0] compacted to: base level 1 max bytes base 536870912 files[0 15 5 0 0 0 0] max score 1.85, MB/sec: 53.2 rd, 52.9 wr, level 2, files in(1, 0) out(1) MB in(65.8, 0.0) out(65.4), read-write-amplify(2.0) write-amplify(1.0) OK, records in: 597641, records dropped: 0 output_compression: Snappy

[21555] 01-08 07:27:30,657 INFO [RocksDB](Original Log Time 2020/01/08-07:27:30.657166) EVENT_LOG_v1 {"time_micros": 1578468450657151, "job": 11, "event": "compaction_finished", "compaction_time_micros": 1296793, "output_level": 2, "num_output_files": 1, "total_output_size": 68585297, "num_input_records": 597641, "num_output_records": 597641, "num_subcompactions": 1, "output_compression": "Snappy", "num_single_delete_mismatches": 0, "num_single_delete_fallthrough": 0, "lsm_state": [0, 15, 5, 0, 0, 0, 0]}
[21555] 01-08 07:27:30,657 INFO [RocksDB][db/compaction_job.cc:1531] [0] [JOB 12] Compacting 1@1 files to L2, score 1.85
[21555] 01-08 07:27:30,657 INFO [RocksDB][db/compaction_job.cc:1535] [0] Compaction start summary: Base version 12 Base level 1, inputs: [39(65MB)]

[21555] 01-08 07:27:30,657 INFO [RocksDB]EVENT_LOG_v1 {"time_micros": 1578468450657231, "job": 12, "event": "compaction_started", "compaction_reason": "LevelMaxLevelSize", "files_L1": [39], "score": 1.84559, "input_data_size": 68990660}
[21555] 01-08 07:27:30,664 INFO [RocksDB]EVENT_LOG_v1 {"time_micros": 1578468450664197, "job": 0, "event": "table_file_deletion", "file_number": 47}
[21555] 01-08 07:27:31,972 INFO [RocksDB][db/compaction_job.cc:1211] [0] [JOB 12] Generated table #55: 597641 keys, 68585381 bytes
[21555] 01-08 07:27:31,972 INFO [RocksDB]EVENT_LOG_v1 {"time_micros": 1578468451972565, "cf_name": "0", "job": 12, "event": "table_file_creation", "file_number": 55, "file_size": 68585381, "table_properties": {"data_size": 67112904, "index_size": 888651, "filter_size": 988074, "raw_key_size": 24599911, "raw_average_key_size": 41, "raw_value_size": 56775895, "raw_average_value_size": 95, "num_data_blocks": 16743, "num_entries": 597641, "filter_policy_name": "rocksdb.BuiltinBloomFilter", "kDeletedKeys": "0", "kMergeOperands": "0"}}
[21555] 01-08 07:27:31,973 INFO [RocksDB][db/compaction_job.cc:1287] [0] [JOB 12] Compacted 1@1 files to L2 => 68585381 bytes
[21555] 01-08 07:27:31,974 INFO [RocksDB](Original Log Time 2020/01/08-07:27:31.974953) [db/compaction_job.cc:685] [0] compacted to: base level 1 max bytes base 536870912 files[0 14 6 0 0 0 0] max score 1.72, MB/sec: 52.4 rd, 52.1 wr, level 2, files in(1, 0) out(1) MB in(65.8, 0.0) out(65.4), read-write-amplify(2.0) write-amplify(1.0) OK, records in: 597641, records dropped: 0 output_compression: Snappy

[21555] 01-08 07:27:31,975 INFO [RocksDB](Original Log Time 2020/01/08-07:27:31.974977) EVENT_LOG_v1 {"time_micros": 1578468451974962, "job": 12, "event": "compaction_finished", "compaction_time_micros": 1316340, "output_level": 2, "num_output_files": 1, "total_output_size": 68585381, "num_input_records": 597641, "num_output_records": 597641, "num_subcompactions": 1, "output_compression": "Snappy", "num_single_delete_mismatches": 0, "num_single_delete_fallthrough": 0, "lsm_state": [0, 14, 6, 0, 0, 0, 0]}
[21555] 01-08 07:27:31,975 INFO [RocksDB][db/compaction_job.cc:1531] [0] [JOB 13] Compacting 1@1 files to L2, score 1.72
[21555] 01-08 07:27:31,975 INFO [RocksDB][db/compaction_job.cc:1535] [0] Compaction start summary: Base version 13 Base level 1, inputs: [45(65MB)]

[21555] 01-08 07:27:31,975 INFO [RocksDB]EVENT_LOG_v1 {"time_micros": 1578468451975041, "job": 13, "event": "compaction_started", "compaction_reason": "LevelMaxLevelSize", "files_L1": [45], "score": 1.71709, "input_data_size": 68990507}
[21555] 01-08 07:27:31,982 INFO [RocksDB]EVENT_LOG_v1 {"time_micros": 1578468451982702, "job": 0, "event": "table_file_deletion", "file_number": 39}
[21555] 01-08 07:27:33,272 INFO [RocksDB][db/compaction_job.cc:1211] [0] [JOB 13] Generated table #56: 597635 keys, 68584869 bytes
[21555] 01-08 07:27:33,272 INFO [RocksDB]EVENT_LOG_v1 {"time_micros": 1578468453272593, "cf_name": "0", "job": 13, "event": "table_file_creation", "file_number": 56, "file_size": 68584869, "table_properties": {"data_size": 67112562, "index_size": 888848, "filter_size": 988066, "raw_key_size": 24601207, "raw_average_key_size": 41, "raw_value_size": 56775370, "raw_average_value_size": 95, "num_data_blocks": 16743, "num_entries": 597635, "filter_policy_name": "rocksdb.BuiltinBloomFilter", "kDeletedKeys": "0", "kMergeOperands": "0"}}
[21555] 01-08 07:27:33,273 INFO [RocksDB][db/compaction_job.cc:1287] [0] [JOB 13] Compacted 1@1 files to L2 => 68584869 bytes
[21555] 01-08 07:27:33,274 INFO [RocksDB](Original Log Time 2020/01/08-07:27:33.274927) [db/compaction_job.cc:685] [0] compacted to: base level 1 max bytes base 536870912 files[0 13 7 0 0 0 0] max score 1.59, MB/sec: 53.1 rd, 52.8 wr, level 2, files in(1, 0) out(1) MB in(65.8, 0.0) out(65.4), read-write-amplify(2.0) write-amplify(1.0) OK, records in: 597635, records dropped: 0 output_compression: Snappy

[21555] 01-08 07:27:33,274 INFO [RocksDB](Original Log Time 2020/01/08-07:27:33.274951) EVENT_LOG_v1 {"time_micros": 1578468453274936, "job": 13, "event": "compaction_finished", "compaction_time_micros": 1298532, "output_level": 2, "num_output_files": 1, "total_output_size": 68584869, "num_input_records": 597635, "num_output_records": 597635, "num_subcompactions": 1, "output_compression": "Snappy", "num_single_delete_mismatches": 0, "num_single_delete_fallthrough": 0, "lsm_state": [0, 13, 7, 0, 0, 0, 0]}
[21555] 01-08 07:27:33,282 INFO [RocksDB]EVENT_LOG_v1 {"time_micros": 1578468453282510, "job": 13, "event": "table_file_deletion", "file_number": 45}
[21555] 01-08 07:27:33,282 INFO [RocksDB][db/compaction_job.cc:1531] [0] [JOB 14] Compacting 1@1 files to L2, score 1.59
[21555] 01-08 07:27:33,282 INFO [RocksDB][db/compaction_job.cc:1535] [0] Compaction start summary: Base version 14 Base level 1, inputs: [38(65MB)]

[21555] 01-08 07:27:33,282 INFO [RocksDB]EVENT_LOG_v1 {"time_micros": 1578468453282559, "job": 14, "event": "compaction_started", "compaction_reason": "LevelMaxLevelSize", "files_L1": [38], "score": 1.58858, "input_data_size": 68990443}
[21555] 01-08 07:27:34,590 INFO [RocksDB][db/compaction_job.cc:1211] [0] [JOB 14] Generated table #57: 597614 keys, 68585548 bytes
[21555] 01-08 07:27:34,590 INFO [RocksDB]EVENT_LOG_v1 {"time_micros": 1578468454590617, "cf_name": "0", "job": 14, "event": "table_file_creation", "file_number": 57, "file_size": 68585548, "table_properties": {"data_size": 67112723, "index_size": 888655, "filter_size": 988034, "raw_key_size": 24596043, "raw_average_key_size": 41, "raw_value_size": 56773285, "raw_average_value_size": 94, "num_data_blocks": 16742, "num_entries": 597614, "filter_policy_name": "rocksdb.BuiltinBloomFilter", "kDeletedKeys": "0", "kMergeOperands": "0"}}
[21555] 01-08 07:27:34,591 INFO [RocksDB][db/compaction_job.cc:1287] [0] [JOB 14] Compacted 1@1 files to L2 => 68585548 bytes
[21555] 01-08 07:27:34,592 INFO [RocksDB](Original Log Time 2020/01/08-07:27:34.592953) [db/compaction_job.cc:685] [0] compacted to: base level 1 max bytes base 536870912 files[0 12 8 0 0 0 0] max score 1.46, MB/sec: 52.7 rd, 52.4 wr, level 2, files in(1, 0) out(1) MB in(65.8, 0.0) out(65.4), read-write-amplify(2.0) write-amplify(1.0) OK, records in: 597614, records dropped: 0 output_compression: Snappy

[21555] 01-08 07:27:34,593 INFO [RocksDB](Original Log Time 2020/01/08-07:27:34.592976) EVENT_LOG_v1 {"time_micros": 1578468454592961, "job": 14, "event": "compaction_finished", "compaction_time_micros": 1309038, "output_level": 2, "num_output_files": 1, "total_output_size": 68585548, "num_input_records": 597614, "num_output_records": 597614, "num_subcompactions": 1, "output_compression": "Snappy", "num_single_delete_mismatches": 0, "num_single_delete_fallthrough": 0, "lsm_state": [0, 12, 8, 0, 0, 0, 0]}
[21555] 01-08 07:27:34,593 INFO [RocksDB][db/compaction_job.cc:1531] [0] [JOB 15] Compacting 1@1 files to L2, score 1.46
[21555] 01-08 07:27:34,593 INFO [RocksDB][db/compaction_job.cc:1535] [0] Compaction start summary: Base version 15 Base level 1, inputs: [44(65MB)]

[21555] 01-08 07:27:34,593 INFO [RocksDB]EVENT_LOG_v1 {"time_micros": 1578468454593041, "job": 15, "event": "compaction_started", "compaction_reason": "LevelMaxLevelSize", "files_L1": [44], "score": 1.46008, "input_data_size": 68990093}
[21555] 01-08 07:27:34,600 INFO [RocksDB]EVENT_LOG_v1 {"time_micros": 1578468454600429, "job": 0, "event": "table_file_deletion", "file_number": 38}
[21555] 01-08 07:27:35,891 INFO [RocksDB][db/compaction_job.cc:1211] [0] [JOB 15] Generated table #58: 597613 keys, 68585035 bytes
[21555] 01-08 07:27:35,891 INFO [RocksDB]EVENT_LOG_v1 {"time_micros": 1578468455891141, "cf_name": "0", "job": 15, "event": "table_file_creation", "file_number": 58, "file_size": 68585035, "table_properties": {"data_size": 67112039, "index_size": 888983, "filter_size": 988040, "raw_key_size": 24598927, "raw_average_key_size": 41, "raw_value_size": 56773181, "raw_average_value_size": 94, "num_data_blocks": 16743, "num_entries": 597613, "filter_policy_name": "rocksdb.BuiltinBloomFilter", "kDeletedKeys": "0", "kMergeOperands": "0"}}
[21555] 01-08 07:27:35,892 INFO [RocksDB][db/compaction_job.cc:1287] [0] [JOB 15] Compacted 1@1 files to L2 => 68585035 bytes
[21555] 01-08 07:27:35,893 INFO [RocksDB](Original Log Time 2020/01/08-07:27:35.893804) [db/compaction_job.cc:685] [0] compacted to: base level 1 max bytes base 536870912 files[0 11 9 0 0 0 0] max score 1.33, MB/sec: 53.1 rd, 52.8 wr, level 2, files in(1, 0) out(1) MB in(65.8, 0.0) out(65.4), read-write-amplify(2.0) write-amplify(1.0) OK, records in: 597613, records dropped: 0 output_compression: Snappy

[21555] 01-08 07:27:35,893 INFO [RocksDB](Original Log Time 2020/01/08-07:27:35.893817) EVENT_LOG_v1 {"time_micros": 1578468455893812, "job": 15, "event": "compaction_finished", "compaction_time_micros": 1299182, "output_level": 2, "num_output_files": 1, "total_output_size": 68585035, "num_input_records": 597613, "num_output_records": 597613, "num_subcompactions": 1, "output_compression": "Snappy", "num_single_delete_mismatches": 0, "num_single_delete_fallthrough": 0, "lsm_state": [0, 11, 9, 0, 0, 0, 0]}
[21555] 01-08 07:27:35,893 INFO [RocksDB][db/compaction_job.cc:1531] [0] [JOB 16] Compacting 1@1 files to L2, score 1.33
[21555] 01-08 07:27:35,893 INFO [RocksDB][db/compaction_job.cc:1535] [0] Compaction start summary: Base version 16 Base level 1, inputs: [36(65MB)]

[21555] 01-08 07:27:35,893 INFO [RocksDB]EVENT_LOG_v1 {"time_micros": 1578468455893884, "job": 16, "event": "compaction_started", "compaction_reason": "LevelMaxLevelSize", "files_L1": [36], "score": 1.33157, "input_data_size": 68990065}
[21555] 01-08 07:27:35,901 INFO [RocksDB]EVENT_LOG_v1 {"time_micros": 1578468455901394, "job": 0, "event": "table_file_deletion", "file_number": 44}
[21555] 01-08 07:27:37,227 INFO [RocksDB][db/compaction_job.cc:1211] [0] [JOB 16] Generated table #59: 597608 keys, 68584871 bytes
[21555] 01-08 07:27:37,227 INFO [RocksDB]EVENT_LOG_v1 {"time_micros": 1578468457227557, "cf_name": "0", "job": 16, "event": "table_file_creation", "file_number": 59, "file_size": 68584871, "table_properties": {"data_size": 67112060, "index_size": 888948, "filter_size": 988026, "raw_key_size": 24597284, "raw_average_key_size": 41, "raw_value_size": 56772760, "raw_average_value_size": 95, "num_data_blocks": 16742, "num_entries": 597608, "filter_policy_name": "rocksdb.BuiltinBloomFilter", "kDeletedKeys": "0", "kMergeOperands": "0"}}
[21555] 01-08 07:27:37,228 INFO [RocksDB][db/compaction_job.cc:1287] [0] [JOB 16] Compacted 1@1 files to L2 => 68584871 bytes
[21555] 01-08 07:27:37,230 INFO [RocksDB](Original Log Time 2020/01/08-07:27:37.230316) [db/compaction_job.cc:685] [0] compacted to: base level 1 max bytes base 536870912 files[0 10 10 0 0 0 0] max score 1.20, MB/sec: 51.7 rd, 51.4 wr, level 2, files in(1, 0) out(1) MB in(65.8, 0.0) out(65.4), read-write-amplify(2.0) write-amplify(1.0) OK, records in: 597608, records dropped: 0 output_compression: Snappy

[21555] 01-08 07:27:37,230 INFO [RocksDB](Original Log Time 2020/01/08-07:27:37.230330) EVENT_LOG_v1 {"time_micros": 1578468457230324, "job": 16, "event": "compaction_finished", "compaction_time_micros": 1334857, "output_level": 2, "num_output_files": 1, "total_output_size": 68584871, "num_input_records": 597608, "num_output_records": 597608, "num_subcompactions": 1, "output_compression": "Snappy", "num_single_delete_mismatches": 0, "num_single_delete_fallthrough": 0, "lsm_state": [0, 10, 10, 0, 0, 0, 0]}
[21555] 01-08 07:27:37,230 INFO [RocksDB][db/compaction_job.cc:1531] [0] [JOB 17] Compacting 1@1 files to L2, score 1.20
[21555] 01-08 07:27:37,230 INFO [RocksDB][db/compaction_job.cc:1535] [0] Compaction start summary: Base version 17 Base level 1, inputs: [41(65MB)]

[21555] 01-08 07:27:37,230 INFO [RocksDB]EVENT_LOG_v1 {"time_micros": 1578468457230394, "job": 17, "event": "compaction_started", "compaction_reason": "LevelMaxLevelSize", "files_L1": [41], "score": 1.20307, "input_data_size": 68989003}
[21555] 01-08 07:27:37,237 INFO [RocksDB]EVENT_LOG_v1 {"time_micros": 1578468457237621, "job": 0, "event": "table_file_deletion", "file_number": 36}
[21555] 01-08 07:27:38,530 INFO [RocksDB][db/compaction_job.cc:1211] [0] [JOB 17] Generated table #60: 597600 keys, 68583884 bytes
[21555] 01-08 07:27:38,530 INFO [RocksDB]EVENT_LOG_v1 {"time_micros": 1578468458530393, "cf_name": "0", "job": 17, "event": "table_file_creation", "file_number": 60, "file_size": 68583884, "table_properties": {"data_size": 67111124, "index_size": 888823, "filter_size": 988025, "raw_key_size": 24596838, "raw_average_key_size": 41, "raw_value_size": 56771928, "raw_average_value_size": 94, "num_data_blocks": 16743, "num_entries": 597600, "filter_policy_name": "rocksdb.BuiltinBloomFilter", "kDeletedKeys": "0", "kMergeOperands": "0"}}
[21555] 01-08 07:27:38,531 INFO [RocksDB][db/compaction_job.cc:1287] [0] [JOB 17] Compacted 1@1 files to L2 => 68583884 bytes
[21555] 01-08 07:27:38,532 INFO [RocksDB](Original Log Time 2020/01/08-07:27:38.532748) [db/compaction_job.cc:685] [0] compacted to: base level 1 max bytes base 536870912 files[0 9 11 0 0 0 0] max score 1.07, MB/sec: 53.0 rd, 52.7 wr, level 2, files in(1, 0) out(1) MB in(65.8, 0.0) out(65.4), read-write-amplify(2.0) write-amplify(1.0) OK, records in: 597600, records dropped: 0 output_compression: Snappy

[21555] 01-08 07:27:38,532 INFO [RocksDB](Original Log Time 2020/01/08-07:27:38.532772) EVENT_LOG_v1 {"time_micros": 1578468458532757, "job": 17, "event": "compaction_finished", "compaction_time_micros": 1301018, "output_level": 2, "num_output_files": 1, "total_output_size": 68583884, "num_input_records": 597600, "num_output_records": 597600, "num_subcompactions": 1, "output_compression": "Snappy", "num_single_delete_mismatches": 0, "num_single_delete_fallthrough": 0, "lsm_state": [0, 9, 11, 0, 0, 0, 0]}
[21555] 01-08 07:27:38,540 INFO [RocksDB]EVENT_LOG_v1 {"time_micros": 1578468458540331, "job": 17, "event": "table_file_deletion", "file_number": 41}
[21555] 01-08 07:27:38,540 INFO [RocksDB][db/compaction_job.cc:1531] [0] [JOB 18] Compacting 1@1 files to L2, score 1.07
[21555] 01-08 07:27:38,540 INFO [RocksDB][db/compaction_job.cc:1535] [0] Compaction start summary: Base version 18 Base level 1, inputs: [46(65MB)]

[21555] 01-08 07:27:38,540 INFO [RocksDB]EVENT_LOG_v1 {"time_micros": 1578468458540384, "job": 18, "event": "compaction_started", "compaction_reason": "LevelMaxLevelSize", "files_L1": [46], "score": 1.07457, "input_data_size": 68988878}
[21555] 01-08 07:27:39,840 INFO [RocksDB][db/compaction_job.cc:1211] [0] [JOB 18] Generated table #61: 597619 keys, 68584032 bytes
[21555] 01-08 07:27:39,840 INFO [RocksDB]EVENT_LOG_v1 {"time_micros": 1578468459840788, "cf_name": "0", "job": 18, "event": "table_file_creation", "file_number": 61, "file_size": 68584032, "table_properties": {"data_size": 67111425, "index_size": 888383, "filter_size": 988039, "raw_key_size": 24597969, "raw_average_key_size": 41, "raw_value_size": 56773805, "raw_average_value_size": 95, "num_data_blocks": 16742, "num_entries": 597619, "filter_policy_name": "rocksdb.BuiltinBloomFilter", "kDeletedKeys": "0", "kMergeOperands": "0"}}
[21555] 01-08 07:27:39,841 INFO [RocksDB][db/compaction_job.cc:1287] [0] [JOB 18] Compacted 1@1 files to L2 => 68584032 bytes
[21555] 01-08 07:27:39,843 INFO [RocksDB](Original Log Time 2020/01/08-07:27:39.843302) [db/compaction_job.cc:685] [0] compacted to: base level 1 max bytes base 536870912 files[0 8 12 0 0 0 0] max score 0.95, MB/sec: 53.0 rd, 52.7 wr, level 2, files in(1, 0) out(1) MB in(65.8, 0.0) out(65.4), read-write-amplify(2.0) write-amplify(1.0) OK, records in: 597619, records dropped: 0 output_compression: Snappy

[21555] 01-08 07:27:39,843 INFO [RocksDB](Original Log Time 2020/01/08-07:27:39.843325) EVENT_LOG_v1 {"time_micros": 1578468459843310, "job": 18, "event": "compaction_finished", "compaction_time_micros": 1301481, "output_level": 2, "num_output_files": 1, "total_output_size": 68584032, "num_input_records": 597619, "num_output_records": 597619, "num_subcompactions": 1, "output_compression": "Snappy", "num_single_delete_mismatches": 0, "num_single_delete_fallthrough": 0, "lsm_state": [0, 8, 12, 0, 0, 0, 0]}
[21555] 01-08 07:27:39,850 INFO [RocksDB]EVENT_LOG_v1 {"time_micros": 1578468459850344, "job": 0, "event": "table_file_deletion", "file_number": 46}
