[18335] 01-07 04:37:37,540 INFO [RocksDB]RocksDB version: 5.14.2

[18335] 01-07 04:37:37,546 INFO [RocksDB]Git sha rocksdb_build_git_sha:5ee59bde6ee151270b065c58656993fea5e936e6
[18335] 01-07 04:37:37,546 INFO [RocksDB]Compile date Jan  7 2020
[18335] 01-07 04:37:37,546 INFO [RocksDB]DB SUMMARY

[18335] 01-07 04:37:37,546 INFO [RocksDB]SST files in /home/ubuntu/ardb/data/rocksdb dir, Total Num: 0, files: 

[18335] 01-07 04:37:37,546 INFO [RocksDB]Write Ahead Log file in /home/ubuntu/ardb/data/rocksdb: 

[18335] 01-07 04:37:37,546 INFO [RocksDB]                        Options.error_if_exists: 0
[18335] 01-07 04:37:37,546 INFO [RocksDB]                      Options.create_if_missing: 1
[18335] 01-07 04:37:37,546 INFO [RocksDB]                        Options.paranoid_checks: 1
[18335] 01-07 04:37:37,546 INFO [RocksDB]                                    Options.env: 0xbfd6c0
[18335] 01-07 04:37:37,546 INFO [RocksDB]                               Options.info_log: 0x7faf3e83f8a0
[18335] 01-07 04:37:37,546 INFO [RocksDB]               Options.max_file_opening_threads: 16
[18335] 01-07 04:37:37,546 INFO [RocksDB]                             Options.statistics: (nil)
[18335] 01-07 04:37:37,546 INFO [RocksDB]                              Options.use_fsync: 0
[18335] 01-07 04:37:37,546 INFO [RocksDB]                      Options.max_log_file_size: 0
[18335] 01-07 04:37:37,546 INFO [RocksDB]                 Options.max_manifest_file_size: 18446744073709551615
[18335] 01-07 04:37:37,546 INFO [RocksDB]                  Options.log_file_time_to_roll: 0
[18335] 01-07 04:37:37,546 INFO [RocksDB]                      Options.keep_log_file_num: 1000
[18335] 01-07 04:37:37,546 INFO [RocksDB]                   Options.recycle_log_file_num: 0
[18335] 01-07 04:37:37,546 INFO [RocksDB]                        Options.allow_fallocate: 1
[18335] 01-07 04:37:37,546 INFO [RocksDB]                       Options.allow_mmap_reads: 0
[18335] 01-07 04:37:37,546 INFO [RocksDB]                      Options.allow_mmap_writes: 0
[18335] 01-07 04:37:37,546 INFO [RocksDB]                       Options.use_direct_reads: 0
[18335] 01-07 04:37:37,546 INFO [RocksDB]                       Options.use_direct_io_for_flush_and_compaction: 0
[18335] 01-07 04:37:37,546 INFO [RocksDB]         Options.create_missing_column_families: 0
[18335] 01-07 04:37:37,546 INFO [RocksDB]                             Options.db_log_dir: 
[18335] 01-07 04:37:37,546 INFO [RocksDB]                                Options.wal_dir: /home/ubuntu/ardb/data/rocksdb
[18335] 01-07 04:37:37,546 INFO [RocksDB]               Options.table_cache_numshardbits: 6
[18335] 01-07 04:37:37,546 INFO [RocksDB]                     Options.max_subcompactions: 1
[18335] 01-07 04:37:37,546 INFO [RocksDB]                 Options.max_background_flushes: -1
[18335] 01-07 04:37:37,546 INFO [RocksDB]                        Options.WAL_ttl_seconds: 0
[18335] 01-07 04:37:37,546 INFO [RocksDB]                      Options.WAL_size_limit_MB: 0
[18335] 01-07 04:37:37,546 INFO [RocksDB]            Options.manifest_preallocation_size: 4194304
[18335] 01-07 04:37:37,546 INFO [RocksDB]                    Options.is_fd_close_on_exec: 1
[18335] 01-07 04:37:37,546 INFO [RocksDB]                  Options.advise_random_on_open: 1
[18335] 01-07 04:37:37,546 INFO [RocksDB]                   Options.db_write_buffer_size: 0
[18335] 01-07 04:37:37,546 INFO [RocksDB]                   Options.write_buffer_manager: 0x7faf3effa7d0
[18335] 01-07 04:37:37,546 INFO [RocksDB]        Options.access_hint_on_compaction_start: 1
[18335] 01-07 04:37:37,546 INFO [RocksDB] Options.new_table_reader_for_compaction_inputs: 0
[18335] 01-07 04:37:37,546 INFO [RocksDB]          Options.random_access_max_buffer_size: 1048576
[18335] 01-07 04:37:37,546 INFO [RocksDB]                     Options.use_adaptive_mutex: 1
[18335] 01-07 04:37:37,546 INFO [RocksDB]                           Options.rate_limiter: 0x7faf3e838540
[18335] 01-07 04:37:37,546 INFO [RocksDB]    Options.sst_file_manager.rate_bytes_per_sec: 0
[18335] 01-07 04:37:37,546 INFO [RocksDB]                      Options.wal_recovery_mode: 2
[18335] 01-07 04:37:37,546 INFO [RocksDB]                 Options.enable_thread_tracking: 0
[18335] 01-07 04:37:37,546 INFO [RocksDB]                 Options.enable_pipelined_write: 1
[18335] 01-07 04:37:37,546 INFO [RocksDB]        Options.allow_concurrent_memtable_write: 1
[18335] 01-07 04:37:37,546 INFO [RocksDB]     Options.enable_write_thread_adaptive_yield: 1
[18335] 01-07 04:37:37,546 INFO [RocksDB]            Options.write_thread_max_yield_usec: 100
[18335] 01-07 04:37:37,546 INFO [RocksDB]           Options.write_thread_slow_yield_usec: 3
[18335] 01-07 04:37:37,546 INFO [RocksDB]                              Options.row_cache: None
[18335] 01-07 04:37:37,546 INFO [RocksDB]                             Options.wal_filter: None
[18335] 01-07 04:37:37,546 INFO [RocksDB]            Options.avoid_flush_during_recovery: 0
[18335] 01-07 04:37:37,546 INFO [RocksDB]            Options.allow_ingest_behind: 0
[18335] 01-07 04:37:37,546 INFO [RocksDB]            Options.preserve_deletes: 0
[18335] 01-07 04:37:37,546 INFO [RocksDB]            Options.two_write_queues: 0
[18335] 01-07 04:37:37,546 INFO [RocksDB]            Options.manual_wal_flush: 0
[18335] 01-07 04:37:37,546 INFO [RocksDB]            Options.max_background_jobs: 16
[18335] 01-07 04:37:37,546 INFO [RocksDB]            Options.max_background_compactions: -1
[18335] 01-07 04:37:37,546 INFO [RocksDB]            Options.avoid_flush_during_shutdown: 0
[18335] 01-07 04:37:37,546 INFO [RocksDB]          Options.writable_file_max_buffer_size: 1048576
[18335] 01-07 04:37:37,546 INFO [RocksDB]            Options.delayed_write_rate : 52428800
[18335] 01-07 04:37:37,546 INFO [RocksDB]            Options.max_total_wal_size: 0
[18335] 01-07 04:37:37,546 INFO [RocksDB]            Options.delete_obsolete_files_period_micros: 21600000000
[18335] 01-07 04:37:37,546 INFO [RocksDB]                  Options.stats_dump_period_sec: 100000
[18335] 01-07 04:37:37,546 INFO [RocksDB]                         Options.max_open_files: 1024
[18335] 01-07 04:37:37,546 INFO [RocksDB]                         Options.bytes_per_sync: 1048576
[18335] 01-07 04:37:37,546 INFO [RocksDB]                     Options.wal_bytes_per_sync: 0
[18335] 01-07 04:37:37,546 INFO [RocksDB]      Options.compaction_readahead_size: 0
[18335] 01-07 04:37:37,546 INFO [RocksDB]Compression algorithms supported:
[18335] 01-07 04:37:37,546 INFO [RocksDB]	kZSTDNotFinalCompression supported: 0
[18335] 01-07 04:37:37,546 INFO [RocksDB]	kZSTD supported: 0
[18335] 01-07 04:37:37,546 INFO [RocksDB]	kXpressCompression supported: 0
[18335] 01-07 04:37:37,546 INFO [RocksDB]	kLZ4HCCompression supported: 0
[18335] 01-07 04:37:37,546 INFO [RocksDB]	kLZ4Compression supported: 0
[18335] 01-07 04:37:37,546 INFO [RocksDB]	kBZip2Compression supported: 0
[18335] 01-07 04:37:37,546 INFO [RocksDB]	kZlibCompression supported: 1
[18335] 01-07 04:37:37,546 INFO [RocksDB]	kSnappyCompression supported: 1
[18335] 01-07 04:37:37,546 INFO [RocksDB]Fast CRC32 supported: Supported on x86
[18335] 01-07 04:37:37,546 INFO [RocksDB][db/db_impl_open.cc:222] Creating manifest 1 

[18335] 01-07 04:37:37,553 INFO [RocksDB][db/version_set.cc:3085] Recovering from manifest file: MANIFEST-000001

[18335] 01-07 04:37:37,553 INFO [RocksDB][db/column_family.cc:475] --------------- Options for column family [default]:

[18335] 01-07 04:37:37,553 INFO [RocksDB]              Options.comparator: ardb.comparator
[18335] 01-07 04:37:37,553 INFO [RocksDB]          Options.merge_operator: ardb.merger
[18335] 01-07 04:37:37,553 INFO [RocksDB]       Options.compaction_filter: None
[18335] 01-07 04:37:37,553 INFO [RocksDB]       Options.compaction_filter_factory: ardb.compact_filter_factory
[18335] 01-07 04:37:37,553 INFO [RocksDB]        Options.memtable_factory: SkipListFactory
[18335] 01-07 04:37:37,553 INFO [RocksDB]           Options.table_factory: BlockBasedTable
[18335] 01-07 04:37:37,553 INFO [RocksDB]           table_factory options:   flush_block_policy_factory: FlushBlockBySizePolicyFactory (0x7faf3ee08018)
  cache_index_and_filter_blocks: 0
  cache_index_and_filter_blocks_with_high_priority: 0
  pin_l0_filter_and_index_blocks_in_cache: 0
  index_type: 0
  hash_index_allow_collision: 1
  checksum: 1
  no_block_cache: 0
  block_cache: 0x7faf3ee81cf0
  block_cache_name: LRUCache
  block_cache_options:
    capacity : 536870912
    num_shard_bits : 6
    strict_capacity_limit : 0
    high_pri_pool_ratio: 0.000
  block_cache_compressed: (nil)
  persistent_cache: (nil)
  block_size: 4096
  block_size_deviation: 10
  block_restart_interval: 16
  index_block_restart_interval: 1
  metadata_block_size: 4096
  partition_filters: 0
  use_delta_encoding: 1
  filter_policy: rocksdb.BuiltinBloomFilter
  whole_key_filtering: 1
  verify_compression: 0
  read_amp_bytes_per_bit: 0
  format_version: 2
  enable_index_compression: 1
  block_align: 0

[18335] 01-07 04:37:37,553 INFO [RocksDB]       Options.write_buffer_size: 268435456
[18335] 01-07 04:37:37,553 INFO [RocksDB] Options.max_write_buffer_number: 6
[18335] 01-07 04:37:37,553 INFO [RocksDB]       Options.compression[0]: NoCompression
[18335] 01-07 04:37:37,553 INFO [RocksDB]       Options.compression[1]: NoCompression
[18335] 01-07 04:37:37,553 INFO [RocksDB]       Options.compression[2]: Snappy
[18335] 01-07 04:37:37,553 INFO [RocksDB]       Options.compression[3]: Snappy
[18335] 01-07 04:37:37,553 INFO [RocksDB]       Options.compression[4]: Snappy
[18335] 01-07 04:37:37,553 INFO [RocksDB]       Options.compression[5]: Snappy
[18335] 01-07 04:37:37,553 INFO [RocksDB]       Options.compression[6]: Snappy
[18335] 01-07 04:37:37,553 INFO [RocksDB]                 Options.bottommost_compression: Disabled
[18335] 01-07 04:37:37,553 INFO [RocksDB]      Options.prefix_extractor: ardb.prefix_extractor
[18335] 01-07 04:37:37,553 INFO [RocksDB]  Options.memtable_insert_with_hint_prefix_extractor: nullptr
[18335] 01-07 04:37:37,553 INFO [RocksDB]            Options.num_levels: 7
[18335] 01-07 04:37:37,553 INFO [RocksDB]       Options.min_write_buffer_number_to_merge: 2
[18335] 01-07 04:37:37,553 INFO [RocksDB]    Options.max_write_buffer_number_to_maintain: 0
[18335] 01-07 04:37:37,553 INFO [RocksDB]           Options.compression_opts.window_bits: -14
[18335] 01-07 04:37:37,553 INFO [RocksDB]                 Options.compression_opts.level: -1
[18335] 01-07 04:37:37,553 INFO [RocksDB]              Options.compression_opts.strategy: 0
[18335] 01-07 04:37:37,553 INFO [RocksDB]        Options.compression_opts.max_dict_bytes: 0
[18335] 01-07 04:37:37,553 INFO [RocksDB]        Options.compression_opts.zstd_max_train_bytes: 0
[18335] 01-07 04:37:37,553 INFO [RocksDB]     Options.level0_file_num_compaction_trigger: 2
[18335] 01-07 04:37:37,553 INFO [RocksDB]         Options.level0_slowdown_writes_trigger: 20
[18335] 01-07 04:37:37,553 INFO [RocksDB]             Options.level0_stop_writes_trigger: 36
[18335] 01-07 04:37:37,554 INFO [RocksDB]                  Options.target_file_size_base: 67108864
[18335] 01-07 04:37:37,554 INFO [RocksDB]            Options.target_file_size_multiplier: 1
[18335] 01-07 04:37:37,554 INFO [RocksDB]               Options.max_bytes_for_level_base: 536870912
[18335] 01-07 04:37:37,554 INFO [RocksDB]Options.level_compaction_dynamic_level_bytes: 0
[18335] 01-07 04:37:37,554 INFO [RocksDB]         Options.max_bytes_for_level_multiplier: 10.000000
[18335] 01-07 04:37:37,554 INFO [RocksDB]Options.max_bytes_for_level_multiplier_addtl[0]: 1
[18335] 01-07 04:37:37,554 INFO [RocksDB]Options.max_bytes_for_level_multiplier_addtl[1]: 1
[18335] 01-07 04:37:37,554 INFO [RocksDB]Options.max_bytes_for_level_multiplier_addtl[2]: 1
[18335] 01-07 04:37:37,554 INFO [RocksDB]Options.max_bytes_for_level_multiplier_addtl[3]: 1
[18335] 01-07 04:37:37,554 INFO [RocksDB]Options.max_bytes_for_level_multiplier_addtl[4]: 1
[18335] 01-07 04:37:37,554 INFO [RocksDB]Options.max_bytes_for_level_multiplier_addtl[5]: 1
[18335] 01-07 04:37:37,554 INFO [RocksDB]Options.max_bytes_for_level_multiplier_addtl[6]: 1
[18335] 01-07 04:37:37,554 INFO [RocksDB]      Options.max_sequential_skip_in_iterations: 8
[18335] 01-07 04:37:37,554 INFO [RocksDB]                   Options.max_compaction_bytes: 1677721600
[18335] 01-07 04:37:37,554 INFO [RocksDB]                       Options.arena_block_size: 33554432
[18335] 01-07 04:37:37,554 INFO [RocksDB]  Options.soft_pending_compaction_bytes_limit: 68719476736
[18335] 01-07 04:37:37,554 INFO [RocksDB]  Options.hard_pending_compaction_bytes_limit: 274877906944
[18335] 01-07 04:37:37,554 INFO [RocksDB]      Options.rate_limit_delay_max_milliseconds: 100
[18335] 01-07 04:37:37,554 INFO [RocksDB]               Options.disable_auto_compactions: 0
[18335] 01-07 04:37:37,554 INFO [RocksDB]                       Options.compaction_style: kCompactionStyleLevel
[18335] 01-07 04:37:37,554 INFO [RocksDB]                         Options.compaction_pri: kByCompensatedSize
[18335] 01-07 04:37:37,554 INFO [RocksDB]Options.compaction_options_universal.size_ratio: 1
[18335] 01-07 04:37:37,554 INFO [RocksDB]Options.compaction_options_universal.min_merge_width: 2
[18335] 01-07 04:37:37,554 INFO [RocksDB]Options.compaction_options_universal.max_merge_width: 4294967295
[18335] 01-07 04:37:37,554 INFO [RocksDB]Options.compaction_options_universal.max_size_amplification_percent: 200
[18335] 01-07 04:37:37,554 INFO [RocksDB]Options.compaction_options_universal.compression_size_percent: -1
[18335] 01-07 04:37:37,554 INFO [RocksDB]Options.compaction_options_universal.stop_style: kCompactionStopStyleTotalSize
[18335] 01-07 04:37:37,554 INFO [RocksDB]Options.compaction_options_fifo.max_table_files_size: 1073741824
[18335] 01-07 04:37:37,554 INFO [RocksDB]Options.compaction_options_fifo.allow_compaction: 0
[18335] 01-07 04:37:37,554 INFO [RocksDB]Options.compaction_options_fifo.ttl: 0
[18335] 01-07 04:37:37,554 INFO [RocksDB]                  Options.table_properties_collectors: 
[18335] 01-07 04:37:37,554 INFO [RocksDB]                  Options.inplace_update_support: 0
[18335] 01-07 04:37:37,554 INFO [RocksDB]                Options.inplace_update_num_locks: 10000
[18335] 01-07 04:37:37,554 INFO [RocksDB]              Options.memtable_prefix_bloom_size_ratio: 0.000000
[18335] 01-07 04:37:37,554 INFO [RocksDB]  Options.memtable_huge_page_size: 0
[18335] 01-07 04:37:37,554 INFO [RocksDB]                          Options.bloom_locality: 0
[18335] 01-07 04:37:37,554 INFO [RocksDB]                   Options.max_successive_merges: 0
[18335] 01-07 04:37:37,554 INFO [RocksDB]               Options.optimize_filters_for_hits: 0
[18335] 01-07 04:37:37,554 INFO [RocksDB]               Options.paranoid_file_checks: 0
[18335] 01-07 04:37:37,554 INFO [RocksDB]               Options.force_consistency_checks: 0
[18335] 01-07 04:37:37,554 INFO [RocksDB]               Options.report_bg_io_stats: 0
[18335] 01-07 04:37:37,554 INFO [RocksDB]                              Options.ttl: 0
[18335] 01-07 04:37:37,554 INFO [RocksDB][db/version_set.cc:3361] Recovered from manifest file:/home/ubuntu/ardb/data/rocksdb/MANIFEST-000001 succeeded,manifest_file_number is 1, next_file_number is 3, last_sequence is 0, log_number is 0,prev_log_number is 0,max_column_family is 0,min_log_number_to_keep is 0

[18335] 01-07 04:37:37,554 INFO [RocksDB][db/version_set.cc:3369] Column family [default] (ID 0), log number is 0

[18335] 01-07 04:37:37,558 INFO [RocksDB][db/db_impl_open.cc:1219] DB pointer 0x7faf3e7be000
[18335] 01-07 04:37:37,558 INFO Ardb init engine:rocksdb success.
[18335] 01-07 04:37:37,560 INFO Ardb will accept connections on 0.0.0.0:16379
[18335] 01-07 04:37:37,561 INFO Ardb started with version 0.10.0
[18335] 01-07 04:37:38,561 INFO ========================Period Statistics Dump Begin===========================
[18335] 01-07 04:37:38,561 INFO slave_sync_total_commands_processed:0
[18335] 01-07 04:37:38,561 INFO slave_sync_instantaneous_ops_per_sec:0
[18335] 01-07 04:37:38,561 INFO total_commands_processed:0
[18335] 01-07 04:37:38,561 INFO instantaneous_ops_per_sec:0
[18335] 01-07 04:37:38,561 INFO total_connections_received:0
[18335] 01-07 04:37:38,561 INFO rejected_connections:0
[18335] 01-07 04:37:38,561 INFO ========================Period Statistics Dump End===========================
[18335] 01-07 04:37:50,113 INFO [RocksDB][db/version_set.cc:2847] Creating manifest 6

[18335] 01-07 04:37:50,119 INFO [RocksDB][db/column_family.cc:475] --------------- Options for column family [0]:

[18335] 01-07 04:37:50,119 INFO [RocksDB]              Options.comparator: ardb.comparator
[18335] 01-07 04:37:50,119 INFO [RocksDB]          Options.merge_operator: ardb.merger
[18335] 01-07 04:37:50,119 INFO [RocksDB]       Options.compaction_filter: None
[18335] 01-07 04:37:50,119 INFO [RocksDB]       Options.compaction_filter_factory: ardb.compact_filter_factory
[18335] 01-07 04:37:50,119 INFO [RocksDB]        Options.memtable_factory: SkipListFactory
[18335] 01-07 04:37:50,119 INFO [RocksDB]           Options.table_factory: BlockBasedTable
[18335] 01-07 04:37:50,119 INFO [RocksDB]           table_factory options:   flush_block_policy_factory: FlushBlockBySizePolicyFactory (0x7faf3ee08018)
  cache_index_and_filter_blocks: 0
  cache_index_and_filter_blocks_with_high_priority: 0
  pin_l0_filter_and_index_blocks_in_cache: 0
  index_type: 0
  hash_index_allow_collision: 1
  checksum: 1
  no_block_cache: 0
  block_cache: 0x7faf3ee81cf0
  block_cache_name: LRUCache
  block_cache_options:
    capacity : 536870912
    num_shard_bits : 6
    strict_capacity_limit : 0
    high_pri_pool_ratio: 0.000
  block_cache_compressed: (nil)
  persistent_cache: (nil)
  block_size: 4096
  block_size_deviation: 10
  block_restart_interval: 16
  index_block_restart_interval: 1
  metadata_block_size: 4096
  partition_filters: 0
  use_delta_encoding: 1
  filter_policy: rocksdb.BuiltinBloomFilter
  whole_key_filtering: 1
  verify_compression: 0
  read_amp_bytes_per_bit: 0
  format_version: 2
  enable_index_compression: 1
  block_align: 0

[18335] 01-07 04:37:50,119 INFO [RocksDB]       Options.write_buffer_size: 268435456
[18335] 01-07 04:37:50,119 INFO [RocksDB] Options.max_write_buffer_number: 6
[18335] 01-07 04:37:50,119 INFO [RocksDB]       Options.compression[0]: NoCompression
[18335] 01-07 04:37:50,119 INFO [RocksDB]       Options.compression[1]: NoCompression
[18335] 01-07 04:37:50,119 INFO [RocksDB]       Options.compression[2]: Snappy
[18335] 01-07 04:37:50,119 INFO [RocksDB]       Options.compression[3]: Snappy
[18335] 01-07 04:37:50,119 INFO [RocksDB]       Options.compression[4]: Snappy
[18335] 01-07 04:37:50,119 INFO [RocksDB]       Options.compression[5]: Snappy
[18335] 01-07 04:37:50,119 INFO [RocksDB]       Options.compression[6]: Snappy
[18335] 01-07 04:37:50,119 INFO [RocksDB]                 Options.bottommost_compression: Disabled
[18335] 01-07 04:37:50,119 INFO [RocksDB]      Options.prefix_extractor: ardb.prefix_extractor
[18335] 01-07 04:37:50,119 INFO [RocksDB]  Options.memtable_insert_with_hint_prefix_extractor: nullptr
[18335] 01-07 04:37:50,119 INFO [RocksDB]            Options.num_levels: 7
[18335] 01-07 04:37:50,119 INFO [RocksDB]       Options.min_write_buffer_number_to_merge: 2
[18335] 01-07 04:37:50,119 INFO [RocksDB]    Options.max_write_buffer_number_to_maintain: 0
[18335] 01-07 04:37:50,119 INFO [RocksDB]           Options.compression_opts.window_bits: -14
[18335] 01-07 04:37:50,119 INFO [RocksDB]                 Options.compression_opts.level: -1
[18335] 01-07 04:37:50,119 INFO [RocksDB]              Options.compression_opts.strategy: 0
[18335] 01-07 04:37:50,119 INFO [RocksDB]        Options.compression_opts.max_dict_bytes: 0
[18335] 01-07 04:37:50,119 INFO [RocksDB]        Options.compression_opts.zstd_max_train_bytes: 0
[18335] 01-07 04:37:50,119 INFO [RocksDB]     Options.level0_file_num_compaction_trigger: 2
[18335] 01-07 04:37:50,119 INFO [RocksDB]         Options.level0_slowdown_writes_trigger: 20
[18335] 01-07 04:37:50,119 INFO [RocksDB]             Options.level0_stop_writes_trigger: 36
[18335] 01-07 04:37:50,119 INFO [RocksDB]                  Options.target_file_size_base: 67108864
[18335] 01-07 04:37:50,119 INFO [RocksDB]            Options.target_file_size_multiplier: 1
[18335] 01-07 04:37:50,119 INFO [RocksDB]               Options.max_bytes_for_level_base: 536870912
[18335] 01-07 04:37:50,119 INFO [RocksDB]Options.level_compaction_dynamic_level_bytes: 0
[18335] 01-07 04:37:50,119 INFO [RocksDB]         Options.max_bytes_for_level_multiplier: 10.000000
[18335] 01-07 04:37:50,119 INFO [RocksDB]Options.max_bytes_for_level_multiplier_addtl[0]: 1
[18335] 01-07 04:37:50,119 INFO [RocksDB]Options.max_bytes_for_level_multiplier_addtl[1]: 1
[18335] 01-07 04:37:50,119 INFO [RocksDB]Options.max_bytes_for_level_multiplier_addtl[2]: 1
[18335] 01-07 04:37:50,119 INFO [RocksDB]Options.max_bytes_for_level_multiplier_addtl[3]: 1
[18335] 01-07 04:37:50,119 INFO [RocksDB]Options.max_bytes_for_level_multiplier_addtl[4]: 1
[18335] 01-07 04:37:50,119 INFO [RocksDB]Options.max_bytes_for_level_multiplier_addtl[5]: 1
[18335] 01-07 04:37:50,119 INFO [RocksDB]Options.max_bytes_for_level_multiplier_addtl[6]: 1
[18335] 01-07 04:37:50,119 INFO [RocksDB]      Options.max_sequential_skip_in_iterations: 8
[18335] 01-07 04:37:50,119 INFO [RocksDB]                   Options.max_compaction_bytes: 1677721600
[18335] 01-07 04:37:50,119 INFO [RocksDB]                       Options.arena_block_size: 33554432
[18335] 01-07 04:37:50,119 INFO [RocksDB]  Options.soft_pending_compaction_bytes_limit: 68719476736
[18335] 01-07 04:37:50,119 INFO [RocksDB]  Options.hard_pending_compaction_bytes_limit: 274877906944
[18335] 01-07 04:37:50,119 INFO [RocksDB]      Options.rate_limit_delay_max_milliseconds: 100
[18335] 01-07 04:37:50,119 INFO [RocksDB]               Options.disable_auto_compactions: 0
[18335] 01-07 04:37:50,119 INFO [RocksDB]                       Options.compaction_style: kCompactionStyleLevel
[18335] 01-07 04:37:50,119 INFO [RocksDB]                         Options.compaction_pri: kByCompensatedSize
[18335] 01-07 04:37:50,119 INFO [RocksDB]Options.compaction_options_universal.size_ratio: 1
[18335] 01-07 04:37:50,119 INFO [RocksDB]Options.compaction_options_universal.min_merge_width: 2
[18335] 01-07 04:37:50,119 INFO [RocksDB]Options.compaction_options_universal.max_merge_width: 4294967295
[18335] 01-07 04:37:50,119 INFO [RocksDB]Options.compaction_options_universal.max_size_amplification_percent: 200
[18335] 01-07 04:37:50,119 INFO [RocksDB]Options.compaction_options_universal.compression_size_percent: -1
[18335] 01-07 04:37:50,119 INFO [RocksDB]Options.compaction_options_universal.stop_style: kCompactionStopStyleTotalSize
[18335] 01-07 04:37:50,119 INFO [RocksDB]Options.compaction_options_fifo.max_table_files_size: 1073741824
[18335] 01-07 04:37:50,119 INFO [RocksDB]Options.compaction_options_fifo.allow_compaction: 0
[18335] 01-07 04:37:50,119 INFO [RocksDB]Options.compaction_options_fifo.ttl: 0
[18335] 01-07 04:37:50,119 INFO [RocksDB]                  Options.table_properties_collectors: 
[18335] 01-07 04:37:50,119 INFO [RocksDB]                  Options.inplace_update_support: 0
[18335] 01-07 04:37:50,119 INFO [RocksDB]                Options.inplace_update_num_locks: 10000
[18335] 01-07 04:37:50,119 INFO [RocksDB]              Options.memtable_prefix_bloom_size_ratio: 0.000000
[18335] 01-07 04:37:50,119 INFO [RocksDB]  Options.memtable_huge_page_size: 0
[18335] 01-07 04:37:50,119 INFO [RocksDB]                          Options.bloom_locality: 0
[18335] 01-07 04:37:50,119 INFO [RocksDB]                   Options.max_successive_merges: 0
[18335] 01-07 04:37:50,119 INFO [RocksDB]               Options.optimize_filters_for_hits: 0
[18335] 01-07 04:37:50,119 INFO [RocksDB]               Options.paranoid_file_checks: 0
[18335] 01-07 04:37:50,119 INFO [RocksDB]               Options.force_consistency_checks: 0
[18335] 01-07 04:37:50,119 INFO [RocksDB]               Options.report_bg_io_stats: 0
[18335] 01-07 04:37:50,119 INFO [RocksDB]                              Options.ttl: 0
[18335] 01-07 04:37:50,119 INFO [RocksDB][db/db_impl.cc:1396] Created column family [0] (ID 1)
[18335] 01-07 04:37:50,122 INFO Create ColumnFamilyHandle with name:0 success.
[18335] 01-07 04:37:57,586 INFO [RocksDB][db/db_impl_write.cc:1373] [0] New memtable created with log file: #9. Immutable memtables: 0.

[18335] 01-07 04:38:06,097 INFO [RocksDB][db/db_impl_write.cc:1373] [0] New memtable created with log file: #10. Immutable memtables: 1.

[18335] 01-07 04:38:06,097 INFO [RocksDB][db/db_impl_compaction_flush.cc:80] [JOB 2] Syncing log #3
[18335] 01-07 04:38:07,839 INFO [RocksDB][db/db_impl_compaction_flush.cc:80] [JOB 2] Syncing log #9
[18335] 01-07 04:38:11,565 INFO [RocksDB](Original Log Time 2020/01/07-04:38:06.097421) [db/db_impl_compaction_flush.cc:1424] Calling FlushMemTableToOutputFile with column family [0], flush slots available 4, compaction slots available 1, flush slots scheduled 1, compaction slots scheduled 0
[18335] 01-07 04:38:11,565 INFO [RocksDB][db/flush_job.cc:301] [0] [JOB 2] Flushing memtable with next log file: 9

[18335] 01-07 04:38:11,565 INFO [RocksDB][db/flush_job.cc:301] [0] [JOB 2] Flushing memtable with next log file: 10

[18335] 01-07 04:38:11,566 INFO [RocksDB]EVENT_LOG_v1 {"time_micros": 1578371891566005, "job": 2, "event": "flush_started", "num_memtables": 2, "num_entries": 3538952, "num_deletes": 0, "memory_usage": 520102064, "flush_reason": "Write Buffer Full"}
[18335] 01-07 04:38:11,566 INFO [RocksDB][db/flush_job.cc:331] [0] [JOB 2] Level-0 flush table #11: started
[18335] 01-07 04:38:15,592 INFO [RocksDB][db/db_impl_write.cc:1373] [0] New memtable created with log file: #12. Immutable memtables: 2.

[18335] 01-07 04:38:18,168 INFO [RocksDB]EVENT_LOG_v1 {"time_micros": 1578371898168227, "cf_name": "0", "job": 2, "event": "table_file_creation", "file_number": 11, "file_size": 344101367, "table_properties": {"data_size": 334325631, "index_size": 4487956, "filter_size": 5286738, "raw_key_size": 139267436, "raw_average_key_size": 42, "raw_value_size": 267824636, "raw_average_value_size": 81, "num_data_blocks": 83300, "num_entries": 3286177, "filter_policy_name": "rocksdb.BuiltinBloomFilter", "kDeletedKeys": "0", "kMergeOperands": "0"}}
[18335] 01-07 04:38:18,168 INFO [RocksDB][db/flush_job.cc:371] [0] [JOB 2] Level-0 flush table #11: 344101367 bytes OK
[18335] 01-07 04:38:18,171 INFO [RocksDB](Original Log Time 2020/01/07-04:38:18.169484) [db/memtable_list.cc:377] [0] Level-0 commit table #11 started
[18335] 01-07 04:38:18,171 INFO [RocksDB](Original Log Time 2020/01/07-04:38:18.171244) [db/memtable_list.cc:409] [0] Level-0 commit table #11: memtable #1 done
[18335] 01-07 04:38:18,171 INFO [RocksDB](Original Log Time 2020/01/07-04:38:18.171250) [db/memtable_list.cc:409] [0] Level-0 commit table #11: memtable #2 done
[18335] 01-07 04:38:18,171 INFO [RocksDB](Original Log Time 2020/01/07-04:38:18.171264) EVENT_LOG_v1 {"time_micros": 1578371898171258, "job": 2, "event": "flush_finished", "output_compression": "NoCompression", "lsm_state": [1, 0, 0, 0, 0, 0, 0], "immutable_memtables": 1}
[18335] 01-07 04:38:18,171 INFO [RocksDB](Original Log Time 2020/01/07-04:38:18.171277) [db/db_impl_compaction_flush.cc:177] [0] Level summary: base level 1 max bytes base 536870912 files[1 0 0 0 0 0 0] max score 0.64

[18335] 01-07 04:38:18,171 INFO [RocksDB][db/db_impl_files.cc:342] [JOB 2] Try to delete WAL files size 417870203, prev total WAL file size 669893155, number of live WAL files 4.

[18335] 01-07 04:38:26,408 INFO [RocksDB][db/db_impl_write.cc:1373] [0] New memtable created with log file: #13. Immutable memtables: 1.

[18335] 01-07 04:38:26,408 INFO [RocksDB][db/db_impl_compaction_flush.cc:80] [JOB 3] Syncing log #10
[18335] 01-07 04:38:26,951 INFO [RocksDB][db/db_impl_compaction_flush.cc:80] [JOB 3] Syncing log #12
[18335] 01-07 04:38:28,598 INFO [RocksDB](Original Log Time 2020/01/07-04:38:26.408733) [db/db_impl_compaction_flush.cc:1424] Calling FlushMemTableToOutputFile with column family [0], flush slots available 4, compaction slots available 1, flush slots scheduled 1, compaction slots scheduled 0
[18335] 01-07 04:38:28,598 INFO [RocksDB][db/flush_job.cc:301] [0] [JOB 3] Flushing memtable with next log file: 12

[18335] 01-07 04:38:28,598 INFO [RocksDB][db/flush_job.cc:301] [0] [JOB 3] Flushing memtable with next log file: 13

[18335] 01-07 04:38:28,598 INFO [RocksDB]EVENT_LOG_v1 {"time_micros": 1578371908598752, "job": 3, "event": "flush_started", "num_memtables": 2, "num_entries": 3590381, "num_deletes": 0, "memory_usage": 520102152, "flush_reason": "Write Buffer Full"}
[18335] 01-07 04:38:28,598 INFO [RocksDB][db/flush_job.cc:331] [0] [JOB 3] Level-0 flush table #14: started
[18335] 01-07 04:38:35,295 INFO [RocksDB]EVENT_LOG_v1 {"time_micros": 1578371915295240, "cf_name": "0", "job": 3, "event": "table_file_creation", "file_number": 14, "file_size": 349001383, "table_properties": {"data_size": 339082807, "index_size": 4554337, "filter_size": 5363196, "raw_key_size": 141289910, "raw_average_key_size": 42, "raw_value_size": 271715157, "raw_average_value_size": 81, "num_data_blocks": 84487, "num_entries": 3333927, "filter_policy_name": "rocksdb.BuiltinBloomFilter", "kDeletedKeys": "0", "kMergeOperands": "0"}}
[18335] 01-07 04:38:35,295 INFO [RocksDB][db/flush_job.cc:371] [0] [JOB 3] Level-0 flush table #14: 349001383 bytes OK
[18335] 01-07 04:38:35,298 INFO [RocksDB](Original Log Time 2020/01/07-04:38:35.296522) [db/memtable_list.cc:377] [0] Level-0 commit table #14 started
[18335] 01-07 04:38:35,298 INFO [RocksDB](Original Log Time 2020/01/07-04:38:35.298255) [db/memtable_list.cc:409] [0] Level-0 commit table #14: memtable #1 done
[18335] 01-07 04:38:35,298 INFO [RocksDB](Original Log Time 2020/01/07-04:38:35.298256) [db/memtable_list.cc:409] [0] Level-0 commit table #14: memtable #2 done
[18335] 01-07 04:38:35,298 INFO [RocksDB](Original Log Time 2020/01/07-04:38:35.298267) EVENT_LOG_v1 {"time_micros": 1578371915298262, "job": 3, "event": "flush_finished", "output_compression": "NoCompression", "lsm_state": [2, 0, 0, 0, 0, 0, 0], "immutable_memtables": 0}
[18335] 01-07 04:38:35,298 INFO [RocksDB](Original Log Time 2020/01/07-04:38:35.298282) [db/db_impl_compaction_flush.cc:177] [0] Level summary: base level 1 max bytes base 536870912 files[2 0 0 0 0 0 0] max score 1.29

[18335] 01-07 04:38:35,298 INFO [RocksDB][db/db_impl_files.cc:342] [JOB 3] Try to delete WAL files size 424024869, prev total WAL file size 593659594, number of live WAL files 3.

[18335] 01-07 04:38:35,298 WARN [RocksDB][db/db_impl.cc:491] ------- DUMPING STATS -------
[18335] 01-07 04:38:35,298 WARN [RocksDB][db/db_impl.cc:492] 
** DB Stats **
Uptime(secs): 57.7 total, 57.7 interval
Cumulative writes: 1223K writes, 8565K keys, 1221K commit groups, 1.0 writes per commit group, ingest: 0.94 GB, 16.71 MB/s
Cumulative WAL: 1223K writes, 0 syncs, 1223662.00 writes per sync, written: 0.94 GB, 16.71 MB/s
Cumulative stall: 00:00:0.000 H:M:S, 0.0 percent
Interval writes: 1223K writes, 8565K keys, 1221K commit groups, 1.0 writes per commit group, ingest: 964.67 MB, 16.71 MB/s
Interval WAL: 1223K writes, 0 syncs, 1223662.00 writes per sync, written: 0.94 MB, 16.71 MB/s
Interval stall: 00:00:0.000 H:M:S, 0.0 percent

** Compaction Stats [default] **
Level    Files   Size     Score Read(GB)  Rn(GB) Rnp1(GB) Write(GB) Wnew(GB) Moved(GB) W-Amp Rd(MB/s) Wr(MB/s) Comp(sec) Comp(cnt) Avg(sec) KeyIn KeyDrop
----------------------------------------------------------------------------------------------------------------------------------------------------------
 Sum      0/0    0.00 KB   0.0      0.0     0.0      0.0       0.0     
[18335] 01-07 04:38:35,298 INFO [RocksDB][db/compaction_job.cc:1531] [0] [JOB 4] Compacting 2@0 files to L1, score 1.29
[18335] 01-07 04:38:35,298 INFO [RocksDB][db/compaction_job.cc:1535] [0] Compaction start summary: Base version 4 Base level 0, inputs: [14(332MB) 11(328MB)]

[18335] 01-07 04:38:35,298 INFO [RocksDB]EVENT_LOG_v1 {"time_micros": 1578371915298803, "job": 4, "event": "compaction_started", "compaction_reason": "LevelL0FilesNum", "files_L0": [14, 11], "score": 1.291, "input_data_size": 693102750}
[18335] 01-07 04:38:37,576 INFO [RocksDB][db/db_impl_write.cc:1373] [0] New memtable created with log file: #16. Immutable memtables: 0.

[18335] 01-07 04:38:37,580 INFO [RocksDB][db/compaction_job.cc:1211] [0] [JOB 4] Generated table #15: 1223355 keys, 69819749 bytes
[18335] 01-07 04:38:37,580 INFO [RocksDB]EVENT_LOG_v1 {"time_micros": 1578371917580756, "cf_name": "0", "job": 4, "event": "table_file_creation", "file_number": 15, "file_size": 69819749, "table_properties": {"data_size": 67110073, "index_size": 981458, "filter_size": 1727187, "raw_key_size": 58469784, "raw_average_key_size": 47, "raw_value_size": 26848632, "raw_average_value_size": 21, "num_data_blocks": 16593, "num_entries": 1223355, "filter_policy_name": "rocksdb.BuiltinBloomFilter", "kDeletedKeys": "0", "kMergeOperands": "0"}}
[18335] 01-07 04:38:38,889 INFO [RocksDB][db/compaction_job.cc:1211] [0] [JOB 4] Generated table #17: 597563 keys, 68988520 bytes
[18335] 01-07 04:38:38,889 INFO [RocksDB]EVENT_LOG_v1 {"time_micros": 1578371918889301, "cf_name": "0", "job": 4, "event": "table_file_creation", "file_number": 17, "file_size": 68988520, "table_properties": {"data_size": 67111499, "index_size": 888044, "filter_size": 987946, "raw_key_size": 24597065, "raw_average_key_size": 41, "raw_value_size": 56768476, "raw_average_value_size": 94, "num_data_blocks": 16739, "num_entries": 597563, "filter_policy_name": "rocksdb.BuiltinBloomFilter", "kDeletedKeys": "0", "kMergeOperands": "0"}}
[18335] 01-07 04:38:40,197 INFO [RocksDB][db/compaction_job.cc:1211] [0] [JOB 4] Generated table #18: 597536 keys, 68987473 bytes
[18335] 01-07 04:38:40,197 INFO [RocksDB]EVENT_LOG_v1 {"time_micros": 1578371920197568, "cf_name": "0", "job": 4, "event": "table_file_creation", "file_number": 18, "file_size": 68987473, "table_properties": {"data_size": 67110115, "index_size": 888418, "filter_size": 987909, "raw_key_size": 24595933, "raw_average_key_size": 41, "raw_value_size": 56765965, "raw_average_value_size": 95, "num_data_blocks": 16739, "num_entries": 597536, "filter_policy_name": "rocksdb.BuiltinBloomFilter", "kDeletedKeys": "0", "kMergeOperands": "0"}}
[18335] 01-07 04:38:41,507 INFO [RocksDB][db/compaction_job.cc:1211] [0] [JOB 4] Generated table #19: 597512 keys, 68987336 bytes
[18335] 01-07 04:38:41,507 INFO [RocksDB]EVENT_LOG_v1 {"time_micros": 1578371921507179, "cf_name": "0", "job": 4, "event": "table_file_creation", "file_number": 19, "file_size": 68987336, "table_properties": {"data_size": 67109756, "index_size": 888666, "filter_size": 987883, "raw_key_size": 24593954, "raw_average_key_size": 41, "raw_value_size": 56763568, "raw_average_value_size": 94, "num_data_blocks": 16739, "num_entries": 597512, "filter_policy_name": "rocksdb.BuiltinBloomFilter", "kDeletedKeys": "0", "kMergeOperands": "0"}}
[18335] 01-07 04:38:42,880 INFO [RocksDB][db/compaction_job.cc:1211] [0] [JOB 4] Generated table #20: 597554 keys, 68988616 bytes
[18335] 01-07 04:38:42,880 INFO [RocksDB]EVENT_LOG_v1 {"time_micros": 1578371922880278, "cf_name": "0", "job": 4, "event": "table_file_creation", "file_number": 20, "file_size": 68988616, "table_properties": {"data_size": 67111583, "index_size": 888058, "filter_size": 987944, "raw_key_size": 24595683, "raw_average_key_size": 41, "raw_value_size": 56767639, "raw_average_value_size": 95, "num_data_blocks": 16740, "num_entries": 597554, "filter_policy_name": "rocksdb.BuiltinBloomFilter", "kDeletedKeys": "0", "kMergeOperands": "0"}}
[18335] 01-07 04:38:44,180 INFO [RocksDB][db/compaction_job.cc:1211] [0] [JOB 4] Generated table #21: 597560 keys, 68989381 bytes
[18335] 01-07 04:38:44,180 INFO [RocksDB]EVENT_LOG_v1 {"time_micros": 1578371924180848, "cf_name": "0", "job": 4, "event": "table_file_creation", "file_number": 21, "file_size": 68989381, "table_properties": {"data_size": 67112198, "index_size": 888220, "filter_size": 987932, "raw_key_size": 24595880, "raw_average_key_size": 41, "raw_value_size": 56768263, "raw_average_value_size": 95, "num_data_blocks": 16738, "num_entries": 597560, "filter_policy_name": "rocksdb.BuiltinBloomFilter", "kDeletedKeys": "0", "kMergeOperands": "0"}}
[18335] 01-07 04:38:45,520 INFO [RocksDB][db/compaction_job.cc:1211] [0] [JOB 4] Generated table #22: 597542 keys, 68988556 bytes
[18335] 01-07 04:38:45,520 INFO [RocksDB]EVENT_LOG_v1 {"time_micros": 1578371925520819, "cf_name": "0", "job": 4, "event": "table_file_creation", "file_number": 22, "file_size": 68988556, "table_properties": {"data_size": 67111183, "index_size": 888421, "filter_size": 987921, "raw_key_size": 24596155, "raw_average_key_size": 41, "raw_value_size": 56766490, "raw_average_value_size": 95, "num_data_blocks": 16739, "num_entries": 597542, "filter_policy_name": "rocksdb.BuiltinBloomFilter", "kDeletedKeys": "0", "kMergeOperands": "0"}}
[18335] 01-07 04:38:46,828 INFO [RocksDB][db/compaction_job.cc:1211] [0] [JOB 4] Generated table #23: 597559 keys, 68989566 bytes
[18335] 01-07 04:38:46,828 INFO [RocksDB]EVENT_LOG_v1 {"time_micros": 1578371926828771, "cf_name": "0", "job": 4, "event": "table_file_creation", "file_number": 23, "file_size": 68989566, "table_properties": {"data_size": 67112089, "index_size": 888504, "filter_size": 987942, "raw_key_size": 24598052, "raw_average_key_size": 41, "raw_value_size": 56768060, "raw_average_value_size": 94, "num_data_blocks": 16739, "num_entries": 597559, "filter_policy_name": "rocksdb.BuiltinBloomFilter", "kDeletedKeys": "0", "kMergeOperands": "0"}}
[18335] 01-07 04:38:48,137 INFO [RocksDB][db/compaction_job.cc:1211] [0] [JOB 4] Generated table #24: 597544 keys, 68988109 bytes
[18335] 01-07 04:38:48,137 INFO [RocksDB]EVENT_LOG_v1 {"time_micros": 1578371928137105, "cf_name": "0", "job": 4, "event": "table_file_creation", "file_number": 24, "file_size": 68988109, "table_properties": {"data_size": 67110711, "index_size": 888439, "filter_size": 987928, "raw_key_size": 24596283, "raw_average_key_size": 41, "raw_value_size": 56766698, "raw_average_value_size": 95, "num_data_blocks": 16740, "num_entries": 597544, "filter_policy_name": "rocksdb.BuiltinBloomFilter", "kDeletedKeys": "0", "kMergeOperands": "0"}}
[18335] 01-07 04:38:48,402 INFO [RocksDB][db/db_impl_write.cc:1373] [0] New memtable created with log file: #26. Immutable memtables: 1.

[18335] 01-07 04:38:48,402 INFO [RocksDB][db/db_impl_compaction_flush.cc:80] [JOB 5] Syncing log #13
[18335] 01-07 04:38:49,438 INFO [RocksDB][db/db_impl_compaction_flush.cc:80] [JOB 5] Syncing log #16
[18335] 01-07 04:38:51,726 INFO [RocksDB][db/compaction_job.cc:1211] [0] [JOB 4] Generated table #25: 597553 keys, 68986264 bytes
[18335] 01-07 04:38:51,726 INFO [RocksDB]EVENT_LOG_v1 {"time_micros": 1578371931726899, "cf_name": "0", "job": 4, "event": "table_file_creation", "file_number": 25, "file_size": 68986264, "table_properties": {"data_size": 67109641, "index_size": 887662, "filter_size": 987930, "raw_key_size": 24562568, "raw_average_key_size": 41, "raw_value_size": 56767535, "raw_average_value_size": 95, "num_data_blocks": 16739, "num_entries": 597553, "filter_policy_name": "rocksdb.BuiltinBloomFilter", "kDeletedKeys": "0", "kMergeOperands": "0"}}
[18335] 01-07 04:38:51,728 INFO [RocksDB](Original Log Time 2020/01/07-04:38:48.402113) [db/db_impl_compaction_flush.cc:1424] Calling FlushMemTableToOutputFile with column family [0], flush slots available 4, compaction slots available 1, flush slots scheduled 1, compaction slots scheduled 1
[18335] 01-07 04:38:51,728 INFO [RocksDB][db/flush_job.cc:301] [0] [JOB 5] Flushing memtable with next log file: 16

[18335] 01-07 04:38:51,728 INFO [RocksDB][db/flush_job.cc:301] [0] [JOB 5] Flushing memtable with next log file: 26

[18335] 01-07 04:38:51,728 INFO [RocksDB]EVENT_LOG_v1 {"time_micros": 1578371931728183, "job": 5, "event": "flush_started", "num_memtables": 2, "num_entries": 3715759, "num_deletes": 0, "memory_usage": 520100512, "flush_reason": "Write Buffer Full"}
[18335] 01-07 04:38:51,728 INFO [RocksDB][db/flush_job.cc:331] [0] [JOB 5] Level-0 flush table #27: started
[18335] 01-07 04:38:51,752 INFO [RocksDB][db/compaction_job.cc:1211] [0] [JOB 4] Generated table #28: 18825 keys, 2171500 bytes
[18335] 01-07 04:38:51,752 INFO [RocksDB]EVENT_LOG_v1 {"time_micros": 1578371931752807, "cf_name": "0", "job": 4, "event": "table_file_creation", "file_number": 28, "file_size": 2171500, "table_properties": {"data_size": 2112396, "index_size": 26959, "filter_size": 31117, "raw_key_size": 755970, "raw_average_key_size": 40, "raw_value_size": 1788411, "raw_average_value_size": 95, "num_data_blocks": 527, "num_entries": 18825, "filter_policy_name": "rocksdb.BuiltinBloomFilter", "kDeletedKeys": "0", "kMergeOperands": "0"}}
[18335] 01-07 04:38:51,754 INFO [RocksDB][db/compaction_job.cc:1287] [0] [JOB 4] Compacted 2@0 files to L1 => 692885070 bytes
[18335] 01-07 04:38:51,756 INFO [RocksDB](Original Log Time 2020/01/07-04:38:51.756107) [db/compaction_job.cc:685] [0] compacted to: base level 1 max bytes base 536870912 files[0 11 0 0 0 0 0] max score 1.29, MB/sec: 42.1 rd, 42.1 wr, level 1, files in(2, 0) out(11) MB in(661.0, 0.0) out(660.8), read-write-amplify(2.0) write-amplify(1.0) OK, records in: 6620104, records dropped: 1 output_compression: NoCompression

[18335] 01-07 04:38:51,756 INFO [RocksDB](Original Log Time 2020/01/07-04:38:51.756132) EVENT_LOG_v1 {"time_micros": 1578371931756115, "job": 4, "event": "compaction_finished", "compaction_time_micros": 16455249, "output_level": 1, "num_output_files": 11, "total_output_size": 692885070, "num_input_records": 6620104, "num_output_records": 6620103, "num_subcompactions": 1, "output_compression": "NoCompression", "num_single_delete_mismatches": 0, "num_single_delete_fallthrough": 0, "lsm_state": [0, 11, 0, 0, 0, 0, 0]}
[18335] 01-07 04:38:51,757 INFO [RocksDB][db/compaction_job.cc:1531] [0] [JOB 6] Compacting 1@1 files to L2, score 1.29
[18335] 01-07 04:38:51,757 INFO [RocksDB][db/compaction_job.cc:1535] [0] Compaction start summary: Base version 5 Base level 1, inputs: [15(66MB)]

[18335] 01-07 04:38:51,757 INFO [RocksDB]EVENT_LOG_v1 {"time_micros": 1578371931757789, "job": 6, "event": "compaction_started", "compaction_reason": "LevelMaxLevelSize", "files_L1": [15], "score": 1.2906, "input_data_size": 69819749}
[18335] 01-07 04:38:55,066 INFO [RocksDB][db/compaction_job.cc:1211] [0] [JOB 6] Generated table #29: 1223355 keys, 53675502 bytes
[18335] 01-07 04:38:55,066 INFO [RocksDB]EVENT_LOG_v1 {"time_micros": 1578371935066632, "cf_name": "0", "job": 6, "event": "table_file_creation", "file_number": 29, "file_size": 53675502, "table_properties": {"data_size": 51444358, "index_size": 981154, "filter_size": 1696591, "raw_key_size": 58469784, "raw_average_key_size": 47, "raw_value_size": 26848632, "raw_average_value_size": 21, "num_data_blocks": 16593, "num_entries": 1223355, "filter_policy_name": "rocksdb.BuiltinBloomFilter", "kDeletedKeys": "0", "kMergeOperands": "0"}}
[18335] 01-07 04:38:55,067 INFO [RocksDB][db/compaction_job.cc:1287] [0] [JOB 6] Compacted 1@1 files to L2 => 53675502 bytes
[18335] 01-07 04:38:55,069 INFO [RocksDB](Original Log Time 2020/01/07-04:38:55.069880) [db/compaction_job.cc:685] [0] compacted to: base level 1 max bytes base 536870912 files[0 10 1 0 0 0 0] max score 1.16, MB/sec: 21.1 rd, 16.2 wr, level 2, files in(1, 0) out(1) MB in(66.6, 0.0) out(51.2), read-write-amplify(1.8) write-amplify(0.8) OK, records in: 1223355, records dropped: 0 output_compression: Snappy

[18335] 01-07 04:38:55,069 INFO [RocksDB](Original Log Time 2020/01/07-04:38:55.069895) EVENT_LOG_v1 {"time_micros": 1578371935069889, "job": 6, "event": "compaction_finished", "compaction_time_micros": 3310132, "output_level": 2, "num_output_files": 1, "total_output_size": 53675502, "num_input_records": 1223355, "num_output_records": 1223355, "num_subcompactions": 1, "output_compression": "Snappy", "num_single_delete_mismatches": 0, "num_single_delete_fallthrough": 0, "lsm_state": [0, 10, 1, 0, 0, 0, 0]}
[18335] 01-07 04:38:55,069 INFO [RocksDB][db/compaction_job.cc:1531] [0] [JOB 7] Compacting 1@1 files to L2, score 1.16
[18335] 01-07 04:38:55,069 INFO [RocksDB][db/compaction_job.cc:1535] [0] Compaction start summary: Base version 6 Base level 1, inputs: [23(65MB)]

[18335] 01-07 04:38:55,069 INFO [RocksDB]EVENT_LOG_v1 {"time_micros": 1578371935069972, "job": 7, "event": "compaction_started", "compaction_reason": "LevelMaxLevelSize", "files_L1": [23], "score": 1.16055, "input_data_size": 68989566}
[18335] 01-07 04:38:58,354 INFO [RocksDB][db/compaction_job.cc:1211] [0] [JOB 7] Generated table #30: 597559 keys, 68587171 bytes
[18335] 01-07 04:38:58,354 INFO [RocksDB]EVENT_LOG_v1 {"time_micros": 1578371938354613, "cf_name": "0", "job": 7, "event": "table_file_creation", "file_number": 30, "file_size": 68587171, "table_properties": {"data_size": 67112089, "index_size": 888504, "filter_size": 987942, "raw_key_size": 24598052, "raw_average_key_size": 41, "raw_value_size": 56768060, "raw_average_value_size": 94, "num_data_blocks": 16739, "num_entries": 597559, "filter_policy_name": "rocksdb.BuiltinBloomFilter", "kDeletedKeys": "0", "kMergeOperands": "0"}}
[18335] 01-07 04:38:58,360 INFO [RocksDB][db/compaction_job.cc:1287] [0] [JOB 7] Compacted 1@1 files to L2 => 68587171 bytes
[18335] 01-07 04:38:58,363 INFO [RocksDB](Original Log Time 2020/01/07-04:38:58.363833) [db/compaction_job.cc:685] [0] compacted to: base level 1 max bytes base 536870912 files[0 9 2 0 0 0 0] max score 1.03, MB/sec: 21.0 rd, 20.8 wr, level 2, files in(1, 0) out(1) MB in(65.8, 0.0) out(65.4), read-write-amplify(2.0) write-amplify(1.0) OK, records in: 597559, records dropped: 0 output_compression: Snappy

[18335] 01-07 04:38:58,363 INFO [RocksDB](Original Log Time 2020/01/07-04:38:58.363851) EVENT_LOG_v1 {"time_micros": 1578371938363845, "job": 7, "event": "compaction_finished", "compaction_time_micros": 3290287, "output_level": 2, "num_output_files": 1, "total_output_size": 68587171, "num_input_records": 597559, "num_output_records": 597559, "num_subcompactions": 1, "output_compression": "Snappy", "num_single_delete_mismatches": 0, "num_single_delete_fallthrough": 0, "lsm_state": [0, 9, 2, 0, 0, 0, 0]}
[18335] 01-07 04:38:58,370 INFO [RocksDB]EVENT_LOG_v1 {"time_micros": 1578371938370042, "job": 7, "event": "table_file_deletion", "file_number": 23}
[18335] 01-07 04:38:58,377 INFO [RocksDB]EVENT_LOG_v1 {"time_micros": 1578371938377075, "job": 7, "event": "table_file_deletion", "file_number": 15}
[18335] 01-07 04:38:58,377 INFO [RocksDB][db/compaction_job.cc:1531] [0] [JOB 8] Compacting 1@1 files to L2, score 1.03
[18335] 01-07 04:38:58,377 INFO [RocksDB][db/compaction_job.cc:1535] [0] Compaction start summary: Base version 7 Base level 1, inputs: [21(65MB)]

[18335] 01-07 04:38:58,377 INFO [RocksDB]EVENT_LOG_v1 {"time_micros": 1578371938377123, "job": 8, "event": "compaction_started", "compaction_reason": "LevelMaxLevelSize", "files_L1": [21], "score": 1.03205, "input_data_size": 68989381}
[18335] 01-07 04:39:01,585 INFO [RocksDB][db/db_impl_write.cc:1373] [0] New memtable created with log file: #32. Immutable memtables: 2.

[18335] 01-07 04:39:01,658 INFO [RocksDB][db/compaction_job.cc:1211] [0] [JOB 8] Generated table #31: 597560 keys, 68587808 bytes
[18335] 01-07 04:39:01,658 INFO [RocksDB]EVENT_LOG_v1 {"time_micros": 1578371941658954, "cf_name": "0", "job": 8, "event": "table_file_creation", "file_number": 31, "file_size": 68587808, "table_properties": {"data_size": 67112198, "index_size": 888220, "filter_size": 987932, "raw_key_size": 24595880, "raw_average_key_size": 41, "raw_value_size": 56768263, "raw_average_value_size": 95, "num_data_blocks": 16738, "num_entries": 597560, "filter_policy_name": "rocksdb.BuiltinBloomFilter", "kDeletedKeys": "0", "kMergeOperands": "0"}}
[18335] 01-07 04:39:01,660 INFO [RocksDB][db/compaction_job.cc:1287] [0] [JOB 8] Compacted 1@1 files to L2 => 68587808 bytes
[18335] 01-07 04:39:01,662 INFO [RocksDB](Original Log Time 2020/01/07-04:39:01.662862) [db/compaction_job.cc:685] [0] compacted to: base level 1 max bytes base 536870912 files[0 8 3 0 0 0 0] max score 0.90, MB/sec: 21.0 rd, 20.9 wr, level 2, files in(1, 0) out(1) MB in(65.8, 0.0) out(65.4), read-write-amplify(2.0) write-amplify(1.0) OK, records in: 597560, records dropped: 0 output_compression: Snappy

[18335] 01-07 04:39:01,662 INFO [RocksDB](Original Log Time 2020/01/07-04:39:01.662875) EVENT_LOG_v1 {"time_micros": 1578371941662870, "job": 8, "event": "compaction_finished", "compaction_time_micros": 3283644, "output_level": 2, "num_output_files": 1, "total_output_size": 68587808, "num_input_records": 597560, "num_output_records": 597560, "num_subcompactions": 1, "output_compression": "Snappy", "num_single_delete_mismatches": 0, "num_single_delete_fallthrough": 0, "lsm_state": [0, 8, 3, 0, 0, 0, 0]}
[18335] 01-07 04:39:01,669 INFO [RocksDB]EVENT_LOG_v1 {"time_micros": 1578371941669089, "job": 8, "event": "table_file_deletion", "file_number": 21}
[18335] 01-07 04:39:02,261 INFO [RocksDB]EVENT_LOG_v1 {"time_micros": 1578371942261662, "cf_name": "0", "job": 5, "event": "table_file_creation", "file_number": 27, "file_size": 361309660, "table_properties": {"data_size": 351042466, "index_size": 4715368, "filter_size": 5550783, "raw_key_size": 146228386, "raw_average_key_size": 42, "raw_value_size": 281204089, "raw_average_value_size": 81, "num_data_blocks": 87465, "num_entries": 3450351, "filter_policy_name": "rocksdb.BuiltinBloomFilter", "kDeletedKeys": "0", "kMergeOperands": "0"}}
[18335] 01-07 04:39:02,261 INFO [RocksDB][db/flush_job.cc:371] [0] [JOB 5] Level-0 flush table #27: 361309660 bytes OK
[18335] 01-07 04:39:02,264 INFO [RocksDB](Original Log Time 2020/01/07-04:39:02.263082) [db/memtable_list.cc:377] [0] Level-0 commit table #27 started
[18335] 01-07 04:39:02,265 INFO [RocksDB](Original Log Time 2020/01/07-04:39:02.264963) [db/memtable_list.cc:409] [0] Level-0 commit table #27: memtable #1 done
[18335] 01-07 04:39:02,265 INFO [RocksDB](Original Log Time 2020/01/07-04:39:02.264964) [db/memtable_list.cc:409] [0] Level-0 commit table #27: memtable #2 done
[18335] 01-07 04:39:02,265 INFO [RocksDB](Original Log Time 2020/01/07-04:39:02.264973) EVENT_LOG_v1 {"time_micros": 1578371942264969, "job": 5, "event": "flush_finished", "output_compression": "NoCompression", "lsm_state": [1, 8, 3, 0, 0, 0, 0], "immutable_memtables": 1}
[18335] 01-07 04:39:02,265 INFO [RocksDB](Original Log Time 2020/01/07-04:39:02.264984) [db/db_impl_compaction_flush.cc:177] [0] Level summary: base level 1 max bytes base 536870912 files[1 8 3 0 0 0 0] max score 0.90

[18335] 01-07 04:39:02,265 INFO [RocksDB][db/db_impl_files.cc:342] [JOB 5] Try to delete WAL files size 438842491, prev total WAL file size 666925357, number of live WAL files 4.

[18335] 01-07 04:39:02,317 INFO [RocksDB]EVENT_LOG_v1 {"time_micros": 1578371942317914, "job": 5, "event": "table_file_deletion", "file_number": 14}
[18335] 01-07 04:39:02,370 INFO [RocksDB]EVENT_LOG_v1 {"time_micros": 1578371942370709, "job": 5, "event": "table_file_deletion", "file_number": 11}
[18335] 01-07 04:39:38,200 INFO [RocksDB][db/db_impl_write.cc:1373] [0] New memtable created with log file: #33. Immutable memtables: 1.

[18335] 01-07 04:39:38,200 INFO [RocksDB][db/db_impl_compaction_flush.cc:80] [JOB 9] Syncing log #26
[18335] 01-07 04:39:38,200 INFO [RocksDB][db/db_impl_compaction_flush.cc:80] [JOB 9] Syncing log #32
[18335] 01-07 04:39:38,262 INFO [RocksDB](Original Log Time 2020/01/07-04:39:38.200447) [db/db_impl_compaction_flush.cc:1424] Calling FlushMemTableToOutputFile with column family [0], flush slots available 4, compaction slots available 1, flush slots scheduled 1, compaction slots scheduled 0
[18335] 01-07 04:39:38,262 INFO [RocksDB][db/flush_job.cc:301] [0] [JOB 9] Flushing memtable with next log file: 32

[18335] 01-07 04:39:38,262 INFO [RocksDB][db/flush_job.cc:301] [0] [JOB 9] Flushing memtable with next log file: 33

[18335] 01-07 04:39:38,262 INFO [RocksDB]EVENT_LOG_v1 {"time_micros": 1578371978262285, "job": 9, "event": "flush_started", "num_memtables": 2, "num_entries": 3990150, "num_deletes": 0, "memory_usage": 517243736, "flush_reason": "Write Buffer Full"}
[18335] 01-07 04:39:38,262 INFO [RocksDB][db/flush_job.cc:331] [0] [JOB 9] Level-0 flush table #34: started
[18335] 01-07 04:39:44,765 INFO [RocksDB]EVENT_LOG_v1 {"time_micros": 1578371984765683, "cf_name": "0", "job": 9, "event": "table_file_creation", "file_number": 34, "file_size": 342220552, "table_properties": {"data_size": 332222892, "index_size": 4476861, "filter_size": 5519757, "raw_key_size": 139323599, "raw_average_key_size": 41, "raw_value_size": 262770422, "raw_average_value_size": 79, "num_data_blocks": 82773, "num_entries": 3324779, "filter_policy_name": "rocksdb.BuiltinBloomFilter", "kDeletedKeys": "0", "kMergeOperands": "0"}}
[18335] 01-07 04:39:44,765 INFO [RocksDB][db/flush_job.cc:371] [0] [JOB 9] Level-0 flush table #34: 342220552 bytes OK
[18335] 01-07 04:39:44,768 INFO [RocksDB](Original Log Time 2020/01/07-04:39:44.766780) [db/memtable_list.cc:377] [0] Level-0 commit table #34 started
[18335] 01-07 04:39:44,768 INFO [RocksDB](Original Log Time 2020/01/07-04:39:44.768487) [db/memtable_list.cc:409] [0] Level-0 commit table #34: memtable #1 done
[18335] 01-07 04:39:44,768 INFO [RocksDB](Original Log Time 2020/01/07-04:39:44.768488) [db/memtable_list.cc:409] [0] Level-0 commit table #34: memtable #2 done
[18335] 01-07 04:39:44,768 INFO [RocksDB](Original Log Time 2020/01/07-04:39:44.768501) EVENT_LOG_v1 {"time_micros": 1578371984768493, "job": 9, "event": "flush_finished", "output_compression": "NoCompression", "lsm_state": [2, 8, 3, 0, 0, 0, 0], "immutable_memtables": 0}
[18335] 01-07 04:39:44,768 INFO [RocksDB](Original Log Time 2020/01/07-04:39:44.768531) [db/db_impl_compaction_flush.cc:177] [0] Level summary: base level 1 max bytes base 536870912 files[2 8 3 0 0 0 0] max score 1.31

[18335] 01-07 04:39:44,768 INFO [RocksDB][db/db_impl_files.cc:342] [JOB 9] Try to delete WAL files size 451415106, prev total WAL file size 467064583, number of live WAL files 3.

[18335] 01-07 04:39:44,768 INFO [RocksDB][db/compaction_job.cc:1531] [0] [JOB 10] Compacting 2@0 + 8@1 files to L1, score 1.31
[18335] 01-07 04:39:44,768 INFO [RocksDB][db/compaction_job.cc:1535] [0] Compaction start summary: Base version 10 Base level 0, inputs: [34(326MB) 27(344MB)], [17(65MB) 18(65MB) 19(65MB) 20(65MB) 22(65MB) 24(65MB) 25(65MB) 28(2120KB)]

[18335] 01-07 04:39:44,768 INFO [RocksDB]EVENT_LOG_v1 {"time_micros": 1578371984768750, "job": 10, "event": "compaction_started", "compaction_reason": "LevelL0FilesNum", "files_L0": [34, 27], "files_L1": [17, 18, 19, 20, 22, 24, 25, 28], "score": 1.31043, "input_data_size": 1188616586}
[18335] 01-07 04:39:46,287 INFO [RocksDB][db/compaction_job.cc:1211] [0] [JOB 10] Generated table #35: 1202268 keys, 69802444 bytes
[18335] 01-07 04:39:46,287 INFO [RocksDB]EVENT_LOG_v1 {"time_micros": 1578371986287191, "cf_name": "0", "job": 10, "event": "table_file_creation", "file_number": 35, "file_size": 69802444, "table_properties": {"data_size": 67111132, "index_size": 982917, "filter_size": 1707364, "raw_key_size": 57281716, "raw_average_key_size": 47, "raw_value_size": 27763643, "raw_average_value_size": 23, "num_data_blocks": 16604, "num_entries": 1202268, "filter_policy_name": "rocksdb.BuiltinBloomFilter", "kDeletedKeys": "0", "kMergeOperands": "0"}}
[18335] 01-07 04:39:47,587 INFO [RocksDB][db/compaction_job.cc:1211] [0] [JOB 10] Generated table #36: 597632 keys, 68990763 bytes
[18335] 01-07 04:39:47,587 INFO [RocksDB]EVENT_LOG_v1 {"time_micros": 1578371987587961, "cf_name": "0", "job": 10, "event": "table_file_creation", "file_number": 36, "file_size": 68990763, "table_properties": {"data_size": 67112658, "index_size": 889011, "filter_size": 988063, "raw_key_size": 24601224, "raw_average_key_size": 41, "raw_value_size": 56775058, "raw_average_value_size": 95, "num_data_blocks": 16743, "num_entries": 597632, "filter_policy_name": "rocksdb.BuiltinBloomFilter", "kDeletedKeys": "0", "kMergeOperands": "0"}}
