[15811] 01-07 04:27:14,347 INFO [RocksDB]RocksDB version: 5.14.2

[15811] 01-07 04:27:14,353 INFO [RocksDB]Git sha rocksdb_build_git_sha:5ee59bde6ee151270b065c58656993fea5e936e6
[15811] 01-07 04:27:14,353 INFO [RocksDB]Compile date Jan  7 2020
[15811] 01-07 04:27:14,353 INFO [RocksDB]DB SUMMARY

[15811] 01-07 04:27:14,353 INFO [RocksDB]SST files in /home/ubuntu/ardb/data/rocksdb dir, Total Num: 0, files: 

[15811] 01-07 04:27:14,353 INFO [RocksDB]Write Ahead Log file in /home/ubuntu/ardb/data/rocksdb: 

[15811] 01-07 04:27:14,353 INFO [RocksDB]                        Options.error_if_exists: 0
[15811] 01-07 04:27:14,353 INFO [RocksDB]                      Options.create_if_missing: 1
[15811] 01-07 04:27:14,353 INFO [RocksDB]                        Options.paranoid_checks: 1
[15811] 01-07 04:27:14,353 INFO [RocksDB]                                    Options.env: 0xbfd6c0
[15811] 01-07 04:27:14,353 INFO [RocksDB]                               Options.info_log: 0x7f16d6e3f8a0
[15811] 01-07 04:27:14,353 INFO [RocksDB]               Options.max_file_opening_threads: 16
[15811] 01-07 04:27:14,353 INFO [RocksDB]                             Options.statistics: (nil)
[15811] 01-07 04:27:14,353 INFO [RocksDB]                              Options.use_fsync: 0
[15811] 01-07 04:27:14,353 INFO [RocksDB]                      Options.max_log_file_size: 0
[15811] 01-07 04:27:14,353 INFO [RocksDB]                 Options.max_manifest_file_size: 18446744073709551615
[15811] 01-07 04:27:14,353 INFO [RocksDB]                  Options.log_file_time_to_roll: 0
[15811] 01-07 04:27:14,353 INFO [RocksDB]                      Options.keep_log_file_num: 1000
[15811] 01-07 04:27:14,353 INFO [RocksDB]                   Options.recycle_log_file_num: 0
[15811] 01-07 04:27:14,353 INFO [RocksDB]                        Options.allow_fallocate: 1
[15811] 01-07 04:27:14,353 INFO [RocksDB]                       Options.allow_mmap_reads: 0
[15811] 01-07 04:27:14,353 INFO [RocksDB]                      Options.allow_mmap_writes: 0
[15811] 01-07 04:27:14,353 INFO [RocksDB]                       Options.use_direct_reads: 0
[15811] 01-07 04:27:14,353 INFO [RocksDB]                       Options.use_direct_io_for_flush_and_compaction: 0
[15811] 01-07 04:27:14,353 INFO [RocksDB]         Options.create_missing_column_families: 0
[15811] 01-07 04:27:14,353 INFO [RocksDB]                             Options.db_log_dir: 
[15811] 01-07 04:27:14,353 INFO [RocksDB]                                Options.wal_dir: /home/ubuntu/ardb/data/rocksdb
[15811] 01-07 04:27:14,353 INFO [RocksDB]               Options.table_cache_numshardbits: 6
[15811] 01-07 04:27:14,353 INFO [RocksDB]                     Options.max_subcompactions: 1
[15811] 01-07 04:27:14,353 INFO [RocksDB]                 Options.max_background_flushes: -1
[15811] 01-07 04:27:14,353 INFO [RocksDB]                        Options.WAL_ttl_seconds: 0
[15811] 01-07 04:27:14,353 INFO [RocksDB]                      Options.WAL_size_limit_MB: 0
[15811] 01-07 04:27:14,353 INFO [RocksDB]            Options.manifest_preallocation_size: 4194304
[15811] 01-07 04:27:14,353 INFO [RocksDB]                    Options.is_fd_close_on_exec: 1
[15811] 01-07 04:27:14,353 INFO [RocksDB]                  Options.advise_random_on_open: 1
[15811] 01-07 04:27:14,353 INFO [RocksDB]                   Options.db_write_buffer_size: 0
[15811] 01-07 04:27:14,353 INFO [RocksDB]                   Options.write_buffer_manager: 0x7f16d75fa7d0
[15811] 01-07 04:27:14,353 INFO [RocksDB]        Options.access_hint_on_compaction_start: 1
[15811] 01-07 04:27:14,353 INFO [RocksDB] Options.new_table_reader_for_compaction_inputs: 0
[15811] 01-07 04:27:14,353 INFO [RocksDB]          Options.random_access_max_buffer_size: 1048576
[15811] 01-07 04:27:14,353 INFO [RocksDB]                     Options.use_adaptive_mutex: 1
[15811] 01-07 04:27:14,353 INFO [RocksDB]                           Options.rate_limiter: 0x7f16d6e38540
[15811] 01-07 04:27:14,353 INFO [RocksDB]    Options.sst_file_manager.rate_bytes_per_sec: 0
[15811] 01-07 04:27:14,353 INFO [RocksDB]                      Options.wal_recovery_mode: 2
[15811] 01-07 04:27:14,353 INFO [RocksDB]                 Options.enable_thread_tracking: 0
[15811] 01-07 04:27:14,353 INFO [RocksDB]                 Options.enable_pipelined_write: 1
[15811] 01-07 04:27:14,353 INFO [RocksDB]        Options.allow_concurrent_memtable_write: 1
[15811] 01-07 04:27:14,353 INFO [RocksDB]     Options.enable_write_thread_adaptive_yield: 1
[15811] 01-07 04:27:14,353 INFO [RocksDB]            Options.write_thread_max_yield_usec: 100
[15811] 01-07 04:27:14,353 INFO [RocksDB]           Options.write_thread_slow_yield_usec: 3
[15811] 01-07 04:27:14,353 INFO [RocksDB]                              Options.row_cache: None
[15811] 01-07 04:27:14,353 INFO [RocksDB]                             Options.wal_filter: None
[15811] 01-07 04:27:14,353 INFO [RocksDB]            Options.avoid_flush_during_recovery: 0
[15811] 01-07 04:27:14,353 INFO [RocksDB]            Options.allow_ingest_behind: 0
[15811] 01-07 04:27:14,353 INFO [RocksDB]            Options.preserve_deletes: 0
[15811] 01-07 04:27:14,353 INFO [RocksDB]            Options.two_write_queues: 0
[15811] 01-07 04:27:14,353 INFO [RocksDB]            Options.manual_wal_flush: 0
[15811] 01-07 04:27:14,353 INFO [RocksDB]            Options.max_background_jobs: 16
[15811] 01-07 04:27:14,353 INFO [RocksDB]            Options.max_background_compactions: -1
[15811] 01-07 04:27:14,353 INFO [RocksDB]            Options.avoid_flush_during_shutdown: 0
[15811] 01-07 04:27:14,353 INFO [RocksDB]          Options.writable_file_max_buffer_size: 1048576
[15811] 01-07 04:27:14,353 INFO [RocksDB]            Options.delayed_write_rate : 52428800
[15811] 01-07 04:27:14,353 INFO [RocksDB]            Options.max_total_wal_size: 0
[15811] 01-07 04:27:14,353 INFO [RocksDB]            Options.delete_obsolete_files_period_micros: 21600000000
[15811] 01-07 04:27:14,353 INFO [RocksDB]                  Options.stats_dump_period_sec: 100000
[15811] 01-07 04:27:14,353 INFO [RocksDB]                         Options.max_open_files: 1024
[15811] 01-07 04:27:14,353 INFO [RocksDB]                         Options.bytes_per_sync: 1048576
[15811] 01-07 04:27:14,353 INFO [RocksDB]                     Options.wal_bytes_per_sync: 0
[15811] 01-07 04:27:14,353 INFO [RocksDB]      Options.compaction_readahead_size: 0
[15811] 01-07 04:27:14,353 INFO [RocksDB]Compression algorithms supported:
[15811] 01-07 04:27:14,353 INFO [RocksDB]	kZSTDNotFinalCompression supported: 0
[15811] 01-07 04:27:14,353 INFO [RocksDB]	kZSTD supported: 0
[15811] 01-07 04:27:14,353 INFO [RocksDB]	kXpressCompression supported: 0
[15811] 01-07 04:27:14,353 INFO [RocksDB]	kLZ4HCCompression supported: 0
[15811] 01-07 04:27:14,353 INFO [RocksDB]	kLZ4Compression supported: 0
[15811] 01-07 04:27:14,353 INFO [RocksDB]	kBZip2Compression supported: 0
[15811] 01-07 04:27:14,353 INFO [RocksDB]	kZlibCompression supported: 1
[15811] 01-07 04:27:14,353 INFO [RocksDB]	kSnappyCompression supported: 1
[15811] 01-07 04:27:14,353 INFO [RocksDB]Fast CRC32 supported: Supported on x86
[15811] 01-07 04:27:14,353 INFO [RocksDB][db/db_impl_open.cc:222] Creating manifest 1 

[15811] 01-07 04:27:14,361 INFO [RocksDB][db/version_set.cc:3085] Recovering from manifest file: MANIFEST-000001

[15811] 01-07 04:27:14,361 INFO [RocksDB][db/column_family.cc:475] --------------- Options for column family [default]:

[15811] 01-07 04:27:14,361 INFO [RocksDB]              Options.comparator: ardb.comparator
[15811] 01-07 04:27:14,361 INFO [RocksDB]          Options.merge_operator: ardb.merger
[15811] 01-07 04:27:14,361 INFO [RocksDB]       Options.compaction_filter: None
[15811] 01-07 04:27:14,361 INFO [RocksDB]       Options.compaction_filter_factory: ardb.compact_filter_factory
[15811] 01-07 04:27:14,361 INFO [RocksDB]        Options.memtable_factory: SkipListFactory
[15811] 01-07 04:27:14,361 INFO [RocksDB]           Options.table_factory: BlockBasedTable
[15811] 01-07 04:27:14,361 INFO [RocksDB]           table_factory options:   flush_block_policy_factory: FlushBlockBySizePolicyFactory (0x7f16d7408018)
  cache_index_and_filter_blocks: 0
  cache_index_and_filter_blocks_with_high_priority: 0
  pin_l0_filter_and_index_blocks_in_cache: 0
  index_type: 0
  hash_index_allow_collision: 1
  checksum: 1
  no_block_cache: 0
  block_cache: 0x7f16d7481cf0
  block_cache_name: LRUCache
  block_cache_options:
    capacity : 536870912
    num_shard_bits : 6
    strict_capacity_limit : 0
    high_pri_pool_ratio: 0.000
  block_cache_compressed: (nil)
  persistent_cache: (nil)
  block_size: 4096
  block_size_deviation: 10
  block_restart_interval: 16
  index_block_restart_interval: 1
  metadata_block_size: 4096
  partition_filters: 0
  use_delta_encoding: 1
  filter_policy: rocksdb.BuiltinBloomFilter
  whole_key_filtering: 1
  verify_compression: 0
  read_amp_bytes_per_bit: 0
  format_version: 2
  enable_index_compression: 1
  block_align: 0

[15811] 01-07 04:27:14,361 INFO [RocksDB]       Options.write_buffer_size: 268435456
[15811] 01-07 04:27:14,361 INFO [RocksDB] Options.max_write_buffer_number: 6
[15811] 01-07 04:27:14,361 INFO [RocksDB]       Options.compression[0]: NoCompression
[15811] 01-07 04:27:14,361 INFO [RocksDB]       Options.compression[1]: NoCompression
[15811] 01-07 04:27:14,361 INFO [RocksDB]       Options.compression[2]: Snappy
[15811] 01-07 04:27:14,361 INFO [RocksDB]       Options.compression[3]: Snappy
[15811] 01-07 04:27:14,361 INFO [RocksDB]       Options.compression[4]: Snappy
[15811] 01-07 04:27:14,361 INFO [RocksDB]       Options.compression[5]: Snappy
[15811] 01-07 04:27:14,361 INFO [RocksDB]       Options.compression[6]: Snappy
[15811] 01-07 04:27:14,361 INFO [RocksDB]                 Options.bottommost_compression: Disabled
[15811] 01-07 04:27:14,361 INFO [RocksDB]      Options.prefix_extractor: ardb.prefix_extractor
[15811] 01-07 04:27:14,361 INFO [RocksDB]  Options.memtable_insert_with_hint_prefix_extractor: nullptr
[15811] 01-07 04:27:14,361 INFO [RocksDB]            Options.num_levels: 7
[15811] 01-07 04:27:14,361 INFO [RocksDB]       Options.min_write_buffer_number_to_merge: 2
[15811] 01-07 04:27:14,361 INFO [RocksDB]    Options.max_write_buffer_number_to_maintain: 0
[15811] 01-07 04:27:14,361 INFO [RocksDB]           Options.compression_opts.window_bits: -14
[15811] 01-07 04:27:14,361 INFO [RocksDB]                 Options.compression_opts.level: -1
[15811] 01-07 04:27:14,361 INFO [RocksDB]              Options.compression_opts.strategy: 0
[15811] 01-07 04:27:14,361 INFO [RocksDB]        Options.compression_opts.max_dict_bytes: 0
[15811] 01-07 04:27:14,361 INFO [RocksDB]        Options.compression_opts.zstd_max_train_bytes: 0
[15811] 01-07 04:27:14,361 INFO [RocksDB]     Options.level0_file_num_compaction_trigger: 2
[15811] 01-07 04:27:14,361 INFO [RocksDB]         Options.level0_slowdown_writes_trigger: 20
[15811] 01-07 04:27:14,361 INFO [RocksDB]             Options.level0_stop_writes_trigger: 36
[15811] 01-07 04:27:14,361 INFO [RocksDB]                  Options.target_file_size_base: 67108864
[15811] 01-07 04:27:14,361 INFO [RocksDB]            Options.target_file_size_multiplier: 1
[15811] 01-07 04:27:14,361 INFO [RocksDB]               Options.max_bytes_for_level_base: 536870912
[15811] 01-07 04:27:14,361 INFO [RocksDB]Options.level_compaction_dynamic_level_bytes: 0
[15811] 01-07 04:27:14,361 INFO [RocksDB]         Options.max_bytes_for_level_multiplier: 10.000000
[15811] 01-07 04:27:14,361 INFO [RocksDB]Options.max_bytes_for_level_multiplier_addtl[0]: 1
[15811] 01-07 04:27:14,361 INFO [RocksDB]Options.max_bytes_for_level_multiplier_addtl[1]: 1
[15811] 01-07 04:27:14,361 INFO [RocksDB]Options.max_bytes_for_level_multiplier_addtl[2]: 1
[15811] 01-07 04:27:14,361 INFO [RocksDB]Options.max_bytes_for_level_multiplier_addtl[3]: 1
[15811] 01-07 04:27:14,361 INFO [RocksDB]Options.max_bytes_for_level_multiplier_addtl[4]: 1
[15811] 01-07 04:27:14,361 INFO [RocksDB]Options.max_bytes_for_level_multiplier_addtl[5]: 1
[15811] 01-07 04:27:14,361 INFO [RocksDB]Options.max_bytes_for_level_multiplier_addtl[6]: 1
[15811] 01-07 04:27:14,361 INFO [RocksDB]      Options.max_sequential_skip_in_iterations: 8
[15811] 01-07 04:27:14,361 INFO [RocksDB]                   Options.max_compaction_bytes: 1677721600
[15811] 01-07 04:27:14,361 INFO [RocksDB]                       Options.arena_block_size: 33554432
[15811] 01-07 04:27:14,361 INFO [RocksDB]  Options.soft_pending_compaction_bytes_limit: 68719476736
[15811] 01-07 04:27:14,361 INFO [RocksDB]  Options.hard_pending_compaction_bytes_limit: 274877906944
[15811] 01-07 04:27:14,361 INFO [RocksDB]      Options.rate_limit_delay_max_milliseconds: 100
[15811] 01-07 04:27:14,361 INFO [RocksDB]               Options.disable_auto_compactions: 0
[15811] 01-07 04:27:14,361 INFO [RocksDB]                       Options.compaction_style: kCompactionStyleLevel
[15811] 01-07 04:27:14,361 INFO [RocksDB]                         Options.compaction_pri: kByCompensatedSize
[15811] 01-07 04:27:14,361 INFO [RocksDB]Options.compaction_options_universal.size_ratio: 1
[15811] 01-07 04:27:14,361 INFO [RocksDB]Options.compaction_options_universal.min_merge_width: 2
[15811] 01-07 04:27:14,361 INFO [RocksDB]Options.compaction_options_universal.max_merge_width: 4294967295
[15811] 01-07 04:27:14,361 INFO [RocksDB]Options.compaction_options_universal.max_size_amplification_percent: 200
[15811] 01-07 04:27:14,361 INFO [RocksDB]Options.compaction_options_universal.compression_size_percent: -1
[15811] 01-07 04:27:14,361 INFO [RocksDB]Options.compaction_options_universal.stop_style: kCompactionStopStyleTotalSize
[15811] 01-07 04:27:14,361 INFO [RocksDB]Options.compaction_options_fifo.max_table_files_size: 1073741824
[15811] 01-07 04:27:14,361 INFO [RocksDB]Options.compaction_options_fifo.allow_compaction: 0
[15811] 01-07 04:27:14,361 INFO [RocksDB]Options.compaction_options_fifo.ttl: 0
[15811] 01-07 04:27:14,361 INFO [RocksDB]                  Options.table_properties_collectors: 
[15811] 01-07 04:27:14,361 INFO [RocksDB]                  Options.inplace_update_support: 0
[15811] 01-07 04:27:14,361 INFO [RocksDB]                Options.inplace_update_num_locks: 10000
[15811] 01-07 04:27:14,361 INFO [RocksDB]              Options.memtable_prefix_bloom_size_ratio: 0.000000
[15811] 01-07 04:27:14,361 INFO [RocksDB]  Options.memtable_huge_page_size: 0
[15811] 01-07 04:27:14,361 INFO [RocksDB]                          Options.bloom_locality: 0
[15811] 01-07 04:27:14,361 INFO [RocksDB]                   Options.max_successive_merges: 0
[15811] 01-07 04:27:14,361 INFO [RocksDB]               Options.optimize_filters_for_hits: 0
[15811] 01-07 04:27:14,361 INFO [RocksDB]               Options.paranoid_file_checks: 0
[15811] 01-07 04:27:14,361 INFO [RocksDB]               Options.force_consistency_checks: 0
[15811] 01-07 04:27:14,361 INFO [RocksDB]               Options.report_bg_io_stats: 0
[15811] 01-07 04:27:14,361 INFO [RocksDB]                              Options.ttl: 0
[15811] 01-07 04:27:14,361 INFO [RocksDB][db/version_set.cc:3361] Recovered from manifest file:/home/ubuntu/ardb/data/rocksdb/MANIFEST-000001 succeeded,manifest_file_number is 1, next_file_number is 3, last_sequence is 0, log_number is 0,prev_log_number is 0,max_column_family is 0,min_log_number_to_keep is 0

[15811] 01-07 04:27:14,361 INFO [RocksDB][db/version_set.cc:3369] Column family [default] (ID 0), log number is 0

[15811] 01-07 04:27:14,365 INFO [RocksDB][db/db_impl_open.cc:1219] DB pointer 0x7f16d6dbe000
[15811] 01-07 04:27:14,365 INFO Ardb init engine:rocksdb success.
[15811] 01-07 04:27:14,368 INFO Ardb will accept connections on 0.0.0.0:16379
[15811] 01-07 04:27:14,368 INFO Ardb started with version 0.10.0
[15811] 01-07 04:27:15,369 INFO ========================Period Statistics Dump Begin===========================
[15811] 01-07 04:27:15,369 INFO slave_sync_total_commands_processed:0
[15811] 01-07 04:27:15,369 INFO slave_sync_instantaneous_ops_per_sec:0
[15811] 01-07 04:27:15,369 INFO total_commands_processed:0
[15811] 01-07 04:27:15,369 INFO instantaneous_ops_per_sec:0
[15811] 01-07 04:27:15,369 INFO total_connections_received:0
[15811] 01-07 04:27:15,369 INFO rejected_connections:0
[15811] 01-07 04:27:15,369 INFO ========================Period Statistics Dump End===========================
[15811] 01-07 04:27:26,946 INFO [RocksDB][db/version_set.cc:2847] Creating manifest 6

[15811] 01-07 04:27:26,952 INFO [RocksDB][db/column_family.cc:475] --------------- Options for column family [0]:

[15811] 01-07 04:27:26,952 INFO [RocksDB]              Options.comparator: ardb.comparator
[15811] 01-07 04:27:26,952 INFO [RocksDB]          Options.merge_operator: ardb.merger
[15811] 01-07 04:27:26,952 INFO [RocksDB]       Options.compaction_filter: None
[15811] 01-07 04:27:26,952 INFO [RocksDB]       Options.compaction_filter_factory: ardb.compact_filter_factory
[15811] 01-07 04:27:26,952 INFO [RocksDB]        Options.memtable_factory: SkipListFactory
[15811] 01-07 04:27:26,952 INFO [RocksDB]           Options.table_factory: BlockBasedTable
[15811] 01-07 04:27:26,952 INFO [RocksDB]           table_factory options:   flush_block_policy_factory: FlushBlockBySizePolicyFactory (0x7f16d7408018)
  cache_index_and_filter_blocks: 0
  cache_index_and_filter_blocks_with_high_priority: 0
  pin_l0_filter_and_index_blocks_in_cache: 0
  index_type: 0
  hash_index_allow_collision: 1
  checksum: 1
  no_block_cache: 0
  block_cache: 0x7f16d7481cf0
  block_cache_name: LRUCache
  block_cache_options:
    capacity : 536870912
    num_shard_bits : 6
    strict_capacity_limit : 0
    high_pri_pool_ratio: 0.000
  block_cache_compressed: (nil)
  persistent_cache: (nil)
  block_size: 4096
  block_size_deviation: 10
  block_restart_interval: 16
  index_block_restart_interval: 1
  metadata_block_size: 4096
  partition_filters: 0
  use_delta_encoding: 1
  filter_policy: rocksdb.BuiltinBloomFilter
  whole_key_filtering: 1
  verify_compression: 0
  read_amp_bytes_per_bit: 0
  format_version: 2
  enable_index_compression: 1
  block_align: 0

[15811] 01-07 04:27:26,952 INFO [RocksDB]       Options.write_buffer_size: 268435456
[15811] 01-07 04:27:26,952 INFO [RocksDB] Options.max_write_buffer_number: 6
[15811] 01-07 04:27:26,952 INFO [RocksDB]       Options.compression[0]: NoCompression
[15811] 01-07 04:27:26,952 INFO [RocksDB]       Options.compression[1]: NoCompression
[15811] 01-07 04:27:26,952 INFO [RocksDB]       Options.compression[2]: Snappy
[15811] 01-07 04:27:26,952 INFO [RocksDB]       Options.compression[3]: Snappy
[15811] 01-07 04:27:26,952 INFO [RocksDB]       Options.compression[4]: Snappy
[15811] 01-07 04:27:26,952 INFO [RocksDB]       Options.compression[5]: Snappy
[15811] 01-07 04:27:26,952 INFO [RocksDB]       Options.compression[6]: Snappy
[15811] 01-07 04:27:26,952 INFO [RocksDB]                 Options.bottommost_compression: Disabled
[15811] 01-07 04:27:26,952 INFO [RocksDB]      Options.prefix_extractor: ardb.prefix_extractor
[15811] 01-07 04:27:26,952 INFO [RocksDB]  Options.memtable_insert_with_hint_prefix_extractor: nullptr
[15811] 01-07 04:27:26,952 INFO [RocksDB]            Options.num_levels: 7
[15811] 01-07 04:27:26,952 INFO [RocksDB]       Options.min_write_buffer_number_to_merge: 2
[15811] 01-07 04:27:26,952 INFO [RocksDB]    Options.max_write_buffer_number_to_maintain: 0
[15811] 01-07 04:27:26,952 INFO [RocksDB]           Options.compression_opts.window_bits: -14
[15811] 01-07 04:27:26,952 INFO [RocksDB]                 Options.compression_opts.level: -1
[15811] 01-07 04:27:26,952 INFO [RocksDB]              Options.compression_opts.strategy: 0
[15811] 01-07 04:27:26,952 INFO [RocksDB]        Options.compression_opts.max_dict_bytes: 0
[15811] 01-07 04:27:26,952 INFO [RocksDB]        Options.compression_opts.zstd_max_train_bytes: 0
[15811] 01-07 04:27:26,952 INFO [RocksDB]     Options.level0_file_num_compaction_trigger: 2
[15811] 01-07 04:27:26,952 INFO [RocksDB]         Options.level0_slowdown_writes_trigger: 20
[15811] 01-07 04:27:26,952 INFO [RocksDB]             Options.level0_stop_writes_trigger: 36
[15811] 01-07 04:27:26,952 INFO [RocksDB]                  Options.target_file_size_base: 67108864
[15811] 01-07 04:27:26,952 INFO [RocksDB]            Options.target_file_size_multiplier: 1
[15811] 01-07 04:27:26,952 INFO [RocksDB]               Options.max_bytes_for_level_base: 536870912
[15811] 01-07 04:27:26,952 INFO [RocksDB]Options.level_compaction_dynamic_level_bytes: 0
[15811] 01-07 04:27:26,952 INFO [RocksDB]         Options.max_bytes_for_level_multiplier: 10.000000
[15811] 01-07 04:27:26,952 INFO [RocksDB]Options.max_bytes_for_level_multiplier_addtl[0]: 1
[15811] 01-07 04:27:26,952 INFO [RocksDB]Options.max_bytes_for_level_multiplier_addtl[1]: 1
[15811] 01-07 04:27:26,952 INFO [RocksDB]Options.max_bytes_for_level_multiplier_addtl[2]: 1
[15811] 01-07 04:27:26,952 INFO [RocksDB]Options.max_bytes_for_level_multiplier_addtl[3]: 1
[15811] 01-07 04:27:26,952 INFO [RocksDB]Options.max_bytes_for_level_multiplier_addtl[4]: 1
[15811] 01-07 04:27:26,952 INFO [RocksDB]Options.max_bytes_for_level_multiplier_addtl[5]: 1
[15811] 01-07 04:27:26,952 INFO [RocksDB]Options.max_bytes_for_level_multiplier_addtl[6]: 1
[15811] 01-07 04:27:26,952 INFO [RocksDB]      Options.max_sequential_skip_in_iterations: 8
[15811] 01-07 04:27:26,952 INFO [RocksDB]                   Options.max_compaction_bytes: 1677721600
[15811] 01-07 04:27:26,952 INFO [RocksDB]                       Options.arena_block_size: 33554432
[15811] 01-07 04:27:26,952 INFO [RocksDB]  Options.soft_pending_compaction_bytes_limit: 68719476736
[15811] 01-07 04:27:26,952 INFO [RocksDB]  Options.hard_pending_compaction_bytes_limit: 274877906944
[15811] 01-07 04:27:26,952 INFO [RocksDB]      Options.rate_limit_delay_max_milliseconds: 100
[15811] 01-07 04:27:26,952 INFO [RocksDB]               Options.disable_auto_compactions: 0
[15811] 01-07 04:27:26,952 INFO [RocksDB]                       Options.compaction_style: kCompactionStyleLevel
[15811] 01-07 04:27:26,952 INFO [RocksDB]                         Options.compaction_pri: kByCompensatedSize
[15811] 01-07 04:27:26,952 INFO [RocksDB]Options.compaction_options_universal.size_ratio: 1
[15811] 01-07 04:27:26,953 INFO [RocksDB]Options.compaction_options_universal.min_merge_width: 2
[15811] 01-07 04:27:26,953 INFO [RocksDB]Options.compaction_options_universal.max_merge_width: 4294967295
[15811] 01-07 04:27:26,953 INFO [RocksDB]Options.compaction_options_universal.max_size_amplification_percent: 200
[15811] 01-07 04:27:26,953 INFO [RocksDB]Options.compaction_options_universal.compression_size_percent: -1
[15811] 01-07 04:27:26,953 INFO [RocksDB]Options.compaction_options_universal.stop_style: kCompactionStopStyleTotalSize
[15811] 01-07 04:27:26,953 INFO [RocksDB]Options.compaction_options_fifo.max_table_files_size: 1073741824
[15811] 01-07 04:27:26,953 INFO [RocksDB]Options.compaction_options_fifo.allow_compaction: 0
[15811] 01-07 04:27:26,953 INFO [RocksDB]Options.compaction_options_fifo.ttl: 0
[15811] 01-07 04:27:26,953 INFO [RocksDB]                  Options.table_properties_collectors: 
[15811] 01-07 04:27:26,953 INFO [RocksDB]                  Options.inplace_update_support: 0
[15811] 01-07 04:27:26,953 INFO [RocksDB]                Options.inplace_update_num_locks: 10000
[15811] 01-07 04:27:26,953 INFO [RocksDB]              Options.memtable_prefix_bloom_size_ratio: 0.000000
[15811] 01-07 04:27:26,953 INFO [RocksDB]  Options.memtable_huge_page_size: 0
[15811] 01-07 04:27:26,953 INFO [RocksDB]                          Options.bloom_locality: 0
[15811] 01-07 04:27:26,953 INFO [RocksDB]                   Options.max_successive_merges: 0
[15811] 01-07 04:27:26,953 INFO [RocksDB]               Options.optimize_filters_for_hits: 0
[15811] 01-07 04:27:26,953 INFO [RocksDB]               Options.paranoid_file_checks: 0
[15811] 01-07 04:27:26,953 INFO [RocksDB]               Options.force_consistency_checks: 0
[15811] 01-07 04:27:26,953 INFO [RocksDB]               Options.report_bg_io_stats: 0
[15811] 01-07 04:27:26,953 INFO [RocksDB]                              Options.ttl: 0
[15811] 01-07 04:27:26,953 INFO [RocksDB][db/db_impl.cc:1396] Created column family [0] (ID 1)
[15811] 01-07 04:27:26,956 INFO Create ColumnFamilyHandle with name:0 success.
[15811] 01-07 04:27:35,269 INFO [RocksDB][db/db_impl_write.cc:1373] [0] New memtable created with log file: #9. Immutable memtables: 0.

[15811] 01-07 04:27:43,327 INFO [RocksDB][db/db_impl_write.cc:1373] [0] New memtable created with log file: #10. Immutable memtables: 1.

[15811] 01-07 04:27:43,327 INFO [RocksDB][db/db_impl_compaction_flush.cc:80] [JOB 2] Syncing log #3
[15811] 01-07 04:27:43,932 INFO [RocksDB][db/db_impl_compaction_flush.cc:80] [JOB 2] Syncing log #9
[15811] 01-07 04:27:47,690 INFO [RocksDB](Original Log Time 2020/01/07-04:27:43.327673) [db/db_impl_compaction_flush.cc:1424] Calling FlushMemTableToOutputFile with column family [0], flush slots available 4, compaction slots available 1, flush slots scheduled 1, compaction slots scheduled 0
[15811] 01-07 04:27:47,690 INFO [RocksDB][db/flush_job.cc:301] [0] [JOB 2] Flushing memtable with next log file: 9

[15811] 01-07 04:27:47,690 INFO [RocksDB][db/flush_job.cc:301] [0] [JOB 2] Flushing memtable with next log file: 10

[15811] 01-07 04:27:47,690 INFO [RocksDB]EVENT_LOG_v1 {"time_micros": 1578371267690927, "job": 2, "event": "flush_started", "num_memtables": 2, "num_entries": 3391661, "num_deletes": 0, "memory_usage": 520099264, "flush_reason": "Write Buffer Full"}
[15811] 01-07 04:27:47,690 INFO [RocksDB][db/flush_job.cc:331] [0] [JOB 2] Level-0 flush table #11: started
[15811] 01-07 04:27:53,149 INFO [RocksDB][db/db_impl_write.cc:1373] [0] New memtable created with log file: #12. Immutable memtables: 2.

[15811] 01-07 04:27:54,442 INFO [RocksDB]EVENT_LOG_v1 {"time_micros": 1578371274442669, "cf_name": "0", "job": 2, "event": "table_file_creation", "file_number": 11, "file_size": 329783943, "table_properties": {"data_size": 320418095, "index_size": 4298107, "filter_size": 5066699, "raw_key_size": 133471538, "raw_average_key_size": 42, "raw_value_size": 256677713, "raw_average_value_size": 81, "num_data_blocks": 79833, "num_entries": 3149406, "filter_policy_name": "rocksdb.BuiltinBloomFilter", "kDeletedKeys": "0", "kMergeOperands": "0"}}
[15811] 01-07 04:27:54,442 INFO [RocksDB][db/flush_job.cc:371] [0] [JOB 2] Level-0 flush table #11: 329783943 bytes OK
[15811] 01-07 04:27:54,445 INFO [RocksDB](Original Log Time 2020/01/07-04:27:54.443938) [db/memtable_list.cc:377] [0] Level-0 commit table #11 started
[15811] 01-07 04:27:54,445 INFO [RocksDB](Original Log Time 2020/01/07-04:27:54.445844) [db/memtable_list.cc:409] [0] Level-0 commit table #11: memtable #1 done
[15811] 01-07 04:27:54,445 INFO [RocksDB](Original Log Time 2020/01/07-04:27:54.445849) [db/memtable_list.cc:409] [0] Level-0 commit table #11: memtable #2 done
[15811] 01-07 04:27:54,445 INFO [RocksDB](Original Log Time 2020/01/07-04:27:54.445859) EVENT_LOG_v1 {"time_micros": 1578371274445854, "job": 2, "event": "flush_finished", "output_compression": "NoCompression", "lsm_state": [1, 0, 0, 0, 0, 0, 0], "immutable_memtables": 1}
[15811] 01-07 04:27:54,445 INFO [RocksDB](Original Log Time 2020/01/07-04:27:54.445870) [db/db_impl_compaction_flush.cc:177] [0] Level summary: base level 1 max bytes base 536870912 files[1 0 0 0 0 0 0] max score 0.61

[15811] 01-07 04:27:54,445 INFO [RocksDB][db/db_impl_files.cc:342] [JOB 2] Try to delete WAL files size 400487371, prev total WAL file size 625027488, number of live WAL files 4.

[15811] 01-07 04:28:02,679 INFO [RocksDB][db/db_impl_write.cc:1373] [0] New memtable created with log file: #13. Immutable memtables: 1.

[15811] 01-07 04:28:02,680 INFO [RocksDB][db/db_impl_compaction_flush.cc:80] [JOB 3] Syncing log #10
[15811] 01-07 04:28:03,177 INFO [RocksDB][db/db_impl_compaction_flush.cc:80] [JOB 3] Syncing log #12
[15811] 01-07 04:28:04,686 INFO [RocksDB](Original Log Time 2020/01/07-04:28:02.680000) [db/db_impl_compaction_flush.cc:1424] Calling FlushMemTableToOutputFile with column family [0], flush slots available 4, compaction slots available 1, flush slots scheduled 1, compaction slots scheduled 0
[15811] 01-07 04:28:04,686 INFO [RocksDB][db/flush_job.cc:301] [0] [JOB 3] Flushing memtable with next log file: 12

[15811] 01-07 04:28:04,686 INFO [RocksDB][db/flush_job.cc:301] [0] [JOB 3] Flushing memtable with next log file: 13

[15811] 01-07 04:28:04,686 INFO [RocksDB]EVENT_LOG_v1 {"time_micros": 1578371284686300, "job": 3, "event": "flush_started", "num_memtables": 2, "num_entries": 3382918, "num_deletes": 0, "memory_usage": 520101688, "flush_reason": "Write Buffer Full"}
[15811] 01-07 04:28:04,686 INFO [RocksDB][db/flush_job.cc:331] [0] [JOB 3] Level-0 flush table #14: started
[15811] 01-07 04:28:10,963 INFO [RocksDB]EVENT_LOG_v1 {"time_micros": 1578371290963422, "cf_name": "0", "job": 3, "event": "table_file_creation", "file_number": 14, "file_size": 328860566, "table_properties": {"data_size": 319518848, "index_size": 4287310, "filter_size": 5053366, "raw_key_size": 133125074, "raw_average_key_size": 42, "raw_value_size": 256014289, "raw_average_value_size": 81, "num_data_blocks": 79612, "num_entries": 3141282, "filter_policy_name": "rocksdb.BuiltinBloomFilter", "kDeletedKeys": "0", "kMergeOperands": "0"}}
[15811] 01-07 04:28:10,963 INFO [RocksDB][db/flush_job.cc:371] [0] [JOB 3] Level-0 flush table #14: 328860566 bytes OK
[15811] 01-07 04:28:10,966 INFO [RocksDB](Original Log Time 2020/01/07-04:28:10.964651) [db/memtable_list.cc:377] [0] Level-0 commit table #14 started
[15811] 01-07 04:28:10,966 INFO [RocksDB](Original Log Time 2020/01/07-04:28:10.966527) [db/memtable_list.cc:409] [0] Level-0 commit table #14: memtable #1 done
[15811] 01-07 04:28:10,966 INFO [RocksDB](Original Log Time 2020/01/07-04:28:10.966528) [db/memtable_list.cc:409] [0] Level-0 commit table #14: memtable #2 done
[15811] 01-07 04:28:10,966 INFO [RocksDB](Original Log Time 2020/01/07-04:28:10.966541) EVENT_LOG_v1 {"time_micros": 1578371290966535, "job": 3, "event": "flush_finished", "output_compression": "NoCompression", "lsm_state": [2, 0, 0, 0, 0, 0, 0], "immutable_memtables": 0}
[15811] 01-07 04:28:10,966 INFO [RocksDB](Original Log Time 2020/01/07-04:28:10.966557) [db/db_impl_compaction_flush.cc:177] [0] Level summary: base level 1 max bytes base 536870912 files[2 0 0 0 0 0 0] max score 1.23

[15811] 01-07 04:28:10,966 INFO [RocksDB][db/db_impl_files.cc:342] [JOB 3] Try to delete WAL files size 399526799, prev total WAL file size 558062625, number of live WAL files 3.

[15811] 01-07 04:28:10,966 WARN [RocksDB][db/db_impl.cc:491] ------- DUMPING STATS -------
[15811] 01-07 04:28:10,966 WARN [RocksDB][db/db_impl.cc:492] 
** DB Stats **
Uptime(secs): 56.6 total, 56.6 interval
Cumulative writes: 1159K writes, 8116K keys, 1159K commit groups, 1.0 writes per commit group, ingest: 0.89 GB, 16.15 MB/s
Cumulative WAL: 1159K writes, 0 syncs, 1159562.00 writes per sync, written: 0.89 GB, 16.15 MB/s
Cumulative stall: 00:00:0.000 H:M:S, 0.0 percent
Interval writes: 1159K writes, 8116K keys, 1159K commit groups, 1.0 writes per commit group, ingest: 914.15 MB, 16.15 MB/s
Interval WAL: 1159K writes, 0 syncs, 1159562.00 writes per sync, written: 0.89 MB, 16.15 MB/s
Interval stall: 00:00:0.000 H:M:S, 0.0 percent

** Compaction Stats [default] **
Level    Files   Size     Score Read(GB)  Rn(GB) Rnp1(GB) Write(GB) Wnew(GB) Moved(GB) W-Amp Rd(MB/s) Wr(MB/s) Comp(sec) Comp(cnt) Avg(sec) KeyIn KeyDrop
----------------------------------------------------------------------------------------------------------------------------------------------------------
 Sum      0/0    0.00 KB   0.0      0.0     0.0      0.0       0.0     
[15811] 01-07 04:28:10,966 INFO [RocksDB][db/compaction_job.cc:1531] [0] [JOB 4] Compacting 2@0 files to L1, score 1.23
[15811] 01-07 04:28:10,966 INFO [RocksDB][db/compaction_job.cc:1535] [0] Compaction start summary: Base version 4 Base level 0, inputs: [14(313MB) 11(314MB)]

[15811] 01-07 04:28:10,967 INFO [RocksDB]EVENT_LOG_v1 {"time_micros": 1578371290967005, "job": 4, "event": "compaction_started", "compaction_reason": "LevelL0FilesNum", "files_L0": [14, 11], "score": 1.22682, "input_data_size": 658644509}
[15811] 01-07 04:28:12,836 INFO [RocksDB][db/db_impl_write.cc:1373] [0] New memtable created with log file: #16. Immutable memtables: 0.

[15811] 01-07 04:28:13,055 INFO [RocksDB][db/compaction_job.cc:1211] [0] [JOB 4] Generated table #15: 1192060 keys, 69778804 bytes
[15811] 01-07 04:28:13,055 INFO [RocksDB]EVENT_LOG_v1 {"time_micros": 1578371293055417, "cf_name": "0", "job": 4, "event": "table_file_creation", "file_number": 15, "file_size": 69778804, "table_properties": {"data_size": 67110773, "index_size": 976851, "filter_size": 1690149, "raw_key_size": 56777687, "raw_average_key_size": 47, "raw_value_size": 28322327, "raw_average_value_size": 23, "num_data_blocks": 16600, "num_entries": 1192060, "filter_policy_name": "rocksdb.BuiltinBloomFilter", "kDeletedKeys": "0", "kMergeOperands": "0"}}
[15811] 01-07 04:28:14,450 INFO [RocksDB][db/compaction_job.cc:1211] [0] [JOB 4] Generated table #17: 597506 keys, 68988999 bytes
[15811] 01-07 04:28:14,450 INFO [RocksDB]EVENT_LOG_v1 {"time_micros": 1578371294450378, "cf_name": "0", "job": 4, "event": "table_file_creation", "file_number": 17, "file_size": 68988999, "table_properties": {"data_size": 67111346, "index_size": 888725, "filter_size": 987897, "raw_key_size": 24595250, "raw_average_key_size": 41, "raw_value_size": 56763043, "raw_average_value_size": 94, "num_data_blocks": 16741, "num_entries": 597506, "filter_policy_name": "rocksdb.BuiltinBloomFilter", "kDeletedKeys": "0", "kMergeOperands": "0"}}
[15811] 01-07 04:28:15,817 INFO [RocksDB][db/compaction_job.cc:1211] [0] [JOB 4] Generated table #18: 597520 keys, 68987745 bytes
[15811] 01-07 04:28:15,817 INFO [RocksDB]EVENT_LOG_v1 {"time_micros": 1578371295817471, "cf_name": "0", "job": 4, "event": "table_file_creation", "file_number": 18, "file_size": 68987745, "table_properties": {"data_size": 67110478, "index_size": 888345, "filter_size": 987891, "raw_key_size": 24594906, "raw_average_key_size": 41, "raw_value_size": 56764400, "raw_average_value_size": 95, "num_data_blocks": 16739, "num_entries": 597520, "filter_policy_name": "rocksdb.BuiltinBloomFilter", "kDeletedKeys": "0", "kMergeOperands": "0"}}
[15811] 01-07 04:28:17,066 INFO [RocksDB][db/compaction_job.cc:1211] [0] [JOB 4] Generated table #19: 597520 keys, 68988296 bytes
[15811] 01-07 04:28:17,066 INFO [RocksDB]EVENT_LOG_v1 {"time_micros": 1578371297066442, "cf_name": "0", "job": 4, "event": "table_file_creation", "file_number": 19, "file_size": 68988296, "table_properties": {"data_size": 67111017, "index_size": 888348, "filter_size": 987900, "raw_key_size": 24594444, "raw_average_key_size": 41, "raw_value_size": 56764400, "raw_average_value_size": 95, "num_data_blocks": 16740, "num_entries": 597520, "filter_policy_name": "rocksdb.BuiltinBloomFilter", "kDeletedKeys": "0", "kMergeOperands": "0"}}
[15811] 01-07 04:28:18,366 INFO [RocksDB][db/compaction_job.cc:1211] [0] [JOB 4] Generated table #20: 597512 keys, 68988142 bytes
[15811] 01-07 04:28:18,366 INFO [RocksDB]EVENT_LOG_v1 {"time_micros": 1578371298366763, "cf_name": "0", "job": 4, "event": "table_file_creation", "file_number": 20, "file_size": 68988142, "table_properties": {"data_size": 67110842, "index_size": 888379, "filter_size": 987890, "raw_key_size": 24593390, "raw_average_key_size": 41, "raw_value_size": 56763667, "raw_average_value_size": 95, "num_data_blocks": 16740, "num_entries": 597512, "filter_policy_name": "rocksdb.BuiltinBloomFilter", "kDeletedKeys": "0", "kMergeOperands": "0"}}
[15811] 01-07 04:28:19,674 INFO [RocksDB][db/compaction_job.cc:1211] [0] [JOB 4] Generated table #21: 597536 keys, 68990264 bytes
[15811] 01-07 04:28:19,674 INFO [RocksDB]EVENT_LOG_v1 {"time_micros": 1578371299674962, "cf_name": "0", "job": 4, "event": "table_file_creation", "file_number": 21, "file_size": 68990264, "table_properties": {"data_size": 67112553, "index_size": 888767, "filter_size": 987913, "raw_key_size": 24596219, "raw_average_key_size": 41, "raw_value_size": 56765965, "raw_average_value_size": 95, "num_data_blocks": 16739, "num_entries": 597536, "filter_policy_name": "rocksdb.BuiltinBloomFilter", "kDeletedKeys": "0", "kMergeOperands": "0"}}
[15811] 01-07 04:28:20,998 INFO [RocksDB][db/compaction_job.cc:1211] [0] [JOB 4] Generated table #22: 597526 keys, 68987447 bytes
[15811] 01-07 04:28:20,998 INFO [RocksDB]EVENT_LOG_v1 {"time_micros": 1578371300998171, "cf_name": "0", "job": 4, "event": "table_file_creation", "file_number": 22, "file_size": 68987447, "table_properties": {"data_size": 67110234, "index_size": 888283, "filter_size": 987899, "raw_key_size": 24595755, "raw_average_key_size": 41, "raw_value_size": 56764925, "raw_average_value_size": 94, "num_data_blocks": 16739, "num_entries": 597526, "filter_policy_name": "rocksdb.BuiltinBloomFilter", "kDeletedKeys": "0", "kMergeOperands": "0"}}
[15811] 01-07 04:28:22,363 INFO [RocksDB][db/compaction_job.cc:1211] [0] [JOB 4] Generated table #23: 597547 keys, 68990245 bytes
[15811] 01-07 04:28:22,363 INFO [RocksDB]EVENT_LOG_v1 {"time_micros": 1578371302363884, "cf_name": "0", "job": 4, "event": "table_file_creation", "file_number": 23, "file_size": 68990245, "table_properties": {"data_size": 67112742, "index_size": 888537, "filter_size": 987935, "raw_key_size": 24596321, "raw_average_key_size": 41, "raw_value_size": 56767010, "raw_average_value_size": 95, "num_data_blocks": 16740, "num_entries": 597547, "filter_policy_name": "rocksdb.BuiltinBloomFilter", "kDeletedKeys": "0", "kMergeOperands": "0"}}
[15811] 01-07 04:28:23,680 INFO [RocksDB][db/compaction_job.cc:1211] [0] [JOB 4] Generated table #24: 597512 keys, 68986693 bytes
[15811] 01-07 04:28:23,680 INFO [RocksDB]EVENT_LOG_v1 {"time_micros": 1578371303680269, "cf_name": "0", "job": 4, "event": "table_file_creation", "file_number": 24, "file_size": 68986693, "table_properties": {"data_size": 67109481, "index_size": 888298, "filter_size": 987883, "raw_key_size": 24593998, "raw_average_key_size": 41, "raw_value_size": 56763568, "raw_average_value_size": 94, "num_data_blocks": 16739, "num_entries": 597512, "filter_policy_name": "rocksdb.BuiltinBloomFilter", "kDeletedKeys": "0", "kMergeOperands": "0"}}
[15811] 01-07 04:28:24,364 INFO [RocksDB][db/compaction_job.cc:1211] [0] [JOB 4] Generated table #25: 318448 keys, 36761802 bytes
[15811] 01-07 04:28:24,364 INFO [RocksDB]EVENT_LOG_v1 {"time_micros": 1578371304364055, "cf_name": "0", "job": 4, "event": "table_file_creation", "file_number": 25, "file_size": 36761802, "table_properties": {"data_size": 35762290, "index_size": 472008, "filter_size": 526474, "raw_key_size": 13058623, "raw_average_key_size": 41, "raw_value_size": 30252641, "raw_average_value_size": 95, "num_data_blocks": 8920, "num_entries": 318448, "filter_policy_name": "rocksdb.BuiltinBloomFilter", "kDeletedKeys": "0", "kMergeOperands": "0"}}
[15811] 01-07 04:28:24,365 INFO [RocksDB][db/compaction_job.cc:1287] [0] [JOB 4] Compacted 2@0 files to L1 => 658448437 bytes
[15811] 01-07 04:28:24,367 INFO [RocksDB](Original Log Time 2020/01/07-04:28:24.367250) [db/compaction_job.cc:685] [0] compacted to: base level 1 max bytes base 536870912 files[0 10 0 0 0 0 0] max score 1.23, MB/sec: 49.2 rd, 49.1 wr, level 1, files in(2, 0) out(10) MB in(628.1, 0.0) out(627.9), read-write-amplify(2.0) write-amplify(1.0) OK, records in: 6290688, records dropped: 1 output_compression: NoCompression

[15811] 01-07 04:28:24,367 INFO [RocksDB](Original Log Time 2020/01/07-04:28:24.367274) EVENT_LOG_v1 {"time_micros": 1578371304367257, "job": 4, "event": "compaction_finished", "compaction_time_micros": 13398356, "output_level": 1, "num_output_files": 10, "total_output_size": 658448437, "num_input_records": 6290688, "num_output_records": 6290687, "num_subcompactions": 1, "output_compression": "NoCompression", "num_single_delete_mismatches": 0, "num_single_delete_fallthrough": 0, "lsm_state": [0, 10, 0, 0, 0, 0, 0]}
[15811] 01-07 04:28:24,396 INFO [RocksDB]EVENT_LOG_v1 {"time_micros": 1578371304396870, "job": 4, "event": "table_file_deletion", "file_number": 14}
[15811] 01-07 04:28:24,426 INFO [RocksDB]EVENT_LOG_v1 {"time_micros": 1578371304426028, "job": 4, "event": "table_file_deletion", "file_number": 11}
[15811] 01-07 04:28:24,426 INFO [RocksDB][db/compaction_job.cc:1531] [0] [JOB 5] Compacting 1@1 files to L2, score 1.23
[15811] 01-07 04:28:24,426 INFO [RocksDB][db/compaction_job.cc:1535] [0] Compaction start summary: Base version 5 Base level 1, inputs: [15(66MB)]

[15811] 01-07 04:28:24,426 INFO [RocksDB]EVENT_LOG_v1 {"time_micros": 1578371304426080, "job": 5, "event": "compaction_started", "compaction_reason": "LevelMaxLevelSize", "files_L1": [15], "score": 1.22646, "input_data_size": 69778804}
[15811] 01-07 04:28:26,190 INFO [RocksDB][db/compaction_job.cc:1211] [0] [JOB 5] Generated table #26: 1192060 keys, 54418399 bytes
[15811] 01-07 04:28:26,190 INFO [RocksDB]EVENT_LOG_v1 {"time_micros": 1578371306190613, "cf_name": "0", "job": 5, "event": "table_file_creation", "file_number": 26, "file_size": 54418399, "table_properties": {"data_size": 52224363, "index_size": 976547, "filter_size": 1661077, "raw_key_size": 56777687, "raw_average_key_size": 47, "raw_value_size": 28322327, "raw_average_value_size": 23, "num_data_blocks": 16600, "num_entries": 1192060, "filter_policy_name": "rocksdb.BuiltinBloomFilter", "kDeletedKeys": "0", "kMergeOperands": "0"}}
[15811] 01-07 04:28:26,191 INFO [RocksDB][db/compaction_job.cc:1287] [0] [JOB 5] Compacted 1@1 files to L2 => 54418399 bytes
[15811] 01-07 04:28:26,194 INFO [RocksDB](Original Log Time 2020/01/07-04:28:26.193958) [db/compaction_job.cc:685] [0] compacted to: base level 1 max bytes base 536870912 files[0 9 1 0 0 0 0] max score 1.10, MB/sec: 39.5 rd, 30.8 wr, level 2, files in(1, 0) out(1) MB in(66.5, 0.0) out(51.9), read-write-amplify(1.8) write-amplify(0.8) OK, records in: 1192060, records dropped: 0 output_compression: Snappy

[15811] 01-07 04:28:26,194 INFO [RocksDB](Original Log Time 2020/01/07-04:28:26.193983) EVENT_LOG_v1 {"time_micros": 1578371306193968, "job": 5, "event": "compaction_finished", "compaction_time_micros": 1765830, "output_level": 2, "num_output_files": 1, "total_output_size": 54418399, "num_input_records": 1192060, "num_output_records": 1192060, "num_subcompactions": 1, "output_compression": "Snappy", "num_single_delete_mismatches": 0, "num_single_delete_fallthrough": 0, "lsm_state": [0, 9, 1, 0, 0, 0, 0]}
[15811] 01-07 04:28:26,194 INFO [RocksDB][db/compaction_job.cc:1531] [0] [JOB 6] Compacting 1@1 files to L2, score 1.10
[15811] 01-07 04:28:26,194 INFO [RocksDB][db/compaction_job.cc:1535] [0] Compaction start summary: Base version 6 Base level 1, inputs: [21(65MB)]

[15811] 01-07 04:28:26,194 INFO [RocksDB]EVENT_LOG_v1 {"time_micros": 1578371306194047, "job": 6, "event": "compaction_started", "compaction_reason": "LevelMaxLevelSize", "files_L1": [21], "score": 1.09648, "input_data_size": 68990264}
[15811] 01-07 04:28:27,491 INFO [RocksDB][db/compaction_job.cc:1211] [0] [JOB 6] Generated table #27: 597536 keys, 68588922 bytes
[15811] 01-07 04:28:27,491 INFO [RocksDB]EVENT_LOG_v1 {"time_micros": 1578371307491792, "cf_name": "0", "job": 6, "event": "table_file_creation", "file_number": 27, "file_size": 68588922, "table_properties": {"data_size": 67112553, "index_size": 888767, "filter_size": 987913, "raw_key_size": 24596219, "raw_average_key_size": 41, "raw_value_size": 56765965, "raw_average_value_size": 95, "num_data_blocks": 16739, "num_entries": 597536, "filter_policy_name": "rocksdb.BuiltinBloomFilter", "kDeletedKeys": "0", "kMergeOperands": "0"}}
[15811] 01-07 04:28:27,493 INFO [RocksDB][db/compaction_job.cc:1287] [0] [JOB 6] Compacted 1@1 files to L2 => 68588922 bytes
[15811] 01-07 04:28:27,496 INFO [RocksDB](Original Log Time 2020/01/07-04:28:27.495991) [db/compaction_job.cc:685] [0] compacted to: base level 1 max bytes base 536870912 files[0 8 2 0 0 0 0] max score 0.97, MB/sec: 53.1 rd, 52.8 wr, level 2, files in(1, 0) out(1) MB in(65.8, 0.0) out(65.4), read-write-amplify(2.0) write-amplify(1.0) OK, records in: 597536, records dropped: 0 output_compression: Snappy

[15811] 01-07 04:28:27,496 INFO [RocksDB](Original Log Time 2020/01/07-04:28:27.496018) EVENT_LOG_v1 {"time_micros": 1578371307496013, "job": 6, "event": "compaction_finished", "compaction_time_micros": 1299764, "output_level": 2, "num_output_files": 1, "total_output_size": 68588922, "num_input_records": 597536, "num_output_records": 597536, "num_subcompactions": 1, "output_compression": "Snappy", "num_single_delete_mismatches": 0, "num_single_delete_fallthrough": 0, "lsm_state": [0, 8, 2, 0, 0, 0, 0]}
[15811] 01-07 04:28:27,502 INFO [RocksDB]EVENT_LOG_v1 {"time_micros": 1578371307502394, "job": 6, "event": "table_file_deletion", "file_number": 21}
[15811] 01-07 04:28:27,509 INFO [RocksDB]EVENT_LOG_v1 {"time_micros": 1578371307509459, "job": 6, "event": "table_file_deletion", "file_number": 15}
[15811] 01-07 04:28:28,356 INFO [RocksDB][db/db_impl_write.cc:1373] [0] New memtable created with log file: #28. Immutable memtables: 1.

[15811] 01-07 04:28:28,356 INFO [RocksDB][db/db_impl_compaction_flush.cc:80] [JOB 7] Syncing log #13
[15811] 01-07 04:28:28,776 INFO [RocksDB][db/db_impl_compaction_flush.cc:80] [JOB 7] Syncing log #16
[15811] 01-07 04:28:30,410 INFO [RocksDB](Original Log Time 2020/01/07-04:28:28.356101) [db/db_impl_compaction_flush.cc:1424] Calling FlushMemTableToOutputFile with column family [0], flush slots available 4, compaction slots available 1, flush slots scheduled 1, compaction slots scheduled 0
[15811] 01-07 04:28:30,410 INFO [RocksDB][db/flush_job.cc:301] [0] [JOB 7] Flushing memtable with next log file: 16

[15811] 01-07 04:28:30,410 INFO [RocksDB][db/flush_job.cc:301] [0] [JOB 7] Flushing memtable with next log file: 28

[15811] 01-07 04:28:30,410 INFO [RocksDB]EVENT_LOG_v1 {"time_micros": 1578371310410667, "job": 7, "event": "flush_started", "num_memtables": 2, "num_entries": 3437650, "num_deletes": 0, "memory_usage": 520098576, "flush_reason": "Write Buffer Full"}
[15811] 01-07 04:28:30,410 INFO [RocksDB][db/flush_job.cc:331] [0] [JOB 7] Level-0 flush table #29: started
[15811] 01-07 04:28:36,952 INFO [RocksDB]EVENT_LOG_v1 {"time_micros": 1578371316952546, "cf_name": "0", "job": 7, "event": "table_file_creation", "file_number": 29, "file_size": 334263512, "table_properties": {"data_size": 324767633, "index_size": 4359469, "filter_size": 5135368, "raw_key_size": 135282880, "raw_average_key_size": 42, "raw_value_size": 260156292, "raw_average_value_size": 81, "num_data_blocks": 80922, "num_entries": 3192103, "filter_policy_name": "rocksdb.BuiltinBloomFilter", "kDeletedKeys": "0", "kMergeOperands": "0"}}
[15811] 01-07 04:28:36,952 INFO [RocksDB][db/flush_job.cc:371] [0] [JOB 7] Level-0 flush table #29: 334263512 bytes OK
[15811] 01-07 04:28:36,955 INFO [RocksDB](Original Log Time 2020/01/07-04:28:36.953762) [db/memtable_list.cc:377] [0] Level-0 commit table #29 started
[15811] 01-07 04:28:36,955 INFO [RocksDB](Original Log Time 2020/01/07-04:28:36.955360) [db/memtable_list.cc:409] [0] Level-0 commit table #29: memtable #1 done
[15811] 01-07 04:28:36,955 INFO [RocksDB](Original Log Time 2020/01/07-04:28:36.955361) [db/memtable_list.cc:409] [0] Level-0 commit table #29: memtable #2 done
[15811] 01-07 04:28:36,955 INFO [RocksDB](Original Log Time 2020/01/07-04:28:36.955371) EVENT_LOG_v1 {"time_micros": 1578371316955366, "job": 7, "event": "flush_finished", "output_compression": "NoCompression", "lsm_state": [1, 8, 2, 0, 0, 0, 0], "immutable_memtables": 0}
[15811] 01-07 04:28:36,955 INFO [RocksDB](Original Log Time 2020/01/07-04:28:36.955394) [db/db_impl_compaction_flush.cc:177] [0] Level summary: base level 1 max bytes base 536870912 files[1 8 2 0 0 0 0] max score 0.97

[15811] 01-07 04:28:36,955 INFO [RocksDB][db/db_impl_files.cc:342] [JOB 7] Try to delete WAL files size 405996345, prev total WAL file size 514858093, number of live WAL files 3.

[15811] 01-07 04:28:44,598 INFO [RocksDB][db/db_impl_write.cc:1373] [0] New memtable created with log file: #30. Immutable memtables: 0.

[15811] 01-07 04:29:01,156 INFO [RocksDB][db/db_impl_write.cc:1373] [0] New memtable created with log file: #31. Immutable memtables: 1.

[15811] 01-07 04:29:01,156 INFO [RocksDB][db/db_impl_compaction_flush.cc:80] [JOB 8] Syncing log #28
[15811] 01-07 04:29:01,158 INFO [RocksDB][db/db_impl_compaction_flush.cc:80] [JOB 8] Syncing log #30
[15811] 01-07 04:29:02,390 INFO [RocksDB](Original Log Time 2020/01/07-04:29:01.156168) [db/db_impl_compaction_flush.cc:1424] Calling FlushMemTableToOutputFile with column family [0], flush slots available 4, compaction slots available 1, flush slots scheduled 1, compaction slots scheduled 0
[15811] 01-07 04:29:02,390 INFO [RocksDB][db/flush_job.cc:301] [0] [JOB 8] Flushing memtable with next log file: 30

[15811] 01-07 04:29:02,390 INFO [RocksDB][db/flush_job.cc:301] [0] [JOB 8] Flushing memtable with next log file: 31

[15811] 01-07 04:29:02,390 INFO [RocksDB]EVENT_LOG_v1 {"time_micros": 1578371342390458, "job": 8, "event": "flush_started", "num_memtables": 2, "num_entries": 3717532, "num_deletes": 0, "memory_usage": 520099224, "flush_reason": "Write Buffer Full"}
[15811] 01-07 04:29:02,390 INFO [RocksDB][db/flush_job.cc:331] [0] [JOB 8] Level-0 flush table #32: started
[15811] 01-07 04:29:09,342 INFO [RocksDB]EVENT_LOG_v1 {"time_micros": 1578371349342369, "cf_name": "0", "job": 8, "event": "table_file_creation", "file_number": 32, "file_size": 361428671, "table_properties": {"data_size": 351155937, "index_size": 4718465, "filter_size": 5553226, "raw_key_size": 146294599, "raw_average_key_size": 42, "raw_value_size": 281337078, "raw_average_value_size": 81, "num_data_blocks": 87495, "num_entries": 3451995, "filter_policy_name": "rocksdb.BuiltinBloomFilter", "kDeletedKeys": "0", "kMergeOperands": "0"}}
[15811] 01-07 04:29:09,342 INFO [RocksDB][db/flush_job.cc:371] [0] [JOB 8] Level-0 flush table #32: 361428671 bytes OK
[15811] 01-07 04:29:09,345 INFO [RocksDB](Original Log Time 2020/01/07-04:29:09.343521) [db/memtable_list.cc:377] [0] Level-0 commit table #32 started
[15811] 01-07 04:29:09,345 INFO [RocksDB](Original Log Time 2020/01/07-04:29:09.345160) [db/memtable_list.cc:409] [0] Level-0 commit table #32: memtable #1 done
[15811] 01-07 04:29:09,345 INFO [RocksDB](Original Log Time 2020/01/07-04:29:09.345161) [db/memtable_list.cc:409] [0] Level-0 commit table #32: memtable #2 done
[15811] 01-07 04:29:09,345 INFO [RocksDB](Original Log Time 2020/01/07-04:29:09.345172) EVENT_LOG_v1 {"time_micros": 1578371349345167, "job": 8, "event": "flush_finished", "output_compression": "NoCompression", "lsm_state": [2, 8, 2, 0, 0, 0, 0], "immutable_memtables": 0}
[15811] 01-07 04:29:09,345 INFO [RocksDB](Original Log Time 2020/01/07-04:29:09.345201) [db/db_impl_compaction_flush.cc:177] [0] Level summary: base level 1 max bytes base 536870912 files[2 8 2 0 0 0 0] max score 1.30

[15811] 01-07 04:29:09,345 INFO [RocksDB][db/db_impl_files.cc:342] [JOB 8] Try to delete WAL files size 439049736, prev total WAL file size 447344276, number of live WAL files 3.

[15811] 01-07 04:29:09,345 INFO [RocksDB][db/compaction_job.cc:1531] [0] [JOB 9] Compacting 2@0 + 8@1 files to L1, score 1.30
[15811] 01-07 04:29:09,345 INFO [RocksDB][db/compaction_job.cc:1535] [0] Compaction start summary: Base version 9 Base level 0, inputs: [32(344MB) 29(318MB)], [17(65MB) 18(65MB) 19(65MB) 20(65MB) 22(65MB) 23(65MB) 24(65MB) 25(35MB)]

[15811] 01-07 04:29:09,345 INFO [RocksDB]EVENT_LOG_v1 {"time_micros": 1578371349345379, "job": 9, "event": "compaction_started", "compaction_reason": "LevelL0FilesNum", "files_L0": [32, 29], "files_L1": [17, 18, 19, 20, 22, 23, 24, 25], "score": 1.29583, "input_data_size": 1215371552}
[15811] 01-07 04:29:10,834 INFO [RocksDB][db/compaction_job.cc:1211] [0] [JOB 9] Generated table #33: 1225293 keys, 69821410 bytes
[15811] 01-07 04:29:10,834 INFO [RocksDB]EVENT_LOG_v1 {"time_micros": 1578371350834859, "cf_name": "0", "job": 9, "event": "table_file_creation", "file_number": 33, "file_size": 69821410, "table_properties": {"data_size": 67109431, "index_size": 981606, "filter_size": 1729342, "raw_key_size": 58579457, "raw_average_key_size": 47, "raw_value_size": 26706880, "raw_average_value_size": 21, "num_data_blocks": 16591, "num_entries": 1225293, "filter_policy_name": "rocksdb.BuiltinBloomFilter", "kDeletedKeys": "0", "kMergeOperands": "0"}}
[15811] 01-07 04:29:12,150 INFO [RocksDB][db/compaction_job.cc:1211] [0] [JOB 9] Generated table #34: 597600 keys, 68990172 bytes
[15811] 01-07 04:29:12,150 INFO [RocksDB]EVENT_LOG_v1 {"time_micros": 1578371352150898, "cf_name": "0", "job": 9, "event": "table_file_creation", "file_number": 34, "file_size": 68990172, "table_properties": {"data_size": 67111880, "index_size": 889225, "filter_size": 988036, "raw_key_size": 24599436, "raw_average_key_size": 41, "raw_value_size": 56772027, "raw_average_value_size": 95, "num_data_blocks": 16744, "num_entries": 597600, "filter_policy_name": "rocksdb.BuiltinBloomFilter", "kDeletedKeys": "0", "kMergeOperands": "0"}}
[15811] 01-07 04:29:13,529 INFO [RocksDB][db/compaction_job.cc:1211] [0] [JOB 9] Generated table #35: 597655 keys, 68989234 bytes
[15811] 01-07 04:29:13,529 INFO [RocksDB]EVENT_LOG_v1 {"time_micros": 1578371353529578, "cf_name": "0", "job": 9, "event": "table_file_creation", "file_number": 35, "file_size": 68989234, "table_properties": {"data_size": 67111790, "index_size": 888332, "filter_size": 988081, "raw_key_size": 24600623, "raw_average_key_size": 41, "raw_value_size": 56777252, "raw_average_value_size": 95, "num_data_blocks": 16742, "num_entries": 597655, "filter_policy_name": "rocksdb.BuiltinBloomFilter", "kDeletedKeys": "0", "kMergeOperands": "0"}}
[15811] 01-07 04:29:14,831 INFO [RocksDB][db/compaction_job.cc:1211] [0] [JOB 9] Generated table #36: 597619 keys, 68989960 bytes
[15811] 01-07 04:29:14,831 INFO [RocksDB]EVENT_LOG_v1 {"time_micros": 1578371354831147, "cf_name": "0", "job": 9, "event": "table_file_creation", "file_number": 36, "file_size": 68989960, "table_properties": {"data_size": 67112091, "index_size": 888790, "filter_size": 988048, "raw_key_size": 24597958, "raw_average_key_size": 41, "raw_value_size": 56773805, "raw_average_value_size": 95, "num_data_blocks": 16743, "num_entries": 597619, "filter_policy_name": "rocksdb.BuiltinBloomFilter", "kDeletedKeys": "0", "kMergeOperands": "0"}}
[15811] 01-07 04:29:16,133 INFO [RocksDB][db/compaction_job.cc:1211] [0] [JOB 9] Generated table #37: 597657 keys, 68990659 bytes
[15811] 01-07 04:29:16,133 INFO [RocksDB]EVENT_LOG_v1 {"time_micros": 1578371356133208, "cf_name": "0", "job": 9, "event": "table_file_creation", "file_number": 37, "file_size": 68990659, "table_properties": {"data_size": 67113074, "index_size": 888471, "filter_size": 988083, "raw_key_size": 24601741, "raw_average_key_size": 41, "raw_value_size": 56777460, "raw_average_value_size": 95, "num_data_blocks": 16742, "num_entries": 597657, "filter_policy_name": "rocksdb.BuiltinBloomFilter", "kDeletedKeys": "0", "kMergeOperands": "0"}}
[15811] 01-07 04:29:17,436 INFO [RocksDB][db/compaction_job.cc:1211] [0] [JOB 9] Generated table #38: 597589 keys, 68986879 bytes
[15811] 01-07 04:29:17,436 INFO [RocksDB]EVENT_LOG_v1 {"time_micros": 1578371357436292, "cf_name": "0", "job": 9, "event": "table_file_creation", "file_number": 38, "file_size": 68986879, "table_properties": {"data_size": 67109142, "index_size": 888714, "filter_size": 987992, "raw_key_size": 24595878, "raw_average_key_size": 41, "raw_value_size": 56770883, "raw_average_value_size": 94, "num_data_blocks": 16741, "num_entries": 597589, "filter_policy_name": "rocksdb.BuiltinBloomFilter", "kDeletedKeys": "0", "kMergeOperands": "0"}}
[15811] 01-07 04:29:18,745 INFO [RocksDB][db/compaction_job.cc:1211] [0] [JOB 9] Generated table #39: 597630 keys, 68990092 bytes
[15811] 01-07 04:29:18,745 INFO [RocksDB]EVENT_LOG_v1 {"time_micros": 1578371358745531, "cf_name": "0", "job": 9, "event": "table_file_creation", "file_number": 39, "file_size": 68990092, "table_properties": {"data_size": 67112201, "index_size": 888799, "filter_size": 988061, "raw_key_size": 24600073, "raw_average_key_size": 41, "raw_value_size": 56774850, "raw_average_value_size": 95, "num_data_blocks": 16743, "num_entries": 597630, "filter_policy_name": "rocksdb.BuiltinBloomFilter", "kDeletedKeys": "0", "kMergeOperands": "0"}}
[15811] 01-07 04:29:20,055 INFO [RocksDB][db/compaction_job.cc:1211] [0] [JOB 9] Generated table #40: 597619 keys, 68989931 bytes
[15811] 01-07 04:29:20,055 INFO [RocksDB]EVENT_LOG_v1 {"time_micros": 1578371360055838, "cf_name": "0", "job": 9, "event": "table_file_creation", "file_number": 40, "file_size": 68989931, "table_properties": {"data_size": 67112069, "index_size": 888783, "filter_size": 988048, "raw_key_size": 24597617, "raw_average_key_size": 41, "raw_value_size": 56773805, "raw_average_value_size": 95, "num_data_blocks": 16743, "num_entries": 597619, "filter_policy_name": "rocksdb.BuiltinBloomFilter", "kDeletedKeys": "0", "kMergeOperands": "0"}}
[15811] 01-07 04:29:21,356 INFO [RocksDB][db/compaction_job.cc:1211] [0] [JOB 9] Generated table #41: 597616 keys, 68989209 bytes
[15811] 01-07 04:29:21,356 INFO [RocksDB]EVENT_LOG_v1 {"time_micros": 1578371361356107, "cf_name": "0", "job": 9, "event": "table_file_creation", "file_number": 41, "file_size": 68989209, "table_properties": {"data_size": 67111325, "index_size": 888819, "filter_size": 988034, "raw_key_size": 24598423, "raw_average_key_size": 41, "raw_value_size": 56773592, "raw_average_value_size": 95, "num_data_blocks": 16742, "num_entries": 597616, "filter_policy_name": "rocksdb.BuiltinBloomFilter", "kDeletedKeys": "0", "kMergeOperands": "0"}}
[15811] 01-07 04:29:22,735 INFO [RocksDB][db/compaction_job.cc:1211] [0] [JOB 9] Generated table #42: 597511 keys, 68990219 bytes
[15811] 01-07 04:29:22,735 INFO [RocksDB]EVENT_LOG_v1 {"time_micros": 1578371362735514, "cf_name": "0", "job": 9, "event": "table_file_creation", "file_number": 42, "file_size": 68990219, "table_properties": {"data_size": 67112391, "index_size": 888893, "filter_size": 987904, "raw_key_size": 24593109, "raw_average_key_size": 41, "raw_value_size": 56763464, "raw_average_value_size": 94, "num_data_blocks": 16741, "num_entries": 597511, "filter_policy_name": "rocksdb.BuiltinBloomFilter", "kDeletedKeys": "0", "kMergeOperands": "0"}}
[15811] 01-07 04:29:24,037 INFO [RocksDB][db/compaction_job.cc:1211] [0] [JOB 9] Generated table #43: 597565 keys, 68987691 bytes
[15811] 01-07 04:29:24,037 INFO [RocksDB]EVENT_LOG_v1 {"time_micros": 1578371364037355, "cf_name": "0", "job": 9, "event": "table_file_creation", "file_number": 43, "file_size": 68987691, "table_properties": {"data_size": 67109992, "index_size": 888696, "filter_size": 987972, "raw_key_size": 24597193, "raw_average_key_size": 41, "raw_value_size": 56768684, "raw_average_value_size": 95, "num_data_blocks": 16742, "num_entries": 597565, "filter_policy_name": "rocksdb.BuiltinBloomFilter", "kDeletedKeys": "0", "kMergeOperands": "0"}}
[15811] 01-07 04:29:25,341 INFO [RocksDB][db/compaction_job.cc:1211] [0] [JOB 9] Generated table #44: 597628 keys, 68987498 bytes
[15811] 01-07 04:29:25,341 INFO [RocksDB]EVENT_LOG_v1 {"time_micros": 1578371365341454, "cf_name": "0", "job": 9, "event": "table_file_creation", "file_number": 44, "file_size": 68987498, "table_properties": {"data_size": 67110065, "index_size": 888365, "filter_size": 988037, "raw_key_size": 24599879, "raw_average_key_size": 41, "raw_value_size": 56774642, "raw_average_value_size": 94, "num_data_blocks": 16741, "num_entries": 597628, "filter_policy_name": "rocksdb.BuiltinBloomFilter", "kDeletedKeys": "0", "kMergeOperands": "0"}}
[15811] 01-07 04:29:26,650 INFO [RocksDB][db/compaction_job.cc:1211] [0] [JOB 9] Generated table #45: 597572 keys, 68987851 bytes
[15811] 01-07 04:29:26,650 INFO [RocksDB]EVENT_LOG_v1 {"time_micros": 1578371366650412, "cf_name": "0", "job": 9, "event": "table_file_creation", "file_number": 45, "file_size": 68987851, "table_properties": {"data_size": 67109583, "index_size": 889257, "filter_size": 987980, "raw_key_size": 24596907, "raw_average_key_size": 41, "raw_value_size": 56769313, "raw_average_value_size": 94, "num_data_blocks": 16742, "num_entries": 597572, "filter_policy_name": "rocksdb.BuiltinBloomFilter", "kDeletedKeys": "0", "kMergeOperands": "0"}}
[15811] 01-07 04:29:27,978 INFO [RocksDB][db/compaction_job.cc:1211] [0] [JOB 9] Generated table #46: 597655 keys, 68990415 bytes
[15811] 01-07 04:29:27,979 INFO [RocksDB]EVENT_LOG_v1 {"time_micros": 1578371367978994, "cf_name": "0", "job": 9, "event": "table_file_creation", "file_number": 46, "file_size": 68990415, "table_properties": {"data_size": 67112503, "index_size": 888791, "filter_size": 988090, "raw_key_size": 24603241, "raw_average_key_size": 41, "raw_value_size": 56777252, "raw_average_value_size": 95, "num_data_blocks": 16743, "num_entries": 597655, "filter_policy_name": "rocksdb.BuiltinBloomFilter", "kDeletedKeys": "0", "kMergeOperands": "0"}}
[15811] 01-07 04:29:29,258 INFO [RocksDB][db/compaction_job.cc:1211] [0] [JOB 9] Generated table #47: 597610 keys, 68989363 bytes
[15811] 01-07 04:29:29,258 INFO [RocksDB]EVENT_LOG_v1 {"time_micros": 1578371369258935, "cf_name": "0", "job": 9, "event": "table_file_creation", "file_number": 47, "file_size": 68989363, "table_properties": {"data_size": 67111639, "index_size": 888665, "filter_size": 988028, "raw_key_size": 24597225, "raw_average_key_size": 41, "raw_value_size": 56772968, "raw_average_value_size": 95, "num_data_blocks": 16742, "num_entries": 597610, "filter_policy_name": "rocksdb.BuiltinBloomFilter", "kDeletedKeys": "0", "kMergeOperands": "0"}}
[15811] 01-07 04:29:30,639 INFO [RocksDB][db/compaction_job.cc:1211] [0] [JOB 9] Generated table #48: 597629 keys, 68987829 bytes
[15811] 01-07 04:29:30,639 INFO [RocksDB]EVENT_LOG_v1 {"time_micros": 1578371370639453, "cf_name": "0", "job": 9, "event": "table_file_creation", "file_number": 48, "file_size": 68987829, "table_properties": {"data_size": 67109868, "index_size": 888883, "filter_size": 988047, "raw_key_size": 24601857, "raw_average_key_size": 41, "raw_value_size": 56774746, "raw_average_value_size": 94, "num_data_blocks": 16742, "num_entries": 597629, "filter_policy_name": "rocksdb.BuiltinBloomFilter", "kDeletedKeys": "0", "kMergeOperands": "0"}}
[15811] 01-07 04:29:31,967 INFO [RocksDB][db/compaction_job.cc:1211] [0] [JOB 9] Generated table #49: 597618 keys, 68989990 bytes
[15811] 01-07 04:29:31,967 INFO [RocksDB]EVENT_LOG_v1 {"time_micros": 1578371371967795, "cf_name": "0", "job": 9, "event": "table_file_creation", "file_number": 49, "file_size": 68989990, "table_properties": {"data_size": 67112028, "index_size": 888884, "filter_size": 988047, "raw_key_size": 24599423, "raw_average_key_size": 41, "raw_value_size": 56773701, "raw_average_value_size": 94, "num_data_blocks": 16743, "num_entries": 597618, "filter_policy_name": "rocksdb.BuiltinBloomFilter", "kDeletedKeys": "0", "kMergeOperands": "0"}}
[15811] 01-07 04:29:32,742 INFO [RocksDB][db/compaction_job.cc:1211] [0] [JOB 9] Generated table #50: 358122 keys, 41337707 bytes
[15811] 01-07 04:29:32,742 INFO [RocksDB]EVENT_LOG_v1 {"time_micros": 1578371372742672, "cf_name": "0", "job": 9, "event": "table_file_creation", "file_number": 50, "file_size": 41337707, "table_properties": {"data_size": 40213611, "index_size": 531033, "filter_size": 592033, "raw_key_size": 14640107, "raw_average_key_size": 40, "raw_value_size": 34021644, "raw_average_value_size": 95, "num_data_blocks": 10030, "num_entries": 358122, "filter_policy_name": "rocksdb.BuiltinBloomFilter", "kDeletedKeys": "0", "kMergeOperands": "0"}}
[15811] 01-07 04:29:32,743 INFO [RocksDB][db/compaction_job.cc:1287] [0] [JOB 9] Compacted 2@0 + 8@1 files to L1 => 1214986109 bytes
[15811] 01-07 04:29:32,745 INFO [RocksDB](Original Log Time 2020/01/07-04:29:32.745890) [db/compaction_job.cc:685] [0] compacted to: base level 1 max bytes base 536870912 files[0 18 2 0 0 0 0] max score 2.26, MB/sec: 51.9 rd, 51.9 wr, level 1, files in(2, 8) out(18) MB in(663.5, 495.6) out(1158.7), read-write-amplify(3.5) write-amplify(1.7) OK, records in: 11145189, records dropped: 1 output_compression: NoCompression

[15811] 01-07 04:29:32,745 INFO [RocksDB](Original Log Time 2020/01/07-04:29:32.745915) EVENT_LOG_v1 {"time_micros": 1578371372745898, "job": 9, "event": "compaction_finished", "compaction_time_micros": 23398511, "output_level": 1, "num_output_files": 18, "total_output_size": 1214986109, "num_input_records": 11145189, "num_output_records": 11145188, "num_subcompactions": 1, "output_compression": "NoCompression", "num_single_delete_mismatches": 0, "num_single_delete_fallthrough": 0, "lsm_state": [0, 18, 2, 0, 0, 0, 0]}
[15811] 01-07 04:29:32,782 INFO [RocksDB]EVENT_LOG_v1 {"time_micros": 1578371372782525, "job": 9, "event": "table_file_deletion", "file_number": 32}
[15811] 01-07 04:29:32,814 INFO [RocksDB]EVENT_LOG_v1 {"time_micros": 1578371372814458, "job": 9, "event": "table_file_deletion", "file_number": 29}
[15811] 01-07 04:29:32,818 INFO [RocksDB]EVENT_LOG_v1 {"time_micros": 1578371372818014, "job": 9, "event": "table_file_deletion", "file_number": 25}
[15811] 01-07 04:29:32,824 INFO [RocksDB]EVENT_LOG_v1 {"time_micros": 1578371372824630, "job": 9, "event": "table_file_deletion", "file_number": 24}
[15811] 01-07 04:29:32,831 INFO [RocksDB]EVENT_LOG_v1 {"time_micros": 1578371372831127, "job": 9, "event": "table_file_deletion", "file_number": 23}
[15811] 01-07 04:29:32,837 INFO [RocksDB]EVENT_LOG_v1 {"time_micros": 1578371372837586, "job": 9, "event": "table_file_deletion", "file_number": 22}
[15811] 01-07 04:29:32,844 INFO [RocksDB]EVENT_LOG_v1 {"time_micros": 1578371372844511, "job": 9, "event": "table_file_deletion", "file_number": 20}
[15811] 01-07 04:29:32,851 INFO [RocksDB]EVENT_LOG_v1 {"time_micros": 1578371372851374, "job": 9, "event": "table_file_deletion", "file_number": 19}
[15811] 01-07 04:29:32,858 INFO [RocksDB]EVENT_LOG_v1 {"time_micros": 1578371372858042, "job": 9, "event": "table_file_deletion", "file_number": 18}
[15811] 01-07 04:29:32,864 INFO [RocksDB]EVENT_LOG_v1 {"time_micros": 1578371372864609, "job": 9, "event": "table_file_deletion", "file_number": 17}
[15811] 01-07 04:29:32,864 INFO [RocksDB][db/compaction_picker.cc:485] [0] Expanding@1 1+1(69821410+54418399 bytes) to 2+1 (138811582+54418399 bytes)

[15811] 01-07 04:29:32,864 INFO [RocksDB][db/compaction_job.cc:1531] [0] [JOB 10] Compacting 2@1 + 1@2 files to L2, score 2.26
[15811] 01-07 04:29:32,864 INFO [RocksDB][db/compaction_job.cc:1535] [0] Compaction start summary: Base version 10 Base level 1, inputs: [33(66MB) 34(65MB)], [26(51MB)]

[15811] 01-07 04:29:32,864 INFO [RocksDB]EVENT_LOG_v1 {"time_micros": 1578371372864672, "job": 10, "event": "compaction_started", "compaction_reason": "LevelMaxLevelSize", "files_L1": [33, 34], "files_L2": [26], "score": 2.26309, "input_data_size": 193229981}
