[17703] 01-07 04:34:51,160 INFO [RocksDB]RocksDB version: 5.14.2

[17703] 01-07 04:34:51,165 INFO [RocksDB]Git sha rocksdb_build_git_sha:5ee59bde6ee151270b065c58656993fea5e936e6
[17703] 01-07 04:34:51,165 INFO [RocksDB]Compile date Jan  7 2020
[17703] 01-07 04:34:51,165 INFO [RocksDB]DB SUMMARY

[17703] 01-07 04:34:51,165 INFO [RocksDB]SST files in /home/ubuntu/ardb/data/rocksdb dir, Total Num: 0, files: 

[17703] 01-07 04:34:51,165 INFO [RocksDB]Write Ahead Log file in /home/ubuntu/ardb/data/rocksdb: 

[17703] 01-07 04:34:51,165 INFO [RocksDB]                        Options.error_if_exists: 0
[17703] 01-07 04:34:51,165 INFO [RocksDB]                      Options.create_if_missing: 1
[17703] 01-07 04:34:51,165 INFO [RocksDB]                        Options.paranoid_checks: 1
[17703] 01-07 04:34:51,165 INFO [RocksDB]                                    Options.env: 0xbfd6c0
[17703] 01-07 04:34:51,165 INFO [RocksDB]                               Options.info_log: 0x7f3d4743f8a0
[17703] 01-07 04:34:51,165 INFO [RocksDB]               Options.max_file_opening_threads: 16
[17703] 01-07 04:34:51,165 INFO [RocksDB]                             Options.statistics: (nil)
[17703] 01-07 04:34:51,165 INFO [RocksDB]                              Options.use_fsync: 0
[17703] 01-07 04:34:51,165 INFO [RocksDB]                      Options.max_log_file_size: 0
[17703] 01-07 04:34:51,165 INFO [RocksDB]                 Options.max_manifest_file_size: 18446744073709551615
[17703] 01-07 04:34:51,165 INFO [RocksDB]                  Options.log_file_time_to_roll: 0
[17703] 01-07 04:34:51,165 INFO [RocksDB]                      Options.keep_log_file_num: 1000
[17703] 01-07 04:34:51,165 INFO [RocksDB]                   Options.recycle_log_file_num: 0
[17703] 01-07 04:34:51,165 INFO [RocksDB]                        Options.allow_fallocate: 1
[17703] 01-07 04:34:51,165 INFO [RocksDB]                       Options.allow_mmap_reads: 0
[17703] 01-07 04:34:51,165 INFO [RocksDB]                      Options.allow_mmap_writes: 0
[17703] 01-07 04:34:51,165 INFO [RocksDB]                       Options.use_direct_reads: 0
[17703] 01-07 04:34:51,165 INFO [RocksDB]                       Options.use_direct_io_for_flush_and_compaction: 0
[17703] 01-07 04:34:51,165 INFO [RocksDB]         Options.create_missing_column_families: 0
[17703] 01-07 04:34:51,165 INFO [RocksDB]                             Options.db_log_dir: 
[17703] 01-07 04:34:51,165 INFO [RocksDB]                                Options.wal_dir: /home/ubuntu/ardb/data/rocksdb
[17703] 01-07 04:34:51,165 INFO [RocksDB]               Options.table_cache_numshardbits: 6
[17703] 01-07 04:34:51,165 INFO [RocksDB]                     Options.max_subcompactions: 1
[17703] 01-07 04:34:51,165 INFO [RocksDB]                 Options.max_background_flushes: -1
[17703] 01-07 04:34:51,165 INFO [RocksDB]                        Options.WAL_ttl_seconds: 0
[17703] 01-07 04:34:51,165 INFO [RocksDB]                      Options.WAL_size_limit_MB: 0
[17703] 01-07 04:34:51,165 INFO [RocksDB]            Options.manifest_preallocation_size: 4194304
[17703] 01-07 04:34:51,165 INFO [RocksDB]                    Options.is_fd_close_on_exec: 1
[17703] 01-07 04:34:51,165 INFO [RocksDB]                  Options.advise_random_on_open: 1
[17703] 01-07 04:34:51,165 INFO [RocksDB]                   Options.db_write_buffer_size: 0
[17703] 01-07 04:34:51,165 INFO [RocksDB]                   Options.write_buffer_manager: 0x7f3d47bfa7d0
[17703] 01-07 04:34:51,165 INFO [RocksDB]        Options.access_hint_on_compaction_start: 1
[17703] 01-07 04:34:51,165 INFO [RocksDB] Options.new_table_reader_for_compaction_inputs: 0
[17703] 01-07 04:34:51,165 INFO [RocksDB]          Options.random_access_max_buffer_size: 1048576
[17703] 01-07 04:34:51,165 INFO [RocksDB]                     Options.use_adaptive_mutex: 1
[17703] 01-07 04:34:51,165 INFO [RocksDB]                           Options.rate_limiter: 0x7f3d47438540
[17703] 01-07 04:34:51,165 INFO [RocksDB]    Options.sst_file_manager.rate_bytes_per_sec: 0
[17703] 01-07 04:34:51,165 INFO [RocksDB]                      Options.wal_recovery_mode: 2
[17703] 01-07 04:34:51,165 INFO [RocksDB]                 Options.enable_thread_tracking: 0
[17703] 01-07 04:34:51,165 INFO [RocksDB]                 Options.enable_pipelined_write: 1
[17703] 01-07 04:34:51,165 INFO [RocksDB]        Options.allow_concurrent_memtable_write: 1
[17703] 01-07 04:34:51,165 INFO [RocksDB]     Options.enable_write_thread_adaptive_yield: 1
[17703] 01-07 04:34:51,165 INFO [RocksDB]            Options.write_thread_max_yield_usec: 100
[17703] 01-07 04:34:51,165 INFO [RocksDB]           Options.write_thread_slow_yield_usec: 3
[17703] 01-07 04:34:51,165 INFO [RocksDB]                              Options.row_cache: None
[17703] 01-07 04:34:51,165 INFO [RocksDB]                             Options.wal_filter: None
[17703] 01-07 04:34:51,165 INFO [RocksDB]            Options.avoid_flush_during_recovery: 0
[17703] 01-07 04:34:51,165 INFO [RocksDB]            Options.allow_ingest_behind: 0
[17703] 01-07 04:34:51,165 INFO [RocksDB]            Options.preserve_deletes: 0
[17703] 01-07 04:34:51,165 INFO [RocksDB]            Options.two_write_queues: 0
[17703] 01-07 04:34:51,165 INFO [RocksDB]            Options.manual_wal_flush: 0
[17703] 01-07 04:34:51,165 INFO [RocksDB]            Options.max_background_jobs: 16
[17703] 01-07 04:34:51,165 INFO [RocksDB]            Options.max_background_compactions: -1
[17703] 01-07 04:34:51,165 INFO [RocksDB]            Options.avoid_flush_during_shutdown: 0
[17703] 01-07 04:34:51,165 INFO [RocksDB]          Options.writable_file_max_buffer_size: 1048576
[17703] 01-07 04:34:51,165 INFO [RocksDB]            Options.delayed_write_rate : 52428800
[17703] 01-07 04:34:51,165 INFO [RocksDB]            Options.max_total_wal_size: 0
[17703] 01-07 04:34:51,165 INFO [RocksDB]            Options.delete_obsolete_files_period_micros: 21600000000
[17703] 01-07 04:34:51,165 INFO [RocksDB]                  Options.stats_dump_period_sec: 100000
[17703] 01-07 04:34:51,165 INFO [RocksDB]                         Options.max_open_files: 1024
[17703] 01-07 04:34:51,165 INFO [RocksDB]                         Options.bytes_per_sync: 1048576
[17703] 01-07 04:34:51,165 INFO [RocksDB]                     Options.wal_bytes_per_sync: 0
[17703] 01-07 04:34:51,165 INFO [RocksDB]      Options.compaction_readahead_size: 0
[17703] 01-07 04:34:51,165 INFO [RocksDB]Compression algorithms supported:
[17703] 01-07 04:34:51,165 INFO [RocksDB]	kZSTDNotFinalCompression supported: 0
[17703] 01-07 04:34:51,165 INFO [RocksDB]	kZSTD supported: 0
[17703] 01-07 04:34:51,165 INFO [RocksDB]	kXpressCompression supported: 0
[17703] 01-07 04:34:51,165 INFO [RocksDB]	kLZ4HCCompression supported: 0
[17703] 01-07 04:34:51,165 INFO [RocksDB]	kLZ4Compression supported: 0
[17703] 01-07 04:34:51,165 INFO [RocksDB]	kBZip2Compression supported: 0
[17703] 01-07 04:34:51,165 INFO [RocksDB]	kZlibCompression supported: 1
[17703] 01-07 04:34:51,165 INFO [RocksDB]	kSnappyCompression supported: 1
[17703] 01-07 04:34:51,165 INFO [RocksDB]Fast CRC32 supported: Supported on x86
[17703] 01-07 04:34:51,165 INFO [RocksDB][db/db_impl_open.cc:222] Creating manifest 1 

[17703] 01-07 04:34:51,173 INFO [RocksDB][db/version_set.cc:3085] Recovering from manifest file: MANIFEST-000001

[17703] 01-07 04:34:51,174 INFO [RocksDB][db/column_family.cc:475] --------------- Options for column family [default]:

[17703] 01-07 04:34:51,174 INFO [RocksDB]              Options.comparator: ardb.comparator
[17703] 01-07 04:34:51,174 INFO [RocksDB]          Options.merge_operator: ardb.merger
[17703] 01-07 04:34:51,174 INFO [RocksDB]       Options.compaction_filter: None
[17703] 01-07 04:34:51,174 INFO [RocksDB]       Options.compaction_filter_factory: ardb.compact_filter_factory
[17703] 01-07 04:34:51,174 INFO [RocksDB]        Options.memtable_factory: SkipListFactory
[17703] 01-07 04:34:51,174 INFO [RocksDB]           Options.table_factory: BlockBasedTable
[17703] 01-07 04:34:51,174 INFO [RocksDB]           table_factory options:   flush_block_policy_factory: FlushBlockBySizePolicyFactory (0x7f3d47a08018)
  cache_index_and_filter_blocks: 0
  cache_index_and_filter_blocks_with_high_priority: 0
  pin_l0_filter_and_index_blocks_in_cache: 0
  index_type: 0
  hash_index_allow_collision: 1
  checksum: 1
  no_block_cache: 0
  block_cache: 0x7f3d47a81cf0
  block_cache_name: LRUCache
  block_cache_options:
    capacity : 536870912
    num_shard_bits : 6
    strict_capacity_limit : 0
    high_pri_pool_ratio: 0.000
  block_cache_compressed: (nil)
  persistent_cache: (nil)
  block_size: 4096
  block_size_deviation: 10
  block_restart_interval: 16
  index_block_restart_interval: 1
  metadata_block_size: 4096
  partition_filters: 0
  use_delta_encoding: 1
  filter_policy: rocksdb.BuiltinBloomFilter
  whole_key_filtering: 1
  verify_compression: 0
  read_amp_bytes_per_bit: 0
  format_version: 2
  enable_index_compression: 1
  block_align: 0

[17703] 01-07 04:34:51,174 INFO [RocksDB]       Options.write_buffer_size: 268435456
[17703] 01-07 04:34:51,174 INFO [RocksDB] Options.max_write_buffer_number: 6
[17703] 01-07 04:34:51,174 INFO [RocksDB]       Options.compression[0]: NoCompression
[17703] 01-07 04:34:51,174 INFO [RocksDB]       Options.compression[1]: NoCompression
[17703] 01-07 04:34:51,174 INFO [RocksDB]       Options.compression[2]: Snappy
[17703] 01-07 04:34:51,174 INFO [RocksDB]       Options.compression[3]: Snappy
[17703] 01-07 04:34:51,174 INFO [RocksDB]       Options.compression[4]: Snappy
[17703] 01-07 04:34:51,174 INFO [RocksDB]       Options.compression[5]: Snappy
[17703] 01-07 04:34:51,174 INFO [RocksDB]       Options.compression[6]: Snappy
[17703] 01-07 04:34:51,174 INFO [RocksDB]                 Options.bottommost_compression: Disabled
[17703] 01-07 04:34:51,174 INFO [RocksDB]      Options.prefix_extractor: ardb.prefix_extractor
[17703] 01-07 04:34:51,174 INFO [RocksDB]  Options.memtable_insert_with_hint_prefix_extractor: nullptr
[17703] 01-07 04:34:51,174 INFO [RocksDB]            Options.num_levels: 7
[17703] 01-07 04:34:51,174 INFO [RocksDB]       Options.min_write_buffer_number_to_merge: 2
[17703] 01-07 04:34:51,174 INFO [RocksDB]    Options.max_write_buffer_number_to_maintain: 0
[17703] 01-07 04:34:51,174 INFO [RocksDB]           Options.compression_opts.window_bits: -14
[17703] 01-07 04:34:51,174 INFO [RocksDB]                 Options.compression_opts.level: -1
[17703] 01-07 04:34:51,174 INFO [RocksDB]              Options.compression_opts.strategy: 0
[17703] 01-07 04:34:51,174 INFO [RocksDB]        Options.compression_opts.max_dict_bytes: 0
[17703] 01-07 04:34:51,174 INFO [RocksDB]        Options.compression_opts.zstd_max_train_bytes: 0
[17703] 01-07 04:34:51,174 INFO [RocksDB]     Options.level0_file_num_compaction_trigger: 2
[17703] 01-07 04:34:51,174 INFO [RocksDB]         Options.level0_slowdown_writes_trigger: 20
[17703] 01-07 04:34:51,174 INFO [RocksDB]             Options.level0_stop_writes_trigger: 36
[17703] 01-07 04:34:51,174 INFO [RocksDB]                  Options.target_file_size_base: 67108864
[17703] 01-07 04:34:51,174 INFO [RocksDB]            Options.target_file_size_multiplier: 1
[17703] 01-07 04:34:51,174 INFO [RocksDB]               Options.max_bytes_for_level_base: 536870912
[17703] 01-07 04:34:51,174 INFO [RocksDB]Options.level_compaction_dynamic_level_bytes: 0
[17703] 01-07 04:34:51,174 INFO [RocksDB]         Options.max_bytes_for_level_multiplier: 10.000000
[17703] 01-07 04:34:51,174 INFO [RocksDB]Options.max_bytes_for_level_multiplier_addtl[0]: 1
[17703] 01-07 04:34:51,174 INFO [RocksDB]Options.max_bytes_for_level_multiplier_addtl[1]: 1
[17703] 01-07 04:34:51,174 INFO [RocksDB]Options.max_bytes_for_level_multiplier_addtl[2]: 1
[17703] 01-07 04:34:51,174 INFO [RocksDB]Options.max_bytes_for_level_multiplier_addtl[3]: 1
[17703] 01-07 04:34:51,174 INFO [RocksDB]Options.max_bytes_for_level_multiplier_addtl[4]: 1
[17703] 01-07 04:34:51,174 INFO [RocksDB]Options.max_bytes_for_level_multiplier_addtl[5]: 1
[17703] 01-07 04:34:51,174 INFO [RocksDB]Options.max_bytes_for_level_multiplier_addtl[6]: 1
[17703] 01-07 04:34:51,174 INFO [RocksDB]      Options.max_sequential_skip_in_iterations: 8
[17703] 01-07 04:34:51,174 INFO [RocksDB]                   Options.max_compaction_bytes: 1677721600
[17703] 01-07 04:34:51,174 INFO [RocksDB]                       Options.arena_block_size: 33554432
[17703] 01-07 04:34:51,174 INFO [RocksDB]  Options.soft_pending_compaction_bytes_limit: 68719476736
[17703] 01-07 04:34:51,174 INFO [RocksDB]  Options.hard_pending_compaction_bytes_limit: 274877906944
[17703] 01-07 04:34:51,174 INFO [RocksDB]      Options.rate_limit_delay_max_milliseconds: 100
[17703] 01-07 04:34:51,174 INFO [RocksDB]               Options.disable_auto_compactions: 0
[17703] 01-07 04:34:51,174 INFO [RocksDB]                       Options.compaction_style: kCompactionStyleLevel
[17703] 01-07 04:34:51,174 INFO [RocksDB]                         Options.compaction_pri: kByCompensatedSize
[17703] 01-07 04:34:51,174 INFO [RocksDB]Options.compaction_options_universal.size_ratio: 1
[17703] 01-07 04:34:51,174 INFO [RocksDB]Options.compaction_options_universal.min_merge_width: 2
[17703] 01-07 04:34:51,174 INFO [RocksDB]Options.compaction_options_universal.max_merge_width: 4294967295
[17703] 01-07 04:34:51,174 INFO [RocksDB]Options.compaction_options_universal.max_size_amplification_percent: 200
[17703] 01-07 04:34:51,174 INFO [RocksDB]Options.compaction_options_universal.compression_size_percent: -1
[17703] 01-07 04:34:51,174 INFO [RocksDB]Options.compaction_options_universal.stop_style: kCompactionStopStyleTotalSize
[17703] 01-07 04:34:51,174 INFO [RocksDB]Options.compaction_options_fifo.max_table_files_size: 1073741824
[17703] 01-07 04:34:51,174 INFO [RocksDB]Options.compaction_options_fifo.allow_compaction: 0
[17703] 01-07 04:34:51,174 INFO [RocksDB]Options.compaction_options_fifo.ttl: 0
[17703] 01-07 04:34:51,174 INFO [RocksDB]                  Options.table_properties_collectors: 
[17703] 01-07 04:34:51,174 INFO [RocksDB]                  Options.inplace_update_support: 0
[17703] 01-07 04:34:51,174 INFO [RocksDB]                Options.inplace_update_num_locks: 10000
[17703] 01-07 04:34:51,174 INFO [RocksDB]              Options.memtable_prefix_bloom_size_ratio: 0.000000
[17703] 01-07 04:34:51,174 INFO [RocksDB]  Options.memtable_huge_page_size: 0
[17703] 01-07 04:34:51,174 INFO [RocksDB]                          Options.bloom_locality: 0
[17703] 01-07 04:34:51,174 INFO [RocksDB]                   Options.max_successive_merges: 0
[17703] 01-07 04:34:51,174 INFO [RocksDB]               Options.optimize_filters_for_hits: 0
[17703] 01-07 04:34:51,174 INFO [RocksDB]               Options.paranoid_file_checks: 0
[17703] 01-07 04:34:51,174 INFO [RocksDB]               Options.force_consistency_checks: 0
[17703] 01-07 04:34:51,174 INFO [RocksDB]               Options.report_bg_io_stats: 0
[17703] 01-07 04:34:51,174 INFO [RocksDB]                              Options.ttl: 0
[17703] 01-07 04:34:51,174 INFO [RocksDB][db/version_set.cc:3361] Recovered from manifest file:/home/ubuntu/ardb/data/rocksdb/MANIFEST-000001 succeeded,manifest_file_number is 1, next_file_number is 3, last_sequence is 0, log_number is 0,prev_log_number is 0,max_column_family is 0,min_log_number_to_keep is 0

[17703] 01-07 04:34:51,174 INFO [RocksDB][db/version_set.cc:3369] Column family [default] (ID 0), log number is 0

[17703] 01-07 04:34:51,179 INFO [RocksDB][db/db_impl_open.cc:1219] DB pointer 0x7f3d473be000
[17703] 01-07 04:34:51,179 INFO Ardb init engine:rocksdb success.
[17703] 01-07 04:34:51,181 INFO Ardb will accept connections on 0.0.0.0:16379
[17703] 01-07 04:34:51,181 INFO Ardb started with version 0.10.0
[17703] 01-07 04:34:52,182 INFO ========================Period Statistics Dump Begin===========================
[17703] 01-07 04:34:52,182 INFO slave_sync_total_commands_processed:0
[17703] 01-07 04:34:52,182 INFO slave_sync_instantaneous_ops_per_sec:0
[17703] 01-07 04:34:52,182 INFO total_commands_processed:0
[17703] 01-07 04:34:52,182 INFO instantaneous_ops_per_sec:0
[17703] 01-07 04:34:52,182 INFO total_connections_received:0
[17703] 01-07 04:34:52,182 INFO rejected_connections:0
[17703] 01-07 04:34:52,182 INFO ========================Period Statistics Dump End===========================
[17703] 01-07 04:35:03,649 INFO [RocksDB][db/version_set.cc:2847] Creating manifest 6

[17703] 01-07 04:35:03,656 INFO [RocksDB][db/column_family.cc:475] --------------- Options for column family [0]:

[17703] 01-07 04:35:03,656 INFO [RocksDB]              Options.comparator: ardb.comparator
[17703] 01-07 04:35:03,656 INFO [RocksDB]          Options.merge_operator: ardb.merger
[17703] 01-07 04:35:03,656 INFO [RocksDB]       Options.compaction_filter: None
[17703] 01-07 04:35:03,656 INFO [RocksDB]       Options.compaction_filter_factory: ardb.compact_filter_factory
[17703] 01-07 04:35:03,656 INFO [RocksDB]        Options.memtable_factory: SkipListFactory
[17703] 01-07 04:35:03,656 INFO [RocksDB]           Options.table_factory: BlockBasedTable
[17703] 01-07 04:35:03,656 INFO [RocksDB]           table_factory options:   flush_block_policy_factory: FlushBlockBySizePolicyFactory (0x7f3d47a08018)
  cache_index_and_filter_blocks: 0
  cache_index_and_filter_blocks_with_high_priority: 0
  pin_l0_filter_and_index_blocks_in_cache: 0
  index_type: 0
  hash_index_allow_collision: 1
  checksum: 1
  no_block_cache: 0
  block_cache: 0x7f3d47a81cf0
  block_cache_name: LRUCache
  block_cache_options:
    capacity : 536870912
    num_shard_bits : 6
    strict_capacity_limit : 0
    high_pri_pool_ratio: 0.000
  block_cache_compressed: (nil)
  persistent_cache: (nil)
  block_size: 4096
  block_size_deviation: 10
  block_restart_interval: 16
  index_block_restart_interval: 1
  metadata_block_size: 4096
  partition_filters: 0
  use_delta_encoding: 1
  filter_policy: rocksdb.BuiltinBloomFilter
  whole_key_filtering: 1
  verify_compression: 0
  read_amp_bytes_per_bit: 0
  format_version: 2
  enable_index_compression: 1
  block_align: 0

[17703] 01-07 04:35:03,656 INFO [RocksDB]       Options.write_buffer_size: 268435456
[17703] 01-07 04:35:03,656 INFO [RocksDB] Options.max_write_buffer_number: 6
[17703] 01-07 04:35:03,656 INFO [RocksDB]       Options.compression[0]: NoCompression
[17703] 01-07 04:35:03,656 INFO [RocksDB]       Options.compression[1]: NoCompression
[17703] 01-07 04:35:03,656 INFO [RocksDB]       Options.compression[2]: Snappy
[17703] 01-07 04:35:03,656 INFO [RocksDB]       Options.compression[3]: Snappy
[17703] 01-07 04:35:03,656 INFO [RocksDB]       Options.compression[4]: Snappy
[17703] 01-07 04:35:03,656 INFO [RocksDB]       Options.compression[5]: Snappy
[17703] 01-07 04:35:03,656 INFO [RocksDB]       Options.compression[6]: Snappy
[17703] 01-07 04:35:03,656 INFO [RocksDB]                 Options.bottommost_compression: Disabled
[17703] 01-07 04:35:03,656 INFO [RocksDB]      Options.prefix_extractor: ardb.prefix_extractor
[17703] 01-07 04:35:03,656 INFO [RocksDB]  Options.memtable_insert_with_hint_prefix_extractor: nullptr
[17703] 01-07 04:35:03,656 INFO [RocksDB]            Options.num_levels: 7
[17703] 01-07 04:35:03,656 INFO [RocksDB]       Options.min_write_buffer_number_to_merge: 2
[17703] 01-07 04:35:03,656 INFO [RocksDB]    Options.max_write_buffer_number_to_maintain: 0
[17703] 01-07 04:35:03,656 INFO [RocksDB]           Options.compression_opts.window_bits: -14
[17703] 01-07 04:35:03,656 INFO [RocksDB]                 Options.compression_opts.level: -1
[17703] 01-07 04:35:03,656 INFO [RocksDB]              Options.compression_opts.strategy: 0
[17703] 01-07 04:35:03,656 INFO [RocksDB]        Options.compression_opts.max_dict_bytes: 0
[17703] 01-07 04:35:03,656 INFO [RocksDB]        Options.compression_opts.zstd_max_train_bytes: 0
[17703] 01-07 04:35:03,656 INFO [RocksDB]     Options.level0_file_num_compaction_trigger: 2
[17703] 01-07 04:35:03,656 INFO [RocksDB]         Options.level0_slowdown_writes_trigger: 20
[17703] 01-07 04:35:03,656 INFO [RocksDB]             Options.level0_stop_writes_trigger: 36
[17703] 01-07 04:35:03,656 INFO [RocksDB]                  Options.target_file_size_base: 67108864
[17703] 01-07 04:35:03,656 INFO [RocksDB]            Options.target_file_size_multiplier: 1
[17703] 01-07 04:35:03,656 INFO [RocksDB]               Options.max_bytes_for_level_base: 536870912
[17703] 01-07 04:35:03,656 INFO [RocksDB]Options.level_compaction_dynamic_level_bytes: 0
[17703] 01-07 04:35:03,656 INFO [RocksDB]         Options.max_bytes_for_level_multiplier: 10.000000
[17703] 01-07 04:35:03,656 INFO [RocksDB]Options.max_bytes_for_level_multiplier_addtl[0]: 1
[17703] 01-07 04:35:03,656 INFO [RocksDB]Options.max_bytes_for_level_multiplier_addtl[1]: 1
[17703] 01-07 04:35:03,656 INFO [RocksDB]Options.max_bytes_for_level_multiplier_addtl[2]: 1
[17703] 01-07 04:35:03,656 INFO [RocksDB]Options.max_bytes_for_level_multiplier_addtl[3]: 1
[17703] 01-07 04:35:03,656 INFO [RocksDB]Options.max_bytes_for_level_multiplier_addtl[4]: 1
[17703] 01-07 04:35:03,656 INFO [RocksDB]Options.max_bytes_for_level_multiplier_addtl[5]: 1
[17703] 01-07 04:35:03,656 INFO [RocksDB]Options.max_bytes_for_level_multiplier_addtl[6]: 1
[17703] 01-07 04:35:03,656 INFO [RocksDB]      Options.max_sequential_skip_in_iterations: 8
[17703] 01-07 04:35:03,656 INFO [RocksDB]                   Options.max_compaction_bytes: 1677721600
[17703] 01-07 04:35:03,656 INFO [RocksDB]                       Options.arena_block_size: 33554432
[17703] 01-07 04:35:03,656 INFO [RocksDB]  Options.soft_pending_compaction_bytes_limit: 68719476736
[17703] 01-07 04:35:03,656 INFO [RocksDB]  Options.hard_pending_compaction_bytes_limit: 274877906944
[17703] 01-07 04:35:03,656 INFO [RocksDB]      Options.rate_limit_delay_max_milliseconds: 100
[17703] 01-07 04:35:03,656 INFO [RocksDB]               Options.disable_auto_compactions: 0
[17703] 01-07 04:35:03,656 INFO [RocksDB]                       Options.compaction_style: kCompactionStyleLevel
[17703] 01-07 04:35:03,656 INFO [RocksDB]                         Options.compaction_pri: kByCompensatedSize
[17703] 01-07 04:35:03,656 INFO [RocksDB]Options.compaction_options_universal.size_ratio: 1
[17703] 01-07 04:35:03,656 INFO [RocksDB]Options.compaction_options_universal.min_merge_width: 2
[17703] 01-07 04:35:03,656 INFO [RocksDB]Options.compaction_options_universal.max_merge_width: 4294967295
[17703] 01-07 04:35:03,656 INFO [RocksDB]Options.compaction_options_universal.max_size_amplification_percent: 200
[17703] 01-07 04:35:03,656 INFO [RocksDB]Options.compaction_options_universal.compression_size_percent: -1
[17703] 01-07 04:35:03,656 INFO [RocksDB]Options.compaction_options_universal.stop_style: kCompactionStopStyleTotalSize
[17703] 01-07 04:35:03,656 INFO [RocksDB]Options.compaction_options_fifo.max_table_files_size: 1073741824
[17703] 01-07 04:35:03,656 INFO [RocksDB]Options.compaction_options_fifo.allow_compaction: 0
[17703] 01-07 04:35:03,656 INFO [RocksDB]Options.compaction_options_fifo.ttl: 0
[17703] 01-07 04:35:03,656 INFO [RocksDB]                  Options.table_properties_collectors: 
[17703] 01-07 04:35:03,656 INFO [RocksDB]                  Options.inplace_update_support: 0
[17703] 01-07 04:35:03,656 INFO [RocksDB]                Options.inplace_update_num_locks: 10000
[17703] 01-07 04:35:03,656 INFO [RocksDB]              Options.memtable_prefix_bloom_size_ratio: 0.000000
[17703] 01-07 04:35:03,656 INFO [RocksDB]  Options.memtable_huge_page_size: 0
[17703] 01-07 04:35:03,656 INFO [RocksDB]                          Options.bloom_locality: 0
[17703] 01-07 04:35:03,656 INFO [RocksDB]                   Options.max_successive_merges: 0
[17703] 01-07 04:35:03,656 INFO [RocksDB]               Options.optimize_filters_for_hits: 0
[17703] 01-07 04:35:03,656 INFO [RocksDB]               Options.paranoid_file_checks: 0
[17703] 01-07 04:35:03,656 INFO [RocksDB]               Options.force_consistency_checks: 0
[17703] 01-07 04:35:03,656 INFO [RocksDB]               Options.report_bg_io_stats: 0
[17703] 01-07 04:35:03,656 INFO [RocksDB]                              Options.ttl: 0
[17703] 01-07 04:35:03,656 INFO [RocksDB][db/db_impl.cc:1396] Created column family [0] (ID 1)
[17703] 01-07 04:35:03,659 INFO Create ColumnFamilyHandle with name:0 success.
[17703] 01-07 04:35:11,373 INFO [RocksDB][db/db_impl_write.cc:1373] [0] New memtable created with log file: #9. Immutable memtables: 0.

[17703] 01-07 04:35:19,559 INFO [RocksDB][db/db_impl_write.cc:1373] [0] New memtable created with log file: #10. Immutable memtables: 1.

[17703] 01-07 04:35:19,559 INFO [RocksDB][db/db_impl_compaction_flush.cc:80] [JOB 2] Syncing log #3
[17703] 01-07 04:35:20,193 INFO [RocksDB][db/db_impl_compaction_flush.cc:80] [JOB 2] Syncing log #9
[17703] 01-07 04:35:24,293 INFO [RocksDB](Original Log Time 2020/01/07-04:35:19.559857) [db/db_impl_compaction_flush.cc:1424] Calling FlushMemTableToOutputFile with column family [0], flush slots available 4, compaction slots available 1, flush slots scheduled 1, compaction slots scheduled 0
[17703] 01-07 04:35:24,293 INFO [RocksDB][db/flush_job.cc:301] [0] [JOB 2] Flushing memtable with next log file: 9

[17703] 01-07 04:35:24,293 INFO [RocksDB][db/flush_job.cc:301] [0] [JOB 2] Flushing memtable with next log file: 10

[17703] 01-07 04:35:24,293 INFO [RocksDB]EVENT_LOG_v1 {"time_micros": 1578371724293440, "job": 2, "event": "flush_started", "num_memtables": 2, "num_entries": 3594585, "num_deletes": 0, "memory_usage": 520100072, "flush_reason": "Write Buffer Full"}
[17703] 01-07 04:35:24,293 INFO [RocksDB][db/flush_job.cc:331] [0] [JOB 2] Level-0 flush table #11: started
[17703] 01-07 04:35:28,566 INFO [RocksDB][db/db_impl_write.cc:1373] [0] New memtable created with log file: #12. Immutable memtables: 2.

[17703] 01-07 04:35:31,372 INFO [RocksDB]EVENT_LOG_v1 {"time_micros": 1578371731372883, "cf_name": "0", "job": 2, "event": "table_file_creation", "file_number": 11, "file_size": 349504191, "table_properties": {"data_size": 339574450, "index_size": 4558876, "filter_size": 5369822, "raw_key_size": 141456708, "raw_average_key_size": 42, "raw_value_size": 272035063, "raw_average_value_size": 81, "num_data_blocks": 84609, "num_entries": 3337837, "filter_policy_name": "rocksdb.BuiltinBloomFilter", "kDeletedKeys": "0", "kMergeOperands": "0"}}
[17703] 01-07 04:35:31,372 INFO [RocksDB][db/flush_job.cc:371] [0] [JOB 2] Level-0 flush table #11: 349504191 bytes OK
[17703] 01-07 04:35:31,376 INFO [RocksDB](Original Log Time 2020/01/07-04:35:31.374169) [db/memtable_list.cc:377] [0] Level-0 commit table #11 started
[17703] 01-07 04:35:31,376 INFO [RocksDB](Original Log Time 2020/01/07-04:35:31.375961) [db/memtable_list.cc:409] [0] Level-0 commit table #11: memtable #1 done
[17703] 01-07 04:35:31,376 INFO [RocksDB](Original Log Time 2020/01/07-04:35:31.375966) [db/memtable_list.cc:409] [0] Level-0 commit table #11: memtable #2 done
[17703] 01-07 04:35:31,376 INFO [RocksDB](Original Log Time 2020/01/07-04:35:31.375976) EVENT_LOG_v1 {"time_micros": 1578371731375971, "job": 2, "event": "flush_finished", "output_compression": "NoCompression", "lsm_state": [1, 0, 0, 0, 0, 0, 0], "immutable_memtables": 1}
[17703] 01-07 04:35:31,376 INFO [RocksDB](Original Log Time 2020/01/07-04:35:31.376001) [db/db_impl_compaction_flush.cc:177] [0] Level summary: base level 1 max bytes base 536870912 files[1 0 0 0 0 0 0] max score 0.65

[17703] 01-07 04:35:31,376 INFO [RocksDB][db/db_impl_files.cc:342] [JOB 2] Try to delete WAL files size 424443678, prev total WAL file size 688612557, number of live WAL files 4.

[17703] 01-07 04:35:37,764 INFO [RocksDB][db/db_impl_write.cc:1373] [0] New memtable created with log file: #13. Immutable memtables: 1.

[17703] 01-07 04:35:37,764 INFO [RocksDB][db/db_impl_compaction_flush.cc:80] [JOB 3] Syncing log #10
[17703] 01-07 04:35:38,529 INFO [RocksDB][db/db_impl_compaction_flush.cc:80] [JOB 3] Syncing log #12
[17703] 01-07 04:35:40,074 INFO [RocksDB](Original Log Time 2020/01/07-04:35:37.764281) [db/db_impl_compaction_flush.cc:1424] Calling FlushMemTableToOutputFile with column family [0], flush slots available 4, compaction slots available 1, flush slots scheduled 1, compaction slots scheduled 0
[17703] 01-07 04:35:40,074 INFO [RocksDB][db/flush_job.cc:301] [0] [JOB 3] Flushing memtable with next log file: 12

[17703] 01-07 04:35:40,074 INFO [RocksDB][db/flush_job.cc:301] [0] [JOB 3] Flushing memtable with next log file: 13

[17703] 01-07 04:35:40,074 INFO [RocksDB]EVENT_LOG_v1 {"time_micros": 1578371740074575, "job": 3, "event": "flush_started", "num_memtables": 2, "num_entries": 3483136, "num_deletes": 0, "memory_usage": 520101568, "flush_reason": "Write Buffer Full"}
[17703] 01-07 04:35:40,074 INFO [RocksDB][db/flush_job.cc:331] [0] [JOB 3] Level-0 flush table #14: started
[17703] 01-07 04:35:46,564 INFO [RocksDB]EVENT_LOG_v1 {"time_micros": 1578371746564719, "cf_name": "0", "job": 3, "event": "table_file_creation", "file_number": 14, "file_size": 338576248, "table_properties": {"data_size": 328956549, "index_size": 4415713, "filter_size": 5202944, "raw_key_size": 137069516, "raw_average_key_size": 42, "raw_value_size": 263598372, "raw_average_value_size": 81, "num_data_blocks": 81962, "num_entries": 3234340, "filter_policy_name": "rocksdb.BuiltinBloomFilter", "kDeletedKeys": "0", "kMergeOperands": "0"}}
[17703] 01-07 04:35:46,564 INFO [RocksDB][db/flush_job.cc:371] [0] [JOB 3] Level-0 flush table #14: 338576248 bytes OK
[17703] 01-07 04:35:46,567 INFO [RocksDB](Original Log Time 2020/01/07-04:35:46.565987) [db/memtable_list.cc:377] [0] Level-0 commit table #14 started
[17703] 01-07 04:35:46,567 INFO [RocksDB](Original Log Time 2020/01/07-04:35:46.567720) [db/memtable_list.cc:409] [0] Level-0 commit table #14: memtable #1 done
[17703] 01-07 04:35:46,567 INFO [RocksDB](Original Log Time 2020/01/07-04:35:46.567721) [db/memtable_list.cc:409] [0] Level-0 commit table #14: memtable #2 done
[17703] 01-07 04:35:46,567 INFO [RocksDB](Original Log Time 2020/01/07-04:35:46.567730) EVENT_LOG_v1 {"time_micros": 1578371746567726, "job": 3, "event": "flush_finished", "output_compression": "NoCompression", "lsm_state": [2, 0, 0, 0, 0, 0, 0], "immutable_memtables": 0}
[17703] 01-07 04:35:46,567 INFO [RocksDB](Original Log Time 2020/01/07-04:35:46.567753) [db/db_impl_compaction_flush.cc:177] [0] Level summary: base level 1 max bytes base 536870912 files[2 0 0 0 0 0 0] max score 1.28

[17703] 01-07 04:35:46,567 INFO [RocksDB][db/db_impl_files.cc:342] [JOB 3] Try to delete WAL files size 411354280, prev total WAL file size 591594257, number of live WAL files 3.

[17703] 01-07 04:35:46,568 WARN [RocksDB][db/db_impl.cc:491] ------- DUMPING STATS -------
[17703] 01-07 04:35:46,568 WARN [RocksDB][db/db_impl.cc:492] 
** DB Stats **
Uptime(secs): 55.4 total, 55.4 interval
Cumulative writes: 1229K writes, 8603K keys, 1226K commit groups, 1.0 writes per commit group, ingest: 0.95 GB, 17.49 MB/s
Cumulative WAL: 1229K writes, 0 syncs, 1229118.00 writes per sync, written: 0.95 GB, 17.49 MB/s
Cumulative stall: 00:00:0.000 H:M:S, 0.0 percent
Interval writes: 1229K writes, 8603K keys, 1226K commit groups, 1.0 writes per commit group, ingest: 968.97 MB, 17.49 MB/s
Interval WAL: 1229K writes, 0 syncs, 1229118.00 writes per sync, written: 0.95 MB, 17.49 MB/s
Interval stall: 00:00:0.000 H:M:S, 0.0 percent

** Compaction Stats [default] **
Level    Files   Size     Score Read(GB)  Rn(GB) Rnp1(GB) Write(GB) Wnew(GB) Moved(GB) W-Amp Rd(MB/s) Wr(MB/s) Comp(sec) Comp(cnt) Avg(sec) KeyIn KeyDrop
----------------------------------------------------------------------------------------------------------------------------------------------------------
 Sum      0/0    0.00 KB   0.0      0.0     0.0      0.0       0.0     
[17703] 01-07 04:35:46,568 INFO [RocksDB][db/compaction_job.cc:1531] [0] [JOB 4] Compacting 2@0 files to L1, score 1.28
[17703] 01-07 04:35:46,568 INFO [RocksDB][db/compaction_job.cc:1535] [0] Compaction start summary: Base version 4 Base level 0, inputs: [14(322MB) 11(333MB)]

[17703] 01-07 04:35:46,568 INFO [RocksDB]EVENT_LOG_v1 {"time_micros": 1578371746568289, "job": 4, "event": "compaction_started", "compaction_reason": "LevelL0FilesNum", "files_L0": [14, 11], "score": 1.28165, "input_data_size": 688080439}
[17703] 01-07 04:35:47,131 INFO [RocksDB][db/db_impl_write.cc:1373] [0] New memtable created with log file: #16. Immutable memtables: 0.

[17703] 01-07 04:35:48,103 INFO [RocksDB][db/compaction_job.cc:1211] [0] [JOB 4] Generated table #15: 1218794 keys, 69815786 bytes
[17703] 01-07 04:35:48,103 INFO [RocksDB]EVENT_LOG_v1 {"time_micros": 1578371748103453, "cf_name": "0", "job": 4, "event": "table_file_creation", "file_number": 15, "file_size": 69815786, "table_properties": {"data_size": 67111875, "index_size": 981079, "filter_size": 1721801, "raw_key_size": 58223306, "raw_average_key_size": 47, "raw_value_size": 27062080, "raw_average_value_size": 22, "num_data_blocks": 16595, "num_entries": 1218794, "filter_policy_name": "rocksdb.BuiltinBloomFilter", "kDeletedKeys": "0", "kMergeOperands": "0"}}
[17703] 01-07 04:35:49,409 INFO [RocksDB][db/compaction_job.cc:1211] [0] [JOB 4] Generated table #17: 597538 keys, 68987032 bytes
[17703] 01-07 04:35:49,409 INFO [RocksDB]EVENT_LOG_v1 {"time_micros": 1578371749409621, "cf_name": "0", "job": 4, "event": "table_file_creation", "file_number": 17, "file_size": 68987032, "table_properties": {"data_size": 67109814, "index_size": 888274, "filter_size": 987913, "raw_key_size": 24595723, "raw_average_key_size": 41, "raw_value_size": 56766074, "raw_average_value_size": 94, "num_data_blocks": 16739, "num_entries": 597538, "filter_policy_name": "rocksdb.BuiltinBloomFilter", "kDeletedKeys": "0", "kMergeOperands": "0"}}
[17703] 01-07 04:35:50,717 INFO [RocksDB][db/compaction_job.cc:1211] [0] [JOB 4] Generated table #18: 597538 keys, 68990029 bytes
[17703] 01-07 04:35:50,717 INFO [RocksDB]EVENT_LOG_v1 {"time_micros": 1578371750717268, "cf_name": "0", "job": 4, "event": "table_file_creation", "file_number": 18, "file_size": 68990029, "table_properties": {"data_size": 67112217, "index_size": 888855, "filter_size": 987926, "raw_key_size": 24596348, "raw_average_key_size": 41, "raw_value_size": 56766074, "raw_average_value_size": 94, "num_data_blocks": 16740, "num_entries": 597538, "filter_policy_name": "rocksdb.BuiltinBloomFilter", "kDeletedKeys": "0", "kMergeOperands": "0"}}
[17703] 01-07 04:35:52,097 INFO [RocksDB][db/compaction_job.cc:1211] [0] [JOB 4] Generated table #19: 597558 keys, 68989117 bytes
[17703] 01-07 04:35:52,097 INFO [RocksDB]EVENT_LOG_v1 {"time_micros": 1578371752097951, "cf_name": "0", "job": 4, "event": "table_file_creation", "file_number": 19, "file_size": 68989117, "table_properties": {"data_size": 67111922, "index_size": 888216, "filter_size": 987948, "raw_key_size": 24596348, "raw_average_key_size": 41, "raw_value_size": 56768055, "raw_average_value_size": 95, "num_data_blocks": 16740, "num_entries": 597558, "filter_policy_name": "rocksdb.BuiltinBloomFilter", "kDeletedKeys": "0", "kMergeOperands": "0"}}
[17703] 01-07 04:35:53,400 INFO [RocksDB][db/compaction_job.cc:1211] [0] [JOB 4] Generated table #20: 597498 keys, 68986937 bytes
[17703] 01-07 04:35:53,400 INFO [RocksDB]EVENT_LOG_v1 {"time_micros": 1578371753400615, "cf_name": "0", "job": 4, "event": "table_file_creation", "file_number": 20, "file_size": 68986937, "table_properties": {"data_size": 67109216, "index_size": 888825, "filter_size": 987865, "raw_key_size": 24593305, "raw_average_key_size": 41, "raw_value_size": 56762310, "raw_average_value_size": 95, "num_data_blocks": 16739, "num_entries": 597498, "filter_policy_name": "rocksdb.BuiltinBloomFilter", "kDeletedKeys": "0", "kMergeOperands": "0"}}
[17703] 01-07 04:35:54,722 INFO [RocksDB][db/compaction_job.cc:1211] [0] [JOB 4] Generated table #21: 597515 keys, 68987796 bytes
[17703] 01-07 04:35:54,722 INFO [RocksDB]EVENT_LOG_v1 {"time_micros": 1578371754722702, "cf_name": "0", "job": 4, "event": "table_file_creation", "file_number": 21, "file_size": 68987796, "table_properties": {"data_size": 67110156, "index_size": 888723, "filter_size": 987886, "raw_key_size": 24593893, "raw_average_key_size": 41, "raw_value_size": 56763880, "raw_average_value_size": 94, "num_data_blocks": 16739, "num_entries": 597515, "filter_policy_name": "rocksdb.BuiltinBloomFilter", "kDeletedKeys": "0", "kMergeOperands": "0"}}
[17703] 01-07 04:35:56,076 INFO [RocksDB][db/compaction_job.cc:1211] [0] [JOB 4] Generated table #22: 597512 keys, 68987034 bytes
[17703] 01-07 04:35:56,076 INFO [RocksDB]EVENT_LOG_v1 {"time_micros": 1578371756076779, "cf_name": "0", "job": 4, "event": "table_file_creation", "file_number": 22, "file_size": 68987034, "table_properties": {"data_size": 67109540, "index_size": 888582, "filter_size": 987881, "raw_key_size": 24594875, "raw_average_key_size": 41, "raw_value_size": 56763667, "raw_average_value_size": 95, "num_data_blocks": 16739, "num_entries": 597512, "filter_policy_name": "rocksdb.BuiltinBloomFilter", "kDeletedKeys": "0", "kMergeOperands": "0"}}
[17703] 01-07 04:35:57,022 INFO [RocksDB][db/db_impl_write.cc:1373] [0] New memtable created with log file: #24. Immutable memtables: 1.

[17703] 01-07 04:35:57,022 INFO [RocksDB][db/db_impl_compaction_flush.cc:80] [JOB 5] Syncing log #13
[17703] 01-07 04:35:57,782 INFO [RocksDB][db/compaction_job.cc:1211] [0] [JOB 4] Generated table #23: 597536 keys, 68988019 bytes
[17703] 01-07 04:35:57,782 INFO [RocksDB]EVENT_LOG_v1 {"time_micros": 1578371757782928, "cf_name": "0", "job": 4, "event": "table_file_creation", "file_number": 23, "file_size": 68988019, "table_properties": {"data_size": 67110536, "index_size": 888525, "filter_size": 987927, "raw_key_size": 24597088, "raw_average_key_size": 41, "raw_value_size": 56765965, "raw_average_value_size": 95, "num_data_blocks": 16741, "num_entries": 597536, "filter_policy_name": "rocksdb.BuiltinBloomFilter", "kDeletedKeys": "0", "kMergeOperands": "0"}}
[17703] 01-07 04:35:57,783 INFO [RocksDB][db/db_impl_compaction_flush.cc:80] [JOB 5] Syncing log #16
[17703] 01-07 04:35:59,743 INFO [RocksDB][db/compaction_job.cc:1211] [0] [JOB 4] Generated table #26: 597516 keys, 68987612 bytes
[17703] 01-07 04:35:59,743 INFO [RocksDB]EVENT_LOG_v1 {"time_micros": 1578371759743352, "cf_name": "0", "job": 4, "event": "table_file_creation", "file_number": 26, "file_size": 68987612, "table_properties": {"data_size": 67109943, "index_size": 888751, "filter_size": 987887, "raw_key_size": 24594606, "raw_average_key_size": 41, "raw_value_size": 56763984, "raw_average_value_size": 94, "num_data_blocks": 16739, "num_entries": 597516, "filter_policy_name": "rocksdb.BuiltinBloomFilter", "kDeletedKeys": "0", "kMergeOperands": "0"}}
[17703] 01-07 04:35:59,744 INFO [RocksDB](Original Log Time 2020/01/07-04:35:57.022209) [db/db_impl_compaction_flush.cc:1424] Calling FlushMemTableToOutputFile with column family [0], flush slots available 4, compaction slots available 1, flush slots scheduled 1, compaction slots scheduled 1
[17703] 01-07 04:35:59,744 INFO [RocksDB][db/flush_job.cc:301] [0] [JOB 5] Flushing memtable with next log file: 16

[17703] 01-07 04:35:59,744 INFO [RocksDB][db/flush_job.cc:301] [0] [JOB 5] Flushing memtable with next log file: 24

[17703] 01-07 04:35:59,744 INFO [RocksDB]EVENT_LOG_v1 {"time_micros": 1578371759744544, "job": 5, "event": "flush_started", "num_memtables": 2, "num_entries": 3271548, "num_deletes": 0, "memory_usage": 522665664, "flush_reason": "Write Buffer Full"}
[17703] 01-07 04:35:59,744 INFO [RocksDB][db/flush_job.cc:331] [0] [JOB 5] Level-0 flush table #25: started
[17703] 01-07 04:36:02,190 INFO [RocksDB][db/compaction_job.cc:1211] [0] [JOB 4] Generated table #27: 573171 keys, 66167501 bytes
[17703] 01-07 04:36:02,190 INFO [RocksDB]EVENT_LOG_v1 {"time_micros": 1578371762190927, "cf_name": "0", "job": 4, "event": "table_file_creation", "file_number": 27, "file_size": 66167501, "table_properties": {"data_size": 64368296, "index_size": 850598, "filter_size": 947577, "raw_key_size": 23540713, "raw_average_key_size": 41, "raw_value_size": 54451290, "raw_average_value_size": 95, "num_data_blocks": 16053, "num_entries": 573171, "filter_policy_name": "rocksdb.BuiltinBloomFilter", "kDeletedKeys": "0", "kMergeOperands": "0"}}
[17703] 01-07 04:36:02,192 INFO [RocksDB][db/compaction_job.cc:1287] [0] [JOB 4] Compacted 2@0 files to L1 => 687886863 bytes
[17703] 01-07 04:36:02,194 INFO [RocksDB](Original Log Time 2020/01/07-04:36:02.194177) [db/compaction_job.cc:685] [0] compacted to: base level 1 max bytes base 536870912 files[0 10 0 0 0 0 0] max score 1.28, MB/sec: 44.0 rd, 44.0 wr, level 1, files in(2, 0) out(10) MB in(656.2, 0.0) out(656.0), read-write-amplify(2.0) write-amplify(1.0) OK, records in: 6572177, records dropped: 1 output_compression: NoCompression

[17703] 01-07 04:36:02,194 INFO [RocksDB](Original Log Time 2020/01/07-04:36:02.194191) EVENT_LOG_v1 {"time_micros": 1578371762194186, "job": 4, "event": "compaction_finished", "compaction_time_micros": 15623982, "output_level": 1, "num_output_files": 10, "total_output_size": 687886863, "num_input_records": 6572177, "num_output_records": 6572176, "num_subcompactions": 1, "output_compression": "NoCompression", "num_single_delete_mismatches": 0, "num_single_delete_fallthrough": 0, "lsm_state": [0, 10, 0, 0, 0, 0, 0]}
[17703] 01-07 04:36:02,194 INFO [RocksDB][db/compaction_job.cc:1531] [0] [JOB 6] Compacting 1@1 files to L2, score 1.28
[17703] 01-07 04:36:02,194 INFO [RocksDB][db/compaction_job.cc:1535] [0] Compaction start summary: Base version 5 Base level 1, inputs: [15(66MB)]

[17703] 01-07 04:36:02,194 INFO [RocksDB]EVENT_LOG_v1 {"time_micros": 1578371762194849, "job": 6, "event": "compaction_started", "compaction_reason": "LevelMaxLevelSize", "files_L1": [15], "score": 1.28129, "input_data_size": 69815786}
[17703] 01-07 04:36:06,073 INFO [RocksDB][db/compaction_job.cc:1211] [0] [JOB 6] Generated table #28: 1218794 keys, 53785597 bytes
[17703] 01-07 04:36:06,073 INFO [RocksDB]EVENT_LOG_v1 {"time_micros": 1578371766073610, "cf_name": "0", "job": 6, "event": "table_file_creation", "file_number": 28, "file_size": 53785597, "table_properties": {"data_size": 51559537, "index_size": 980775, "filter_size": 1691425, "raw_key_size": 58223306, "raw_average_key_size": 47, "raw_value_size": 27062080, "raw_average_value_size": 22, "num_data_blocks": 16595, "num_entries": 1218794, "filter_policy_name": "rocksdb.BuiltinBloomFilter", "kDeletedKeys": "0", "kMergeOperands": "0"}}
[17703] 01-07 04:36:06,075 INFO [RocksDB][db/compaction_job.cc:1287] [0] [JOB 6] Compacted 1@1 files to L2 => 53785597 bytes
[17703] 01-07 04:36:06,076 INFO [RocksDB](Original Log Time 2020/01/07-04:36:06.076767) [db/compaction_job.cc:685] [0] compacted to: base level 1 max bytes base 536870912 files[0 9 1 0 0 0 0] max score 1.15, MB/sec: 18.0 rd, 13.9 wr, level 2, files in(1, 0) out(1) MB in(66.6, 0.0) out(51.3), read-write-amplify(1.8) write-amplify(0.8) OK, records in: 1218794, records dropped: 0 output_compression: Snappy

[17703] 01-07 04:36:06,076 INFO [RocksDB](Original Log Time 2020/01/07-04:36:06.076797) EVENT_LOG_v1 {"time_micros": 1578371766076791, "job": 6, "event": "compaction_finished", "compaction_time_micros": 3880162, "output_level": 2, "num_output_files": 1, "total_output_size": 53785597, "num_input_records": 1218794, "num_output_records": 1218794, "num_subcompactions": 1, "output_compression": "Snappy", "num_single_delete_mismatches": 0, "num_single_delete_fallthrough": 0, "lsm_state": [0, 9, 1, 0, 0, 0, 0]}
[17703] 01-07 04:36:06,076 INFO [RocksDB][db/compaction_job.cc:1531] [0] [JOB 7] Compacting 1@1 files to L2, score 1.15
[17703] 01-07 04:36:06,076 INFO [RocksDB][db/compaction_job.cc:1535] [0] Compaction start summary: Base version 6 Base level 1, inputs: [18(65MB)]

[17703] 01-07 04:36:06,076 INFO [RocksDB]EVENT_LOG_v1 {"time_micros": 1578371766076872, "job": 7, "event": "compaction_started", "compaction_reason": "LevelMaxLevelSize", "files_L1": [18], "score": 1.15125, "input_data_size": 68990029}
[17703] 01-07 04:36:09,276 INFO [RocksDB]EVENT_LOG_v1 {"time_micros": 1578371769276515, "cf_name": "0", "job": 5, "event": "table_file_creation", "file_number": 25, "file_size": 318127498, "table_properties": {"data_size": 309094608, "index_size": 4144604, "filter_size": 4887244, "raw_key_size": 128746289, "raw_average_key_size": 42, "raw_value_size": 247586244, "raw_average_value_size": 81, "num_data_blocks": 77012, "num_entries": 3037867, "filter_policy_name": "rocksdb.BuiltinBloomFilter", "kDeletedKeys": "0", "kMergeOperands": "0"}}
[17703] 01-07 04:36:09,276 INFO [RocksDB][db/flush_job.cc:371] [0] [JOB 5] Level-0 flush table #25: 318127498 bytes OK
[17703] 01-07 04:36:09,279 INFO [RocksDB](Original Log Time 2020/01/07-04:36:09.278014) [db/memtable_list.cc:377] [0] Level-0 commit table #25 started
[17703] 01-07 04:36:09,279 INFO [RocksDB](Original Log Time 2020/01/07-04:36:09.279831) [db/memtable_list.cc:409] [0] Level-0 commit table #25: memtable #1 done
[17703] 01-07 04:36:09,279 INFO [RocksDB](Original Log Time 2020/01/07-04:36:09.279833) [db/memtable_list.cc:409] [0] Level-0 commit table #25: memtable #2 done
[17703] 01-07 04:36:09,279 INFO [RocksDB](Original Log Time 2020/01/07-04:36:09.279847) EVENT_LOG_v1 {"time_micros": 1578371769279841, "job": 5, "event": "flush_finished", "output_compression": "NoCompression", "lsm_state": [1, 9, 1, 0, 0, 0, 0], "immutable_memtables": 0}
[17703] 01-07 04:36:09,279 INFO [RocksDB](Original Log Time 2020/01/07-04:36:09.279868) [db/db_impl_compaction_flush.cc:177] [0] Level summary: base level 1 max bytes base 536870912 files[1 9 1 0 0 0 0] max score 1.02

[17703] 01-07 04:36:09,279 INFO [RocksDB][db/db_impl_files.cc:342] [JOB 5] Try to delete WAL files size 386377436, prev total WAL file size 572598070, number of live WAL files 3.

[17703] 01-07 04:36:09,307 INFO [RocksDB]EVENT_LOG_v1 {"time_micros": 1578371769307191, "job": 5, "event": "table_file_deletion", "file_number": 15}
[17703] 01-07 04:36:09,337 INFO [RocksDB]EVENT_LOG_v1 {"time_micros": 1578371769337059, "job": 5, "event": "table_file_deletion", "file_number": 14}
[17703] 01-07 04:36:09,382 INFO [RocksDB][db/compaction_job.cc:1211] [0] [JOB 7] Generated table #29: 597538 keys, 68588187 bytes
[17703] 01-07 04:36:09,382 INFO [RocksDB]EVENT_LOG_v1 {"time_micros": 1578371769382551, "cf_name": "0", "job": 7, "event": "table_file_creation", "file_number": 29, "file_size": 68588187, "table_properties": {"data_size": 67112217, "index_size": 888855, "filter_size": 987926, "raw_key_size": 24596348, "raw_average_key_size": 41, "raw_value_size": 56766074, "raw_average_value_size": 94, "num_data_blocks": 16740, "num_entries": 597538, "filter_policy_name": "rocksdb.BuiltinBloomFilter", "kDeletedKeys": "0", "kMergeOperands": "0"}}
[17703] 01-07 04:36:09,383 INFO [RocksDB][db/compaction_job.cc:1287] [0] [JOB 7] Compacted 1@1 files to L2 => 68588187 bytes
[17703] 01-07 04:36:09,385 INFO [RocksDB](Original Log Time 2020/01/07-04:36:09.385715) [db/compaction_job.cc:685] [0] compacted to: base level 1 max bytes base 536870912 files[1 8 2 0 0 0 0] max score 1.02, MB/sec: 20.9 rd, 20.7 wr, level 2, files in(1, 0) out(1) MB in(65.8, 0.0) out(65.4), read-write-amplify(2.0) write-amplify(1.0) OK, records in: 597538, records dropped: 0 output_compression: Snappy

[17703] 01-07 04:36:09,385 INFO [RocksDB](Original Log Time 2020/01/07-04:36:09.385740) EVENT_LOG_v1 {"time_micros": 1578371769385724, "job": 7, "event": "compaction_finished", "compaction_time_micros": 3306969, "output_level": 2, "num_output_files": 1, "total_output_size": 68588187, "num_input_records": 597538, "num_output_records": 597538, "num_subcompactions": 1, "output_compression": "Snappy", "num_single_delete_mismatches": 0, "num_single_delete_fallthrough": 0, "lsm_state": [1, 8, 2, 0, 0, 0, 0]}
[17703] 01-07 04:36:09,385 INFO [RocksDB][db/compaction_job.cc:1531] [0] [JOB 8] Compacting 1@1 files to L2, score 1.02
[17703] 01-07 04:36:09,385 INFO [RocksDB][db/compaction_job.cc:1535] [0] Compaction start summary: Base version 8 Base level 1, inputs: [19(65MB)]

[17703] 01-07 04:36:09,385 INFO [RocksDB]EVENT_LOG_v1 {"time_micros": 1578371769385801, "job": 8, "event": "compaction_started", "compaction_reason": "LevelMaxLevelSize", "files_L1": [19], "score": 1.02274, "input_data_size": 68989117}
[17703] 01-07 04:36:09,387 INFO [RocksDB]EVENT_LOG_v1 {"time_micros": 1578371769387698, "job": 5, "event": "table_file_deletion", "file_number": 11}
[17703] 01-07 04:36:10,700 INFO [RocksDB][db/compaction_job.cc:1211] [0] [JOB 8] Generated table #30: 597558 keys, 68587659 bytes
[17703] 01-07 04:36:10,700 INFO [RocksDB]EVENT_LOG_v1 {"time_micros": 1578371770700360, "cf_name": "0", "job": 8, "event": "table_file_creation", "file_number": 30, "file_size": 68587659, "table_properties": {"data_size": 67111922, "index_size": 888216, "filter_size": 987948, "raw_key_size": 24596348, "raw_average_key_size": 41, "raw_value_size": 56768055, "raw_average_value_size": 95, "num_data_blocks": 16740, "num_entries": 597558, "filter_policy_name": "rocksdb.BuiltinBloomFilter", "kDeletedKeys": "0", "kMergeOperands": "0"}}
[17703] 01-07 04:36:10,701 INFO [RocksDB][db/compaction_job.cc:1287] [0] [JOB 8] Compacted 1@1 files to L2 => 68587659 bytes
[17703] 01-07 04:36:10,704 INFO [RocksDB](Original Log Time 2020/01/07-04:36:10.704257) [db/compaction_job.cc:685] [0] compacted to: base level 1 max bytes base 536870912 files[1 7 3 0 0 0 0] max score 0.89, MB/sec: 52.4 rd, 52.1 wr, level 2, files in(1, 0) out(1) MB in(65.8, 0.0) out(65.4), read-write-amplify(2.0) write-amplify(1.0) OK, records in: 597558, records dropped: 0 output_compression: Snappy

[17703] 01-07 04:36:10,704 INFO [RocksDB](Original Log Time 2020/01/07-04:36:10.704271) EVENT_LOG_v1 {"time_micros": 1578371770704266, "job": 8, "event": "compaction_finished", "compaction_time_micros": 1316028, "output_level": 2, "num_output_files": 1, "total_output_size": 68587659, "num_input_records": 597558, "num_output_records": 597558, "num_subcompactions": 1, "output_compression": "Snappy", "num_single_delete_mismatches": 0, "num_single_delete_fallthrough": 0, "lsm_state": [1, 7, 3, 0, 0, 0, 0]}
[17703] 01-07 04:36:10,711 INFO [RocksDB]EVENT_LOG_v1 {"time_micros": 1578371770711309, "job": 8, "event": "table_file_deletion", "file_number": 18}
[17703] 01-07 04:36:10,711 INFO [RocksDB][db/db_impl_write.cc:1373] [0] New memtable created with log file: #31. Immutable memtables: 0.

[17703] 01-07 04:36:26,668 INFO [RocksDB][db/db_impl_write.cc:1373] [0] New memtable created with log file: #32. Immutable memtables: 1.

[17703] 01-07 04:36:26,668 INFO [RocksDB][db/db_impl_compaction_flush.cc:80] [JOB 9] Syncing log #24
[17703] 01-07 04:36:27,216 INFO [RocksDB][db/db_impl_compaction_flush.cc:80] [JOB 9] Syncing log #31
[17703] 01-07 04:36:28,896 INFO [RocksDB](Original Log Time 2020/01/07-04:36:26.668156) [db/db_impl_compaction_flush.cc:1424] Calling FlushMemTableToOutputFile with column family [0], flush slots available 4, compaction slots available 1, flush slots scheduled 1, compaction slots scheduled 0
[17703] 01-07 04:36:28,896 INFO [RocksDB][db/flush_job.cc:301] [0] [JOB 9] Flushing memtable with next log file: 31

[17703] 01-07 04:36:28,896 INFO [RocksDB][db/flush_job.cc:301] [0] [JOB 9] Flushing memtable with next log file: 32

[17703] 01-07 04:36:28,896 INFO [RocksDB]EVENT_LOG_v1 {"time_micros": 1578371788896771, "job": 9, "event": "flush_started", "num_memtables": 2, "num_entries": 3535051, "num_deletes": 0, "memory_usage": 520099728, "flush_reason": "Write Buffer Full"}
[17703] 01-07 04:36:28,896 INFO [RocksDB][db/flush_job.cc:331] [0] [JOB 9] Level-0 flush table #33: started
[17703] 01-07 04:36:35,513 INFO [RocksDB]EVENT_LOG_v1 {"time_micros": 1578371795513825, "cf_name": "0", "job": 9, "event": "table_file_creation", "file_number": 33, "file_size": 343699079, "table_properties": {"data_size": 333932386, "index_size": 4484964, "filter_size": 5280687, "raw_key_size": 139113405, "raw_average_key_size": 42, "raw_value_size": 267526540, "raw_average_value_size": 81, "num_data_blocks": 83203, "num_entries": 3282546, "filter_policy_name": "rocksdb.BuiltinBloomFilter", "kDeletedKeys": "0", "kMergeOperands": "0"}}
[17703] 01-07 04:36:35,513 INFO [RocksDB][db/flush_job.cc:371] [0] [JOB 9] Level-0 flush table #33: 343699079 bytes OK
[17703] 01-07 04:36:35,516 INFO [RocksDB](Original Log Time 2020/01/07-04:36:35.515093) [db/memtable_list.cc:377] [0] Level-0 commit table #33 started
[17703] 01-07 04:36:35,516 INFO [RocksDB](Original Log Time 2020/01/07-04:36:35.516783) [db/memtable_list.cc:409] [0] Level-0 commit table #33: memtable #1 done
[17703] 01-07 04:36:35,516 INFO [RocksDB](Original Log Time 2020/01/07-04:36:35.516784) [db/memtable_list.cc:409] [0] Level-0 commit table #33: memtable #2 done
[17703] 01-07 04:36:35,516 INFO [RocksDB](Original Log Time 2020/01/07-04:36:35.516794) EVENT_LOG_v1 {"time_micros": 1578371795516789, "job": 9, "event": "flush_finished", "output_compression": "NoCompression", "lsm_state": [2, 7, 3, 0, 0, 0, 0], "immutable_memtables": 0}
[17703] 01-07 04:36:35,516 INFO [RocksDB](Original Log Time 2020/01/07-04:36:35.516821) [db/db_impl_compaction_flush.cc:177] [0] Level summary: base level 1 max bytes base 536870912 files[2 7 3 0 0 0 0] max score 1.23

[17703] 01-07 04:36:35,516 INFO [RocksDB][db/db_impl_files.cc:342] [JOB 9] Try to delete WAL files size 417497052, prev total WAL file size 431158421, number of live WAL files 3.

[17703] 01-07 04:36:35,516 INFO [RocksDB][db/compaction_job.cc:1531] [0] [JOB 10] Compacting 2@0 + 7@1 files to L1, score 1.23
[17703] 01-07 04:36:35,516 INFO [RocksDB][db/compaction_job.cc:1535] [0] Compaction start summary: Base version 10 Base level 0, inputs: [33(327MB) 25(303MB)], [17(65MB) 20(65MB) 21(65MB) 22(65MB) 23(65MB) 26(65MB) 27(63MB)]

[17703] 01-07 04:36:35,516 INFO [RocksDB]EVENT_LOG_v1 {"time_micros": 1578371795516986, "job": 10, "event": "compaction_started", "compaction_reason": "LevelL0FilesNum", "files_L0": [33, 25], "files_L1": [17, 20, 21, 22, 23, 26, 27], "score": 1.23275, "input_data_size": 1141918508}
[17703] 01-07 04:36:35,523 INFO [RocksDB]EVENT_LOG_v1 {"time_micros": 1578371795523476, "job": 9, "event": "table_file_deletion", "file_number": 19}
[17703] 01-07 04:36:36,988 INFO [RocksDB][db/compaction_job.cc:1211] [0] [JOB 10] Generated table #34: 1194637 keys, 69782904 bytes
[17703] 01-07 04:36:36,989 INFO [RocksDB]EVENT_LOG_v1 {"time_micros": 1578371796988999, "cf_name": "0", "job": 10, "event": "table_file_creation", "file_number": 34, "file_size": 69782904, "table_properties": {"data_size": 67111122, "index_size": 977603, "filter_size": 1693148, "raw_key_size": 56920121, "raw_average_key_size": 47, "raw_value_size": 28164049, "raw_average_value_size": 23, "num_data_blocks": 16600, "num_entries": 1194637, "filter_policy_name": "rocksdb.BuiltinBloomFilter", "kDeletedKeys": "0", "kMergeOperands": "0"}}
[17703] 01-07 04:36:38,288 INFO [RocksDB][db/compaction_job.cc:1211] [0] [JOB 10] Generated table #35: 597599 keys, 68989106 bytes
[17703] 01-07 04:36:38,288 INFO [RocksDB]EVENT_LOG_v1 {"time_micros": 1578371798288389, "cf_name": "0", "job": 10, "event": "table_file_creation", "file_number": 35, "file_size": 68989106, "table_properties": {"data_size": 67110651, "index_size": 889404, "filter_size": 988020, "raw_key_size": 24600049, "raw_average_key_size": 41, "raw_value_size": 56771923, "raw_average_value_size": 95, "num_data_blocks": 16743, "num_entries": 597599, "filter_policy_name": "rocksdb.BuiltinBloomFilter", "kDeletedKeys": "0", "kMergeOperands": "0"}}
[17703] 01-07 04:36:39,597 INFO [RocksDB][db/compaction_job.cc:1211] [0] [JOB 10] Generated table #36: 597621 keys, 68987456 bytes
[17703] 01-07 04:36:39,597 INFO [RocksDB]EVENT_LOG_v1 {"time_micros": 1578371799597763, "cf_name": "0", "job": 10, "event": "table_file_creation", "file_number": 36, "file_size": 68987456, "table_properties": {"data_size": 67109970, "index_size": 888416, "filter_size": 988039, "raw_key_size": 24599442, "raw_average_key_size": 41, "raw_value_size": 56773914, "raw_average_value_size": 94, "num_data_blocks": 16742, "num_entries": 597621, "filter_policy_name": "rocksdb.BuiltinBloomFilter", "kDeletedKeys": "0", "kMergeOperands": "0"}}
[17703] 01-07 04:36:40,907 INFO [RocksDB][db/compaction_job.cc:1211] [0] [JOB 10] Generated table #37: 597509 keys, 68989847 bytes
[17703] 01-07 04:36:40,907 INFO [RocksDB]EVENT_LOG_v1 {"time_micros": 1578371800907021, "cf_name": "0", "job": 10, "event": "table_file_creation", "file_number": 37, "file_size": 68989847, "table_properties": {"data_size": 67112713, "index_size": 888221, "filter_size": 987882, "raw_key_size": 24593627, "raw_average_key_size": 41, "raw_value_size": 56763355, "raw_average_value_size": 95, "num_data_blocks": 16739, "num_entries": 597509, "filter_policy_name": "rocksdb.BuiltinBloomFilter", "kDeletedKeys": "0", "kMergeOperands": "0"}}
[17703] 01-07 04:36:42,286 INFO [RocksDB][db/compaction_job.cc:1211] [0] [JOB 10] Generated table #38: 597491 keys, 68986675 bytes
[17703] 01-07 04:36:42,286 INFO [RocksDB]EVENT_LOG_v1 {"time_micros": 1578371802286824, "cf_name": "0", "job": 10, "event": "table_file_creation", "file_number": 38, "file_size": 68986675, "table_properties": {"data_size": 67109325, "index_size": 888461, "filter_size": 987858, "raw_key_size": 24593008, "raw_average_key_size": 41, "raw_value_size": 56761681, "raw_average_value_size": 95, "num_data_blocks": 16739, "num_entries": 597491, "filter_policy_name": "rocksdb.BuiltinBloomFilter", "kDeletedKeys": "0", "kMergeOperands": "0"}}
[17703] 01-07 04:36:43,589 INFO [RocksDB][db/compaction_job.cc:1211] [0] [JOB 10] Generated table #39: 597583 keys, 68987546 bytes
[17703] 01-07 04:36:43,589 INFO [RocksDB]EVENT_LOG_v1 {"time_micros": 1578371803589068, "cf_name": "0", "job": 10, "event": "table_file_creation", "file_number": 39, "file_size": 68987546, "table_properties": {"data_size": 67109543, "index_size": 888972, "filter_size": 988000, "raw_key_size": 24596049, "raw_average_key_size": 41, "raw_value_size": 56770457, "raw_average_value_size": 95, "num_data_blocks": 16743, "num_entries": 597583, "filter_policy_name": "rocksdb.BuiltinBloomFilter", "kDeletedKeys": "0", "kMergeOperands": "0"}}
[17703] 01-07 04:36:44,889 INFO [RocksDB][db/compaction_job.cc:1211] [0] [JOB 10] Generated table #40: 597605 keys, 68987552 bytes
[17703] 01-07 04:36:44,889 INFO [RocksDB]EVENT_LOG_v1 {"time_micros": 1578371804889791, "cf_name": "0", "job": 10, "event": "table_file_creation", "file_number": 40, "file_size": 68987552, "table_properties": {"data_size": 67109829, "index_size": 888664, "filter_size": 988028, "raw_key_size": 24597774, "raw_average_key_size": 41, "raw_value_size": 56772448, "raw_average_value_size": 94, "num_data_blocks": 16743, "num_entries": 597605, "filter_policy_name": "rocksdb.BuiltinBloomFilter", "kDeletedKeys": "0", "kMergeOperands": "0"}}
[17703] 01-07 04:36:46,192 INFO [RocksDB][db/compaction_job.cc:1211] [0] [JOB 10] Generated table #41: 597630 keys, 68990139 bytes
[17703] 01-07 04:36:46,192 INFO [RocksDB]EVENT_LOG_v1 {"time_micros": 1578371806192705, "cf_name": "0", "job": 10, "event": "table_file_creation", "file_number": 41, "file_size": 68990139, "table_properties": {"data_size": 67112436, "index_size": 888620, "filter_size": 988052, "raw_key_size": 24599545, "raw_average_key_size": 41, "raw_value_size": 56774850, "raw_average_value_size": 95, "num_data_blocks": 16742, "num_entries": 597630, "filter_policy_name": "rocksdb.BuiltinBloomFilter", "kDeletedKeys": "0", "kMergeOperands": "0"}}
[17703] 01-07 04:36:47,523 INFO [RocksDB][db/compaction_job.cc:1211] [0] [JOB 10] Generated table #42: 597609 keys, 68987140 bytes
[17703] 01-07 04:36:47,523 INFO [RocksDB]EVENT_LOG_v1 {"time_micros": 1578371807523219, "cf_name": "0", "job": 10, "event": "table_file_creation", "file_number": 42, "file_size": 68987140, "table_properties": {"data_size": 67109501, "index_size": 888585, "filter_size": 988023, "raw_key_size": 24597337, "raw_average_key_size": 41, "raw_value_size": 56772864, "raw_average_value_size": 95, "num_data_blocks": 16742, "num_entries": 597609, "filter_policy_name": "rocksdb.BuiltinBloomFilter", "kDeletedKeys": "0", "kMergeOperands": "0"}}
[17703] 01-07 04:36:48,834 INFO [RocksDB][db/compaction_job.cc:1211] [0] [JOB 10] Generated table #43: 597618 keys, 68990004 bytes
[17703] 01-07 04:36:48,834 INFO [RocksDB]EVENT_LOG_v1 {"time_micros": 1578371808834395, "cf_name": "0", "job": 10, "event": "table_file_creation", "file_number": 43, "file_size": 68990004, "table_properties": {"data_size": 67111983, "index_size": 888952, "filter_size": 988038, "raw_key_size": 24599093, "raw_average_key_size": 41, "raw_value_size": 56773701, "raw_average_value_size": 94, "num_data_blocks": 16742, "num_entries": 597618, "filter_policy_name": "rocksdb.BuiltinBloomFilter", "kDeletedKeys": "0", "kMergeOperands": "0"}}
[17703] 01-07 04:36:50,118 INFO [RocksDB][db/compaction_job.cc:1211] [0] [JOB 10] Generated table #44: 597633 keys, 68989914 bytes
[17703] 01-07 04:36:50,118 INFO [RocksDB]EVENT_LOG_v1 {"time_micros": 1578371810118498, "cf_name": "0", "job": 10, "event": "table_file_creation", "file_number": 44, "file_size": 68989914, "table_properties": {"data_size": 67112076, "index_size": 888752, "filter_size": 988055, "raw_key_size": 24600441, "raw_average_key_size": 41, "raw_value_size": 56775162, "raw_average_value_size": 95, "num_data_blocks": 16742, "num_entries": 597633, "filter_policy_name": "rocksdb.BuiltinBloomFilter", "kDeletedKeys": "0", "kMergeOperands": "0"}}
[17703] 01-07 04:36:51,490 INFO [RocksDB][db/compaction_job.cc:1211] [0] [JOB 10] Generated table #45: 597616 keys, 68988888 bytes
[17703] 01-07 04:36:51,490 INFO [RocksDB]EVENT_LOG_v1 {"time_micros": 1578371811490785, "cf_name": "0", "job": 10, "event": "table_file_creation", "file_number": 45, "file_size": 68988888, "table_properties": {"data_size": 67111167, "index_size": 888663, "filter_size": 988027, "raw_key_size": 24598646, "raw_average_key_size": 41, "raw_value_size": 56773493, "raw_average_value_size": 94, "num_data_blocks": 16741, "num_entries": 597616, "filter_policy_name": "rocksdb.BuiltinBloomFilter", "kDeletedKeys": "0", "kMergeOperands": "0"}}
[17703] 01-07 04:36:52,793 INFO [RocksDB][db/compaction_job.cc:1211] [0] [JOB 10] Generated table #46: 597633 keys, 68989879 bytes
[17703] 01-07 04:36:52,793 INFO [RocksDB]EVENT_LOG_v1 {"time_micros": 1578371812793738, "cf_name": "0", "job": 10, "event": "table_file_creation", "file_number": 46, "file_size": 68989879, "table_properties": {"data_size": 67111819, "index_size": 888965, "filter_size": 988064, "raw_key_size": 24602201, "raw_average_key_size": 41, "raw_value_size": 56775162, "raw_average_value_size": 95, "num_data_blocks": 16743, "num_entries": 597633, "filter_policy_name": "rocksdb.BuiltinBloomFilter", "kDeletedKeys": "0", "kMergeOperands": "0"}}
[17703] 01-07 04:36:54,098 INFO [RocksDB][db/compaction_job.cc:1211] [0] [JOB 10] Generated table #47: 597603 keys, 68986756 bytes
[17703] 01-07 04:36:54,098 INFO [RocksDB]EVENT_LOG_v1 {"time_micros": 1578371814098245, "cf_name": "0", "job": 10, "event": "table_file_creation", "file_number": 47, "file_size": 68986756, "table_properties": {"data_size": 67109348, "index_size": 888369, "filter_size": 988008, "raw_key_size": 24597327, "raw_average_key_size": 41, "raw_value_size": 56772240, "raw_average_value_size": 94, "num_data_blocks": 16741, "num_entries": 597603, "filter_policy_name": "rocksdb.BuiltinBloomFilter", "kDeletedKeys": "0", "kMergeOperands": "0"}}
[17703] 01-07 04:36:55,406 INFO [RocksDB][db/compaction_job.cc:1211] [0] [JOB 10] Generated table #48: 597613 keys, 68989190 bytes
[17703] 01-07 04:36:55,406 INFO [RocksDB]EVENT_LOG_v1 {"time_micros": 1578371815406190, "cf_name": "0", "job": 10, "event": "table_file_creation", "file_number": 48, "file_size": 68989190, "table_properties": {"data_size": 67110896, "index_size": 889218, "filter_size": 988045, "raw_key_size": 24600937, "raw_average_key_size": 41, "raw_value_size": 56773280, "raw_average_value_size": 95, "num_data_blocks": 16744, "num_entries": 597613, "filter_policy_name": "rocksdb.BuiltinBloomFilter", "kDeletedKeys": "0", "kMergeOperands": "0"}}
[17703] 01-07 04:36:56,715 INFO [RocksDB][db/compaction_job.cc:1211] [0] [JOB 10] Generated table #49: 597608 keys, 68988284 bytes
[17703] 01-07 04:36:56,715 INFO [RocksDB]EVENT_LOG_v1 {"time_micros": 1578371816715408, "cf_name": "0", "job": 10, "event": "table_file_creation", "file_number": 49, "file_size": 68988284, "table_properties": {"data_size": 67110419, "index_size": 888812, "filter_size": 988022, "raw_key_size": 24599990, "raw_average_key_size": 41, "raw_value_size": 56772760, "raw_average_value_size": 95, "num_data_blocks": 16742, "num_entries": 597608, "filter_policy_name": "rocksdb.BuiltinBloomFilter", "kDeletedKeys": "0", "kMergeOperands": "0"}}
[17703] 01-07 04:36:57,414 INFO [RocksDB][db/compaction_job.cc:1211] [0] [JOB 10] Generated table #50: 320090 keys, 36943877 bytes
[17703] 01-07 04:36:57,414 INFO [RocksDB]EVENT_LOG_v1 {"time_micros": 1578371817414355, "cf_name": "0", "job": 10, "event": "table_file_creation", "file_number": 50, "file_size": 36943877, "table_properties": {"data_size": 35939952, "index_size": 473771, "filter_size": 529124, "raw_key_size": 13074291, "raw_average_key_size": 40, "raw_value_size": 30408559, "raw_average_value_size": 95, "num_data_blocks": 8962, "num_entries": 320090, "filter_policy_name": "rocksdb.BuiltinBloomFilter", "kDeletedKeys": "0", "kMergeOperands": "0"}}
[17703] 01-07 04:36:57,415 INFO [RocksDB][db/compaction_job.cc:1287] [0] [JOB 10] Compacted 2@0 + 7@1 files to L1 => 1141555157 bytes
[17703] 01-07 04:36:57,417 INFO [RocksDB](Original Log Time 2020/01/07-04:36:57.417325) [db/compaction_job.cc:685] [0] compacted to: base level 1 max bytes base 536870912 files[0 17 3 0 0 0 0] max score 2.13, MB/sec: 52.1 rd, 52.1 wr, level 1, files in(2, 7) out(17) MB in(631.2, 457.9) out(1088.7), read-write-amplify(3.5) write-amplify(1.7) OK, records in: 10478699, records dropped: 1 output_compression: NoCompression

[17703] 01-07 04:36:57,417 INFO [RocksDB](Original Log Time 2020/01/07-04:36:57.417339) EVENT_LOG_v1 {"time_micros": 1578371817417333, "job": 10, "event": "compaction_finished", "compaction_time_micros": 21898601, "output_level": 1, "num_output_files": 17, "total_output_size": 1141555157, "num_input_records": 10478699, "num_output_records": 10478698, "num_subcompactions": 1, "output_compression": "NoCompression", "num_single_delete_mismatches": 0, "num_single_delete_fallthrough": 0, "lsm_state": [0, 17, 3, 0, 0, 0, 0]}
[17703] 01-07 04:36:57,417 INFO [RocksDB][db/compaction_job.cc:1531] [0] [JOB 11] Compacting 1@1 + 1@2 files to L2, score 2.13
[17703] 01-07 04:36:57,417 INFO [RocksDB][db/compaction_job.cc:1535] [0] Compaction start summary: Base version 11 Base level 1, inputs: [34(66MB)], [28(51MB)]

[17703] 01-07 04:36:57,417 INFO [RocksDB]EVENT_LOG_v1 {"time_micros": 1578371817417437, "job": 11, "event": "compaction_started", "compaction_reason": "LevelMaxLevelSize", "files_L1": [34], "files_L2": [28], "score": 2.12631, "input_data_size": 123568501}
[17703] 01-07 04:36:57,453 INFO [RocksDB]EVENT_LOG_v1 {"time_micros": 1578371817453506, "job": 0, "event": "table_file_deletion", "file_number": 33}
[17703] 01-07 04:36:57,460 INFO [RocksDB]EVENT_LOG_v1 {"time_micros": 1578371817460150, "job": 0, "event": "table_file_deletion", "file_number": 27}
[17703] 01-07 04:36:57,467 INFO [RocksDB]EVENT_LOG_v1 {"time_micros": 1578371817467022, "job": 0, "event": "table_file_deletion", "file_number": 26}
[17703] 01-07 04:36:57,497 INFO [RocksDB]EVENT_LOG_v1 {"time_micros": 1578371817497552, "job": 0, "event": "table_file_deletion", "file_number": 25}
[17703] 01-07 04:36:57,504 INFO [RocksDB]EVENT_LOG_v1 {"time_micros": 1578371817504316, "job": 0, "event": "table_file_deletion", "file_number": 23}
[17703] 01-07 04:36:57,511 INFO [RocksDB]EVENT_LOG_v1 {"time_micros": 1578371817511047, "job": 0, "event": "table_file_deletion", "file_number": 22}
[17703] 01-07 04:36:57,517 INFO [RocksDB]EVENT_LOG_v1 {"time_micros": 1578371817517868, "job": 0, "event": "table_file_deletion", "file_number": 21}
[17703] 01-07 04:36:57,524 INFO [RocksDB]EVENT_LOG_v1 {"time_micros": 1578371817524734, "job": 0, "event": "table_file_deletion", "file_number": 20}
[17703] 01-07 04:36:57,531 INFO [RocksDB]EVENT_LOG_v1 {"time_micros": 1578371817531325, "job": 0, "event": "table_file_deletion", "file_number": 17}
[17703] 01-07 04:37:00,795 INFO [RocksDB][db/compaction_job.cc:1211] [0] [JOB 11] Generated table #51: 2090645 keys, 70728634 bytes
[17703] 01-07 04:37:00,795 INFO [RocksDB]EVENT_LOG_v1 {"time_micros": 1578371820795552, "cf_name": "0", "job": 11, "event": "table_file_creation", "file_number": 51, "file_size": 70728634, "table_properties": {"data_size": 67111259, "index_size": 1475023, "filter_size": 2821102, "raw_key_size": 101858392, "raw_average_key_size": 48, "raw_value_size": 24561489, "raw_average_value_size": 11, "num_data_blocks": 24091, "num_entries": 2090645, "filter_policy_name": "rocksdb.BuiltinBloomFilter", "kDeletedKeys": "0", "kMergeOperands": "0"}}
[17703] 01-07 04:37:01,496 INFO [RocksDB][db/compaction_job.cc:1211] [0] [JOB 11] Generated table #52: 322785 keys, 37043948 bytes
[17703] 01-07 04:37:01,496 INFO [RocksDB]EVENT_LOG_v1 {"time_micros": 1578371821496293, "cf_name": "0", "job": 11, "event": "table_file_creation", "file_number": 52, "file_size": 37043948, "table_properties": {"data_size": 36248175, "index_size": 479628, "filter_size": 533664, "raw_key_size": 13285016, "raw_average_key_size": 41, "raw_value_size": 30664584, "raw_average_value_size": 95, "num_data_blocks": 9043, "num_entries": 322785, "filter_policy_name": "rocksdb.BuiltinBloomFilter", "kDeletedKeys": "0", "kMergeOperands": "0"}}
[17703] 01-07 04:37:01,497 INFO [RocksDB][db/compaction_job.cc:1287] [0] [JOB 11] Compacted 1@1 + 1@2 files to L2 => 107772582 bytes
[17703] 01-07 04:37:01,499 INFO [RocksDB](Original Log Time 2020/01/07-04:37:01.499606) [db/compaction_job.cc:685] [0] compacted to: base level 1 max bytes base 536870912 files[0 16 4 0 0 0 0] max score 2.00, MB/sec: 30.3 rd, 26.4 wr, level 2, files in(1, 1) out(2) MB in(66.6, 51.3) out(102.8), read-write-amplify(3.3) write-amplify(1.5) OK, records in: 2413431, records dropped: 1 output_compression: Snappy

[17703] 01-07 04:37:01,499 INFO [RocksDB](Original Log Time 2020/01/07-04:37:01.499629) EVENT_LOG_v1 {"time_micros": 1578371821499614, "job": 11, "event": "compaction_finished", "compaction_time_micros": 4080327, "output_level": 2, "num_output_files": 2, "total_output_size": 107772582, "num_input_records": 2413431, "num_output_records": 2413430, "num_subcompactions": 1, "output_compression": "Snappy", "num_single_delete_mismatches": 0, "num_single_delete_fallthrough": 0, "lsm_state": [0, 16, 4, 0, 0, 0, 0]}
[17703] 01-07 04:37:01,499 INFO [RocksDB][db/compaction_job.cc:1531] [0] [JOB 12] Compacting 1@1 files to L2, score 2.00
[17703] 01-07 04:37:01,499 INFO [RocksDB][db/compaction_job.cc:1535] [0] Compaction start summary: Base version 12 Base level 1, inputs: [41(65MB)]

[17703] 01-07 04:37:01,499 INFO [RocksDB]EVENT_LOG_v1 {"time_micros": 1578371821499692, "job": 12, "event": "compaction_started", "compaction_reason": "LevelMaxLevelSize", "files_L1": [41], "score": 1.99633, "input_data_size": 68990139}
[17703] 01-07 04:37:01,507 INFO [RocksDB]EVENT_LOG_v1 {"time_micros": 1578371821507330, "job": 0, "event": "table_file_deletion", "file_number": 34}
[17703] 01-07 04:37:01,512 INFO [RocksDB]EVENT_LOG_v1 {"time_micros": 1578371821512767, "job": 0, "event": "table_file_deletion", "file_number": 28}
[17703] 01-07 04:37:02,800 INFO [RocksDB][db/compaction_job.cc:1211] [0] [JOB 12] Generated table #53: 597630 keys, 68585006 bytes
[17703] 01-07 04:37:02,800 INFO [RocksDB]EVENT_LOG_v1 {"time_micros": 1578371822800064, "cf_name": "0", "job": 12, "event": "table_file_creation", "file_number": 53, "file_size": 68585006, "table_properties": {"data_size": 67112436, "index_size": 888620, "filter_size": 988052, "raw_key_size": 24599545, "raw_average_key_size": 41, "raw_value_size": 56774850, "raw_average_value_size": 95, "num_data_blocks": 16742, "num_entries": 597630, "filter_policy_name": "rocksdb.BuiltinBloomFilter", "kDeletedKeys": "0", "kMergeOperands": "0"}}
[17703] 01-07 04:37:02,801 INFO [RocksDB][db/compaction_job.cc:1287] [0] [JOB 12] Compacted 1@1 files to L2 => 68585006 bytes
[17703] 01-07 04:37:02,803 INFO [RocksDB](Original Log Time 2020/01/07-04:37:02.803509) [db/compaction_job.cc:685] [0] compacted to: base level 1 max bytes base 536870912 files[0 15 5 0 0 0 0] max score 1.87, MB/sec: 53.0 rd, 52.7 wr, level 2, files in(1, 0) out(1) MB in(65.8, 0.0) out(65.4), read-write-amplify(2.0) write-amplify(1.0) OK, records in: 597630, records dropped: 0 output_compression: Snappy

[17703] 01-07 04:37:02,803 INFO [RocksDB](Original Log Time 2020/01/07-04:37:02.803523) EVENT_LOG_v1 {"time_micros": 1578371822803517, "job": 12, "event": "compaction_finished", "compaction_time_micros": 1302013, "output_level": 2, "num_output_files": 1, "total_output_size": 68585006, "num_input_records": 597630, "num_output_records": 597630, "num_subcompactions": 1, "output_compression": "Snappy", "num_single_delete_mismatches": 0, "num_single_delete_fallthrough": 0, "lsm_state": [0, 15, 5, 0, 0, 0, 0]}
[17703] 01-07 04:37:02,803 INFO [RocksDB][db/compaction_job.cc:1531] [0] [JOB 13] Compacting 1@1 files to L2, score 1.87
[17703] 01-07 04:37:02,803 INFO [RocksDB][db/compaction_job.cc:1535] [0] Compaction start summary: Base version 13 Base level 1, inputs: [43(65MB)]

[17703] 01-07 04:37:02,803 INFO [RocksDB]EVENT_LOG_v1 {"time_micros": 1578371822803609, "job": 13, "event": "compaction_started", "compaction_reason": "LevelMaxLevelSize", "files_L1": [43], "score": 1.86783, "input_data_size": 68990004}
[17703] 01-07 04:37:02,811 INFO [RocksDB]EVENT_LOG_v1 {"time_micros": 1578371822811189, "job": 0, "event": "table_file_deletion", "file_number": 41}
[17703] 01-07 04:37:04,118 INFO [RocksDB][db/compaction_job.cc:1211] [0] [JOB 13] Generated table #54: 597618 keys, 68584901 bytes
[17703] 01-07 04:37:04,118 INFO [RocksDB]EVENT_LOG_v1 {"time_micros": 1578371824118089, "cf_name": "0", "job": 13, "event": "table_file_creation", "file_number": 54, "file_size": 68584901, "table_properties": {"data_size": 67111983, "index_size": 888952, "filter_size": 988038, "raw_key_size": 24599093, "raw_average_key_size": 41, "raw_value_size": 56773701, "raw_average_value_size": 94, "num_data_blocks": 16742, "num_entries": 597618, "filter_policy_name": "rocksdb.BuiltinBloomFilter", "kDeletedKeys": "0", "kMergeOperands": "0"}}
[17703] 01-07 04:37:04,119 INFO [RocksDB][db/compaction_job.cc:1287] [0] [JOB 13] Compacted 1@1 files to L2 => 68584901 bytes
[17703] 01-07 04:37:04,121 INFO [RocksDB](Original Log Time 2020/01/07-04:37:04.121649) [db/compaction_job.cc:685] [0] compacted to: base level 1 max bytes base 536870912 files[0 14 6 0 0 0 0] max score 1.74, MB/sec: 52.4 rd, 52.1 wr, level 2, files in(1, 0) out(1) MB in(65.8, 0.0) out(65.4), read-write-amplify(2.0) write-amplify(1.0) OK, records in: 597618, records dropped: 0 output_compression: Snappy

[17703] 01-07 04:37:04,121 INFO [RocksDB](Original Log Time 2020/01/07-04:37:04.121662) EVENT_LOG_v1 {"time_micros": 1578371824121657, "job": 13, "event": "compaction_finished", "compaction_time_micros": 1316230, "output_level": 2, "num_output_files": 1, "total_output_size": 68584901, "num_input_records": 597618, "num_output_records": 597618, "num_subcompactions": 1, "output_compression": "Snappy", "num_single_delete_mismatches": 0, "num_single_delete_fallthrough": 0, "lsm_state": [0, 14, 6, 0, 0, 0, 0]}
[17703] 01-07 04:37:04,121 INFO [RocksDB][db/compaction_job.cc:1531] [0] [JOB 14] Compacting 1@1 files to L2, score 1.74
[17703] 01-07 04:37:04,121 INFO [RocksDB][db/compaction_job.cc:1535] [0] Compaction start summary: Base version 14 Base level 1, inputs: [44(65MB)]

[17703] 01-07 04:37:04,121 INFO [RocksDB]EVENT_LOG_v1 {"time_micros": 1578371824121726, "job": 14, "event": "compaction_started", "compaction_reason": "LevelMaxLevelSize", "files_L1": [44], "score": 1.73932, "input_data_size": 68989914}
[17703] 01-07 04:37:04,129 INFO [RocksDB]EVENT_LOG_v1 {"time_micros": 1578371824129257, "job": 0, "event": "table_file_deletion", "file_number": 43}
[17703] 01-07 04:37:05,422 INFO [RocksDB][db/compaction_job.cc:1211] [0] [JOB 14] Generated table #55: 597633 keys, 68584622 bytes
[17703] 01-07 04:37:05,422 INFO [RocksDB]EVENT_LOG_v1 {"time_micros": 1578371825422957, "cf_name": "0", "job": 14, "event": "table_file_creation", "file_number": 55, "file_size": 68584622, "table_properties": {"data_size": 67112076, "index_size": 888752, "filter_size": 988055, "raw_key_size": 24600441, "raw_average_key_size": 41, "raw_value_size": 56775162, "raw_average_value_size": 95, "num_data_blocks": 16742, "num_entries": 597633, "filter_policy_name": "rocksdb.BuiltinBloomFilter", "kDeletedKeys": "0", "kMergeOperands": "0"}}
[17703] 01-07 04:37:05,424 INFO [RocksDB][db/compaction_job.cc:1287] [0] [JOB 14] Compacted 1@1 files to L2 => 68584622 bytes
[17703] 01-07 04:37:05,426 INFO [RocksDB](Original Log Time 2020/01/07-04:37:05.426023) [db/compaction_job.cc:685] [0] compacted to: base level 1 max bytes base 536870912 files[0 13 7 0 0 0 0] max score 1.61, MB/sec: 53.0 rd, 52.7 wr, level 2, files in(1, 0) out(1) MB in(65.8, 0.0) out(65.4), read-write-amplify(2.0) write-amplify(1.0) OK, records in: 597633, records dropped: 0 output_compression: Snappy

[17703] 01-07 04:37:05,426 INFO [RocksDB](Original Log Time 2020/01/07-04:37:05.426048) EVENT_LOG_v1 {"time_micros": 1578371825426032, "job": 14, "event": "compaction_finished", "compaction_time_micros": 1302564, "output_level": 2, "num_output_files": 1, "total_output_size": 68584622, "num_input_records": 597633, "num_output_records": 597633, "num_subcompactions": 1, "output_compression": "Snappy", "num_single_delete_mismatches": 0, "num_single_delete_fallthrough": 0, "lsm_state": [0, 13, 7, 0, 0, 0, 0]}
[17703] 01-07 04:37:05,433 INFO [RocksDB]EVENT_LOG_v1 {"time_micros": 1578371825433757, "job": 14, "event": "table_file_deletion", "file_number": 44}
[17703] 01-07 04:37:05,433 INFO [RocksDB][db/compaction_job.cc:1531] [0] [JOB 15] Compacting 1@1 files to L2, score 1.61
[17703] 01-07 04:37:05,433 INFO [RocksDB][db/compaction_job.cc:1535] [0] Compaction start summary: Base version 15 Base level 1, inputs: [46(65MB)]

[17703] 01-07 04:37:05,433 INFO [RocksDB]EVENT_LOG_v1 {"time_micros": 1578371825433804, "job": 15, "event": "compaction_started", "compaction_reason": "LevelMaxLevelSize", "files_L1": [46], "score": 1.61082, "input_data_size": 68989879}
[17703] 01-07 04:37:06,740 INFO [RocksDB][db/compaction_job.cc:1211] [0] [JOB 15] Generated table #56: 597633 keys, 68584716 bytes
[17703] 01-07 04:37:06,740 INFO [RocksDB]EVENT_LOG_v1 {"time_micros": 1578371826740443, "cf_name": "0", "job": 15, "event": "table_file_creation", "file_number": 56, "file_size": 68584716, "table_properties": {"data_size": 67111819, "index_size": 888965, "filter_size": 988064, "raw_key_size": 24602201, "raw_average_key_size": 41, "raw_value_size": 56775162, "raw_average_value_size": 95, "num_data_blocks": 16743, "num_entries": 597633, "filter_policy_name": "rocksdb.BuiltinBloomFilter", "kDeletedKeys": "0", "kMergeOperands": "0"}}
[17703] 01-07 04:37:06,741 INFO [RocksDB][db/compaction_job.cc:1287] [0] [JOB 15] Compacted 1@1 files to L2 => 68584716 bytes
[17703] 01-07 04:37:06,743 INFO [RocksDB](Original Log Time 2020/01/07-04:37:06.743442) [db/compaction_job.cc:685] [0] compacted to: base level 1 max bytes base 536870912 files[0 12 8 0 0 0 0] max score 1.48, MB/sec: 52.8 rd, 52.4 wr, level 2, files in(1, 0) out(1) MB in(65.8, 0.0) out(65.4), read-write-amplify(2.0) write-amplify(1.0) OK, records in: 597633, records dropped: 0 output_compression: Snappy

[17703] 01-07 04:37:06,743 INFO [RocksDB](Original Log Time 2020/01/07-04:37:06.743467) EVENT_LOG_v1 {"time_micros": 1578371826743451, "job": 15, "event": "compaction_finished", "compaction_time_micros": 1307813, "output_level": 2, "num_output_files": 1, "total_output_size": 68584716, "num_input_records": 597633, "num_output_records": 597633, "num_subcompactions": 1, "output_compression": "Snappy", "num_single_delete_mismatches": 0, "num_single_delete_fallthrough": 0, "lsm_state": [0, 12, 8, 0, 0, 0, 0]}
[17703] 01-07 04:37:06,743 INFO [RocksDB][db/compaction_picker.cc:485] [0] Expanding@1 1+2(68989847+137175846 bytes) to 3+2 (206963978+137175846 bytes)

[17703] 01-07 04:37:06,743 INFO [RocksDB][db/compaction_job.cc:1531] [0] [JOB 16] Compacting 3@1 + 2@2 files to L2, score 1.48
[17703] 01-07 04:37:06,743 INFO [RocksDB][db/compaction_job.cc:1535] [0] Compaction start summary: Base version 16 Base level 1, inputs: [36(65MB) 37(65MB) 38(65MB)], [29(65MB) 30(65MB)]

[17703] 01-07 04:37:06,743 INFO [RocksDB]EVENT_LOG_v1 {"time_micros": 1578371826743550, "job": 16, "event": "compaction_started", "compaction_reason": "LevelMaxLevelSize", "files_L1": [36, 37, 38], "files_L2": [29, 30], "score": 1.48232, "input_data_size": 344139824}
[17703] 01-07 04:37:06,751 INFO [RocksDB]EVENT_LOG_v1 {"time_micros": 1578371826751090, "job": 0, "event": "table_file_deletion", "file_number": 46}
[17703] 01-07 04:37:08,070 INFO [RocksDB][db/compaction_job.cc:1211] [0] [JOB 16] Generated table #57: 597618 keys, 68581523 bytes
[17703] 01-07 04:37:08,070 INFO [RocksDB]EVENT_LOG_v1 {"time_micros": 1578371828070637, "cf_name": "0", "job": 16, "event": "table_file_creation", "file_number": 57, "file_size": 68581523, "table_properties": {"data_size": 67109124, "index_size": 888502, "filter_size": 988034, "raw_key_size": 24599258, "raw_average_key_size": 41, "raw_value_size": 56773701, "raw_average_value_size": 94, "num_data_blocks": 16742, "num_entries": 597618, "filter_policy_name": "rocksdb.BuiltinBloomFilter", "kDeletedKeys": "0", "kMergeOperands": "0"}}
[17703] 01-07 04:37:09,369 INFO [RocksDB][db/compaction_job.cc:1211] [0] [JOB 16] Generated table #58: 597627 keys, 68583918 bytes
[17703] 01-07 04:37:09,369 INFO [RocksDB]EVENT_LOG_v1 {"time_micros": 1578371829369624, "cf_name": "0", "job": 16, "event": "table_file_creation", "file_number": 58, "file_size": 68583918, "table_properties": {"data_size": 67111256, "index_size": 888376, "filter_size": 988058, "raw_key_size": 24598275, "raw_average_key_size": 41, "raw_value_size": 56774538, "raw_average_value_size": 94, "num_data_blocks": 16743, "num_entries": 597627, "filter_policy_name": "rocksdb.BuiltinBloomFilter", "kDeletedKeys": "0", "kMergeOperands": "0"}}
[17703] 01-07 04:37:10,690 INFO [RocksDB][db/compaction_job.cc:1211] [0] [JOB 16] Generated table #59: 597630 keys, 68584913 bytes
[17703] 01-07 04:37:10,690 INFO [RocksDB]EVENT_LOG_v1 {"time_micros": 1578371830690416, "cf_name": "0", "job": 16, "event": "table_file_creation", "file_number": 59, "file_size": 68584913, "table_properties": {"data_size": 67111952, "index_size": 888949, "filter_size": 988061, "raw_key_size": 24600865, "raw_average_key_size": 41, "raw_value_size": 56774850, "raw_average_value_size": 95, "num_data_blocks": 16743, "num_entries": 597630, "filter_policy_name": "rocksdb.BuiltinBloomFilter", "kDeletedKeys": "0", "kMergeOperands": "0"}}
[17703] 01-07 04:37:12,021 INFO [RocksDB][db/compaction_job.cc:1211] [0] [JOB 16] Generated table #60: 597597 keys, 68581643 bytes
[17703] 01-07 04:37:12,021 INFO [RocksDB]EVENT_LOG_v1 {"time_micros": 1578371832021139, "cf_name": "0", "job": 16, "event": "table_file_creation", "file_number": 60, "file_size": 68581643, "table_properties": {"data_size": 67109070, "index_size": 888542, "filter_size": 988009, "raw_key_size": 24596148, "raw_average_key_size": 41, "raw_value_size": 56771715, "raw_average_value_size": 95, "num_data_blocks": 16742, "num_entries": 597597, "filter_policy_name": "rocksdb.BuiltinBloomFilter", "kDeletedKeys": "0", "kMergeOperands": "0"}}
[17703] 01-07 04:37:13,345 INFO [RocksDB][db/compaction_job.cc:1211] [0] [JOB 16] Generated table #61: 597245 keys, 68538374 bytes
[17703] 01-07 04:37:13,345 INFO [RocksDB]EVENT_LOG_v1 {"time_micros": 1578371833345322, "cf_name": "0", "job": 16, "event": "table_file_creation", "file_number": 61, "file_size": 68538374, "table_properties": {"data_size": 67066953, "index_size": 887866, "filter_size": 987410, "raw_key_size": 24584227, "raw_average_key_size": 41, "raw_value_size": 56738275, "raw_average_value_size": 95, "num_data_blocks": 16731, "num_entries": 597245, "filter_policy_name": "rocksdb.BuiltinBloomFilter", "kDeletedKeys": "0", "kMergeOperands": "0"}}
[17703] 01-07 04:37:13,346 INFO [RocksDB][db/compaction_job.cc:1287] [0] [JOB 16] Compacted 3@1 + 2@2 files to L2 => 342870371 bytes
[17703] 01-07 04:37:13,348 INFO [RocksDB](Original Log Time 2020/01/07-04:37:13.348364) [db/compaction_job.cc:685] [0] compacted to: base level 1 max bytes base 536870912 files[0 9 11 0 0 0 0] max score 1.10, MB/sec: 52.1 rd, 51.9 wr, level 2, files in(3, 2) out(5) MB in(197.4, 130.8) out(327.0), read-write-amplify(3.3) write-amplify(1.7) OK, records in: 2987717, records dropped: 0 output_compression: Snappy

[17703] 01-07 04:37:13,348 INFO [RocksDB](Original Log Time 2020/01/07-04:37:13.348400) EVENT_LOG_v1 {"time_micros": 1578371833348395, "job": 16, "event": "compaction_finished", "compaction_time_micros": 6603070, "output_level": 2, "num_output_files": 5, "total_output_size": 342870371, "num_input_records": 2987717, "num_output_records": 2987717, "num_subcompactions": 1, "output_compression": "Snappy", "num_single_delete_mismatches": 0, "num_single_delete_fallthrough": 0, "lsm_state": [0, 9, 11, 0, 0, 0, 0]}
[17703] 01-07 04:37:13,355 INFO [RocksDB]EVENT_LOG_v1 {"time_micros": 1578371833355701, "job": 16, "event": "table_file_deletion", "file_number": 38}
[17703] 01-07 04:37:13,362 INFO [RocksDB]EVENT_LOG_v1 {"time_micros": 1578371833362715, "job": 16, "event": "table_file_deletion", "file_number": 37}
[17703] 01-07 04:37:13,369 INFO [RocksDB]EVENT_LOG_v1 {"time_micros": 1578371833369571, "job": 16, "event": "table_file_deletion", "file_number": 36}
[17703] 01-07 04:37:13,376 INFO [RocksDB]EVENT_LOG_v1 {"time_micros": 1578371833376870, "job": 16, "event": "table_file_deletion", "file_number": 30}
[17703] 01-07 04:37:13,383 INFO [RocksDB]EVENT_LOG_v1 {"time_micros": 1578371833383229, "job": 16, "event": "table_file_deletion", "file_number": 29}
[17703] 01-07 04:37:13,383 INFO [RocksDB][db/compaction_job.cc:1531] [0] [JOB 17] Compacting 1@1 files to L2, score 1.10
[17703] 01-07 04:37:13,383 INFO [RocksDB][db/compaction_job.cc:1535] [0] Compaction start summary: Base version 17 Base level 1, inputs: [48(65MB)]

[17703] 01-07 04:37:13,383 INFO [RocksDB]EVENT_LOG_v1 {"time_micros": 1578371833383281, "job": 17, "event": "compaction_started", "compaction_reason": "LevelMaxLevelSize", "files_L1": [48], "score": 1.09682, "input_data_size": 68989190}
[17703] 01-07 04:37:14,687 INFO [RocksDB][db/compaction_job.cc:1211] [0] [JOB 17] Generated table #62: 597613 keys, 68583877 bytes
[17703] 01-07 04:37:14,687 INFO [RocksDB]EVENT_LOG_v1 {"time_micros": 1578371834687019, "cf_name": "0", "job": 17, "event": "table_file_creation", "file_number": 62, "file_size": 68583877, "table_properties": {"data_size": 67110896, "index_size": 889218, "filter_size": 988045, "raw_key_size": 24600937, "raw_average_key_size": 41, "raw_value_size": 56773280, "raw_average_value_size": 95, "num_data_blocks": 16744, "num_entries": 597613, "filter_policy_name": "rocksdb.BuiltinBloomFilter", "kDeletedKeys": "0", "kMergeOperands": "0"}}
[17703] 01-07 04:37:14,688 INFO [RocksDB][db/compaction_job.cc:1287] [0] [JOB 17] Compacted 1@1 files to L2 => 68583877 bytes
[17703] 01-07 04:37:14,690 INFO [RocksDB](Original Log Time 2020/01/07-04:37:14.690230) [db/compaction_job.cc:685] [0] compacted to: base level 1 max bytes base 536870912 files[0 8 12 0 0 0 0] max score 0.97, MB/sec: 52.9 rd, 52.6 wr, level 2, files in(1, 0) out(1) MB in(65.8, 0.0) out(65.4), read-write-amplify(2.0) write-amplify(1.0) OK, records in: 597613, records dropped: 0 output_compression: Snappy

[17703] 01-07 04:37:14,690 INFO [RocksDB](Original Log Time 2020/01/07-04:37:14.690255) EVENT_LOG_v1 {"time_micros": 1578371834690238, "job": 17, "event": "compaction_finished", "compaction_time_micros": 1305009, "output_level": 2, "num_output_files": 1, "total_output_size": 68583877, "num_input_records": 597613, "num_output_records": 597613, "num_subcompactions": 1, "output_compression": "Snappy", "num_single_delete_mismatches": 0, "num_single_delete_fallthrough": 0, "lsm_state": [0, 8, 12, 0, 0, 0, 0]}
[17703] 01-07 04:37:14,697 INFO [RocksDB]EVENT_LOG_v1 {"time_micros": 1578371834697784, "job": 0, "event": "table_file_deletion", "file_number": 48}
