[12902] 01-07 03:52:39,443 INFO [RocksDB]RocksDB version: 5.14.2

[12902] 01-07 03:52:39,449 INFO [RocksDB]Git sha rocksdb_build_git_sha:fc00d54a097e35332052f4c39c3229d413a023b6
[12902] 01-07 03:52:39,449 INFO [RocksDB]Compile date Jan  7 2020
[12902] 01-07 03:52:39,449 INFO [RocksDB]DB SUMMARY

[12902] 01-07 03:52:39,449 INFO [RocksDB]SST files in /home/ubuntu/ardb/data/rocksdb dir, Total Num: 0, files: 

[12902] 01-07 03:52:39,449 INFO [RocksDB]Write Ahead Log file in /home/ubuntu/ardb/data/rocksdb: 

[12902] 01-07 03:52:39,449 INFO [RocksDB]                        Options.error_if_exists: 0
[12902] 01-07 03:52:39,449 INFO [RocksDB]                      Options.create_if_missing: 1
[12902] 01-07 03:52:39,449 INFO [RocksDB]                        Options.paranoid_checks: 1
[12902] 01-07 03:52:39,449 INFO [RocksDB]                                    Options.env: 0xbf86c0
[12902] 01-07 03:52:39,449 INFO [RocksDB]                               Options.info_log: 0x7fe91023f8a0
[12902] 01-07 03:52:39,449 INFO [RocksDB]               Options.max_file_opening_threads: 16
[12902] 01-07 03:52:39,449 INFO [RocksDB]                             Options.statistics: (nil)
[12902] 01-07 03:52:39,449 INFO [RocksDB]                              Options.use_fsync: 0
[12902] 01-07 03:52:39,449 INFO [RocksDB]                      Options.max_log_file_size: 0
[12902] 01-07 03:52:39,449 INFO [RocksDB]                 Options.max_manifest_file_size: 18446744073709551615
[12902] 01-07 03:52:39,449 INFO [RocksDB]                  Options.log_file_time_to_roll: 0
[12902] 01-07 03:52:39,449 INFO [RocksDB]                      Options.keep_log_file_num: 1000
[12902] 01-07 03:52:39,449 INFO [RocksDB]                   Options.recycle_log_file_num: 0
[12902] 01-07 03:52:39,449 INFO [RocksDB]                        Options.allow_fallocate: 1
[12902] 01-07 03:52:39,449 INFO [RocksDB]                       Options.allow_mmap_reads: 0
[12902] 01-07 03:52:39,449 INFO [RocksDB]                      Options.allow_mmap_writes: 0
[12902] 01-07 03:52:39,449 INFO [RocksDB]                       Options.use_direct_reads: 0
[12902] 01-07 03:52:39,449 INFO [RocksDB]                       Options.use_direct_io_for_flush_and_compaction: 0
[12902] 01-07 03:52:39,449 INFO [RocksDB]         Options.create_missing_column_families: 0
[12902] 01-07 03:52:39,449 INFO [RocksDB]                             Options.db_log_dir: 
[12902] 01-07 03:52:39,449 INFO [RocksDB]                                Options.wal_dir: /home/ubuntu/ardb/data/rocksdb
[12902] 01-07 03:52:39,449 INFO [RocksDB]               Options.table_cache_numshardbits: 6
[12902] 01-07 03:52:39,449 INFO [RocksDB]                     Options.max_subcompactions: 1
[12902] 01-07 03:52:39,449 INFO [RocksDB]                 Options.max_background_flushes: -1
[12902] 01-07 03:52:39,449 INFO [RocksDB]                        Options.WAL_ttl_seconds: 0
[12902] 01-07 03:52:39,449 INFO [RocksDB]                      Options.WAL_size_limit_MB: 0
[12902] 01-07 03:52:39,449 INFO [RocksDB]            Options.manifest_preallocation_size: 4194304
[12902] 01-07 03:52:39,449 INFO [RocksDB]                    Options.is_fd_close_on_exec: 1
[12902] 01-07 03:52:39,449 INFO [RocksDB]                  Options.advise_random_on_open: 1
[12902] 01-07 03:52:39,449 INFO [RocksDB]                   Options.db_write_buffer_size: 0
[12902] 01-07 03:52:39,449 INFO [RocksDB]                   Options.write_buffer_manager: 0x7fe9109fa7d0
[12902] 01-07 03:52:39,449 INFO [RocksDB]        Options.access_hint_on_compaction_start: 1
[12902] 01-07 03:52:39,449 INFO [RocksDB] Options.new_table_reader_for_compaction_inputs: 0
[12902] 01-07 03:52:39,449 INFO [RocksDB]          Options.random_access_max_buffer_size: 1048576
[12902] 01-07 03:52:39,449 INFO [RocksDB]                     Options.use_adaptive_mutex: 1
[12902] 01-07 03:52:39,449 INFO [RocksDB]                           Options.rate_limiter: 0x7fe910238540
[12902] 01-07 03:52:39,449 INFO [RocksDB]    Options.sst_file_manager.rate_bytes_per_sec: 0
[12902] 01-07 03:52:39,449 INFO [RocksDB]                      Options.wal_recovery_mode: 2
[12902] 01-07 03:52:39,449 INFO [RocksDB]                 Options.enable_thread_tracking: 0
[12902] 01-07 03:52:39,449 INFO [RocksDB]                 Options.enable_pipelined_write: 1
[12902] 01-07 03:52:39,449 INFO [RocksDB]        Options.allow_concurrent_memtable_write: 1
[12902] 01-07 03:52:39,449 INFO [RocksDB]     Options.enable_write_thread_adaptive_yield: 1
[12902] 01-07 03:52:39,449 INFO [RocksDB]            Options.write_thread_max_yield_usec: 100
[12902] 01-07 03:52:39,449 INFO [RocksDB]           Options.write_thread_slow_yield_usec: 3
[12902] 01-07 03:52:39,449 INFO [RocksDB]                              Options.row_cache: None
[12902] 01-07 03:52:39,449 INFO [RocksDB]                             Options.wal_filter: None
[12902] 01-07 03:52:39,449 INFO [RocksDB]            Options.avoid_flush_during_recovery: 0
[12902] 01-07 03:52:39,449 INFO [RocksDB]            Options.allow_ingest_behind: 0
[12902] 01-07 03:52:39,449 INFO [RocksDB]            Options.preserve_deletes: 0
[12902] 01-07 03:52:39,449 INFO [RocksDB]            Options.two_write_queues: 0
[12902] 01-07 03:52:39,449 INFO [RocksDB]            Options.manual_wal_flush: 0
[12902] 01-07 03:52:39,449 INFO [RocksDB]            Options.max_background_jobs: 16
[12902] 01-07 03:52:39,449 INFO [RocksDB]            Options.max_background_compactions: -1
[12902] 01-07 03:52:39,449 INFO [RocksDB]            Options.avoid_flush_during_shutdown: 0
[12902] 01-07 03:52:39,449 INFO [RocksDB]          Options.writable_file_max_buffer_size: 1048576
[12902] 01-07 03:52:39,449 INFO [RocksDB]            Options.delayed_write_rate : 52428800
[12902] 01-07 03:52:39,449 INFO [RocksDB]            Options.max_total_wal_size: 0
[12902] 01-07 03:52:39,449 INFO [RocksDB]            Options.delete_obsolete_files_period_micros: 21600000000
[12902] 01-07 03:52:39,449 INFO [RocksDB]                  Options.stats_dump_period_sec: 100000
[12902] 01-07 03:52:39,449 INFO [RocksDB]                         Options.max_open_files: 1024
[12902] 01-07 03:52:39,449 INFO [RocksDB]                         Options.bytes_per_sync: 1048576
[12902] 01-07 03:52:39,449 INFO [RocksDB]                     Options.wal_bytes_per_sync: 0
[12902] 01-07 03:52:39,449 INFO [RocksDB]      Options.compaction_readahead_size: 0
[12902] 01-07 03:52:39,449 INFO [RocksDB]Compression algorithms supported:
[12902] 01-07 03:52:39,449 INFO [RocksDB]	kZSTDNotFinalCompression supported: 0
[12902] 01-07 03:52:39,449 INFO [RocksDB]	kZSTD supported: 0
[12902] 01-07 03:52:39,449 INFO [RocksDB]	kXpressCompression supported: 0
[12902] 01-07 03:52:39,449 INFO [RocksDB]	kLZ4HCCompression supported: 0
[12902] 01-07 03:52:39,449 INFO [RocksDB]	kLZ4Compression supported: 0
[12902] 01-07 03:52:39,449 INFO [RocksDB]	kBZip2Compression supported: 0
[12902] 01-07 03:52:39,449 INFO [RocksDB]	kZlibCompression supported: 1
[12902] 01-07 03:52:39,449 INFO [RocksDB]	kSnappyCompression supported: 1
[12902] 01-07 03:52:39,449 INFO [RocksDB]Fast CRC32 supported: Supported on x86
[12902] 01-07 03:52:39,449 INFO [RocksDB][db/db_impl_open.cc:222] Creating manifest 1 

[12902] 01-07 03:52:39,457 INFO [RocksDB][db/version_set.cc:3085] Recovering from manifest file: MANIFEST-000001

[12902] 01-07 03:52:39,457 INFO [RocksDB][db/column_family.cc:475] --------------- Options for column family [default]:

[12902] 01-07 03:52:39,457 INFO [RocksDB]              Options.comparator: ardb.comparator
[12902] 01-07 03:52:39,457 INFO [RocksDB]          Options.merge_operator: ardb.merger
[12902] 01-07 03:52:39,457 INFO [RocksDB]       Options.compaction_filter: None
[12902] 01-07 03:52:39,457 INFO [RocksDB]       Options.compaction_filter_factory: ardb.compact_filter_factory
[12902] 01-07 03:52:39,457 INFO [RocksDB]        Options.memtable_factory: SkipListFactory
[12902] 01-07 03:52:39,457 INFO [RocksDB]           Options.table_factory: BlockBasedTable
[12902] 01-07 03:52:39,457 INFO [RocksDB]           table_factory options:   flush_block_policy_factory: FlushBlockBySizePolicyFactory (0x7fe910808018)
  cache_index_and_filter_blocks: 0
  cache_index_and_filter_blocks_with_high_priority: 0
  pin_l0_filter_and_index_blocks_in_cache: 0
  index_type: 0
  hash_index_allow_collision: 1
  checksum: 1
  no_block_cache: 0
  block_cache: 0x7fe910881cf0
  block_cache_name: LRUCache
  block_cache_options:
    capacity : 536870912
    num_shard_bits : 6
    strict_capacity_limit : 0
    high_pri_pool_ratio: 0.000
  block_cache_compressed: (nil)
  persistent_cache: (nil)
  block_size: 4096
  block_size_deviation: 10
  block_restart_interval: 16
  index_block_restart_interval: 1
  metadata_block_size: 4096
  partition_filters: 0
  use_delta_encoding: 1
  filter_policy: rocksdb.BuiltinBloomFilter
  whole_key_filtering: 1
  verify_compression: 0
  read_amp_bytes_per_bit: 0
  format_version: 2
  enable_index_compression: 1
  block_align: 0

[12902] 01-07 03:52:39,457 INFO [RocksDB]       Options.write_buffer_size: 268435456
[12902] 01-07 03:52:39,457 INFO [RocksDB] Options.max_write_buffer_number: 6
[12902] 01-07 03:52:39,457 INFO [RocksDB]       Options.compression[0]: NoCompression
[12902] 01-07 03:52:39,457 INFO [RocksDB]       Options.compression[1]: NoCompression
[12902] 01-07 03:52:39,457 INFO [RocksDB]       Options.compression[2]: Snappy
[12902] 01-07 03:52:39,457 INFO [RocksDB]       Options.compression[3]: Snappy
[12902] 01-07 03:52:39,457 INFO [RocksDB]       Options.compression[4]: Snappy
[12902] 01-07 03:52:39,457 INFO [RocksDB]       Options.compression[5]: Snappy
[12902] 01-07 03:52:39,457 INFO [RocksDB]       Options.compression[6]: Snappy
[12902] 01-07 03:52:39,457 INFO [RocksDB]                 Options.bottommost_compression: Disabled
[12902] 01-07 03:52:39,457 INFO [RocksDB]      Options.prefix_extractor: ardb.prefix_extractor
[12902] 01-07 03:52:39,457 INFO [RocksDB]  Options.memtable_insert_with_hint_prefix_extractor: nullptr
[12902] 01-07 03:52:39,457 INFO [RocksDB]            Options.num_levels: 7
[12902] 01-07 03:52:39,457 INFO [RocksDB]       Options.min_write_buffer_number_to_merge: 2
[12902] 01-07 03:52:39,457 INFO [RocksDB]    Options.max_write_buffer_number_to_maintain: 0
[12902] 01-07 03:52:39,457 INFO [RocksDB]           Options.compression_opts.window_bits: -14
[12902] 01-07 03:52:39,457 INFO [RocksDB]                 Options.compression_opts.level: -1
[12902] 01-07 03:52:39,457 INFO [RocksDB]              Options.compression_opts.strategy: 0
[12902] 01-07 03:52:39,457 INFO [RocksDB]        Options.compression_opts.max_dict_bytes: 0
[12902] 01-07 03:52:39,457 INFO [RocksDB]        Options.compression_opts.zstd_max_train_bytes: 0
[12902] 01-07 03:52:39,457 INFO [RocksDB]     Options.level0_file_num_compaction_trigger: 2
[12902] 01-07 03:52:39,457 INFO [RocksDB]         Options.level0_slowdown_writes_trigger: 20
[12902] 01-07 03:52:39,457 INFO [RocksDB]             Options.level0_stop_writes_trigger: 36
[12902] 01-07 03:52:39,457 INFO [RocksDB]                  Options.target_file_size_base: 67108864
[12902] 01-07 03:52:39,457 INFO [RocksDB]            Options.target_file_size_multiplier: 1
[12902] 01-07 03:52:39,457 INFO [RocksDB]               Options.max_bytes_for_level_base: 536870912
[12902] 01-07 03:52:39,457 INFO [RocksDB]Options.level_compaction_dynamic_level_bytes: 0
[12902] 01-07 03:52:39,457 INFO [RocksDB]         Options.max_bytes_for_level_multiplier: 10.000000
[12902] 01-07 03:52:39,457 INFO [RocksDB]Options.max_bytes_for_level_multiplier_addtl[0]: 1
[12902] 01-07 03:52:39,457 INFO [RocksDB]Options.max_bytes_for_level_multiplier_addtl[1]: 1
[12902] 01-07 03:52:39,457 INFO [RocksDB]Options.max_bytes_for_level_multiplier_addtl[2]: 1
[12902] 01-07 03:52:39,457 INFO [RocksDB]Options.max_bytes_for_level_multiplier_addtl[3]: 1
[12902] 01-07 03:52:39,457 INFO [RocksDB]Options.max_bytes_for_level_multiplier_addtl[4]: 1
[12902] 01-07 03:52:39,457 INFO [RocksDB]Options.max_bytes_for_level_multiplier_addtl[5]: 1
[12902] 01-07 03:52:39,457 INFO [RocksDB]Options.max_bytes_for_level_multiplier_addtl[6]: 1
[12902] 01-07 03:52:39,457 INFO [RocksDB]      Options.max_sequential_skip_in_iterations: 8
[12902] 01-07 03:52:39,457 INFO [RocksDB]                   Options.max_compaction_bytes: 1677721600
[12902] 01-07 03:52:39,457 INFO [RocksDB]                       Options.arena_block_size: 33554432
[12902] 01-07 03:52:39,457 INFO [RocksDB]  Options.soft_pending_compaction_bytes_limit: 68719476736
[12902] 01-07 03:52:39,457 INFO [RocksDB]  Options.hard_pending_compaction_bytes_limit: 274877906944
[12902] 01-07 03:52:39,457 INFO [RocksDB]      Options.rate_limit_delay_max_milliseconds: 100
[12902] 01-07 03:52:39,457 INFO [RocksDB]               Options.disable_auto_compactions: 0
[12902] 01-07 03:52:39,457 INFO [RocksDB]                       Options.compaction_style: kCompactionStyleLevel
[12902] 01-07 03:52:39,457 INFO [RocksDB]                         Options.compaction_pri: kByCompensatedSize
[12902] 01-07 03:52:39,457 INFO [RocksDB]Options.compaction_options_universal.size_ratio: 1
[12902] 01-07 03:52:39,457 INFO [RocksDB]Options.compaction_options_universal.min_merge_width: 2
[12902] 01-07 03:52:39,457 INFO [RocksDB]Options.compaction_options_universal.max_merge_width: 4294967295
[12902] 01-07 03:52:39,457 INFO [RocksDB]Options.compaction_options_universal.max_size_amplification_percent: 200
[12902] 01-07 03:52:39,457 INFO [RocksDB]Options.compaction_options_universal.compression_size_percent: -1
[12902] 01-07 03:52:39,457 INFO [RocksDB]Options.compaction_options_universal.stop_style: kCompactionStopStyleTotalSize
[12902] 01-07 03:52:39,457 INFO [RocksDB]Options.compaction_options_fifo.max_table_files_size: 1073741824
[12902] 01-07 03:52:39,457 INFO [RocksDB]Options.compaction_options_fifo.allow_compaction: 0
[12902] 01-07 03:52:39,457 INFO [RocksDB]Options.compaction_options_fifo.ttl: 0
[12902] 01-07 03:52:39,457 INFO [RocksDB]                  Options.table_properties_collectors: 
[12902] 01-07 03:52:39,457 INFO [RocksDB]                  Options.inplace_update_support: 0
[12902] 01-07 03:52:39,457 INFO [RocksDB]                Options.inplace_update_num_locks: 10000
[12902] 01-07 03:52:39,457 INFO [RocksDB]              Options.memtable_prefix_bloom_size_ratio: 0.000000
[12902] 01-07 03:52:39,457 INFO [RocksDB]  Options.memtable_huge_page_size: 0
[12902] 01-07 03:52:39,457 INFO [RocksDB]                          Options.bloom_locality: 0
[12902] 01-07 03:52:39,457 INFO [RocksDB]                   Options.max_successive_merges: 0
[12902] 01-07 03:52:39,457 INFO [RocksDB]               Options.optimize_filters_for_hits: 0
[12902] 01-07 03:52:39,457 INFO [RocksDB]               Options.paranoid_file_checks: 0
[12902] 01-07 03:52:39,457 INFO [RocksDB]               Options.force_consistency_checks: 0
[12902] 01-07 03:52:39,457 INFO [RocksDB]               Options.report_bg_io_stats: 0
[12902] 01-07 03:52:39,457 INFO [RocksDB]                              Options.ttl: 0
[12902] 01-07 03:52:39,457 INFO [RocksDB][db/version_set.cc:3361] Recovered from manifest file:/home/ubuntu/ardb/data/rocksdb/MANIFEST-000001 succeeded,manifest_file_number is 1, next_file_number is 3, last_sequence is 0, log_number is 0,prev_log_number is 0,max_column_family is 0,min_log_number_to_keep is 0

[12902] 01-07 03:52:39,457 INFO [RocksDB][db/version_set.cc:3369] Column family [default] (ID 0), log number is 0

[12902] 01-07 03:52:39,461 INFO [RocksDB][db/db_impl_open.cc:1219] DB pointer 0x7fe9101be000
[12902] 01-07 03:52:39,461 INFO Ardb init engine:rocksdb success.
[12902] 01-07 03:52:39,464 INFO Ardb will accept connections on 0.0.0.0:16379
[12902] 01-07 03:52:39,464 INFO Ardb started with version 0.10.0
[12902] 01-07 03:52:40,465 INFO ========================Period Statistics Dump Begin===========================
[12902] 01-07 03:52:40,465 INFO slave_sync_total_commands_processed:0
[12902] 01-07 03:52:40,465 INFO slave_sync_instantaneous_ops_per_sec:0
[12902] 01-07 03:52:40,465 INFO total_commands_processed:0
[12902] 01-07 03:52:40,465 INFO instantaneous_ops_per_sec:0
[12902] 01-07 03:52:40,465 INFO total_connections_received:0
[12902] 01-07 03:52:40,465 INFO rejected_connections:0
[12902] 01-07 03:52:40,465 INFO ========================Period Statistics Dump End===========================
[12902] 01-07 03:52:52,172 INFO [RocksDB][db/version_set.cc:2847] Creating manifest 6

[12902] 01-07 03:52:52,179 INFO [RocksDB][db/column_family.cc:475] --------------- Options for column family [0]:

[12902] 01-07 03:52:52,179 INFO [RocksDB]              Options.comparator: ardb.comparator
[12902] 01-07 03:52:52,179 INFO [RocksDB]          Options.merge_operator: ardb.merger
[12902] 01-07 03:52:52,179 INFO [RocksDB]       Options.compaction_filter: None
[12902] 01-07 03:52:52,179 INFO [RocksDB]       Options.compaction_filter_factory: ardb.compact_filter_factory
[12902] 01-07 03:52:52,179 INFO [RocksDB]        Options.memtable_factory: SkipListFactory
[12902] 01-07 03:52:52,179 INFO [RocksDB]           Options.table_factory: BlockBasedTable
[12902] 01-07 03:52:52,179 INFO [RocksDB]           table_factory options:   flush_block_policy_factory: FlushBlockBySizePolicyFactory (0x7fe910808018)
  cache_index_and_filter_blocks: 0
  cache_index_and_filter_blocks_with_high_priority: 0
  pin_l0_filter_and_index_blocks_in_cache: 0
  index_type: 0
  hash_index_allow_collision: 1
  checksum: 1
  no_block_cache: 0
  block_cache: 0x7fe910881cf0
  block_cache_name: LRUCache
  block_cache_options:
    capacity : 536870912
    num_shard_bits : 6
    strict_capacity_limit : 0
    high_pri_pool_ratio: 0.000
  block_cache_compressed: (nil)
  persistent_cache: (nil)
  block_size: 4096
  block_size_deviation: 10
  block_restart_interval: 16
  index_block_restart_interval: 1
  metadata_block_size: 4096
  partition_filters: 0
  use_delta_encoding: 1
  filter_policy: rocksdb.BuiltinBloomFilter
  whole_key_filtering: 1
  verify_compression: 0
  read_amp_bytes_per_bit: 0
  format_version: 2
  enable_index_compression: 1
  block_align: 0

[12902] 01-07 03:52:52,179 INFO [RocksDB]       Options.write_buffer_size: 268435456
[12902] 01-07 03:52:52,179 INFO [RocksDB] Options.max_write_buffer_number: 6
[12902] 01-07 03:52:52,179 INFO [RocksDB]       Options.compression[0]: NoCompression
[12902] 01-07 03:52:52,179 INFO [RocksDB]       Options.compression[1]: NoCompression
[12902] 01-07 03:52:52,179 INFO [RocksDB]       Options.compression[2]: Snappy
[12902] 01-07 03:52:52,179 INFO [RocksDB]       Options.compression[3]: Snappy
[12902] 01-07 03:52:52,179 INFO [RocksDB]       Options.compression[4]: Snappy
[12902] 01-07 03:52:52,179 INFO [RocksDB]       Options.compression[5]: Snappy
[12902] 01-07 03:52:52,179 INFO [RocksDB]       Options.compression[6]: Snappy
[12902] 01-07 03:52:52,179 INFO [RocksDB]                 Options.bottommost_compression: Disabled
[12902] 01-07 03:52:52,179 INFO [RocksDB]      Options.prefix_extractor: ardb.prefix_extractor
[12902] 01-07 03:52:52,179 INFO [RocksDB]  Options.memtable_insert_with_hint_prefix_extractor: nullptr
[12902] 01-07 03:52:52,179 INFO [RocksDB]            Options.num_levels: 7
[12902] 01-07 03:52:52,179 INFO [RocksDB]       Options.min_write_buffer_number_to_merge: 2
[12902] 01-07 03:52:52,179 INFO [RocksDB]    Options.max_write_buffer_number_to_maintain: 0
[12902] 01-07 03:52:52,179 INFO [RocksDB]           Options.compression_opts.window_bits: -14
[12902] 01-07 03:52:52,179 INFO [RocksDB]                 Options.compression_opts.level: -1
[12902] 01-07 03:52:52,179 INFO [RocksDB]              Options.compression_opts.strategy: 0
[12902] 01-07 03:52:52,179 INFO [RocksDB]        Options.compression_opts.max_dict_bytes: 0
[12902] 01-07 03:52:52,179 INFO [RocksDB]        Options.compression_opts.zstd_max_train_bytes: 0
[12902] 01-07 03:52:52,179 INFO [RocksDB]     Options.level0_file_num_compaction_trigger: 2
[12902] 01-07 03:52:52,179 INFO [RocksDB]         Options.level0_slowdown_writes_trigger: 20
[12902] 01-07 03:52:52,179 INFO [RocksDB]             Options.level0_stop_writes_trigger: 36
[12902] 01-07 03:52:52,179 INFO [RocksDB]                  Options.target_file_size_base: 67108864
[12902] 01-07 03:52:52,179 INFO [RocksDB]            Options.target_file_size_multiplier: 1
[12902] 01-07 03:52:52,179 INFO [RocksDB]               Options.max_bytes_for_level_base: 536870912
[12902] 01-07 03:52:52,179 INFO [RocksDB]Options.level_compaction_dynamic_level_bytes: 0
[12902] 01-07 03:52:52,179 INFO [RocksDB]         Options.max_bytes_for_level_multiplier: 10.000000
[12902] 01-07 03:52:52,179 INFO [RocksDB]Options.max_bytes_for_level_multiplier_addtl[0]: 1
[12902] 01-07 03:52:52,179 INFO [RocksDB]Options.max_bytes_for_level_multiplier_addtl[1]: 1
[12902] 01-07 03:52:52,179 INFO [RocksDB]Options.max_bytes_for_level_multiplier_addtl[2]: 1
[12902] 01-07 03:52:52,179 INFO [RocksDB]Options.max_bytes_for_level_multiplier_addtl[3]: 1
[12902] 01-07 03:52:52,179 INFO [RocksDB]Options.max_bytes_for_level_multiplier_addtl[4]: 1
[12902] 01-07 03:52:52,179 INFO [RocksDB]Options.max_bytes_for_level_multiplier_addtl[5]: 1
[12902] 01-07 03:52:52,179 INFO [RocksDB]Options.max_bytes_for_level_multiplier_addtl[6]: 1
[12902] 01-07 03:52:52,179 INFO [RocksDB]      Options.max_sequential_skip_in_iterations: 8
[12902] 01-07 03:52:52,179 INFO [RocksDB]                   Options.max_compaction_bytes: 1677721600
[12902] 01-07 03:52:52,179 INFO [RocksDB]                       Options.arena_block_size: 33554432
[12902] 01-07 03:52:52,179 INFO [RocksDB]  Options.soft_pending_compaction_bytes_limit: 68719476736
[12902] 01-07 03:52:52,179 INFO [RocksDB]  Options.hard_pending_compaction_bytes_limit: 274877906944
[12902] 01-07 03:52:52,179 INFO [RocksDB]      Options.rate_limit_delay_max_milliseconds: 100
[12902] 01-07 03:52:52,179 INFO [RocksDB]               Options.disable_auto_compactions: 0
[12902] 01-07 03:52:52,179 INFO [RocksDB]                       Options.compaction_style: kCompactionStyleLevel
[12902] 01-07 03:52:52,179 INFO [RocksDB]                         Options.compaction_pri: kByCompensatedSize
[12902] 01-07 03:52:52,179 INFO [RocksDB]Options.compaction_options_universal.size_ratio: 1
[12902] 01-07 03:52:52,179 INFO [RocksDB]Options.compaction_options_universal.min_merge_width: 2
[12902] 01-07 03:52:52,179 INFO [RocksDB]Options.compaction_options_universal.max_merge_width: 4294967295
[12902] 01-07 03:52:52,179 INFO [RocksDB]Options.compaction_options_universal.max_size_amplification_percent: 200
[12902] 01-07 03:52:52,179 INFO [RocksDB]Options.compaction_options_universal.compression_size_percent: -1
[12902] 01-07 03:52:52,179 INFO [RocksDB]Options.compaction_options_universal.stop_style: kCompactionStopStyleTotalSize
[12902] 01-07 03:52:52,179 INFO [RocksDB]Options.compaction_options_fifo.max_table_files_size: 1073741824
[12902] 01-07 03:52:52,179 INFO [RocksDB]Options.compaction_options_fifo.allow_compaction: 0
[12902] 01-07 03:52:52,179 INFO [RocksDB]Options.compaction_options_fifo.ttl: 0
[12902] 01-07 03:52:52,179 INFO [RocksDB]                  Options.table_properties_collectors: 
[12902] 01-07 03:52:52,179 INFO [RocksDB]                  Options.inplace_update_support: 0
[12902] 01-07 03:52:52,179 INFO [RocksDB]                Options.inplace_update_num_locks: 10000
[12902] 01-07 03:52:52,179 INFO [RocksDB]              Options.memtable_prefix_bloom_size_ratio: 0.000000
[12902] 01-07 03:52:52,179 INFO [RocksDB]  Options.memtable_huge_page_size: 0
[12902] 01-07 03:52:52,179 INFO [RocksDB]                          Options.bloom_locality: 0
[12902] 01-07 03:52:52,179 INFO [RocksDB]                   Options.max_successive_merges: 0
[12902] 01-07 03:52:52,179 INFO [RocksDB]               Options.optimize_filters_for_hits: 0
[12902] 01-07 03:52:52,179 INFO [RocksDB]               Options.paranoid_file_checks: 0
[12902] 01-07 03:52:52,179 INFO [RocksDB]               Options.force_consistency_checks: 0
[12902] 01-07 03:52:52,179 INFO [RocksDB]               Options.report_bg_io_stats: 0
[12902] 01-07 03:52:52,179 INFO [RocksDB]                              Options.ttl: 0
[12902] 01-07 03:52:52,179 INFO [RocksDB][db/db_impl.cc:1396] Created column family [0] (ID 1)
[12902] 01-07 03:52:52,182 INFO Create ColumnFamilyHandle with name:0 success.
[12902] 01-07 03:52:59,504 INFO [RocksDB][db/db_impl_write.cc:1373] [0] New memtable created with log file: #9. Immutable memtables: 0.

[12902] 01-07 03:53:07,111 INFO [RocksDB][db/db_impl_write.cc:1373] [0] New memtable created with log file: #10. Immutable memtables: 1.

[12902] 01-07 03:53:07,111 INFO [RocksDB][db/db_impl_compaction_flush.cc:80] [JOB 2] Syncing log #3
[12902] 01-07 03:53:07,689 INFO [RocksDB][db/db_impl_compaction_flush.cc:80] [JOB 2] Syncing log #9
[12902] 01-07 03:53:09,175 INFO [RocksDB](Original Log Time 2020/01/07-03:53:07.111443) [db/db_impl_compaction_flush.cc:1424] Calling FlushMemTableToOutputFile with column family [0], flush slots available 4, compaction slots available 1, flush slots scheduled 1, compaction slots scheduled 0
[12902] 01-07 03:53:09,175 INFO [RocksDB][db/flush_job.cc:301] [0] [JOB 2] Flushing memtable with next log file: 9

[12902] 01-07 03:53:09,175 INFO [RocksDB][db/flush_job.cc:301] [0] [JOB 2] Flushing memtable with next log file: 10

[12902] 01-07 03:53:09,175 INFO [RocksDB]EVENT_LOG_v1 {"time_micros": 1578369189175423, "job": 2, "event": "flush_started", "num_memtables": 2, "num_entries": 3449369, "num_deletes": 0, "memory_usage": 520101712, "flush_reason": "Write Buffer Full"}
[12902] 01-07 03:53:09,175 INFO [RocksDB][db/flush_job.cc:331] [0] [JOB 2] Level-0 flush table #11: started
[12902] 01-07 03:53:15,158 INFO [RocksDB][db/db_impl_write.cc:1373] [0] New memtable created with log file: #12. Immutable memtables: 2.

[12902] 01-07 03:53:16,531 INFO [RocksDB]EVENT_LOG_v1 {"time_micros": 1578369196531049, "cf_name": "0", "job": 2, "event": "table_file_creation", "file_number": 11, "file_size": 335393648, "table_properties": {"data_size": 325867254, "index_size": 4372454, "filter_size": 5152898, "raw_key_size": 135742405, "raw_average_key_size": 42, "raw_value_size": 261044945, "raw_average_value_size": 81, "num_data_blocks": 81190, "num_entries": 3202992, "filter_policy_name": "rocksdb.BuiltinBloomFilter", "kDeletedKeys": "0", "kMergeOperands": "0"}}
[12902] 01-07 03:53:16,531 INFO [RocksDB][db/flush_job.cc:371] [0] [JOB 2] Level-0 flush table #11: 335393648 bytes OK
[12902] 01-07 03:53:16,534 INFO [RocksDB](Original Log Time 2020/01/07-03:53:16.532306) [db/memtable_list.cc:377] [0] Level-0 commit table #11 started
[12902] 01-07 03:53:16,534 INFO [RocksDB](Original Log Time 2020/01/07-03:53:16.534042) [db/memtable_list.cc:409] [0] Level-0 commit table #11: memtable #1 done
[12902] 01-07 03:53:16,534 INFO [RocksDB](Original Log Time 2020/01/07-03:53:16.534047) [db/memtable_list.cc:409] [0] Level-0 commit table #11: memtable #2 done
[12902] 01-07 03:53:16,534 INFO [RocksDB](Original Log Time 2020/01/07-03:53:16.534077) EVENT_LOG_v1 {"time_micros": 1578369196534056, "job": 2, "event": "flush_finished", "output_compression": "NoCompression", "lsm_state": [1, 0, 0, 0, 0, 0, 0], "immutable_memtables": 1}
[12902] 01-07 03:53:16,534 INFO [RocksDB](Original Log Time 2020/01/07-03:53:16.534091) [db/db_impl_compaction_flush.cc:177] [0] Level summary: base level 1 max bytes base 536870912 files[1 0 0 0 0 0 0] max score 0.62

[12902] 01-07 03:53:16,534 INFO [RocksDB][db/db_impl_files.cc:342] [JOB 2] Try to delete WAL files size 407289631, prev total WAL file size 627234916, number of live WAL files 4.

[12902] 01-07 03:53:23,984 INFO [RocksDB][db/db_impl_write.cc:1373] [0] New memtable created with log file: #13. Immutable memtables: 1.

[12902] 01-07 03:53:23,984 INFO [RocksDB][db/db_impl_compaction_flush.cc:80] [JOB 3] Syncing log #10
[12902] 01-07 03:53:24,404 INFO [RocksDB][db/db_impl_compaction_flush.cc:80] [JOB 3] Syncing log #12
[12902] 01-07 03:53:26,495 INFO [RocksDB](Original Log Time 2020/01/07-03:53:23.984265) [db/db_impl_compaction_flush.cc:1424] Calling FlushMemTableToOutputFile with column family [0], flush slots available 4, compaction slots available 1, flush slots scheduled 1, compaction slots scheduled 0
[12902] 01-07 03:53:26,495 INFO [RocksDB][db/flush_job.cc:301] [0] [JOB 3] Flushing memtable with next log file: 12

[12902] 01-07 03:53:26,495 INFO [RocksDB][db/flush_job.cc:301] [0] [JOB 3] Flushing memtable with next log file: 13

[12902] 01-07 03:53:26,495 INFO [RocksDB]EVENT_LOG_v1 {"time_micros": 1578369206495451, "job": 3, "event": "flush_started", "num_memtables": 2, "num_entries": 3238096, "num_deletes": 0, "memory_usage": 518544648, "flush_reason": "Write Buffer Full"}
[12902] 01-07 03:53:26,495 INFO [RocksDB][db/flush_job.cc:331] [0] [JOB 3] Level-0 flush table #14: started
[12902] 01-07 03:53:32,562 INFO [RocksDB]EVENT_LOG_v1 {"time_micros": 1578369212562082, "cf_name": "0", "job": 3, "event": "table_file_creation", "file_number": 14, "file_size": 314791825, "table_properties": {"data_size": 305852301, "index_size": 4101400, "filter_size": 4837082, "raw_key_size": 127425926, "raw_average_key_size": 42, "raw_value_size": 245054774, "raw_average_value_size": 81, "num_data_blocks": 76206, "num_entries": 3006806, "filter_policy_name": "rocksdb.BuiltinBloomFilter", "kDeletedKeys": "0", "kMergeOperands": "0"}}
[12902] 01-07 03:53:32,562 INFO [RocksDB][db/flush_job.cc:371] [0] [JOB 3] Level-0 flush table #14: 314791825 bytes OK
[12902] 01-07 03:53:32,565 INFO [RocksDB](Original Log Time 2020/01/07-03:53:32.563376) [db/memtable_list.cc:377] [0] Level-0 commit table #14 started
[12902] 01-07 03:53:32,565 INFO [RocksDB](Original Log Time 2020/01/07-03:53:32.565392) [db/memtable_list.cc:409] [0] Level-0 commit table #14: memtable #1 done
[12902] 01-07 03:53:32,565 INFO [RocksDB](Original Log Time 2020/01/07-03:53:32.565393) [db/memtable_list.cc:409] [0] Level-0 commit table #14: memtable #2 done
[12902] 01-07 03:53:32,565 INFO [RocksDB](Original Log Time 2020/01/07-03:53:32.565405) EVENT_LOG_v1 {"time_micros": 1578369212565400, "job": 3, "event": "flush_finished", "output_compression": "NoCompression", "lsm_state": [2, 0, 0, 0, 0, 0, 0], "immutable_memtables": 0}
[12902] 01-07 03:53:32,565 INFO [RocksDB](Original Log Time 2020/01/07-03:53:32.565431) [db/db_impl_compaction_flush.cc:177] [0] Level summary: base level 1 max bytes base 536870912 files[2 0 0 0 0 0 0] max score 1.21

[12902] 01-07 03:53:32,565 INFO [RocksDB][db/db_impl_files.cc:342] [JOB 3] Try to delete WAL files size 382418106, prev total WAL file size 548897171, number of live WAL files 3.

[12902] 01-07 03:53:32,565 WARN [RocksDB][db/db_impl.cc:491] ------- DUMPING STATS -------
[12902] 01-07 03:53:32,565 WARN [RocksDB][db/db_impl.cc:492] 
** DB Stats **
Uptime(secs): 53.1 total, 53.1 interval
Cumulative writes: 1156K writes, 8097K keys, 1154K commit groups, 1.0 writes per commit group, ingest: 0.89 GB, 17.17 MB/s
Cumulative WAL: 1156K writes, 0 syncs, 1156721.00 writes per sync, written: 0.89 GB, 17.17 MB/s
Cumulative stall: 00:00:0.000 H:M:S, 0.0 percent
Interval writes: 1156K writes, 8097K keys, 1154K commit groups, 1.0 writes per commit group, ingest: 911.89 MB, 17.17 MB/s
Interval WAL: 1156K writes, 0 syncs, 1156721.00 writes per sync, written: 0.89 MB, 17.17 MB/s
Interval stall: 00:00:0.000 H:M:S, 0.0 percent

** Compaction Stats [default] **
Level    Files   Size     Score Read(GB)  Rn(GB) Rnp1(GB) Write(GB) Wnew(GB) Moved(GB) W-Amp Rd(MB/s) Wr(MB/s) Comp(sec) Comp(cnt) Avg(sec) KeyIn KeyDrop
----------------------------------------------------------------------------------------------------------------------------------------------------------
 Sum      0/0    0.00 KB   0.0      0.0     0.0      0.0       0.0     
[12902] 01-07 03:53:32,565 INFO [RocksDB][db/compaction_job.cc:1531] [0] [JOB 4] Compacting 2@0 files to L1, score 1.21
[12902] 01-07 03:53:32,565 INFO [RocksDB][db/compaction_job.cc:1535] [0] Compaction start summary: Base version 4 Base level 0, inputs: [14(300MB) 11(319MB)]

[12902] 01-07 03:53:32,565 INFO [RocksDB]EVENT_LOG_v1 {"time_micros": 1578369212565807, "job": 4, "event": "compaction_started", "compaction_reason": "LevelL0FilesNum", "files_L0": [14, 11], "score": 1.21106, "input_data_size": 650185473}
[12902] 01-07 03:53:33,511 INFO [RocksDB][db/db_impl_write.cc:1373] [0] New memtable created with log file: #16. Immutable memtables: 0.

[12902] 01-07 03:53:33,997 INFO [RocksDB][db/compaction_job.cc:1211] [0] [JOB 4] Generated table #15: 1184397 keys, 69767929 bytes
[12902] 01-07 03:53:33,997 INFO [RocksDB]EVENT_LOG_v1 {"time_micros": 1578369213997168, "cf_name": "0", "job": 4, "event": "table_file_creation", "file_number": 15, "file_size": 69767929, "table_properties": {"data_size": 67110270, "index_size": 975546, "filter_size": 1681082, "raw_key_size": 56363225, "raw_average_key_size": 47, "raw_value_size": 28686609, "raw_average_value_size": 24, "num_data_blocks": 16601, "num_entries": 1184397, "filter_policy_name": "rocksdb.BuiltinBloomFilter", "kDeletedKeys": "0", "kMergeOperands": "0"}}
[12902] 01-07 03:53:35,297 INFO [RocksDB][db/compaction_job.cc:1211] [0] [JOB 4] Generated table #17: 597506 keys, 68987878 bytes
[12902] 01-07 03:53:35,297 INFO [RocksDB]EVENT_LOG_v1 {"time_micros": 1578369215297525, "cf_name": "0", "job": 4, "event": "table_file_creation", "file_number": 17, "file_size": 68987878, "table_properties": {"data_size": 67110380, "index_size": 888592, "filter_size": 987875, "raw_key_size": 24594788, "raw_average_key_size": 41, "raw_value_size": 56763043, "raw_average_value_size": 94, "num_data_blocks": 16739, "num_entries": 597506, "filter_policy_name": "rocksdb.BuiltinBloomFilter", "kDeletedKeys": "0", "kMergeOperands": "0"}}
[12902] 01-07 03:53:36,606 INFO [RocksDB][db/compaction_job.cc:1211] [0] [JOB 4] Generated table #18: 597534 keys, 68989918 bytes
[12902] 01-07 03:53:36,606 INFO [RocksDB]EVENT_LOG_v1 {"time_micros": 1578369216606284, "cf_name": "0", "job": 4, "event": "table_file_creation", "file_number": 18, "file_size": 68989918, "table_properties": {"data_size": 67112501, "index_size": 888466, "filter_size": 987920, "raw_key_size": 24595827, "raw_average_key_size": 41, "raw_value_size": 56765757, "raw_average_value_size": 95, "num_data_blocks": 16740, "num_entries": 597534, "filter_policy_name": "rocksdb.BuiltinBloomFilter", "kDeletedKeys": "0", "kMergeOperands": "0"}}
[12902] 01-07 03:53:37,914 INFO [RocksDB][db/compaction_job.cc:1211] [0] [JOB 4] Generated table #19: 597522 keys, 68988636 bytes
[12902] 01-07 03:53:37,914 INFO [RocksDB]EVENT_LOG_v1 {"time_micros": 1578369217914304, "cf_name": "0", "job": 4, "event": "table_file_creation", "file_number": 19, "file_size": 68988636, "table_properties": {"data_size": 67111293, "index_size": 888415, "filter_size": 987897, "raw_key_size": 24594209, "raw_average_key_size": 41, "raw_value_size": 56764608, "raw_average_value_size": 95, "num_data_blocks": 16739, "num_entries": 597522, "filter_policy_name": "rocksdb.BuiltinBloomFilter", "kDeletedKeys": "0", "kMergeOperands": "0"}}
[12902] 01-07 03:53:39,215 INFO [RocksDB][db/compaction_job.cc:1211] [0] [JOB 4] Generated table #20: 597498 keys, 68989321 bytes
[12902] 01-07 03:53:39,215 INFO [RocksDB]EVENT_LOG_v1 {"time_micros": 1578369219215170, "cf_name": "0", "job": 4, "event": "table_file_creation", "file_number": 20, "file_size": 68989321, "table_properties": {"data_size": 67111534, "index_size": 888878, "filter_size": 987878, "raw_key_size": 24593085, "raw_average_key_size": 41, "raw_value_size": 56762310, "raw_average_value_size": 95, "num_data_blocks": 16740, "num_entries": 597498, "filter_policy_name": "rocksdb.BuiltinBloomFilter", "kDeletedKeys": "0", "kMergeOperands": "0"}}
[12902] 01-07 03:53:40,597 INFO [RocksDB][db/compaction_job.cc:1211] [0] [JOB 4] Generated table #21: 597496 keys, 68987690 bytes
[12902] 01-07 03:53:40,597 INFO [RocksDB]EVENT_LOG_v1 {"time_micros": 1578369220597344, "cf_name": "0", "job": 4, "event": "table_file_creation", "file_number": 21, "file_size": 68987690, "table_properties": {"data_size": 67109750, "index_size": 889037, "filter_size": 987872, "raw_key_size": 24594805, "raw_average_key_size": 41, "raw_value_size": 56762102, "raw_average_value_size": 94, "num_data_blocks": 16740, "num_entries": 597496, "filter_policy_name": "rocksdb.BuiltinBloomFilter", "kDeletedKeys": "0", "kMergeOperands": "0"}}
[12902] 01-07 03:53:41,897 INFO [RocksDB][db/compaction_job.cc:1211] [0] [JOB 4] Generated table #22: 597520 keys, 68987232 bytes
[12902] 01-07 03:53:41,897 INFO [RocksDB]EVENT_LOG_v1 {"time_micros": 1578369221897764, "cf_name": "0", "job": 4, "event": "table_file_creation", "file_number": 22, "file_size": 68987232, "table_properties": {"data_size": 67110163, "index_size": 888138, "filter_size": 987900, "raw_key_size": 24595104, "raw_average_key_size": 41, "raw_value_size": 56764400, "raw_average_value_size": 95, "num_data_blocks": 16740, "num_entries": 597520, "filter_policy_name": "rocksdb.BuiltinBloomFilter", "kDeletedKeys": "0", "kMergeOperands": "0"}}
[12902] 01-07 03:53:42,434 INFO [RocksDB][db/db_impl_write.cc:1373] [0] New memtable created with log file: #24. Immutable memtables: 1.

[12902] 01-07 03:53:42,434 INFO [RocksDB][db/db_impl_compaction_flush.cc:80] [JOB 5] Syncing log #13
[12902] 01-07 03:53:43,099 INFO [RocksDB][db/db_impl_compaction_flush.cc:80] [JOB 5] Syncing log #16
[12902] 01-07 03:53:45,057 INFO [RocksDB][db/compaction_job.cc:1211] [0] [JOB 4] Generated table #23: 597473 keys, 68987844 bytes
[12902] 01-07 03:53:45,057 INFO [RocksDB]EVENT_LOG_v1 {"time_micros": 1578369225057430, "cf_name": "0", "job": 4, "event": "table_file_creation", "file_number": 23, "file_size": 68987844, "table_properties": {"data_size": 67109749, "index_size": 889219, "filter_size": 987845, "raw_key_size": 24592931, "raw_average_key_size": 41, "raw_value_size": 56759908, "raw_average_value_size": 94, "num_data_blocks": 16740, "num_entries": 597473, "filter_policy_name": "rocksdb.BuiltinBloomFilter", "kDeletedKeys": "0", "kMergeOperands": "0"}}
[12902] 01-07 03:53:45,059 INFO [RocksDB](Original Log Time 2020/01/07-03:53:42.434357) [db/db_impl_compaction_flush.cc:1424] Calling FlushMemTableToOutputFile with column family [0], flush slots available 4, compaction slots available 1, flush slots scheduled 1, compaction slots scheduled 1
[12902] 01-07 03:53:45,059 INFO [RocksDB][db/flush_job.cc:301] [0] [JOB 5] Flushing memtable with next log file: 16

[12902] 01-07 03:53:45,059 INFO [RocksDB][db/flush_job.cc:301] [0] [JOB 5] Flushing memtable with next log file: 24

[12902] 01-07 03:53:45,059 INFO [RocksDB]EVENT_LOG_v1 {"time_micros": 1578369225059467, "job": 5, "event": "flush_started", "num_memtables": 2, "num_entries": 3172297, "num_deletes": 0, "memory_usage": 520098712, "flush_reason": "Write Buffer Full"}
[12902] 01-07 03:53:45,059 INFO [RocksDB][db/flush_job.cc:331] [0] [JOB 5] Level-0 flush table #25: started
[12902] 01-07 03:53:47,697 INFO [RocksDB][db/compaction_job.cc:1211] [0] [JOB 4] Generated table #26: 597503 keys, 68989739 bytes
[12902] 01-07 03:53:47,697 INFO [RocksDB]EVENT_LOG_v1 {"time_micros": 1578369227697712, "cf_name": "0", "job": 4, "event": "table_file_creation", "file_number": 26, "file_size": 68989739, "table_properties": {"data_size": 67111822, "index_size": 889003, "filter_size": 987883, "raw_key_size": 24594571, "raw_average_key_size": 41, "raw_value_size": 56762830, "raw_average_value_size": 95, "num_data_blocks": 16740, "num_entries": 597503, "filter_policy_name": "rocksdb.BuiltinBloomFilter", "kDeletedKeys": "0", "kMergeOperands": "0"}}
[12902] 01-07 03:53:48,002 INFO [RocksDB][db/compaction_job.cc:1211] [0] [JOB 4] Generated table #27: 245348 keys, 28318480 bytes
[12902] 01-07 03:53:48,002 INFO [RocksDB]EVENT_LOG_v1 {"time_micros": 1578369229002324, "cf_name": "0", "job": 4, "event": "table_file_creation", "file_number": 27, "file_size": 28318480, "table_properties": {"data_size": 27549266, "index_size": 362591, "filter_size": 405593, "raw_key_size": 10049767, "raw_average_key_size": 40, "raw_value_size": 23308096, "raw_average_value_size": 95, "num_data_blocks": 6870, "num_entries": 245348, "filter_policy_name": "rocksdb.BuiltinBloomFilter", "kDeletedKeys": "0", "kMergeOperands": "0"}}
[12902] 01-07 03:53:48,003 INFO [RocksDB][db/compaction_job.cc:1287] [0] [JOB 4] Compacted 2@0 files to L1 => 649994667 bytes
[12902] 01-07 03:53:49,005 INFO [RocksDB](Original Log Time 2020/01/07-03:53:49.005446) [db/compaction_job.cc:685] [0] compacted to: base level 1 max bytes base 536870912 files[0 10 0 0 0 0 0] max score 1.21, MB/sec: 39.6 rd, 39.5 wr, level 1, files in(2, 0) out(10) MB in(620.1, 0.0) out(619.9), read-write-amplify(2.0) write-amplify(1.0) OK, records in: 6209798, records dropped: 1 output_compression: NoCompression

[12902] 01-07 03:53:49,005 INFO [RocksDB](Original Log Time 2020/01/07-03:53:49.005471) EVENT_LOG_v1 {"time_micros": 1578369229005454, "job": 4, "event": "compaction_finished", "compaction_time_micros": 16437750, "output_level": 1, "num_output_files": 10, "total_output_size": 649994667, "num_input_records": 6209798, "num_output_records": 6209797, "num_subcompactions": 1, "output_compression": "NoCompression", "num_single_delete_mismatches": 0, "num_single_delete_fallthrough": 0, "lsm_state": [0, 10, 0, 0, 0, 0, 0]}
[12902] 01-07 03:53:49,006 INFO [RocksDB][db/compaction_job.cc:1531] [0] [JOB 6] Compacting 1@1 files to L2, score 1.21
[12902] 01-07 03:53:49,006 INFO [RocksDB][db/compaction_job.cc:1535] [0] Compaction start summary: Base version 5 Base level 1, inputs: [15(66MB)]

[12902] 01-07 03:53:49,006 INFO [RocksDB]EVENT_LOG_v1 {"time_micros": 1578369229006193, "job": 6, "event": "compaction_started", "compaction_reason": "LevelMaxLevelSize", "files_L1": [15], "score": 1.21071, "input_data_size": 69767929}
[12902] 01-07 03:53:52,712 INFO [RocksDB][db/compaction_job.cc:1211] [0] [JOB 6] Generated table #28: 1184397 keys, 54599195 bytes
[12902] 01-07 03:53:52,712 INFO [RocksDB]EVENT_LOG_v1 {"time_micros": 1578369232712939, "cf_name": "0", "job": 6, "event": "table_file_creation", "file_number": 28, "file_size": 54599195, "table_properties": {"data_size": 52415260, "index_size": 975242, "filter_size": 1652382, "raw_key_size": 56363225, "raw_average_key_size": 47, "raw_value_size": 28686609, "raw_average_value_size": 24, "num_data_blocks": 16601, "num_entries": 1184397, "filter_policy_name": "rocksdb.BuiltinBloomFilter", "kDeletedKeys": "0", "kMergeOperands": "0"}}
[12902] 01-07 03:53:52,714 INFO [RocksDB][db/compaction_job.cc:1287] [0] [JOB 6] Compacted 1@1 files to L2 => 54599195 bytes
[12902] 01-07 03:53:52,716 INFO [RocksDB](Original Log Time 2020/01/07-03:53:52.716110) [db/compaction_job.cc:685] [0] compacted to: base level 1 max bytes base 536870912 files[0 9 1 0 0 0 0] max score 1.08, MB/sec: 18.8 rd, 14.7 wr, level 2, files in(1, 0) out(1) MB in(66.5, 0.0) out(52.1), read-write-amplify(1.8) write-amplify(0.8) OK, records in: 1184397, records dropped: 0 output_compression: Snappy

[12902] 01-07 03:53:52,716 INFO [RocksDB](Original Log Time 2020/01/07-03:53:52.716139) EVENT_LOG_v1 {"time_micros": 1578369232716133, "job": 6, "event": "compaction_finished", "compaction_time_micros": 3707990, "output_level": 2, "num_output_files": 1, "total_output_size": 54599195, "num_input_records": 1184397, "num_output_records": 1184397, "num_subcompactions": 1, "output_compression": "Snappy", "num_single_delete_mismatches": 0, "num_single_delete_fallthrough": 0, "lsm_state": [0, 9, 1, 0, 0, 0, 0]}
[12902] 01-07 03:53:52,716 INFO [RocksDB][db/compaction_job.cc:1531] [0] [JOB 7] Compacting 1@1 files to L2, score 1.08
[12902] 01-07 03:53:52,716 INFO [RocksDB][db/compaction_job.cc:1535] [0] Compaction start summary: Base version 6 Base level 1, inputs: [18(65MB)]

[12902] 01-07 03:53:52,716 INFO [RocksDB]EVENT_LOG_v1 {"time_micros": 1578369232716211, "job": 7, "event": "compaction_started", "compaction_reason": "LevelMaxLevelSize", "files_L1": [18], "score": 1.08076, "input_data_size": 68989918}
[12902] 01-07 03:53:53,096 INFO [RocksDB][db/db_impl_write.cc:1373] [0] New memtable created with log file: #30. Immutable memtables: 2.

[12902] 01-07 03:53:54,412 INFO [RocksDB]EVENT_LOG_v1 {"time_micros": 1578369234412848, "cf_name": "0", "job": 5, "event": "table_file_creation", "file_number": 25, "file_size": 308454333, "table_properties": {"data_size": 299697998, "index_size": 4016422, "filter_size": 4738871, "raw_key_size": 124840115, "raw_average_key_size": 42, "raw_value_size": 240074383, "raw_average_value_size": 81, "num_data_blocks": 74667, "num_entries": 2945703, "filter_policy_name": "rocksdb.BuiltinBloomFilter", "kDeletedKeys": "0", "kMergeOperands": "0"}}
[12902] 01-07 03:53:54,412 INFO [RocksDB][db/flush_job.cc:371] [0] [JOB 5] Level-0 flush table #25: 308454333 bytes OK
[12902] 01-07 03:53:54,415 INFO [RocksDB](Original Log Time 2020/01/07-03:53:54.414061) [db/memtable_list.cc:377] [0] Level-0 commit table #25 started
[12902] 01-07 03:53:54,415 INFO [RocksDB](Original Log Time 2020/01/07-03:53:54.415774) [db/memtable_list.cc:409] [0] Level-0 commit table #25: memtable #1 done
[12902] 01-07 03:53:54,415 INFO [RocksDB](Original Log Time 2020/01/07-03:53:54.415775) [db/memtable_list.cc:409] [0] Level-0 commit table #25: memtable #2 done
[12902] 01-07 03:53:54,415 INFO [RocksDB](Original Log Time 2020/01/07-03:53:54.415786) EVENT_LOG_v1 {"time_micros": 1578369234415782, "job": 5, "event": "flush_finished", "output_compression": "NoCompression", "lsm_state": [1, 9, 1, 0, 0, 0, 0], "immutable_memtables": 1}
[12902] 01-07 03:53:54,415 INFO [RocksDB](Original Log Time 2020/01/07-03:53:54.415807) [db/db_impl_compaction_flush.cc:177] [0] Level summary: base level 1 max bytes base 536870912 files[1 9 1 0 0 0 0] max score 0.95

[12902] 01-07 03:53:54,415 INFO [RocksDB][db/db_impl_files.cc:342] [JOB 5] Try to delete WAL files size 374657396, prev total WAL file size 607673716, number of live WAL files 4.

[12902] 01-07 03:53:54,443 INFO [RocksDB]EVENT_LOG_v1 {"time_micros": 1578369234443173, "job": 5, "event": "table_file_deletion", "file_number": 15}
[12902] 01-07 03:53:54,471 INFO [RocksDB]EVENT_LOG_v1 {"time_micros": 1578369234471396, "job": 5, "event": "table_file_deletion", "file_number": 14}
[12902] 01-07 03:53:54,521 INFO [RocksDB]EVENT_LOG_v1 {"time_micros": 1578369234521485, "job": 5, "event": "table_file_deletion", "file_number": 11}
[12902] 01-07 03:53:55,112 INFO [RocksDB][db/compaction_job.cc:1211] [0] [JOB 7] Generated table #29: 597534 keys, 68588309 bytes
[12902] 01-07 03:53:55,112 INFO [RocksDB]EVENT_LOG_v1 {"time_micros": 1578369235112155, "cf_name": "0", "job": 7, "event": "table_file_creation", "file_number": 29, "file_size": 68588309, "table_properties": {"data_size": 67112501, "index_size": 888466, "filter_size": 987920, "raw_key_size": 24595827, "raw_average_key_size": 41, "raw_value_size": 56765757, "raw_average_value_size": 95, "num_data_blocks": 16740, "num_entries": 597534, "filter_policy_name": "rocksdb.BuiltinBloomFilter", "kDeletedKeys": "0", "kMergeOperands": "0"}}
[12902] 01-07 03:53:55,113 INFO [RocksDB][db/compaction_job.cc:1287] [0] [JOB 7] Compacted 1@1 files to L2 => 68588309 bytes
[12902] 01-07 03:53:55,115 INFO [RocksDB](Original Log Time 2020/01/07-03:53:55.115221) [db/compaction_job.cc:685] [0] compacted to: base level 1 max bytes base 536870912 files[1 8 2 0 0 0 0] max score 0.95, MB/sec: 28.8 rd, 28.6 wr, level 2, files in(1, 0) out(1) MB in(65.8, 0.0) out(65.4), read-write-amplify(2.0) write-amplify(1.0) OK, records in: 597534, records dropped: 0 output_compression: Snappy

[12902] 01-07 03:53:55,115 INFO [RocksDB](Original Log Time 2020/01/07-03:53:55.115246) EVENT_LOG_v1 {"time_micros": 1578369235115230, "job": 7, "event": "compaction_finished", "compaction_time_micros": 2397265, "output_level": 2, "num_output_files": 1, "total_output_size": 68588309, "num_input_records": 597534, "num_output_records": 597534, "num_subcompactions": 1, "output_compression": "Snappy", "num_single_delete_mismatches": 0, "num_single_delete_fallthrough": 0, "lsm_state": [1, 8, 2, 0, 0, 0, 0]}
[12902] 01-07 03:54:06,216 INFO [RocksDB][db/db_impl_write.cc:1373] [0] New memtable created with log file: #31. Immutable memtables: 1.

[12902] 01-07 03:54:06,216 INFO [RocksDB][db/db_impl_compaction_flush.cc:80] [JOB 8] Syncing log #24
[12902] 01-07 03:54:06,780 INFO [RocksDB][db/db_impl_compaction_flush.cc:80] [JOB 8] Syncing log #30
[12902] 01-07 03:54:08,275 INFO [RocksDB](Original Log Time 2020/01/07-03:54:06.216774) [db/db_impl_compaction_flush.cc:1424] Calling FlushMemTableToOutputFile with column family [0], flush slots available 4, compaction slots available 1, flush slots scheduled 1, compaction slots scheduled 0
[12902] 01-07 03:54:08,275 INFO [RocksDB][db/flush_job.cc:301] [0] [JOB 8] Flushing memtable with next log file: 30

[12902] 01-07 03:54:08,275 INFO [RocksDB][db/flush_job.cc:301] [0] [JOB 8] Flushing memtable with next log file: 31

[12902] 01-07 03:54:08,275 INFO [RocksDB]EVENT_LOG_v1 {"time_micros": 1578369248275190, "job": 8, "event": "flush_started", "num_memtables": 2, "num_entries": 3441441, "num_deletes": 0, "memory_usage": 520100048, "flush_reason": "Write Buffer Full"}
[12902] 01-07 03:54:08,275 INFO [RocksDB][db/flush_job.cc:331] [0] [JOB 8] Level-0 flush table #32: started
[12902] 01-07 03:54:14,731 INFO [RocksDB]EVENT_LOG_v1 {"time_micros": 1578369254731953, "cf_name": "0", "job": 8, "event": "table_file_creation", "file_number": 32, "file_size": 334626234, "table_properties": {"data_size": 325120486, "index_size": 4363735, "filter_size": 5140971, "raw_key_size": 135430465, "raw_average_key_size": 42, "raw_value_size": 260442836, "raw_average_value_size": 81, "num_data_blocks": 81008, "num_entries": 3195624, "filter_policy_name": "rocksdb.BuiltinBloomFilter", "kDeletedKeys": "0", "kMergeOperands": "0"}}
[12902] 01-07 03:54:14,731 INFO [RocksDB][db/flush_job.cc:371] [0] [JOB 8] Level-0 flush table #32: 334626234 bytes OK
[12902] 01-07 03:54:14,735 INFO [RocksDB](Original Log Time 2020/01/07-03:54:14.733191) [db/memtable_list.cc:377] [0] Level-0 commit table #32 started
[12902] 01-07 03:54:14,735 INFO [RocksDB](Original Log Time 2020/01/07-03:54:14.734966) [db/memtable_list.cc:409] [0] Level-0 commit table #32: memtable #1 done
[12902] 01-07 03:54:14,735 INFO [RocksDB](Original Log Time 2020/01/07-03:54:14.734966) [db/memtable_list.cc:409] [0] Level-0 commit table #32: memtable #2 done
[12902] 01-07 03:54:14,735 INFO [RocksDB](Original Log Time 2020/01/07-03:54:14.734978) EVENT_LOG_v1 {"time_micros": 1578369254734972, "job": 8, "event": "flush_finished", "output_compression": "NoCompression", "lsm_state": [2, 8, 2, 0, 0, 0, 0], "immutable_memtables": 0}
[12902] 01-07 03:54:14,735 INFO [RocksDB](Original Log Time 2020/01/07-03:54:14.734997) [db/db_impl_compaction_flush.cc:177] [0] Level summary: base level 1 max bytes base 536870912 files[2 8 2 0 0 0 0] max score 1.20

[12902] 01-07 03:54:14,735 INFO [RocksDB][db/db_impl_files.cc:342] [JOB 8] Try to delete WAL files size 406442868, prev total WAL file size 488971593, number of live WAL files 3.

[12902] 01-07 03:54:14,735 INFO [RocksDB][db/compaction_job.cc:1531] [0] [JOB 9] Compacting 2@0 + 8@1 files to L1, score 1.20
[12902] 01-07 03:54:14,735 INFO [RocksDB][db/compaction_job.cc:1535] [0] Compaction start summary: Base version 9 Base level 0, inputs: [32(319MB) 25(294MB)], [17(65MB) 19(65MB) 20(65MB) 21(65MB) 22(65MB) 23(65MB) 26(65MB) 27(27MB)]

[12902] 01-07 03:54:14,735 INFO [RocksDB]EVENT_LOG_v1 {"time_micros": 1578369254735181, "job": 9, "event": "compaction_started", "compaction_reason": "LevelL0FilesNum", "files_L0": [32, 25], "files_L1": [17, 19, 20, 21, 22, 23, 26, 27], "score": 1.19783, "input_data_size": 1154317387}
[12902] 01-07 03:54:14,742 INFO [RocksDB]EVENT_LOG_v1 {"time_micros": 1578369254742111, "job": 8, "event": "table_file_deletion", "file_number": 18}
[12902] 01-07 03:54:16,160 INFO [RocksDB][db/compaction_job.cc:1211] [0] [JOB 9] Generated table #33: 1177633 keys, 69760645 bytes
[12902] 01-07 03:54:16,160 INFO [RocksDB]EVENT_LOG_v1 {"time_micros": 1578369256160225, "cf_name": "0", "job": 9, "event": "table_file_creation", "file_number": 33, "file_size": 69760645, "table_properties": {"data_size": 67111601, "index_size": 975029, "filter_size": 1672984, "raw_key_size": 56001978, "raw_average_key_size": 47, "raw_value_size": 28966346, "raw_average_value_size": 24, "num_data_blocks": 16604, "num_entries": 1177633, "filter_policy_name": "rocksdb.BuiltinBloomFilter", "kDeletedKeys": "0", "kMergeOperands": "0"}}
[12902] 01-07 03:54:17,468 INFO [RocksDB][db/compaction_job.cc:1211] [0] [JOB 9] Generated table #34: 597630 keys, 68990138 bytes
[12902] 01-07 03:54:17,468 INFO [RocksDB]EVENT_LOG_v1 {"time_micros": 1578369257468752, "cf_name": "0", "job": 9, "event": "table_file_creation", "file_number": 34, "file_size": 68990138, "table_properties": {"data_size": 67112341, "index_size": 888714, "filter_size": 988052, "raw_key_size": 24600227, "raw_average_key_size": 41, "raw_value_size": 56774850, "raw_average_value_size": 95, "num_data_blocks": 16742, "num_entries": 597630, "filter_policy_name": "rocksdb.BuiltinBloomFilter", "kDeletedKeys": "0", "kMergeOperands": "0"}}
[12902] 01-07 03:54:18,769 INFO [RocksDB][db/compaction_job.cc:1211] [0] [JOB 9] Generated table #35: 597624 keys, 68988495 bytes
[12902] 01-07 03:54:18,769 INFO [RocksDB]EVENT_LOG_v1 {"time_micros": 1578369258769501, "cf_name": "0", "job": 9, "event": "table_file_creation", "file_number": 35, "file_size": 68988495, "table_properties": {"data_size": 67110823, "index_size": 888590, "filter_size": 988051, "raw_key_size": 24600086, "raw_average_key_size": 41, "raw_value_size": 56774226, "raw_average_value_size": 94, "num_data_blocks": 16743, "num_entries": 597624, "filter_policy_name": "rocksdb.BuiltinBloomFilter", "kDeletedKeys": "0", "kMergeOperands": "0"}}
[12902] 01-07 03:54:20,079 INFO [RocksDB][db/compaction_job.cc:1211] [0] [JOB 9] Generated table #36: 597466 keys, 68986948 bytes
[12902] 01-07 03:54:20,079 INFO [RocksDB]EVENT_LOG_v1 {"time_micros": 1578369260079104, "cf_name": "0", "job": 9, "event": "table_file_creation", "file_number": 36, "file_size": 68986948, "table_properties": {"data_size": 67109617, "index_size": 888472, "filter_size": 987828, "raw_key_size": 24591456, "raw_average_key_size": 41, "raw_value_size": 56759279, "raw_average_value_size": 95, "num_data_blocks": 16739, "num_entries": 597466, "filter_policy_name": "rocksdb.BuiltinBloomFilter", "kDeletedKeys": "0", "kMergeOperands": "0"}}
[12902] 01-07 03:54:21,479 INFO [RocksDB][db/compaction_job.cc:1211] [0] [JOB 9] Generated table #37: 597569 keys, 68987616 bytes
[12902] 01-07 03:54:21,479 INFO [RocksDB]EVENT_LOG_v1 {"time_micros": 1578369261479798, "cf_name": "0", "job": 9, "event": "table_file_creation", "file_number": 37, "file_size": 68987616, "table_properties": {"data_size": 67109671, "index_size": 888930, "filter_size": 987984, "raw_key_size": 24595667, "raw_average_key_size": 41, "raw_value_size": 56769100, "raw_average_value_size": 95, "num_data_blocks": 16743, "num_entries": 597569, "filter_policy_name": "rocksdb.BuiltinBloomFilter", "kDeletedKeys": "0", "kMergeOperands": "0"}}
[12902] 01-07 03:54:22,760 INFO [RocksDB][db/compaction_job.cc:1211] [0] [JOB 9] Generated table #38: 597600 keys, 68987424 bytes
[12902] 01-07 03:54:22,761 INFO [RocksDB]EVENT_LOG_v1 {"time_micros": 1578369262761000, "cf_name": "0", "job": 9, "event": "table_file_creation", "file_number": 38, "file_size": 68987424, "table_properties": {"data_size": 67109696, "index_size": 888692, "filter_size": 988005, "raw_key_size": 24597751, "raw_average_key_size": 41, "raw_value_size": 56771928, "raw_average_value_size": 94, "num_data_blocks": 16741, "num_entries": 597600, "filter_policy_name": "rocksdb.BuiltinBloomFilter", "kDeletedKeys": "0", "kMergeOperands": "0"}}
[12902] 01-07 03:54:24,065 INFO [RocksDB][db/compaction_job.cc:1211] [0] [JOB 9] Generated table #39: 597605 keys, 68988439 bytes
[12902] 01-07 03:54:24,065 INFO [RocksDB]EVENT_LOG_v1 {"time_micros": 1578369264065681, "cf_name": "0", "job": 9, "event": "table_file_creation", "file_number": 39, "file_size": 68988439, "table_properties": {"data_size": 67110848, "index_size": 888552, "filter_size": 988008, "raw_key_size": 24597892, "raw_average_key_size": 41, "raw_value_size": 56772547, "raw_average_value_size": 95, "num_data_blocks": 16741, "num_entries": 597605, "filter_policy_name": "rocksdb.BuiltinBloomFilter", "kDeletedKeys": "0", "kMergeOperands": "0"}}
[12902] 01-07 03:54:25,365 INFO [RocksDB][db/compaction_job.cc:1211] [0] [JOB 9] Generated table #40: 597581 keys, 68987157 bytes
[12902] 01-07 03:54:25,365 INFO [RocksDB]EVENT_LOG_v1 {"time_micros": 1578369265365265, "cf_name": "0", "job": 9, "event": "table_file_creation", "file_number": 40, "file_size": 68987157, "table_properties": {"data_size": 67109342, "index_size": 888802, "filter_size": 987982, "raw_key_size": 24595627, "raw_average_key_size": 41, "raw_value_size": 56770150, "raw_average_value_size": 94, "num_data_blocks": 16741, "num_entries": 597581, "filter_policy_name": "rocksdb.BuiltinBloomFilter", "kDeletedKeys": "0", "kMergeOperands": "0"}}
[12902] 01-07 03:54:26,672 INFO [RocksDB][db/compaction_job.cc:1211] [0] [JOB 9] Generated table #41: 597602 keys, 68989846 bytes
[12902] 01-07 03:54:26,672 INFO [RocksDB]EVENT_LOG_v1 {"time_micros": 1578369266672470, "cf_name": "0", "job": 9, "event": "table_file_creation", "file_number": 41, "file_size": 68989846, "table_properties": {"data_size": 67111546, "index_size": 889242, "filter_size": 988027, "raw_key_size": 24598681, "raw_average_key_size": 41, "raw_value_size": 56772235, "raw_average_value_size": 95, "num_data_blocks": 16743, "num_entries": 597602, "filter_policy_name": "rocksdb.BuiltinBloomFilter", "kDeletedKeys": "0", "kMergeOperands": "0"}}
[12902] 01-07 03:54:27,987 INFO [RocksDB][db/compaction_job.cc:1211] [0] [JOB 9] Generated table #42: 597586 keys, 68987917 bytes
[12902] 01-07 03:54:27,987 INFO [RocksDB]EVENT_LOG_v1 {"time_micros": 1578369267987432, "cf_name": "0", "job": 9, "event": "table_file_creation", "file_number": 42, "file_size": 68987917, "table_properties": {"data_size": 67109779, "index_size": 889111, "filter_size": 987996, "raw_key_size": 24598200, "raw_average_key_size": 41, "raw_value_size": 56770670, "raw_average_value_size": 95, "num_data_blocks": 16742, "num_entries": 597586, "filter_policy_name": "rocksdb.BuiltinBloomFilter", "kDeletedKeys": "0", "kMergeOperands": "0"}}
[12902] 01-07 03:54:29,363 INFO [RocksDB][db/compaction_job.cc:1211] [0] [JOB 9] Generated table #43: 597614 keys, 68990334 bytes
[12902] 01-07 03:54:29,363 INFO [RocksDB]EVENT_LOG_v1 {"time_micros": 1578369269363501, "cf_name": "0", "job": 9, "event": "table_file_creation", "file_number": 43, "file_size": 68990334, "table_properties": {"data_size": 67112466, "index_size": 888794, "filter_size": 988043, "raw_key_size": 24597704, "raw_average_key_size": 41, "raw_value_size": 56773285, "raw_average_value_size": 94, "num_data_blocks": 16743, "num_entries": 597614, "filter_policy_name": "rocksdb.BuiltinBloomFilter", "kDeletedKeys": "0", "kMergeOperands": "0"}}
[12902] 01-07 03:54:30,667 INFO [RocksDB][db/compaction_job.cc:1211] [0] [JOB 9] Generated table #44: 597621 keys, 68988964 bytes
[12902] 01-07 03:54:30,667 INFO [RocksDB]EVENT_LOG_v1 {"time_micros": 1578369270667213, "cf_name": "0", "job": 9, "event": "table_file_creation", "file_number": 44, "file_size": 68988964, "table_properties": {"data_size": 67111108, "index_size": 888793, "filter_size": 988032, "raw_key_size": 24601144, "raw_average_key_size": 41, "raw_value_size": 56774013, "raw_average_value_size": 95, "num_data_blocks": 16741, "num_entries": 597621, "filter_policy_name": "rocksdb.BuiltinBloomFilter", "kDeletedKeys": "0", "kMergeOperands": "0"}}
[12902] 01-07 03:54:31,991 INFO [RocksDB][db/compaction_job.cc:1211] [0] [JOB 9] Generated table #45: 597639 keys, 68988667 bytes
[12902] 01-07 03:54:31,991 INFO [RocksDB]EVENT_LOG_v1 {"time_micros": 1578369271991465, "cf_name": "0", "job": 9, "event": "table_file_creation", "file_number": 45, "file_size": 68988667, "table_properties": {"data_size": 67111185, "index_size": 888406, "filter_size": 988045, "raw_key_size": 24601004, "raw_average_key_size": 41, "raw_value_size": 56775687, "raw_average_value_size": 94, "num_data_blocks": 16740, "num_entries": 597639, "filter_policy_name": "rocksdb.BuiltinBloomFilter", "kDeletedKeys": "0", "kMergeOperands": "0"}}
[12902] 01-07 03:54:33,292 INFO [RocksDB][db/compaction_job.cc:1211] [0] [JOB 9] Generated table #46: 597608 keys, 68988001 bytes
[12902] 01-07 03:54:33,292 INFO [RocksDB]EVENT_LOG_v1 {"time_micros": 1578369273292405, "cf_name": "0", "job": 9, "event": "table_file_creation", "file_number": 46, "file_size": 68988001, "table_properties": {"data_size": 67110325, "index_size": 888632, "filter_size": 988013, "raw_key_size": 24598373, "raw_average_key_size": 41, "raw_value_size": 56772760, "raw_average_value_size": 95, "num_data_blocks": 16741, "num_entries": 597608, "filter_policy_name": "rocksdb.BuiltinBloomFilter", "kDeletedKeys": "0", "kMergeOperands": "0"}}
[12902] 01-07 03:54:34,579 INFO [RocksDB][db/compaction_job.cc:1211] [0] [JOB 9] Generated table #47: 597635 keys, 68990068 bytes
[12902] 01-07 03:54:34,579 INFO [RocksDB]EVENT_LOG_v1 {"time_micros": 1578369274579599, "cf_name": "0", "job": 9, "event": "table_file_creation", "file_number": 47, "file_size": 68990068, "table_properties": {"data_size": 67111975, "index_size": 889005, "filter_size": 988057, "raw_key_size": 24602142, "raw_average_key_size": 41, "raw_value_size": 56775370, "raw_average_value_size": 95, "num_data_blocks": 16742, "num_entries": 597635, "filter_policy_name": "rocksdb.BuiltinBloomFilter", "kDeletedKeys": "0", "kMergeOperands": "0"}}
[12902] 01-07 03:54:35,886 INFO [RocksDB][db/compaction_job.cc:1211] [0] [JOB 9] Generated table #48: 597611 keys, 68990840 bytes
[12902] 01-07 03:54:35,886 INFO [RocksDB]EVENT_LOG_v1 {"time_micros": 1578369275886130, "cf_name": "0", "job": 9, "event": "table_file_creation", "file_number": 48, "file_size": 68990840, "table_properties": {"data_size": 67112805, "index_size": 888964, "filter_size": 988040, "raw_key_size": 24597963, "raw_average_key_size": 41, "raw_value_size": 56772973, "raw_average_value_size": 94, "num_data_blocks": 16743, "num_entries": 597611, "filter_policy_name": "rocksdb.BuiltinBloomFilter", "kDeletedKeys": "0", "kMergeOperands": "0"}}
[12902] 01-07 03:54:36,868 INFO [RocksDB][db/compaction_job.cc:1211] [0] [JOB 9] Generated table #49: 427568 keys, 49352341 bytes
[12902] 01-07 03:54:36,868 INFO [RocksDB]EVENT_LOG_v1 {"time_micros": 1578369276868877, "cf_name": "0", "job": 9, "event": "table_file_creation", "file_number": 49, "file_size": 49352341, "table_properties": {"data_size": 48010407, "index_size": 634086, "filter_size": 706818, "raw_key_size": 17503926, "raw_average_key_size": 40, "raw_value_size": 40619041, "raw_average_value_size": 95, "num_data_blocks": 11973, "num_entries": 427568, "filter_policy_name": "rocksdb.BuiltinBloomFilter", "kDeletedKeys": "0", "kMergeOperands": "0"}}
[12902] 01-07 03:54:36,870 INFO [RocksDB][db/compaction_job.cc:1287] [0] [JOB 9] Compacted 2@0 + 8@1 files to L1 => 1153943840 bytes
[12902] 01-07 03:54:36,871 INFO [RocksDB](Original Log Time 2020/01/07-03:54:36.871826) [db/compaction_job.cc:685] [0] compacted to: base level 1 max bytes base 536870912 files[0 17 2 0 0 0 0] max score 2.15, MB/sec: 52.1 rd, 52.1 wr, level 1, files in(2, 8) out(17) MB in(613.3, 487.6) out(1100.5), read-write-amplify(3.6) write-amplify(1.8) OK, records in: 10569193, records dropped: 1 output_compression: NoCompression

[12902] 01-07 03:54:36,871 INFO [RocksDB](Original Log Time 2020/01/07-03:54:36.871851) EVENT_LOG_v1 {"time_micros": 1578369276871834, "job": 9, "event": "compaction_finished", "compaction_time_micros": 22134890, "output_level": 1, "num_output_files": 17, "total_output_size": 1153943840, "num_input_records": 10569193, "num_output_records": 10569192, "num_subcompactions": 1, "output_compression": "NoCompression", "num_single_delete_mismatches": 0, "num_single_delete_fallthrough": 0, "lsm_state": [0, 17, 2, 0, 0, 0, 0]}
[12902] 01-07 03:54:36,871 INFO [RocksDB][db/compaction_job.cc:1531] [0] [JOB 10] Compacting 1@1 + 1@2 files to L2, score 2.15
[12902] 01-07 03:54:36,871 INFO [RocksDB][db/compaction_job.cc:1535] [0] Compaction start summary: Base version 10 Base level 1, inputs: [33(66MB)], [28(52MB)]

[12902] 01-07 03:54:36,871 INFO [RocksDB]EVENT_LOG_v1 {"time_micros": 1578369276871948, "job": 10, "event": "compaction_started", "compaction_reason": "LevelMaxLevelSize", "files_L1": [33], "files_L2": [28], "score": 2.14939, "input_data_size": 124359840}
[12902] 01-07 03:54:36,906 INFO [RocksDB]EVENT_LOG_v1 {"time_micros": 1578369276906012, "job": 0, "event": "table_file_deletion", "file_number": 32}
[12902] 01-07 03:54:36,908 INFO [RocksDB]EVENT_LOG_v1 {"time_micros": 1578369276908765, "job": 0, "event": "table_file_deletion", "file_number": 27}
[12902] 01-07 03:54:36,915 INFO [RocksDB]EVENT_LOG_v1 {"time_micros": 1578369276915254, "job": 0, "event": "table_file_deletion", "file_number": 26}
[12902] 01-07 03:54:36,943 INFO [RocksDB]EVENT_LOG_v1 {"time_micros": 1578369276943932, "job": 0, "event": "table_file_deletion", "file_number": 25}
[12902] 01-07 03:54:36,950 INFO [RocksDB]EVENT_LOG_v1 {"time_micros": 1578369276950220, "job": 0, "event": "table_file_deletion", "file_number": 23}
[12902] 01-07 03:54:36,956 INFO [RocksDB]EVENT_LOG_v1 {"time_micros": 1578369276956424, "job": 0, "event": "table_file_deletion", "file_number": 22}
[12902] 01-07 03:54:36,962 INFO [RocksDB]EVENT_LOG_v1 {"time_micros": 1578369276962667, "job": 0, "event": "table_file_deletion", "file_number": 21}
[12902] 01-07 03:54:36,968 INFO [RocksDB]EVENT_LOG_v1 {"time_micros": 1578369276968872, "job": 0, "event": "table_file_deletion", "file_number": 20}
[12902] 01-07 03:54:36,975 INFO [RocksDB]EVENT_LOG_v1 {"time_micros": 1578369276975254, "job": 0, "event": "table_file_deletion", "file_number": 19}
[12902] 01-07 03:54:36,982 INFO [RocksDB]EVENT_LOG_v1 {"time_micros": 1578369276982087, "job": 0, "event": "table_file_deletion", "file_number": 17}
[12902] 01-07 03:54:40,250 INFO [RocksDB][db/compaction_job.cc:1211] [0] [JOB 10] Generated table #50: 2027759 keys, 70640184 bytes
[12902] 01-07 03:54:40,250 INFO [RocksDB]EVENT_LOG_v1 {"time_micros": 1578369280250557, "cf_name": "0", "job": 10, "event": "table_file_creation", "file_number": 50, "file_size": 70640184, "table_properties": {"data_size": 67112986, "index_size": 1450273, "filter_size": 2743843, "raw_key_size": 98605633, "raw_average_key_size": 48, "raw_value_size": 25897231, "raw_average_value_size": 12, "num_data_blocks": 23781, "num_entries": 2027759, "filter_policy_name": "rocksdb.BuiltinBloomFilter", "kDeletedKeys": "0", "kMergeOperands": "0"}}
[12902] 01-07 03:54:40,997 INFO [RocksDB][db/compaction_job.cc:1211] [0] [JOB 10] Generated table #51: 334270 keys, 38359334 bytes
[12902] 01-07 03:54:40,997 INFO [RocksDB]EVENT_LOG_v1 {"time_micros": 1578369280997643, "cf_name": "0", "job": 10, "event": "table_file_creation", "file_number": 51, "file_size": 38359334, "table_properties": {"data_size": 37535408, "index_size": 496533, "filter_size": 552636, "raw_key_size": 13759551, "raw_average_key_size": 41, "raw_value_size": 31755668, "raw_average_value_size": 95, "num_data_blocks": 9364, "num_entries": 334270, "filter_policy_name": "rocksdb.BuiltinBloomFilter", "kDeletedKeys": "0", "kMergeOperands": "0"}}
[12902] 01-07 03:54:40,998 INFO [RocksDB][db/compaction_job.cc:1287] [0] [JOB 10] Compacted 1@1 + 1@2 files to L2 => 108999518 bytes
[12902] 01-07 03:54:40,000 INFO [RocksDB](Original Log Time 2020/01/07-03:54:41.000887) [db/compaction_job.cc:685] [0] compacted to: base level 1 max bytes base 536870912 files[0 16 3 0 0 0 0] max score 2.02, MB/sec: 30.1 rd, 26.4 wr, level 2, files in(1, 1) out(2) MB in(66.5, 52.1) out(104.0), read-write-amplify(3.3) write-amplify(1.6) OK, records in: 2362030, records dropped: 1 output_compression: Snappy

[12902] 01-07 03:54:40,000 INFO [RocksDB](Original Log Time 2020/01/07-03:54:41.000912) EVENT_LOG_v1 {"time_micros": 1578369281000895, "job": 10, "event": "compaction_finished", "compaction_time_micros": 4127001, "output_level": 2, "num_output_files": 2, "total_output_size": 108999518, "num_input_records": 2362030, "num_output_records": 2362029, "num_subcompactions": 1, "output_compression": "Snappy", "num_single_delete_mismatches": 0, "num_single_delete_fallthrough": 0, "lsm_state": [0, 16, 3, 0, 0, 0, 0]}
[12902] 01-07 03:54:41,008 INFO [RocksDB]EVENT_LOG_v1 {"time_micros": 1578369281008423, "job": 10, "event": "table_file_deletion", "file_number": 33}
[12902] 01-07 03:54:41,013 INFO [RocksDB]EVENT_LOG_v1 {"time_micros": 1578369281013679, "job": 10, "event": "table_file_deletion", "file_number": 28}
[12902] 01-07 03:54:41,013 INFO [RocksDB][db/compaction_job.cc:1531] [0] [JOB 11] Compacting 1@1 files to L2, score 2.02
[12902] 01-07 03:54:41,013 INFO [RocksDB][db/compaction_job.cc:1535] [0] Compaction start summary: Base version 11 Base level 1, inputs: [48(65MB)]

[12902] 01-07 03:54:41,013 INFO [RocksDB]EVENT_LOG_v1 {"time_micros": 1578369281013725, "job": 11, "event": "compaction_started", "compaction_reason": "LevelMaxLevelSize", "files_L1": [48], "score": 2.01945, "input_data_size": 68990840}
[12902] 01-07 03:54:42,316 INFO [RocksDB][db/compaction_job.cc:1211] [0] [JOB 11] Generated table #52: 597611 keys, 68585940 bytes
[12902] 01-07 03:54:42,316 INFO [RocksDB]EVENT_LOG_v1 {"time_micros": 1578369282316185, "cf_name": "0", "job": 11, "event": "table_file_creation", "file_number": 52, "file_size": 68585940, "table_properties": {"data_size": 67112805, "index_size": 888964, "filter_size": 988040, "raw_key_size": 24597963, "raw_average_key_size": 41, "raw_value_size": 56772973, "raw_average_value_size": 94, "num_data_blocks": 16743, "num_entries": 597611, "filter_policy_name": "rocksdb.BuiltinBloomFilter", "kDeletedKeys": "0", "kMergeOperands": "0"}}
[12902] 01-07 03:54:42,317 INFO [RocksDB][db/compaction_job.cc:1287] [0] [JOB 11] Compacted 1@1 files to L2 => 68585940 bytes
[12902] 01-07 03:54:42,319 INFO [RocksDB](Original Log Time 2020/01/07-03:54:42.319613) [db/compaction_job.cc:685] [0] compacted to: base level 1 max bytes base 536870912 files[0 15 4 0 0 0 0] max score 1.89, MB/sec: 52.9 rd, 52.6 wr, level 2, files in(1, 0) out(1) MB in(65.8, 0.0) out(65.4), read-write-amplify(2.0) write-amplify(1.0) OK, records in: 597611, records dropped: 0 output_compression: Snappy

[12902] 01-07 03:54:42,319 INFO [RocksDB](Original Log Time 2020/01/07-03:54:42.319638) EVENT_LOG_v1 {"time_micros": 1578369282319623, "job": 11, "event": "compaction_finished", "compaction_time_micros": 1303881, "output_level": 2, "num_output_files": 1, "total_output_size": 68585940, "num_input_records": 597611, "num_output_records": 597611, "num_subcompactions": 1, "output_compression": "Snappy", "num_single_delete_mismatches": 0, "num_single_delete_fallthrough": 0, "lsm_state": [0, 15, 4, 0, 0, 0, 0]}
[12902] 01-07 03:54:42,319 INFO [RocksDB][db/compaction_job.cc:1531] [0] [JOB 12] Compacting 1@1 files to L2, score 1.89
[12902] 01-07 03:54:42,319 INFO [RocksDB][db/compaction_job.cc:1535] [0] Compaction start summary: Base version 12 Base level 1, inputs: [43(65MB)]

[12902] 01-07 03:54:42,319 INFO [RocksDB]EVENT_LOG_v1 {"time_micros": 1578369282319699, "job": 12, "event": "compaction_started", "compaction_reason": "LevelMaxLevelSize", "files_L1": [43], "score": 1.89094, "input_data_size": 68990334}
[12902] 01-07 03:54:42,326 INFO [RocksDB]EVENT_LOG_v1 {"time_micros": 1578369282326066, "job": 0, "event": "table_file_deletion", "file_number": 48}
[12902] 01-07 03:54:43,621 INFO [RocksDB][db/compaction_job.cc:1211] [0] [JOB 12] Generated table #53: 597614 keys, 68585239 bytes
[12902] 01-07 03:54:43,621 INFO [RocksDB]EVENT_LOG_v1 {"time_micros": 1578369283621026, "cf_name": "0", "job": 12, "event": "table_file_creation", "file_number": 53, "file_size": 68585239, "table_properties": {"data_size": 67112466, "index_size": 888794, "filter_size": 988043, "raw_key_size": 24597704, "raw_average_key_size": 41, "raw_value_size": 56773285, "raw_average_value_size": 94, "num_data_blocks": 16743, "num_entries": 597614, "filter_policy_name": "rocksdb.BuiltinBloomFilter", "kDeletedKeys": "0", "kMergeOperands": "0"}}
[12902] 01-07 03:54:43,622 INFO [RocksDB][db/compaction_job.cc:1287] [0] [JOB 12] Compacted 1@1 files to L2 => 68585239 bytes
[12902] 01-07 03:54:43,624 INFO [RocksDB](Original Log Time 2020/01/07-03:54:43.624263) [db/compaction_job.cc:685] [0] compacted to: base level 1 max bytes base 536870912 files[0 14 5 0 0 0 0] max score 1.76, MB/sec: 53.0 rd, 52.7 wr, level 2, files in(1, 0) out(1) MB in(65.8, 0.0) out(65.4), read-write-amplify(2.0) write-amplify(1.0) OK, records in: 597614, records dropped: 0 output_compression: Snappy

[12902] 01-07 03:54:43,624 INFO [RocksDB](Original Log Time 2020/01/07-03:54:43.624286) EVENT_LOG_v1 {"time_micros": 1578369283624271, "job": 12, "event": "compaction_finished", "compaction_time_micros": 1302648, "output_level": 2, "num_output_files": 1, "total_output_size": 68585239, "num_input_records": 597614, "num_output_records": 597614, "num_subcompactions": 1, "output_compression": "Snappy", "num_single_delete_mismatches": 0, "num_single_delete_fallthrough": 0, "lsm_state": [0, 14, 5, 0, 0, 0, 0]}
[12902] 01-07 03:54:43,624 INFO [RocksDB][db/compaction_job.cc:1531] [0] [JOB 13] Compacting 1@1 files to L2, score 1.76
[12902] 01-07 03:54:43,624 INFO [RocksDB][db/compaction_job.cc:1535] [0] Compaction start summary: Base version 13 Base level 1, inputs: [34(65MB)]

[12902] 01-07 03:54:43,624 INFO [RocksDB]EVENT_LOG_v1 {"time_micros": 1578369283624352, "job": 13, "event": "compaction_started", "compaction_reason": "LevelMaxLevelSize", "files_L1": [34], "score": 1.76244, "input_data_size": 68990138}
[12902] 01-07 03:54:43,631 INFO [RocksDB]EVENT_LOG_v1 {"time_micros": 1578369283631276, "job": 0, "event": "table_file_deletion", "file_number": 43}
[12902] 01-07 03:54:44,926 INFO [RocksDB][db/compaction_job.cc:1211] [0] [JOB 13] Generated table #54: 597630 keys, 68584976 bytes
[12902] 01-07 03:54:44,926 INFO [RocksDB]EVENT_LOG_v1 {"time_micros": 1578369284926132, "cf_name": "0", "job": 13, "event": "table_file_creation", "file_number": 54, "file_size": 68584976, "table_properties": {"data_size": 67112341, "index_size": 888714, "filter_size": 988052, "raw_key_size": 24600227, "raw_average_key_size": 41, "raw_value_size": 56774850, "raw_average_value_size": 95, "num_data_blocks": 16742, "num_entries": 597630, "filter_policy_name": "rocksdb.BuiltinBloomFilter", "kDeletedKeys": "0", "kMergeOperands": "0"}}
[12902] 01-07 03:54:44,927 INFO [RocksDB][db/compaction_job.cc:1287] [0] [JOB 13] Compacted 1@1 files to L2 => 68584976 bytes
[12902] 01-07 03:54:44,929 INFO [RocksDB](Original Log Time 2020/01/07-03:54:44.929271) [db/compaction_job.cc:685] [0] compacted to: base level 1 max bytes base 536870912 files[0 13 6 0 0 0 0] max score 1.63, MB/sec: 52.9 rd, 52.6 wr, level 2, files in(1, 0) out(1) MB in(65.8, 0.0) out(65.4), read-write-amplify(2.0) write-amplify(1.0) OK, records in: 597630, records dropped: 0 output_compression: Snappy

[12902] 01-07 03:54:44,929 INFO [RocksDB](Original Log Time 2020/01/07-03:54:44.929297) EVENT_LOG_v1 {"time_micros": 1578369284929280, "job": 13, "event": "compaction_finished", "compaction_time_micros": 1303051, "output_level": 2, "num_output_files": 1, "total_output_size": 68584976, "num_input_records": 597630, "num_output_records": 597630, "num_subcompactions": 1, "output_compression": "Snappy", "num_single_delete_mismatches": 0, "num_single_delete_fallthrough": 0, "lsm_state": [0, 13, 6, 0, 0, 0, 0]}
[12902] 01-07 03:54:44,936 INFO [RocksDB]EVENT_LOG_v1 {"time_micros": 1578369284936672, "job": 13, "event": "table_file_deletion", "file_number": 34}
[12902] 01-07 03:54:44,936 INFO [RocksDB][db/compaction_job.cc:1531] [0] [JOB 14] Compacting 1@1 files to L2, score 1.63
[12902] 01-07 03:54:44,936 INFO [RocksDB][db/compaction_job.cc:1535] [0] Compaction start summary: Base version 14 Base level 1, inputs: [47(65MB)]

[12902] 01-07 03:54:44,936 INFO [RocksDB]EVENT_LOG_v1 {"time_micros": 1578369284936720, "job": 14, "event": "compaction_started", "compaction_reason": "LevelMaxLevelSize", "files_L1": [47], "score": 1.63393, "input_data_size": 68990068}
[12902] 01-07 03:54:46,239 INFO [RocksDB][db/compaction_job.cc:1211] [0] [JOB 14] Generated table #55: 597635 keys, 68584649 bytes
[12902] 01-07 03:54:46,239 INFO [RocksDB]EVENT_LOG_v1 {"time_micros": 1578369286239047, "cf_name": "0", "job": 14, "event": "table_file_creation", "file_number": 55, "file_size": 68584649, "table_properties": {"data_size": 67111975, "index_size": 889005, "filter_size": 988057, "raw_key_size": 24602142, "raw_average_key_size": 41, "raw_value_size": 56775370, "raw_average_value_size": 95, "num_data_blocks": 16742, "num_entries": 597635, "filter_policy_name": "rocksdb.BuiltinBloomFilter", "kDeletedKeys": "0", "kMergeOperands": "0"}}
[12902] 01-07 03:54:46,240 INFO [RocksDB][db/compaction_job.cc:1287] [0] [JOB 14] Compacted 1@1 files to L2 => 68584649 bytes
[12902] 01-07 03:54:46,242 INFO [RocksDB](Original Log Time 2020/01/07-03:54:46.242352) [db/compaction_job.cc:685] [0] compacted to: base level 1 max bytes base 536870912 files[0 12 7 0 0 0 0] max score 1.51, MB/sec: 52.9 rd, 52.6 wr, level 2, files in(1, 0) out(1) MB in(65.8, 0.0) out(65.4), read-write-amplify(2.0) write-amplify(1.0) OK, records in: 597635, records dropped: 0 output_compression: Snappy

[12902] 01-07 03:54:46,242 INFO [RocksDB](Original Log Time 2020/01/07-03:54:46.242376) EVENT_LOG_v1 {"time_micros": 1578369286242360, "job": 14, "event": "compaction_finished", "compaction_time_micros": 1303617, "output_level": 2, "num_output_files": 1, "total_output_size": 68584649, "num_input_records": 597635, "num_output_records": 597635, "num_subcompactions": 1, "output_compression": "Snappy", "num_single_delete_mismatches": 0, "num_single_delete_fallthrough": 0, "lsm_state": [0, 12, 7, 0, 0, 0, 0]}
[12902] 01-07 03:54:46,248 INFO [RocksDB]EVENT_LOG_v1 {"time_micros": 1578369286248746, "job": 14, "event": "table_file_deletion", "file_number": 47}
[12902] 01-07 03:54:46,248 INFO [RocksDB][db/compaction_job.cc:1531] [0] [JOB 15] Compacting 1@1 files to L2, score 1.51
[12902] 01-07 03:54:46,248 INFO [RocksDB][db/compaction_job.cc:1535] [0] Compaction start summary: Base version 15 Base level 1, inputs: [41(65MB)]

[12902] 01-07 03:54:46,248 INFO [RocksDB]EVENT_LOG_v1 {"time_micros": 1578369286248795, "job": 15, "event": "compaction_started", "compaction_reason": "LevelMaxLevelSize", "files_L1": [41], "score": 1.50543, "input_data_size": 68989846}
[12902] 01-07 03:54:47,546 INFO [RocksDB][db/compaction_job.cc:1211] [0] [JOB 15] Generated table #56: 597602 keys, 68584712 bytes
[12902] 01-07 03:54:47,546 INFO [RocksDB]EVENT_LOG_v1 {"time_micros": 1578369287546127, "cf_name": "0", "job": 15, "event": "table_file_creation", "file_number": 56, "file_size": 68584712, "table_properties": {"data_size": 67111546, "index_size": 889242, "filter_size": 988027, "raw_key_size": 24598681, "raw_average_key_size": 41, "raw_value_size": 56772235, "raw_average_value_size": 95, "num_data_blocks": 16743, "num_entries": 597602, "filter_policy_name": "rocksdb.BuiltinBloomFilter", "kDeletedKeys": "0", "kMergeOperands": "0"}}
[12902] 01-07 03:54:47,547 INFO [RocksDB][db/compaction_job.cc:1287] [0] [JOB 15] Compacted 1@1 files to L2 => 68584712 bytes
[12902] 01-07 03:54:47,549 INFO [RocksDB](Original Log Time 2020/01/07-03:54:47.549110) [db/compaction_job.cc:685] [0] compacted to: base level 1 max bytes base 536870912 files[0 11 8 0 0 0 0] max score 1.38, MB/sec: 53.1 rd, 52.8 wr, level 2, files in(1, 0) out(1) MB in(65.8, 0.0) out(65.4), read-write-amplify(2.0) write-amplify(1.0) OK, records in: 597602, records dropped: 0 output_compression: Snappy

[12902] 01-07 03:54:47,549 INFO [RocksDB](Original Log Time 2020/01/07-03:54:47.549125) EVENT_LOG_v1 {"time_micros": 1578369287549119, "job": 15, "event": "compaction_finished", "compaction_time_micros": 1298558, "output_level": 2, "num_output_files": 1, "total_output_size": 68584712, "num_input_records": 597602, "num_output_records": 597602, "num_subcompactions": 1, "output_compression": "Snappy", "num_single_delete_mismatches": 0, "num_single_delete_fallthrough": 0, "lsm_state": [0, 11, 8, 0, 0, 0, 0]}
[12902] 01-07 03:54:47,556 INFO [RocksDB]EVENT_LOG_v1 {"time_micros": 1578369287556217, "job": 15, "event": "table_file_deletion", "file_number": 41}
[12902] 01-07 03:54:47,556 INFO [RocksDB][db/compaction_job.cc:1531] [0] [JOB 16] Compacting 1@1 files to L2, score 1.38
[12902] 01-07 03:54:47,556 INFO [RocksDB][db/compaction_job.cc:1535] [0] Compaction start summary: Base version 16 Base level 1, inputs: [44(65MB)]

[12902] 01-07 03:54:47,556 INFO [RocksDB]EVENT_LOG_v1 {"time_micros": 1578369287556264, "job": 16, "event": "compaction_started", "compaction_reason": "LevelMaxLevelSize", "files_L1": [44], "score": 1.37693, "input_data_size": 68988964}
[12902] 01-07 03:54:48,863 INFO [RocksDB][db/compaction_job.cc:1211] [0] [JOB 16] Generated table #57: 597621 keys, 68584167 bytes
[12902] 01-07 03:54:48,863 INFO [RocksDB]EVENT_LOG_v1 {"time_micros": 1578369288863651, "cf_name": "0", "job": 16, "event": "table_file_creation", "file_number": 57, "file_size": 68584167, "table_properties": {"data_size": 67111108, "index_size": 888793, "filter_size": 988032, "raw_key_size": 24601144, "raw_average_key_size": 41, "raw_value_size": 56774013, "raw_average_value_size": 95, "num_data_blocks": 16741, "num_entries": 597621, "filter_policy_name": "rocksdb.BuiltinBloomFilter", "kDeletedKeys": "0", "kMergeOperands": "0"}}
[12902] 01-07 03:54:48,864 INFO [RocksDB][db/compaction_job.cc:1287] [0] [JOB 16] Compacted 1@1 files to L2 => 68584167 bytes
[12902] 01-07 03:54:48,866 INFO [RocksDB](Original Log Time 2020/01/07-03:54:48.866487) [db/compaction_job.cc:685] [0] compacted to: base level 1 max bytes base 536870912 files[0 10 9 0 0 0 0] max score 1.25, MB/sec: 52.7 rd, 52.4 wr, level 2, files in(1, 0) out(1) MB in(65.8, 0.0) out(65.4), read-write-amplify(2.0) write-amplify(1.0) OK, records in: 597621, records dropped: 0 output_compression: Snappy

[12902] 01-07 03:54:48,866 INFO [RocksDB](Original Log Time 2020/01/07-03:54:48.866501) EVENT_LOG_v1 {"time_micros": 1578369288866496, "job": 16, "event": "compaction_finished", "compaction_time_micros": 1308609, "output_level": 2, "num_output_files": 1, "total_output_size": 68584167, "num_input_records": 597621, "num_output_records": 597621, "num_subcompactions": 1, "output_compression": "Snappy", "num_single_delete_mismatches": 0, "num_single_delete_fallthrough": 0, "lsm_state": [0, 10, 9, 0, 0, 0, 0]}
[12902] 01-07 03:54:48,873 INFO [RocksDB]EVENT_LOG_v1 {"time_micros": 1578369288873066, "job": 16, "event": "table_file_deletion", "file_number": 44}
[12902] 01-07 03:54:48,873 INFO [RocksDB][db/compaction_job.cc:1531] [0] [JOB 17] Compacting 1@1 files to L2, score 1.25
[12902] 01-07 03:54:48,873 INFO [RocksDB][db/compaction_job.cc:1535] [0] Compaction start summary: Base version 17 Base level 1, inputs: [45(65MB)]

[12902] 01-07 03:54:48,873 INFO [RocksDB]EVENT_LOG_v1 {"time_micros": 1578369288873113, "job": 17, "event": "compaction_started", "compaction_reason": "LevelMaxLevelSize", "files_L1": [45], "score": 1.24842, "input_data_size": 68988667}
