[11663] 01-07 03:47:37,513 INFO [RocksDB]RocksDB version: 5.14.2

[11663] 01-07 03:47:37,519 INFO [RocksDB]Git sha rocksdb_build_git_sha:fc00d54a097e35332052f4c39c3229d413a023b6
[11663] 01-07 03:47:37,519 INFO [RocksDB]Compile date Jan  7 2020
[11663] 01-07 03:47:37,519 INFO [RocksDB]DB SUMMARY

[11663] 01-07 03:47:37,519 INFO [RocksDB]SST files in /home/ubuntu/ardb/data/rocksdb dir, Total Num: 0, files: 

[11663] 01-07 03:47:37,519 INFO [RocksDB]Write Ahead Log file in /home/ubuntu/ardb/data/rocksdb: 

[11663] 01-07 03:47:37,519 INFO [RocksDB]                        Options.error_if_exists: 0
[11663] 01-07 03:47:37,519 INFO [RocksDB]                      Options.create_if_missing: 1
[11663] 01-07 03:47:37,519 INFO [RocksDB]                        Options.paranoid_checks: 1
[11663] 01-07 03:47:37,519 INFO [RocksDB]                                    Options.env: 0xbf86c0
[11663] 01-07 03:47:37,519 INFO [RocksDB]                               Options.info_log: 0x7f6c3de3f8a0
[11663] 01-07 03:47:37,519 INFO [RocksDB]               Options.max_file_opening_threads: 16
[11663] 01-07 03:47:37,519 INFO [RocksDB]                             Options.statistics: (nil)
[11663] 01-07 03:47:37,519 INFO [RocksDB]                              Options.use_fsync: 0
[11663] 01-07 03:47:37,519 INFO [RocksDB]                      Options.max_log_file_size: 0
[11663] 01-07 03:47:37,519 INFO [RocksDB]                 Options.max_manifest_file_size: 18446744073709551615
[11663] 01-07 03:47:37,519 INFO [RocksDB]                  Options.log_file_time_to_roll: 0
[11663] 01-07 03:47:37,519 INFO [RocksDB]                      Options.keep_log_file_num: 1000
[11663] 01-07 03:47:37,519 INFO [RocksDB]                   Options.recycle_log_file_num: 0
[11663] 01-07 03:47:37,519 INFO [RocksDB]                        Options.allow_fallocate: 1
[11663] 01-07 03:47:37,519 INFO [RocksDB]                       Options.allow_mmap_reads: 0
[11663] 01-07 03:47:37,519 INFO [RocksDB]                      Options.allow_mmap_writes: 0
[11663] 01-07 03:47:37,519 INFO [RocksDB]                       Options.use_direct_reads: 0
[11663] 01-07 03:47:37,519 INFO [RocksDB]                       Options.use_direct_io_for_flush_and_compaction: 0
[11663] 01-07 03:47:37,519 INFO [RocksDB]         Options.create_missing_column_families: 0
[11663] 01-07 03:47:37,519 INFO [RocksDB]                             Options.db_log_dir: 
[11663] 01-07 03:47:37,519 INFO [RocksDB]                                Options.wal_dir: /home/ubuntu/ardb/data/rocksdb
[11663] 01-07 03:47:37,519 INFO [RocksDB]               Options.table_cache_numshardbits: 6
[11663] 01-07 03:47:37,519 INFO [RocksDB]                     Options.max_subcompactions: 1
[11663] 01-07 03:47:37,519 INFO [RocksDB]                 Options.max_background_flushes: -1
[11663] 01-07 03:47:37,519 INFO [RocksDB]                        Options.WAL_ttl_seconds: 0
[11663] 01-07 03:47:37,519 INFO [RocksDB]                      Options.WAL_size_limit_MB: 0
[11663] 01-07 03:47:37,519 INFO [RocksDB]            Options.manifest_preallocation_size: 4194304
[11663] 01-07 03:47:37,519 INFO [RocksDB]                    Options.is_fd_close_on_exec: 1
[11663] 01-07 03:47:37,519 INFO [RocksDB]                  Options.advise_random_on_open: 1
[11663] 01-07 03:47:37,519 INFO [RocksDB]                   Options.db_write_buffer_size: 0
[11663] 01-07 03:47:37,519 INFO [RocksDB]                   Options.write_buffer_manager: 0x7f6c3e5fa7d0
[11663] 01-07 03:47:37,519 INFO [RocksDB]        Options.access_hint_on_compaction_start: 1
[11663] 01-07 03:47:37,519 INFO [RocksDB] Options.new_table_reader_for_compaction_inputs: 0
[11663] 01-07 03:47:37,519 INFO [RocksDB]          Options.random_access_max_buffer_size: 1048576
[11663] 01-07 03:47:37,519 INFO [RocksDB]                     Options.use_adaptive_mutex: 1
[11663] 01-07 03:47:37,519 INFO [RocksDB]                           Options.rate_limiter: 0x7f6c3de38540
[11663] 01-07 03:47:37,519 INFO [RocksDB]    Options.sst_file_manager.rate_bytes_per_sec: 0
[11663] 01-07 03:47:37,519 INFO [RocksDB]                      Options.wal_recovery_mode: 2
[11663] 01-07 03:47:37,519 INFO [RocksDB]                 Options.enable_thread_tracking: 0
[11663] 01-07 03:47:37,519 INFO [RocksDB]                 Options.enable_pipelined_write: 1
[11663] 01-07 03:47:37,519 INFO [RocksDB]        Options.allow_concurrent_memtable_write: 1
[11663] 01-07 03:47:37,519 INFO [RocksDB]     Options.enable_write_thread_adaptive_yield: 1
[11663] 01-07 03:47:37,519 INFO [RocksDB]            Options.write_thread_max_yield_usec: 100
[11663] 01-07 03:47:37,519 INFO [RocksDB]           Options.write_thread_slow_yield_usec: 3
[11663] 01-07 03:47:37,519 INFO [RocksDB]                              Options.row_cache: None
[11663] 01-07 03:47:37,519 INFO [RocksDB]                             Options.wal_filter: None
[11663] 01-07 03:47:37,519 INFO [RocksDB]            Options.avoid_flush_during_recovery: 0
[11663] 01-07 03:47:37,519 INFO [RocksDB]            Options.allow_ingest_behind: 0
[11663] 01-07 03:47:37,519 INFO [RocksDB]            Options.preserve_deletes: 0
[11663] 01-07 03:47:37,519 INFO [RocksDB]            Options.two_write_queues: 0
[11663] 01-07 03:47:37,519 INFO [RocksDB]            Options.manual_wal_flush: 0
[11663] 01-07 03:47:37,519 INFO [RocksDB]            Options.max_background_jobs: 16
[11663] 01-07 03:47:37,519 INFO [RocksDB]            Options.max_background_compactions: -1
[11663] 01-07 03:47:37,519 INFO [RocksDB]            Options.avoid_flush_during_shutdown: 0
[11663] 01-07 03:47:37,519 INFO [RocksDB]          Options.writable_file_max_buffer_size: 1048576
[11663] 01-07 03:47:37,519 INFO [RocksDB]            Options.delayed_write_rate : 52428800
[11663] 01-07 03:47:37,519 INFO [RocksDB]            Options.max_total_wal_size: 0
[11663] 01-07 03:47:37,519 INFO [RocksDB]            Options.delete_obsolete_files_period_micros: 21600000000
[11663] 01-07 03:47:37,519 INFO [RocksDB]                  Options.stats_dump_period_sec: 100000
[11663] 01-07 03:47:37,519 INFO [RocksDB]                         Options.max_open_files: 1024
[11663] 01-07 03:47:37,519 INFO [RocksDB]                         Options.bytes_per_sync: 1048576
[11663] 01-07 03:47:37,519 INFO [RocksDB]                     Options.wal_bytes_per_sync: 0
[11663] 01-07 03:47:37,519 INFO [RocksDB]      Options.compaction_readahead_size: 0
[11663] 01-07 03:47:37,519 INFO [RocksDB]Compression algorithms supported:
[11663] 01-07 03:47:37,519 INFO [RocksDB]	kZSTDNotFinalCompression supported: 0
[11663] 01-07 03:47:37,519 INFO [RocksDB]	kZSTD supported: 0
[11663] 01-07 03:47:37,519 INFO [RocksDB]	kXpressCompression supported: 0
[11663] 01-07 03:47:37,519 INFO [RocksDB]	kLZ4HCCompression supported: 0
[11663] 01-07 03:47:37,519 INFO [RocksDB]	kLZ4Compression supported: 0
[11663] 01-07 03:47:37,519 INFO [RocksDB]	kBZip2Compression supported: 0
[11663] 01-07 03:47:37,519 INFO [RocksDB]	kZlibCompression supported: 1
[11663] 01-07 03:47:37,519 INFO [RocksDB]	kSnappyCompression supported: 1
[11663] 01-07 03:47:37,519 INFO [RocksDB]Fast CRC32 supported: Supported on x86
[11663] 01-07 03:47:37,519 INFO [RocksDB][db/db_impl_open.cc:222] Creating manifest 1 

[11663] 01-07 03:47:37,527 INFO [RocksDB][db/version_set.cc:3085] Recovering from manifest file: MANIFEST-000001

[11663] 01-07 03:47:37,528 INFO [RocksDB][db/column_family.cc:475] --------------- Options for column family [default]:

[11663] 01-07 03:47:37,528 INFO [RocksDB]              Options.comparator: ardb.comparator
[11663] 01-07 03:47:37,528 INFO [RocksDB]          Options.merge_operator: ardb.merger
[11663] 01-07 03:47:37,528 INFO [RocksDB]       Options.compaction_filter: None
[11663] 01-07 03:47:37,528 INFO [RocksDB]       Options.compaction_filter_factory: ardb.compact_filter_factory
[11663] 01-07 03:47:37,528 INFO [RocksDB]        Options.memtable_factory: SkipListFactory
[11663] 01-07 03:47:37,528 INFO [RocksDB]           Options.table_factory: BlockBasedTable
[11663] 01-07 03:47:37,528 INFO [RocksDB]           table_factory options:   flush_block_policy_factory: FlushBlockBySizePolicyFactory (0x7f6c3e408018)
  cache_index_and_filter_blocks: 0
  cache_index_and_filter_blocks_with_high_priority: 0
  pin_l0_filter_and_index_blocks_in_cache: 0
  index_type: 0
  hash_index_allow_collision: 1
  checksum: 1
  no_block_cache: 0
  block_cache: 0x7f6c3e481cf0
  block_cache_name: LRUCache
  block_cache_options:
    capacity : 536870912
    num_shard_bits : 6
    strict_capacity_limit : 0
    high_pri_pool_ratio: 0.000
  block_cache_compressed: (nil)
  persistent_cache: (nil)
  block_size: 4096
  block_size_deviation: 10
  block_restart_interval: 16
  index_block_restart_interval: 1
  metadata_block_size: 4096
  partition_filters: 0
  use_delta_encoding: 1
  filter_policy: rocksdb.BuiltinBloomFilter
  whole_key_filtering: 1
  verify_compression: 0
  read_amp_bytes_per_bit: 0
  format_version: 2
  enable_index_compression: 1
  block_align: 0

[11663] 01-07 03:47:37,528 INFO [RocksDB]       Options.write_buffer_size: 268435456
[11663] 01-07 03:47:37,528 INFO [RocksDB] Options.max_write_buffer_number: 6
[11663] 01-07 03:47:37,528 INFO [RocksDB]       Options.compression[0]: NoCompression
[11663] 01-07 03:47:37,528 INFO [RocksDB]       Options.compression[1]: NoCompression
[11663] 01-07 03:47:37,528 INFO [RocksDB]       Options.compression[2]: Snappy
[11663] 01-07 03:47:37,528 INFO [RocksDB]       Options.compression[3]: Snappy
[11663] 01-07 03:47:37,528 INFO [RocksDB]       Options.compression[4]: Snappy
[11663] 01-07 03:47:37,528 INFO [RocksDB]       Options.compression[5]: Snappy
[11663] 01-07 03:47:37,528 INFO [RocksDB]       Options.compression[6]: Snappy
[11663] 01-07 03:47:37,528 INFO [RocksDB]                 Options.bottommost_compression: Disabled
[11663] 01-07 03:47:37,528 INFO [RocksDB]      Options.prefix_extractor: ardb.prefix_extractor
[11663] 01-07 03:47:37,528 INFO [RocksDB]  Options.memtable_insert_with_hint_prefix_extractor: nullptr
[11663] 01-07 03:47:37,528 INFO [RocksDB]            Options.num_levels: 7
[11663] 01-07 03:47:37,528 INFO [RocksDB]       Options.min_write_buffer_number_to_merge: 2
[11663] 01-07 03:47:37,528 INFO [RocksDB]    Options.max_write_buffer_number_to_maintain: 0
[11663] 01-07 03:47:37,528 INFO [RocksDB]           Options.compression_opts.window_bits: -14
[11663] 01-07 03:47:37,528 INFO [RocksDB]                 Options.compression_opts.level: -1
[11663] 01-07 03:47:37,528 INFO [RocksDB]              Options.compression_opts.strategy: 0
[11663] 01-07 03:47:37,528 INFO [RocksDB]        Options.compression_opts.max_dict_bytes: 0
[11663] 01-07 03:47:37,528 INFO [RocksDB]        Options.compression_opts.zstd_max_train_bytes: 0
[11663] 01-07 03:47:37,528 INFO [RocksDB]     Options.level0_file_num_compaction_trigger: 2
[11663] 01-07 03:47:37,528 INFO [RocksDB]         Options.level0_slowdown_writes_trigger: 20
[11663] 01-07 03:47:37,528 INFO [RocksDB]             Options.level0_stop_writes_trigger: 36
[11663] 01-07 03:47:37,528 INFO [RocksDB]                  Options.target_file_size_base: 67108864
[11663] 01-07 03:47:37,528 INFO [RocksDB]            Options.target_file_size_multiplier: 1
[11663] 01-07 03:47:37,528 INFO [RocksDB]               Options.max_bytes_for_level_base: 536870912
[11663] 01-07 03:47:37,528 INFO [RocksDB]Options.level_compaction_dynamic_level_bytes: 0
[11663] 01-07 03:47:37,528 INFO [RocksDB]         Options.max_bytes_for_level_multiplier: 10.000000
[11663] 01-07 03:47:37,528 INFO [RocksDB]Options.max_bytes_for_level_multiplier_addtl[0]: 1
[11663] 01-07 03:47:37,528 INFO [RocksDB]Options.max_bytes_for_level_multiplier_addtl[1]: 1
[11663] 01-07 03:47:37,528 INFO [RocksDB]Options.max_bytes_for_level_multiplier_addtl[2]: 1
[11663] 01-07 03:47:37,528 INFO [RocksDB]Options.max_bytes_for_level_multiplier_addtl[3]: 1
[11663] 01-07 03:47:37,528 INFO [RocksDB]Options.max_bytes_for_level_multiplier_addtl[4]: 1
[11663] 01-07 03:47:37,528 INFO [RocksDB]Options.max_bytes_for_level_multiplier_addtl[5]: 1
[11663] 01-07 03:47:37,528 INFO [RocksDB]Options.max_bytes_for_level_multiplier_addtl[6]: 1
[11663] 01-07 03:47:37,528 INFO [RocksDB]      Options.max_sequential_skip_in_iterations: 8
[11663] 01-07 03:47:37,528 INFO [RocksDB]                   Options.max_compaction_bytes: 1677721600
[11663] 01-07 03:47:37,528 INFO [RocksDB]                       Options.arena_block_size: 33554432
[11663] 01-07 03:47:37,528 INFO [RocksDB]  Options.soft_pending_compaction_bytes_limit: 68719476736
[11663] 01-07 03:47:37,528 INFO [RocksDB]  Options.hard_pending_compaction_bytes_limit: 274877906944
[11663] 01-07 03:47:37,528 INFO [RocksDB]      Options.rate_limit_delay_max_milliseconds: 100
[11663] 01-07 03:47:37,528 INFO [RocksDB]               Options.disable_auto_compactions: 0
[11663] 01-07 03:47:37,528 INFO [RocksDB]                       Options.compaction_style: kCompactionStyleLevel
[11663] 01-07 03:47:37,528 INFO [RocksDB]                         Options.compaction_pri: kByCompensatedSize
[11663] 01-07 03:47:37,528 INFO [RocksDB]Options.compaction_options_universal.size_ratio: 1
[11663] 01-07 03:47:37,528 INFO [RocksDB]Options.compaction_options_universal.min_merge_width: 2
[11663] 01-07 03:47:37,528 INFO [RocksDB]Options.compaction_options_universal.max_merge_width: 4294967295
[11663] 01-07 03:47:37,528 INFO [RocksDB]Options.compaction_options_universal.max_size_amplification_percent: 200
[11663] 01-07 03:47:37,528 INFO [RocksDB]Options.compaction_options_universal.compression_size_percent: -1
[11663] 01-07 03:47:37,528 INFO [RocksDB]Options.compaction_options_universal.stop_style: kCompactionStopStyleTotalSize
[11663] 01-07 03:47:37,528 INFO [RocksDB]Options.compaction_options_fifo.max_table_files_size: 1073741824
[11663] 01-07 03:47:37,528 INFO [RocksDB]Options.compaction_options_fifo.allow_compaction: 0
[11663] 01-07 03:47:37,528 INFO [RocksDB]Options.compaction_options_fifo.ttl: 0
[11663] 01-07 03:47:37,528 INFO [RocksDB]                  Options.table_properties_collectors: 
[11663] 01-07 03:47:37,528 INFO [RocksDB]                  Options.inplace_update_support: 0
[11663] 01-07 03:47:37,528 INFO [RocksDB]                Options.inplace_update_num_locks: 10000
[11663] 01-07 03:47:37,528 INFO [RocksDB]              Options.memtable_prefix_bloom_size_ratio: 0.000000
[11663] 01-07 03:47:37,528 INFO [RocksDB]  Options.memtable_huge_page_size: 0
[11663] 01-07 03:47:37,528 INFO [RocksDB]                          Options.bloom_locality: 0
[11663] 01-07 03:47:37,528 INFO [RocksDB]                   Options.max_successive_merges: 0
[11663] 01-07 03:47:37,528 INFO [RocksDB]               Options.optimize_filters_for_hits: 0
[11663] 01-07 03:47:37,528 INFO [RocksDB]               Options.paranoid_file_checks: 0
[11663] 01-07 03:47:37,528 INFO [RocksDB]               Options.force_consistency_checks: 0
[11663] 01-07 03:47:37,528 INFO [RocksDB]               Options.report_bg_io_stats: 0
[11663] 01-07 03:47:37,528 INFO [RocksDB]                              Options.ttl: 0
[11663] 01-07 03:47:37,528 INFO [RocksDB][db/version_set.cc:3361] Recovered from manifest file:/home/ubuntu/ardb/data/rocksdb/MANIFEST-000001 succeeded,manifest_file_number is 1, next_file_number is 3, last_sequence is 0, log_number is 0,prev_log_number is 0,max_column_family is 0,min_log_number_to_keep is 0

[11663] 01-07 03:47:37,528 INFO [RocksDB][db/version_set.cc:3369] Column family [default] (ID 0), log number is 0

[11663] 01-07 03:47:37,532 INFO [RocksDB][db/db_impl_open.cc:1219] DB pointer 0x7f6c3ddbe000
[11663] 01-07 03:47:37,532 INFO Ardb init engine:rocksdb success.
[11663] 01-07 03:47:37,535 INFO Ardb will accept connections on 0.0.0.0:16379
[11663] 01-07 03:47:37,535 INFO Ardb started with version 0.10.0
[11663] 01-07 03:47:38,536 INFO ========================Period Statistics Dump Begin===========================
[11663] 01-07 03:47:38,536 INFO slave_sync_total_commands_processed:0
[11663] 01-07 03:47:38,536 INFO slave_sync_instantaneous_ops_per_sec:0
[11663] 01-07 03:47:38,536 INFO total_commands_processed:0
[11663] 01-07 03:47:38,536 INFO instantaneous_ops_per_sec:0
[11663] 01-07 03:47:38,536 INFO total_connections_received:0
[11663] 01-07 03:47:38,536 INFO rejected_connections:0
[11663] 01-07 03:47:38,536 INFO ========================Period Statistics Dump End===========================
[11663] 01-07 03:47:50,101 INFO [RocksDB][db/version_set.cc:2847] Creating manifest 6

[11663] 01-07 03:47:50,107 INFO [RocksDB][db/column_family.cc:475] --------------- Options for column family [0]:

[11663] 01-07 03:47:50,107 INFO [RocksDB]              Options.comparator: ardb.comparator
[11663] 01-07 03:47:50,107 INFO [RocksDB]          Options.merge_operator: ardb.merger
[11663] 01-07 03:47:50,107 INFO [RocksDB]       Options.compaction_filter: None
[11663] 01-07 03:47:50,107 INFO [RocksDB]       Options.compaction_filter_factory: ardb.compact_filter_factory
[11663] 01-07 03:47:50,107 INFO [RocksDB]        Options.memtable_factory: SkipListFactory
[11663] 01-07 03:47:50,107 INFO [RocksDB]           Options.table_factory: BlockBasedTable
[11663] 01-07 03:47:50,107 INFO [RocksDB]           table_factory options:   flush_block_policy_factory: FlushBlockBySizePolicyFactory (0x7f6c3e408018)
  cache_index_and_filter_blocks: 0
  cache_index_and_filter_blocks_with_high_priority: 0
  pin_l0_filter_and_index_blocks_in_cache: 0
  index_type: 0
  hash_index_allow_collision: 1
  checksum: 1
  no_block_cache: 0
  block_cache: 0x7f6c3e481cf0
  block_cache_name: LRUCache
  block_cache_options:
    capacity : 536870912
    num_shard_bits : 6
    strict_capacity_limit : 0
    high_pri_pool_ratio: 0.000
  block_cache_compressed: (nil)
  persistent_cache: (nil)
  block_size: 4096
  block_size_deviation: 10
  block_restart_interval: 16
  index_block_restart_interval: 1
  metadata_block_size: 4096
  partition_filters: 0
  use_delta_encoding: 1
  filter_policy: rocksdb.BuiltinBloomFilter
  whole_key_filtering: 1
  verify_compression: 0
  read_amp_bytes_per_bit: 0
  format_version: 2
  enable_index_compression: 1
  block_align: 0

[11663] 01-07 03:47:50,107 INFO [RocksDB]       Options.write_buffer_size: 268435456
[11663] 01-07 03:47:50,107 INFO [RocksDB] Options.max_write_buffer_number: 6
[11663] 01-07 03:47:50,107 INFO [RocksDB]       Options.compression[0]: NoCompression
[11663] 01-07 03:47:50,107 INFO [RocksDB]       Options.compression[1]: NoCompression
[11663] 01-07 03:47:50,107 INFO [RocksDB]       Options.compression[2]: Snappy
[11663] 01-07 03:47:50,107 INFO [RocksDB]       Options.compression[3]: Snappy
[11663] 01-07 03:47:50,107 INFO [RocksDB]       Options.compression[4]: Snappy
[11663] 01-07 03:47:50,107 INFO [RocksDB]       Options.compression[5]: Snappy
[11663] 01-07 03:47:50,107 INFO [RocksDB]       Options.compression[6]: Snappy
[11663] 01-07 03:47:50,107 INFO [RocksDB]                 Options.bottommost_compression: Disabled
[11663] 01-07 03:47:50,107 INFO [RocksDB]      Options.prefix_extractor: ardb.prefix_extractor
[11663] 01-07 03:47:50,107 INFO [RocksDB]  Options.memtable_insert_with_hint_prefix_extractor: nullptr
[11663] 01-07 03:47:50,107 INFO [RocksDB]            Options.num_levels: 7
[11663] 01-07 03:47:50,107 INFO [RocksDB]       Options.min_write_buffer_number_to_merge: 2
[11663] 01-07 03:47:50,107 INFO [RocksDB]    Options.max_write_buffer_number_to_maintain: 0
[11663] 01-07 03:47:50,107 INFO [RocksDB]           Options.compression_opts.window_bits: -14
[11663] 01-07 03:47:50,107 INFO [RocksDB]                 Options.compression_opts.level: -1
[11663] 01-07 03:47:50,107 INFO [RocksDB]              Options.compression_opts.strategy: 0
[11663] 01-07 03:47:50,107 INFO [RocksDB]        Options.compression_opts.max_dict_bytes: 0
[11663] 01-07 03:47:50,107 INFO [RocksDB]        Options.compression_opts.zstd_max_train_bytes: 0
[11663] 01-07 03:47:50,107 INFO [RocksDB]     Options.level0_file_num_compaction_trigger: 2
[11663] 01-07 03:47:50,107 INFO [RocksDB]         Options.level0_slowdown_writes_trigger: 20
[11663] 01-07 03:47:50,107 INFO [RocksDB]             Options.level0_stop_writes_trigger: 36
[11663] 01-07 03:47:50,107 INFO [RocksDB]                  Options.target_file_size_base: 67108864
[11663] 01-07 03:47:50,107 INFO [RocksDB]            Options.target_file_size_multiplier: 1
[11663] 01-07 03:47:50,107 INFO [RocksDB]               Options.max_bytes_for_level_base: 536870912
[11663] 01-07 03:47:50,107 INFO [RocksDB]Options.level_compaction_dynamic_level_bytes: 0
[11663] 01-07 03:47:50,107 INFO [RocksDB]         Options.max_bytes_for_level_multiplier: 10.000000
[11663] 01-07 03:47:50,107 INFO [RocksDB]Options.max_bytes_for_level_multiplier_addtl[0]: 1
[11663] 01-07 03:47:50,107 INFO [RocksDB]Options.max_bytes_for_level_multiplier_addtl[1]: 1
[11663] 01-07 03:47:50,107 INFO [RocksDB]Options.max_bytes_for_level_multiplier_addtl[2]: 1
[11663] 01-07 03:47:50,107 INFO [RocksDB]Options.max_bytes_for_level_multiplier_addtl[3]: 1
[11663] 01-07 03:47:50,107 INFO [RocksDB]Options.max_bytes_for_level_multiplier_addtl[4]: 1
[11663] 01-07 03:47:50,107 INFO [RocksDB]Options.max_bytes_for_level_multiplier_addtl[5]: 1
[11663] 01-07 03:47:50,107 INFO [RocksDB]Options.max_bytes_for_level_multiplier_addtl[6]: 1
[11663] 01-07 03:47:50,107 INFO [RocksDB]      Options.max_sequential_skip_in_iterations: 8
[11663] 01-07 03:47:50,107 INFO [RocksDB]                   Options.max_compaction_bytes: 1677721600
[11663] 01-07 03:47:50,107 INFO [RocksDB]                       Options.arena_block_size: 33554432
[11663] 01-07 03:47:50,107 INFO [RocksDB]  Options.soft_pending_compaction_bytes_limit: 68719476736
[11663] 01-07 03:47:50,107 INFO [RocksDB]  Options.hard_pending_compaction_bytes_limit: 274877906944
[11663] 01-07 03:47:50,107 INFO [RocksDB]      Options.rate_limit_delay_max_milliseconds: 100
[11663] 01-07 03:47:50,107 INFO [RocksDB]               Options.disable_auto_compactions: 0
[11663] 01-07 03:47:50,107 INFO [RocksDB]                       Options.compaction_style: kCompactionStyleLevel
[11663] 01-07 03:47:50,107 INFO [RocksDB]                         Options.compaction_pri: kByCompensatedSize
[11663] 01-07 03:47:50,107 INFO [RocksDB]Options.compaction_options_universal.size_ratio: 1
[11663] 01-07 03:47:50,107 INFO [RocksDB]Options.compaction_options_universal.min_merge_width: 2
[11663] 01-07 03:47:50,107 INFO [RocksDB]Options.compaction_options_universal.max_merge_width: 4294967295
[11663] 01-07 03:47:50,107 INFO [RocksDB]Options.compaction_options_universal.max_size_amplification_percent: 200
[11663] 01-07 03:47:50,107 INFO [RocksDB]Options.compaction_options_universal.compression_size_percent: -1
[11663] 01-07 03:47:50,107 INFO [RocksDB]Options.compaction_options_universal.stop_style: kCompactionStopStyleTotalSize
[11663] 01-07 03:47:50,107 INFO [RocksDB]Options.compaction_options_fifo.max_table_files_size: 1073741824
[11663] 01-07 03:47:50,107 INFO [RocksDB]Options.compaction_options_fifo.allow_compaction: 0
[11663] 01-07 03:47:50,107 INFO [RocksDB]Options.compaction_options_fifo.ttl: 0
[11663] 01-07 03:47:50,107 INFO [RocksDB]                  Options.table_properties_collectors: 
[11663] 01-07 03:47:50,107 INFO [RocksDB]                  Options.inplace_update_support: 0
[11663] 01-07 03:47:50,107 INFO [RocksDB]                Options.inplace_update_num_locks: 10000
[11663] 01-07 03:47:50,107 INFO [RocksDB]              Options.memtable_prefix_bloom_size_ratio: 0.000000
[11663] 01-07 03:47:50,107 INFO [RocksDB]  Options.memtable_huge_page_size: 0
[11663] 01-07 03:47:50,107 INFO [RocksDB]                          Options.bloom_locality: 0
[11663] 01-07 03:47:50,107 INFO [RocksDB]                   Options.max_successive_merges: 0
[11663] 01-07 03:47:50,107 INFO [RocksDB]               Options.optimize_filters_for_hits: 0
[11663] 01-07 03:47:50,107 INFO [RocksDB]               Options.paranoid_file_checks: 0
[11663] 01-07 03:47:50,107 INFO [RocksDB]               Options.force_consistency_checks: 0
[11663] 01-07 03:47:50,107 INFO [RocksDB]               Options.report_bg_io_stats: 0
[11663] 01-07 03:47:50,107 INFO [RocksDB]                              Options.ttl: 0
[11663] 01-07 03:47:50,107 INFO [RocksDB][db/db_impl.cc:1396] Created column family [0] (ID 1)
[11663] 01-07 03:47:50,110 INFO Create ColumnFamilyHandle with name:0 success.
[11663] 01-07 03:47:57,561 INFO [RocksDB][db/db_impl_write.cc:1373] [0] New memtable created with log file: #9. Immutable memtables: 0.

[11663] 01-07 03:48:05,151 INFO [RocksDB][db/db_impl_write.cc:1373] [0] New memtable created with log file: #10. Immutable memtables: 1.

[11663] 01-07 03:48:05,151 INFO [RocksDB][db/db_impl_compaction_flush.cc:80] [JOB 2] Syncing log #3
[11663] 01-07 03:48:06,963 INFO [RocksDB][db/db_impl_compaction_flush.cc:80] [JOB 2] Syncing log #9
[11663] 01-07 03:48:10,376 INFO [RocksDB](Original Log Time 2020/01/07-03:48:05.151932) [db/db_impl_compaction_flush.cc:1424] Calling FlushMemTableToOutputFile with column family [0], flush slots available 4, compaction slots available 1, flush slots scheduled 1, compaction slots scheduled 0
[11663] 01-07 03:48:10,376 INFO [RocksDB][db/flush_job.cc:301] [0] [JOB 2] Flushing memtable with next log file: 9

[11663] 01-07 03:48:10,376 INFO [RocksDB][db/flush_job.cc:301] [0] [JOB 2] Flushing memtable with next log file: 10

[11663] 01-07 03:48:10,376 INFO [RocksDB]EVENT_LOG_v1 {"time_micros": 1578368890376359, "job": 2, "event": "flush_started", "num_memtables": 2, "num_entries": 3410269, "num_deletes": 0, "memory_usage": 520102560, "flush_reason": "Write Buffer Full"}
[11663] 01-07 03:48:10,376 INFO [RocksDB][db/flush_job.cc:331] [0] [JOB 2] Level-0 flush table #11: started
[11663] 01-07 03:48:15,728 INFO [RocksDB][db/db_impl_write.cc:1373] [0] New memtable created with log file: #12. Immutable memtables: 2.

[11663] 01-07 03:48:16,774 INFO [RocksDB]EVENT_LOG_v1 {"time_micros": 1578368896774454, "cf_name": "0", "job": 2, "event": "table_file_creation", "file_number": 11, "file_size": 331599230, "table_properties": {"data_size": 322180629, "index_size": 4323018, "filter_size": 5094541, "raw_key_size": 134203822, "raw_average_key_size": 42, "raw_value_size": 258086771, "raw_average_value_size": 81, "num_data_blocks": 80273, "num_entries": 3166688, "filter_policy_name": "rocksdb.BuiltinBloomFilter", "kDeletedKeys": "0", "kMergeOperands": "0"}}
[11663] 01-07 03:48:16,774 INFO [RocksDB][db/flush_job.cc:371] [0] [JOB 2] Level-0 flush table #11: 331599230 bytes OK
[11663] 01-07 03:48:16,777 INFO [RocksDB](Original Log Time 2020/01/07-03:48:16.775900) [db/memtable_list.cc:377] [0] Level-0 commit table #11 started
[11663] 01-07 03:48:16,777 INFO [RocksDB](Original Log Time 2020/01/07-03:48:16.777534) [db/memtable_list.cc:409] [0] Level-0 commit table #11: memtable #1 done
[11663] 01-07 03:48:16,777 INFO [RocksDB](Original Log Time 2020/01/07-03:48:16.777538) [db/memtable_list.cc:409] [0] Level-0 commit table #11: memtable #2 done
[11663] 01-07 03:48:16,777 INFO [RocksDB](Original Log Time 2020/01/07-03:48:16.777548) EVENT_LOG_v1 {"time_micros": 1578368896777543, "job": 2, "event": "flush_finished", "output_compression": "NoCompression", "lsm_state": [1, 0, 0, 0, 0, 0, 0], "immutable_memtables": 1}
[11663] 01-07 03:48:16,777 INFO [RocksDB](Original Log Time 2020/01/07-03:48:16.777571) [db/db_impl_compaction_flush.cc:177] [0] Level summary: base level 1 max bytes base 536870912 files[1 0 0 0 0 0 0] max score 0.62

[11663] 01-07 03:48:16,777 INFO [RocksDB][db/db_impl_files.cc:342] [JOB 2] Try to delete WAL files size 402682063, prev total WAL file size 625210162, number of live WAL files 4.

[11663] 01-07 03:48:24,899 INFO [RocksDB][db/db_impl_write.cc:1373] [0] New memtable created with log file: #13. Immutable memtables: 1.

[11663] 01-07 03:48:24,899 INFO [RocksDB][db/db_impl_compaction_flush.cc:80] [JOB 3] Syncing log #10
[11663] 01-07 03:48:25,512 INFO [RocksDB][db/db_impl_compaction_flush.cc:80] [JOB 3] Syncing log #12
[11663] 01-07 03:48:26,981 INFO [RocksDB](Original Log Time 2020/01/07-03:48:24.899098) [db/db_impl_compaction_flush.cc:1424] Calling FlushMemTableToOutputFile with column family [0], flush slots available 4, compaction slots available 1, flush slots scheduled 1, compaction slots scheduled 0
[11663] 01-07 03:48:26,981 INFO [RocksDB][db/flush_job.cc:301] [0] [JOB 3] Flushing memtable with next log file: 12

[11663] 01-07 03:48:26,981 INFO [RocksDB][db/flush_job.cc:301] [0] [JOB 3] Flushing memtable with next log file: 13

[11663] 01-07 03:48:26,981 INFO [RocksDB]EVENT_LOG_v1 {"time_micros": 1578368906981922, "job": 3, "event": "flush_started", "num_memtables": 2, "num_entries": 3356797, "num_deletes": 0, "memory_usage": 520101088, "flush_reason": "Write Buffer Full"}
[11663] 01-07 03:48:26,981 INFO [RocksDB][db/flush_job.cc:331] [0] [JOB 3] Level-0 flush table #14: started
[11663] 01-07 03:48:33,218 INFO [RocksDB]EVENT_LOG_v1 {"time_micros": 1578368913218425, "cf_name": "0", "job": 3, "event": "table_file_creation", "file_number": 14, "file_size": 326325891, "table_properties": {"data_size": 317056151, "index_size": 4254302, "filter_size": 5014396, "raw_key_size": 132097110, "raw_average_key_size": 42, "raw_value_size": 254037284, "raw_average_value_size": 81, "num_data_blocks": 79000, "num_entries": 3117026, "filter_policy_name": "rocksdb.BuiltinBloomFilter", "kDeletedKeys": "0", "kMergeOperands": "0"}}
[11663] 01-07 03:48:33,218 INFO [RocksDB][db/flush_job.cc:371] [0] [JOB 3] Level-0 flush table #14: 326325891 bytes OK
[11663] 01-07 03:48:33,221 INFO [RocksDB](Original Log Time 2020/01/07-03:48:33.219576) [db/memtable_list.cc:377] [0] Level-0 commit table #14 started
[11663] 01-07 03:48:33,221 INFO [RocksDB](Original Log Time 2020/01/07-03:48:33.221159) [db/memtable_list.cc:409] [0] Level-0 commit table #14: memtable #1 done
[11663] 01-07 03:48:33,221 INFO [RocksDB](Original Log Time 2020/01/07-03:48:33.221161) [db/memtable_list.cc:409] [0] Level-0 commit table #14: memtable #2 done
[11663] 01-07 03:48:33,221 INFO [RocksDB](Original Log Time 2020/01/07-03:48:33.221188) EVENT_LOG_v1 {"time_micros": 1578368913221171, "job": 3, "event": "flush_finished", "output_compression": "NoCompression", "lsm_state": [2, 0, 0, 0, 0, 0, 0], "immutable_memtables": 0}
[11663] 01-07 03:48:33,221 INFO [RocksDB](Original Log Time 2020/01/07-03:48:33.221204) [db/db_impl_compaction_flush.cc:177] [0] Level summary: base level 1 max bytes base 536870912 files[2 0 0 0 0 0 0] max score 1.23

[11663] 01-07 03:48:33,221 INFO [RocksDB][db/db_impl_files.cc:342] [JOB 3] Try to delete WAL files size 396442495, prev total WAL file size 561784210, number of live WAL files 3.

[11663] 01-07 03:48:33,221 WARN [RocksDB][db/db_impl.cc:491] ------- DUMPING STATS -------
[11663] 01-07 03:48:33,221 WARN [RocksDB][db/db_impl.cc:492] 
** DB Stats **
Uptime(secs): 55.7 total, 55.7 interval
Cumulative writes: 1166K writes, 8167K keys, 1166K commit groups, 1.0 writes per commit group, ingest: 0.90 GB, 16.52 MB/s
Cumulative WAL: 1166K writes, 0 syncs, 1166719.00 writes per sync, written: 0.90 GB, 16.52 MB/s
Cumulative stall: 00:00:0.000 H:M:S, 0.0 percent
Interval writes: 1166K writes, 8167K keys, 1166K commit groups, 1.0 writes per commit group, ingest: 919.79 MB, 16.52 MB/s
Interval WAL: 1166K writes, 0 syncs, 1166719.00 writes per sync, written: 0.90 MB, 16.52 MB/s
Interval stall: 00:00:0.000 H:M:S, 0.0 percent

** Compaction Stats [default] **
Level    Files   Size     Score Read(GB)  Rn(GB) Rnp1(GB) Write(GB) Wnew(GB) Moved(GB) W-Amp Rd(MB/s) Wr(MB/s) Comp(sec) Comp(cnt) Avg(sec) KeyIn KeyDrop
----------------------------------------------------------------------------------------------------------------------------------------------------------
 Sum      0/0    0.00 KB   0.0      0.0     0.0      0.0       0.0     
[11663] 01-07 03:48:33,221 INFO [RocksDB][db/compaction_job.cc:1531] [0] [JOB 4] Compacting 2@0 files to L1, score 1.23
[11663] 01-07 03:48:33,221 INFO [RocksDB][db/compaction_job.cc:1535] [0] Compaction start summary: Base version 4 Base level 0, inputs: [14(311MB) 11(316MB)]

[11663] 01-07 03:48:33,221 INFO [RocksDB]EVENT_LOG_v1 {"time_micros": 1578368913221594, "job": 4, "event": "compaction_started", "compaction_reason": "LevelL0FilesNum", "files_L0": [14, 11], "score": 1.22548, "input_data_size": 657925121}
[11663] 01-07 03:48:34,596 INFO [RocksDB][db/compaction_job.cc:1211] [0] [JOB 4] Generated table #15: 1191397 keys, 69778364 bytes
[11663] 01-07 03:48:34,596 INFO [RocksDB]EVENT_LOG_v1 {"time_micros": 1578368914596121, "cf_name": "0", "job": 4, "event": "table_file_creation", "file_number": 15, "file_size": 69778364, "table_properties": {"data_size": 67111171, "index_size": 976768, "filter_size": 1689394, "raw_key_size": 56741817, "raw_average_key_size": 47, "raw_value_size": 28353898, "raw_average_value_size": 23, "num_data_blocks": 16601, "num_entries": 1191397, "filter_policy_name": "rocksdb.BuiltinBloomFilter", "kDeletedKeys": "0", "kMergeOperands": "0"}}
[11663] 01-07 03:48:35,254 INFO [RocksDB][db/db_impl_write.cc:1373] [0] New memtable created with log file: #17. Immutable memtables: 0.

[11663] 01-07 03:48:35,902 INFO [RocksDB][db/compaction_job.cc:1211] [0] [JOB 4] Generated table #16: 597534 keys, 68989998 bytes
[11663] 01-07 03:48:35,902 INFO [RocksDB]EVENT_LOG_v1 {"time_micros": 1578368915902182, "cf_name": "0", "job": 4, "event": "table_file_creation", "file_number": 16, "file_size": 68989998, "table_properties": {"data_size": 67112712, "index_size": 888335, "filter_size": 987920, "raw_key_size": 24596311, "raw_average_key_size": 41, "raw_value_size": 56765757, "raw_average_value_size": 95, "num_data_blocks": 16740, "num_entries": 597534, "filter_policy_name": "rocksdb.BuiltinBloomFilter", "kDeletedKeys": "0", "kMergeOperands": "0"}}
[11663] 01-07 03:48:37,283 INFO [RocksDB][db/compaction_job.cc:1211] [0] [JOB 4] Generated table #18: 597544 keys, 68990420 bytes
[11663] 01-07 03:48:37,283 INFO [RocksDB]EVENT_LOG_v1 {"time_micros": 1578368917283793, "cf_name": "0", "job": 4, "event": "table_file_creation", "file_number": 18, "file_size": 68990420, "table_properties": {"data_size": 67112977, "index_size": 888489, "filter_size": 987923, "raw_key_size": 24596008, "raw_average_key_size": 41, "raw_value_size": 56766698, "raw_average_value_size": 95, "num_data_blocks": 16739, "num_entries": 597544, "filter_policy_name": "rocksdb.BuiltinBloomFilter", "kDeletedKeys": "0", "kMergeOperands": "0"}}
[11663] 01-07 03:48:38,585 INFO [RocksDB][db/compaction_job.cc:1211] [0] [JOB 4] Generated table #19: 597501 keys, 68987389 bytes
[11663] 01-07 03:48:38,585 INFO [RocksDB]EVENT_LOG_v1 {"time_micros": 1578368918585833, "cf_name": "0", "job": 4, "event": "table_file_creation", "file_number": 19, "file_size": 68987389, "table_properties": {"data_size": 67109832, "index_size": 888649, "filter_size": 987877, "raw_key_size": 24593574, "raw_average_key_size": 41, "raw_value_size": 56762622, "raw_average_value_size": 95, "num_data_blocks": 16740, "num_entries": 597501, "filter_policy_name": "rocksdb.BuiltinBloomFilter", "kDeletedKeys": "0", "kMergeOperands": "0"}}
[11663] 01-07 03:48:39,889 INFO [RocksDB][db/compaction_job.cc:1211] [0] [JOB 4] Generated table #20: 597521 keys, 68987395 bytes
[11663] 01-07 03:48:39,889 INFO [RocksDB]EVENT_LOG_v1 {"time_micros": 1578368919889094, "cf_name": "0", "job": 4, "event": "table_file_creation", "file_number": 20, "file_size": 68987395, "table_properties": {"data_size": 67110366, "index_size": 888106, "filter_size": 987892, "raw_key_size": 24593936, "raw_average_key_size": 41, "raw_value_size": 56764504, "raw_average_value_size": 95, "num_data_blocks": 16739, "num_entries": 597521, "filter_policy_name": "rocksdb.BuiltinBloomFilter", "kDeletedKeys": "0", "kMergeOperands": "0"}}
[11663] 01-07 03:48:41,199 INFO [RocksDB][db/compaction_job.cc:1211] [0] [JOB 4] Generated table #21: 597514 keys, 68988116 bytes
[11663] 01-07 03:48:41,200 INFO [RocksDB]EVENT_LOG_v1 {"time_micros": 1578368921200015, "cf_name": "0", "job": 4, "event": "table_file_creation", "file_number": 21, "file_size": 68988116, "table_properties": {"data_size": 67110463, "index_size": 888739, "filter_size": 987883, "raw_key_size": 24595237, "raw_average_key_size": 41, "raw_value_size": 56763776, "raw_average_value_size": 94, "num_data_blocks": 16739, "num_entries": 597514, "filter_policy_name": "rocksdb.BuiltinBloomFilter", "kDeletedKeys": "0", "kMergeOperands": "0"}}
[11663] 01-07 03:48:42,497 INFO [RocksDB][db/compaction_job.cc:1211] [0] [JOB 4] Generated table #22: 597539 keys, 68988767 bytes
[11663] 01-07 03:48:42,497 INFO [RocksDB]EVENT_LOG_v1 {"time_micros": 1578368922497259, "cf_name": "0", "job": 4, "event": "table_file_creation", "file_number": 22, "file_size": 68988767, "table_properties": {"data_size": 67111607, "index_size": 888211, "filter_size": 987918, "raw_key_size": 24596227, "raw_average_key_size": 41, "raw_value_size": 56766178, "raw_average_value_size": 94, "num_data_blocks": 16739, "num_entries": 597539, "filter_policy_name": "rocksdb.BuiltinBloomFilter", "kDeletedKeys": "0", "kMergeOperands": "0"}}
[11663] 01-07 03:48:43,805 INFO [RocksDB][db/compaction_job.cc:1211] [0] [JOB 4] Generated table #23: 597514 keys, 68988943 bytes
[11663] 01-07 03:48:43,805 INFO [RocksDB]EVENT_LOG_v1 {"time_micros": 1578368923805838, "cf_name": "0", "job": 4, "event": "table_file_creation", "file_number": 23, "file_size": 68988943, "table_properties": {"data_size": 67111295, "index_size": 888712, "filter_size": 987905, "raw_key_size": 24594871, "raw_average_key_size": 41, "raw_value_size": 56763875, "raw_average_value_size": 95, "num_data_blocks": 16741, "num_entries": 597514, "filter_policy_name": "rocksdb.BuiltinBloomFilter", "kDeletedKeys": "0", "kMergeOperands": "0"}}
[11663] 01-07 03:48:44,322 INFO [RocksDB][db/db_impl_write.cc:1373] [0] New memtable created with log file: #25. Immutable memtables: 1.

[11663] 01-07 03:48:44,322 INFO [RocksDB][db/db_impl_compaction_flush.cc:80] [JOB 5] Syncing log #13
[11663] 01-07 03:48:45,717 INFO [RocksDB][db/db_impl_compaction_flush.cc:80] [JOB 5] Syncing log #17
[11663] 01-07 03:48:45,718 INFO [RocksDB][db/compaction_job.cc:1211] [0] [JOB 4] Generated table #24: 597529 keys, 68990222 bytes
[11663] 01-07 03:48:45,718 INFO [RocksDB]EVENT_LOG_v1 {"time_micros": 1578368925718361, "cf_name": "0", "job": 4, "event": "table_file_creation", "file_number": 24, "file_size": 68990222, "table_properties": {"data_size": 67112691, "index_size": 888576, "filter_size": 987924, "raw_key_size": 24594583, "raw_average_key_size": 41, "raw_value_size": 56765237, "raw_average_value_size": 94, "num_data_blocks": 16741, "num_entries": 597529, "filter_policy_name": "rocksdb.BuiltinBloomFilter", "kDeletedKeys": "0", "kMergeOperands": "0"}}
[11663] 01-07 03:48:47,442 INFO [RocksDB][db/compaction_job.cc:1211] [0] [JOB 4] Generated table #27: 312120 keys, 36030711 bytes
[11663] 01-07 03:48:47,442 INFO [RocksDB]EVENT_LOG_v1 {"time_micros": 1578368927442969, "cf_name": "0", "job": 4, "event": "table_file_creation", "file_number": 27, "file_size": 36030711, "table_properties": {"data_size": 35051083, "index_size": 462585, "filter_size": 516013, "raw_key_size": 12798349, "raw_average_key_size": 41, "raw_value_size": 29651454, "raw_average_value_size": 95, "num_data_blocks": 8743, "num_entries": 312120, "filter_policy_name": "rocksdb.BuiltinBloomFilter", "kDeletedKeys": "0", "kMergeOperands": "0"}}
[11663] 01-07 03:48:47,444 INFO [RocksDB][db/compaction_job.cc:1287] [0] [JOB 4] Compacted 2@0 files to L1 => 657720325 bytes
[11663] 01-07 03:48:47,444 INFO [RocksDB](Original Log Time 2020/01/07-03:48:44.322506) [db/db_impl_compaction_flush.cc:1424] Calling FlushMemTableToOutputFile with column family [0], flush slots available 4, compaction slots available 1, flush slots scheduled 1, compaction slots scheduled 1
[11663] 01-07 03:48:47,444 INFO [RocksDB][db/flush_job.cc:301] [0] [JOB 5] Flushing memtable with next log file: 17

[11663] 01-07 03:48:47,444 INFO [RocksDB][db/flush_job.cc:301] [0] [JOB 5] Flushing memtable with next log file: 25

[11663] 01-07 03:48:47,444 INFO [RocksDB]EVENT_LOG_v1 {"time_micros": 1578368927444306, "job": 5, "event": "flush_started", "num_memtables": 2, "num_entries": 3416353, "num_deletes": 0, "memory_usage": 520100624, "flush_reason": "Write Buffer Full"}
[11663] 01-07 03:48:47,444 INFO [RocksDB][db/flush_job.cc:331] [0] [JOB 5] Level-0 flush table #26: started
[11663] 01-07 03:48:47,446 INFO [RocksDB](Original Log Time 2020/01/07-03:48:47.446156) [db/compaction_job.cc:685] [0] compacted to: base level 1 max bytes base 536870912 files[0 10 0 0 0 0 0] max score 1.23, MB/sec: 46.3 rd, 46.2 wr, level 1, files in(2, 0) out(10) MB in(627.4, 0.0) out(627.3), read-write-amplify(2.0) write-amplify(1.0) OK, records in: 6283714, records dropped: 1 output_compression: NoCompression

[11663] 01-07 03:48:47,446 INFO [RocksDB](Original Log Time 2020/01/07-03:48:47.446180) EVENT_LOG_v1 {"time_micros": 1578368927446164, "job": 4, "event": "compaction_finished", "compaction_time_micros": 14222628, "output_level": 1, "num_output_files": 10, "total_output_size": 657720325, "num_input_records": 6283714, "num_output_records": 6283713, "num_subcompactions": 1, "output_compression": "NoCompression", "num_single_delete_mismatches": 0, "num_single_delete_fallthrough": 0, "lsm_state": [0, 10, 0, 0, 0, 0, 0]}
[11663] 01-07 03:48:47,446 INFO [RocksDB][db/compaction_job.cc:1531] [0] [JOB 6] Compacting 1@1 files to L2, score 1.23
[11663] 01-07 03:48:47,446 INFO [RocksDB][db/compaction_job.cc:1535] [0] Compaction start summary: Base version 5 Base level 1, inputs: [15(66MB)]

[11663] 01-07 03:48:47,446 INFO [RocksDB]EVENT_LOG_v1 {"time_micros": 1578368927446893, "job": 6, "event": "compaction_started", "compaction_reason": "LevelMaxLevelSize", "files_L1": [15], "score": 1.2251, "input_data_size": 69778364}
[11663] 01-07 03:48:50,694 INFO [RocksDB][db/compaction_job.cc:1211] [0] [JOB 6] Generated table #28: 1191397 keys, 54433305 bytes
[11663] 01-07 03:48:50,694 INFO [RocksDB]EVENT_LOG_v1 {"time_micros": 1578368930694205, "cf_name": "0", "job": 6, "event": "table_file_creation", "file_number": 28, "file_size": 54433305, "table_properties": {"data_size": 52240568, "index_size": 976464, "filter_size": 1660350, "raw_key_size": 56741817, "raw_average_key_size": 47, "raw_value_size": 28353898, "raw_average_value_size": 23, "num_data_blocks": 16601, "num_entries": 1191397, "filter_policy_name": "rocksdb.BuiltinBloomFilter", "kDeletedKeys": "0", "kMergeOperands": "0"}}
[11663] 01-07 03:48:50,695 INFO [RocksDB][db/compaction_job.cc:1287] [0] [JOB 6] Compacted 1@1 files to L2 => 54433305 bytes
[11663] 01-07 03:48:50,697 INFO [RocksDB](Original Log Time 2020/01/07-03:48:50.697121) [db/compaction_job.cc:685] [0] compacted to: base level 1 max bytes base 536870912 files[0 9 1 0 0 0 0] max score 1.10, MB/sec: 21.5 rd, 16.8 wr, level 2, files in(1, 0) out(1) MB in(66.5, 0.0) out(51.9), read-write-amplify(1.8) write-amplify(0.8) OK, records in: 1191397, records dropped: 0 output_compression: Snappy

[11663] 01-07 03:48:50,697 INFO [RocksDB](Original Log Time 2020/01/07-03:48:50.697141) EVENT_LOG_v1 {"time_micros": 1578368930697134, "job": 6, "event": "compaction_finished", "compaction_time_micros": 3248555, "output_level": 2, "num_output_files": 1, "total_output_size": 54433305, "num_input_records": 1191397, "num_output_records": 1191397, "num_subcompactions": 1, "output_compression": "Snappy", "num_single_delete_mismatches": 0, "num_single_delete_fallthrough": 0, "lsm_state": [0, 9, 1, 0, 0, 0, 0]}
[11663] 01-07 03:48:50,697 INFO [RocksDB][db/compaction_job.cc:1531] [0] [JOB 7] Compacting 1@1 files to L2, score 1.10
[11663] 01-07 03:48:50,697 INFO [RocksDB][db/compaction_job.cc:1535] [0] Compaction start summary: Base version 6 Base level 1, inputs: [18(65MB)]

[11663] 01-07 03:48:50,697 INFO [RocksDB]EVENT_LOG_v1 {"time_micros": 1578368930697225, "job": 7, "event": "compaction_started", "compaction_reason": "LevelMaxLevelSize", "files_L1": [18], "score": 1.09513, "input_data_size": 68990420}
[11663] 01-07 03:48:53,981 INFO [RocksDB][db/compaction_job.cc:1211] [0] [JOB 7] Generated table #29: 597544 keys, 68588497 bytes
[11663] 01-07 03:48:53,981 INFO [RocksDB]EVENT_LOG_v1 {"time_micros": 1578368933981048, "cf_name": "0", "job": 7, "event": "table_file_creation", "file_number": 29, "file_size": 68588497, "table_properties": {"data_size": 67112977, "index_size": 888489, "filter_size": 987923, "raw_key_size": 24596008, "raw_average_key_size": 41, "raw_value_size": 56766698, "raw_average_value_size": 95, "num_data_blocks": 16739, "num_entries": 597544, "filter_policy_name": "rocksdb.BuiltinBloomFilter", "kDeletedKeys": "0", "kMergeOperands": "0"}}
[11663] 01-07 03:48:53,982 INFO [RocksDB][db/compaction_job.cc:1287] [0] [JOB 7] Compacted 1@1 files to L2 => 68588497 bytes
[11663] 01-07 03:48:53,984 INFO [RocksDB](Original Log Time 2020/01/07-03:48:53.984318) [db/compaction_job.cc:685] [0] compacted to: base level 1 max bytes base 536870912 files[0 8 2 0 0 0 0] max score 0.97, MB/sec: 21.0 rd, 20.9 wr, level 2, files in(1, 0) out(1) MB in(65.8, 0.0) out(65.4), read-write-amplify(2.0) write-amplify(1.0) OK, records in: 597544, records dropped: 0 output_compression: Snappy

[11663] 01-07 03:48:53,984 INFO [RocksDB](Original Log Time 2020/01/07-03:48:53.984331) EVENT_LOG_v1 {"time_micros": 1578368933984325, "job": 7, "event": "compaction_finished", "compaction_time_micros": 3285285, "output_level": 2, "num_output_files": 1, "total_output_size": 68588497, "num_input_records": 597544, "num_output_records": 597544, "num_subcompactions": 1, "output_compression": "Snappy", "num_single_delete_mismatches": 0, "num_single_delete_fallthrough": 0, "lsm_state": [0, 8, 2, 0, 0, 0, 0]}
[11663] 01-07 03:48:53,991 INFO [RocksDB]EVENT_LOG_v1 {"time_micros": 1578368933991502, "job": 7, "event": "table_file_deletion", "file_number": 15}
[11663] 01-07 03:48:56,088 INFO [RocksDB]EVENT_LOG_v1 {"time_micros": 1578368936088360, "cf_name": "0", "job": 5, "event": "table_file_creation", "file_number": 26, "file_size": 332187001, "table_properties": {"data_size": 322750946, "index_size": 4331487, "filter_size": 5103526, "raw_key_size": 134444838, "raw_average_key_size": 42, "raw_value_size": 258544743, "raw_average_value_size": 81, "num_data_blocks": 80418, "num_entries": 3172328, "filter_policy_name": "rocksdb.BuiltinBloomFilter", "kDeletedKeys": "0", "kMergeOperands": "0"}}
[11663] 01-07 03:48:56,088 INFO [RocksDB][db/flush_job.cc:371] [0] [JOB 5] Level-0 flush table #26: 332187001 bytes OK
[11663] 01-07 03:48:56,091 INFO [RocksDB](Original Log Time 2020/01/07-03:48:56.089686) [db/memtable_list.cc:377] [0] Level-0 commit table #26 started
[11663] 01-07 03:48:56,091 INFO [RocksDB](Original Log Time 2020/01/07-03:48:56.091340) [db/memtable_list.cc:409] [0] Level-0 commit table #26: memtable #1 done
[11663] 01-07 03:48:56,091 INFO [RocksDB](Original Log Time 2020/01/07-03:48:56.091341) [db/memtable_list.cc:409] [0] Level-0 commit table #26: memtable #2 done
[11663] 01-07 03:48:56,091 INFO [RocksDB](Original Log Time 2020/01/07-03:48:56.091351) EVENT_LOG_v1 {"time_micros": 1578368936091346, "job": 5, "event": "flush_finished", "output_compression": "NoCompression", "lsm_state": [1, 8, 2, 0, 0, 0, 0], "immutable_memtables": 0}
[11663] 01-07 03:48:56,091 INFO [RocksDB](Original Log Time 2020/01/07-03:48:56.091362) [db/db_impl_compaction_flush.cc:177] [0] Level summary: base level 1 max bytes base 536870912 files[1 8 2 0 0 0 0] max score 0.97

[11663] 01-07 03:48:56,091 INFO [RocksDB][db/db_impl_files.cc:342] [JOB 5] Try to delete WAL files size 403481804, prev total WAL file size 599291653, number of live WAL files 3.

[11663] 01-07 03:48:56,098 INFO [RocksDB]EVENT_LOG_v1 {"time_micros": 1578368936098262, "job": 5, "event": "table_file_deletion", "file_number": 18}
[11663] 01-07 03:48:56,146 INFO [RocksDB]EVENT_LOG_v1 {"time_micros": 1578368936146498, "job": 5, "event": "table_file_deletion", "file_number": 14}
[11663] 01-07 03:48:56,196 INFO [RocksDB]EVENT_LOG_v1 {"time_micros": 1578368936196657, "job": 5, "event": "table_file_deletion", "file_number": 11}
[11663] 01-07 03:48:56,331 INFO [RocksDB][db/db_impl_write.cc:1373] [0] New memtable created with log file: #30. Immutable memtables: 0.

[11663] 01-07 03:49:11,737 INFO [RocksDB][db/db_impl_write.cc:1373] [0] New memtable created with log file: #31. Immutable memtables: 1.

[11663] 01-07 03:49:11,737 INFO [RocksDB][db/db_impl_compaction_flush.cc:80] [JOB 8] Syncing log #25
[11663] 01-07 03:49:12,239 INFO [RocksDB][db/db_impl_compaction_flush.cc:80] [JOB 8] Syncing log #30
[11663] 01-07 03:49:13,772 INFO [RocksDB](Original Log Time 2020/01/07-03:49:11.737800) [db/db_impl_compaction_flush.cc:1424] Calling FlushMemTableToOutputFile with column family [0], flush slots available 4, compaction slots available 1, flush slots scheduled 1, compaction slots scheduled 0
[11663] 01-07 03:49:13,772 INFO [RocksDB][db/flush_job.cc:301] [0] [JOB 8] Flushing memtable with next log file: 30

[11663] 01-07 03:49:13,772 INFO [RocksDB][db/flush_job.cc:301] [0] [JOB 8] Flushing memtable with next log file: 31

[11663] 01-07 03:49:13,772 INFO [RocksDB]EVENT_LOG_v1 {"time_micros": 1578368953772690, "job": 8, "event": "flush_started", "num_memtables": 2, "num_entries": 3414584, "num_deletes": 0, "memory_usage": 520099128, "flush_reason": "Write Buffer Full"}
[11663] 01-07 03:49:13,772 INFO [RocksDB][db/flush_job.cc:331] [0] [JOB 8] Level-0 flush table #32: started
[11663] 01-07 03:49:20,163 INFO [RocksDB]EVENT_LOG_v1 {"time_micros": 1578368960163137, "cf_name": "0", "job": 8, "event": "table_file_creation", "file_number": 32, "file_size": 332003902, "table_properties": {"data_size": 322572878, "index_size": 4329195, "filter_size": 5100787, "raw_key_size": 134372887, "raw_average_key_size": 42, "raw_value_size": 258409540, "raw_average_value_size": 81, "num_data_blocks": 80371, "num_entries": 3170683, "filter_policy_name": "rocksdb.BuiltinBloomFilter", "kDeletedKeys": "0", "kMergeOperands": "0"}}
[11663] 01-07 03:49:20,163 INFO [RocksDB][db/flush_job.cc:371] [0] [JOB 8] Level-0 flush table #32: 332003902 bytes OK
[11663] 01-07 03:49:20,165 INFO [RocksDB](Original Log Time 2020/01/07-03:49:20.164306) [db/memtable_list.cc:377] [0] Level-0 commit table #32 started
[11663] 01-07 03:49:20,165 INFO [RocksDB](Original Log Time 2020/01/07-03:49:20.165886) [db/memtable_list.cc:409] [0] Level-0 commit table #32: memtable #1 done
[11663] 01-07 03:49:20,165 INFO [RocksDB](Original Log Time 2020/01/07-03:49:20.165887) [db/memtable_list.cc:409] [0] Level-0 commit table #32: memtable #2 done
[11663] 01-07 03:49:20,165 INFO [RocksDB](Original Log Time 2020/01/07-03:49:20.165900) EVENT_LOG_v1 {"time_micros": 1578368960165893, "job": 8, "event": "flush_finished", "output_compression": "NoCompression", "lsm_state": [2, 8, 2, 0, 0, 0, 0], "immutable_memtables": 0}
[11663] 01-07 03:49:20,165 INFO [RocksDB](Original Log Time 2020/01/07-03:49:20.165934) [db/db_impl_compaction_flush.cc:177] [0] Level summary: base level 1 max bytes base 536870912 files[2 8 2 0 0 0 0] max score 1.24

[11663] 01-07 03:49:20,165 INFO [RocksDB][db/db_impl_files.cc:342] [JOB 8] Try to delete WAL files size 403269846, prev total WAL file size 450745825, number of live WAL files 3.

[11663] 01-07 03:49:20,166 INFO [RocksDB][db/compaction_job.cc:1531] [0] [JOB 9] Compacting 2@0 + 8@1 files to L1, score 1.24
[11663] 01-07 03:49:20,166 INFO [RocksDB][db/compaction_job.cc:1535] [0] Compaction start summary: Base version 9 Base level 0, inputs: [32(316MB) 26(316MB)], [16(65MB) 19(65MB) 20(65MB) 21(65MB) 22(65MB) 23(65MB) 24(65MB) 27(34MB)]

[11663] 01-07 03:49:20,166 INFO [RocksDB]EVENT_LOG_v1 {"time_micros": 1578368960166138, "job": 9, "event": "compaction_started", "compaction_reason": "LevelL0FilesNum", "files_L0": [32, 26], "files_L1": [16, 19, 20, 21, 22, 23, 24, 27], "score": 1.23715, "input_data_size": 1183142444}
[11663] 01-07 03:49:21,640 INFO [RocksDB][db/compaction_job.cc:1211] [0] [JOB 9] Generated table #33: 1196758 keys, 69786788 bytes
[11663] 01-07 03:49:21,640 INFO [RocksDB]EVENT_LOG_v1 {"time_micros": 1578368961640093, "cf_name": "0", "job": 9, "event": "table_file_creation", "file_number": 33, "file_size": 69786788, "table_properties": {"data_size": 67112465, "index_size": 977686, "filter_size": 1695606, "raw_key_size": 57035797, "raw_average_key_size": 47, "raw_value_size": 28060278, "raw_average_value_size": 23, "num_data_blocks": 16599, "num_entries": 1196758, "filter_policy_name": "rocksdb.BuiltinBloomFilter", "kDeletedKeys": "0", "kMergeOperands": "0"}}
[11663] 01-07 03:49:22,940 INFO [RocksDB][db/compaction_job.cc:1211] [0] [JOB 9] Generated table #34: 597646 keys, 68990239 bytes
[11663] 01-07 03:49:22,940 INFO [RocksDB]EVENT_LOG_v1 {"time_micros": 1578368962940166, "cf_name": "0", "job": 9, "event": "table_file_creation", "file_number": 34, "file_size": 68990239, "table_properties": {"data_size": 67112527, "index_size": 888600, "filter_size": 988081, "raw_key_size": 24602167, "raw_average_key_size": 41, "raw_value_size": 56776415, "raw_average_value_size": 95, "num_data_blocks": 16743, "num_entries": 597646, "filter_policy_name": "rocksdb.BuiltinBloomFilter", "kDeletedKeys": "0", "kMergeOperands": "0"}}
[11663] 01-07 03:49:24,250 INFO [RocksDB][db/compaction_job.cc:1211] [0] [JOB 9] Generated table #35: 597629 keys, 68989944 bytes
[11663] 01-07 03:49:24,250 INFO [RocksDB]EVENT_LOG_v1 {"time_micros": 1578368964250292, "cf_name": "0", "job": 9, "event": "table_file_creation", "file_number": 35, "file_size": 68989944, "table_properties": {"data_size": 67111969, "index_size": 888884, "filter_size": 988060, "raw_key_size": 24599822, "raw_average_key_size": 41, "raw_value_size": 56774746, "raw_average_value_size": 94, "num_data_blocks": 16743, "num_entries": 597629, "filter_policy_name": "rocksdb.BuiltinBloomFilter", "kDeletedKeys": "0", "kMergeOperands": "0"}}
[11663] 01-07 03:49:25,560 INFO [RocksDB][db/compaction_job.cc:1211] [0] [JOB 9] Generated table #36: 597472 keys, 68986615 bytes
[11663] 01-07 03:49:25,560 INFO [RocksDB]EVENT_LOG_v1 {"time_micros": 1578368965560573, "cf_name": "0", "job": 9, "event": "table_file_creation", "file_number": 36, "file_size": 68986615, "table_properties": {"data_size": 67109339, "index_size": 888419, "filter_size": 987826, "raw_key_size": 24592141, "raw_average_key_size": 41, "raw_value_size": 56759804, "raw_average_value_size": 94, "num_data_blocks": 16738, "num_entries": 597472, "filter_policy_name": "rocksdb.BuiltinBloomFilter", "kDeletedKeys": "0", "kMergeOperands": "0"}}
[11663] 01-07 03:49:26,940 INFO [RocksDB][db/compaction_job.cc:1211] [0] [JOB 9] Generated table #37: 597574 keys, 68989642 bytes
[11663] 01-07 03:49:26,940 INFO [RocksDB]EVENT_LOG_v1 {"time_micros": 1578368966940661, "cf_name": "0", "job": 9, "event": "table_file_creation", "file_number": 37, "file_size": 68989642, "table_properties": {"data_size": 67111323, "index_size": 889283, "filter_size": 988005, "raw_key_size": 24595132, "raw_average_key_size": 41, "raw_value_size": 56769521, "raw_average_value_size": 94, "num_data_blocks": 16744, "num_entries": 597574, "filter_policy_name": "rocksdb.BuiltinBloomFilter", "kDeletedKeys": "0", "kMergeOperands": "0"}}
SEEK FAIL
[11663] 01-07 03:49:28,241 INFO [RocksDB][db/compaction_job.cc:1211] [0] [JOB 9] Generated table #38: 597627 keys, 68989110 bytes
[11663] 01-07 03:49:28,241 INFO [RocksDB]EVENT_LOG_v1 {"time_micros": 1578368968241292, "cf_name": "0", "job": 9, "event": "table_file_creation", "file_number": 38, "file_size": 68989110, "table_properties": {"data_size": 67111215, "index_size": 888808, "filter_size": 988056, "raw_key_size": 24599350, "raw_average_key_size": 41, "raw_value_size": 56774637, "raw_average_value_size": 95, "num_data_blocks": 16743, "num_entries": 597627, "filter_policy_name": "rocksdb.BuiltinBloomFilter", "kDeletedKeys": "0", "kMergeOperands": "0"}}
[11663] 01-07 03:49:29,541 INFO [RocksDB][db/compaction_job.cc:1211] [0] [JOB 9] Generated table #39: 597608 keys, 68989349 bytes
[11663] 01-07 03:49:29,541 INFO [RocksDB]EVENT_LOG_v1 {"time_micros": 1578368969541894, "cf_name": "0", "job": 9, "event": "table_file_creation", "file_number": 39, "file_size": 68989349, "table_properties": {"data_size": 67111597, "index_size": 888686, "filter_size": 988035, "raw_key_size": 24598142, "raw_average_key_size": 41, "raw_value_size": 56772760, "raw_average_value_size": 95, "num_data_blocks": 16743, "num_entries": 597608, "filter_policy_name": "rocksdb.BuiltinBloomFilter", "kDeletedKeys": "0", "kMergeOperands": "0"}}
[11663] 01-07 03:49:30,872 INFO [RocksDB][db/compaction_job.cc:1211] [0] [JOB 9] Generated table #40: 597623 keys, 68988643 bytes
[11663] 01-07 03:49:30,872 INFO [RocksDB]EVENT_LOG_v1 {"time_micros": 1578368970872308, "cf_name": "0", "job": 9, "event": "table_file_creation", "file_number": 40, "file_size": 68988643, "table_properties": {"data_size": 67111298, "index_size": 888278, "filter_size": 988036, "raw_key_size": 24597183, "raw_average_key_size": 41, "raw_value_size": 56774122, "raw_average_value_size": 94, "num_data_blocks": 16741, "num_entries": 597623, "filter_policy_name": "rocksdb.BuiltinBloomFilter", "kDeletedKeys": "0", "kMergeOperands": "0"}}
[11663] 01-07 03:49:32,154 INFO [RocksDB][db/compaction_job.cc:1211] [0] [JOB 9] Generated table #41: 597622 keys, 68990934 bytes
[11663] 01-07 03:49:32,154 INFO [RocksDB]EVENT_LOG_v1 {"time_micros": 1578368972154967, "cf_name": "0", "job": 9, "event": "table_file_creation", "file_number": 41, "file_size": 68990934, "table_properties": {"data_size": 67112960, "index_size": 888883, "filter_size": 988060, "raw_key_size": 24599415, "raw_average_key_size": 41, "raw_value_size": 56774117, "raw_average_value_size": 95, "num_data_blocks": 16744, "num_entries": 597622, "filter_policy_name": "rocksdb.BuiltinBloomFilter", "kDeletedKeys": "0", "kMergeOperands": "0"}}
[11663] 01-07 03:49:33,462 INFO [RocksDB][db/compaction_job.cc:1211] [0] [JOB 9] Generated table #42: 597615 keys, 68986753 bytes
[11663] 01-07 03:49:33,462 INFO [RocksDB]EVENT_LOG_v1 {"time_micros": 1578368973462072, "cf_name": "0", "job": 9, "event": "table_file_creation", "file_number": 42, "file_size": 68986753, "table_properties": {"data_size": 67109228, "index_size": 888463, "filter_size": 988031, "raw_key_size": 24598978, "raw_average_key_size": 41, "raw_value_size": 56773389, "raw_average_value_size": 94, "num_data_blocks": 16742, "num_entries": 597615, "filter_policy_name": "rocksdb.BuiltinBloomFilter", "kDeletedKeys": "0", "kMergeOperands": "0"}}
[11663] 01-07 03:49:34,773 INFO [RocksDB][db/compaction_job.cc:1211] [0] [JOB 9] Generated table #43: 597622 keys, 68989674 bytes
[11663] 01-07 03:49:34,773 INFO [RocksDB]EVENT_LOG_v1 {"time_micros": 1578368974773604, "cf_name": "0", "job": 9, "event": "table_file_creation", "file_number": 43, "file_size": 68989674, "table_properties": {"data_size": 67111903, "index_size": 888698, "filter_size": 988042, "raw_key_size": 24598887, "raw_average_key_size": 41, "raw_value_size": 56774117, "raw_average_value_size": 95, "num_data_blocks": 16742, "num_entries": 597622, "filter_policy_name": "rocksdb.BuiltinBloomFilter", "kDeletedKeys": "0", "kMergeOperands": "0"}}
[11663] 01-07 03:49:36,145 INFO [RocksDB][db/compaction_job.cc:1211] [0] [JOB 9] Generated table #44: 597643 keys, 68990686 bytes
[11663] 01-07 03:49:36,145 INFO [RocksDB]EVENT_LOG_v1 {"time_micros": 1578368976145068, "cf_name": "0", "job": 9, "event": "table_file_creation", "file_number": 44, "file_size": 68990686, "table_properties": {"data_size": 67112868, "index_size": 888711, "filter_size": 988076, "raw_key_size": 24602195, "raw_average_key_size": 41, "raw_value_size": 56776103, "raw_average_value_size": 95, "num_data_blocks": 16743, "num_entries": 597643, "filter_policy_name": "rocksdb.BuiltinBloomFilter", "kDeletedKeys": "0", "kMergeOperands": "0"}}
[11663] 01-07 03:49:37,446 INFO [RocksDB][db/compaction_job.cc:1211] [0] [JOB 9] Generated table #45: 597589 keys, 68988627 bytes
[11663] 01-07 03:49:37,446 INFO [RocksDB]EVENT_LOG_v1 {"time_micros": 1578368977446131, "cf_name": "0", "job": 9, "event": "table_file_creation", "file_number": 45, "file_size": 68988627, "table_properties": {"data_size": 67110747, "index_size": 888850, "filter_size": 987999, "raw_key_size": 24596590, "raw_average_key_size": 41, "raw_value_size": 56770982, "raw_average_value_size": 95, "num_data_blocks": 16742, "num_entries": 597589, "filter_policy_name": "rocksdb.BuiltinBloomFilter", "kDeletedKeys": "0", "kMergeOperands": "0"}}
[11663] 01-07 03:49:38,749 INFO [RocksDB][db/compaction_job.cc:1211] [0] [JOB 9] Generated table #46: 597627 keys, 68988993 bytes
[11663] 01-07 03:49:38,749 INFO [RocksDB]EVENT_LOG_v1 {"time_micros": 1578368978749527, "cf_name": "0", "job": 9, "event": "table_file_creation", "file_number": 46, "file_size": 68988993, "table_properties": {"data_size": 67111097, "index_size": 888816, "filter_size": 988049, "raw_key_size": 24601124, "raw_average_key_size": 41, "raw_value_size": 56774538, "raw_average_value_size": 94, "num_data_blocks": 16742, "num_entries": 597627, "filter_policy_name": "rocksdb.BuiltinBloomFilter", "kDeletedKeys": "0", "kMergeOperands": "0"}}
[11663] 01-07 03:49:40,082 INFO [RocksDB][db/compaction_job.cc:1211] [0] [JOB 9] Generated table #47: 597617 keys, 68987778 bytes
[11663] 01-07 03:49:40,082 INFO [RocksDB]EVENT_LOG_v1 {"time_micros": 1578368980082469, "cf_name": "0", "job": 9, "event": "table_file_creation", "file_number": 47, "file_size": 68987778, "table_properties": {"data_size": 67109959, "index_size": 888746, "filter_size": 988042, "raw_key_size": 24600327, "raw_average_key_size": 41, "raw_value_size": 56773597, "raw_average_value_size": 94, "num_data_blocks": 16743, "num_entries": 597617, "filter_policy_name": "rocksdb.BuiltinBloomFilter", "kDeletedKeys": "0", "kMergeOperands": "0"}}
[11663] 01-07 03:49:41,359 INFO [RocksDB][db/compaction_job.cc:1211] [0] [JOB 9] Generated table #48: 597597 keys, 68988779 bytes
[11663] 01-07 03:49:41,359 INFO [RocksDB]EVENT_LOG_v1 {"time_micros": 1578368981359326, "cf_name": "0", "job": 9, "event": "table_file_creation", "file_number": 48, "file_size": 68988779, "table_properties": {"data_size": 67110602, "index_size": 889128, "filter_size": 988018, "raw_key_size": 24598436, "raw_average_key_size": 41, "raw_value_size": 56771715, "raw_average_value_size": 95, "num_data_blocks": 16743, "num_entries": 597597, "filter_policy_name": "rocksdb.BuiltinBloomFilter", "kDeletedKeys": "0", "kMergeOperands": "0"}}
[11663] 01-07 03:49:42,668 INFO [RocksDB][db/compaction_job.cc:1211] [0] [JOB 9] Generated table #49: 597632 keys, 68990132 bytes
[11663] 01-07 03:49:42,668 INFO [RocksDB]EVENT_LOG_v1 {"time_micros": 1578368982668556, "cf_name": "0", "job": 9, "event": "table_file_creation", "file_number": 49, "file_size": 68990132, "table_properties": {"data_size": 67112421, "index_size": 888638, "filter_size": 988042, "raw_key_size": 24580867, "raw_average_key_size": 41, "raw_value_size": 56775058, "raw_average_value_size": 95, "num_data_blocks": 16742, "num_entries": 597632, "filter_policy_name": "rocksdb.BuiltinBloomFilter", "kDeletedKeys": "0", "kMergeOperands": "0"}}
[11663] 01-07 03:49:42,866 INFO [RocksDB][db/compaction_job.cc:1211] [0] [JOB 9] Generated table #50: 79281 keys, 9147368 bytes
[11663] 01-07 03:49:42,866 INFO [RocksDB]EVENT_LOG_v1 {"time_micros": 1578368982866620, "cf_name": "0", "job": 9, "event": "table_file_creation", "file_number": 50, "file_size": 9147368, "table_properties": {"data_size": 8899363, "index_size": 115945, "filter_size": 131030, "raw_key_size": 3184241, "raw_average_key_size": 40, "raw_value_size": 7531731, "raw_average_value_size": 95, "num_data_blocks": 2218, "num_entries": 79281, "filter_policy_name": "rocksdb.BuiltinBloomFilter", "kDeletedKeys": "0", "kMergeOperands": "0"}}
[11663] 01-07 03:49:42,867 INFO [RocksDB][db/compaction_job.cc:1287] [0] [JOB 9] Compacted 2@0 + 8@1 files to L1 => 1182760054 bytes
[11663] 01-07 03:49:42,869 INFO [RocksDB](Original Log Time 2020/01/07-03:49:42.869605) [db/compaction_job.cc:685] [0] compacted to: base level 1 max bytes base 536870912 files[0 18 2 0 0 0 0] max score 2.20, MB/sec: 52.1 rd, 52.1 wr, level 1, files in(2, 8) out(18) MB in(633.4, 494.9) out(1128.0), read-write-amplify(3.6) write-amplify(1.8) OK, records in: 10837783, records dropped: 1 output_compression: NoCompression

[11663] 01-07 03:49:42,869 INFO [RocksDB](Original Log Time 2020/01/07-03:49:42.869620) EVENT_LOG_v1 {"time_micros": 1578368982869613, "job": 9, "event": "compaction_finished", "compaction_time_micros": 22701759, "output_level": 1, "num_output_files": 18, "total_output_size": 1182760054, "num_input_records": 10837783, "num_output_records": 10837782, "num_subcompactions": 1, "output_compression": "NoCompression", "num_single_delete_mismatches": 0, "num_single_delete_fallthrough": 0, "lsm_state": [0, 18, 2, 0, 0, 0, 0]}
[11663] 01-07 03:49:42,869 INFO [RocksDB][db/compaction_picker.cc:485] [0] Expanding@1 1+1(69786788+54433305 bytes) to 2+1 (138777027+54433305 bytes)

[11663] 01-07 03:49:42,869 INFO [RocksDB][db/compaction_job.cc:1531] [0] [JOB 10] Compacting 2@1 + 1@2 files to L2, score 2.20
[11663] 01-07 03:49:42,869 INFO [RocksDB][db/compaction_job.cc:1535] [0] Compaction start summary: Base version 10 Base level 1, inputs: [33(66MB) 34(65MB)], [28(51MB)]

[11663] 01-07 03:49:42,869 INFO [RocksDB]EVENT_LOG_v1 {"time_micros": 1578368982869736, "job": 10, "event": "compaction_started", "compaction_reason": "LevelMaxLevelSize", "files_L1": [33, 34], "files_L2": [28], "score": 2.20306, "input_data_size": 193210332}
[11663] 01-07 03:49:42,903 INFO [RocksDB]EVENT_LOG_v1 {"time_micros": 1578368982903172, "job": 0, "event": "table_file_deletion", "file_number": 32}
[11663] 01-07 03:49:42,906 INFO [RocksDB]EVENT_LOG_v1 {"time_micros": 1578368982906729, "job": 0, "event": "table_file_deletion", "file_number": 27}
[11663] 01-07 03:49:42,938 INFO [RocksDB]EVENT_LOG_v1 {"time_micros": 1578368982938493, "job": 0, "event": "table_file_deletion", "file_number": 26}
[11663] 01-07 03:49:42,945 INFO [RocksDB]EVENT_LOG_v1 {"time_micros": 1578368982945123, "job": 0, "event": "table_file_deletion", "file_number": 24}
[11663] 01-07 03:49:42,951 INFO [RocksDB]EVENT_LOG_v1 {"time_micros": 1578368982951651, "job": 0, "event": "table_file_deletion", "file_number": 23}
[11663] 01-07 03:49:42,958 INFO [RocksDB]EVENT_LOG_v1 {"time_micros": 1578368982958121, "job": 0, "event": "table_file_deletion", "file_number": 22}
[11663] 01-07 03:49:42,964 INFO [RocksDB]EVENT_LOG_v1 {"time_micros": 1578368982964820, "job": 0, "event": "table_file_deletion", "file_number": 21}
[11663] 01-07 03:49:42,971 INFO [RocksDB]EVENT_LOG_v1 {"time_micros": 1578368982971397, "job": 0, "event": "table_file_deletion", "file_number": 20}
[11663] 01-07 03:49:42,977 INFO [RocksDB]EVENT_LOG_v1 {"time_micros": 1578368982977894, "job": 0, "event": "table_file_deletion", "file_number": 19}
[11663] 01-07 03:49:42,984 INFO [RocksDB]EVENT_LOG_v1 {"time_micros": 1578368982984383, "job": 0, "event": "table_file_deletion", "file_number": 16}
[11663] 01-07 03:49:46,288 INFO [RocksDB][db/compaction_job.cc:1211] [0] [JOB 10] Generated table #51: 2059744 keys, 70683852 bytes
[11663] 01-07 03:49:46,288 INFO [RocksDB]EVENT_LOG_v1 {"time_micros": 1578368986288544, "cf_name": "0", "job": 10, "event": "table_file_creation", "file_number": 51, "file_size": 70683852, "table_properties": {"data_size": 67110800, "index_size": 1462802, "filter_size": 2783157, "raw_key_size": 100260194, "raw_average_key_size": 48, "raw_value_size": 25215224, "raw_average_value_size": 12, "num_data_blocks": 23938, "num_entries": 2059744, "filter_policy_name": "rocksdb.BuiltinBloomFilter", "kDeletedKeys": "0", "kMergeOperands": "0"}}
[11663] 01-07 03:49:47,589 INFO [RocksDB][db/compaction_job.cc:1211] [0] [JOB 10] Generated table #52: 597619 keys, 68584447 bytes
[11663] 01-07 03:49:47,589 INFO [RocksDB]EVENT_LOG_v1 {"time_micros": 1578368987589596, "cf_name": "0", "job": 10, "event": "table_file_creation", "file_number": 52, "file_size": 68584447, "table_properties": {"data_size": 67111774, "index_size": 888871, "filter_size": 988057, "raw_key_size": 24599916, "raw_average_key_size": 41, "raw_value_size": 56773805, "raw_average_value_size": 95, "num_data_blocks": 16744, "num_entries": 597619, "filter_policy_name": "rocksdb.BuiltinBloomFilter", "kDeletedKeys": "0", "kMergeOperands": "0"}}
[11663] 01-07 03:49:48,317 INFO [RocksDB][db/compaction_job.cc:1211] [0] [JOB 10] Generated table #53: 328437 keys, 37691429 bytes
[11663] 01-07 03:49:48,317 INFO [RocksDB]EVENT_LOG_v1 {"time_micros": 1578368988317258, "cf_name": "0", "job": 10, "event": "table_file_creation", "file_number": 53, "file_size": 37691429, "table_properties": {"data_size": 36881590, "index_size": 488043, "filter_size": 543002, "raw_key_size": 13519652, "raw_average_key_size": 41, "raw_value_size": 31201506, "raw_average_value_size": 94, "num_data_blocks": 9201, "num_entries": 328437, "filter_policy_name": "rocksdb.BuiltinBloomFilter", "kDeletedKeys": "0", "kMergeOperands": "0"}}
[11663] 01-07 03:49:48,318 INFO [RocksDB][db/compaction_job.cc:1287] [0] [JOB 10] Compacted 2@1 + 1@2 files to L2 => 176959728 bytes
[11663] 01-07 03:49:48,320 INFO [RocksDB](Original Log Time 2020/01/07-03:49:48.320205) [db/compaction_job.cc:685] [0] compacted to: base level 1 max bytes base 536870912 files[0 16 4 0 0 0 0] max score 1.94, MB/sec: 35.5 rd, 32.5 wr, level 2, files in(2, 1) out(3) MB in(132.3, 51.9) out(168.8), read-write-amplify(2.7) write-amplify(1.3) OK, records in: 2985801, records dropped: 1 output_compression: Snappy

[11663] 01-07 03:49:48,320 INFO [RocksDB](Original Log Time 2020/01/07-03:49:48.320229) EVENT_LOG_v1 {"time_micros": 1578368988320212, "job": 10, "event": "compaction_finished", "compaction_time_micros": 5448763, "output_level": 2, "num_output_files": 3, "total_output_size": 176959728, "num_input_records": 2985801, "num_output_records": 2985800, "num_subcompactions": 1, "output_compression": "Snappy", "num_single_delete_mismatches": 0, "num_single_delete_fallthrough": 0, "lsm_state": [0, 16, 4, 0, 0, 0, 0]}
[11663] 01-07 03:49:48,327 INFO [RocksDB]EVENT_LOG_v1 {"time_micros": 1578368988327405, "job": 10, "event": "table_file_deletion", "file_number": 34}
[11663] 01-07 03:49:48,334 INFO [RocksDB]EVENT_LOG_v1 {"time_micros": 1578368988334936, "job": 10, "event": "table_file_deletion", "file_number": 33}
[11663] 01-07 03:49:48,340 INFO [RocksDB]EVENT_LOG_v1 {"time_micros": 1578368988340236, "job": 10, "event": "table_file_deletion", "file_number": 28}
[11663] 01-07 03:49:48,340 INFO [RocksDB][db/compaction_job.cc:1531] [0] [JOB 11] Compacting 1@1 files to L2, score 1.94
[11663] 01-07 03:49:48,340 INFO [RocksDB][db/compaction_job.cc:1535] [0] Compaction start summary: Base version 11 Base level 1, inputs: [41(65MB)]

[11663] 01-07 03:49:48,340 INFO [RocksDB]EVENT_LOG_v1 {"time_micros": 1578368988340282, "job": 11, "event": "compaction_started", "compaction_reason": "LevelMaxLevelSize", "files_L1": [41], "score": 1.94457, "input_data_size": 68990934}
[11663] 01-07 03:49:49,635 INFO [RocksDB][db/compaction_job.cc:1211] [0] [JOB 11] Generated table #54: 597622 keys, 68585958 bytes
[11663] 01-07 03:49:49,635 INFO [RocksDB]EVENT_LOG_v1 {"time_micros": 1578368989635255, "cf_name": "0", "job": 11, "event": "table_file_creation", "file_number": 54, "file_size": 68585958, "table_properties": {"data_size": 67112960, "index_size": 888883, "filter_size": 988060, "raw_key_size": 24599415, "raw_average_key_size": 41, "raw_value_size": 56774117, "raw_average_value_size": 95, "num_data_blocks": 16744, "num_entries": 597622, "filter_policy_name": "rocksdb.BuiltinBloomFilter", "kDeletedKeys": "0", "kMergeOperands": "0"}}
[11663] 01-07 03:49:49,636 INFO [RocksDB][db/compaction_job.cc:1287] [0] [JOB 11] Compacted 1@1 files to L2 => 68585958 bytes
[11663] 01-07 03:49:49,638 INFO [RocksDB](Original Log Time 2020/01/07-03:49:49.638062) [db/compaction_job.cc:685] [0] compacted to: base level 1 max bytes base 536870912 files[0 15 5 0 0 0 0] max score 1.82, MB/sec: 53.2 rd, 52.9 wr, level 2, files in(1, 0) out(1) MB in(65.8, 0.0) out(65.4), read-write-amplify(2.0) write-amplify(1.0) OK, records in: 597622, records dropped: 0 output_compression: Snappy

[11663] 01-07 03:49:49,638 INFO [RocksDB](Original Log Time 2020/01/07-03:49:49.638093) EVENT_LOG_v1 {"time_micros": 1578368989638088, "job": 11, "event": "compaction_finished", "compaction_time_micros": 1296131, "output_level": 2, "num_output_files": 1, "total_output_size": 68585958, "num_input_records": 597622, "num_output_records": 597622, "num_subcompactions": 1, "output_compression": "Snappy", "num_single_delete_mismatches": 0, "num_single_delete_fallthrough": 0, "lsm_state": [0, 15, 5, 0, 0, 0, 0]}
[11663] 01-07 03:49:49,645 INFO [RocksDB]EVENT_LOG_v1 {"time_micros": 1578368989645223, "job": 11, "event": "table_file_deletion", "file_number": 41}
[11663] 01-07 03:49:49,645 INFO [RocksDB][db/compaction_job.cc:1531] [0] [JOB 12] Compacting 1@1 files to L2, score 1.82
[11663] 01-07 03:49:49,645 INFO [RocksDB][db/compaction_job.cc:1535] [0] Compaction start summary: Base version 12 Base level 1, inputs: [44(65MB)]

[11663] 01-07 03:49:49,645 INFO [RocksDB]EVENT_LOG_v1 {"time_micros": 1578368989645271, "job": 12, "event": "compaction_started", "compaction_reason": "LevelMaxLevelSize", "files_L1": [44], "score": 1.81606, "input_data_size": 68990686}
