[12280] 01-07 03:50:04,853 INFO [RocksDB]RocksDB version: 5.14.2

[12280] 01-07 03:50:04,860 INFO [RocksDB]Git sha rocksdb_build_git_sha:fc00d54a097e35332052f4c39c3229d413a023b6
[12280] 01-07 03:50:04,860 INFO [RocksDB]Compile date Jan  7 2020
[12280] 01-07 03:50:04,860 INFO [RocksDB]DB SUMMARY

[12280] 01-07 03:50:04,860 INFO [RocksDB]SST files in /home/ubuntu/ardb/data/rocksdb dir, Total Num: 0, files: 

[12280] 01-07 03:50:04,860 INFO [RocksDB]Write Ahead Log file in /home/ubuntu/ardb/data/rocksdb: 

[12280] 01-07 03:50:04,860 INFO [RocksDB]                        Options.error_if_exists: 0
[12280] 01-07 03:50:04,860 INFO [RocksDB]                      Options.create_if_missing: 1
[12280] 01-07 03:50:04,860 INFO [RocksDB]                        Options.paranoid_checks: 1
[12280] 01-07 03:50:04,860 INFO [RocksDB]                                    Options.env: 0xbf86c0
[12280] 01-07 03:50:04,860 INFO [RocksDB]                               Options.info_log: 0x7f729de3f8a0
[12280] 01-07 03:50:04,860 INFO [RocksDB]               Options.max_file_opening_threads: 16
[12280] 01-07 03:50:04,860 INFO [RocksDB]                             Options.statistics: (nil)
[12280] 01-07 03:50:04,860 INFO [RocksDB]                              Options.use_fsync: 0
[12280] 01-07 03:50:04,860 INFO [RocksDB]                      Options.max_log_file_size: 0
[12280] 01-07 03:50:04,860 INFO [RocksDB]                 Options.max_manifest_file_size: 18446744073709551615
[12280] 01-07 03:50:04,860 INFO [RocksDB]                  Options.log_file_time_to_roll: 0
[12280] 01-07 03:50:04,860 INFO [RocksDB]                      Options.keep_log_file_num: 1000
[12280] 01-07 03:50:04,860 INFO [RocksDB]                   Options.recycle_log_file_num: 0
[12280] 01-07 03:50:04,860 INFO [RocksDB]                        Options.allow_fallocate: 1
[12280] 01-07 03:50:04,860 INFO [RocksDB]                       Options.allow_mmap_reads: 0
[12280] 01-07 03:50:04,860 INFO [RocksDB]                      Options.allow_mmap_writes: 0
[12280] 01-07 03:50:04,860 INFO [RocksDB]                       Options.use_direct_reads: 0
[12280] 01-07 03:50:04,860 INFO [RocksDB]                       Options.use_direct_io_for_flush_and_compaction: 0
[12280] 01-07 03:50:04,860 INFO [RocksDB]         Options.create_missing_column_families: 0
[12280] 01-07 03:50:04,860 INFO [RocksDB]                             Options.db_log_dir: 
[12280] 01-07 03:50:04,860 INFO [RocksDB]                                Options.wal_dir: /home/ubuntu/ardb/data/rocksdb
[12280] 01-07 03:50:04,860 INFO [RocksDB]               Options.table_cache_numshardbits: 6
[12280] 01-07 03:50:04,860 INFO [RocksDB]                     Options.max_subcompactions: 1
[12280] 01-07 03:50:04,860 INFO [RocksDB]                 Options.max_background_flushes: -1
[12280] 01-07 03:50:04,860 INFO [RocksDB]                        Options.WAL_ttl_seconds: 0
[12280] 01-07 03:50:04,860 INFO [RocksDB]                      Options.WAL_size_limit_MB: 0
[12280] 01-07 03:50:04,860 INFO [RocksDB]            Options.manifest_preallocation_size: 4194304
[12280] 01-07 03:50:04,860 INFO [RocksDB]                    Options.is_fd_close_on_exec: 1
[12280] 01-07 03:50:04,860 INFO [RocksDB]                  Options.advise_random_on_open: 1
[12280] 01-07 03:50:04,860 INFO [RocksDB]                   Options.db_write_buffer_size: 0
[12280] 01-07 03:50:04,860 INFO [RocksDB]                   Options.write_buffer_manager: 0x7f729e5fa7d0
[12280] 01-07 03:50:04,860 INFO [RocksDB]        Options.access_hint_on_compaction_start: 1
[12280] 01-07 03:50:04,860 INFO [RocksDB] Options.new_table_reader_for_compaction_inputs: 0
[12280] 01-07 03:50:04,860 INFO [RocksDB]          Options.random_access_max_buffer_size: 1048576
[12280] 01-07 03:50:04,860 INFO [RocksDB]                     Options.use_adaptive_mutex: 1
[12280] 01-07 03:50:04,860 INFO [RocksDB]                           Options.rate_limiter: 0x7f729de38540
[12280] 01-07 03:50:04,860 INFO [RocksDB]    Options.sst_file_manager.rate_bytes_per_sec: 0
[12280] 01-07 03:50:04,860 INFO [RocksDB]                      Options.wal_recovery_mode: 2
[12280] 01-07 03:50:04,860 INFO [RocksDB]                 Options.enable_thread_tracking: 0
[12280] 01-07 03:50:04,860 INFO [RocksDB]                 Options.enable_pipelined_write: 1
[12280] 01-07 03:50:04,860 INFO [RocksDB]        Options.allow_concurrent_memtable_write: 1
[12280] 01-07 03:50:04,860 INFO [RocksDB]     Options.enable_write_thread_adaptive_yield: 1
[12280] 01-07 03:50:04,860 INFO [RocksDB]            Options.write_thread_max_yield_usec: 100
[12280] 01-07 03:50:04,860 INFO [RocksDB]           Options.write_thread_slow_yield_usec: 3
[12280] 01-07 03:50:04,860 INFO [RocksDB]                              Options.row_cache: None
[12280] 01-07 03:50:04,860 INFO [RocksDB]                             Options.wal_filter: None
[12280] 01-07 03:50:04,860 INFO [RocksDB]            Options.avoid_flush_during_recovery: 0
[12280] 01-07 03:50:04,860 INFO [RocksDB]            Options.allow_ingest_behind: 0
[12280] 01-07 03:50:04,860 INFO [RocksDB]            Options.preserve_deletes: 0
[12280] 01-07 03:50:04,860 INFO [RocksDB]            Options.two_write_queues: 0
[12280] 01-07 03:50:04,860 INFO [RocksDB]            Options.manual_wal_flush: 0
[12280] 01-07 03:50:04,860 INFO [RocksDB]            Options.max_background_jobs: 16
[12280] 01-07 03:50:04,860 INFO [RocksDB]            Options.max_background_compactions: -1
[12280] 01-07 03:50:04,860 INFO [RocksDB]            Options.avoid_flush_during_shutdown: 0
[12280] 01-07 03:50:04,860 INFO [RocksDB]          Options.writable_file_max_buffer_size: 1048576
[12280] 01-07 03:50:04,860 INFO [RocksDB]            Options.delayed_write_rate : 52428800
[12280] 01-07 03:50:04,860 INFO [RocksDB]            Options.max_total_wal_size: 0
[12280] 01-07 03:50:04,860 INFO [RocksDB]            Options.delete_obsolete_files_period_micros: 21600000000
[12280] 01-07 03:50:04,860 INFO [RocksDB]                  Options.stats_dump_period_sec: 100000
[12280] 01-07 03:50:04,860 INFO [RocksDB]                         Options.max_open_files: 1024
[12280] 01-07 03:50:04,860 INFO [RocksDB]                         Options.bytes_per_sync: 1048576
[12280] 01-07 03:50:04,860 INFO [RocksDB]                     Options.wal_bytes_per_sync: 0
[12280] 01-07 03:50:04,860 INFO [RocksDB]      Options.compaction_readahead_size: 0
[12280] 01-07 03:50:04,860 INFO [RocksDB]Compression algorithms supported:
[12280] 01-07 03:50:04,860 INFO [RocksDB]	kZSTDNotFinalCompression supported: 0
[12280] 01-07 03:50:04,860 INFO [RocksDB]	kZSTD supported: 0
[12280] 01-07 03:50:04,860 INFO [RocksDB]	kXpressCompression supported: 0
[12280] 01-07 03:50:04,860 INFO [RocksDB]	kLZ4HCCompression supported: 0
[12280] 01-07 03:50:04,860 INFO [RocksDB]	kLZ4Compression supported: 0
[12280] 01-07 03:50:04,860 INFO [RocksDB]	kBZip2Compression supported: 0
[12280] 01-07 03:50:04,860 INFO [RocksDB]	kZlibCompression supported: 1
[12280] 01-07 03:50:04,860 INFO [RocksDB]	kSnappyCompression supported: 1
[12280] 01-07 03:50:04,860 INFO [RocksDB]Fast CRC32 supported: Supported on x86
[12280] 01-07 03:50:04,860 INFO [RocksDB][db/db_impl_open.cc:222] Creating manifest 1 

[12280] 01-07 03:50:04,867 INFO [RocksDB][db/version_set.cc:3085] Recovering from manifest file: MANIFEST-000001

[12280] 01-07 03:50:04,867 INFO [RocksDB][db/column_family.cc:475] --------------- Options for column family [default]:

[12280] 01-07 03:50:04,867 INFO [RocksDB]              Options.comparator: ardb.comparator
[12280] 01-07 03:50:04,867 INFO [RocksDB]          Options.merge_operator: ardb.merger
[12280] 01-07 03:50:04,867 INFO [RocksDB]       Options.compaction_filter: None
[12280] 01-07 03:50:04,867 INFO [RocksDB]       Options.compaction_filter_factory: ardb.compact_filter_factory
[12280] 01-07 03:50:04,867 INFO [RocksDB]        Options.memtable_factory: SkipListFactory
[12280] 01-07 03:50:04,867 INFO [RocksDB]           Options.table_factory: BlockBasedTable
[12280] 01-07 03:50:04,867 INFO [RocksDB]           table_factory options:   flush_block_policy_factory: FlushBlockBySizePolicyFactory (0x7f729e408018)
  cache_index_and_filter_blocks: 0
  cache_index_and_filter_blocks_with_high_priority: 0
  pin_l0_filter_and_index_blocks_in_cache: 0
  index_type: 0
  hash_index_allow_collision: 1
  checksum: 1
  no_block_cache: 0
  block_cache: 0x7f729e481cf0
  block_cache_name: LRUCache
  block_cache_options:
    capacity : 536870912
    num_shard_bits : 6
    strict_capacity_limit : 0
    high_pri_pool_ratio: 0.000
  block_cache_compressed: (nil)
  persistent_cache: (nil)
  block_size: 4096
  block_size_deviation: 10
  block_restart_interval: 16
  index_block_restart_interval: 1
  metadata_block_size: 4096
  partition_filters: 0
  use_delta_encoding: 1
  filter_policy: rocksdb.BuiltinBloomFilter
  whole_key_filtering: 1
  verify_compression: 0
  read_amp_bytes_per_bit: 0
  format_version: 2
  enable_index_compression: 1
  block_align: 0

[12280] 01-07 03:50:04,867 INFO [RocksDB]       Options.write_buffer_size: 268435456
[12280] 01-07 03:50:04,867 INFO [RocksDB] Options.max_write_buffer_number: 6
[12280] 01-07 03:50:04,867 INFO [RocksDB]       Options.compression[0]: NoCompression
[12280] 01-07 03:50:04,867 INFO [RocksDB]       Options.compression[1]: NoCompression
[12280] 01-07 03:50:04,867 INFO [RocksDB]       Options.compression[2]: Snappy
[12280] 01-07 03:50:04,867 INFO [RocksDB]       Options.compression[3]: Snappy
[12280] 01-07 03:50:04,867 INFO [RocksDB]       Options.compression[4]: Snappy
[12280] 01-07 03:50:04,867 INFO [RocksDB]       Options.compression[5]: Snappy
[12280] 01-07 03:50:04,867 INFO [RocksDB]       Options.compression[6]: Snappy
[12280] 01-07 03:50:04,867 INFO [RocksDB]                 Options.bottommost_compression: Disabled
[12280] 01-07 03:50:04,867 INFO [RocksDB]      Options.prefix_extractor: ardb.prefix_extractor
[12280] 01-07 03:50:04,867 INFO [RocksDB]  Options.memtable_insert_with_hint_prefix_extractor: nullptr
[12280] 01-07 03:50:04,867 INFO [RocksDB]            Options.num_levels: 7
[12280] 01-07 03:50:04,867 INFO [RocksDB]       Options.min_write_buffer_number_to_merge: 2
[12280] 01-07 03:50:04,867 INFO [RocksDB]    Options.max_write_buffer_number_to_maintain: 0
[12280] 01-07 03:50:04,867 INFO [RocksDB]           Options.compression_opts.window_bits: -14
[12280] 01-07 03:50:04,867 INFO [RocksDB]                 Options.compression_opts.level: -1
[12280] 01-07 03:50:04,867 INFO [RocksDB]              Options.compression_opts.strategy: 0
[12280] 01-07 03:50:04,867 INFO [RocksDB]        Options.compression_opts.max_dict_bytes: 0
[12280] 01-07 03:50:04,867 INFO [RocksDB]        Options.compression_opts.zstd_max_train_bytes: 0
[12280] 01-07 03:50:04,867 INFO [RocksDB]     Options.level0_file_num_compaction_trigger: 2
[12280] 01-07 03:50:04,867 INFO [RocksDB]         Options.level0_slowdown_writes_trigger: 20
[12280] 01-07 03:50:04,867 INFO [RocksDB]             Options.level0_stop_writes_trigger: 36
[12280] 01-07 03:50:04,867 INFO [RocksDB]                  Options.target_file_size_base: 67108864
[12280] 01-07 03:50:04,867 INFO [RocksDB]            Options.target_file_size_multiplier: 1
[12280] 01-07 03:50:04,867 INFO [RocksDB]               Options.max_bytes_for_level_base: 536870912
[12280] 01-07 03:50:04,867 INFO [RocksDB]Options.level_compaction_dynamic_level_bytes: 0
[12280] 01-07 03:50:04,867 INFO [RocksDB]         Options.max_bytes_for_level_multiplier: 10.000000
[12280] 01-07 03:50:04,867 INFO [RocksDB]Options.max_bytes_for_level_multiplier_addtl[0]: 1
[12280] 01-07 03:50:04,867 INFO [RocksDB]Options.max_bytes_for_level_multiplier_addtl[1]: 1
[12280] 01-07 03:50:04,867 INFO [RocksDB]Options.max_bytes_for_level_multiplier_addtl[2]: 1
[12280] 01-07 03:50:04,867 INFO [RocksDB]Options.max_bytes_for_level_multiplier_addtl[3]: 1
[12280] 01-07 03:50:04,867 INFO [RocksDB]Options.max_bytes_for_level_multiplier_addtl[4]: 1
[12280] 01-07 03:50:04,867 INFO [RocksDB]Options.max_bytes_for_level_multiplier_addtl[5]: 1
[12280] 01-07 03:50:04,867 INFO [RocksDB]Options.max_bytes_for_level_multiplier_addtl[6]: 1
[12280] 01-07 03:50:04,867 INFO [RocksDB]      Options.max_sequential_skip_in_iterations: 8
[12280] 01-07 03:50:04,867 INFO [RocksDB]                   Options.max_compaction_bytes: 1677721600
[12280] 01-07 03:50:04,867 INFO [RocksDB]                       Options.arena_block_size: 33554432
[12280] 01-07 03:50:04,867 INFO [RocksDB]  Options.soft_pending_compaction_bytes_limit: 68719476736
[12280] 01-07 03:50:04,867 INFO [RocksDB]  Options.hard_pending_compaction_bytes_limit: 274877906944
[12280] 01-07 03:50:04,867 INFO [RocksDB]      Options.rate_limit_delay_max_milliseconds: 100
[12280] 01-07 03:50:04,867 INFO [RocksDB]               Options.disable_auto_compactions: 0
[12280] 01-07 03:50:04,867 INFO [RocksDB]                       Options.compaction_style: kCompactionStyleLevel
[12280] 01-07 03:50:04,867 INFO [RocksDB]                         Options.compaction_pri: kByCompensatedSize
[12280] 01-07 03:50:04,867 INFO [RocksDB]Options.compaction_options_universal.size_ratio: 1
[12280] 01-07 03:50:04,867 INFO [RocksDB]Options.compaction_options_universal.min_merge_width: 2
[12280] 01-07 03:50:04,867 INFO [RocksDB]Options.compaction_options_universal.max_merge_width: 4294967295
[12280] 01-07 03:50:04,867 INFO [RocksDB]Options.compaction_options_universal.max_size_amplification_percent: 200
[12280] 01-07 03:50:04,867 INFO [RocksDB]Options.compaction_options_universal.compression_size_percent: -1
[12280] 01-07 03:50:04,867 INFO [RocksDB]Options.compaction_options_universal.stop_style: kCompactionStopStyleTotalSize
[12280] 01-07 03:50:04,867 INFO [RocksDB]Options.compaction_options_fifo.max_table_files_size: 1073741824
[12280] 01-07 03:50:04,867 INFO [RocksDB]Options.compaction_options_fifo.allow_compaction: 0
[12280] 01-07 03:50:04,867 INFO [RocksDB]Options.compaction_options_fifo.ttl: 0
[12280] 01-07 03:50:04,867 INFO [RocksDB]                  Options.table_properties_collectors: 
[12280] 01-07 03:50:04,867 INFO [RocksDB]                  Options.inplace_update_support: 0
[12280] 01-07 03:50:04,867 INFO [RocksDB]                Options.inplace_update_num_locks: 10000
[12280] 01-07 03:50:04,867 INFO [RocksDB]              Options.memtable_prefix_bloom_size_ratio: 0.000000
[12280] 01-07 03:50:04,867 INFO [RocksDB]  Options.memtable_huge_page_size: 0
[12280] 01-07 03:50:04,867 INFO [RocksDB]                          Options.bloom_locality: 0
[12280] 01-07 03:50:04,867 INFO [RocksDB]                   Options.max_successive_merges: 0
[12280] 01-07 03:50:04,867 INFO [RocksDB]               Options.optimize_filters_for_hits: 0
[12280] 01-07 03:50:04,867 INFO [RocksDB]               Options.paranoid_file_checks: 0
[12280] 01-07 03:50:04,867 INFO [RocksDB]               Options.force_consistency_checks: 0
[12280] 01-07 03:50:04,867 INFO [RocksDB]               Options.report_bg_io_stats: 0
[12280] 01-07 03:50:04,867 INFO [RocksDB]                              Options.ttl: 0
[12280] 01-07 03:50:04,867 INFO [RocksDB][db/version_set.cc:3361] Recovered from manifest file:/home/ubuntu/ardb/data/rocksdb/MANIFEST-000001 succeeded,manifest_file_number is 1, next_file_number is 3, last_sequence is 0, log_number is 0,prev_log_number is 0,max_column_family is 0,min_log_number_to_keep is 0

[12280] 01-07 03:50:04,867 INFO [RocksDB][db/version_set.cc:3369] Column family [default] (ID 0), log number is 0

[12280] 01-07 03:50:04,871 INFO [RocksDB][db/db_impl_open.cc:1219] DB pointer 0x7f729ddbe000
[12280] 01-07 03:50:04,871 INFO Ardb init engine:rocksdb success.
[12280] 01-07 03:50:04,874 INFO Ardb will accept connections on 0.0.0.0:16379
[12280] 01-07 03:50:04,874 INFO Ardb started with version 0.10.0
[12280] 01-07 03:50:05,875 INFO ========================Period Statistics Dump Begin===========================
[12280] 01-07 03:50:05,875 INFO slave_sync_total_commands_processed:0
[12280] 01-07 03:50:05,875 INFO slave_sync_instantaneous_ops_per_sec:0
[12280] 01-07 03:50:05,875 INFO total_commands_processed:0
[12280] 01-07 03:50:05,875 INFO instantaneous_ops_per_sec:0
[12280] 01-07 03:50:05,875 INFO total_connections_received:0
[12280] 01-07 03:50:05,875 INFO rejected_connections:0
[12280] 01-07 03:50:05,875 INFO ========================Period Statistics Dump End===========================
[12280] 01-07 03:50:17,487 INFO [RocksDB][db/version_set.cc:2847] Creating manifest 6

[12280] 01-07 03:50:17,493 INFO [RocksDB][db/column_family.cc:475] --------------- Options for column family [0]:

[12280] 01-07 03:50:17,493 INFO [RocksDB]              Options.comparator: ardb.comparator
[12280] 01-07 03:50:17,493 INFO [RocksDB]          Options.merge_operator: ardb.merger
[12280] 01-07 03:50:17,493 INFO [RocksDB]       Options.compaction_filter: None
[12280] 01-07 03:50:17,493 INFO [RocksDB]       Options.compaction_filter_factory: ardb.compact_filter_factory
[12280] 01-07 03:50:17,493 INFO [RocksDB]        Options.memtable_factory: SkipListFactory
[12280] 01-07 03:50:17,493 INFO [RocksDB]           Options.table_factory: BlockBasedTable
[12280] 01-07 03:50:17,493 INFO [RocksDB]           table_factory options:   flush_block_policy_factory: FlushBlockBySizePolicyFactory (0x7f729e408018)
  cache_index_and_filter_blocks: 0
  cache_index_and_filter_blocks_with_high_priority: 0
  pin_l0_filter_and_index_blocks_in_cache: 0
  index_type: 0
  hash_index_allow_collision: 1
  checksum: 1
  no_block_cache: 0
  block_cache: 0x7f729e481cf0
  block_cache_name: LRUCache
  block_cache_options:
    capacity : 536870912
    num_shard_bits : 6
    strict_capacity_limit : 0
    high_pri_pool_ratio: 0.000
  block_cache_compressed: (nil)
  persistent_cache: (nil)
  block_size: 4096
  block_size_deviation: 10
  block_restart_interval: 16
  index_block_restart_interval: 1
  metadata_block_size: 4096
  partition_filters: 0
  use_delta_encoding: 1
  filter_policy: rocksdb.BuiltinBloomFilter
  whole_key_filtering: 1
  verify_compression: 0
  read_amp_bytes_per_bit: 0
  format_version: 2
  enable_index_compression: 1
  block_align: 0

[12280] 01-07 03:50:17,493 INFO [RocksDB]       Options.write_buffer_size: 268435456
[12280] 01-07 03:50:17,493 INFO [RocksDB] Options.max_write_buffer_number: 6
[12280] 01-07 03:50:17,493 INFO [RocksDB]       Options.compression[0]: NoCompression
[12280] 01-07 03:50:17,493 INFO [RocksDB]       Options.compression[1]: NoCompression
[12280] 01-07 03:50:17,493 INFO [RocksDB]       Options.compression[2]: Snappy
[12280] 01-07 03:50:17,493 INFO [RocksDB]       Options.compression[3]: Snappy
[12280] 01-07 03:50:17,493 INFO [RocksDB]       Options.compression[4]: Snappy
[12280] 01-07 03:50:17,493 INFO [RocksDB]       Options.compression[5]: Snappy
[12280] 01-07 03:50:17,493 INFO [RocksDB]       Options.compression[6]: Snappy
[12280] 01-07 03:50:17,493 INFO [RocksDB]                 Options.bottommost_compression: Disabled
[12280] 01-07 03:50:17,493 INFO [RocksDB]      Options.prefix_extractor: ardb.prefix_extractor
[12280] 01-07 03:50:17,493 INFO [RocksDB]  Options.memtable_insert_with_hint_prefix_extractor: nullptr
[12280] 01-07 03:50:17,493 INFO [RocksDB]            Options.num_levels: 7
[12280] 01-07 03:50:17,493 INFO [RocksDB]       Options.min_write_buffer_number_to_merge: 2
[12280] 01-07 03:50:17,493 INFO [RocksDB]    Options.max_write_buffer_number_to_maintain: 0
[12280] 01-07 03:50:17,493 INFO [RocksDB]           Options.compression_opts.window_bits: -14
[12280] 01-07 03:50:17,493 INFO [RocksDB]                 Options.compression_opts.level: -1
[12280] 01-07 03:50:17,493 INFO [RocksDB]              Options.compression_opts.strategy: 0
[12280] 01-07 03:50:17,493 INFO [RocksDB]        Options.compression_opts.max_dict_bytes: 0
[12280] 01-07 03:50:17,493 INFO [RocksDB]        Options.compression_opts.zstd_max_train_bytes: 0
[12280] 01-07 03:50:17,493 INFO [RocksDB]     Options.level0_file_num_compaction_trigger: 2
[12280] 01-07 03:50:17,493 INFO [RocksDB]         Options.level0_slowdown_writes_trigger: 20
[12280] 01-07 03:50:17,493 INFO [RocksDB]             Options.level0_stop_writes_trigger: 36
[12280] 01-07 03:50:17,493 INFO [RocksDB]                  Options.target_file_size_base: 67108864
[12280] 01-07 03:50:17,493 INFO [RocksDB]            Options.target_file_size_multiplier: 1
[12280] 01-07 03:50:17,493 INFO [RocksDB]               Options.max_bytes_for_level_base: 536870912
[12280] 01-07 03:50:17,493 INFO [RocksDB]Options.level_compaction_dynamic_level_bytes: 0
[12280] 01-07 03:50:17,493 INFO [RocksDB]         Options.max_bytes_for_level_multiplier: 10.000000
[12280] 01-07 03:50:17,493 INFO [RocksDB]Options.max_bytes_for_level_multiplier_addtl[0]: 1
[12280] 01-07 03:50:17,493 INFO [RocksDB]Options.max_bytes_for_level_multiplier_addtl[1]: 1
[12280] 01-07 03:50:17,493 INFO [RocksDB]Options.max_bytes_for_level_multiplier_addtl[2]: 1
[12280] 01-07 03:50:17,493 INFO [RocksDB]Options.max_bytes_for_level_multiplier_addtl[3]: 1
[12280] 01-07 03:50:17,493 INFO [RocksDB]Options.max_bytes_for_level_multiplier_addtl[4]: 1
[12280] 01-07 03:50:17,493 INFO [RocksDB]Options.max_bytes_for_level_multiplier_addtl[5]: 1
[12280] 01-07 03:50:17,493 INFO [RocksDB]Options.max_bytes_for_level_multiplier_addtl[6]: 1
[12280] 01-07 03:50:17,494 INFO [RocksDB]      Options.max_sequential_skip_in_iterations: 8
[12280] 01-07 03:50:17,494 INFO [RocksDB]                   Options.max_compaction_bytes: 1677721600
[12280] 01-07 03:50:17,494 INFO [RocksDB]                       Options.arena_block_size: 33554432
[12280] 01-07 03:50:17,494 INFO [RocksDB]  Options.soft_pending_compaction_bytes_limit: 68719476736
[12280] 01-07 03:50:17,494 INFO [RocksDB]  Options.hard_pending_compaction_bytes_limit: 274877906944
[12280] 01-07 03:50:17,494 INFO [RocksDB]      Options.rate_limit_delay_max_milliseconds: 100
[12280] 01-07 03:50:17,494 INFO [RocksDB]               Options.disable_auto_compactions: 0
[12280] 01-07 03:50:17,494 INFO [RocksDB]                       Options.compaction_style: kCompactionStyleLevel
[12280] 01-07 03:50:17,494 INFO [RocksDB]                         Options.compaction_pri: kByCompensatedSize
[12280] 01-07 03:50:17,494 INFO [RocksDB]Options.compaction_options_universal.size_ratio: 1
[12280] 01-07 03:50:17,494 INFO [RocksDB]Options.compaction_options_universal.min_merge_width: 2
[12280] 01-07 03:50:17,494 INFO [RocksDB]Options.compaction_options_universal.max_merge_width: 4294967295
[12280] 01-07 03:50:17,494 INFO [RocksDB]Options.compaction_options_universal.max_size_amplification_percent: 200
[12280] 01-07 03:50:17,494 INFO [RocksDB]Options.compaction_options_universal.compression_size_percent: -1
[12280] 01-07 03:50:17,494 INFO [RocksDB]Options.compaction_options_universal.stop_style: kCompactionStopStyleTotalSize
[12280] 01-07 03:50:17,494 INFO [RocksDB]Options.compaction_options_fifo.max_table_files_size: 1073741824
[12280] 01-07 03:50:17,494 INFO [RocksDB]Options.compaction_options_fifo.allow_compaction: 0
[12280] 01-07 03:50:17,494 INFO [RocksDB]Options.compaction_options_fifo.ttl: 0
[12280] 01-07 03:50:17,494 INFO [RocksDB]                  Options.table_properties_collectors: 
[12280] 01-07 03:50:17,494 INFO [RocksDB]                  Options.inplace_update_support: 0
[12280] 01-07 03:50:17,494 INFO [RocksDB]                Options.inplace_update_num_locks: 10000
[12280] 01-07 03:50:17,494 INFO [RocksDB]              Options.memtable_prefix_bloom_size_ratio: 0.000000
[12280] 01-07 03:50:17,494 INFO [RocksDB]  Options.memtable_huge_page_size: 0
[12280] 01-07 03:50:17,494 INFO [RocksDB]                          Options.bloom_locality: 0
[12280] 01-07 03:50:17,494 INFO [RocksDB]                   Options.max_successive_merges: 0
[12280] 01-07 03:50:17,494 INFO [RocksDB]               Options.optimize_filters_for_hits: 0
[12280] 01-07 03:50:17,494 INFO [RocksDB]               Options.paranoid_file_checks: 0
[12280] 01-07 03:50:17,494 INFO [RocksDB]               Options.force_consistency_checks: 0
[12280] 01-07 03:50:17,494 INFO [RocksDB]               Options.report_bg_io_stats: 0
[12280] 01-07 03:50:17,494 INFO [RocksDB]                              Options.ttl: 0
[12280] 01-07 03:50:17,494 INFO [RocksDB][db/db_impl.cc:1396] Created column family [0] (ID 1)
[12280] 01-07 03:50:17,496 INFO Create ColumnFamilyHandle with name:0 success.
[12280] 01-07 03:50:25,512 INFO [RocksDB][db/db_impl_write.cc:1373] [0] New memtable created with log file: #9. Immutable memtables: 0.

[12280] 01-07 03:50:34,257 INFO [RocksDB][db/db_impl_write.cc:1373] [0] New memtable created with log file: #10. Immutable memtables: 1.

[12280] 01-07 03:50:34,257 INFO [RocksDB][db/db_impl_compaction_flush.cc:80] [JOB 2] Syncing log #3
[12280] 01-07 03:50:34,257 INFO [RocksDB][db/db_impl_compaction_flush.cc:80] [JOB 2] Syncing log #9
[12280] 01-07 03:50:34,818 INFO [RocksDB](Original Log Time 2020/01/07-03:50:34.257546) [db/db_impl_compaction_flush.cc:1424] Calling FlushMemTableToOutputFile with column family [0], flush slots available 4, compaction slots available 1, flush slots scheduled 1, compaction slots scheduled 0
[12280] 01-07 03:50:34,818 INFO [RocksDB][db/flush_job.cc:301] [0] [JOB 2] Flushing memtable with next log file: 9

[12280] 01-07 03:50:34,818 INFO [RocksDB][db/flush_job.cc:301] [0] [JOB 2] Flushing memtable with next log file: 10

[12280] 01-07 03:50:34,818 INFO [RocksDB]EVENT_LOG_v1 {"time_micros": 1578369034818227, "job": 2, "event": "flush_started", "num_memtables": 2, "num_entries": 3522614, "num_deletes": 0, "memory_usage": 520100216, "flush_reason": "Write Buffer Full"}
[12280] 01-07 03:50:34,818 INFO [RocksDB][db/flush_job.cc:331] [0] [JOB 2] Level-0 flush table #11: started
[12280] 01-07 03:50:41,398 INFO [RocksDB]EVENT_LOG_v1 {"time_micros": 1578369041398132, "cf_name": "0", "job": 2, "event": "table_file_creation", "file_number": 11, "file_size": 342510871, "table_properties": {"data_size": 332780955, "index_size": 4466587, "filter_size": 5262287, "raw_key_size": 138624684, "raw_average_key_size": 42, "raw_value_size": 266588226, "raw_average_value_size": 81, "num_data_blocks": 82912, "num_entries": 3271006, "filter_policy_name": "rocksdb.BuiltinBloomFilter", "kDeletedKeys": "0", "kMergeOperands": "0"}}
[12280] 01-07 03:50:41,398 INFO [RocksDB][db/flush_job.cc:371] [0] [JOB 2] Level-0 flush table #11: 342510871 bytes OK
[12280] 01-07 03:50:41,401 INFO [RocksDB](Original Log Time 2020/01/07-03:50:41.399383) [db/memtable_list.cc:377] [0] Level-0 commit table #11 started
[12280] 01-07 03:50:41,401 INFO [RocksDB](Original Log Time 2020/01/07-03:50:41.400997) [db/memtable_list.cc:409] [0] Level-0 commit table #11: memtable #1 done
[12280] 01-07 03:50:41,401 INFO [RocksDB](Original Log Time 2020/01/07-03:50:41.401002) [db/memtable_list.cc:409] [0] Level-0 commit table #11: memtable #2 done
[12280] 01-07 03:50:41,401 INFO [RocksDB](Original Log Time 2020/01/07-03:50:41.401012) EVENT_LOG_v1 {"time_micros": 1578369041401007, "job": 2, "event": "flush_finished", "output_compression": "NoCompression", "lsm_state": [1, 0, 0, 0, 0, 0, 0], "immutable_memtables": 0}
[12280] 01-07 03:50:41,401 INFO [RocksDB](Original Log Time 2020/01/07-03:50:41.401026) [db/db_impl_compaction_flush.cc:177] [0] Level summary: base level 1 max bytes base 536870912 files[1 0 0 0 0 0 0] max score 0.64

[12280] 01-07 03:50:41,401 INFO [RocksDB][db/db_impl_files.cc:342] [JOB 2] Try to delete WAL files size 415954818, prev total WAL file size 566849818, number of live WAL files 3.

[12280] 01-07 03:50:43,267 INFO [RocksDB][db/db_impl_write.cc:1373] [0] New memtable created with log file: #12. Immutable memtables: 0.

[12280] 01-07 03:50:52,134 INFO [RocksDB][db/db_impl_write.cc:1373] [0] New memtable created with log file: #13. Immutable memtables: 1.

[12280] 01-07 03:50:52,134 INFO [RocksDB][db/db_impl_compaction_flush.cc:80] [JOB 3] Syncing log #10
[12280] 01-07 03:50:52,595 INFO [RocksDB][db/db_impl_compaction_flush.cc:80] [JOB 3] Syncing log #12
[12280] 01-07 03:50:54,050 INFO [RocksDB](Original Log Time 2020/01/07-03:50:52.134643) [db/db_impl_compaction_flush.cc:1424] Calling FlushMemTableToOutputFile with column family [0], flush slots available 4, compaction slots available 1, flush slots scheduled 1, compaction slots scheduled 0
[12280] 01-07 03:50:54,050 INFO [RocksDB][db/flush_job.cc:301] [0] [JOB 3] Flushing memtable with next log file: 12

[12280] 01-07 03:50:54,050 INFO [RocksDB][db/flush_job.cc:301] [0] [JOB 3] Flushing memtable with next log file: 13

[12280] 01-07 03:50:54,050 INFO [RocksDB]EVENT_LOG_v1 {"time_micros": 1578369054050837, "job": 3, "event": "flush_started", "num_memtables": 2, "num_entries": 3271732, "num_deletes": 0, "memory_usage": 520101072, "flush_reason": "Write Buffer Full"}
[12280] 01-07 03:50:54,050 INFO [RocksDB][db/flush_job.cc:331] [0] [JOB 3] Level-0 flush table #14: started
[12280] 01-07 03:51:00,100 INFO [RocksDB]EVENT_LOG_v1 {"time_micros": 1578369060100643, "cf_name": "0", "job": 3, "event": "table_file_creation", "file_number": 14, "file_size": 318055209, "table_properties": {"data_size": 309022117, "index_size": 4144752, "filter_size": 4887298, "raw_key_size": 128749829, "raw_average_key_size": 42, "raw_value_size": 247600780, "raw_average_value_size": 81, "num_data_blocks": 76997, "num_entries": 3038041, "filter_policy_name": "rocksdb.BuiltinBloomFilter", "kDeletedKeys": "0", "kMergeOperands": "0"}}
[12280] 01-07 03:51:00,100 INFO [RocksDB][db/flush_job.cc:371] [0] [JOB 3] Level-0 flush table #14: 318055209 bytes OK
[12280] 01-07 03:51:00,103 INFO [RocksDB](Original Log Time 2020/01/07-03:51:00.101966) [db/memtable_list.cc:377] [0] Level-0 commit table #14 started
[12280] 01-07 03:51:00,103 INFO [RocksDB](Original Log Time 2020/01/07-03:51:00.103728) [db/memtable_list.cc:409] [0] Level-0 commit table #14: memtable #1 done
[12280] 01-07 03:51:00,103 INFO [RocksDB](Original Log Time 2020/01/07-03:51:00.103729) [db/memtable_list.cc:409] [0] Level-0 commit table #14: memtable #2 done
[12280] 01-07 03:51:00,103 INFO [RocksDB](Original Log Time 2020/01/07-03:51:00.103739) EVENT_LOG_v1 {"time_micros": 1578369060103734, "job": 3, "event": "flush_finished", "output_compression": "NoCompression", "lsm_state": [2, 0, 0, 0, 0, 0, 0], "immutable_memtables": 0}
[12280] 01-07 03:51:00,103 INFO [RocksDB](Original Log Time 2020/01/07-03:51:00.103755) [db/db_impl_compaction_flush.cc:177] [0] Level summary: base level 1 max bytes base 536870912 files[2 0 0 0 0 0 0] max score 1.23

[12280] 01-07 03:51:00,103 INFO [RocksDB][db/db_impl_files.cc:342] [JOB 3] Try to delete WAL files size 386398562, prev total WAL file size 547243325, number of live WAL files 3.

[12280] 01-07 03:51:00,104 WARN [RocksDB][db/db_impl.cc:491] ------- DUMPING STATS -------
[12280] 01-07 03:51:00,104 WARN [RocksDB][db/db_impl.cc:492] 
** DB Stats **
Uptime(secs): 55.2 total, 55.2 interval
Cumulative writes: 1165K writes, 8156K keys, 1165K commit groups, 1.0 writes per commit group, ingest: 0.90 GB, 16.63 MB/s
Cumulative WAL: 1165K writes, 0 syncs, 1165175.00 writes per sync, written: 0.90 GB, 16.63 MB/s
Cumulative stall: 00:00:0.000 H:M:S, 0.0 percent
Interval writes: 1165K writes, 8156K keys, 1165K commit groups, 1.0 writes per commit group, ingest: 918.58 MB, 16.63 MB/s
Interval WAL: 1165K writes, 0 syncs, 1165175.00 writes per sync, written: 0.90 MB, 16.63 MB/s
Interval stall: 00:00:0.000 H:M:S, 0.0 percent

** Compaction Stats [default] **
Level    Files   Size     Score Read(GB)  Rn(GB) Rnp1(GB) Write(GB) Wnew(GB) Moved(GB) W-Amp Rd(MB/s) Wr(MB/s) Comp(sec) Comp(cnt) Avg(sec) KeyIn KeyDrop
----------------------------------------------------------------------------------------------------------------------------------------------------------
 Sum      0/0    0.00 KB   0.0      0.0     0.0      0.0       0.0     
[12280] 01-07 03:51:00,104 INFO [RocksDB][db/compaction_job.cc:1531] [0] [JOB 4] Compacting 2@0 files to L1, score 1.23
[12280] 01-07 03:51:00,104 INFO [RocksDB][db/compaction_job.cc:1535] [0] Compaction start summary: Base version 4 Base level 0, inputs: [14(303MB) 11(326MB)]

[12280] 01-07 03:51:00,104 INFO [RocksDB]EVENT_LOG_v1 {"time_micros": 1578369060104161, "job": 4, "event": "compaction_started", "compaction_reason": "LevelL0FilesNum", "files_L0": [14, 11], "score": 1.2304, "input_data_size": 660566080}
[12280] 01-07 03:51:01,075 INFO [RocksDB][db/db_impl_write.cc:1373] [0] New memtable created with log file: #16. Immutable memtables: 0.

[12280] 01-07 03:51:01,551 INFO [RocksDB][db/compaction_job.cc:1211] [0] [JOB 4] Generated table #15: 1193784 keys, 69779552 bytes
[12280] 01-07 03:51:01,551 INFO [RocksDB]EVENT_LOG_v1 {"time_micros": 1578369061551942, "cf_name": "0", "job": 4, "event": "table_file_creation", "file_number": 15, "file_size": 69779552, "table_properties": {"data_size": 67109182, "index_size": 977158, "filter_size": 1692181, "raw_key_size": 56871027, "raw_average_key_size": 47, "raw_value_size": 28238979, "raw_average_value_size": 23, "num_data_blocks": 16599, "num_entries": 1193784, "filter_policy_name": "rocksdb.BuiltinBloomFilter", "kDeletedKeys": "0", "kMergeOperands": "0"}}
[12280] 01-07 03:51:02,875 INFO [RocksDB][db/compaction_job.cc:1211] [0] [JOB 4] Generated table #17: 597513 keys, 68988255 bytes
[12280] 01-07 03:51:02,875 INFO [RocksDB]EVENT_LOG_v1 {"time_micros": 1578369062875204, "cf_name": "0", "job": 4, "event": "table_file_creation", "file_number": 17, "file_size": 68988255, "table_properties": {"data_size": 67110813, "index_size": 888511, "filter_size": 987900, "raw_key_size": 24595588, "raw_average_key_size": 41, "raw_value_size": 56763771, "raw_average_value_size": 95, "num_data_blocks": 16741, "num_entries": 597513, "filter_policy_name": "rocksdb.BuiltinBloomFilter", "kDeletedKeys": "0", "kMergeOperands": "0"}}
[12280] 01-07 03:51:04,190 INFO [RocksDB][db/compaction_job.cc:1211] [0] [JOB 4] Generated table #18: 597510 keys, 68987659 bytes
[12280] 01-07 03:51:04,190 INFO [RocksDB]EVENT_LOG_v1 {"time_micros": 1578369064190563, "cf_name": "0", "job": 4, "event": "table_file_creation", "file_number": 18, "file_size": 68987659, "table_properties": {"data_size": 67110315, "index_size": 888434, "filter_size": 987879, "raw_key_size": 24594252, "raw_average_key_size": 41, "raw_value_size": 56763459, "raw_average_value_size": 95, "num_data_blocks": 16739, "num_entries": 597510, "filter_policy_name": "rocksdb.BuiltinBloomFilter", "kDeletedKeys": "0", "kMergeOperands": "0"}}
[12280] 01-07 03:51:05,461 INFO [RocksDB][db/compaction_job.cc:1211] [0] [JOB 4] Generated table #19: 597534 keys, 68987703 bytes
[12280] 01-07 03:51:05,461 INFO [RocksDB]EVENT_LOG_v1 {"time_micros": 1578369065461321, "cf_name": "0", "job": 4, "event": "table_file_creation", "file_number": 19, "file_size": 68987703, "table_properties": {"data_size": 67110595, "index_size": 888179, "filter_size": 987898, "raw_key_size": 24595343, "raw_average_key_size": 41, "raw_value_size": 56765757, "raw_average_value_size": 95, "num_data_blocks": 16738, "num_entries": 597534, "filter_policy_name": "rocksdb.BuiltinBloomFilter", "kDeletedKeys": "0", "kMergeOperands": "0"}}
[12280] 01-07 03:51:06,770 INFO [RocksDB][db/compaction_job.cc:1211] [0] [JOB 4] Generated table #20: 597517 keys, 68987639 bytes
[12280] 01-07 03:51:06,770 INFO [RocksDB]EVENT_LOG_v1 {"time_micros": 1578369066770095, "cf_name": "0", "job": 4, "event": "table_file_creation", "file_number": 20, "file_size": 68987639, "table_properties": {"data_size": 67110393, "index_size": 888336, "filter_size": 987879, "raw_key_size": 24593603, "raw_average_key_size": 41, "raw_value_size": 56764088, "raw_average_value_size": 94, "num_data_blocks": 16738, "num_entries": 597517, "filter_policy_name": "rocksdb.BuiltinBloomFilter", "kDeletedKeys": "0", "kMergeOperands": "0"}}
[12280] 01-07 03:51:08,151 INFO [RocksDB][db/compaction_job.cc:1211] [0] [JOB 4] Generated table #21: 597507 keys, 68986728 bytes
[12280] 01-07 03:51:08,151 INFO [RocksDB]EVENT_LOG_v1 {"time_micros": 1578369068151855, "cf_name": "0", "job": 4, "event": "table_file_creation", "file_number": 21, "file_size": 68986728, "table_properties": {"data_size": 67109134, "index_size": 888687, "filter_size": 987876, "raw_key_size": 24594709, "raw_average_key_size": 41, "raw_value_size": 56763147, "raw_average_value_size": 94, "num_data_blocks": 16739, "num_entries": 597507, "filter_policy_name": "rocksdb.BuiltinBloomFilter", "kDeletedKeys": "0", "kMergeOperands": "0"}}
[12280] 01-07 03:51:09,453 INFO [RocksDB][db/compaction_job.cc:1211] [0] [JOB 4] Generated table #22: 597513 keys, 68987447 bytes
[12280] 01-07 03:51:09,453 INFO [RocksDB]EVENT_LOG_v1 {"time_micros": 1578369069453990, "cf_name": "0", "job": 4, "event": "table_file_creation", "file_number": 22, "file_size": 68987447, "table_properties": {"data_size": 67110009, "index_size": 888516, "filter_size": 987891, "raw_key_size": 24595698, "raw_average_key_size": 41, "raw_value_size": 56763771, "raw_average_value_size": 95, "num_data_blocks": 16740, "num_entries": 597513, "filter_policy_name": "rocksdb.BuiltinBloomFilter", "kDeletedKeys": "0", "kMergeOperands": "0"}}
[12280] 01-07 03:51:10,756 INFO [RocksDB][db/compaction_job.cc:1211] [0] [JOB 4] Generated table #23: 597527 keys, 68986316 bytes
[12280] 01-07 03:51:10,756 INFO [RocksDB]EVENT_LOG_v1 {"time_micros": 1578369070756910, "cf_name": "0", "job": 4, "event": "table_file_creation", "file_number": 23, "file_size": 68986316, "table_properties": {"data_size": 67109323, "index_size": 888071, "filter_size": 987891, "raw_key_size": 24594994, "raw_average_key_size": 41, "raw_value_size": 56765029, "raw_average_value_size": 94, "num_data_blocks": 16738, "num_entries": 597527, "filter_policy_name": "rocksdb.BuiltinBloomFilter", "kDeletedKeys": "0", "kMergeOperands": "0"}}
[12280] 01-07 03:51:12,059 INFO [RocksDB][db/compaction_job.cc:1211] [0] [JOB 4] Generated table #24: 597498 keys, 68988349 bytes
[12280] 01-07 03:51:12,059 INFO [RocksDB]EVENT_LOG_v1 {"time_micros": 1578369072059210, "cf_name": "0", "job": 4, "event": "table_file_creation", "file_number": 24, "file_size": 68988349, "table_properties": {"data_size": 67110345, "index_size": 889090, "filter_size": 987883, "raw_key_size": 24594009, "raw_average_key_size": 41, "raw_value_size": 56762310, "raw_average_value_size": 95, "num_data_blocks": 16741, "num_entries": 597498, "filter_policy_name": "rocksdb.BuiltinBloomFilter", "kDeletedKeys": "0", "kMergeOperands": "0"}}
[12280] 01-07 03:51:12,779 INFO [RocksDB][db/compaction_job.cc:1211] [0] [JOB 4] Generated table #25: 335143 keys, 38688463 bytes
[12280] 01-07 03:51:12,779 INFO [RocksDB]EVENT_LOG_v1 {"time_micros": 1578369072779990, "cf_name": "0", "job": 4, "event": "table_file_creation", "file_number": 25, "file_size": 38688463, "table_properties": {"data_size": 37636680, "index_size": 496680, "filter_size": 554073, "raw_key_size": 13745271, "raw_average_key_size": 41, "raw_value_size": 31838639, "raw_average_value_size": 95, "num_data_blocks": 9387, "num_entries": 335143, "filter_policy_name": "rocksdb.BuiltinBloomFilter", "kDeletedKeys": "0", "kMergeOperands": "0"}}
[12280] 01-07 03:51:12,781 INFO [RocksDB][db/compaction_job.cc:1287] [0] [JOB 4] Compacted 2@0 files to L1 => 660368111 bytes
[12280] 01-07 03:51:12,783 INFO [RocksDB](Original Log Time 2020/01/07-03:51:12.783103) [db/compaction_job.cc:685] [0] compacted to: base level 1 max bytes base 536870912 files[0 10 0 0 0 0 0] max score 1.23, MB/sec: 52.1 rd, 52.1 wr, level 1, files in(2, 0) out(10) MB in(630.0, 0.0) out(629.8), read-write-amplify(2.0) write-amplify(1.0) OK, records in: 6309047, records dropped: 1 output_compression: NoCompression

[12280] 01-07 03:51:12,783 INFO [RocksDB](Original Log Time 2020/01/07-03:51:12.783139) EVENT_LOG_v1 {"time_micros": 1578369072783132, "job": 4, "event": "compaction_finished", "compaction_time_micros": 12677203, "output_level": 1, "num_output_files": 10, "total_output_size": 660368111, "num_input_records": 6309047, "num_output_records": 6309046, "num_subcompactions": 1, "output_compression": "NoCompression", "num_single_delete_mismatches": 0, "num_single_delete_fallthrough": 0, "lsm_state": [0, 10, 0, 0, 0, 0, 0]}
[12280] 01-07 03:51:12,811 INFO [RocksDB]EVENT_LOG_v1 {"time_micros": 1578369072811303, "job": 4, "event": "table_file_deletion", "file_number": 14}
[12280] 01-07 03:51:12,841 INFO [RocksDB]EVENT_LOG_v1 {"time_micros": 1578369072841626, "job": 4, "event": "table_file_deletion", "file_number": 11}
[12280] 01-07 03:51:12,841 INFO [RocksDB][db/compaction_job.cc:1531] [0] [JOB 5] Compacting 1@1 files to L2, score 1.23
[12280] 01-07 03:51:12,841 INFO [RocksDB][db/compaction_job.cc:1535] [0] Compaction start summary: Base version 5 Base level 1, inputs: [15(66MB)]

[12280] 01-07 03:51:12,841 INFO [RocksDB]EVENT_LOG_v1 {"time_micros": 1578369072841679, "job": 5, "event": "compaction_started", "compaction_reason": "LevelMaxLevelSize", "files_L1": [15], "score": 1.23003, "input_data_size": 69779552}
[12280] 01-07 03:51:14,633 INFO [RocksDB][db/compaction_job.cc:1211] [0] [JOB 5] Generated table #26: 1193784 keys, 54376290 bytes
[12280] 01-07 03:51:14,633 INFO [RocksDB]EVENT_LOG_v1 {"time_micros": 1578369074633675, "cf_name": "0", "job": 5, "event": "table_file_creation", "file_number": 26, "file_size": 54376290, "table_properties": {"data_size": 52180313, "index_size": 976854, "filter_size": 1663021, "raw_key_size": 56871027, "raw_average_key_size": 47, "raw_value_size": 28238979, "raw_average_value_size": 23, "num_data_blocks": 16599, "num_entries": 1193784, "filter_policy_name": "rocksdb.BuiltinBloomFilter", "kDeletedKeys": "0", "kMergeOperands": "0"}}
[12280] 01-07 03:51:14,635 INFO [RocksDB][db/compaction_job.cc:1287] [0] [JOB 5] Compacted 1@1 files to L2 => 54376290 bytes
[12280] 01-07 03:51:14,636 INFO [RocksDB](Original Log Time 2020/01/07-03:51:14.636801) [db/compaction_job.cc:685] [0] compacted to: base level 1 max bytes base 536870912 files[0 9 1 0 0 0 0] max score 1.10, MB/sec: 38.9 rd, 30.3 wr, level 2, files in(1, 0) out(1) MB in(66.5, 0.0) out(51.9), read-write-amplify(1.8) write-amplify(0.8) OK, records in: 1193784, records dropped: 0 output_compression: Snappy

[12280] 01-07 03:51:14,636 INFO [RocksDB](Original Log Time 2020/01/07-03:51:14.636827) EVENT_LOG_v1 {"time_micros": 1578369074636810, "job": 5, "event": "compaction_finished", "compaction_time_micros": 1793288, "output_level": 2, "num_output_files": 1, "total_output_size": 54376290, "num_input_records": 1193784, "num_output_records": 1193784, "num_subcompactions": 1, "output_compression": "Snappy", "num_single_delete_mismatches": 0, "num_single_delete_fallthrough": 0, "lsm_state": [0, 9, 1, 0, 0, 0, 0]}
[12280] 01-07 03:51:14,644 INFO [RocksDB]EVENT_LOG_v1 {"time_micros": 1578369074644071, "job": 5, "event": "table_file_deletion", "file_number": 15}
[12280] 01-07 03:51:14,644 INFO [RocksDB][db/compaction_job.cc:1531] [0] [JOB 6] Compacting 1@1 files to L2, score 1.10
[12280] 01-07 03:51:14,644 INFO [RocksDB][db/compaction_job.cc:1535] [0] Compaction start summary: Base version 6 Base level 1, inputs: [24(65MB)]

[12280] 01-07 03:51:14,644 INFO [RocksDB]EVENT_LOG_v1 {"time_micros": 1578369074644118, "job": 6, "event": "compaction_started", "compaction_reason": "LevelMaxLevelSize", "files_L1": [24], "score": 1.10006, "input_data_size": 68988349}
[12280] 01-07 03:51:15,267 INFO [RocksDB][db/db_impl_write.cc:1373] [0] New memtable created with log file: #28. Immutable memtables: 1.

[12280] 01-07 03:51:15,267 INFO [RocksDB][db/db_impl_compaction_flush.cc:80] [JOB 7] Syncing log #13
[12280] 01-07 03:51:15,846 INFO [RocksDB][db/db_impl_compaction_flush.cc:80] [JOB 7] Syncing log #16
[12280] 01-07 03:51:17,907 INFO [RocksDB](Original Log Time 2020/01/07-03:51:15.267243) [db/db_impl_compaction_flush.cc:1424] Calling FlushMemTableToOutputFile with column family [0], flush slots available 4, compaction slots available 1, flush slots scheduled 1, compaction slots scheduled 1
[12280] 01-07 03:51:17,907 INFO [RocksDB][db/flush_job.cc:301] [0] [JOB 7] Flushing memtable with next log file: 16

[12280] 01-07 03:51:17,907 INFO [RocksDB][db/flush_job.cc:301] [0] [JOB 7] Flushing memtable with next log file: 28

[12280] 01-07 03:51:17,907 INFO [RocksDB]EVENT_LOG_v1 {"time_micros": 1578369077907795, "job": 7, "event": "flush_started", "num_memtables": 2, "num_entries": 3326799, "num_deletes": 0, "memory_usage": 520098592, "flush_reason": "Write Buffer Full"}
[12280] 01-07 03:51:17,907 INFO [RocksDB][db/flush_job.cc:331] [0] [JOB 7] Level-0 flush table #29: started
[12280] 01-07 03:51:17,909 INFO [RocksDB][db/compaction_job.cc:1211] [0] [JOB 6] Generated table #27: 597498 keys, 68586411 bytes
[12280] 01-07 03:51:17,909 INFO [RocksDB]EVENT_LOG_v1 {"time_micros": 1578369077909735, "cf_name": "0", "job": 6, "event": "table_file_creation", "file_number": 27, "file_size": 68586411, "table_properties": {"data_size": 67110345, "index_size": 889090, "filter_size": 987883, "raw_key_size": 24594009, "raw_average_key_size": 41, "raw_value_size": 56762310, "raw_average_value_size": 95, "num_data_blocks": 16741, "num_entries": 597498, "filter_policy_name": "rocksdb.BuiltinBloomFilter", "kDeletedKeys": "0", "kMergeOperands": "0"}}
[12280] 01-07 03:51:17,911 INFO [RocksDB][db/compaction_job.cc:1287] [0] [JOB 6] Compacted 1@1 files to L2 => 68586411 bytes
[12280] 01-07 03:51:17,912 INFO [RocksDB](Original Log Time 2020/01/07-03:51:17.912756) [db/compaction_job.cc:685] [0] compacted to: base level 1 max bytes base 536870912 files[0 8 2 0 0 0 0] max score 0.97, MB/sec: 21.1 rd, 21.0 wr, level 2, files in(1, 0) out(1) MB in(65.8, 0.0) out(65.4), read-write-amplify(2.0) write-amplify(1.0) OK, records in: 597498, records dropped: 0 output_compression: Snappy

[12280] 01-07 03:51:17,912 INFO [RocksDB](Original Log Time 2020/01/07-03:51:17.912773) EVENT_LOG_v1 {"time_micros": 1578369077912767, "job": 6, "event": "compaction_finished", "compaction_time_micros": 3266879, "output_level": 2, "num_output_files": 1, "total_output_size": 68586411, "num_input_records": 597498, "num_output_records": 597498, "num_subcompactions": 1, "output_compression": "Snappy", "num_single_delete_mismatches": 0, "num_single_delete_fallthrough": 0, "lsm_state": [0, 8, 2, 0, 0, 0, 0]}
[12280] 01-07 03:51:24,172 INFO [RocksDB]EVENT_LOG_v1 {"time_micros": 1578369084172621, "cf_name": "0", "job": 7, "event": "table_file_creation", "file_number": 29, "file_size": 323482284, "table_properties": {"data_size": 314294937, "index_size": 4216558, "filter_size": 4969747, "raw_key_size": 130920563, "raw_average_key_size": 42, "raw_value_size": 251766119, "raw_average_value_size": 81, "num_data_blocks": 78308, "num_entries": 3089166, "filter_policy_name": "rocksdb.BuiltinBloomFilter", "kDeletedKeys": "0", "kMergeOperands": "0"}}
[12280] 01-07 03:51:24,172 INFO [RocksDB][db/flush_job.cc:371] [0] [JOB 7] Level-0 flush table #29: 323482284 bytes OK
[12280] 01-07 03:51:24,175 INFO [RocksDB](Original Log Time 2020/01/07-03:51:24.173796) [db/memtable_list.cc:377] [0] Level-0 commit table #29 started
[12280] 01-07 03:51:24,175 INFO [RocksDB](Original Log Time 2020/01/07-03:51:24.175448) [db/memtable_list.cc:409] [0] Level-0 commit table #29: memtable #1 done
[12280] 01-07 03:51:24,175 INFO [RocksDB](Original Log Time 2020/01/07-03:51:24.175448) [db/memtable_list.cc:409] [0] Level-0 commit table #29: memtable #2 done
[12280] 01-07 03:51:24,175 INFO [RocksDB](Original Log Time 2020/01/07-03:51:24.175458) EVENT_LOG_v1 {"time_micros": 1578369084175454, "job": 7, "event": "flush_finished", "output_compression": "NoCompression", "lsm_state": [1, 8, 2, 0, 0, 0, 0], "immutable_memtables": 0}
[12280] 01-07 03:51:24,175 INFO [RocksDB](Original Log Time 2020/01/07-03:51:24.175480) [db/db_impl_compaction_flush.cc:177] [0] Level summary: base level 1 max bytes base 536870912 files[1 8 2 0 0 0 0] max score 0.97

[12280] 01-07 03:51:24,175 INFO [RocksDB][db/db_impl_files.cc:342] [JOB 7] Try to delete WAL files size 392904625, prev total WAL file size 506995347, number of live WAL files 3.

[12280] 01-07 03:51:24,181 INFO [RocksDB]EVENT_LOG_v1 {"time_micros": 1578369084181681, "job": 7, "event": "table_file_deletion", "file_number": 24}
[12280] 01-07 03:51:30,761 INFO [RocksDB][db/db_impl_write.cc:1373] [0] New memtable created with log file: #30. Immutable memtables: 0.

[12280] 01-07 03:51:46,447 INFO [RocksDB][db/db_impl_write.cc:1373] [0] New memtable created with log file: #31. Immutable memtables: 1.

[12280] 01-07 03:51:46,447 INFO [RocksDB][db/db_impl_compaction_flush.cc:80] [JOB 8] Syncing log #28
[12280] 01-07 03:51:47,438 INFO [RocksDB][db/db_impl_compaction_flush.cc:80] [JOB 8] Syncing log #30
[12280] 01-07 03:51:49,012 INFO [RocksDB](Original Log Time 2020/01/07-03:51:46.447084) [db/db_impl_compaction_flush.cc:1424] Calling FlushMemTableToOutputFile with column family [0], flush slots available 4, compaction slots available 1, flush slots scheduled 1, compaction slots scheduled 0
[12280] 01-07 03:51:49,012 INFO [RocksDB][db/flush_job.cc:301] [0] [JOB 8] Flushing memtable with next log file: 30

[12280] 01-07 03:51:49,012 INFO [RocksDB][db/flush_job.cc:301] [0] [JOB 8] Flushing memtable with next log file: 31

[12280] 01-07 03:51:49,012 INFO [RocksDB]EVENT_LOG_v1 {"time_micros": 1578369109012305, "job": 8, "event": "flush_started", "num_memtables": 2, "num_entries": 3575650, "num_deletes": 0, "memory_usage": 520099576, "flush_reason": "Write Buffer Full"}
[12280] 01-07 03:51:49,012 INFO [RocksDB][db/flush_job.cc:331] [0] [JOB 8] Level-0 flush table #32: started
[12280] 01-07 03:51:55,670 INFO [RocksDB]EVENT_LOG_v1 {"time_micros": 1578369115670900, "cf_name": "0", "job": 8, "event": "table_file_creation", "file_number": 32, "file_size": 347650756, "table_properties": {"data_size": 337772987, "index_size": 4535431, "filter_size": 5341295, "raw_key_size": 140711516, "raw_average_key_size": 42, "raw_value_size": 270600150, "raw_average_value_size": 81, "num_data_blocks": 84156, "num_entries": 3320249, "filter_policy_name": "rocksdb.BuiltinBloomFilter", "kDeletedKeys": "0", "kMergeOperands": "0"}}
[12280] 01-07 03:51:55,670 INFO [RocksDB][db/flush_job.cc:371] [0] [JOB 8] Level-0 flush table #32: 347650756 bytes OK
[12280] 01-07 03:51:55,674 INFO [RocksDB](Original Log Time 2020/01/07-03:51:55.672088) [db/memtable_list.cc:377] [0] Level-0 commit table #32 started
[12280] 01-07 03:51:55,674 INFO [RocksDB](Original Log Time 2020/01/07-03:51:55.673969) [db/memtable_list.cc:409] [0] Level-0 commit table #32: memtable #1 done
[12280] 01-07 03:51:55,674 INFO [RocksDB](Original Log Time 2020/01/07-03:51:55.673970) [db/memtable_list.cc:409] [0] Level-0 commit table #32: memtable #2 done
[12280] 01-07 03:51:55,674 INFO [RocksDB](Original Log Time 2020/01/07-03:51:55.673982) EVENT_LOG_v1 {"time_micros": 1578369115673977, "job": 8, "event": "flush_finished", "output_compression": "NoCompression", "lsm_state": [2, 8, 2, 0, 0, 0, 0], "immutable_memtables": 0}
[12280] 01-07 03:51:55,674 INFO [RocksDB](Original Log Time 2020/01/07-03:51:55.674016) [db/db_impl_compaction_flush.cc:177] [0] Level summary: base level 1 max bytes base 536870912 files[2 8 2 0 0 0 0] max score 1.25

[12280] 01-07 03:51:55,674 INFO [RocksDB][db/db_impl_files.cc:342] [JOB 8] Try to delete WAL files size 422293813, prev total WAL file size 458101619, number of live WAL files 3.

[12280] 01-07 03:51:55,674 INFO [RocksDB][db/compaction_job.cc:1531] [0] [JOB 9] Compacting 2@0 + 8@1 files to L1, score 1.25
[12280] 01-07 03:51:55,674 INFO [RocksDB][db/compaction_job.cc:1535] [0] Compaction start summary: Base version 9 Base level 0, inputs: [32(331MB) 29(308MB)], [17(65MB) 18(65MB) 19(65MB) 20(65MB) 21(65MB) 22(65MB) 23(65MB) 25(36MB)]

[12280] 01-07 03:51:55,674 INFO [RocksDB]EVENT_LOG_v1 {"time_micros": 1578369115674213, "job": 9, "event": "compaction_started", "compaction_reason": "LevelL0FilesNum", "files_L0": [32, 29], "files_L1": [17, 18, 19, 20, 21, 22, 23, 25], "score": 1.25008, "input_data_size": 1192733250}
[12280] 01-07 03:51:57,090 INFO [RocksDB][db/compaction_job.cc:1211] [0] [JOB 9] Generated table #33: 1203064 keys, 69795116 bytes
[12280] 01-07 03:51:57,090 INFO [RocksDB]EVENT_LOG_v1 {"time_micros": 1578369117090076, "cf_name": "0", "job": 9, "event": "table_file_creation", "file_number": 33, "file_size": 69795116, "table_properties": {"data_size": 67112499, "index_size": 978511, "filter_size": 1703075, "raw_key_size": 57376801, "raw_average_key_size": 47, "raw_value_size": 27762909, "raw_average_value_size": 23, "num_data_blocks": 16598, "num_entries": 1203064, "filter_policy_name": "rocksdb.BuiltinBloomFilter", "kDeletedKeys": "0", "kMergeOperands": "0"}}
[12280] 01-07 03:51:58,405 INFO [RocksDB][db/compaction_job.cc:1211] [0] [JOB 9] Generated table #34: 597625 keys, 68989305 bytes
[12280] 01-07 03:51:58,405 INFO [RocksDB]EVENT_LOG_v1 {"time_micros": 1578369118405672, "cf_name": "0", "job": 9, "event": "table_file_creation", "file_number": 34, "file_size": 68989305, "table_properties": {"data_size": 67111467, "index_size": 888769, "filter_size": 988038, "raw_key_size": 24601334, "raw_average_key_size": 41, "raw_value_size": 56774429, "raw_average_value_size": 95, "num_data_blocks": 16741, "num_entries": 597625, "filter_policy_name": "rocksdb.BuiltinBloomFilter", "kDeletedKeys": "0", "kMergeOperands": "0"}}
[12280] 01-07 03:51:59,784 INFO [RocksDB][db/compaction_job.cc:1211] [0] [JOB 9] Generated table #35: 597638 keys, 68989688 bytes
[12280] 01-07 03:51:59,784 INFO [RocksDB]EVENT_LOG_v1 {"time_micros": 1578369119784826, "cf_name": "0", "job": 9, "event": "table_file_creation", "file_number": 35, "file_size": 68989688, "table_properties": {"data_size": 67111921, "index_size": 888676, "filter_size": 988060, "raw_key_size": 24600211, "raw_average_key_size": 41, "raw_value_size": 56775682, "raw_average_value_size": 95, "num_data_blocks": 16742, "num_entries": 597638, "filter_policy_name": "rocksdb.BuiltinBloomFilter", "kDeletedKeys": "0", "kMergeOperands": "0"}}
[12280] 01-07 03:52:01,087 INFO [RocksDB][db/compaction_job.cc:1211] [0] [JOB 9] Generated table #36: 597603 keys, 68990350 bytes
[12280] 01-07 03:52:01,087 INFO [RocksDB]EVENT_LOG_v1 {"time_micros": 1578369121087855, "cf_name": "0", "job": 9, "event": "table_file_creation", "file_number": 36, "file_size": 68990350, "table_properties": {"data_size": 67112256, "index_size": 889033, "filter_size": 988030, "raw_key_size": 24596828, "raw_average_key_size": 41, "raw_value_size": 56772240, "raw_average_value_size": 94, "num_data_blocks": 16743, "num_entries": 597603, "filter_policy_name": "rocksdb.BuiltinBloomFilter", "kDeletedKeys": "0", "kMergeOperands": "0"}}
[12280] 01-07 03:52:02,388 INFO [RocksDB][db/compaction_job.cc:1211] [0] [JOB 9] Generated table #37: 597616 keys, 68990603 bytes
[12280] 01-07 03:52:02,388 INFO [RocksDB]EVENT_LOG_v1 {"time_micros": 1578369122388062, "cf_name": "0", "job": 9, "event": "table_file_creation", "file_number": 37, "file_size": 68990603, "table_properties": {"data_size": 67112309, "index_size": 889209, "filter_size": 988054, "raw_key_size": 24599948, "raw_average_key_size": 41, "raw_value_size": 56773493, "raw_average_value_size": 94, "num_data_blocks": 16744, "num_entries": 597616, "filter_policy_name": "rocksdb.BuiltinBloomFilter", "kDeletedKeys": "0", "kMergeOperands": "0"}}
[12280] 01-07 03:52:03,690 INFO [RocksDB][db/compaction_job.cc:1211] [0] [JOB 9] Generated table #38: 597594 keys, 68988432 bytes
[12280] 01-07 03:52:03,690 INFO [RocksDB]EVENT_LOG_v1 {"time_micros": 1578369123690775, "cf_name": "0", "job": 9, "event": "table_file_creation", "file_number": 38, "file_size": 68988432, "table_properties": {"data_size": 67110764, "index_size": 888624, "filter_size": 988013, "raw_key_size": 24595216, "raw_average_key_size": 41, "raw_value_size": 56771502, "raw_average_value_size": 95, "num_data_blocks": 16743, "num_entries": 597594, "filter_policy_name": "rocksdb.BuiltinBloomFilter", "kDeletedKeys": "0", "kMergeOperands": "0"}}
[12280] 01-07 03:52:05,001 INFO [RocksDB][db/compaction_job.cc:1211] [0] [JOB 9] Generated table #39: 597641 keys, 68988032 bytes
[12280] 01-07 03:52:05,001 INFO [RocksDB]EVENT_LOG_v1 {"time_micros": 1578369125001266, "cf_name": "0", "job": 9, "event": "table_file_creation", "file_number": 39, "file_size": 68988032, "table_properties": {"data_size": 67110695, "index_size": 888245, "filter_size": 988061, "raw_key_size": 24599768, "raw_average_key_size": 41, "raw_value_size": 56775895, "raw_average_value_size": 95, "num_data_blocks": 16742, "num_entries": 597641, "filter_policy_name": "rocksdb.BuiltinBloomFilter", "kDeletedKeys": "0", "kMergeOperands": "0"}}
[12280] 01-07 03:52:06,309 INFO [RocksDB][db/compaction_job.cc:1211] [0] [JOB 9] Generated table #40: 597641 keys, 68990729 bytes
[12280] 01-07 03:52:06,309 INFO [RocksDB]EVENT_LOG_v1 {"time_micros": 1578369126309845, "cf_name": "0", "job": 9, "event": "table_file_creation", "file_number": 40, "file_size": 68990729, "table_properties": {"data_size": 67113078, "index_size": 888555, "filter_size": 988065, "raw_key_size": 24599846, "raw_average_key_size": 41, "raw_value_size": 56775895, "raw_average_value_size": 95, "num_data_blocks": 16742, "num_entries": 597641, "filter_policy_name": "rocksdb.BuiltinBloomFilter", "kDeletedKeys": "0", "kMergeOperands": "0"}}
[12280] 01-07 03:52:07,621 INFO [RocksDB][db/compaction_job.cc:1211] [0] [JOB 9] Generated table #41: 597603 keys, 68988719 bytes
[12280] 01-07 03:52:07,621 INFO [RocksDB]EVENT_LOG_v1 {"time_micros": 1578369127621518, "cf_name": "0", "job": 9, "event": "table_file_creation", "file_number": 41, "file_size": 68988719, "table_properties": {"data_size": 67110923, "index_size": 888748, "filter_size": 988017, "raw_key_size": 24596996, "raw_average_key_size": 41, "raw_value_size": 56772240, "raw_average_value_size": 94, "num_data_blocks": 16742, "num_entries": 597603, "filter_policy_name": "rocksdb.BuiltinBloomFilter", "kDeletedKeys": "0", "kMergeOperands": "0"}}
[12280] 01-07 03:52:08,991 INFO [RocksDB][db/compaction_job.cc:1211] [0] [JOB 9] Generated table #42: 597627 keys, 68990625 bytes
[12280] 01-07 03:52:08,991 INFO [RocksDB]EVENT_LOG_v1 {"time_micros": 1578369128991227, "cf_name": "0", "job": 9, "event": "table_file_creation", "file_number": 42, "file_size": 68990625, "table_properties": {"data_size": 67112803, "index_size": 888733, "filter_size": 988058, "raw_key_size": 24600024, "raw_average_key_size": 41, "raw_value_size": 56774538, "raw_average_value_size": 94, "num_data_blocks": 16743, "num_entries": 597627, "filter_policy_name": "rocksdb.BuiltinBloomFilter", "kDeletedKeys": "0", "kMergeOperands": "0"}}
[12280] 01-07 03:52:10,292 INFO [RocksDB][db/compaction_job.cc:1211] [0] [JOB 9] Generated table #43: 597616 keys, 68986669 bytes
[12280] 01-07 03:52:10,292 INFO [RocksDB]EVENT_LOG_v1 {"time_micros": 1578369130292626, "cf_name": "0", "job": 9, "event": "table_file_creation", "file_number": 43, "file_size": 68986669, "table_properties": {"data_size": 67109183, "index_size": 888434, "filter_size": 988021, "raw_key_size": 24598049, "raw_average_key_size": 41, "raw_value_size": 56773592, "raw_average_value_size": 95, "num_data_blocks": 16741, "num_entries": 597616, "filter_policy_name": "rocksdb.BuiltinBloomFilter", "kDeletedKeys": "0", "kMergeOperands": "0"}}
[12280] 01-07 03:52:11,620 INFO [RocksDB][db/compaction_job.cc:1211] [0] [JOB 9] Generated table #44: 597578 keys, 68988905 bytes
[12280] 01-07 03:52:11,620 INFO [RocksDB]EVENT_LOG_v1 {"time_micros": 1578369131620293, "cf_name": "0", "job": 9, "event": "table_file_creation", "file_number": 44, "file_size": 68988905, "table_properties": {"data_size": 67110568, "index_size": 889300, "filter_size": 988006, "raw_key_size": 24596832, "raw_average_key_size": 41, "raw_value_size": 56769838, "raw_average_value_size": 94, "num_data_blocks": 16744, "num_entries": 597578, "filter_policy_name": "rocksdb.BuiltinBloomFilter", "kDeletedKeys": "0", "kMergeOperands": "0"}}
[12280] 01-07 03:52:12,905 INFO [RocksDB][db/compaction_job.cc:1211] [0] [JOB 9] Generated table #45: 597608 keys, 68989240 bytes
[12280] 01-07 03:52:12,905 INFO [RocksDB]EVENT_LOG_v1 {"time_micros": 1578369132905603, "cf_name": "0", "job": 9, "event": "table_file_creation", "file_number": 45, "file_size": 68989240, "table_properties": {"data_size": 67111065, "index_size": 889113, "filter_size": 988031, "raw_key_size": 24600617, "raw_average_key_size": 41, "raw_value_size": 56772760, "raw_average_value_size": 95, "num_data_blocks": 16743, "num_entries": 597608, "filter_policy_name": "rocksdb.BuiltinBloomFilter", "kDeletedKeys": "0", "kMergeOperands": "0"}}
[12280] 01-07 03:52:14,206 INFO [RocksDB][db/compaction_job.cc:1211] [0] [JOB 9] Generated table #46: 597624 keys, 68990678 bytes
[12280] 01-07 03:52:14,206 INFO [RocksDB]EVENT_LOG_v1 {"time_micros": 1578369134206735, "cf_name": "0", "job": 9, "event": "table_file_creation", "file_number": 46, "file_size": 68990678, "table_properties": {"data_size": 67112867, "index_size": 888727, "filter_size": 988053, "raw_key_size": 24598311, "raw_average_key_size": 41, "raw_value_size": 56774325, "raw_average_value_size": 95, "num_data_blocks": 16743, "num_entries": 597624, "filter_policy_name": "rocksdb.BuiltinBloomFilter", "kDeletedKeys": "0", "kMergeOperands": "0"}}
[12280] 01-07 03:52:15,515 INFO [RocksDB][db/compaction_job.cc:1211] [0] [JOB 9] Generated table #47: 597652 keys, 68989750 bytes
[12280] 01-07 03:52:15,515 INFO [RocksDB]EVENT_LOG_v1 {"time_micros": 1578369135515218, "cf_name": "0", "job": 9, "event": "table_file_creation", "file_number": 47, "file_size": 68989750, "table_properties": {"data_size": 67111893, "index_size": 888748, "filter_size": 988078, "raw_key_size": 24603445, "raw_average_key_size": 41, "raw_value_size": 56776940, "raw_average_value_size": 95, "num_data_blocks": 16742, "num_entries": 597652, "filter_policy_name": "rocksdb.BuiltinBloomFilter", "kDeletedKeys": "0", "kMergeOperands": "0"}}
[12280] 01-07 03:52:16,895 INFO [RocksDB][db/compaction_job.cc:1211] [0] [JOB 9] Generated table #48: 597525 keys, 68989498 bytes
[12280] 01-07 03:52:16,895 INFO [RocksDB]EVENT_LOG_v1 {"time_micros": 1578369136895273, "cf_name": "0", "job": 9, "event": "table_file_creation", "file_number": 48, "file_size": 68989498, "table_properties": {"data_size": 67112109, "index_size": 888456, "filter_size": 987902, "raw_key_size": 24595614, "raw_average_key_size": 41, "raw_value_size": 56764821, "raw_average_value_size": 94, "num_data_blocks": 16739, "num_entries": 597525, "filter_policy_name": "rocksdb.BuiltinBloomFilter", "kDeletedKeys": "0", "kMergeOperands": "0"}}
[12280] 01-07 03:52:18,197 INFO [RocksDB][db/compaction_job.cc:1211] [0] [JOB 9] Generated table #49: 597598 keys, 68989603 bytes
[12280] 01-07 03:52:18,197 INFO [RocksDB]EVENT_LOG_v1 {"time_micros": 1578369138197024, "cf_name": "0", "job": 9, "event": "table_file_creation", "file_number": 49, "file_size": 68989603, "table_properties": {"data_size": 67111461, "index_size": 889096, "filter_size": 988015, "raw_key_size": 24600172, "raw_average_key_size": 41, "raw_value_size": 56771819, "raw_average_value_size": 95, "num_data_blocks": 16742, "num_entries": 597598, "filter_policy_name": "rocksdb.BuiltinBloomFilter", "kDeletedKeys": "0", "kMergeOperands": "0"}}
[12280] 01-07 03:52:18,522 INFO [RocksDB][db/compaction_job.cc:1211] [0] [JOB 9] Generated table #50: 162325 keys, 18732815 bytes
[12280] 01-07 03:52:18,522 INFO [RocksDB]EVENT_LOG_v1 {"time_micros": 1578369138522549, "cf_name": "0", "job": 9, "event": "table_file_creation", "file_number": 50, "file_size": 18732815, "table_properties": {"data_size": 18224266, "index_size": 239215, "filter_size": 268304, "raw_key_size": 6581506, "raw_average_key_size": 40, "raw_value_size": 15420956, "raw_average_value_size": 95, "num_data_blocks": 4543, "num_entries": 162325, "filter_policy_name": "rocksdb.BuiltinBloomFilter", "kDeletedKeys": "0", "kMergeOperands": "0"}}
[12280] 01-07 03:52:18,524 INFO [RocksDB][db/compaction_job.cc:1287] [0] [JOB 9] Compacted 2@0 + 8@1 files to L1 => 1192358757 bytes
[12280] 01-07 03:52:18,525 INFO [RocksDB](Original Log Time 2020/01/07-03:52:18.525790) [db/compaction_job.cc:685] [0] compacted to: base level 1 max bytes base 536870912 files[0 18 2 0 0 0 0] max score 2.22, MB/sec: 52.2 rd, 52.2 wr, level 1, files in(2, 8) out(18) MB in(640.0, 497.4) out(1137.1), read-write-amplify(3.6) write-amplify(1.8) OK, records in: 10927179, records dropped: 1 output_compression: NoCompression

[12280] 01-07 03:52:18,525 INFO [RocksDB](Original Log Time 2020/01/07-03:52:18.525805) EVENT_LOG_v1 {"time_micros": 1578369138525798, "job": 9, "event": "compaction_finished", "compaction_time_micros": 22849769, "output_level": 1, "num_output_files": 18, "total_output_size": 1192358757, "num_input_records": 10927179, "num_output_records": 10927178, "num_subcompactions": 1, "output_compression": "NoCompression", "num_single_delete_mismatches": 0, "num_single_delete_fallthrough": 0, "lsm_state": [0, 18, 2, 0, 0, 0, 0]}
[12280] 01-07 03:52:18,525 INFO [RocksDB][db/compaction_picker.cc:485] [0] Expanding@1 1+1(69795116+54376290 bytes) to 2+1 (138784421+54376290 bytes)

[12280] 01-07 03:52:18,525 INFO [RocksDB][db/compaction_job.cc:1531] [0] [JOB 10] Compacting 2@1 + 1@2 files to L2, score 2.22
[12280] 01-07 03:52:18,525 INFO [RocksDB][db/compaction_job.cc:1535] [0] Compaction start summary: Base version 10 Base level 1, inputs: [33(66MB) 34(65MB)], [26(51MB)]

[12280] 01-07 03:52:18,525 INFO [RocksDB]EVENT_LOG_v1 {"time_micros": 1578369138525911, "job": 10, "event": "compaction_started", "compaction_reason": "LevelMaxLevelSize", "files_L1": [33, 34], "files_L2": [26], "score": 2.22094, "input_data_size": 193160711}
[12280] 01-07 03:52:18,560 INFO [RocksDB]EVENT_LOG_v1 {"time_micros": 1578369138560951, "job": 0, "event": "table_file_deletion", "file_number": 32}
[12280] 01-07 03:52:18,591 INFO [RocksDB]EVENT_LOG_v1 {"time_micros": 1578369138591904, "job": 0, "event": "table_file_deletion", "file_number": 29}
[12280] 01-07 03:52:18,595 INFO [RocksDB]EVENT_LOG_v1 {"time_micros": 1578369138595650, "job": 0, "event": "table_file_deletion", "file_number": 25}
[12280] 01-07 03:52:18,602 INFO [RocksDB]EVENT_LOG_v1 {"time_micros": 1578369138602214, "job": 0, "event": "table_file_deletion", "file_number": 23}
[12280] 01-07 03:52:18,608 INFO [RocksDB]EVENT_LOG_v1 {"time_micros": 1578369138608763, "job": 0, "event": "table_file_deletion", "file_number": 22}
[12280] 01-07 03:52:18,615 INFO [RocksDB]EVENT_LOG_v1 {"time_micros": 1578369138615552, "job": 0, "event": "table_file_deletion", "file_number": 21}
[12280] 01-07 03:52:18,622 INFO [RocksDB]EVENT_LOG_v1 {"time_micros": 1578369138622399, "job": 0, "event": "table_file_deletion", "file_number": 20}
[12280] 01-07 03:52:18,629 INFO [RocksDB]EVENT_LOG_v1 {"time_micros": 1578369138629363, "job": 0, "event": "table_file_deletion", "file_number": 19}
[12280] 01-07 03:52:18,635 INFO [RocksDB]EVENT_LOG_v1 {"time_micros": 1578369138635935, "job": 0, "event": "table_file_deletion", "file_number": 18}
[12280] 01-07 03:52:18,642 INFO [RocksDB]EVENT_LOG_v1 {"time_micros": 1578369138642926, "job": 0, "event": "table_file_deletion", "file_number": 17}
[12280] 01-07 03:52:21,865 INFO [RocksDB][db/compaction_job.cc:1211] [0] [JOB 10] Generated table #51: 2070406 keys, 70699154 bytes
[12280] 01-07 03:52:21,865 INFO [RocksDB]EVENT_LOG_v1 {"time_micros": 1578369141865639, "cf_name": "0", "job": 10, "event": "table_file_creation", "file_number": 51, "file_size": 70699154, "table_properties": {"data_size": 67110946, "index_size": 1466964, "filter_size": 2796199, "raw_key_size": 100811597, "raw_average_key_size": 48, "raw_value_size": 24989991, "raw_average_value_size": 12, "num_data_blocks": 23991, "num_entries": 2070406, "filter_policy_name": "rocksdb.BuiltinBloomFilter", "kDeletedKeys": "0", "kMergeOperands": "0"}}
[12280] 01-07 03:52:23,176 INFO [RocksDB][db/compaction_job.cc:1211] [0] [JOB 10] Generated table #52: 597619 keys, 68583999 bytes
[12280] 01-07 03:52:23,176 INFO [RocksDB]EVENT_LOG_v1 {"time_micros": 1578369143176910, "cf_name": "0", "job": 10, "event": "table_file_creation", "file_number": 52, "file_size": 68583999, "table_properties": {"data_size": 67111221, "index_size": 888814, "filter_size": 988039, "raw_key_size": 24600070, "raw_average_key_size": 41, "raw_value_size": 56773805, "raw_average_value_size": 95, "num_data_blocks": 16742, "num_entries": 597619, "filter_policy_name": "rocksdb.BuiltinBloomFilter", "kDeletedKeys": "0", "kMergeOperands": "0"}}
[12280] 01-07 03:52:23,907 INFO [RocksDB][db/compaction_job.cc:1211] [0] [JOB 10] Generated table #53: 326447 keys, 37464087 bytes
[12280] 01-07 03:52:23,907 INFO [RocksDB]EVENT_LOG_v1 {"time_micros": 1578369143907225, "cf_name": "0", "job": 10, "event": "table_file_creation", "file_number": 53, "file_size": 37464087, "table_properties": {"data_size": 36659361, "index_size": 485225, "filter_size": 539710, "raw_key_size": 13437476, "raw_average_key_size": 41, "raw_value_size": 31012465, "raw_average_value_size": 95, "num_data_blocks": 9145, "num_entries": 326447, "filter_policy_name": "rocksdb.BuiltinBloomFilter", "kDeletedKeys": "0", "kMergeOperands": "0"}}
[12280] 01-07 03:52:23,908 INFO [RocksDB][db/compaction_job.cc:1287] [0] [JOB 10] Compacted 2@1 + 1@2 files to L2 => 176747240 bytes
[12280] 01-07 03:52:23,910 INFO [RocksDB](Original Log Time 2020/01/07-03:52:23.910285) [db/compaction_job.cc:685] [0] compacted to: base level 1 max bytes base 536870912 files[0 16 4 0 0 0 0] max score 1.96, MB/sec: 35.9 rd, 32.8 wr, level 2, files in(2, 1) out(3) MB in(132.4, 51.9) out(168.6), read-write-amplify(2.7) write-amplify(1.3) OK, records in: 2994473, records dropped: 1 output_compression: Snappy

[12280] 01-07 03:52:23,910 INFO [RocksDB](Original Log Time 2020/01/07-03:52:23.910298) EVENT_LOG_v1 {"time_micros": 1578369143910293, "job": 10, "event": "compaction_finished", "compaction_time_micros": 5382566, "output_level": 2, "num_output_files": 3, "total_output_size": 176747240, "num_input_records": 2994473, "num_output_records": 2994472, "num_subcompactions": 1, "output_compression": "Snappy", "num_single_delete_mismatches": 0, "num_single_delete_fallthrough": 0, "lsm_state": [0, 16, 4, 0, 0, 0, 0]}
[12280] 01-07 03:52:23,917 INFO [RocksDB]EVENT_LOG_v1 {"time_micros": 1578369143917105, "job": 10, "event": "table_file_deletion", "file_number": 34}
[12280] 01-07 03:52:23,924 INFO [RocksDB]EVENT_LOG_v1 {"time_micros": 1578369143924255, "job": 10, "event": "table_file_deletion", "file_number": 33}
[12280] 01-07 03:52:23,929 INFO [RocksDB]EVENT_LOG_v1 {"time_micros": 1578369143929723, "job": 10, "event": "table_file_deletion", "file_number": 26}
[12280] 01-07 03:52:23,929 INFO [RocksDB][db/compaction_job.cc:1531] [0] [JOB 11] Compacting 1@1 files to L2, score 1.96
[12280] 01-07 03:52:23,929 INFO [RocksDB][db/compaction_job.cc:1535] [0] Compaction start summary: Base version 11 Base level 1, inputs: [40(65MB)]

[12280] 01-07 03:52:23,929 INFO [RocksDB]EVENT_LOG_v1 {"time_micros": 1578369143929770, "job": 11, "event": "compaction_started", "compaction_reason": "LevelMaxLevelSize", "files_L1": [40], "score": 1.96244, "input_data_size": 68990729}
