[17070] 01-07 04:32:06,906 INFO [RocksDB]RocksDB version: 5.14.2

[17070] 01-07 04:32:06,913 INFO [RocksDB]Git sha rocksdb_build_git_sha:5ee59bde6ee151270b065c58656993fea5e936e6
[17070] 01-07 04:32:06,913 INFO [RocksDB]Compile date Jan  7 2020
[17070] 01-07 04:32:06,913 INFO [RocksDB]DB SUMMARY

[17070] 01-07 04:32:06,913 INFO [RocksDB]SST files in /home/ubuntu/ardb/data/rocksdb dir, Total Num: 0, files: 

[17070] 01-07 04:32:06,913 INFO [RocksDB]Write Ahead Log file in /home/ubuntu/ardb/data/rocksdb: 

[17070] 01-07 04:32:06,913 INFO [RocksDB]                        Options.error_if_exists: 0
[17070] 01-07 04:32:06,913 INFO [RocksDB]                      Options.create_if_missing: 1
[17070] 01-07 04:32:06,913 INFO [RocksDB]                        Options.paranoid_checks: 1
[17070] 01-07 04:32:06,913 INFO [RocksDB]                                    Options.env: 0xbfd6c0
[17070] 01-07 04:32:06,913 INFO [RocksDB]                               Options.info_log: 0x7f74f443f8a0
[17070] 01-07 04:32:06,913 INFO [RocksDB]               Options.max_file_opening_threads: 16
[17070] 01-07 04:32:06,913 INFO [RocksDB]                             Options.statistics: (nil)
[17070] 01-07 04:32:06,913 INFO [RocksDB]                              Options.use_fsync: 0
[17070] 01-07 04:32:06,913 INFO [RocksDB]                      Options.max_log_file_size: 0
[17070] 01-07 04:32:06,913 INFO [RocksDB]                 Options.max_manifest_file_size: 18446744073709551615
[17070] 01-07 04:32:06,913 INFO [RocksDB]                  Options.log_file_time_to_roll: 0
[17070] 01-07 04:32:06,913 INFO [RocksDB]                      Options.keep_log_file_num: 1000
[17070] 01-07 04:32:06,913 INFO [RocksDB]                   Options.recycle_log_file_num: 0
[17070] 01-07 04:32:06,913 INFO [RocksDB]                        Options.allow_fallocate: 1
[17070] 01-07 04:32:06,913 INFO [RocksDB]                       Options.allow_mmap_reads: 0
[17070] 01-07 04:32:06,913 INFO [RocksDB]                      Options.allow_mmap_writes: 0
[17070] 01-07 04:32:06,913 INFO [RocksDB]                       Options.use_direct_reads: 0
[17070] 01-07 04:32:06,913 INFO [RocksDB]                       Options.use_direct_io_for_flush_and_compaction: 0
[17070] 01-07 04:32:06,913 INFO [RocksDB]         Options.create_missing_column_families: 0
[17070] 01-07 04:32:06,913 INFO [RocksDB]                             Options.db_log_dir: 
[17070] 01-07 04:32:06,913 INFO [RocksDB]                                Options.wal_dir: /home/ubuntu/ardb/data/rocksdb
[17070] 01-07 04:32:06,913 INFO [RocksDB]               Options.table_cache_numshardbits: 6
[17070] 01-07 04:32:06,913 INFO [RocksDB]                     Options.max_subcompactions: 1
[17070] 01-07 04:32:06,913 INFO [RocksDB]                 Options.max_background_flushes: -1
[17070] 01-07 04:32:06,913 INFO [RocksDB]                        Options.WAL_ttl_seconds: 0
[17070] 01-07 04:32:06,913 INFO [RocksDB]                      Options.WAL_size_limit_MB: 0
[17070] 01-07 04:32:06,913 INFO [RocksDB]            Options.manifest_preallocation_size: 4194304
[17070] 01-07 04:32:06,913 INFO [RocksDB]                    Options.is_fd_close_on_exec: 1
[17070] 01-07 04:32:06,913 INFO [RocksDB]                  Options.advise_random_on_open: 1
[17070] 01-07 04:32:06,913 INFO [RocksDB]                   Options.db_write_buffer_size: 0
[17070] 01-07 04:32:06,913 INFO [RocksDB]                   Options.write_buffer_manager: 0x7f74f4bfa7d0
[17070] 01-07 04:32:06,913 INFO [RocksDB]        Options.access_hint_on_compaction_start: 1
[17070] 01-07 04:32:06,913 INFO [RocksDB] Options.new_table_reader_for_compaction_inputs: 0
[17070] 01-07 04:32:06,913 INFO [RocksDB]          Options.random_access_max_buffer_size: 1048576
[17070] 01-07 04:32:06,913 INFO [RocksDB]                     Options.use_adaptive_mutex: 1
[17070] 01-07 04:32:06,913 INFO [RocksDB]                           Options.rate_limiter: 0x7f74f4438540
[17070] 01-07 04:32:06,913 INFO [RocksDB]    Options.sst_file_manager.rate_bytes_per_sec: 0
[17070] 01-07 04:32:06,913 INFO [RocksDB]                      Options.wal_recovery_mode: 2
[17070] 01-07 04:32:06,913 INFO [RocksDB]                 Options.enable_thread_tracking: 0
[17070] 01-07 04:32:06,913 INFO [RocksDB]                 Options.enable_pipelined_write: 1
[17070] 01-07 04:32:06,913 INFO [RocksDB]        Options.allow_concurrent_memtable_write: 1
[17070] 01-07 04:32:06,913 INFO [RocksDB]     Options.enable_write_thread_adaptive_yield: 1
[17070] 01-07 04:32:06,913 INFO [RocksDB]            Options.write_thread_max_yield_usec: 100
[17070] 01-07 04:32:06,913 INFO [RocksDB]           Options.write_thread_slow_yield_usec: 3
[17070] 01-07 04:32:06,913 INFO [RocksDB]                              Options.row_cache: None
[17070] 01-07 04:32:06,913 INFO [RocksDB]                             Options.wal_filter: None
[17070] 01-07 04:32:06,913 INFO [RocksDB]            Options.avoid_flush_during_recovery: 0
[17070] 01-07 04:32:06,913 INFO [RocksDB]            Options.allow_ingest_behind: 0
[17070] 01-07 04:32:06,913 INFO [RocksDB]            Options.preserve_deletes: 0
[17070] 01-07 04:32:06,913 INFO [RocksDB]            Options.two_write_queues: 0
[17070] 01-07 04:32:06,913 INFO [RocksDB]            Options.manual_wal_flush: 0
[17070] 01-07 04:32:06,913 INFO [RocksDB]            Options.max_background_jobs: 16
[17070] 01-07 04:32:06,913 INFO [RocksDB]            Options.max_background_compactions: -1
[17070] 01-07 04:32:06,913 INFO [RocksDB]            Options.avoid_flush_during_shutdown: 0
[17070] 01-07 04:32:06,913 INFO [RocksDB]          Options.writable_file_max_buffer_size: 1048576
[17070] 01-07 04:32:06,913 INFO [RocksDB]            Options.delayed_write_rate : 52428800
[17070] 01-07 04:32:06,913 INFO [RocksDB]            Options.max_total_wal_size: 0
[17070] 01-07 04:32:06,913 INFO [RocksDB]            Options.delete_obsolete_files_period_micros: 21600000000
[17070] 01-07 04:32:06,913 INFO [RocksDB]                  Options.stats_dump_period_sec: 100000
[17070] 01-07 04:32:06,913 INFO [RocksDB]                         Options.max_open_files: 1024
[17070] 01-07 04:32:06,913 INFO [RocksDB]                         Options.bytes_per_sync: 1048576
[17070] 01-07 04:32:06,913 INFO [RocksDB]                     Options.wal_bytes_per_sync: 0
[17070] 01-07 04:32:06,913 INFO [RocksDB]      Options.compaction_readahead_size: 0
[17070] 01-07 04:32:06,913 INFO [RocksDB]Compression algorithms supported:
[17070] 01-07 04:32:06,913 INFO [RocksDB]	kZSTDNotFinalCompression supported: 0
[17070] 01-07 04:32:06,913 INFO [RocksDB]	kZSTD supported: 0
[17070] 01-07 04:32:06,913 INFO [RocksDB]	kXpressCompression supported: 0
[17070] 01-07 04:32:06,913 INFO [RocksDB]	kLZ4HCCompression supported: 0
[17070] 01-07 04:32:06,913 INFO [RocksDB]	kLZ4Compression supported: 0
[17070] 01-07 04:32:06,913 INFO [RocksDB]	kBZip2Compression supported: 0
[17070] 01-07 04:32:06,913 INFO [RocksDB]	kZlibCompression supported: 1
[17070] 01-07 04:32:06,913 INFO [RocksDB]	kSnappyCompression supported: 1
[17070] 01-07 04:32:06,913 INFO [RocksDB]Fast CRC32 supported: Supported on x86
[17070] 01-07 04:32:06,913 INFO [RocksDB][db/db_impl_open.cc:222] Creating manifest 1 

[17070] 01-07 04:32:06,920 INFO [RocksDB][db/version_set.cc:3085] Recovering from manifest file: MANIFEST-000001

[17070] 01-07 04:32:06,920 INFO [RocksDB][db/column_family.cc:475] --------------- Options for column family [default]:

[17070] 01-07 04:32:06,920 INFO [RocksDB]              Options.comparator: ardb.comparator
[17070] 01-07 04:32:06,920 INFO [RocksDB]          Options.merge_operator: ardb.merger
[17070] 01-07 04:32:06,920 INFO [RocksDB]       Options.compaction_filter: None
[17070] 01-07 04:32:06,920 INFO [RocksDB]       Options.compaction_filter_factory: ardb.compact_filter_factory
[17070] 01-07 04:32:06,920 INFO [RocksDB]        Options.memtable_factory: SkipListFactory
[17070] 01-07 04:32:06,920 INFO [RocksDB]           Options.table_factory: BlockBasedTable
[17070] 01-07 04:32:06,920 INFO [RocksDB]           table_factory options:   flush_block_policy_factory: FlushBlockBySizePolicyFactory (0x7f74f4a08018)
  cache_index_and_filter_blocks: 0
  cache_index_and_filter_blocks_with_high_priority: 0
  pin_l0_filter_and_index_blocks_in_cache: 0
  index_type: 0
  hash_index_allow_collision: 1
  checksum: 1
  no_block_cache: 0
  block_cache: 0x7f74f4a81cf0
  block_cache_name: LRUCache
  block_cache_options:
    capacity : 536870912
    num_shard_bits : 6
    strict_capacity_limit : 0
    high_pri_pool_ratio: 0.000
  block_cache_compressed: (nil)
  persistent_cache: (nil)
  block_size: 4096
  block_size_deviation: 10
  block_restart_interval: 16
  index_block_restart_interval: 1
  metadata_block_size: 4096
  partition_filters: 0
  use_delta_encoding: 1
  filter_policy: rocksdb.BuiltinBloomFilter
  whole_key_filtering: 1
  verify_compression: 0
  read_amp_bytes_per_bit: 0
  format_version: 2
  enable_index_compression: 1
  block_align: 0

[17070] 01-07 04:32:06,920 INFO [RocksDB]       Options.write_buffer_size: 268435456
[17070] 01-07 04:32:06,920 INFO [RocksDB] Options.max_write_buffer_number: 6
[17070] 01-07 04:32:06,920 INFO [RocksDB]       Options.compression[0]: NoCompression
[17070] 01-07 04:32:06,920 INFO [RocksDB]       Options.compression[1]: NoCompression
[17070] 01-07 04:32:06,920 INFO [RocksDB]       Options.compression[2]: Snappy
[17070] 01-07 04:32:06,920 INFO [RocksDB]       Options.compression[3]: Snappy
[17070] 01-07 04:32:06,920 INFO [RocksDB]       Options.compression[4]: Snappy
[17070] 01-07 04:32:06,920 INFO [RocksDB]       Options.compression[5]: Snappy
[17070] 01-07 04:32:06,920 INFO [RocksDB]       Options.compression[6]: Snappy
[17070] 01-07 04:32:06,920 INFO [RocksDB]                 Options.bottommost_compression: Disabled
[17070] 01-07 04:32:06,920 INFO [RocksDB]      Options.prefix_extractor: ardb.prefix_extractor
[17070] 01-07 04:32:06,920 INFO [RocksDB]  Options.memtable_insert_with_hint_prefix_extractor: nullptr
[17070] 01-07 04:32:06,920 INFO [RocksDB]            Options.num_levels: 7
[17070] 01-07 04:32:06,920 INFO [RocksDB]       Options.min_write_buffer_number_to_merge: 2
[17070] 01-07 04:32:06,920 INFO [RocksDB]    Options.max_write_buffer_number_to_maintain: 0
[17070] 01-07 04:32:06,920 INFO [RocksDB]           Options.compression_opts.window_bits: -14
[17070] 01-07 04:32:06,920 INFO [RocksDB]                 Options.compression_opts.level: -1
[17070] 01-07 04:32:06,920 INFO [RocksDB]              Options.compression_opts.strategy: 0
[17070] 01-07 04:32:06,920 INFO [RocksDB]        Options.compression_opts.max_dict_bytes: 0
[17070] 01-07 04:32:06,920 INFO [RocksDB]        Options.compression_opts.zstd_max_train_bytes: 0
[17070] 01-07 04:32:06,920 INFO [RocksDB]     Options.level0_file_num_compaction_trigger: 2
[17070] 01-07 04:32:06,920 INFO [RocksDB]         Options.level0_slowdown_writes_trigger: 20
[17070] 01-07 04:32:06,920 INFO [RocksDB]             Options.level0_stop_writes_trigger: 36
[17070] 01-07 04:32:06,920 INFO [RocksDB]                  Options.target_file_size_base: 67108864
[17070] 01-07 04:32:06,920 INFO [RocksDB]            Options.target_file_size_multiplier: 1
[17070] 01-07 04:32:06,920 INFO [RocksDB]               Options.max_bytes_for_level_base: 536870912
[17070] 01-07 04:32:06,920 INFO [RocksDB]Options.level_compaction_dynamic_level_bytes: 0
[17070] 01-07 04:32:06,920 INFO [RocksDB]         Options.max_bytes_for_level_multiplier: 10.000000
[17070] 01-07 04:32:06,920 INFO [RocksDB]Options.max_bytes_for_level_multiplier_addtl[0]: 1
[17070] 01-07 04:32:06,920 INFO [RocksDB]Options.max_bytes_for_level_multiplier_addtl[1]: 1
[17070] 01-07 04:32:06,920 INFO [RocksDB]Options.max_bytes_for_level_multiplier_addtl[2]: 1
[17070] 01-07 04:32:06,920 INFO [RocksDB]Options.max_bytes_for_level_multiplier_addtl[3]: 1
[17070] 01-07 04:32:06,920 INFO [RocksDB]Options.max_bytes_for_level_multiplier_addtl[4]: 1
[17070] 01-07 04:32:06,920 INFO [RocksDB]Options.max_bytes_for_level_multiplier_addtl[5]: 1
[17070] 01-07 04:32:06,920 INFO [RocksDB]Options.max_bytes_for_level_multiplier_addtl[6]: 1
[17070] 01-07 04:32:06,920 INFO [RocksDB]      Options.max_sequential_skip_in_iterations: 8
[17070] 01-07 04:32:06,920 INFO [RocksDB]                   Options.max_compaction_bytes: 1677721600
[17070] 01-07 04:32:06,920 INFO [RocksDB]                       Options.arena_block_size: 33554432
[17070] 01-07 04:32:06,920 INFO [RocksDB]  Options.soft_pending_compaction_bytes_limit: 68719476736
[17070] 01-07 04:32:06,920 INFO [RocksDB]  Options.hard_pending_compaction_bytes_limit: 274877906944
[17070] 01-07 04:32:06,920 INFO [RocksDB]      Options.rate_limit_delay_max_milliseconds: 100
[17070] 01-07 04:32:06,920 INFO [RocksDB]               Options.disable_auto_compactions: 0
[17070] 01-07 04:32:06,920 INFO [RocksDB]                       Options.compaction_style: kCompactionStyleLevel
[17070] 01-07 04:32:06,920 INFO [RocksDB]                         Options.compaction_pri: kByCompensatedSize
[17070] 01-07 04:32:06,920 INFO [RocksDB]Options.compaction_options_universal.size_ratio: 1
[17070] 01-07 04:32:06,920 INFO [RocksDB]Options.compaction_options_universal.min_merge_width: 2
[17070] 01-07 04:32:06,920 INFO [RocksDB]Options.compaction_options_universal.max_merge_width: 4294967295
[17070] 01-07 04:32:06,920 INFO [RocksDB]Options.compaction_options_universal.max_size_amplification_percent: 200
[17070] 01-07 04:32:06,920 INFO [RocksDB]Options.compaction_options_universal.compression_size_percent: -1
[17070] 01-07 04:32:06,920 INFO [RocksDB]Options.compaction_options_universal.stop_style: kCompactionStopStyleTotalSize
[17070] 01-07 04:32:06,920 INFO [RocksDB]Options.compaction_options_fifo.max_table_files_size: 1073741824
[17070] 01-07 04:32:06,920 INFO [RocksDB]Options.compaction_options_fifo.allow_compaction: 0
[17070] 01-07 04:32:06,920 INFO [RocksDB]Options.compaction_options_fifo.ttl: 0
[17070] 01-07 04:32:06,920 INFO [RocksDB]                  Options.table_properties_collectors: 
[17070] 01-07 04:32:06,920 INFO [RocksDB]                  Options.inplace_update_support: 0
[17070] 01-07 04:32:06,920 INFO [RocksDB]                Options.inplace_update_num_locks: 10000
[17070] 01-07 04:32:06,920 INFO [RocksDB]              Options.memtable_prefix_bloom_size_ratio: 0.000000
[17070] 01-07 04:32:06,920 INFO [RocksDB]  Options.memtable_huge_page_size: 0
[17070] 01-07 04:32:06,920 INFO [RocksDB]                          Options.bloom_locality: 0
[17070] 01-07 04:32:06,920 INFO [RocksDB]                   Options.max_successive_merges: 0
[17070] 01-07 04:32:06,920 INFO [RocksDB]               Options.optimize_filters_for_hits: 0
[17070] 01-07 04:32:06,920 INFO [RocksDB]               Options.paranoid_file_checks: 0
[17070] 01-07 04:32:06,920 INFO [RocksDB]               Options.force_consistency_checks: 0
[17070] 01-07 04:32:06,920 INFO [RocksDB]               Options.report_bg_io_stats: 0
[17070] 01-07 04:32:06,920 INFO [RocksDB]                              Options.ttl: 0
[17070] 01-07 04:32:06,921 INFO [RocksDB][db/version_set.cc:3361] Recovered from manifest file:/home/ubuntu/ardb/data/rocksdb/MANIFEST-000001 succeeded,manifest_file_number is 1, next_file_number is 3, last_sequence is 0, log_number is 0,prev_log_number is 0,max_column_family is 0,min_log_number_to_keep is 0

[17070] 01-07 04:32:06,921 INFO [RocksDB][db/version_set.cc:3369] Column family [default] (ID 0), log number is 0

[17070] 01-07 04:32:06,947 INFO [RocksDB][db/db_impl_open.cc:1219] DB pointer 0x7f74f43be000
[17070] 01-07 04:32:06,947 INFO Ardb init engine:rocksdb success.
[17070] 01-07 04:32:06,949 INFO Ardb will accept connections on 0.0.0.0:16379
[17070] 01-07 04:32:06,950 INFO Ardb started with version 0.10.0
[17070] 01-07 04:32:07,950 INFO ========================Period Statistics Dump Begin===========================
[17070] 01-07 04:32:07,950 INFO slave_sync_total_commands_processed:0
[17070] 01-07 04:32:07,950 INFO slave_sync_instantaneous_ops_per_sec:0
[17070] 01-07 04:32:07,950 INFO total_commands_processed:0
[17070] 01-07 04:32:07,950 INFO instantaneous_ops_per_sec:0
[17070] 01-07 04:32:07,950 INFO total_connections_received:0
[17070] 01-07 04:32:07,950 INFO rejected_connections:0
[17070] 01-07 04:32:07,950 INFO ========================Period Statistics Dump End===========================
[17070] 01-07 04:32:19,503 INFO [RocksDB][db/version_set.cc:2847] Creating manifest 6

[17070] 01-07 04:32:19,510 INFO [RocksDB][db/column_family.cc:475] --------------- Options for column family [0]:

[17070] 01-07 04:32:19,510 INFO [RocksDB]              Options.comparator: ardb.comparator
[17070] 01-07 04:32:19,510 INFO [RocksDB]          Options.merge_operator: ardb.merger
[17070] 01-07 04:32:19,510 INFO [RocksDB]       Options.compaction_filter: None
[17070] 01-07 04:32:19,510 INFO [RocksDB]       Options.compaction_filter_factory: ardb.compact_filter_factory
[17070] 01-07 04:32:19,510 INFO [RocksDB]        Options.memtable_factory: SkipListFactory
[17070] 01-07 04:32:19,510 INFO [RocksDB]           Options.table_factory: BlockBasedTable
[17070] 01-07 04:32:19,510 INFO [RocksDB]           table_factory options:   flush_block_policy_factory: FlushBlockBySizePolicyFactory (0x7f74f4a08018)
  cache_index_and_filter_blocks: 0
  cache_index_and_filter_blocks_with_high_priority: 0
  pin_l0_filter_and_index_blocks_in_cache: 0
  index_type: 0
  hash_index_allow_collision: 1
  checksum: 1
  no_block_cache: 0
  block_cache: 0x7f74f4a81cf0
  block_cache_name: LRUCache
  block_cache_options:
    capacity : 536870912
    num_shard_bits : 6
    strict_capacity_limit : 0
    high_pri_pool_ratio: 0.000
  block_cache_compressed: (nil)
  persistent_cache: (nil)
  block_size: 4096
  block_size_deviation: 10
  block_restart_interval: 16
  index_block_restart_interval: 1
  metadata_block_size: 4096
  partition_filters: 0
  use_delta_encoding: 1
  filter_policy: rocksdb.BuiltinBloomFilter
  whole_key_filtering: 1
  verify_compression: 0
  read_amp_bytes_per_bit: 0
  format_version: 2
  enable_index_compression: 1
  block_align: 0

[17070] 01-07 04:32:19,510 INFO [RocksDB]       Options.write_buffer_size: 268435456
[17070] 01-07 04:32:19,510 INFO [RocksDB] Options.max_write_buffer_number: 6
[17070] 01-07 04:32:19,510 INFO [RocksDB]       Options.compression[0]: NoCompression
[17070] 01-07 04:32:19,510 INFO [RocksDB]       Options.compression[1]: NoCompression
[17070] 01-07 04:32:19,510 INFO [RocksDB]       Options.compression[2]: Snappy
[17070] 01-07 04:32:19,510 INFO [RocksDB]       Options.compression[3]: Snappy
[17070] 01-07 04:32:19,510 INFO [RocksDB]       Options.compression[4]: Snappy
[17070] 01-07 04:32:19,510 INFO [RocksDB]       Options.compression[5]: Snappy
[17070] 01-07 04:32:19,510 INFO [RocksDB]       Options.compression[6]: Snappy
[17070] 01-07 04:32:19,510 INFO [RocksDB]                 Options.bottommost_compression: Disabled
[17070] 01-07 04:32:19,510 INFO [RocksDB]      Options.prefix_extractor: ardb.prefix_extractor
[17070] 01-07 04:32:19,510 INFO [RocksDB]  Options.memtable_insert_with_hint_prefix_extractor: nullptr
[17070] 01-07 04:32:19,510 INFO [RocksDB]            Options.num_levels: 7
[17070] 01-07 04:32:19,510 INFO [RocksDB]       Options.min_write_buffer_number_to_merge: 2
[17070] 01-07 04:32:19,510 INFO [RocksDB]    Options.max_write_buffer_number_to_maintain: 0
[17070] 01-07 04:32:19,510 INFO [RocksDB]           Options.compression_opts.window_bits: -14
[17070] 01-07 04:32:19,510 INFO [RocksDB]                 Options.compression_opts.level: -1
[17070] 01-07 04:32:19,510 INFO [RocksDB]              Options.compression_opts.strategy: 0
[17070] 01-07 04:32:19,510 INFO [RocksDB]        Options.compression_opts.max_dict_bytes: 0
[17070] 01-07 04:32:19,510 INFO [RocksDB]        Options.compression_opts.zstd_max_train_bytes: 0
[17070] 01-07 04:32:19,510 INFO [RocksDB]     Options.level0_file_num_compaction_trigger: 2
[17070] 01-07 04:32:19,510 INFO [RocksDB]         Options.level0_slowdown_writes_trigger: 20
[17070] 01-07 04:32:19,510 INFO [RocksDB]             Options.level0_stop_writes_trigger: 36
[17070] 01-07 04:32:19,510 INFO [RocksDB]                  Options.target_file_size_base: 67108864
[17070] 01-07 04:32:19,510 INFO [RocksDB]            Options.target_file_size_multiplier: 1
[17070] 01-07 04:32:19,510 INFO [RocksDB]               Options.max_bytes_for_level_base: 536870912
[17070] 01-07 04:32:19,510 INFO [RocksDB]Options.level_compaction_dynamic_level_bytes: 0
[17070] 01-07 04:32:19,510 INFO [RocksDB]         Options.max_bytes_for_level_multiplier: 10.000000
[17070] 01-07 04:32:19,510 INFO [RocksDB]Options.max_bytes_for_level_multiplier_addtl[0]: 1
[17070] 01-07 04:32:19,510 INFO [RocksDB]Options.max_bytes_for_level_multiplier_addtl[1]: 1
[17070] 01-07 04:32:19,510 INFO [RocksDB]Options.max_bytes_for_level_multiplier_addtl[2]: 1
[17070] 01-07 04:32:19,510 INFO [RocksDB]Options.max_bytes_for_level_multiplier_addtl[3]: 1
[17070] 01-07 04:32:19,510 INFO [RocksDB]Options.max_bytes_for_level_multiplier_addtl[4]: 1
[17070] 01-07 04:32:19,510 INFO [RocksDB]Options.max_bytes_for_level_multiplier_addtl[5]: 1
[17070] 01-07 04:32:19,510 INFO [RocksDB]Options.max_bytes_for_level_multiplier_addtl[6]: 1
[17070] 01-07 04:32:19,510 INFO [RocksDB]      Options.max_sequential_skip_in_iterations: 8
[17070] 01-07 04:32:19,510 INFO [RocksDB]                   Options.max_compaction_bytes: 1677721600
[17070] 01-07 04:32:19,510 INFO [RocksDB]                       Options.arena_block_size: 33554432
[17070] 01-07 04:32:19,510 INFO [RocksDB]  Options.soft_pending_compaction_bytes_limit: 68719476736
[17070] 01-07 04:32:19,510 INFO [RocksDB]  Options.hard_pending_compaction_bytes_limit: 274877906944
[17070] 01-07 04:32:19,510 INFO [RocksDB]      Options.rate_limit_delay_max_milliseconds: 100
[17070] 01-07 04:32:19,510 INFO [RocksDB]               Options.disable_auto_compactions: 0
[17070] 01-07 04:32:19,510 INFO [RocksDB]                       Options.compaction_style: kCompactionStyleLevel
[17070] 01-07 04:32:19,510 INFO [RocksDB]                         Options.compaction_pri: kByCompensatedSize
[17070] 01-07 04:32:19,510 INFO [RocksDB]Options.compaction_options_universal.size_ratio: 1
[17070] 01-07 04:32:19,510 INFO [RocksDB]Options.compaction_options_universal.min_merge_width: 2
[17070] 01-07 04:32:19,510 INFO [RocksDB]Options.compaction_options_universal.max_merge_width: 4294967295
[17070] 01-07 04:32:19,510 INFO [RocksDB]Options.compaction_options_universal.max_size_amplification_percent: 200
[17070] 01-07 04:32:19,510 INFO [RocksDB]Options.compaction_options_universal.compression_size_percent: -1
[17070] 01-07 04:32:19,510 INFO [RocksDB]Options.compaction_options_universal.stop_style: kCompactionStopStyleTotalSize
[17070] 01-07 04:32:19,510 INFO [RocksDB]Options.compaction_options_fifo.max_table_files_size: 1073741824
[17070] 01-07 04:32:19,510 INFO [RocksDB]Options.compaction_options_fifo.allow_compaction: 0
[17070] 01-07 04:32:19,510 INFO [RocksDB]Options.compaction_options_fifo.ttl: 0
[17070] 01-07 04:32:19,510 INFO [RocksDB]                  Options.table_properties_collectors: 
[17070] 01-07 04:32:19,510 INFO [RocksDB]                  Options.inplace_update_support: 0
[17070] 01-07 04:32:19,510 INFO [RocksDB]                Options.inplace_update_num_locks: 10000
[17070] 01-07 04:32:19,510 INFO [RocksDB]              Options.memtable_prefix_bloom_size_ratio: 0.000000
[17070] 01-07 04:32:19,510 INFO [RocksDB]  Options.memtable_huge_page_size: 0
[17070] 01-07 04:32:19,510 INFO [RocksDB]                          Options.bloom_locality: 0
[17070] 01-07 04:32:19,510 INFO [RocksDB]                   Options.max_successive_merges: 0
[17070] 01-07 04:32:19,510 INFO [RocksDB]               Options.optimize_filters_for_hits: 0
[17070] 01-07 04:32:19,510 INFO [RocksDB]               Options.paranoid_file_checks: 0
[17070] 01-07 04:32:19,510 INFO [RocksDB]               Options.force_consistency_checks: 0
[17070] 01-07 04:32:19,510 INFO [RocksDB]               Options.report_bg_io_stats: 0
[17070] 01-07 04:32:19,510 INFO [RocksDB]                              Options.ttl: 0
[17070] 01-07 04:32:19,510 INFO [RocksDB][db/db_impl.cc:1396] Created column family [0] (ID 1)
[17070] 01-07 04:32:19,513 INFO Create ColumnFamilyHandle with name:0 success.
[17070] 01-07 04:32:27,402 INFO [RocksDB][db/db_impl_write.cc:1373] [0] New memtable created with log file: #9. Immutable memtables: 0.

[17070] 01-07 04:32:35,356 INFO [RocksDB][db/db_impl_write.cc:1373] [0] New memtable created with log file: #10. Immutable memtables: 1.

[17070] 01-07 04:32:35,357 INFO [RocksDB][db/db_impl_compaction_flush.cc:80] [JOB 2] Syncing log #3
[17070] 01-07 04:32:37,255 INFO [RocksDB][db/db_impl_compaction_flush.cc:80] [JOB 2] Syncing log #9
[17070] 01-07 04:32:40,740 INFO [RocksDB](Original Log Time 2020/01/07-04:32:35.357076) [db/db_impl_compaction_flush.cc:1424] Calling FlushMemTableToOutputFile with column family [0], flush slots available 4, compaction slots available 1, flush slots scheduled 1, compaction slots scheduled 0
[17070] 01-07 04:32:40,740 INFO [RocksDB][db/flush_job.cc:301] [0] [JOB 2] Flushing memtable with next log file: 9

[17070] 01-07 04:32:40,740 INFO [RocksDB][db/flush_job.cc:301] [0] [JOB 2] Flushing memtable with next log file: 10

[17070] 01-07 04:32:40,740 INFO [RocksDB]EVENT_LOG_v1 {"time_micros": 1578371560740500, "job": 2, "event": "flush_started", "num_memtables": 2, "num_entries": 3489992, "num_deletes": 0, "memory_usage": 516725056, "flush_reason": "Write Buffer Full"}
[17070] 01-07 04:32:40,740 INFO [RocksDB][db/flush_job.cc:331] [0] [JOB 2] Level-0 flush table #11: started
[17070] 01-07 04:32:45,171 INFO [RocksDB][db/db_impl_write.cc:1373] [0] New memtable created with log file: #12. Immutable memtables: 2.

[17070] 01-07 04:32:47,220 INFO [RocksDB]EVENT_LOG_v1 {"time_micros": 1578371567220849, "cf_name": "0", "job": 2, "event": "table_file_creation", "file_number": 11, "file_size": 339338036, "table_properties": {"data_size": 329698950, "index_size": 4424528, "filter_size": 5213516, "raw_key_size": 137340898, "raw_average_key_size": 42, "raw_value_size": 264118591, "raw_average_value_size": 81, "num_data_blocks": 82143, "num_entries": 3240711, "filter_policy_name": "rocksdb.BuiltinBloomFilter", "kDeletedKeys": "0", "kMergeOperands": "0"}}
[17070] 01-07 04:32:47,220 INFO [RocksDB][db/flush_job.cc:371] [0] [JOB 2] Level-0 flush table #11: 339338036 bytes OK
[17070] 01-07 04:32:47,223 INFO [RocksDB](Original Log Time 2020/01/07-04:32:47.222125) [db/memtable_list.cc:377] [0] Level-0 commit table #11 started
[17070] 01-07 04:32:47,223 INFO [RocksDB](Original Log Time 2020/01/07-04:32:47.223852) [db/memtable_list.cc:409] [0] Level-0 commit table #11: memtable #1 done
[17070] 01-07 04:32:47,223 INFO [RocksDB](Original Log Time 2020/01/07-04:32:47.223856) [db/memtable_list.cc:409] [0] Level-0 commit table #11: memtable #2 done
[17070] 01-07 04:32:47,223 INFO [RocksDB](Original Log Time 2020/01/07-04:32:47.223865) EVENT_LOG_v1 {"time_micros": 1578371567223860, "job": 2, "event": "flush_finished", "output_compression": "NoCompression", "lsm_state": [1, 0, 0, 0, 0, 0, 0], "immutable_memtables": 1}
[17070] 01-07 04:32:47,223 INFO [RocksDB](Original Log Time 2020/01/07-04:32:47.223889) [db/db_impl_compaction_flush.cc:177] [0] Level summary: base level 1 max bytes base 536870912 files[1 0 0 0 0 0 0] max score 0.63

[17070] 01-07 04:32:47,223 INFO [RocksDB][db/db_impl_files.cc:342] [JOB 2] Try to delete WAL files size 412094144, prev total WAL file size 655265851, number of live WAL files 4.

[17070] 01-07 04:32:54,738 INFO [RocksDB][db/db_impl_write.cc:1373] [0] New memtable created with log file: #13. Immutable memtables: 1.

[17070] 01-07 04:32:54,738 INFO [RocksDB][db/db_impl_compaction_flush.cc:80] [JOB 3] Syncing log #10
[17070] 01-07 04:32:55,258 INFO [RocksDB][db/db_impl_compaction_flush.cc:80] [JOB 3] Syncing log #12
[17070] 01-07 04:32:56,774 INFO [RocksDB](Original Log Time 2020/01/07-04:32:54.738282) [db/db_impl_compaction_flush.cc:1424] Calling FlushMemTableToOutputFile with column family [0], flush slots available 4, compaction slots available 1, flush slots scheduled 1, compaction slots scheduled 0
[17070] 01-07 04:32:56,774 INFO [RocksDB][db/flush_job.cc:301] [0] [JOB 3] Flushing memtable with next log file: 12

[17070] 01-07 04:32:56,774 INFO [RocksDB][db/flush_job.cc:301] [0] [JOB 3] Flushing memtable with next log file: 13

[17070] 01-07 04:32:56,774 INFO [RocksDB]EVENT_LOG_v1 {"time_micros": 1578371576774623, "job": 3, "event": "flush_started", "num_memtables": 2, "num_entries": 3416033, "num_deletes": 0, "memory_usage": 520101200, "flush_reason": "Write Buffer Full"}
[17070] 01-07 04:32:56,774 INFO [RocksDB][db/flush_job.cc:331] [0] [JOB 3] Level-0 flush table #14: started
[17070] 01-07 04:33:03,161 INFO [RocksDB]EVENT_LOG_v1 {"time_micros": 1578371583161762, "cf_name": "0", "job": 3, "event": "table_file_creation", "file_number": 14, "file_size": 332074648, "table_properties": {"data_size": 322640594, "index_size": 4330160, "filter_size": 5102852, "raw_key_size": 134428604, "raw_average_key_size": 42, "raw_value_size": 258521205, "raw_average_value_size": 81, "num_data_blocks": 80391, "num_entries": 3172034, "filter_policy_name": "rocksdb.BuiltinBloomFilter", "kDeletedKeys": "0", "kMergeOperands": "0"}}
[17070] 01-07 04:33:03,161 INFO [RocksDB][db/flush_job.cc:371] [0] [JOB 3] Level-0 flush table #14: 332074648 bytes OK
[17070] 01-07 04:33:03,164 INFO [RocksDB](Original Log Time 2020/01/07-04:33:03.163063) [db/memtable_list.cc:377] [0] Level-0 commit table #14 started
[17070] 01-07 04:33:03,164 INFO [RocksDB](Original Log Time 2020/01/07-04:33:03.164759) [db/memtable_list.cc:409] [0] Level-0 commit table #14: memtable #1 done
[17070] 01-07 04:33:03,164 INFO [RocksDB](Original Log Time 2020/01/07-04:33:03.164760) [db/memtable_list.cc:409] [0] Level-0 commit table #14: memtable #2 done
[17070] 01-07 04:33:03,164 INFO [RocksDB](Original Log Time 2020/01/07-04:33:03.164771) EVENT_LOG_v1 {"time_micros": 1578371583164766, "job": 3, "event": "flush_finished", "output_compression": "NoCompression", "lsm_state": [2, 0, 0, 0, 0, 0, 0], "immutable_memtables": 0}
[17070] 01-07 04:33:03,164 INFO [RocksDB](Original Log Time 2020/01/07-04:33:03.164796) [db/db_impl_compaction_flush.cc:177] [0] Level summary: base level 1 max bytes base 536870912 files[2 0 0 0 0 0 0] max score 1.25

[17070] 01-07 04:33:03,164 INFO [RocksDB][db/db_impl_files.cc:342] [JOB 3] Try to delete WAL files size 403440138, prev total WAL file size 566378333, number of live WAL files 3.

[17070] 01-07 04:33:03,165 WARN [RocksDB][db/db_impl.cc:491] ------- DUMPING STATS -------
[17070] 01-07 04:33:03,165 WARN [RocksDB][db/db_impl.cc:492] 
** DB Stats **
Uptime(secs): 56.2 total, 56.2 interval
Cumulative writes: 1183K writes, 8285K keys, 1182K commit groups, 1.0 writes per commit group, ingest: 0.91 GB, 16.59 MB/s
Cumulative WAL: 1183K writes, 0 syncs, 1183662.00 writes per sync, written: 0.91 GB, 16.59 MB/s
Cumulative stall: 00:00:0.000 H:M:S, 0.0 percent
Interval writes: 1183K writes, 8285K keys, 1182K commit groups, 1.0 writes per commit group, ingest: 933.14 MB, 16.59 MB/s
Interval WAL: 1183K writes, 0 syncs, 1183662.00 writes per sync, written: 0.91 MB, 16.59 MB/s
Interval stall: 00:00:0.000 H:M:S, 0.0 percent

** Compaction Stats [default] **
Level    Files   Size     Score Read(GB)  Rn(GB) Rnp1(GB) Write(GB) Wnew(GB) Moved(GB) W-Amp Rd(MB/s) Wr(MB/s) Comp(sec) Comp(cnt) Avg(sec) KeyIn KeyDrop
----------------------------------------------------------------------------------------------------------------------------------------------------------
 Sum      0/0    0.00 KB   0.0      0.0     0.0      0.0       0.0     
[17070] 01-07 04:33:03,165 INFO [RocksDB][db/compaction_job.cc:1531] [0] [JOB 4] Compacting 2@0 files to L1, score 1.25
[17070] 01-07 04:33:03,165 INFO [RocksDB][db/compaction_job.cc:1535] [0] Compaction start summary: Base version 4 Base level 0, inputs: [14(316MB) 11(323MB)]

[17070] 01-07 04:33:03,165 INFO [RocksDB]EVENT_LOG_v1 {"time_micros": 1578371583165204, "job": 4, "event": "compaction_started", "compaction_reason": "LevelL0FilesNum", "files_L0": [14, 11], "score": 1.2506, "input_data_size": 671412684}
[17070] 01-07 04:33:04,668 INFO [RocksDB][db/compaction_job.cc:1211] [0] [JOB 4] Generated table #15: 1203635 keys, 69793323 bytes
[17070] 01-07 04:33:04,668 INFO [RocksDB]EVENT_LOG_v1 {"time_micros": 1578371584668460, "cf_name": "0", "job": 4, "event": "table_file_creation", "file_number": 15, "file_size": 69793323, "table_properties": {"data_size": 67109948, "index_size": 978541, "filter_size": 1703803, "raw_key_size": 57403577, "raw_average_key_size": 47, "raw_value_size": 27774349, "raw_average_value_size": 23, "num_data_blocks": 16597, "num_entries": 1203635, "filter_policy_name": "rocksdb.BuiltinBloomFilter", "kDeletedKeys": "0", "kMergeOperands": "0"}}
[17070] 01-07 04:33:04,947 INFO [RocksDB][db/db_impl_write.cc:1373] [0] New memtable created with log file: #17. Immutable memtables: 0.

[17070] 01-07 04:33:05,965 INFO [RocksDB][db/compaction_job.cc:1211] [0] [JOB 4] Generated table #16: 597512 keys, 68990236 bytes
[17070] 01-07 04:33:05,965 INFO [RocksDB]EVENT_LOG_v1 {"time_micros": 1578371585965629, "cf_name": "0", "job": 4, "event": "table_file_creation", "file_number": 16, "file_size": 68990236, "table_properties": {"data_size": 67112232, "index_size": 889070, "filter_size": 987903, "raw_key_size": 24595513, "raw_average_key_size": 41, "raw_value_size": 56763667, "raw_average_value_size": 95, "num_data_blocks": 16741, "num_entries": 597512, "filter_policy_name": "rocksdb.BuiltinBloomFilter", "kDeletedKeys": "0", "kMergeOperands": "0"}}
[17070] 01-07 04:33:07,247 INFO [RocksDB][db/compaction_job.cc:1211] [0] [JOB 4] Generated table #18: 597550 keys, 68988892 bytes
[17070] 01-07 04:33:07,247 INFO [RocksDB]EVENT_LOG_v1 {"time_micros": 1578371587247647, "cf_name": "0", "job": 4, "event": "table_file_creation", "file_number": 18, "file_size": 68988892, "table_properties": {"data_size": 67111639, "index_size": 888291, "filter_size": 987931, "raw_key_size": 24596872, "raw_average_key_size": 41, "raw_value_size": 56767223, "raw_average_value_size": 94, "num_data_blocks": 16739, "num_entries": 597550, "filter_policy_name": "rocksdb.BuiltinBloomFilter", "kDeletedKeys": "0", "kMergeOperands": "0"}}
[17070] 01-07 04:33:08,556 INFO [RocksDB][db/compaction_job.cc:1211] [0] [JOB 4] Generated table #19: 597526 keys, 68988605 bytes
[17070] 01-07 04:33:08,556 INFO [RocksDB]EVENT_LOG_v1 {"time_micros": 1578371588556072, "cf_name": "0", "job": 4, "event": "table_file_creation", "file_number": 19, "file_size": 68988605, "table_properties": {"data_size": 67111333, "index_size": 888338, "filter_size": 987903, "raw_key_size": 24594420, "raw_average_key_size": 41, "raw_value_size": 56764925, "raw_average_value_size": 94, "num_data_blocks": 16739, "num_entries": 597526, "filter_policy_name": "rocksdb.BuiltinBloomFilter", "kDeletedKeys": "0", "kMergeOperands": "0"}}
[17070] 01-07 04:33:09,936 INFO [RocksDB][db/compaction_job.cc:1211] [0] [JOB 4] Generated table #20: 597487 keys, 68987291 bytes
[17070] 01-07 04:33:09,936 INFO [RocksDB]EVENT_LOG_v1 {"time_micros": 1578371589936742, "cf_name": "0", "job": 4, "event": "table_file_creation", "file_number": 20, "file_size": 68987291, "table_properties": {"data_size": 67109594, "index_size": 888805, "filter_size": 987861, "raw_key_size": 24592488, "raw_average_key_size": 41, "raw_value_size": 56761265, "raw_average_value_size": 95, "num_data_blocks": 16740, "num_entries": 597487, "filter_policy_name": "rocksdb.BuiltinBloomFilter", "kDeletedKeys": "0", "kMergeOperands": "0"}}
[17070] 01-07 04:33:11,237 INFO [RocksDB][db/compaction_job.cc:1211] [0] [JOB 4] Generated table #21: 597534 keys, 68986629 bytes
[17070] 01-07 04:33:11,237 INFO [RocksDB]EVENT_LOG_v1 {"time_micros": 1578371591237526, "cf_name": "0", "job": 4, "event": "table_file_creation", "file_number": 21, "file_size": 68986629, "table_properties": {"data_size": 67109681, "index_size": 888010, "filter_size": 987907, "raw_key_size": 24594936, "raw_average_key_size": 41, "raw_value_size": 56765757, "raw_average_value_size": 95, "num_data_blocks": 16739, "num_entries": 597534, "filter_policy_name": "rocksdb.BuiltinBloomFilter", "kDeletedKeys": "0", "kMergeOperands": "0"}}
[17070] 01-07 04:33:12,539 INFO [RocksDB][db/compaction_job.cc:1211] [0] [JOB 4] Generated table #22: 597506 keys, 68987921 bytes
[17070] 01-07 04:33:12,539 INFO [RocksDB]EVENT_LOG_v1 {"time_micros": 1578371592539214, "cf_name": "0", "job": 4, "event": "table_file_creation", "file_number": 22, "file_size": 68987921, "table_properties": {"data_size": 67110137, "index_size": 888869, "filter_size": 987884, "raw_key_size": 24595987, "raw_average_key_size": 41, "raw_value_size": 56763043, "raw_average_value_size": 94, "num_data_blocks": 16740, "num_entries": 597506, "filter_policy_name": "rocksdb.BuiltinBloomFilter", "kDeletedKeys": "0", "kMergeOperands": "0"}}
[17070] 01-07 04:33:13,858 INFO [RocksDB][db/compaction_job.cc:1211] [0] [JOB 4] Generated table #23: 597547 keys, 68988171 bytes
[17070] 01-07 04:33:13,858 INFO [RocksDB]EVENT_LOG_v1 {"time_micros": 1578371593858432, "cf_name": "0", "job": 4, "event": "table_file_creation", "file_number": 23, "file_size": 68988171, "table_properties": {"data_size": 67111043, "index_size": 888166, "filter_size": 987931, "raw_key_size": 24596717, "raw_average_key_size": 41, "raw_value_size": 56767010, "raw_average_value_size": 95, "num_data_blocks": 16740, "num_entries": 597547, "filter_policy_name": "rocksdb.BuiltinBloomFilter", "kDeletedKeys": "0", "kMergeOperands": "0"}}
[17070] 01-07 04:33:15,150 INFO [RocksDB][db/compaction_job.cc:1211] [0] [JOB 4] Generated table #24: 597529 keys, 68989078 bytes
[17070] 01-07 04:33:15,150 INFO [RocksDB]EVENT_LOG_v1 {"time_micros": 1578371595150734, "cf_name": "0", "job": 4, "event": "table_file_creation", "file_number": 24, "file_size": 68989078, "table_properties": {"data_size": 67111518, "index_size": 888614, "filter_size": 987915, "raw_key_size": 24594847, "raw_average_key_size": 41, "raw_value_size": 56765237, "raw_average_value_size": 94, "num_data_blocks": 16740, "num_entries": 597529, "filter_policy_name": "rocksdb.BuiltinBloomFilter", "kDeletedKeys": "0", "kMergeOperands": "0"}}
[17070] 01-07 04:33:16,139 INFO [RocksDB][db/compaction_job.cc:1211] [0] [JOB 4] Generated table #25: 428918 keys, 49513884 bytes
[17070] 01-07 04:33:16,139 INFO [RocksDB]EVENT_LOG_v1 {"time_micros": 1578371596139683, "cf_name": "0", "job": 4, "event": "table_file_creation", "file_number": 25, "file_size": 49513884, "table_properties": {"data_size": 48167803, "index_size": 635954, "filter_size": 709097, "raw_key_size": 17604126, "raw_average_key_size": 41, "raw_value_size": 40747264, "raw_average_value_size": 95, "num_data_blocks": 12013, "num_entries": 428918, "filter_policy_name": "rocksdb.BuiltinBloomFilter", "kDeletedKeys": "0", "kMergeOperands": "0"}}
[17070] 01-07 04:33:16,141 INFO [RocksDB][db/compaction_job.cc:1287] [0] [JOB 4] Compacted 2@0 files to L1 => 671214030 bytes
[17070] 01-07 04:33:16,142 INFO [RocksDB](Original Log Time 2020/01/07-04:33:16.142728) [db/compaction_job.cc:685] [0] compacted to: base level 1 max bytes base 536870912 files[0 10 0 0 0 0 0] max score 1.25, MB/sec: 51.7 rd, 51.7 wr, level 1, files in(2, 0) out(10) MB in(640.3, 0.0) out(640.1), read-write-amplify(2.0) write-amplify(1.0) OK, records in: 6412745, records dropped: 1 output_compression: NoCompression

[17070] 01-07 04:33:16,142 INFO [RocksDB](Original Log Time 2020/01/07-04:33:16.142757) EVENT_LOG_v1 {"time_micros": 1578371596142739, "job": 4, "event": "compaction_finished", "compaction_time_micros": 12975768, "output_level": 1, "num_output_files": 10, "total_output_size": 671214030, "num_input_records": 6412745, "num_output_records": 6412744, "num_subcompactions": 1, "output_compression": "NoCompression", "num_single_delete_mismatches": 0, "num_single_delete_fallthrough": 0, "lsm_state": [0, 10, 0, 0, 0, 0, 0]}
[17070] 01-07 04:33:16,172 INFO [RocksDB]EVENT_LOG_v1 {"time_micros": 1578371596172685, "job": 4, "event": "table_file_deletion", "file_number": 14}
[17070] 01-07 04:33:16,202 INFO [RocksDB]EVENT_LOG_v1 {"time_micros": 1578371596202803, "job": 4, "event": "table_file_deletion", "file_number": 11}
[17070] 01-07 04:33:16,202 INFO [RocksDB][db/compaction_job.cc:1531] [0] [JOB 5] Compacting 1@1 files to L2, score 1.25
[17070] 01-07 04:33:16,202 INFO [RocksDB][db/compaction_job.cc:1535] [0] Compaction start summary: Base version 5 Base level 1, inputs: [15(66MB)]

[17070] 01-07 04:33:16,202 INFO [RocksDB]EVENT_LOG_v1 {"time_micros": 1578371596202860, "job": 5, "event": "compaction_started", "compaction_reason": "LevelMaxLevelSize", "files_L1": [15], "score": 1.25023, "input_data_size": 69793323}
[17070] 01-07 04:33:16,293 INFO [RocksDB][db/db_impl_write.cc:1373] [0] New memtable created with log file: #27. Immutable memtables: 1.

[17070] 01-07 04:33:16,293 INFO [RocksDB][db/db_impl_compaction_flush.cc:80] [JOB 6] Syncing log #13
[17070] 01-07 04:33:16,891 INFO [RocksDB][db/db_impl_compaction_flush.cc:80] [JOB 6] Syncing log #17
[17070] 01-07 04:33:18,672 INFO [RocksDB](Original Log Time 2020/01/07-04:33:16.293273) [db/db_impl_compaction_flush.cc:1424] Calling FlushMemTableToOutputFile with column family [0], flush slots available 4, compaction slots available 1, flush slots scheduled 1, compaction slots scheduled 1
[17070] 01-07 04:33:18,672 INFO [RocksDB][db/flush_job.cc:301] [0] [JOB 6] Flushing memtable with next log file: 17

[17070] 01-07 04:33:18,672 INFO [RocksDB][db/flush_job.cc:301] [0] [JOB 6] Flushing memtable with next log file: 27

[17070] 01-07 04:33:18,672 INFO [RocksDB]EVENT_LOG_v1 {"time_micros": 1578371598672172, "job": 6, "event": "flush_started", "num_memtables": 2, "num_entries": 3349699, "num_deletes": 0, "memory_usage": 520099344, "flush_reason": "Write Buffer Full"}
[17070] 01-07 04:33:18,672 INFO [RocksDB][db/flush_job.cc:331] [0] [JOB 6] Level-0 flush table #28: started
[17070] 01-07 04:33:18,675 INFO [RocksDB][db/compaction_job.cc:1211] [0] [JOB 5] Generated table #26: 1203635 keys, 54143922 bytes
[17070] 01-07 04:33:18,675 INFO [RocksDB]EVENT_LOG_v1 {"time_micros": 1578371598675888, "cf_name": "0", "job": 5, "event": "table_file_creation", "file_number": 26, "file_size": 54143922, "table_properties": {"data_size": 51936298, "index_size": 978237, "filter_size": 1674167, "raw_key_size": 57403577, "raw_average_key_size": 47, "raw_value_size": 27774349, "raw_average_value_size": 23, "num_data_blocks": 16597, "num_entries": 1203635, "filter_policy_name": "rocksdb.BuiltinBloomFilter", "kDeletedKeys": "0", "kMergeOperands": "0"}}
[17070] 01-07 04:33:18,677 INFO [RocksDB][db/compaction_job.cc:1287] [0] [JOB 5] Compacted 1@1 files to L2 => 54143922 bytes
[17070] 01-07 04:33:18,679 INFO [RocksDB](Original Log Time 2020/01/07-04:33:18.679456) [db/compaction_job.cc:685] [0] compacted to: base level 1 max bytes base 536870912 files[0 9 1 0 0 0 0] max score 1.12, MB/sec: 28.2 rd, 21.9 wr, level 2, files in(1, 0) out(1) MB in(66.6, 0.0) out(51.6), read-write-amplify(1.8) write-amplify(0.8) OK, records in: 1203635, records dropped: 0 output_compression: Snappy

[17070] 01-07 04:33:18,679 INFO [RocksDB](Original Log Time 2020/01/07-04:33:18.679485) EVENT_LOG_v1 {"time_micros": 1578371598679468, "job": 5, "event": "compaction_finished", "compaction_time_micros": 2474360, "output_level": 2, "num_output_files": 1, "total_output_size": 54143922, "num_input_records": 1203635, "num_output_records": 1203635, "num_subcompactions": 1, "output_compression": "Snappy", "num_single_delete_mismatches": 0, "num_single_delete_fallthrough": 0, "lsm_state": [0, 9, 1, 0, 0, 0, 0]}
[17070] 01-07 04:33:18,679 INFO [RocksDB][db/compaction_job.cc:1531] [0] [JOB 7] Compacting 1@1 files to L2, score 1.12
[17070] 01-07 04:33:18,679 INFO [RocksDB][db/compaction_job.cc:1535] [0] Compaction start summary: Base version 6 Base level 1, inputs: [16(65MB)]

[17070] 01-07 04:33:18,679 INFO [RocksDB]EVENT_LOG_v1 {"time_micros": 1578371598679587, "job": 7, "event": "compaction_started", "compaction_reason": "LevelMaxLevelSize", "files_L1": [16], "score": 1.12023, "input_data_size": 68990236}
[17070] 01-07 04:33:21,532 INFO [RocksDB][db/compaction_job.cc:1211] [0] [JOB 7] Generated table #29: 597512 keys, 68588583 bytes
[17070] 01-07 04:33:21,532 INFO [RocksDB]EVENT_LOG_v1 {"time_micros": 1578371601532164, "cf_name": "0", "job": 7, "event": "table_file_creation", "file_number": 29, "file_size": 68588583, "table_properties": {"data_size": 67112232, "index_size": 889070, "filter_size": 987903, "raw_key_size": 24595513, "raw_average_key_size": 41, "raw_value_size": 56763667, "raw_average_value_size": 95, "num_data_blocks": 16741, "num_entries": 597512, "filter_policy_name": "rocksdb.BuiltinBloomFilter", "kDeletedKeys": "0", "kMergeOperands": "0"}}
[17070] 01-07 04:33:21,533 INFO [RocksDB][db/compaction_job.cc:1287] [0] [JOB 7] Compacted 1@1 files to L2 => 68588583 bytes
[17070] 01-07 04:33:21,535 INFO [RocksDB](Original Log Time 2020/01/07-04:33:21.535474) [db/compaction_job.cc:685] [0] compacted to: base level 1 max bytes base 536870912 files[0 8 2 0 0 0 0] max score 0.99, MB/sec: 24.2 rd, 24.0 wr, level 2, files in(1, 0) out(1) MB in(65.8, 0.0) out(65.4), read-write-amplify(2.0) write-amplify(1.0) OK, records in: 597512, records dropped: 0 output_compression: Snappy

[17070] 01-07 04:33:21,535 INFO [RocksDB](Original Log Time 2020/01/07-04:33:21.535501) EVENT_LOG_v1 {"time_micros": 1578371601535496, "job": 7, "event": "compaction_finished", "compaction_time_micros": 2853873, "output_level": 2, "num_output_files": 1, "total_output_size": 68588583, "num_input_records": 597512, "num_output_records": 597512, "num_subcompactions": 1, "output_compression": "Snappy", "num_single_delete_mismatches": 0, "num_single_delete_fallthrough": 0, "lsm_state": [0, 8, 2, 0, 0, 0, 0]}
[17070] 01-07 04:33:26,136 INFO [RocksDB]EVENT_LOG_v1 {"time_micros": 1578371606136192, "cf_name": "0", "job": 6, "event": "table_file_creation", "file_number": 28, "file_size": 325715157, "table_properties": {"data_size": 316464655, "index_size": 4245478, "filter_size": 5003982, "raw_key_size": 131821731, "raw_average_key_size": 42, "raw_value_size": 253500341, "raw_average_value_size": 81, "num_data_blocks": 78850, "num_entries": 3110435, "filter_policy_name": "rocksdb.BuiltinBloomFilter", "kDeletedKeys": "0", "kMergeOperands": "0"}}
[17070] 01-07 04:33:26,136 INFO [RocksDB][db/flush_job.cc:371] [0] [JOB 6] Level-0 flush table #28: 325715157 bytes OK
[17070] 01-07 04:33:26,139 INFO [RocksDB](Original Log Time 2020/01/07-04:33:26.137472) [db/memtable_list.cc:377] [0] Level-0 commit table #28 started
[17070] 01-07 04:33:26,139 INFO [RocksDB](Original Log Time 2020/01/07-04:33:26.139242) [db/memtable_list.cc:409] [0] Level-0 commit table #28: memtable #1 done
[17070] 01-07 04:33:26,139 INFO [RocksDB](Original Log Time 2020/01/07-04:33:26.139243) [db/memtable_list.cc:409] [0] Level-0 commit table #28: memtable #2 done
[17070] 01-07 04:33:26,139 INFO [RocksDB](Original Log Time 2020/01/07-04:33:26.139253) EVENT_LOG_v1 {"time_micros": 1578371606139248, "job": 6, "event": "flush_finished", "output_compression": "NoCompression", "lsm_state": [1, 8, 2, 0, 0, 0, 0], "immutable_memtables": 0}
[17070] 01-07 04:33:26,139 INFO [RocksDB](Original Log Time 2020/01/07-04:33:26.139262) [db/db_impl_compaction_flush.cc:177] [0] Level summary: base level 1 max bytes base 536870912 files[1 8 2 0 0 0 0] max score 0.99

[17070] 01-07 04:33:26,139 INFO [RocksDB][db/db_impl_files.cc:342] [JOB 6] Try to delete WAL files size 395609188, prev total WAL file size 520235906, number of live WAL files 3.

[17070] 01-07 04:33:26,165 INFO [RocksDB]EVENT_LOG_v1 {"time_micros": 1578371606165218, "job": 6, "event": "table_file_deletion", "file_number": 16}
[17070] 01-07 04:33:26,172 INFO [RocksDB]EVENT_LOG_v1 {"time_micros": 1578371606172240, "job": 6, "event": "table_file_deletion", "file_number": 15}
[17070] 01-07 04:33:32,253 INFO [RocksDB][db/db_impl_write.cc:1373] [0] New memtable created with log file: #30. Immutable memtables: 0.

[17070] 01-07 04:33:48,337 INFO [RocksDB][db/db_impl_write.cc:1373] [0] New memtable created with log file: #31. Immutable memtables: 1.

[17070] 01-07 04:33:48,337 INFO [RocksDB][db/db_impl_compaction_flush.cc:80] [JOB 8] Syncing log #27
[17070] 01-07 04:33:49,163 INFO [RocksDB][db/db_impl_compaction_flush.cc:80] [JOB 8] Syncing log #30
[17070] 01-07 04:33:50,757 INFO [RocksDB](Original Log Time 2020/01/07-04:33:48.337447) [db/db_impl_compaction_flush.cc:1424] Calling FlushMemTableToOutputFile with column family [0], flush slots available 4, compaction slots available 1, flush slots scheduled 1, compaction slots scheduled 0
[17070] 01-07 04:33:50,757 INFO [RocksDB][db/flush_job.cc:301] [0] [JOB 8] Flushing memtable with next log file: 30

[17070] 01-07 04:33:50,757 INFO [RocksDB][db/flush_job.cc:301] [0] [JOB 8] Flushing memtable with next log file: 31

[17070] 01-07 04:33:50,757 INFO [RocksDB]EVENT_LOG_v1 {"time_micros": 1578371630757473, "job": 8, "event": "flush_started", "num_memtables": 2, "num_entries": 3590001, "num_deletes": 0, "memory_usage": 520098568, "flush_reason": "Write Buffer Full"}
[17070] 01-07 04:33:50,757 INFO [RocksDB][db/flush_job.cc:331] [0] [JOB 8] Level-0 flush table #32: started
[17070] 01-07 04:33:57,446 INFO [RocksDB]EVENT_LOG_v1 {"time_micros": 1578371637446542, "cf_name": "0", "job": 8, "event": "table_file_creation", "file_number": 32, "file_size": 349043827, "table_properties": {"data_size": 339124219, "index_size": 4555787, "filter_size": 5362778, "raw_key_size": 141275971, "raw_average_key_size": 42, "raw_value_size": 271685052, "raw_average_value_size": 81, "num_data_blocks": 84497, "num_entries": 3333571, "filter_policy_name": "rocksdb.BuiltinBloomFilter", "kDeletedKeys": "0", "kMergeOperands": "0"}}
[17070] 01-07 04:33:57,446 INFO [RocksDB][db/flush_job.cc:371] [0] [JOB 8] Level-0 flush table #32: 349043827 bytes OK
[17070] 01-07 04:33:57,449 INFO [RocksDB](Original Log Time 2020/01/07-04:33:57.447660) [db/memtable_list.cc:377] [0] Level-0 commit table #32 started
[17070] 01-07 04:33:57,449 INFO [RocksDB](Original Log Time 2020/01/07-04:33:57.449238) [db/memtable_list.cc:409] [0] Level-0 commit table #32: memtable #1 done
[17070] 01-07 04:33:57,449 INFO [RocksDB](Original Log Time 2020/01/07-04:33:57.449239) [db/memtable_list.cc:409] [0] Level-0 commit table #32: memtable #2 done
[17070] 01-07 04:33:57,449 INFO [RocksDB](Original Log Time 2020/01/07-04:33:57.449249) EVENT_LOG_v1 {"time_micros": 1578371637449243, "job": 8, "event": "flush_finished", "output_compression": "NoCompression", "lsm_state": [2, 8, 2, 0, 0, 0, 0], "immutable_memtables": 0}
[17070] 01-07 04:33:57,449 INFO [RocksDB](Original Log Time 2020/01/07-04:33:57.449278) [db/db_impl_compaction_flush.cc:177] [0] Level summary: base level 1 max bytes base 536870912 files[2 8 2 0 0 0 0] max score 1.26

[17070] 01-07 04:33:57,449 INFO [RocksDB][db/db_impl_files.cc:342] [JOB 8] Try to delete WAL files size 423987577, prev total WAL file size 442207166, number of live WAL files 3.

[17070] 01-07 04:33:57,449 INFO [RocksDB][db/compaction_job.cc:1531] [0] [JOB 9] Compacting 2@0 + 8@1 files to L1, score 1.26
[17070] 01-07 04:33:57,449 INFO [RocksDB][db/compaction_job.cc:1535] [0] Compaction start summary: Base version 9 Base level 0, inputs: [32(332MB) 28(310MB)], [18(65MB) 19(65MB) 20(65MB) 21(65MB) 22(65MB) 23(65MB) 24(65MB) 25(47MB)]

[17070] 01-07 04:33:57,449 INFO [RocksDB]EVENT_LOG_v1 {"time_micros": 1578371637449463, "job": 9, "event": "compaction_started", "compaction_reason": "LevelL0FilesNum", "files_L0": [32, 28], "files_L1": [18, 19, 20, 21, 22, 23, 24, 25], "score": 1.25684, "input_data_size": 1207189455}
[17070] 01-07 04:33:58,926 INFO [RocksDB][db/compaction_job.cc:1211] [0] [JOB 9] Generated table #33: 1206371 keys, 69799408 bytes
[17070] 01-07 04:33:58,926 INFO [RocksDB]EVENT_LOG_v1 {"time_micros": 1578371638926350, "cf_name": "0", "job": 9, "event": "table_file_creation", "file_number": 33, "file_size": 69799408, "table_properties": {"data_size": 67112514, "index_size": 978872, "filter_size": 1706991, "raw_key_size": 57555076, "raw_average_key_size": 47, "raw_value_size": 27610053, "raw_average_value_size": 22, "num_data_blocks": 16596, "num_entries": 1206371, "filter_policy_name": "rocksdb.BuiltinBloomFilter", "kDeletedKeys": "0", "kMergeOperands": "0"}}
[17070] 01-07 04:34:00,235 INFO [RocksDB][db/compaction_job.cc:1211] [0] [JOB 9] Generated table #34: 597517 keys, 68987016 bytes
[17070] 01-07 04:34:00,235 INFO [RocksDB]EVENT_LOG_v1 {"time_micros": 1578371640235842, "cf_name": "0", "job": 9, "event": "table_file_creation", "file_number": 34, "file_size": 68987016, "table_properties": {"data_size": 67110037, "index_size": 888060, "filter_size": 987888, "raw_key_size": 24596001, "raw_average_key_size": 41, "raw_value_size": 56764088, "raw_average_value_size": 94, "num_data_blocks": 16739, "num_entries": 597517, "filter_policy_name": "rocksdb.BuiltinBloomFilter", "kDeletedKeys": "0", "kMergeOperands": "0"}}
[17070] 01-07 04:34:01,543 INFO [RocksDB][db/compaction_job.cc:1211] [0] [JOB 9] Generated table #35: 597609 keys, 68989523 bytes
[17070] 01-07 04:34:01,543 INFO [RocksDB]EVENT_LOG_v1 {"time_micros": 1578371641543359, "cf_name": "0", "job": 9, "event": "table_file_creation", "file_number": 35, "file_size": 68989523, "table_properties": {"data_size": 67111695, "index_size": 888760, "filter_size": 988037, "raw_key_size": 24597634, "raw_average_key_size": 41, "raw_value_size": 56772864, "raw_average_value_size": 95, "num_data_blocks": 16743, "num_entries": 597609, "filter_policy_name": "rocksdb.BuiltinBloomFilter", "kDeletedKeys": "0", "kMergeOperands": "0"}}
[17070] 01-07 04:34:02,844 INFO [RocksDB][db/compaction_job.cc:1211] [0] [JOB 9] Generated table #36: 597624 keys, 68988252 bytes
[17070] 01-07 04:34:02,844 INFO [RocksDB]EVENT_LOG_v1 {"time_micros": 1578371642844890, "cf_name": "0", "job": 9, "event": "table_file_creation", "file_number": 36, "file_size": 68988252, "table_properties": {"data_size": 67110556, "index_size": 888625, "filter_size": 988040, "raw_key_size": 24600610, "raw_average_key_size": 41, "raw_value_size": 56774325, "raw_average_value_size": 95, "num_data_blocks": 16742, "num_entries": 597624, "filter_policy_name": "rocksdb.BuiltinBloomFilter", "kDeletedKeys": "0", "kMergeOperands": "0"}}
[17070] 01-07 04:34:04,223 INFO [RocksDB][db/compaction_job.cc:1211] [0] [JOB 9] Generated table #37: 597617 keys, 68986849 bytes
[17070] 01-07 04:34:04,223 INFO [RocksDB]EVENT_LOG_v1 {"time_micros": 1578371644223069, "cf_name": "0", "job": 9, "event": "table_file_creation", "file_number": 37, "file_size": 68986849, "table_properties": {"data_size": 67109606, "index_size": 888188, "filter_size": 988024, "raw_key_size": 24596939, "raw_average_key_size": 41, "raw_value_size": 56773597, "raw_average_value_size": 94, "num_data_blocks": 16741, "num_entries": 597617, "filter_policy_name": "rocksdb.BuiltinBloomFilter", "kDeletedKeys": "0", "kMergeOperands": "0"}}
[17070] 01-07 04:34:05,526 INFO [RocksDB][db/compaction_job.cc:1211] [0] [JOB 9] Generated table #38: 597638 keys, 68990785 bytes
[17070] 01-07 04:34:05,526 INFO [RocksDB]EVENT_LOG_v1 {"time_micros": 1578371645526253, "cf_name": "0", "job": 9, "event": "table_file_creation", "file_number": 38, "file_size": 68990785, "table_properties": {"data_size": 67112855, "index_size": 888828, "filter_size": 988071, "raw_key_size": 24600225, "raw_average_key_size": 41, "raw_value_size": 56775583, "raw_average_value_size": 94, "num_data_blocks": 16743, "num_entries": 597638, "filter_policy_name": "rocksdb.BuiltinBloomFilter", "kDeletedKeys": "0", "kMergeOperands": "0"}}
[17070] 01-07 04:34:06,829 INFO [RocksDB][db/compaction_job.cc:1211] [0] [JOB 9] Generated table #39: 597589 keys, 68989348 bytes
[17070] 01-07 04:34:06,829 INFO [RocksDB]EVENT_LOG_v1 {"time_micros": 1578371646829553, "cf_name": "0", "job": 9, "event": "table_file_creation", "file_number": 39, "file_size": 68989348, "table_properties": {"data_size": 67111242, "index_size": 889072, "filter_size": 988003, "raw_key_size": 24596161, "raw_average_key_size": 41, "raw_value_size": 56770982, "raw_average_value_size": 95, "num_data_blocks": 16742, "num_entries": 597589, "filter_policy_name": "rocksdb.BuiltinBloomFilter", "kDeletedKeys": "0", "kMergeOperands": "0"}}
[17070] 01-07 04:34:08,139 INFO [RocksDB][db/compaction_job.cc:1211] [0] [JOB 9] Generated table #40: 597613 keys, 68988796 bytes
[17070] 01-07 04:34:08,139 INFO [RocksDB]EVENT_LOG_v1 {"time_micros": 1578371648139389, "cf_name": "0", "job": 9, "event": "table_file_creation", "file_number": 40, "file_size": 68988796, "table_properties": {"data_size": 67111098, "index_size": 888627, "filter_size": 988040, "raw_key_size": 24597714, "raw_average_key_size": 41, "raw_value_size": 56773280, "raw_average_value_size": 95, "num_data_blocks": 16743, "num_entries": 597613, "filter_policy_name": "rocksdb.BuiltinBloomFilter", "kDeletedKeys": "0", "kMergeOperands": "0"}}
[17070] 01-07 04:34:09,445 INFO [RocksDB][db/compaction_job.cc:1211] [0] [JOB 9] Generated table #41: 597636 keys, 68990792 bytes
[17070] 01-07 04:34:09,445 INFO [RocksDB]EVENT_LOG_v1 {"time_micros": 1578371649445887, "cf_name": "0", "job": 9, "event": "table_file_creation", "file_number": 41, "file_size": 68990792, "table_properties": {"data_size": 67112978, "index_size": 888723, "filter_size": 988060, "raw_key_size": 24599861, "raw_average_key_size": 41, "raw_value_size": 56775375, "raw_average_value_size": 94, "num_data_blocks": 16742, "num_entries": 597636, "filter_policy_name": "rocksdb.BuiltinBloomFilter", "kDeletedKeys": "0", "kMergeOperands": "0"}}
[17070] 01-07 04:34:10,747 INFO [RocksDB][db/compaction_job.cc:1211] [0] [JOB 9] Generated table #42: 597665 keys, 68989790 bytes
[17070] 01-07 04:34:10,747 INFO [RocksDB]EVENT_LOG_v1 {"time_micros": 1578371650747645, "cf_name": "0", "job": 9, "event": "table_file_creation", "file_number": 42, "file_size": 68989790, "table_properties": {"data_size": 67112704, "index_size": 887971, "filter_size": 988084, "raw_key_size": 24599610, "raw_average_key_size": 41, "raw_value_size": 56778193, "raw_average_value_size": 95, "num_data_blocks": 16741, "num_entries": 597665, "filter_policy_name": "rocksdb.BuiltinBloomFilter", "kDeletedKeys": "0", "kMergeOperands": "0"}}
[17070] 01-07 04:34:12,127 INFO [RocksDB][db/compaction_job.cc:1211] [0] [JOB 9] Generated table #43: 597609 keys, 68987375 bytes
[17070] 01-07 04:34:12,127 INFO [RocksDB]EVENT_LOG_v1 {"time_micros": 1578371652127783, "cf_name": "0", "job": 9, "event": "table_file_creation", "file_number": 43, "file_size": 68987375, "table_properties": {"data_size": 67109749, "index_size": 888572, "filter_size": 988023, "raw_key_size": 24598767, "raw_average_key_size": 41, "raw_value_size": 56772864, "raw_average_value_size": 95, "num_data_blocks": 16742, "num_entries": 597609, "filter_policy_name": "rocksdb.BuiltinBloomFilter", "kDeletedKeys": "0", "kMergeOperands": "0"}}
[17070] 01-07 04:34:13,430 INFO [RocksDB][db/compaction_job.cc:1211] [0] [JOB 9] Generated table #44: 597629 keys, 68986985 bytes
[17070] 01-07 04:34:13,430 INFO [RocksDB]EVENT_LOG_v1 {"time_micros": 1578371653430953, "cf_name": "0", "job": 9, "event": "table_file_creation", "file_number": 44, "file_size": 68986985, "table_properties": {"data_size": 67109569, "index_size": 888356, "filter_size": 988029, "raw_key_size": 24600680, "raw_average_key_size": 41, "raw_value_size": 56774746, "raw_average_value_size": 94, "num_data_blocks": 16740, "num_entries": 597629, "filter_policy_name": "rocksdb.BuiltinBloomFilter", "kDeletedKeys": "0", "kMergeOperands": "0"}}
[17070] 01-07 04:34:14,735 INFO [RocksDB][db/compaction_job.cc:1211] [0] [JOB 9] Generated table #45: 597592 keys, 68987576 bytes
[17070] 01-07 04:34:14,735 INFO [RocksDB]EVENT_LOG_v1 {"time_micros": 1578371654735984, "cf_name": "0", "job": 9, "event": "table_file_creation", "file_number": 45, "file_size": 68987576, "table_properties": {"data_size": 67109571, "index_size": 888970, "filter_size": 988004, "raw_key_size": 24597951, "raw_average_key_size": 41, "raw_value_size": 56771195, "raw_average_value_size": 94, "num_data_blocks": 16742, "num_entries": 597592, "filter_policy_name": "rocksdb.BuiltinBloomFilter", "kDeletedKeys": "0", "kMergeOperands": "0"}}
[17070] 01-07 04:34:16,036 INFO [RocksDB][db/compaction_job.cc:1211] [0] [JOB 9] Generated table #46: 597638 keys, 68991210 bytes
[17070] 01-07 04:34:16,036 INFO [RocksDB]EVENT_LOG_v1 {"time_micros": 1578371656036788, "cf_name": "0", "job": 9, "event": "table_file_creation", "file_number": 46, "file_size": 68991210, "table_properties": {"data_size": 67112932, "index_size": 889169, "filter_size": 988078, "raw_key_size": 24602598, "raw_average_key_size": 41, "raw_value_size": 56775682, "raw_average_value_size": 95, "num_data_blocks": 16744, "num_entries": 597638, "filter_policy_name": "rocksdb.BuiltinBloomFilter", "kDeletedKeys": "0", "kMergeOperands": "0"}}
[17070] 01-07 04:34:17,344 INFO [RocksDB][db/compaction_job.cc:1211] [0] [JOB 9] Generated table #47: 597594 keys, 68986751 bytes
[17070] 01-07 04:34:17,344 INFO [RocksDB]EVENT_LOG_v1 {"time_micros": 1578371657344387, "cf_name": "0", "job": 9, "event": "table_file_creation", "file_number": 47, "file_size": 68986751, "table_properties": {"data_size": 67109043, "index_size": 888680, "filter_size": 987997, "raw_key_size": 24597441, "raw_average_key_size": 41, "raw_value_size": 56771403, "raw_average_value_size": 94, "num_data_blocks": 16741, "num_entries": 597594, "filter_policy_name": "rocksdb.BuiltinBloomFilter", "kDeletedKeys": "0", "kMergeOperands": "0"}}
[17070] 01-07 04:34:18,652 INFO [RocksDB][db/compaction_job.cc:1211] [0] [JOB 9] Generated table #48: 597641 keys, 68990949 bytes
[17070] 01-07 04:34:18,652 INFO [RocksDB]EVENT_LOG_v1 {"time_micros": 1578371658652732, "cf_name": "0", "job": 9, "event": "table_file_creation", "file_number": 48, "file_size": 68990949, "table_properties": {"data_size": 67112905, "index_size": 888939, "filter_size": 988074, "raw_key_size": 24601902, "raw_average_key_size": 41, "raw_value_size": 56775895, "raw_average_value_size": 95, "num_data_blocks": 16743, "num_entries": 597641, "filter_policy_name": "rocksdb.BuiltinBloomFilter", "kDeletedKeys": "0", "kMergeOperands": "0"}}
[17070] 01-07 04:34:20,034 INFO [RocksDB][db/compaction_job.cc:1211] [0] [JOB 9] Generated table #49: 597636 keys, 68990814 bytes
[17070] 01-07 04:34:20,034 INFO [RocksDB]EVENT_LOG_v1 {"time_micros": 1578371660034547, "cf_name": "0", "job": 9, "event": "table_file_creation", "file_number": 49, "file_size": 68990814, "table_properties": {"data_size": 67112881, "index_size": 888842, "filter_size": 988060, "raw_key_size": 24600933, "raw_average_key_size": 41, "raw_value_size": 56775375, "raw_average_value_size": 94, "num_data_blocks": 16742, "num_entries": 597636, "filter_policy_name": "rocksdb.BuiltinBloomFilter", "kDeletedKeys": "0", "kMergeOperands": "0"}}
[17070] 01-07 04:34:20,644 INFO [RocksDB][db/compaction_job.cc:1211] [0] [JOB 9] Generated table #50: 287384 keys, 33171184 bytes
[17070] 01-07 04:34:20,644 INFO [RocksDB]EVENT_LOG_v1 {"time_micros": 1578371660644117, "cf_name": "0", "job": 9, "event": "table_file_creation", "file_number": 50, "file_size": 33171184, "table_properties": {"data_size": 32269485, "index_size": 425600, "filter_size": 475069, "raw_key_size": 11727973, "raw_average_key_size": 40, "raw_value_size": 27301561, "raw_average_value_size": 95, "num_data_blocks": 8047, "num_entries": 287384, "filter_policy_name": "rocksdb.BuiltinBloomFilter", "kDeletedKeys": "0", "kMergeOperands": "0"}}
[17070] 01-07 04:34:20,645 INFO [RocksDB][db/compaction_job.cc:1287] [0] [JOB 9] Compacted 2@0 + 8@1 files to L1 => 1206793403 bytes
[17070] 01-07 04:34:20,647 INFO [RocksDB](Original Log Time 2020/01/07-04:34:20.647263) [db/compaction_job.cc:685] [0] compacted to: base level 1 max bytes base 536870912 files[0 18 2 0 0 0 0] max score 2.25, MB/sec: 52.0 rd, 52.0 wr, level 1, files in(2, 8) out(18) MB in(643.5, 507.8) out(1150.9), read-write-amplify(3.6) write-amplify(1.8) OK, records in: 11055603, records dropped: 1 output_compression: NoCompression

[17070] 01-07 04:34:20,647 INFO [RocksDB](Original Log Time 2020/01/07-04:34:20.647289) EVENT_LOG_v1 {"time_micros": 1578371660647272, "job": 9, "event": "compaction_finished", "compaction_time_micros": 23195945, "output_level": 1, "num_output_files": 18, "total_output_size": 1206793403, "num_input_records": 11055603, "num_output_records": 11055602, "num_subcompactions": 1, "output_compression": "NoCompression", "num_single_delete_mismatches": 0, "num_single_delete_fallthrough": 0, "lsm_state": [0, 18, 2, 0, 0, 0, 0]}
[17070] 01-07 04:34:20,682 INFO [RocksDB]EVENT_LOG_v1 {"time_micros": 1578371660682442, "job": 9, "event": "table_file_deletion", "file_number": 32}
[17070] 01-07 04:34:20,713 INFO [RocksDB]EVENT_LOG_v1 {"time_micros": 1578371660713266, "job": 9, "event": "table_file_deletion", "file_number": 28}
[17070] 01-07 04:34:20,717 INFO [RocksDB]EVENT_LOG_v1 {"time_micros": 1578371660717821, "job": 9, "event": "table_file_deletion", "file_number": 25}
[17070] 01-07 04:34:20,724 INFO [RocksDB]EVENT_LOG_v1 {"time_micros": 1578371660724116, "job": 9, "event": "table_file_deletion", "file_number": 24}
[17070] 01-07 04:34:20,730 INFO [RocksDB]EVENT_LOG_v1 {"time_micros": 1578371660730335, "job": 9, "event": "table_file_deletion", "file_number": 23}
[17070] 01-07 04:34:20,736 INFO [RocksDB]EVENT_LOG_v1 {"time_micros": 1578371660736590, "job": 9, "event": "table_file_deletion", "file_number": 22}
[17070] 01-07 04:34:20,742 INFO [RocksDB]EVENT_LOG_v1 {"time_micros": 1578371660742833, "job": 9, "event": "table_file_deletion", "file_number": 21}
[17070] 01-07 04:34:20,749 INFO [RocksDB]EVENT_LOG_v1 {"time_micros": 1578371660749468, "job": 9, "event": "table_file_deletion", "file_number": 20}
[17070] 01-07 04:34:20,756 INFO [RocksDB]EVENT_LOG_v1 {"time_micros": 1578371660756057, "job": 9, "event": "table_file_deletion", "file_number": 19}
[17070] 01-07 04:34:20,762 INFO [RocksDB]EVENT_LOG_v1 {"time_micros": 1578371660762691, "job": 9, "event": "table_file_deletion", "file_number": 18}
[17070] 01-07 04:34:20,762 INFO [RocksDB][db/compaction_job.cc:1531] [0] [JOB 10] Compacting 1@1 + 1@2 files to L2, score 2.25
[17070] 01-07 04:34:20,762 INFO [RocksDB][db/compaction_job.cc:1535] [0] Compaction start summary: Base version 10 Base level 1, inputs: [33(66MB)], [26(51MB)]

[17070] 01-07 04:34:20,762 INFO [RocksDB]EVENT_LOG_v1 {"time_micros": 1578371660762751, "job": 10, "event": "compaction_started", "compaction_reason": "LevelMaxLevelSize", "files_L1": [33], "files_L2": [26], "score": 2.24783, "input_data_size": 123943330}
[17070] 01-07 04:34:24,196 INFO [RocksDB][db/compaction_job.cc:1211] [0] [JOB 10] Generated table #51: 2086501 keys, 70723288 bytes
[17070] 01-07 04:34:24,196 INFO [RocksDB]EVENT_LOG_v1 {"time_micros": 1578371664196605, "cf_name": "0", "job": 10, "event": "table_file_creation", "file_number": 51, "file_size": 70723288, "table_properties": {"data_size": 67111972, "index_size": 1473141, "filter_size": 2815993, "raw_key_size": 101643831, "raw_average_key_size": 48, "raw_value_size": 24651520, "raw_average_value_size": 11, "num_data_blocks": 24071, "num_entries": 2086501, "filter_policy_name": "rocksdb.BuiltinBloomFilter", "kDeletedKeys": "0", "kMergeOperands": "0"}}
[17070] 01-07 04:34:24,940 INFO [RocksDB][db/compaction_job.cc:1211] [0] [JOB 10] Generated table #52: 323504 keys, 37125817 bytes
[17070] 01-07 04:34:24,940 INFO [RocksDB]EVENT_LOG_v1 {"time_micros": 1578371664940088, "cf_name": "0", "job": 10, "event": "table_file_creation", "file_number": 52, "file_size": 37125817, "table_properties": {"data_size": 36328255, "index_size": 480541, "filter_size": 534837, "raw_key_size": 13314803, "raw_average_key_size": 41, "raw_value_size": 30732826, "raw_average_value_size": 94, "num_data_blocks": 9062, "num_entries": 323504, "filter_policy_name": "rocksdb.BuiltinBloomFilter", "kDeletedKeys": "0", "kMergeOperands": "0"}}
[17070] 01-07 04:34:24,941 INFO [RocksDB][db/compaction_job.cc:1287] [0] [JOB 10] Compacted 1@1 + 1@2 files to L2 => 107849105 bytes
[17070] 01-07 04:34:24,943 INFO [RocksDB](Original Log Time 2020/01/07-04:34:24.943020) [db/compaction_job.cc:685] [0] compacted to: base level 1 max bytes base 536870912 files[0 17 3 0 0 0 0] max score 2.12, MB/sec: 29.7 rd, 25.8 wr, level 2, files in(1, 1) out(2) MB in(66.6, 51.6) out(102.9), read-write-amplify(3.3) write-amplify(1.5) OK, records in: 2410006, records dropped: 1 output_compression: Snappy

[17070] 01-07 04:34:24,943 INFO [RocksDB](Original Log Time 2020/01/07-04:34:24.943044) EVENT_LOG_v1 {"time_micros": 1578371664943028, "job": 10, "event": "compaction_finished", "compaction_time_micros": 4178563, "output_level": 2, "num_output_files": 2, "total_output_size": 107849105, "num_input_records": 2410006, "num_output_records": 2410005, "num_subcompactions": 1, "output_compression": "Snappy", "num_single_delete_mismatches": 0, "num_single_delete_fallthrough": 0, "lsm_state": [0, 17, 3, 0, 0, 0, 0]}
[17070] 01-07 04:34:24,950 INFO [RocksDB]EVENT_LOG_v1 {"time_micros": 1578371664950536, "job": 10, "event": "table_file_deletion", "file_number": 33}
[17070] 01-07 04:34:24,956 INFO [RocksDB]EVENT_LOG_v1 {"time_micros": 1578371664956015, "job": 10, "event": "table_file_deletion", "file_number": 26}
[17070] 01-07 04:34:24,956 INFO [RocksDB][db/compaction_job.cc:1531] [0] [JOB 11] Compacting 1@1 files to L2, score 2.12
[17070] 01-07 04:34:24,956 INFO [RocksDB][db/compaction_job.cc:1535] [0] Compaction start summary: Base version 11 Base level 1, inputs: [46(65MB)]

[17070] 01-07 04:34:24,956 INFO [RocksDB]EVENT_LOG_v1 {"time_micros": 1578371664956060, "job": 11, "event": "compaction_started", "compaction_reason": "LevelMaxLevelSize", "files_L1": [46], "score": 2.11782, "input_data_size": 68991210}
[17070] 01-07 04:34:26,308 INFO [RocksDB][db/compaction_job.cc:1211] [0] [JOB 11] Generated table #53: 597638 keys, 68586058 bytes
[17070] 01-07 04:34:26,308 INFO [RocksDB]EVENT_LOG_v1 {"time_micros": 1578371666308329, "cf_name": "0", "job": 11, "event": "table_file_creation", "file_number": 53, "file_size": 68586058, "table_properties": {"data_size": 67112932, "index_size": 889169, "filter_size": 988078, "raw_key_size": 24602598, "raw_average_key_size": 41, "raw_value_size": 56775682, "raw_average_value_size": 95, "num_data_blocks": 16744, "num_entries": 597638, "filter_policy_name": "rocksdb.BuiltinBloomFilter", "kDeletedKeys": "0", "kMergeOperands": "0"}}
[17070] 01-07 04:34:26,309 INFO [RocksDB][db/compaction_job.cc:1287] [0] [JOB 11] Compacted 1@1 files to L2 => 68586058 bytes
[17070] 01-07 04:34:26,311 INFO [RocksDB](Original Log Time 2020/01/07-04:34:26.311694) [db/compaction_job.cc:685] [0] compacted to: base level 1 max bytes base 536870912 files[0 16 4 0 0 0 0] max score 1.99, MB/sec: 51.0 rd, 50.7 wr, level 2, files in(1, 0) out(1) MB in(65.8, 0.0) out(65.4), read-write-amplify(2.0) write-amplify(1.0) OK, records in: 597638, records dropped: 0 output_compression: Snappy

[17070] 01-07 04:34:26,311 INFO [RocksDB](Original Log Time 2020/01/07-04:34:26.311722) EVENT_LOG_v1 {"time_micros": 1578371666311717, "job": 11, "event": "compaction_finished", "compaction_time_micros": 1353729, "output_level": 2, "num_output_files": 1, "total_output_size": 68586058, "num_input_records": 597638, "num_output_records": 597638, "num_subcompactions": 1, "output_compression": "Snappy", "num_single_delete_mismatches": 0, "num_single_delete_fallthrough": 0, "lsm_state": [0, 16, 4, 0, 0, 0, 0]}
[17070] 01-07 04:34:26,318 INFO [RocksDB]EVENT_LOG_v1 {"time_micros": 1578371666318630, "job": 11, "event": "table_file_deletion", "file_number": 46}
[17070] 01-07 04:34:26,318 INFO [RocksDB][db/compaction_job.cc:1531] [0] [JOB 12] Compacting 1@1 files to L2, score 1.99
[17070] 01-07 04:34:26,318 INFO [RocksDB][db/compaction_job.cc:1535] [0] Compaction start summary: Base version 12 Base level 1, inputs: [48(65MB)]

[17070] 01-07 04:34:26,318 INFO [RocksDB]EVENT_LOG_v1 {"time_micros": 1578371666318679, "job": 12, "event": "compaction_started", "compaction_reason": "LevelMaxLevelSize", "files_L1": [48], "score": 1.98931, "input_data_size": 68990949}
[17070] 01-07 04:34:27,625 INFO [RocksDB][db/compaction_job.cc:1211] [0] [JOB 12] Generated table #54: 597641 keys, 68585699 bytes
[17070] 01-07 04:34:27,625 INFO [RocksDB]EVENT_LOG_v1 {"time_micros": 1578371667625381, "cf_name": "0", "job": 12, "event": "table_file_creation", "file_number": 54, "file_size": 68585699, "table_properties": {"data_size": 67112905, "index_size": 888939, "filter_size": 988074, "raw_key_size": 24601902, "raw_average_key_size": 41, "raw_value_size": 56775895, "raw_average_value_size": 95, "num_data_blocks": 16743, "num_entries": 597641, "filter_policy_name": "rocksdb.BuiltinBloomFilter", "kDeletedKeys": "0", "kMergeOperands": "0"}}
[17070] 01-07 04:34:27,626 INFO [RocksDB][db/compaction_job.cc:1287] [0] [JOB 12] Compacted 1@1 files to L2 => 68585699 bytes
[17070] 01-07 04:34:27,628 INFO [RocksDB](Original Log Time 2020/01/07-04:34:27.628420) [db/compaction_job.cc:685] [0] compacted to: base level 1 max bytes base 536870912 files[0 15 5 0 0 0 0] max score 1.86, MB/sec: 52.7 rd, 52.4 wr, level 2, files in(1, 0) out(1) MB in(65.8, 0.0) out(65.4), read-write-amplify(2.0) write-amplify(1.0) OK, records in: 597641, records dropped: 0 output_compression: Snappy

[17070] 01-07 04:34:27,628 INFO [RocksDB](Original Log Time 2020/01/07-04:34:27.628445) EVENT_LOG_v1 {"time_micros": 1578371667628429, "job": 12, "event": "compaction_finished", "compaction_time_micros": 1307892, "output_level": 2, "num_output_files": 1, "total_output_size": 68585699, "num_input_records": 597641, "num_output_records": 597641, "num_subcompactions": 1, "output_compression": "Snappy", "num_single_delete_mismatches": 0, "num_single_delete_fallthrough": 0, "lsm_state": [0, 15, 5, 0, 0, 0, 0]}
[17070] 01-07 04:34:27,634 INFO [RocksDB]EVENT_LOG_v1 {"time_micros": 1578371667634993, "job": 12, "event": "table_file_deletion", "file_number": 48}
[17070] 01-07 04:34:27,635 INFO [RocksDB][db/compaction_job.cc:1531] [0] [JOB 13] Compacting 1@1 files to L2, score 1.86
[17070] 01-07 04:34:27,635 INFO [RocksDB][db/compaction_job.cc:1535] [0] Compaction start summary: Base version 13 Base level 1, inputs: [49(65MB)]

[17070] 01-07 04:34:27,635 INFO [RocksDB]EVENT_LOG_v1 {"time_micros": 1578371667635040, "job": 13, "event": "compaction_started", "compaction_reason": "LevelMaxLevelSize", "files_L1": [49], "score": 1.8608, "input_data_size": 68990814}
[17070] 01-07 04:34:28,935 INFO [RocksDB][db/compaction_job.cc:1211] [0] [JOB 13] Generated table #55: 597636 keys, 68585542 bytes
[17070] 01-07 04:34:28,935 INFO [RocksDB]EVENT_LOG_v1 {"time_micros": 1578371668935834, "cf_name": "0", "job": 13, "event": "table_file_creation", "file_number": 55, "file_size": 68585542, "table_properties": {"data_size": 67112881, "index_size": 888842, "filter_size": 988060, "raw_key_size": 24600933, "raw_average_key_size": 41, "raw_value_size": 56775375, "raw_average_value_size": 94, "num_data_blocks": 16742, "num_entries": 597636, "filter_policy_name": "rocksdb.BuiltinBloomFilter", "kDeletedKeys": "0", "kMergeOperands": "0"}}
[17070] 01-07 04:34:28,937 INFO [RocksDB][db/compaction_job.cc:1287] [0] [JOB 13] Compacted 1@1 files to L2 => 68585542 bytes
[17070] 01-07 04:34:28,939 INFO [RocksDB](Original Log Time 2020/01/07-04:34:28.938979) [db/compaction_job.cc:685] [0] compacted to: base level 1 max bytes base 536870912 files[0 14 6 0 0 0 0] max score 1.73, MB/sec: 53.0 rd, 52.7 wr, level 2, files in(1, 0) out(1) MB in(65.8, 0.0) out(65.4), read-write-amplify(2.0) write-amplify(1.0) OK, records in: 597636, records dropped: 0 output_compression: Snappy

[17070] 01-07 04:34:28,939 INFO [RocksDB](Original Log Time 2020/01/07-04:34:28.939005) EVENT_LOG_v1 {"time_micros": 1578371668938988, "job": 13, "event": "compaction_finished", "compaction_time_micros": 1302040, "output_level": 2, "num_output_files": 1, "total_output_size": 68585542, "num_input_records": 597636, "num_output_records": 597636, "num_subcompactions": 1, "output_compression": "Snappy", "num_single_delete_mismatches": 0, "num_single_delete_fallthrough": 0, "lsm_state": [0, 14, 6, 0, 0, 0, 0]}
[17070] 01-07 04:34:28,939 INFO [RocksDB][db/compaction_job.cc:1531] [0] [JOB 14] Compacting 1@1 files to L2, score 1.73
[17070] 01-07 04:34:28,939 INFO [RocksDB][db/compaction_job.cc:1535] [0] Compaction start summary: Base version 14 Base level 1, inputs: [41(65MB)]

[17070] 01-07 04:34:28,939 INFO [RocksDB]EVENT_LOG_v1 {"time_micros": 1578371668939069, "job": 14, "event": "compaction_started", "compaction_reason": "LevelMaxLevelSize", "files_L1": [41], "score": 1.7323, "input_data_size": 68990792}
[17070] 01-07 04:34:28,945 INFO [RocksDB]EVENT_LOG_v1 {"time_micros": 1578371668945573, "job": 0, "event": "table_file_deletion", "file_number": 49}
[17070] 01-07 04:34:30,273 INFO [RocksDB][db/compaction_job.cc:1211] [0] [JOB 14] Generated table #56: 597636 keys, 68585061 bytes
[17070] 01-07 04:34:30,273 INFO [RocksDB]EVENT_LOG_v1 {"time_micros": 1578371670273484, "cf_name": "0", "job": 14, "event": "table_file_creation", "file_number": 56, "file_size": 68585061, "table_properties": {"data_size": 67112978, "index_size": 888723, "filter_size": 988060, "raw_key_size": 24599861, "raw_average_key_size": 41, "raw_value_size": 56775375, "raw_average_value_size": 94, "num_data_blocks": 16742, "num_entries": 597636, "filter_policy_name": "rocksdb.BuiltinBloomFilter", "kDeletedKeys": "0", "kMergeOperands": "0"}}
[17070] 01-07 04:34:30,274 INFO [RocksDB][db/compaction_job.cc:1287] [0] [JOB 14] Compacted 1@1 files to L2 => 68585061 bytes
[17070] 01-07 04:34:30,276 INFO [RocksDB](Original Log Time 2020/01/07-04:34:30.276942) [db/compaction_job.cc:685] [0] compacted to: base level 1 max bytes base 536870912 files[0 13 7 0 0 0 0] max score 1.60, MB/sec: 51.7 rd, 51.4 wr, level 2, files in(1, 0) out(1) MB in(65.8, 0.0) out(65.4), read-write-amplify(2.0) write-amplify(1.0) OK, records in: 597636, records dropped: 0 output_compression: Snappy

[17070] 01-07 04:34:30,276 INFO [RocksDB](Original Log Time 2020/01/07-04:34:30.276955) EVENT_LOG_v1 {"time_micros": 1578371670276951, "job": 14, "event": "compaction_finished", "compaction_time_micros": 1335626, "output_level": 2, "num_output_files": 1, "total_output_size": 68585061, "num_input_records": 597636, "num_output_records": 597636, "num_subcompactions": 1, "output_compression": "Snappy", "num_single_delete_mismatches": 0, "num_single_delete_fallthrough": 0, "lsm_state": [0, 13, 7, 0, 0, 0, 0]}
[17070] 01-07 04:34:30,277 INFO [RocksDB][db/compaction_job.cc:1531] [0] [JOB 15] Compacting 1@1 files to L2, score 1.60
[17070] 01-07 04:34:30,277 INFO [RocksDB][db/compaction_job.cc:1535] [0] Compaction start summary: Base version 15 Base level 1, inputs: [38(65MB)]

[17070] 01-07 04:34:30,277 INFO [RocksDB]EVENT_LOG_v1 {"time_micros": 1578371670277020, "job": 15, "event": "compaction_started", "compaction_reason": "LevelMaxLevelSize", "files_L1": [38], "score": 1.60379, "input_data_size": 68990785}
[17070] 01-07 04:34:30,284 INFO [RocksDB]EVENT_LOG_v1 {"time_micros": 1578371670284093, "job": 0, "event": "table_file_deletion", "file_number": 41}
[17070] 01-07 04:34:31,603 INFO [RocksDB][db/compaction_job.cc:1211] [0] [JOB 15] Generated table #57: 597638 keys, 68585329 bytes
[17070] 01-07 04:34:31,603 INFO [RocksDB]EVENT_LOG_v1 {"time_micros": 1578371671603328, "cf_name": "0", "job": 15, "event": "table_file_creation", "file_number": 57, "file_size": 68585329, "table_properties": {"data_size": 67112855, "index_size": 888828, "filter_size": 988071, "raw_key_size": 24600225, "raw_average_key_size": 41, "raw_value_size": 56775583, "raw_average_value_size": 94, "num_data_blocks": 16743, "num_entries": 597638, "filter_policy_name": "rocksdb.BuiltinBloomFilter", "kDeletedKeys": "0", "kMergeOperands": "0"}}
[17070] 01-07 04:34:31,604 INFO [RocksDB][db/compaction_job.cc:1287] [0] [JOB 15] Compacted 1@1 files to L2 => 68585329 bytes
[17070] 01-07 04:34:31,606 INFO [RocksDB](Original Log Time 2020/01/07-04:34:31.606569) [db/compaction_job.cc:685] [0] compacted to: base level 1 max bytes base 536870912 files[0 12 8 0 0 0 0] max score 1.48, MB/sec: 52.0 rd, 51.7 wr, level 2, files in(1, 0) out(1) MB in(65.8, 0.0) out(65.4), read-write-amplify(2.0) write-amplify(1.0) OK, records in: 597638, records dropped: 0 output_compression: Snappy

[17070] 01-07 04:34:31,606 INFO [RocksDB](Original Log Time 2020/01/07-04:34:31.606599) EVENT_LOG_v1 {"time_micros": 1578371671606593, "job": 15, "event": "compaction_finished", "compaction_time_micros": 1327583, "output_level": 2, "num_output_files": 1, "total_output_size": 68585329, "num_input_records": 597638, "num_output_records": 597638, "num_subcompactions": 1, "output_compression": "Snappy", "num_single_delete_mismatches": 0, "num_single_delete_fallthrough": 0, "lsm_state": [0, 12, 8, 0, 0, 0, 0]}
[17070] 01-07 04:34:31,606 INFO [RocksDB][db/compaction_job.cc:1531] [0] [JOB 16] Compacting 1@1 files to L2, score 1.48
[17070] 01-07 04:34:31,606 INFO [RocksDB][db/compaction_job.cc:1535] [0] Compaction start summary: Base version 16 Base level 1, inputs: [42(65MB)]

[17070] 01-07 04:34:31,606 INFO [RocksDB]EVENT_LOG_v1 {"time_micros": 1578371671606671, "job": 16, "event": "compaction_started", "compaction_reason": "LevelMaxLevelSize", "files_L1": [42], "score": 1.47529, "input_data_size": 68989790}
[17070] 01-07 04:34:31,613 INFO [RocksDB]EVENT_LOG_v1 {"time_micros": 1578371671613325, "job": 0, "event": "table_file_deletion", "file_number": 38}
[17070] 01-07 04:34:32,905 INFO [RocksDB][db/compaction_job.cc:1211] [0] [JOB 16] Generated table #58: 597665 keys, 68585066 bytes
[17070] 01-07 04:34:32,905 INFO [RocksDB]EVENT_LOG_v1 {"time_micros": 1578371672905229, "cf_name": "0", "job": 16, "event": "table_file_creation", "file_number": 58, "file_size": 68585066, "table_properties": {"data_size": 67112704, "index_size": 887971, "filter_size": 988084, "raw_key_size": 24599610, "raw_average_key_size": 41, "raw_value_size": 56778193, "raw_average_value_size": 95, "num_data_blocks": 16741, "num_entries": 597665, "filter_policy_name": "rocksdb.BuiltinBloomFilter", "kDeletedKeys": "0", "kMergeOperands": "0"}}
[17070] 01-07 04:34:32,906 INFO [RocksDB][db/compaction_job.cc:1287] [0] [JOB 16] Compacted 1@1 files to L2 => 68585066 bytes
[17070] 01-07 04:34:32,908 INFO [RocksDB](Original Log Time 2020/01/07-04:34:32.908531) [db/compaction_job.cc:685] [0] compacted to: base level 1 max bytes base 536870912 files[0 11 9 0 0 0 0] max score 1.35, MB/sec: 53.1 rd, 52.8 wr, level 2, files in(1, 0) out(1) MB in(65.8, 0.0) out(65.4), read-write-amplify(2.0) write-amplify(1.0) OK, records in: 597665, records dropped: 0 output_compression: Snappy

[17070] 01-07 04:34:32,908 INFO [RocksDB](Original Log Time 2020/01/07-04:34:32.908556) EVENT_LOG_v1 {"time_micros": 1578371672908540, "job": 16, "event": "compaction_finished", "compaction_time_micros": 1299969, "output_level": 2, "num_output_files": 1, "total_output_size": 68585066, "num_input_records": 597665, "num_output_records": 597665, "num_subcompactions": 1, "output_compression": "Snappy", "num_single_delete_mismatches": 0, "num_single_delete_fallthrough": 0, "lsm_state": [0, 11, 9, 0, 0, 0, 0]}
[17070] 01-07 04:34:32,915 INFO [RocksDB]EVENT_LOG_v1 {"time_micros": 1578371672915828, "job": 16, "event": "table_file_deletion", "file_number": 42}
[17070] 01-07 04:34:32,915 INFO [RocksDB][db/compaction_job.cc:1531] [0] [JOB 17] Compacting 1@1 + 1@2 files to L2, score 1.35
[17070] 01-07 04:34:32,915 INFO [RocksDB][db/compaction_job.cc:1535] [0] Compaction start summary: Base version 17 Base level 1, inputs: [35(65MB)], [29(65MB)]

[17070] 01-07 04:34:32,915 INFO [RocksDB]EVENT_LOG_v1 {"time_micros": 1578371672915888, "job": 17, "event": "compaction_started", "compaction_reason": "LevelMaxLevelSize", "files_L1": [35], "files_L2": [29], "score": 1.34678, "input_data_size": 137578106}
[17070] 01-07 04:34:34,223 INFO [RocksDB][db/compaction_job.cc:1211] [0] [JOB 17] Generated table #59: 597510 keys, 68588469 bytes
[17070] 01-07 04:34:34,223 INFO [RocksDB]EVENT_LOG_v1 {"time_micros": 1578371674223656, "cf_name": "0", "job": 17, "event": "table_file_creation", "file_number": 59, "file_size": 68588469, "table_properties": {"data_size": 67112136, "index_size": 889091, "filter_size": 987901, "raw_key_size": 24595448, "raw_average_key_size": 41, "raw_value_size": 56763558, "raw_average_value_size": 95, "num_data_blocks": 16741, "num_entries": 597510, "filter_policy_name": "rocksdb.BuiltinBloomFilter", "kDeletedKeys": "0", "kMergeOperands": "0"}}
[17070] 01-07 04:34:35,525 INFO [RocksDB][db/compaction_job.cc:1211] [0] [JOB 17] Generated table #60: 597611 keys, 68584327 bytes
[17070] 01-07 04:34:35,525 INFO [RocksDB]EVENT_LOG_v1 {"time_micros": 1578371675525057, "cf_name": "0", "job": 17, "event": "table_file_creation", "file_number": 60, "file_size": 68584327, "table_properties": {"data_size": 67111495, "index_size": 888742, "filter_size": 988040, "raw_key_size": 24597699, "raw_average_key_size": 41, "raw_value_size": 56772973, "raw_average_value_size": 94, "num_data_blocks": 16743, "num_entries": 597611, "filter_policy_name": "rocksdb.BuiltinBloomFilter", "kDeletedKeys": "0", "kMergeOperands": "0"}}
[17070] 01-07 04:34:35,526 INFO [RocksDB][db/compaction_job.cc:1287] [0] [JOB 17] Compacted 1@1 + 1@2 files to L2 => 137172796 bytes
[17070] 01-07 04:34:35,528 INFO [RocksDB](Original Log Time 2020/01/07-04:34:35.527962) [db/compaction_job.cc:685] [0] compacted to: base level 1 max bytes base 536870912 files[0 10 10 0 0 0 0] max score 1.22, MB/sec: 52.7 rd, 52.5 wr, level 2, files in(1, 1) out(2) MB in(65.8, 65.4) out(130.8), read-write-amplify(4.0) write-amplify(2.0) OK, records in: 1195121, records dropped: 0 output_compression: Snappy

[17070] 01-07 04:34:35,528 INFO [RocksDB](Original Log Time 2020/01/07-04:34:35.527975) EVENT_LOG_v1 {"time_micros": 1578371675527970, "job": 17, "event": "compaction_finished", "compaction_time_micros": 2610371, "output_level": 2, "num_output_files": 2, "total_output_size": 137172796, "num_input_records": 1195121, "num_output_records": 1195121, "num_subcompactions": 1, "output_compression": "Snappy", "num_single_delete_mismatches": 0, "num_single_delete_fallthrough": 0, "lsm_state": [0, 10, 10, 0, 0, 0, 0]}
[17070] 01-07 04:34:35,534 INFO [RocksDB]EVENT_LOG_v1 {"time_micros": 1578371675534558, "job": 17, "event": "table_file_deletion", "file_number": 35}
[17070] 01-07 04:34:35,541 INFO [RocksDB]EVENT_LOG_v1 {"time_micros": 1578371675541154, "job": 17, "event": "table_file_deletion", "file_number": 29}
[17070] 01-07 04:34:35,541 INFO [RocksDB][db/compaction_job.cc:1531] [0] [JOB 18] Compacting 1@1 files to L2, score 1.22
[17070] 01-07 04:34:35,541 INFO [RocksDB][db/compaction_job.cc:1535] [0] Compaction start summary: Base version 18 Base level 1, inputs: [39(65MB)]

[17070] 01-07 04:34:35,541 INFO [RocksDB]EVENT_LOG_v1 {"time_micros": 1578371675541205, "job": 18, "event": "compaction_started", "compaction_reason": "LevelMaxLevelSize", "files_L1": [39], "score": 1.21828, "input_data_size": 68989348}
[17070] 01-07 04:34:36,837 INFO [RocksDB][db/compaction_job.cc:1211] [0] [JOB 18] Generated table #61: 597589 keys, 68584294 bytes
[17070] 01-07 04:34:36,837 INFO [RocksDB]EVENT_LOG_v1 {"time_micros": 1578371676837450, "cf_name": "0", "job": 18, "event": "table_file_creation", "file_number": 61, "file_size": 68584294, "table_properties": {"data_size": 67111242, "index_size": 889072, "filter_size": 988003, "raw_key_size": 24596161, "raw_average_key_size": 41, "raw_value_size": 56770982, "raw_average_value_size": 95, "num_data_blocks": 16742, "num_entries": 597589, "filter_policy_name": "rocksdb.BuiltinBloomFilter", "kDeletedKeys": "0", "kMergeOperands": "0"}}
[17070] 01-07 04:34:36,838 INFO [RocksDB][db/compaction_job.cc:1287] [0] [JOB 18] Compacted 1@1 files to L2 => 68584294 bytes
[17070] 01-07 04:34:36,840 INFO [RocksDB](Original Log Time 2020/01/07-04:34:36.840392) [db/compaction_job.cc:685] [0] compacted to: base level 1 max bytes base 536870912 files[0 9 11 0 0 0 0] max score 1.09, MB/sec: 53.2 rd, 52.9 wr, level 2, files in(1, 0) out(1) MB in(65.8, 0.0) out(65.4), read-write-amplify(2.0) write-amplify(1.0) OK, records in: 597589, records dropped: 0 output_compression: Snappy

[17070] 01-07 04:34:36,840 INFO [RocksDB](Original Log Time 2020/01/07-04:34:36.840405) EVENT_LOG_v1 {"time_micros": 1578371676840400, "job": 18, "event": "compaction_finished", "compaction_time_micros": 1297530, "output_level": 2, "num_output_files": 1, "total_output_size": 68584294, "num_input_records": 597589, "num_output_records": 597589, "num_subcompactions": 1, "output_compression": "Snappy", "num_single_delete_mismatches": 0, "num_single_delete_fallthrough": 0, "lsm_state": [0, 9, 11, 0, 0, 0, 0]}
[17070] 01-07 04:34:36,847 INFO [RocksDB]EVENT_LOG_v1 {"time_micros": 1578371676847531, "job": 18, "event": "table_file_deletion", "file_number": 39}
[17070] 01-07 04:34:36,847 INFO [RocksDB][db/compaction_job.cc:1531] [0] [JOB 19] Compacting 1@1 files to L2, score 1.09
[17070] 01-07 04:34:36,847 INFO [RocksDB][db/compaction_job.cc:1535] [0] Compaction start summary: Base version 19 Base level 1, inputs: [40(65MB)]

[17070] 01-07 04:34:36,847 INFO [RocksDB]EVENT_LOG_v1 {"time_micros": 1578371676847579, "job": 19, "event": "compaction_started", "compaction_reason": "LevelMaxLevelSize", "files_L1": [40], "score": 1.08978, "input_data_size": 68988796}
