[14157] 01-07 03:57:44,477 INFO [RocksDB]RocksDB version: 5.14.2

[14157] 01-07 03:57:44,482 INFO [RocksDB]Git sha rocksdb_build_git_sha:fc00d54a097e35332052f4c39c3229d413a023b6
[14157] 01-07 03:57:44,482 INFO [RocksDB]Compile date Jan  7 2020
[14157] 01-07 03:57:44,482 INFO [RocksDB]DB SUMMARY

[14157] 01-07 03:57:44,482 INFO [RocksDB]SST files in /home/ubuntu/ardb/data/rocksdb dir, Total Num: 0, files: 

[14157] 01-07 03:57:44,482 INFO [RocksDB]Write Ahead Log file in /home/ubuntu/ardb/data/rocksdb: 

[14157] 01-07 03:57:44,482 INFO [RocksDB]                        Options.error_if_exists: 0
[14157] 01-07 03:57:44,482 INFO [RocksDB]                      Options.create_if_missing: 1
[14157] 01-07 03:57:44,482 INFO [RocksDB]                        Options.paranoid_checks: 1
[14157] 01-07 03:57:44,482 INFO [RocksDB]                                    Options.env: 0xbf86c0
[14157] 01-07 03:57:44,482 INFO [RocksDB]                               Options.info_log: 0x7f447743f8a0
[14157] 01-07 03:57:44,482 INFO [RocksDB]               Options.max_file_opening_threads: 16
[14157] 01-07 03:57:44,482 INFO [RocksDB]                             Options.statistics: (nil)
[14157] 01-07 03:57:44,482 INFO [RocksDB]                              Options.use_fsync: 0
[14157] 01-07 03:57:44,482 INFO [RocksDB]                      Options.max_log_file_size: 0
[14157] 01-07 03:57:44,482 INFO [RocksDB]                 Options.max_manifest_file_size: 18446744073709551615
[14157] 01-07 03:57:44,482 INFO [RocksDB]                  Options.log_file_time_to_roll: 0
[14157] 01-07 03:57:44,482 INFO [RocksDB]                      Options.keep_log_file_num: 1000
[14157] 01-07 03:57:44,482 INFO [RocksDB]                   Options.recycle_log_file_num: 0
[14157] 01-07 03:57:44,482 INFO [RocksDB]                        Options.allow_fallocate: 1
[14157] 01-07 03:57:44,482 INFO [RocksDB]                       Options.allow_mmap_reads: 0
[14157] 01-07 03:57:44,482 INFO [RocksDB]                      Options.allow_mmap_writes: 0
[14157] 01-07 03:57:44,482 INFO [RocksDB]                       Options.use_direct_reads: 0
[14157] 01-07 03:57:44,482 INFO [RocksDB]                       Options.use_direct_io_for_flush_and_compaction: 0
[14157] 01-07 03:57:44,482 INFO [RocksDB]         Options.create_missing_column_families: 0
[14157] 01-07 03:57:44,482 INFO [RocksDB]                             Options.db_log_dir: 
[14157] 01-07 03:57:44,482 INFO [RocksDB]                                Options.wal_dir: /home/ubuntu/ardb/data/rocksdb
[14157] 01-07 03:57:44,482 INFO [RocksDB]               Options.table_cache_numshardbits: 6
[14157] 01-07 03:57:44,482 INFO [RocksDB]                     Options.max_subcompactions: 1
[14157] 01-07 03:57:44,482 INFO [RocksDB]                 Options.max_background_flushes: -1
[14157] 01-07 03:57:44,482 INFO [RocksDB]                        Options.WAL_ttl_seconds: 0
[14157] 01-07 03:57:44,482 INFO [RocksDB]                      Options.WAL_size_limit_MB: 0
[14157] 01-07 03:57:44,482 INFO [RocksDB]            Options.manifest_preallocation_size: 4194304
[14157] 01-07 03:57:44,482 INFO [RocksDB]                    Options.is_fd_close_on_exec: 1
[14157] 01-07 03:57:44,482 INFO [RocksDB]                  Options.advise_random_on_open: 1
[14157] 01-07 03:57:44,482 INFO [RocksDB]                   Options.db_write_buffer_size: 0
[14157] 01-07 03:57:44,482 INFO [RocksDB]                   Options.write_buffer_manager: 0x7f4477bfa7d0
[14157] 01-07 03:57:44,482 INFO [RocksDB]        Options.access_hint_on_compaction_start: 1
[14157] 01-07 03:57:44,482 INFO [RocksDB] Options.new_table_reader_for_compaction_inputs: 0
[14157] 01-07 03:57:44,482 INFO [RocksDB]          Options.random_access_max_buffer_size: 1048576
[14157] 01-07 03:57:44,482 INFO [RocksDB]                     Options.use_adaptive_mutex: 1
[14157] 01-07 03:57:44,482 INFO [RocksDB]                           Options.rate_limiter: 0x7f4477438540
[14157] 01-07 03:57:44,482 INFO [RocksDB]    Options.sst_file_manager.rate_bytes_per_sec: 0
[14157] 01-07 03:57:44,482 INFO [RocksDB]                      Options.wal_recovery_mode: 2
[14157] 01-07 03:57:44,482 INFO [RocksDB]                 Options.enable_thread_tracking: 0
[14157] 01-07 03:57:44,482 INFO [RocksDB]                 Options.enable_pipelined_write: 1
[14157] 01-07 03:57:44,482 INFO [RocksDB]        Options.allow_concurrent_memtable_write: 1
[14157] 01-07 03:57:44,482 INFO [RocksDB]     Options.enable_write_thread_adaptive_yield: 1
[14157] 01-07 03:57:44,482 INFO [RocksDB]            Options.write_thread_max_yield_usec: 100
[14157] 01-07 03:57:44,482 INFO [RocksDB]           Options.write_thread_slow_yield_usec: 3
[14157] 01-07 03:57:44,482 INFO [RocksDB]                              Options.row_cache: None
[14157] 01-07 03:57:44,483 INFO [RocksDB]                             Options.wal_filter: None
[14157] 01-07 03:57:44,483 INFO [RocksDB]            Options.avoid_flush_during_recovery: 0
[14157] 01-07 03:57:44,483 INFO [RocksDB]            Options.allow_ingest_behind: 0
[14157] 01-07 03:57:44,483 INFO [RocksDB]            Options.preserve_deletes: 0
[14157] 01-07 03:57:44,483 INFO [RocksDB]            Options.two_write_queues: 0
[14157] 01-07 03:57:44,483 INFO [RocksDB]            Options.manual_wal_flush: 0
[14157] 01-07 03:57:44,483 INFO [RocksDB]            Options.max_background_jobs: 16
[14157] 01-07 03:57:44,483 INFO [RocksDB]            Options.max_background_compactions: -1
[14157] 01-07 03:57:44,483 INFO [RocksDB]            Options.avoid_flush_during_shutdown: 0
[14157] 01-07 03:57:44,483 INFO [RocksDB]          Options.writable_file_max_buffer_size: 1048576
[14157] 01-07 03:57:44,483 INFO [RocksDB]            Options.delayed_write_rate : 52428800
[14157] 01-07 03:57:44,483 INFO [RocksDB]            Options.max_total_wal_size: 0
[14157] 01-07 03:57:44,483 INFO [RocksDB]            Options.delete_obsolete_files_period_micros: 21600000000
[14157] 01-07 03:57:44,483 INFO [RocksDB]                  Options.stats_dump_period_sec: 100000
[14157] 01-07 03:57:44,483 INFO [RocksDB]                         Options.max_open_files: 1024
[14157] 01-07 03:57:44,483 INFO [RocksDB]                         Options.bytes_per_sync: 1048576
[14157] 01-07 03:57:44,483 INFO [RocksDB]                     Options.wal_bytes_per_sync: 0
[14157] 01-07 03:57:44,483 INFO [RocksDB]      Options.compaction_readahead_size: 0
[14157] 01-07 03:57:44,483 INFO [RocksDB]Compression algorithms supported:
[14157] 01-07 03:57:44,483 INFO [RocksDB]	kZSTDNotFinalCompression supported: 0
[14157] 01-07 03:57:44,483 INFO [RocksDB]	kZSTD supported: 0
[14157] 01-07 03:57:44,483 INFO [RocksDB]	kXpressCompression supported: 0
[14157] 01-07 03:57:44,483 INFO [RocksDB]	kLZ4HCCompression supported: 0
[14157] 01-07 03:57:44,483 INFO [RocksDB]	kLZ4Compression supported: 0
[14157] 01-07 03:57:44,483 INFO [RocksDB]	kBZip2Compression supported: 0
[14157] 01-07 03:57:44,483 INFO [RocksDB]	kZlibCompression supported: 1
[14157] 01-07 03:57:44,483 INFO [RocksDB]	kSnappyCompression supported: 1
[14157] 01-07 03:57:44,483 INFO [RocksDB]Fast CRC32 supported: Supported on x86
[14157] 01-07 03:57:44,483 INFO [RocksDB][db/db_impl_open.cc:222] Creating manifest 1 

[14157] 01-07 03:57:44,490 INFO [RocksDB][db/version_set.cc:3085] Recovering from manifest file: MANIFEST-000001

[14157] 01-07 03:57:44,490 INFO [RocksDB][db/column_family.cc:475] --------------- Options for column family [default]:

[14157] 01-07 03:57:44,490 INFO [RocksDB]              Options.comparator: ardb.comparator
[14157] 01-07 03:57:44,490 INFO [RocksDB]          Options.merge_operator: ardb.merger
[14157] 01-07 03:57:44,490 INFO [RocksDB]       Options.compaction_filter: None
[14157] 01-07 03:57:44,490 INFO [RocksDB]       Options.compaction_filter_factory: ardb.compact_filter_factory
[14157] 01-07 03:57:44,490 INFO [RocksDB]        Options.memtable_factory: SkipListFactory
[14157] 01-07 03:57:44,490 INFO [RocksDB]           Options.table_factory: BlockBasedTable
[14157] 01-07 03:57:44,490 INFO [RocksDB]           table_factory options:   flush_block_policy_factory: FlushBlockBySizePolicyFactory (0x7f4477a08018)
  cache_index_and_filter_blocks: 0
  cache_index_and_filter_blocks_with_high_priority: 0
  pin_l0_filter_and_index_blocks_in_cache: 0
  index_type: 0
  hash_index_allow_collision: 1
  checksum: 1
  no_block_cache: 0
  block_cache: 0x7f4477a81cf0
  block_cache_name: LRUCache
  block_cache_options:
    capacity : 536870912
    num_shard_bits : 6
    strict_capacity_limit : 0
    high_pri_pool_ratio: 0.000
  block_cache_compressed: (nil)
  persistent_cache: (nil)
  block_size: 4096
  block_size_deviation: 10
  block_restart_interval: 16
  index_block_restart_interval: 1
  metadata_block_size: 4096
  partition_filters: 0
  use_delta_encoding: 1
  filter_policy: rocksdb.BuiltinBloomFilter
  whole_key_filtering: 1
  verify_compression: 0
  read_amp_bytes_per_bit: 0
  format_version: 2
  enable_index_compression: 1
  block_align: 0

[14157] 01-07 03:57:44,490 INFO [RocksDB]       Options.write_buffer_size: 268435456
[14157] 01-07 03:57:44,490 INFO [RocksDB] Options.max_write_buffer_number: 6
[14157] 01-07 03:57:44,490 INFO [RocksDB]       Options.compression[0]: NoCompression
[14157] 01-07 03:57:44,490 INFO [RocksDB]       Options.compression[1]: NoCompression
[14157] 01-07 03:57:44,490 INFO [RocksDB]       Options.compression[2]: Snappy
[14157] 01-07 03:57:44,490 INFO [RocksDB]       Options.compression[3]: Snappy
[14157] 01-07 03:57:44,490 INFO [RocksDB]       Options.compression[4]: Snappy
[14157] 01-07 03:57:44,490 INFO [RocksDB]       Options.compression[5]: Snappy
[14157] 01-07 03:57:44,490 INFO [RocksDB]       Options.compression[6]: Snappy
[14157] 01-07 03:57:44,490 INFO [RocksDB]                 Options.bottommost_compression: Disabled
[14157] 01-07 03:57:44,490 INFO [RocksDB]      Options.prefix_extractor: ardb.prefix_extractor
[14157] 01-07 03:57:44,490 INFO [RocksDB]  Options.memtable_insert_with_hint_prefix_extractor: nullptr
[14157] 01-07 03:57:44,490 INFO [RocksDB]            Options.num_levels: 7
[14157] 01-07 03:57:44,490 INFO [RocksDB]       Options.min_write_buffer_number_to_merge: 2
[14157] 01-07 03:57:44,490 INFO [RocksDB]    Options.max_write_buffer_number_to_maintain: 0
[14157] 01-07 03:57:44,490 INFO [RocksDB]           Options.compression_opts.window_bits: -14
[14157] 01-07 03:57:44,490 INFO [RocksDB]                 Options.compression_opts.level: -1
[14157] 01-07 03:57:44,490 INFO [RocksDB]              Options.compression_opts.strategy: 0
[14157] 01-07 03:57:44,490 INFO [RocksDB]        Options.compression_opts.max_dict_bytes: 0
[14157] 01-07 03:57:44,490 INFO [RocksDB]        Options.compression_opts.zstd_max_train_bytes: 0
[14157] 01-07 03:57:44,490 INFO [RocksDB]     Options.level0_file_num_compaction_trigger: 2
[14157] 01-07 03:57:44,490 INFO [RocksDB]         Options.level0_slowdown_writes_trigger: 20
[14157] 01-07 03:57:44,490 INFO [RocksDB]             Options.level0_stop_writes_trigger: 36
[14157] 01-07 03:57:44,490 INFO [RocksDB]                  Options.target_file_size_base: 67108864
[14157] 01-07 03:57:44,490 INFO [RocksDB]            Options.target_file_size_multiplier: 1
[14157] 01-07 03:57:44,490 INFO [RocksDB]               Options.max_bytes_for_level_base: 536870912
[14157] 01-07 03:57:44,490 INFO [RocksDB]Options.level_compaction_dynamic_level_bytes: 0
[14157] 01-07 03:57:44,490 INFO [RocksDB]         Options.max_bytes_for_level_multiplier: 10.000000
[14157] 01-07 03:57:44,490 INFO [RocksDB]Options.max_bytes_for_level_multiplier_addtl[0]: 1
[14157] 01-07 03:57:44,490 INFO [RocksDB]Options.max_bytes_for_level_multiplier_addtl[1]: 1
[14157] 01-07 03:57:44,490 INFO [RocksDB]Options.max_bytes_for_level_multiplier_addtl[2]: 1
[14157] 01-07 03:57:44,490 INFO [RocksDB]Options.max_bytes_for_level_multiplier_addtl[3]: 1
[14157] 01-07 03:57:44,490 INFO [RocksDB]Options.max_bytes_for_level_multiplier_addtl[4]: 1
[14157] 01-07 03:57:44,490 INFO [RocksDB]Options.max_bytes_for_level_multiplier_addtl[5]: 1
[14157] 01-07 03:57:44,490 INFO [RocksDB]Options.max_bytes_for_level_multiplier_addtl[6]: 1
[14157] 01-07 03:57:44,490 INFO [RocksDB]      Options.max_sequential_skip_in_iterations: 8
[14157] 01-07 03:57:44,490 INFO [RocksDB]                   Options.max_compaction_bytes: 1677721600
[14157] 01-07 03:57:44,490 INFO [RocksDB]                       Options.arena_block_size: 33554432
[14157] 01-07 03:57:44,490 INFO [RocksDB]  Options.soft_pending_compaction_bytes_limit: 68719476736
[14157] 01-07 03:57:44,490 INFO [RocksDB]  Options.hard_pending_compaction_bytes_limit: 274877906944
[14157] 01-07 03:57:44,490 INFO [RocksDB]      Options.rate_limit_delay_max_milliseconds: 100
[14157] 01-07 03:57:44,490 INFO [RocksDB]               Options.disable_auto_compactions: 0
[14157] 01-07 03:57:44,490 INFO [RocksDB]                       Options.compaction_style: kCompactionStyleLevel
[14157] 01-07 03:57:44,490 INFO [RocksDB]                         Options.compaction_pri: kByCompensatedSize
[14157] 01-07 03:57:44,490 INFO [RocksDB]Options.compaction_options_universal.size_ratio: 1
[14157] 01-07 03:57:44,490 INFO [RocksDB]Options.compaction_options_universal.min_merge_width: 2
[14157] 01-07 03:57:44,490 INFO [RocksDB]Options.compaction_options_universal.max_merge_width: 4294967295
[14157] 01-07 03:57:44,490 INFO [RocksDB]Options.compaction_options_universal.max_size_amplification_percent: 200
[14157] 01-07 03:57:44,490 INFO [RocksDB]Options.compaction_options_universal.compression_size_percent: -1
[14157] 01-07 03:57:44,490 INFO [RocksDB]Options.compaction_options_universal.stop_style: kCompactionStopStyleTotalSize
[14157] 01-07 03:57:44,490 INFO [RocksDB]Options.compaction_options_fifo.max_table_files_size: 1073741824
[14157] 01-07 03:57:44,490 INFO [RocksDB]Options.compaction_options_fifo.allow_compaction: 0
[14157] 01-07 03:57:44,490 INFO [RocksDB]Options.compaction_options_fifo.ttl: 0
[14157] 01-07 03:57:44,490 INFO [RocksDB]                  Options.table_properties_collectors: 
[14157] 01-07 03:57:44,490 INFO [RocksDB]                  Options.inplace_update_support: 0
[14157] 01-07 03:57:44,490 INFO [RocksDB]                Options.inplace_update_num_locks: 10000
[14157] 01-07 03:57:44,490 INFO [RocksDB]              Options.memtable_prefix_bloom_size_ratio: 0.000000
[14157] 01-07 03:57:44,490 INFO [RocksDB]  Options.memtable_huge_page_size: 0
[14157] 01-07 03:57:44,490 INFO [RocksDB]                          Options.bloom_locality: 0
[14157] 01-07 03:57:44,490 INFO [RocksDB]                   Options.max_successive_merges: 0
[14157] 01-07 03:57:44,490 INFO [RocksDB]               Options.optimize_filters_for_hits: 0
[14157] 01-07 03:57:44,490 INFO [RocksDB]               Options.paranoid_file_checks: 0
[14157] 01-07 03:57:44,490 INFO [RocksDB]               Options.force_consistency_checks: 0
[14157] 01-07 03:57:44,490 INFO [RocksDB]               Options.report_bg_io_stats: 0
[14157] 01-07 03:57:44,490 INFO [RocksDB]                              Options.ttl: 0
[14157] 01-07 03:57:44,490 INFO [RocksDB][db/version_set.cc:3361] Recovered from manifest file:/home/ubuntu/ardb/data/rocksdb/MANIFEST-000001 succeeded,manifest_file_number is 1, next_file_number is 3, last_sequence is 0, log_number is 0,prev_log_number is 0,max_column_family is 0,min_log_number_to_keep is 0

[14157] 01-07 03:57:44,490 INFO [RocksDB][db/version_set.cc:3369] Column family [default] (ID 0), log number is 0

[14157] 01-07 03:57:44,494 INFO [RocksDB][db/db_impl_open.cc:1219] DB pointer 0x7f44773be000
[14157] 01-07 03:57:44,494 INFO Ardb init engine:rocksdb success.
[14157] 01-07 03:57:44,497 INFO Ardb will accept connections on 0.0.0.0:16379
[14157] 01-07 03:57:44,497 INFO Ardb started with version 0.10.0
[14157] 01-07 03:57:45,497 INFO ========================Period Statistics Dump Begin===========================
[14157] 01-07 03:57:45,497 INFO slave_sync_total_commands_processed:0
[14157] 01-07 03:57:45,497 INFO slave_sync_instantaneous_ops_per_sec:0
[14157] 01-07 03:57:45,497 INFO total_commands_processed:0
[14157] 01-07 03:57:45,497 INFO instantaneous_ops_per_sec:0
[14157] 01-07 03:57:45,497 INFO total_connections_received:0
[14157] 01-07 03:57:45,497 INFO rejected_connections:0
[14157] 01-07 03:57:45,497 INFO ========================Period Statistics Dump End===========================
[14157] 01-07 03:57:57,118 INFO [RocksDB][db/version_set.cc:2847] Creating manifest 6

[14157] 01-07 03:57:57,124 INFO [RocksDB][db/column_family.cc:475] --------------- Options for column family [0]:

[14157] 01-07 03:57:57,124 INFO [RocksDB]              Options.comparator: ardb.comparator
[14157] 01-07 03:57:57,124 INFO [RocksDB]          Options.merge_operator: ardb.merger
[14157] 01-07 03:57:57,124 INFO [RocksDB]       Options.compaction_filter: None
[14157] 01-07 03:57:57,124 INFO [RocksDB]       Options.compaction_filter_factory: ardb.compact_filter_factory
[14157] 01-07 03:57:57,124 INFO [RocksDB]        Options.memtable_factory: SkipListFactory
[14157] 01-07 03:57:57,124 INFO [RocksDB]           Options.table_factory: BlockBasedTable
[14157] 01-07 03:57:57,124 INFO [RocksDB]           table_factory options:   flush_block_policy_factory: FlushBlockBySizePolicyFactory (0x7f4477a08018)
  cache_index_and_filter_blocks: 0
  cache_index_and_filter_blocks_with_high_priority: 0
  pin_l0_filter_and_index_blocks_in_cache: 0
  index_type: 0
  hash_index_allow_collision: 1
  checksum: 1
  no_block_cache: 0
  block_cache: 0x7f4477a81cf0
  block_cache_name: LRUCache
  block_cache_options:
    capacity : 536870912
    num_shard_bits : 6
    strict_capacity_limit : 0
    high_pri_pool_ratio: 0.000
  block_cache_compressed: (nil)
  persistent_cache: (nil)
  block_size: 4096
  block_size_deviation: 10
  block_restart_interval: 16
  index_block_restart_interval: 1
  metadata_block_size: 4096
  partition_filters: 0
  use_delta_encoding: 1
  filter_policy: rocksdb.BuiltinBloomFilter
  whole_key_filtering: 1
  verify_compression: 0
  read_amp_bytes_per_bit: 0
  format_version: 2
  enable_index_compression: 1
  block_align: 0

[14157] 01-07 03:57:57,124 INFO [RocksDB]       Options.write_buffer_size: 268435456
[14157] 01-07 03:57:57,124 INFO [RocksDB] Options.max_write_buffer_number: 6
[14157] 01-07 03:57:57,124 INFO [RocksDB]       Options.compression[0]: NoCompression
[14157] 01-07 03:57:57,124 INFO [RocksDB]       Options.compression[1]: NoCompression
[14157] 01-07 03:57:57,124 INFO [RocksDB]       Options.compression[2]: Snappy
[14157] 01-07 03:57:57,124 INFO [RocksDB]       Options.compression[3]: Snappy
[14157] 01-07 03:57:57,124 INFO [RocksDB]       Options.compression[4]: Snappy
[14157] 01-07 03:57:57,124 INFO [RocksDB]       Options.compression[5]: Snappy
[14157] 01-07 03:57:57,124 INFO [RocksDB]       Options.compression[6]: Snappy
[14157] 01-07 03:57:57,124 INFO [RocksDB]                 Options.bottommost_compression: Disabled
[14157] 01-07 03:57:57,124 INFO [RocksDB]      Options.prefix_extractor: ardb.prefix_extractor
[14157] 01-07 03:57:57,124 INFO [RocksDB]  Options.memtable_insert_with_hint_prefix_extractor: nullptr
[14157] 01-07 03:57:57,124 INFO [RocksDB]            Options.num_levels: 7
[14157] 01-07 03:57:57,124 INFO [RocksDB]       Options.min_write_buffer_number_to_merge: 2
[14157] 01-07 03:57:57,124 INFO [RocksDB]    Options.max_write_buffer_number_to_maintain: 0
[14157] 01-07 03:57:57,124 INFO [RocksDB]           Options.compression_opts.window_bits: -14
[14157] 01-07 03:57:57,124 INFO [RocksDB]                 Options.compression_opts.level: -1
[14157] 01-07 03:57:57,124 INFO [RocksDB]              Options.compression_opts.strategy: 0
[14157] 01-07 03:57:57,124 INFO [RocksDB]        Options.compression_opts.max_dict_bytes: 0
[14157] 01-07 03:57:57,124 INFO [RocksDB]        Options.compression_opts.zstd_max_train_bytes: 0
[14157] 01-07 03:57:57,124 INFO [RocksDB]     Options.level0_file_num_compaction_trigger: 2
[14157] 01-07 03:57:57,124 INFO [RocksDB]         Options.level0_slowdown_writes_trigger: 20
[14157] 01-07 03:57:57,124 INFO [RocksDB]             Options.level0_stop_writes_trigger: 36
[14157] 01-07 03:57:57,124 INFO [RocksDB]                  Options.target_file_size_base: 67108864
[14157] 01-07 03:57:57,124 INFO [RocksDB]            Options.target_file_size_multiplier: 1
[14157] 01-07 03:57:57,124 INFO [RocksDB]               Options.max_bytes_for_level_base: 536870912
[14157] 01-07 03:57:57,124 INFO [RocksDB]Options.level_compaction_dynamic_level_bytes: 0
[14157] 01-07 03:57:57,124 INFO [RocksDB]         Options.max_bytes_for_level_multiplier: 10.000000
[14157] 01-07 03:57:57,124 INFO [RocksDB]Options.max_bytes_for_level_multiplier_addtl[0]: 1
[14157] 01-07 03:57:57,124 INFO [RocksDB]Options.max_bytes_for_level_multiplier_addtl[1]: 1
[14157] 01-07 03:57:57,124 INFO [RocksDB]Options.max_bytes_for_level_multiplier_addtl[2]: 1
[14157] 01-07 03:57:57,124 INFO [RocksDB]Options.max_bytes_for_level_multiplier_addtl[3]: 1
[14157] 01-07 03:57:57,124 INFO [RocksDB]Options.max_bytes_for_level_multiplier_addtl[4]: 1
[14157] 01-07 03:57:57,124 INFO [RocksDB]Options.max_bytes_for_level_multiplier_addtl[5]: 1
[14157] 01-07 03:57:57,124 INFO [RocksDB]Options.max_bytes_for_level_multiplier_addtl[6]: 1
[14157] 01-07 03:57:57,124 INFO [RocksDB]      Options.max_sequential_skip_in_iterations: 8
[14157] 01-07 03:57:57,124 INFO [RocksDB]                   Options.max_compaction_bytes: 1677721600
[14157] 01-07 03:57:57,124 INFO [RocksDB]                       Options.arena_block_size: 33554432
[14157] 01-07 03:57:57,124 INFO [RocksDB]  Options.soft_pending_compaction_bytes_limit: 68719476736
[14157] 01-07 03:57:57,124 INFO [RocksDB]  Options.hard_pending_compaction_bytes_limit: 274877906944
[14157] 01-07 03:57:57,124 INFO [RocksDB]      Options.rate_limit_delay_max_milliseconds: 100
[14157] 01-07 03:57:57,124 INFO [RocksDB]               Options.disable_auto_compactions: 0
[14157] 01-07 03:57:57,124 INFO [RocksDB]                       Options.compaction_style: kCompactionStyleLevel
[14157] 01-07 03:57:57,124 INFO [RocksDB]                         Options.compaction_pri: kByCompensatedSize
[14157] 01-07 03:57:57,124 INFO [RocksDB]Options.compaction_options_universal.size_ratio: 1
[14157] 01-07 03:57:57,124 INFO [RocksDB]Options.compaction_options_universal.min_merge_width: 2
[14157] 01-07 03:57:57,124 INFO [RocksDB]Options.compaction_options_universal.max_merge_width: 4294967295
[14157] 01-07 03:57:57,124 INFO [RocksDB]Options.compaction_options_universal.max_size_amplification_percent: 200
[14157] 01-07 03:57:57,124 INFO [RocksDB]Options.compaction_options_universal.compression_size_percent: -1
[14157] 01-07 03:57:57,124 INFO [RocksDB]Options.compaction_options_universal.stop_style: kCompactionStopStyleTotalSize
[14157] 01-07 03:57:57,124 INFO [RocksDB]Options.compaction_options_fifo.max_table_files_size: 1073741824
[14157] 01-07 03:57:57,124 INFO [RocksDB]Options.compaction_options_fifo.allow_compaction: 0
[14157] 01-07 03:57:57,124 INFO [RocksDB]Options.compaction_options_fifo.ttl: 0
[14157] 01-07 03:57:57,124 INFO [RocksDB]                  Options.table_properties_collectors: 
[14157] 01-07 03:57:57,124 INFO [RocksDB]                  Options.inplace_update_support: 0
[14157] 01-07 03:57:57,124 INFO [RocksDB]                Options.inplace_update_num_locks: 10000
[14157] 01-07 03:57:57,124 INFO [RocksDB]              Options.memtable_prefix_bloom_size_ratio: 0.000000
[14157] 01-07 03:57:57,124 INFO [RocksDB]  Options.memtable_huge_page_size: 0
[14157] 01-07 03:57:57,124 INFO [RocksDB]                          Options.bloom_locality: 0
[14157] 01-07 03:57:57,124 INFO [RocksDB]                   Options.max_successive_merges: 0
[14157] 01-07 03:57:57,124 INFO [RocksDB]               Options.optimize_filters_for_hits: 0
[14157] 01-07 03:57:57,124 INFO [RocksDB]               Options.paranoid_file_checks: 0
[14157] 01-07 03:57:57,124 INFO [RocksDB]               Options.force_consistency_checks: 0
[14157] 01-07 03:57:57,124 INFO [RocksDB]               Options.report_bg_io_stats: 0
[14157] 01-07 03:57:57,124 INFO [RocksDB]                              Options.ttl: 0
[14157] 01-07 03:57:57,124 INFO [RocksDB][db/db_impl.cc:1396] Created column family [0] (ID 1)
[14157] 01-07 03:57:57,127 INFO Create ColumnFamilyHandle with name:0 success.
[14157] 01-07 03:58:03,713 INFO [RocksDB][db/db_impl_write.cc:1373] [0] New memtable created with log file: #9. Immutable memtables: 0.

[14157] 01-07 03:58:10,923 INFO [RocksDB][db/db_impl_write.cc:1373] [0] New memtable created with log file: #10. Immutable memtables: 1.

[14157] 01-07 03:58:10,924 INFO [RocksDB][db/db_impl_compaction_flush.cc:80] [JOB 2] Syncing log #3
[14157] 01-07 03:58:11,672 INFO [RocksDB][db/db_impl_compaction_flush.cc:80] [JOB 2] Syncing log #9
[14157] 01-07 03:58:14,872 INFO [RocksDB](Original Log Time 2020/01/07-03:58:10.924034) [db/db_impl_compaction_flush.cc:1424] Calling FlushMemTableToOutputFile with column family [0], flush slots available 4, compaction slots available 1, flush slots scheduled 1, compaction slots scheduled 0
[14157] 01-07 03:58:14,872 INFO [RocksDB][db/flush_job.cc:301] [0] [JOB 2] Flushing memtable with next log file: 9

[14157] 01-07 03:58:14,872 INFO [RocksDB][db/flush_job.cc:301] [0] [JOB 2] Flushing memtable with next log file: 10

[14157] 01-07 03:58:14,872 INFO [RocksDB]EVENT_LOG_v1 {"time_micros": 1578369494872624, "job": 2, "event": "flush_started", "num_memtables": 2, "num_entries": 3183710, "num_deletes": 0, "memory_usage": 519766392, "flush_reason": "Write Buffer Full"}
[14157] 01-07 03:58:14,872 INFO [RocksDB][db/flush_job.cc:331] [0] [JOB 2] Level-0 flush table #11: started
[14157] 01-07 03:58:19,930 INFO [RocksDB][db/db_impl_write.cc:1373] [0] New memtable created with log file: #12. Immutable memtables: 2.

[14157] 01-07 03:58:21,352 INFO [RocksDB]EVENT_LOG_v1 {"time_micros": 1578369501352881, "cf_name": "0", "job": 2, "event": "table_file_creation", "file_number": 11, "file_size": 309579044, "table_properties": {"data_size": 300790044, "index_size": 4031854, "filter_size": 4756104, "raw_key_size": 125288260, "raw_average_key_size": 42, "raw_value_size": 240940959, "raw_average_value_size": 81, "num_data_blocks": 74942, "num_entries": 2956311, "filter_policy_name": "rocksdb.BuiltinBloomFilter", "kDeletedKeys": "0", "kMergeOperands": "0"}}
[14157] 01-07 03:58:21,352 INFO [RocksDB][db/flush_job.cc:371] [0] [JOB 2] Level-0 flush table #11: 309579044 bytes OK
[14157] 01-07 03:58:21,355 INFO [RocksDB](Original Log Time 2020/01/07-03:58:21.354289) [db/memtable_list.cc:377] [0] Level-0 commit table #11 started
[14157] 01-07 03:58:21,355 INFO [RocksDB](Original Log Time 2020/01/07-03:58:21.355874) [db/memtable_list.cc:409] [0] Level-0 commit table #11: memtable #1 done
[14157] 01-07 03:58:21,355 INFO [RocksDB](Original Log Time 2020/01/07-03:58:21.355878) [db/memtable_list.cc:409] [0] Level-0 commit table #11: memtable #2 done
[14157] 01-07 03:58:21,355 INFO [RocksDB](Original Log Time 2020/01/07-03:58:21.355889) EVENT_LOG_v1 {"time_micros": 1578369501355884, "job": 2, "event": "flush_finished", "output_compression": "NoCompression", "lsm_state": [1, 0, 0, 0, 0, 0, 0], "immutable_memtables": 1}
[14157] 01-07 03:58:21,355 INFO [RocksDB](Original Log Time 2020/01/07-03:58:21.355902) [db/db_impl_compaction_flush.cc:177] [0] Level summary: base level 1 max bytes base 536870912 files[1 0 0 0 0 0 0] max score 0.58

[14157] 01-07 03:58:21,355 INFO [RocksDB][db/db_impl_files.cc:342] [JOB 2] Try to delete WAL files size 375919086, prev total WAL file size 616877432, number of live WAL files 4.

[14157] 01-07 03:58:28,737 INFO [RocksDB][db/db_impl_write.cc:1373] [0] New memtable created with log file: #13. Immutable memtables: 1.

[14157] 01-07 03:58:28,737 INFO [RocksDB][db/db_impl_compaction_flush.cc:80] [JOB 3] Syncing log #10
[14157] 01-07 03:58:29,304 INFO [RocksDB][db/db_impl_compaction_flush.cc:80] [JOB 3] Syncing log #12
[14157] 01-07 03:58:30,871 INFO [RocksDB](Original Log Time 2020/01/07-03:58:28.737371) [db/db_impl_compaction_flush.cc:1424] Calling FlushMemTableToOutputFile with column family [0], flush slots available 4, compaction slots available 1, flush slots scheduled 1, compaction slots scheduled 0
[14157] 01-07 03:58:30,871 INFO [RocksDB][db/flush_job.cc:301] [0] [JOB 3] Flushing memtable with next log file: 12

[14157] 01-07 03:58:30,871 INFO [RocksDB][db/flush_job.cc:301] [0] [JOB 3] Flushing memtable with next log file: 13

[14157] 01-07 03:58:30,871 INFO [RocksDB]EVENT_LOG_v1 {"time_micros": 1578369510871548, "job": 3, "event": "flush_started", "num_memtables": 2, "num_entries": 3434587, "num_deletes": 0, "memory_usage": 519912552, "flush_reason": "Write Buffer Full"}
[14157] 01-07 03:58:30,871 INFO [RocksDB][db/flush_job.cc:331] [0] [JOB 3] Level-0 flush table #14: started
[14157] 01-07 03:58:37,401 INFO [RocksDB]EVENT_LOG_v1 {"time_micros": 1578369517401132, "cf_name": "0", "job": 3, "event": "table_file_creation", "file_number": 14, "file_size": 333895468, "table_properties": {"data_size": 324408958, "index_size": 4354886, "filter_size": 5130582, "raw_key_size": 135158287, "raw_average_key_size": 42, "raw_value_size": 259923828, "raw_average_value_size": 81, "num_data_blocks": 80829, "num_entries": 3189258, "filter_policy_name": "rocksdb.BuiltinBloomFilter", "kDeletedKeys": "0", "kMergeOperands": "0"}}
[14157] 01-07 03:58:37,401 INFO [RocksDB][db/flush_job.cc:371] [0] [JOB 3] Level-0 flush table #14: 333895468 bytes OK
[14157] 01-07 03:58:37,404 INFO [RocksDB](Original Log Time 2020/01/07-03:58:37.402340) [db/memtable_list.cc:377] [0] Level-0 commit table #14 started
[14157] 01-07 03:58:37,404 INFO [RocksDB](Original Log Time 2020/01/07-03:58:37.403977) [db/memtable_list.cc:409] [0] Level-0 commit table #14: memtable #1 done
[14157] 01-07 03:58:37,404 INFO [RocksDB](Original Log Time 2020/01/07-03:58:37.403978) [db/memtable_list.cc:409] [0] Level-0 commit table #14: memtable #2 done
[14157] 01-07 03:58:37,404 INFO [RocksDB](Original Log Time 2020/01/07-03:58:37.403988) EVENT_LOG_v1 {"time_micros": 1578369517403984, "job": 3, "event": "flush_finished", "output_compression": "NoCompression", "lsm_state": [2, 0, 0, 0, 0, 0, 0], "immutable_memtables": 0}
[14157] 01-07 03:58:37,404 INFO [RocksDB](Original Log Time 2020/01/07-03:58:37.404016) [db/db_impl_compaction_flush.cc:177] [0] Level summary: base level 1 max bytes base 536870912 files[2 0 0 0 0 0 0] max score 1.20

[14157] 01-07 03:58:37,404 INFO [RocksDB][db/db_impl_files.cc:342] [JOB 3] Try to delete WAL files size 405624402, prev total WAL file size 579708820, number of live WAL files 3.

[14157] 01-07 03:58:37,404 WARN [RocksDB][db/db_impl.cc:491] ------- DUMPING STATS -------
[14157] 01-07 03:58:37,404 WARN [RocksDB][db/db_impl.cc:492] 
** DB Stats **
Uptime(secs): 52.9 total, 52.9 interval
Cumulative writes: 1156K writes, 8092K keys, 1154K commit groups, 1.0 writes per commit group, ingest: 0.89 GB, 17.22 MB/s
Cumulative WAL: 1156K writes, 0 syncs, 1156039.00 writes per sync, written: 0.89 GB, 17.22 MB/s
Cumulative stall: 00:00:0.000 H:M:S, 0.0 percent
Interval writes: 1156K writes, 8092K keys, 1154K commit groups, 1.0 writes per commit group, ingest: 911.36 MB, 17.22 MB/s
Interval WAL: 1156K writes, 0 syncs, 1156039.00 writes per sync, written: 0.89 MB, 17.22 MB/s
Interval stall: 00:00:0.000 H:M:S, 0.0 percent

** Compaction Stats [default] **
Level    Files   Size     Score Read(GB)  Rn(GB) Rnp1(GB) Write(GB) Wnew(GB) Moved(GB) W-Amp Rd(MB/s) Wr(MB/s) Comp(sec) Comp(cnt) Avg(sec) KeyIn KeyDrop
----------------------------------------------------------------------------------------------------------------------------------------------------------
 Sum      0/0    0.00 KB   0.0      0.0     0.0      0.0       0.0     
[14157] 01-07 03:58:37,404 INFO [RocksDB][db/compaction_job.cc:1531] [0] [JOB 4] Compacting 2@0 files to L1, score 1.20
[14157] 01-07 03:58:37,404 INFO [RocksDB][db/compaction_job.cc:1535] [0] Compaction start summary: Base version 4 Base level 0, inputs: [14(318MB) 11(295MB)]

[14157] 01-07 03:58:37,404 INFO [RocksDB]EVENT_LOG_v1 {"time_micros": 1578369517404420, "job": 4, "event": "compaction_started", "compaction_reason": "LevelL0FilesNum", "files_L0": [14, 11], "score": 1.19856, "input_data_size": 643474512}
[14157] 01-07 03:58:38,256 INFO [RocksDB][db/db_impl_write.cc:1373] [0] New memtable created with log file: #16. Immutable memtables: 0.

[14157] 01-07 03:58:38,840 INFO [RocksDB][db/compaction_job.cc:1211] [0] [JOB 4] Generated table #15: 1178283 keys, 69758559 bytes
[14157] 01-07 03:58:38,840 INFO [RocksDB]EVENT_LOG_v1 {"time_micros": 1578369518840813, "cf_name": "0", "job": 4, "event": "table_file_creation", "file_number": 15, "file_size": 69758559, "table_properties": {"data_size": 67109031, "index_size": 974655, "filter_size": 1673842, "raw_key_size": 56032586, "raw_average_key_size": 47, "raw_value_size": 28972620, "raw_average_value_size": 24, "num_data_blocks": 16602, "num_entries": 1178283, "filter_policy_name": "rocksdb.BuiltinBloomFilter", "kDeletedKeys": "0", "kMergeOperands": "0"}}
[14157] 01-07 03:58:40,140 INFO [RocksDB][db/compaction_job.cc:1211] [0] [JOB 4] Generated table #17: 597509 keys, 68989734 bytes
[14157] 01-07 03:58:40,140 INFO [RocksDB]EVENT_LOG_v1 {"time_micros": 1578369520140198, "cf_name": "0", "job": 4, "event": "table_file_creation", "file_number": 17, "file_size": 68989734, "table_properties": {"data_size": 67111901, "index_size": 888911, "filter_size": 987891, "raw_key_size": 24595526, "raw_average_key_size": 41, "raw_value_size": 56763355, "raw_average_value_size": 95, "num_data_blocks": 16740, "num_entries": 597509, "filter_policy_name": "rocksdb.BuiltinBloomFilter", "kDeletedKeys": "0", "kMergeOperands": "0"}}
[14157] 01-07 03:58:41,441 INFO [RocksDB][db/compaction_job.cc:1211] [0] [JOB 4] Generated table #18: 597515 keys, 68990302 bytes
[14157] 01-07 03:58:41,441 INFO [RocksDB]EVENT_LOG_v1 {"time_micros": 1578369521441061, "cf_name": "0", "job": 4, "event": "table_file_creation", "file_number": 18, "file_size": 68990302, "table_properties": {"data_size": 67112647, "index_size": 888725, "filter_size": 987899, "raw_key_size": 24594300, "raw_average_key_size": 41, "raw_value_size": 56763880, "raw_average_value_size": 94, "num_data_blocks": 16740, "num_entries": 597515, "filter_policy_name": "rocksdb.BuiltinBloomFilter", "kDeletedKeys": "0", "kMergeOperands": "0"}}
[14157] 01-07 03:58:42,746 INFO [RocksDB][db/compaction_job.cc:1211] [0] [JOB 4] Generated table #19: 597503 keys, 68987772 bytes
[14157] 01-07 03:58:42,747 INFO [RocksDB]EVENT_LOG_v1 {"time_micros": 1578369522746992, "cf_name": "0", "job": 4, "event": "table_file_creation", "file_number": 19, "file_size": 68987772, "table_properties": {"data_size": 67110280, "index_size": 888582, "filter_size": 987879, "raw_key_size": 24593570, "raw_average_key_size": 41, "raw_value_size": 56762830, "raw_average_value_size": 95, "num_data_blocks": 16740, "num_entries": 597503, "filter_policy_name": "rocksdb.BuiltinBloomFilter", "kDeletedKeys": "0", "kMergeOperands": "0"}}
[14157] 01-07 03:58:44,052 INFO [RocksDB][db/compaction_job.cc:1211] [0] [JOB 4] Generated table #20: 597518 keys, 68989396 bytes
[14157] 01-07 03:58:44,052 INFO [RocksDB]EVENT_LOG_v1 {"time_micros": 1578369524052843, "cf_name": "0", "job": 4, "event": "table_file_creation", "file_number": 20, "file_size": 68989396, "table_properties": {"data_size": 67111862, "index_size": 888610, "filter_size": 987893, "raw_key_size": 24594663, "raw_average_key_size": 41, "raw_value_size": 56764192, "raw_average_value_size": 94, "num_data_blocks": 16739, "num_entries": 597518, "filter_policy_name": "rocksdb.BuiltinBloomFilter", "kDeletedKeys": "0", "kMergeOperands": "0"}}
[14157] 01-07 03:58:45,361 INFO [RocksDB][db/compaction_job.cc:1211] [0] [JOB 4] Generated table #21: 597509 keys, 68987596 bytes
[14157] 01-07 03:58:45,362 INFO [RocksDB]EVENT_LOG_v1 {"time_micros": 1578369525361998, "cf_name": "0", "job": 4, "event": "table_file_creation", "file_number": 21, "file_size": 68987596, "table_properties": {"data_size": 67110162, "index_size": 888525, "filter_size": 987878, "raw_key_size": 24594644, "raw_average_key_size": 41, "raw_value_size": 56763355, "raw_average_value_size": 95, "num_data_blocks": 16739, "num_entries": 597509, "filter_policy_name": "rocksdb.BuiltinBloomFilter", "kDeletedKeys": "0", "kMergeOperands": "0"}}
[14157] 01-07 03:58:46,671 INFO [RocksDB][db/compaction_job.cc:1211] [0] [JOB 4] Generated table #22: 597506 keys, 68987784 bytes
[14157] 01-07 03:58:46,671 INFO [RocksDB]EVENT_LOG_v1 {"time_micros": 1578369526671861, "cf_name": "0", "job": 4, "event": "table_file_creation", "file_number": 22, "file_size": 68987784, "table_properties": {"data_size": 67110290, "index_size": 888579, "filter_size": 987884, "raw_key_size": 24594700, "raw_average_key_size": 41, "raw_value_size": 56763043, "raw_average_value_size": 94, "num_data_blocks": 16740, "num_entries": 597506, "filter_policy_name": "rocksdb.BuiltinBloomFilter", "kDeletedKeys": "0", "kMergeOperands": "0"}}
[14157] 01-07 03:58:48,044 INFO [RocksDB][db/compaction_job.cc:1211] [0] [JOB 4] Generated table #23: 597506 keys, 68986595 bytes
[14157] 01-07 03:58:48,044 INFO [RocksDB]EVENT_LOG_v1 {"time_micros": 1578369528044455, "cf_name": "0", "job": 4, "event": "table_file_creation", "file_number": 23, "file_size": 68986595, "table_properties": {"data_size": 67109366, "index_size": 888334, "filter_size": 987864, "raw_key_size": 24594576, "raw_average_key_size": 41, "raw_value_size": 56763142, "raw_average_value_size": 95, "num_data_blocks": 16738, "num_entries": 597506, "filter_policy_name": "rocksdb.BuiltinBloomFilter", "kDeletedKeys": "0", "kMergeOperands": "0"}}
[14157] 01-07 03:58:48,491 INFO [RocksDB][db/db_impl_write.cc:1373] [0] New memtable created with log file: #25. Immutable memtables: 1.

[14157] 01-07 03:58:48,492 INFO [RocksDB][db/db_impl_compaction_flush.cc:80] [JOB 5] Syncing log #13
[14157] 01-07 03:58:49,227 INFO [RocksDB][db/db_impl_compaction_flush.cc:80] [JOB 5] Syncing log #16
[14157] 01-07 03:58:50,901 INFO [RocksDB][db/compaction_job.cc:1211] [0] [JOB 4] Generated table #24: 597554 keys, 68988776 bytes
[14157] 01-07 03:58:50,901 INFO [RocksDB]EVENT_LOG_v1 {"time_micros": 1578369530901188, "cf_name": "0", "job": 4, "event": "table_file_creation", "file_number": 24, "file_size": 68988776, "table_properties": {"data_size": 67111750, "index_size": 888069, "filter_size": 987926, "raw_key_size": 24597223, "raw_average_key_size": 41, "raw_value_size": 56767639, "raw_average_value_size": 95, "num_data_blocks": 16738, "num_entries": 597554, "filter_policy_name": "rocksdb.BuiltinBloomFilter", "kDeletedKeys": "0", "kMergeOperands": "0"}}
[14157] 01-07 03:58:50,901 INFO [RocksDB](Original Log Time 2020/01/07-03:58:48.492053) [db/db_impl_compaction_flush.cc:1424] Calling FlushMemTableToOutputFile with column family [0], flush slots available 4, compaction slots available 1, flush slots scheduled 1, compaction slots scheduled 1
[14157] 01-07 03:58:50,901 INFO [RocksDB][db/flush_job.cc:301] [0] [JOB 5] Flushing memtable with next log file: 16

[14157] 01-07 03:58:50,901 INFO [RocksDB][db/flush_job.cc:301] [0] [JOB 5] Flushing memtable with next log file: 25

[14157] 01-07 03:58:50,901 INFO [RocksDB]EVENT_LOG_v1 {"time_micros": 1578369530901681, "job": 5, "event": "flush_started", "num_memtables": 2, "num_entries": 3424260, "num_deletes": 0, "memory_usage": 520101264, "flush_reason": "Write Buffer Full"}
[14157] 01-07 03:58:50,901 INFO [RocksDB][db/flush_job.cc:331] [0] [JOB 5] Level-0 flush table #26: started
[14157] 01-07 03:58:51,733 INFO [RocksDB][db/compaction_job.cc:1211] [0] [JOB 4] Generated table #27: 187165 keys, 21603598 bytes
[14157] 01-07 03:58:51,733 INFO [RocksDB]EVENT_LOG_v1 {"time_micros": 1578369531733479, "cf_name": "0", "job": 4, "event": "table_file_creation", "file_number": 27, "file_size": 21603598, "table_properties": {"data_size": 21016697, "index_size": 276456, "filter_size": 309415, "raw_key_size": 7654740, "raw_average_key_size": 40, "raw_value_size": 17780675, "raw_average_value_size": 95, "num_data_blocks": 5241, "num_entries": 187165, "filter_policy_name": "rocksdb.BuiltinBloomFilter", "kDeletedKeys": "0", "kMergeOperands": "0"}}
[14157] 01-07 03:58:51,738 INFO [RocksDB][db/compaction_job.cc:1287] [0] [JOB 4] Compacted 2@0 files to L1 => 643270112 bytes
[14157] 01-07 03:58:51,740 INFO [RocksDB](Original Log Time 2020/01/07-03:58:51.740359) [db/compaction_job.cc:685] [0] compacted to: base level 1 max bytes base 536870912 files[0 10 0 0 0 0 0] max score 1.20, MB/sec: 44.9 rd, 44.9 wr, level 1, files in(2, 0) out(10) MB in(613.7, 0.0) out(613.5), read-write-amplify(2.0) write-amplify(1.0) OK, records in: 6145569, records dropped: 1 output_compression: NoCompression

[14157] 01-07 03:58:51,740 INFO [RocksDB](Original Log Time 2020/01/07-03:58:51.740397) EVENT_LOG_v1 {"time_micros": 1578369531740390, "job": 4, "event": "compaction_finished", "compaction_time_micros": 14334135, "output_level": 1, "num_output_files": 10, "total_output_size": 643270112, "num_input_records": 6145569, "num_output_records": 6145568, "num_subcompactions": 1, "output_compression": "NoCompression", "num_single_delete_mismatches": 0, "num_single_delete_fallthrough": 0, "lsm_state": [0, 10, 0, 0, 0, 0, 0]}
[14157] 01-07 03:58:51,740 INFO [RocksDB][db/compaction_job.cc:1531] [0] [JOB 6] Compacting 1@1 files to L2, score 1.20
[14157] 01-07 03:58:51,740 INFO [RocksDB][db/compaction_job.cc:1535] [0] Compaction start summary: Base version 5 Base level 1, inputs: [15(66MB)]

[14157] 01-07 03:58:51,740 INFO [RocksDB]EVENT_LOG_v1 {"time_micros": 1578369531740525, "job": 6, "event": "compaction_started", "compaction_reason": "LevelMaxLevelSize", "files_L1": [15], "score": 1.19818, "input_data_size": 69758559}
[14157] 01-07 03:58:55,598 INFO [RocksDB][db/compaction_job.cc:1211] [0] [JOB 6] Generated table #28: 1178283 keys, 54742736 bytes
[14157] 01-07 03:58:55,598 INFO [RocksDB]EVENT_LOG_v1 {"time_micros": 1578369535598469, "cf_name": "0", "job": 6, "event": "table_file_creation", "file_number": 28, "file_size": 54742736, "table_properties": {"data_size": 52566173, "index_size": 974351, "filter_size": 1645434, "raw_key_size": 56032586, "raw_average_key_size": 47, "raw_value_size": 28972620, "raw_average_value_size": 24, "num_data_blocks": 16602, "num_entries": 1178283, "filter_policy_name": "rocksdb.BuiltinBloomFilter", "kDeletedKeys": "0", "kMergeOperands": "0"}}
[14157] 01-07 03:58:55,602 INFO [RocksDB][db/compaction_job.cc:1287] [0] [JOB 6] Compacted 1@1 files to L2 => 54742736 bytes
[14157] 01-07 03:58:55,604 INFO [RocksDB](Original Log Time 2020/01/07-03:58:55.604954) [db/compaction_job.cc:685] [0] compacted to: base level 1 max bytes base 536870912 files[0 9 1 0 0 0 0] max score 1.07, MB/sec: 18.1 rd, 14.2 wr, level 2, files in(1, 0) out(1) MB in(66.5, 0.0) out(52.2), read-write-amplify(1.8) write-amplify(0.8) OK, records in: 1178283, records dropped: 0 output_compression: Snappy

[14157] 01-07 03:58:55,605 INFO [RocksDB](Original Log Time 2020/01/07-03:58:55.604969) EVENT_LOG_v1 {"time_micros": 1578369535604963, "job": 6, "event": "compaction_finished", "compaction_time_micros": 3862130, "output_level": 2, "num_output_files": 1, "total_output_size": 54742736, "num_input_records": 1178283, "num_output_records": 1178283, "num_subcompactions": 1, "output_compression": "Snappy", "num_single_delete_mismatches": 0, "num_single_delete_fallthrough": 0, "lsm_state": [0, 9, 1, 0, 0, 0, 0]}
[14157] 01-07 03:58:55,612 INFO [RocksDB]EVENT_LOG_v1 {"time_micros": 1578369535612169, "job": 6, "event": "table_file_deletion", "file_number": 15}
[14157] 01-07 03:58:55,612 INFO [RocksDB][db/compaction_job.cc:1531] [0] [JOB 7] Compacting 1@1 files to L2, score 1.07
[14157] 01-07 03:58:55,612 INFO [RocksDB][db/compaction_job.cc:1535] [0] Compaction start summary: Base version 6 Base level 1, inputs: [18(65MB)]

[14157] 01-07 03:58:55,612 INFO [RocksDB]EVENT_LOG_v1 {"time_micros": 1578369535612217, "job": 7, "event": "compaction_started", "compaction_reason": "LevelMaxLevelSize", "files_L1": [18], "score": 1.06825, "input_data_size": 68990302}
[14157] 01-07 03:58:58,242 INFO [RocksDB][db/db_impl_write.cc:1373] [0] New memtable created with log file: #30. Immutable memtables: 2.

[14157] 01-07 03:58:58,995 INFO [RocksDB][db/compaction_job.cc:1211] [0] [JOB 7] Generated table #29: 597515 keys, 68588575 bytes
[14157] 01-07 03:58:58,995 INFO [RocksDB]EVENT_LOG_v1 {"time_micros": 1578369538995967, "cf_name": "0", "job": 7, "event": "table_file_creation", "file_number": 29, "file_size": 68588575, "table_properties": {"data_size": 67112647, "index_size": 888725, "filter_size": 987899, "raw_key_size": 24594300, "raw_average_key_size": 41, "raw_value_size": 56763880, "raw_average_value_size": 94, "num_data_blocks": 16740, "num_entries": 597515, "filter_policy_name": "rocksdb.BuiltinBloomFilter", "kDeletedKeys": "0", "kMergeOperands": "0"}}
[14157] 01-07 03:58:58,000 INFO [RocksDB][db/compaction_job.cc:1287] [0] [JOB 7] Compacted 1@1 files to L2 => 68588575 bytes
[14157] 01-07 03:58:58,002 INFO [RocksDB](Original Log Time 2020/01/07-03:58:59.002683) [db/compaction_job.cc:685] [0] compacted to: base level 1 max bytes base 536870912 files[0 8 2 0 0 0 0] max score 0.94, MB/sec: 20.4 rd, 20.2 wr, level 2, files in(1, 0) out(1) MB in(65.8, 0.0) out(65.4), read-write-amplify(2.0) write-amplify(1.0) OK, records in: 597515, records dropped: 0 output_compression: Snappy

[14157] 01-07 03:58:58,002 INFO [RocksDB](Original Log Time 2020/01/07-03:58:59.002699) EVENT_LOG_v1 {"time_micros": 1578369539002693, "job": 7, "event": "compaction_finished", "compaction_time_micros": 3388549, "output_level": 2, "num_output_files": 1, "total_output_size": 68588575, "num_input_records": 597515, "num_output_records": 597515, "num_subcompactions": 1, "output_compression": "Snappy", "num_single_delete_mismatches": 0, "num_single_delete_fallthrough": 0, "lsm_state": [0, 8, 2, 0, 0, 0, 0]}
[14157] 01-07 03:59:00,100 INFO [RocksDB]EVENT_LOG_v1 {"time_micros": 1578369540100009, "cf_name": "0", "job": 5, "event": "table_file_creation", "file_number": 26, "file_size": 332950810, "table_properties": {"data_size": 323492864, "index_size": 4341571, "filter_size": 5115333, "raw_key_size": 134755710, "raw_average_key_size": 42, "raw_value_size": 259143279, "raw_average_value_size": 81, "num_data_blocks": 80603, "num_entries": 3179671, "filter_policy_name": "rocksdb.BuiltinBloomFilter", "kDeletedKeys": "0", "kMergeOperands": "0"}}
[14157] 01-07 03:59:00,100 INFO [RocksDB][db/flush_job.cc:371] [0] [JOB 5] Level-0 flush table #26: 332950810 bytes OK
[14157] 01-07 03:59:00,102 INFO [RocksDB](Original Log Time 2020/01/07-03:59:00.101274) [db/memtable_list.cc:377] [0] Level-0 commit table #26 started
[14157] 01-07 03:59:00,102 INFO [RocksDB](Original Log Time 2020/01/07-03:59:00.102940) [db/memtable_list.cc:409] [0] Level-0 commit table #26: memtable #1 done
[14157] 01-07 03:59:00,102 INFO [RocksDB](Original Log Time 2020/01/07-03:59:00.102941) [db/memtable_list.cc:409] [0] Level-0 commit table #26: memtable #2 done
[14157] 01-07 03:59:00,102 INFO [RocksDB](Original Log Time 2020/01/07-03:59:00.102953) EVENT_LOG_v1 {"time_micros": 1578369540102948, "job": 5, "event": "flush_finished", "output_compression": "NoCompression", "lsm_state": [1, 8, 2, 0, 0, 0, 0], "immutable_memtables": 1}
[14157] 01-07 03:59:00,103 INFO [RocksDB](Original Log Time 2020/01/07-03:59:00.102966) [db/db_impl_compaction_flush.cc:177] [0] Level summary: base level 1 max bytes base 536870912 files[1 8 2 0 0 0 0] max score 0.94

[14157] 01-07 03:59:00,103 INFO [RocksDB][db/db_impl_files.cc:342] [JOB 5] Try to delete WAL files size 404415636, prev total WAL file size 626217997, number of live WAL files 4.

[14157] 01-07 03:59:00,109 INFO [RocksDB]EVENT_LOG_v1 {"time_micros": 1578369540109949, "job": 5, "event": "table_file_deletion", "file_number": 18}
[14157] 01-07 03:59:00,160 INFO [RocksDB]EVENT_LOG_v1 {"time_micros": 1578369540160773, "job": 5, "event": "table_file_deletion", "file_number": 14}
[14157] 01-07 03:59:00,207 INFO [RocksDB]EVENT_LOG_v1 {"time_micros": 1578369540207558, "job": 5, "event": "table_file_deletion", "file_number": 11}
[14157] 01-07 03:59:12,493 INFO [RocksDB][db/db_impl_write.cc:1373] [0] New memtable created with log file: #31. Immutable memtables: 1.

[14157] 01-07 03:59:12,493 INFO [RocksDB][db/db_impl_compaction_flush.cc:80] [JOB 8] Syncing log #25
[14157] 01-07 03:59:12,903 INFO [RocksDB][db/db_impl_compaction_flush.cc:80] [JOB 8] Syncing log #30
[14157] 01-07 03:59:14,478 INFO [RocksDB](Original Log Time 2020/01/07-03:59:12.493877) [db/db_impl_compaction_flush.cc:1424] Calling FlushMemTableToOutputFile with column family [0], flush slots available 4, compaction slots available 1, flush slots scheduled 1, compaction slots scheduled 0
[14157] 01-07 03:59:14,478 INFO [RocksDB][db/flush_job.cc:301] [0] [JOB 8] Flushing memtable with next log file: 30

[14157] 01-07 03:59:14,478 INFO [RocksDB][db/flush_job.cc:301] [0] [JOB 8] Flushing memtable with next log file: 31

[14157] 01-07 03:59:14,478 INFO [RocksDB]EVENT_LOG_v1 {"time_micros": 1578369554478836, "job": 8, "event": "flush_started", "num_memtables": 2, "num_entries": 3357475, "num_deletes": 0, "memory_usage": 520100112, "flush_reason": "Write Buffer Full"}
[14157] 01-07 03:59:14,478 INFO [RocksDB][db/flush_job.cc:331] [0] [JOB 8] Level-0 flush table #32: started
[14157] 01-07 03:59:20,678 INFO [RocksDB]EVENT_LOG_v1 {"time_micros": 1578369560678719, "cf_name": "0", "job": 8, "event": "table_file_creation", "file_number": 32, "file_size": 326462114, "table_properties": {"data_size": 317189930, "index_size": 4255653, "filter_size": 5015489, "raw_key_size": 132125604, "raw_average_key_size": 42, "raw_value_size": 254087937, "raw_average_value_size": 81, "num_data_blocks": 79029, "num_entries": 3117654, "filter_policy_name": "rocksdb.BuiltinBloomFilter", "kDeletedKeys": "0", "kMergeOperands": "0"}}
[14157] 01-07 03:59:20,678 INFO [RocksDB][db/flush_job.cc:371] [0] [JOB 8] Level-0 flush table #32: 326462114 bytes OK
[14157] 01-07 03:59:20,681 INFO [RocksDB](Original Log Time 2020/01/07-03:59:20.679868) [db/memtable_list.cc:377] [0] Level-0 commit table #32 started
[14157] 01-07 03:59:20,681 INFO [RocksDB](Original Log Time 2020/01/07-03:59:20.681818) [db/memtable_list.cc:409] [0] Level-0 commit table #32: memtable #1 done
[14157] 01-07 03:59:20,681 INFO [RocksDB](Original Log Time 2020/01/07-03:59:20.681819) [db/memtable_list.cc:409] [0] Level-0 commit table #32: memtable #2 done
[14157] 01-07 03:59:20,681 INFO [RocksDB](Original Log Time 2020/01/07-03:59:20.681829) EVENT_LOG_v1 {"time_micros": 1578369560681824, "job": 8, "event": "flush_finished", "output_compression": "NoCompression", "lsm_state": [2, 8, 2, 0, 0, 0, 0], "immutable_memtables": 0}
[14157] 01-07 03:59:20,681 INFO [RocksDB](Original Log Time 2020/01/07-03:59:20.681857) [db/db_impl_compaction_flush.cc:177] [0] Level summary: base level 1 max bytes base 536870912 files[2 8 2 0 0 0 0] max score 1.23

[14157] 01-07 03:59:20,681 INFO [RocksDB][db/db_impl_files.cc:342] [JOB 8] Try to delete WAL files size 396525560, prev total WAL file size 467382658, number of live WAL files 3.

[14157] 01-07 03:59:20,681 INFO [RocksDB][db/compaction_job.cc:1531] [0] [JOB 9] Compacting 2@0 + 8@1 files to L1, score 1.23
[14157] 01-07 03:59:20,682 INFO [RocksDB][db/compaction_job.cc:1535] [0] Compaction start summary: Base version 9 Base level 0, inputs: [32(311MB) 26(317MB)], [17(65MB) 19(65MB) 20(65MB) 21(65MB) 22(65MB) 23(65MB) 24(65MB) 27(20MB)]

[14157] 01-07 03:59:20,682 INFO [RocksDB]EVENT_LOG_v1 {"time_micros": 1578369560682021, "job": 9, "event": "compaction_started", "compaction_reason": "LevelL0FilesNum", "files_L0": [32, 26], "files_L1": [17, 19, 20, 21, 22, 23, 24, 27], "score": 1.22825, "input_data_size": 1163934175}
[14157] 01-07 03:59:22,180 INFO [RocksDB][db/compaction_job.cc:1211] [0] [JOB 9] Generated table #33: 1192429 keys, 69780676 bytes
[14157] 01-07 03:59:22,180 INFO [RocksDB]EVENT_LOG_v1 {"time_micros": 1578369562180145, "cf_name": "0", "job": 9, "event": "table_file_creation", "file_number": 33, "file_size": 69780676, "table_properties": {"data_size": 67112520, "index_size": 976690, "filter_size": 1690435, "raw_key_size": 56802076, "raw_average_key_size": 47, "raw_value_size": 28266099, "raw_average_value_size": 23, "num_data_blocks": 16599, "num_entries": 1192429, "filter_policy_name": "rocksdb.BuiltinBloomFilter", "kDeletedKeys": "0", "kMergeOperands": "0"}}
[14157] 01-07 03:59:23,478 INFO [RocksDB][db/compaction_job.cc:1211] [0] [JOB 9] Generated table #34: 597615 keys, 68991272 bytes
[14157] 01-07 03:59:23,478 INFO [RocksDB]EVENT_LOG_v1 {"time_micros": 1578369563478957, "cf_name": "0", "job": 9, "event": "table_file_creation", "file_number": 34, "file_size": 68991272, "table_properties": {"data_size": 67113005, "index_size": 889184, "filter_size": 988052, "raw_key_size": 24600302, "raw_average_key_size": 41, "raw_value_size": 56773488, "raw_average_value_size": 95, "num_data_blocks": 16744, "num_entries": 597615, "filter_policy_name": "rocksdb.BuiltinBloomFilter", "kDeletedKeys": "0", "kMergeOperands": "0"}}
[14157] 01-07 03:59:24,780 INFO [RocksDB][db/compaction_job.cc:1211] [0] [JOB 9] Generated table #35: 597617 keys, 68989685 bytes
[14157] 01-07 03:59:24,780 INFO [RocksDB]EVENT_LOG_v1 {"time_micros": 1578369564780674, "cf_name": "0", "job": 9, "event": "table_file_creation", "file_number": 35, "file_size": 68989685, "table_properties": {"data_size": 67111739, "index_size": 888869, "filter_size": 988046, "raw_key_size": 24599183, "raw_average_key_size": 41, "raw_value_size": 56773597, "raw_average_value_size": 94, "num_data_blocks": 16743, "num_entries": 597617, "filter_policy_name": "rocksdb.BuiltinBloomFilter", "kDeletedKeys": "0", "kMergeOperands": "0"}}
[14157] 01-07 03:59:26,084 INFO [RocksDB][db/compaction_job.cc:1211] [0] [JOB 9] Generated table #36: 597477 keys, 68990494 bytes
[14157] 01-07 03:59:26,084 INFO [RocksDB]EVENT_LOG_v1 {"time_micros": 1578369566084467, "cf_name": "0", "job": 9, "event": "table_file_creation", "file_number": 36, "file_size": 68990494, "table_properties": {"data_size": 67112542, "index_size": 889048, "filter_size": 987873, "raw_key_size": 24592926, "raw_average_key_size": 41, "raw_value_size": 56760225, "raw_average_value_size": 94, "num_data_blocks": 16742, "num_entries": 597477, "filter_policy_name": "rocksdb.BuiltinBloomFilter", "kDeletedKeys": "0", "kMergeOperands": "0"}}
[14157] 01-07 03:59:27,392 INFO [RocksDB][db/compaction_job.cc:1211] [0] [JOB 9] Generated table #37: 597584 keys, 68986469 bytes
[14157] 01-07 03:59:27,392 INFO [RocksDB]EVENT_LOG_v1 {"time_micros": 1578369567392890, "cf_name": "0", "job": 9, "event": "table_file_creation", "file_number": 37, "file_size": 68986469, "table_properties": {"data_size": 67109116, "index_size": 888338, "filter_size": 987984, "raw_key_size": 24595838, "raw_average_key_size": 41, "raw_value_size": 56770561, "raw_average_value_size": 95, "num_data_blocks": 16741, "num_entries": 597584, "filter_policy_name": "rocksdb.BuiltinBloomFilter", "kDeletedKeys": "0", "kMergeOperands": "0"}}
[14157] 01-07 03:59:28,715 INFO [RocksDB][db/compaction_job.cc:1211] [0] [JOB 9] Generated table #38: 597635 keys, 68990011 bytes
[14157] 01-07 03:59:28,715 INFO [RocksDB]EVENT_LOG_v1 {"time_micros": 1578369568715425, "cf_name": "0", "job": 9, "event": "table_file_creation", "file_number": 38, "file_size": 68990011, "table_properties": {"data_size": 67112519, "index_size": 888395, "filter_size": 988066, "raw_key_size": 24599062, "raw_average_key_size": 41, "raw_value_size": 56775370, "raw_average_value_size": 95, "num_data_blocks": 16743, "num_entries": 597635, "filter_policy_name": "rocksdb.BuiltinBloomFilter", "kDeletedKeys": "0", "kMergeOperands": "0"}}
[14157] 01-07 03:59:30,011 INFO [RocksDB][db/compaction_job.cc:1211] [0] [JOB 9] Generated table #39: 597589 keys, 68987282 bytes
[14157] 01-07 03:59:30,011 INFO [RocksDB]EVENT_LOG_v1 {"time_micros": 1578369570011333, "cf_name": "0", "job": 9, "event": "table_file_creation", "file_number": 39, "file_size": 68987282, "table_properties": {"data_size": 67109236, "index_size": 889016, "filter_size": 987999, "raw_key_size": 24598504, "raw_average_key_size": 41, "raw_value_size": 56770982, "raw_average_value_size": 95, "num_data_blocks": 16742, "num_entries": 597589, "filter_policy_name": "rocksdb.BuiltinBloomFilter", "kDeletedKeys": "0", "kMergeOperands": "0"}}
[14157] 01-07 03:59:31,383 INFO [RocksDB][db/compaction_job.cc:1211] [0] [JOB 9] Generated table #40: 597589 keys, 68986902 bytes
[14157] 01-07 03:59:31,383 INFO [RocksDB]EVENT_LOG_v1 {"time_micros": 1578369571383789, "cf_name": "0", "job": 9, "event": "table_file_creation", "file_number": 40, "file_size": 68986902, "table_properties": {"data_size": 67109426, "index_size": 888453, "filter_size": 987992, "raw_key_size": 24595262, "raw_average_key_size": 41, "raw_value_size": 56770883, "raw_average_value_size": 94, "num_data_blocks": 16741, "num_entries": 597589, "filter_policy_name": "rocksdb.BuiltinBloomFilter", "kDeletedKeys": "0", "kMergeOperands": "0"}}
[14157] 01-07 03:59:32,684 INFO [RocksDB][db/compaction_job.cc:1211] [0] [JOB 9] Generated table #41: 597600 keys, 68988369 bytes
[14157] 01-07 03:59:32,684 INFO [RocksDB]EVENT_LOG_v1 {"time_micros": 1578369572684924, "cf_name": "0", "job": 9, "event": "table_file_creation", "file_number": 41, "file_size": 68988369, "table_properties": {"data_size": 67110609, "index_size": 888708, "filter_size": 988021, "raw_key_size": 24598133, "raw_average_key_size": 41, "raw_value_size": 56772027, "raw_average_value_size": 95, "num_data_blocks": 16743, "num_entries": 597600, "filter_policy_name": "rocksdb.BuiltinBloomFilter", "kDeletedKeys": "0", "kMergeOperands": "0"}}
[14157] 01-07 03:59:33,990 INFO [RocksDB][db/compaction_job.cc:1211] [0] [JOB 9] Generated table #42: 597610 keys, 68986858 bytes
[14157] 01-07 03:59:33,990 INFO [RocksDB]EVENT_LOG_v1 {"time_micros": 1578369573990190, "cf_name": "0", "job": 9, "event": "table_file_creation", "file_number": 42, "file_size": 68986858, "table_properties": {"data_size": 67109135, "index_size": 888668, "filter_size": 988024, "raw_key_size": 24600085, "raw_average_key_size": 41, "raw_value_size": 56772968, "raw_average_value_size": 95, "num_data_blocks": 16742, "num_entries": 597610, "filter_policy_name": "rocksdb.BuiltinBloomFilter", "kDeletedKeys": "0", "kMergeOperands": "0"}}
[14157] 01-07 03:59:35,297 INFO [RocksDB][db/compaction_job.cc:1211] [0] [JOB 9] Generated table #43: 597606 keys, 68987797 bytes
[14157] 01-07 03:59:35,297 INFO [RocksDB]EVENT_LOG_v1 {"time_micros": 1578369575297666, "cf_name": "0", "job": 9, "event": "table_file_creation", "file_number": 43, "file_size": 68987797, "table_properties": {"data_size": 67110302, "index_size": 888453, "filter_size": 988011, "raw_key_size": 24597046, "raw_average_key_size": 41, "raw_value_size": 56772552, "raw_average_value_size": 94, "num_data_blocks": 16741, "num_entries": 597606, "filter_policy_name": "rocksdb.BuiltinBloomFilter", "kDeletedKeys": "0", "kMergeOperands": "0"}}
[14157] 01-07 03:59:36,598 INFO [RocksDB][db/compaction_job.cc:1211] [0] [JOB 9] Generated table #44: 597594 keys, 68988667 bytes
[14157] 01-07 03:59:36,598 INFO [RocksDB]EVENT_LOG_v1 {"time_micros": 1578369576598311, "cf_name": "0", "job": 9, "event": "table_file_creation", "file_number": 44, "file_size": 68988667, "table_properties": {"data_size": 67110407, "index_size": 889223, "filter_size": 988006, "raw_key_size": 24599663, "raw_average_key_size": 41, "raw_value_size": 56771403, "raw_average_value_size": 94, "num_data_blocks": 16742, "num_entries": 597594, "filter_policy_name": "rocksdb.BuiltinBloomFilter", "kDeletedKeys": "0", "kMergeOperands": "0"}}
[14157] 01-07 03:59:37,906 INFO [RocksDB][db/compaction_job.cc:1211] [0] [JOB 9] Generated table #45: 597608 keys, 68989343 bytes
[14157] 01-07 03:59:37,906 INFO [RocksDB]EVENT_LOG_v1 {"time_micros": 1578369577906264, "cf_name": "0", "job": 9, "event": "table_file_creation", "file_number": 45, "file_size": 68989343, "table_properties": {"data_size": 67111176, "index_size": 889110, "filter_size": 988026, "raw_key_size": 24599583, "raw_average_key_size": 41, "raw_value_size": 56772760, "raw_average_value_size": 95, "num_data_blocks": 16742, "num_entries": 597608, "filter_policy_name": "rocksdb.BuiltinBloomFilter", "kDeletedKeys": "0", "kMergeOperands": "0"}}
[14157] 01-07 03:59:39,286 INFO [RocksDB][db/compaction_job.cc:1211] [0] [JOB 9] Generated table #46: 597616 keys, 68987651 bytes
[14157] 01-07 03:59:39,286 INFO [RocksDB]EVENT_LOG_v1 {"time_micros": 1578369579286143, "cf_name": "0", "job": 9, "event": "table_file_creation", "file_number": 46, "file_size": 68987651, "table_properties": {"data_size": 67109877, "index_size": 888713, "filter_size": 988030, "raw_key_size": 24599424, "raw_average_key_size": 41, "raw_value_size": 56773592, "raw_average_value_size": 95, "num_data_blocks": 16742, "num_entries": 597616, "filter_policy_name": "rocksdb.BuiltinBloomFilter", "kDeletedKeys": "0", "kMergeOperands": "0"}}
[14157] 01-07 03:59:40,589 INFO [RocksDB][db/compaction_job.cc:1211] [0] [JOB 9] Generated table #47: 597627 keys, 68988501 bytes
[14157] 01-07 03:59:40,589 INFO [RocksDB]EVENT_LOG_v1 {"time_micros": 1578369580589216, "cf_name": "0", "job": 9, "event": "table_file_creation", "file_number": 47, "file_size": 68988501, "table_properties": {"data_size": 67110825, "index_size": 888600, "filter_size": 988045, "raw_key_size": 24600915, "raw_average_key_size": 41, "raw_value_size": 56774538, "raw_average_value_size": 94, "num_data_blocks": 16742, "num_entries": 597627, "filter_policy_name": "rocksdb.BuiltinBloomFilter", "kDeletedKeys": "0", "kMergeOperands": "0"}}
[14157] 01-07 03:59:41,921 INFO [RocksDB][db/compaction_job.cc:1211] [0] [JOB 9] Generated table #48: 597597 keys, 68988968 bytes
[14157] 01-07 03:59:41,921 INFO [RocksDB]EVENT_LOG_v1 {"time_micros": 1578369581921798, "cf_name": "0", "job": 9, "event": "table_file_creation", "file_number": 48, "file_size": 68988968, "table_properties": {"data_size": 67111014, "index_size": 888914, "filter_size": 988009, "raw_key_size": 24597589, "raw_average_key_size": 41, "raw_value_size": 56771715, "raw_average_value_size": 95, "num_data_blocks": 16742, "num_entries": 597597, "filter_policy_name": "rocksdb.BuiltinBloomFilter", "kDeletedKeys": "0", "kMergeOperands": "0"}}
[14157] 01-07 03:59:42,998 INFO [RocksDB][db/compaction_job.cc:1211] [0] [JOB 9] Generated table #49: 510701 keys, 58947439 bytes
[14157] 01-07 03:59:42,998 INFO [RocksDB]EVENT_LOG_v1 {"time_micros": 1578369582998825, "cf_name": "0", "job": 9, "event": "table_file_creation", "file_number": 49, "file_size": 58947439, "table_properties": {"data_size": 57344451, "index_size": 757685, "filter_size": 844273, "raw_key_size": 20925346, "raw_average_key_size": 40, "raw_value_size": 48516631, "raw_average_value_size": 95, "num_data_blocks": 14302, "num_entries": 510701, "filter_policy_name": "rocksdb.BuiltinBloomFilter", "kDeletedKeys": "0", "kMergeOperands": "0"}}
[14157] 01-07 03:59:42,000 INFO [RocksDB][db/compaction_job.cc:1287] [0] [JOB 9] Compacted 2@0 + 8@1 files to L1 => 1163556384 bytes
[14157] 01-07 03:59:42,002 INFO [RocksDB](Original Log Time 2020/01/07-03:59:43.001926) [db/compaction_job.cc:685] [0] compacted to: base level 1 max bytes base 536870912 files[0 17 2 0 0 0 0] max score 2.17, MB/sec: 52.2 rd, 52.1 wr, level 1, files in(2, 8) out(17) MB in(628.9, 481.1) out(1109.7), read-write-amplify(3.5) write-amplify(1.8) OK, records in: 10667095, records dropped: 1 output_compression: NoCompression

[14157] 01-07 03:59:42,002 INFO [RocksDB](Original Log Time 2020/01/07-03:59:43.001956) EVENT_LOG_v1 {"time_micros": 1578369583001949, "job": 9, "event": "compaction_finished", "compaction_time_micros": 22318078, "output_level": 1, "num_output_files": 17, "total_output_size": 1163556384, "num_input_records": 10667095, "num_output_records": 10667094, "num_subcompactions": 1, "output_compression": "NoCompression", "num_single_delete_mismatches": 0, "num_single_delete_fallthrough": 0, "lsm_state": [0, 17, 2, 0, 0, 0, 0]}
[14157] 01-07 03:59:42,002 INFO [RocksDB][db/compaction_picker.cc:485] [0] Expanding@1 1+1(69780676+54742736 bytes) to 2+1 (138771948+54742736 bytes)

[14157] 01-07 03:59:42,002 INFO [RocksDB][db/compaction_job.cc:1531] [0] [JOB 10] Compacting 2@1 + 1@2 files to L2, score 2.17
[14157] 01-07 03:59:42,002 INFO [RocksDB][db/compaction_job.cc:1535] [0] Compaction start summary: Base version 10 Base level 1, inputs: [33(66MB) 34(65MB)], [28(52MB)]

[14157] 01-07 03:59:42,002 INFO [RocksDB]EVENT_LOG_v1 {"time_micros": 1578369583002101, "job": 10, "event": "compaction_started", "compaction_reason": "LevelMaxLevelSize", "files_L1": [33, 34], "files_L2": [28], "score": 2.16729, "input_data_size": 193514684}
[14157] 01-07 03:59:43,036 INFO [RocksDB]EVENT_LOG_v1 {"time_micros": 1578369583036526, "job": 0, "event": "table_file_deletion", "file_number": 32}
[14157] 01-07 03:59:43,038 INFO [RocksDB]EVENT_LOG_v1 {"time_micros": 1578369583038702, "job": 0, "event": "table_file_deletion", "file_number": 27}
[14157] 01-07 03:59:43,070 INFO [RocksDB]EVENT_LOG_v1 {"time_micros": 1578369583070463, "job": 0, "event": "table_file_deletion", "file_number": 26}
[14157] 01-07 03:59:43,077 INFO [RocksDB]EVENT_LOG_v1 {"time_micros": 1578369583077218, "job": 0, "event": "table_file_deletion", "file_number": 24}
[14157] 01-07 03:59:43,083 INFO [RocksDB]EVENT_LOG_v1 {"time_micros": 1578369583083840, "job": 0, "event": "table_file_deletion", "file_number": 23}
[14157] 01-07 03:59:43,090 INFO [RocksDB]EVENT_LOG_v1 {"time_micros": 1578369583090348, "job": 0, "event": "table_file_deletion", "file_number": 22}
[14157] 01-07 03:59:43,096 INFO [RocksDB]EVENT_LOG_v1 {"time_micros": 1578369583096963, "job": 0, "event": "table_file_deletion", "file_number": 21}
[14157] 01-07 03:59:43,103 INFO [RocksDB]EVENT_LOG_v1 {"time_micros": 1578369583103591, "job": 0, "event": "table_file_deletion", "file_number": 20}
[14157] 01-07 03:59:43,110 INFO [RocksDB]EVENT_LOG_v1 {"time_micros": 1578369583110003, "job": 0, "event": "table_file_deletion", "file_number": 19}
[14157] 01-07 03:59:43,116 INFO [RocksDB]EVENT_LOG_v1 {"time_micros": 1578369583116876, "job": 0, "event": "table_file_deletion", "file_number": 17}
[14157] 01-07 03:59:46,396 INFO [RocksDB][db/compaction_job.cc:1211] [0] [JOB 10] Generated table #50: 2038381 keys, 70651918 bytes
[14157] 01-07 03:59:46,396 INFO [RocksDB]EVENT_LOG_v1 {"time_micros": 1578369586396965, "cf_name": "0", "job": 10, "event": "table_file_creation", "file_number": 50, "file_size": 70651918, "table_properties": {"data_size": 67109743, "index_size": 1454156, "filter_size": 2756860, "raw_key_size": 99155424, "raw_average_key_size": 48, "raw_value_size": 25667331, "raw_average_value_size": 12, "num_data_blocks": 23831, "num_entries": 2038381, "filter_policy_name": "rocksdb.BuiltinBloomFilter", "kDeletedKeys": "0", "kMergeOperands": "0"}}
[14157] 01-07 03:59:47,717 INFO [RocksDB][db/compaction_job.cc:1211] [0] [JOB 10] Generated table #51: 597608 keys, 68585467 bytes
[14157] 01-07 03:59:47,717 INFO [RocksDB]EVENT_LOG_v1 {"time_micros": 1578369587717828, "cf_name": "0", "job": 10, "event": "table_file_creation", "file_number": 51, "file_size": 68585467, "table_properties": {"data_size": 67111969, "index_size": 889189, "filter_size": 988044, "raw_key_size": 24599935, "raw_average_key_size": 41, "raw_value_size": 56772760, "raw_average_value_size": 95, "num_data_blocks": 16744, "num_entries": 597608, "filter_policy_name": "rocksdb.BuiltinBloomFilter", "kDeletedKeys": "0", "kMergeOperands": "0"}}
[14157] 01-07 03:59:48,436 INFO [RocksDB][db/compaction_job.cc:1211] [0] [JOB 10] Generated table #52: 332337 keys, 38139487 bytes
[14157] 01-07 03:59:48,436 INFO [RocksDB]EVENT_LOG_v1 {"time_micros": 1578369588436878, "cf_name": "0", "job": 10, "event": "table_file_creation", "file_number": 52, "file_size": 38139487, "table_properties": {"data_size": 37320569, "index_size": 493996, "filter_size": 549456, "raw_key_size": 13679586, "raw_average_key_size": 41, "raw_value_size": 31572060, "raw_average_value_size": 95, "num_data_blocks": 9311, "num_entries": 332337, "filter_policy_name": "rocksdb.BuiltinBloomFilter", "kDeletedKeys": "0", "kMergeOperands": "0"}}
[14157] 01-07 03:59:48,438 INFO [RocksDB][db/compaction_job.cc:1287] [0] [JOB 10] Compacted 2@1 + 1@2 files to L2 => 177376872 bytes
[14157] 01-07 03:59:48,439 INFO [RocksDB](Original Log Time 2020/01/07-03:59:48.439820) [db/compaction_job.cc:685] [0] compacted to: base level 1 max bytes base 536870912 files[0 15 4 0 0 0 0] max score 1.91, MB/sec: 35.6 rd, 32.6 wr, level 2, files in(2, 1) out(3) MB in(132.3, 52.2) out(169.2), read-write-amplify(2.7) write-amplify(1.3) OK, records in: 2968327, records dropped: 1 output_compression: Snappy

[14157] 01-07 03:59:48,439 INFO [RocksDB](Original Log Time 2020/01/07-03:59:48.439845) EVENT_LOG_v1 {"time_micros": 1578369588439828, "job": 10, "event": "compaction_finished", "compaction_time_micros": 5435993, "output_level": 2, "num_output_files": 3, "total_output_size": 177376872, "num_input_records": 2968327, "num_output_records": 2968326, "num_subcompactions": 1, "output_compression": "Snappy", "num_single_delete_mismatches": 0, "num_single_delete_fallthrough": 0, "lsm_state": [0, 15, 4, 0, 0, 0, 0]}
[14157] 01-07 03:59:48,447 INFO [RocksDB]EVENT_LOG_v1 {"time_micros": 1578369588447372, "job": 10, "event": "table_file_deletion", "file_number": 34}
[14157] 01-07 03:59:48,454 INFO [RocksDB]EVENT_LOG_v1 {"time_micros": 1578369588454796, "job": 10, "event": "table_file_deletion", "file_number": 33}
[14157] 01-07 03:59:48,460 INFO [RocksDB]EVENT_LOG_v1 {"time_micros": 1578369588460159, "job": 10, "event": "table_file_deletion", "file_number": 28}
[14157] 01-07 03:59:48,460 INFO [RocksDB][db/compaction_picker.cc:485] [0] Expanding@1 1+1(68990494+68588575 bytes) to 2+1 (137976963+68588575 bytes)

[14157] 01-07 03:59:48,460 INFO [RocksDB][db/compaction_job.cc:1531] [0] [JOB 11] Compacting 2@1 + 1@2 files to L2, score 1.91
[14157] 01-07 03:59:48,460 INFO [RocksDB][db/compaction_job.cc:1535] [0] Compaction start summary: Base version 11 Base level 1, inputs: [36(65MB) 37(65MB)], [29(65MB)]

[14157] 01-07 03:59:48,460 INFO [RocksDB]EVENT_LOG_v1 {"time_micros": 1578369588460217, "job": 11, "event": "compaction_started", "compaction_reason": "LevelMaxLevelSize", "files_L1": [36, 37], "files_L2": [29], "score": 1.90881, "input_data_size": 206565538}
[14157] 01-07 03:59:49,759 INFO [RocksDB][db/compaction_job.cc:1211] [0] [JOB 11] Generated table #53: 597605 keys, 68582781 bytes
[14157] 01-07 03:59:49,759 INFO [RocksDB]EVENT_LOG_v1 {"time_micros": 1578369589759318, "cf_name": "0", "job": 11, "event": "table_file_creation", "file_number": 53, "file_size": 68582781, "table_properties": {"data_size": 67109956, "index_size": 888617, "filter_size": 988019, "raw_key_size": 24597004, "raw_average_key_size": 41, "raw_value_size": 56772448, "raw_average_value_size": 94, "num_data_blocks": 16742, "num_entries": 597605, "filter_policy_name": "rocksdb.BuiltinBloomFilter", "kDeletedKeys": "0", "kMergeOperands": "0"}}
[14157] 01-07 03:59:51,059 INFO [RocksDB][db/compaction_job.cc:1211] [0] [JOB 11] Generated table #54: 597621 keys, 68584519 bytes
[14157] 01-07 03:59:51,059 INFO [RocksDB]EVENT_LOG_v1 {"time_micros": 1578369591059423, "cf_name": "0", "job": 11, "event": "table_file_creation", "file_number": 54, "file_size": 68584519, "table_properties": {"data_size": 67111681, "index_size": 888974, "filter_size": 988041, "raw_key_size": 24600374, "raw_average_key_size": 41, "raw_value_size": 56774013, "raw_average_value_size": 95, "num_data_blocks": 16742, "num_entries": 597621, "filter_policy_name": "rocksdb.BuiltinBloomFilter", "kDeletedKeys": "0", "kMergeOperands": "0"}}
[14157] 01-07 03:59:52,375 INFO [RocksDB][db/compaction_job.cc:1211] [0] [JOB 11] Generated table #55: 597350 keys, 68554900 bytes
[14157] 01-07 03:59:52,375 INFO [RocksDB]EVENT_LOG_v1 {"time_micros": 1578369592375733, "cf_name": "0", "job": 11, "event": "table_file_creation", "file_number": 55, "file_size": 68554900, "table_properties": {"data_size": 67082821, "index_size": 888093, "filter_size": 987603, "raw_key_size": 24585686, "raw_average_key_size": 41, "raw_value_size": 56748205, "raw_average_value_size": 94, "num_data_blocks": 16735, "num_entries": 597350, "filter_policy_name": "rocksdb.BuiltinBloomFilter", "kDeletedKeys": "0", "kMergeOperands": "0"}}
[14157] 01-07 03:59:52,376 INFO [RocksDB][db/compaction_job.cc:1287] [0] [JOB 11] Compacted 2@1 + 1@2 files to L2 => 205722200 bytes
[14157] 01-07 03:59:52,378 INFO [RocksDB](Original Log Time 2020/01/07-03:59:52.378721) [db/compaction_job.cc:685] [0] compacted to: base level 1 max bytes base 536870912 files[0 13 6 0 0 0 0] max score 1.65, MB/sec: 52.7 rd, 52.5 wr, level 2, files in(2, 1) out(3) MB in(131.6, 65.4) out(196.2), read-write-amplify(3.0) write-amplify(1.5) OK, records in: 1792576, records dropped: 0 output_compression: Snappy

[14157] 01-07 03:59:52,378 INFO [RocksDB](Original Log Time 2020/01/07-03:59:52.378733) EVENT_LOG_v1 {"time_micros": 1578369592378728, "job": 11, "event": "compaction_finished", "compaction_time_micros": 3916737, "output_level": 2, "num_output_files": 3, "total_output_size": 205722200, "num_input_records": 1792576, "num_output_records": 1792576, "num_subcompactions": 1, "output_compression": "Snappy", "num_single_delete_mismatches": 0, "num_single_delete_fallthrough": 0, "lsm_state": [0, 13, 6, 0, 0, 0, 0]}
[14157] 01-07 03:59:52,385 INFO [RocksDB]EVENT_LOG_v1 {"time_micros": 1578369592385654, "job": 11, "event": "table_file_deletion", "file_number": 37}
[14157] 01-07 03:59:52,392 INFO [RocksDB]EVENT_LOG_v1 {"time_micros": 1578369592392857, "job": 11, "event": "table_file_deletion", "file_number": 36}
[14157] 01-07 03:59:52,399 INFO [RocksDB]EVENT_LOG_v1 {"time_micros": 1578369592399685, "job": 11, "event": "table_file_deletion", "file_number": 29}
[14157] 01-07 03:59:52,399 INFO [RocksDB][db/compaction_job.cc:1531] [0] [JOB 12] Compacting 1@1 files to L2, score 1.65
[14157] 01-07 03:59:52,399 INFO [RocksDB][db/compaction_job.cc:1535] [0] Compaction start summary: Base version 12 Base level 1, inputs: [38(65MB)]

[14157] 01-07 03:59:52,399 INFO [RocksDB]EVENT_LOG_v1 {"time_micros": 1578369592399733, "job": 12, "event": "compaction_started", "compaction_reason": "LevelMaxLevelSize", "files_L1": [38], "score": 1.65181, "input_data_size": 68990011}
[14157] 01-07 03:59:53,694 INFO [RocksDB][db/compaction_job.cc:1211] [0] [JOB 12] Generated table #56: 597635 keys, 68585185 bytes
[14157] 01-07 03:59:53,694 INFO [RocksDB]EVENT_LOG_v1 {"time_micros": 1578369593694252, "cf_name": "0", "job": 12, "event": "table_file_creation", "file_number": 56, "file_size": 68585185, "table_properties": {"data_size": 67112519, "index_size": 888395, "filter_size": 988066, "raw_key_size": 24599062, "raw_average_key_size": 41, "raw_value_size": 56775370, "raw_average_value_size": 95, "num_data_blocks": 16743, "num_entries": 597635, "filter_policy_name": "rocksdb.BuiltinBloomFilter", "kDeletedKeys": "0", "kMergeOperands": "0"}}
[14157] 01-07 03:59:53,695 INFO [RocksDB][db/compaction_job.cc:1287] [0] [JOB 12] Compacted 1@1 files to L2 => 68585185 bytes
[14157] 01-07 03:59:53,697 INFO [RocksDB](Original Log Time 2020/01/07-03:59:53.697148) [db/compaction_job.cc:685] [0] compacted to: base level 1 max bytes base 536870912 files[0 12 7 0 0 0 0] max score 1.52, MB/sec: 53.2 rd, 52.9 wr, level 2, files in(1, 0) out(1) MB in(65.8, 0.0) out(65.4), read-write-amplify(2.0) write-amplify(1.0) OK, records in: 597635, records dropped: 0 output_compression: Snappy

[14157] 01-07 03:59:53,697 INFO [RocksDB](Original Log Time 2020/01/07-03:59:53.697161) EVENT_LOG_v1 {"time_micros": 1578369593697156, "job": 12, "event": "compaction_finished", "compaction_time_micros": 1295737, "output_level": 2, "num_output_files": 1, "total_output_size": 68585185, "num_input_records": 597635, "num_output_records": 597635, "num_subcompactions": 1, "output_compression": "Snappy", "num_single_delete_mismatches": 0, "num_single_delete_fallthrough": 0, "lsm_state": [0, 12, 7, 0, 0, 0, 0]}
[14157] 01-07 03:59:53,703 INFO [RocksDB]EVENT_LOG_v1 {"time_micros": 1578369593703898, "job": 12, "event": "table_file_deletion", "file_number": 38}
[14157] 01-07 03:59:53,703 INFO [RocksDB][db/compaction_job.cc:1531] [0] [JOB 13] Compacting 1@1 files to L2, score 1.52
[14157] 01-07 03:59:53,703 INFO [RocksDB][db/compaction_job.cc:1535] [0] Compaction start summary: Base version 13 Base level 1, inputs: [35(65MB)]

[14157] 01-07 03:59:53,703 INFO [RocksDB]EVENT_LOG_v1 {"time_micros": 1578369593703945, "job": 13, "event": "compaction_started", "compaction_reason": "LevelMaxLevelSize", "files_L1": [35], "score": 1.5233, "input_data_size": 68989685}
[14157] 01-07 03:59:55,005 INFO [RocksDB][db/compaction_job.cc:1211] [0] [JOB 13] Generated table #57: 597617 keys, 68584544 bytes
[14157] 01-07 03:59:55,005 INFO [RocksDB]EVENT_LOG_v1 {"time_micros": 1578369595005684, "cf_name": "0", "job": 13, "event": "table_file_creation", "file_number": 57, "file_size": 68584544, "table_properties": {"data_size": 67111739, "index_size": 888869, "filter_size": 988046, "raw_key_size": 24599183, "raw_average_key_size": 41, "raw_value_size": 56773597, "raw_average_value_size": 94, "num_data_blocks": 16743, "num_entries": 597617, "filter_policy_name": "rocksdb.BuiltinBloomFilter", "kDeletedKeys": "0", "kMergeOperands": "0"}}
[14157] 01-07 03:59:55,007 INFO [RocksDB][db/compaction_job.cc:1287] [0] [JOB 13] Compacted 1@1 files to L2 => 68584544 bytes
[14157] 01-07 03:59:55,008 INFO [RocksDB](Original Log Time 2020/01/07-03:59:55.008939) [db/compaction_job.cc:685] [0] compacted to: base level 1 max bytes base 536870912 files[0 11 8 0 0 0 0] max score 1.39, MB/sec: 52.9 rd, 52.6 wr, level 2, files in(1, 0) out(1) MB in(65.8, 0.0) out(65.4), read-write-amplify(2.0) write-amplify(1.0) OK, records in: 597617, records dropped: 0 output_compression: Snappy

[14157] 01-07 03:59:55,008 INFO [RocksDB](Original Log Time 2020/01/07-03:59:55.008952) EVENT_LOG_v1 {"time_micros": 1578369595008947, "job": 13, "event": "compaction_finished", "compaction_time_micros": 1303191, "output_level": 2, "num_output_files": 1, "total_output_size": 68584544, "num_input_records": 597617, "num_output_records": 597617, "num_subcompactions": 1, "output_compression": "Snappy", "num_single_delete_mismatches": 0, "num_single_delete_fallthrough": 0, "lsm_state": [0, 11, 8, 0, 0, 0, 0]}
