[8277] 01-07 03:34:26,548 INFO [RocksDB]RocksDB version: 5.14.2

[8277] 01-07 03:34:26,555 INFO [RocksDB]Git sha rocksdb_build_git_sha:9f703a6b9c3430e30aba2286240e44570994efe6
[8277] 01-07 03:34:26,555 INFO [RocksDB]Compile date Jan  7 2020
[8277] 01-07 03:34:26,555 INFO [RocksDB]DB SUMMARY

[8277] 01-07 03:34:26,555 INFO [RocksDB]SST files in /home/ubuntu/ardb/data/rocksdb dir, Total Num: 0, files: 

[8277] 01-07 03:34:26,555 INFO [RocksDB]Write Ahead Log file in /home/ubuntu/ardb/data/rocksdb: 

[8277] 01-07 03:34:26,555 INFO [RocksDB]                        Options.error_if_exists: 0
[8277] 01-07 03:34:26,555 INFO [RocksDB]                      Options.create_if_missing: 1
[8277] 01-07 03:34:26,555 INFO [RocksDB]                        Options.paranoid_checks: 1
[8277] 01-07 03:34:26,555 INFO [RocksDB]                                    Options.env: 0xbfa6c0
[8277] 01-07 03:34:26,555 INFO [RocksDB]                               Options.info_log: 0x7f819ce3f8a0
[8277] 01-07 03:34:26,555 INFO [RocksDB]               Options.max_file_opening_threads: 16
[8277] 01-07 03:34:26,555 INFO [RocksDB]                             Options.statistics: (nil)
[8277] 01-07 03:34:26,555 INFO [RocksDB]                              Options.use_fsync: 0
[8277] 01-07 03:34:26,555 INFO [RocksDB]                      Options.max_log_file_size: 0
[8277] 01-07 03:34:26,555 INFO [RocksDB]                 Options.max_manifest_file_size: 18446744073709551615
[8277] 01-07 03:34:26,555 INFO [RocksDB]                  Options.log_file_time_to_roll: 0
[8277] 01-07 03:34:26,555 INFO [RocksDB]                      Options.keep_log_file_num: 1000
[8277] 01-07 03:34:26,555 INFO [RocksDB]                   Options.recycle_log_file_num: 0
[8277] 01-07 03:34:26,555 INFO [RocksDB]                        Options.allow_fallocate: 1
[8277] 01-07 03:34:26,555 INFO [RocksDB]                       Options.allow_mmap_reads: 0
[8277] 01-07 03:34:26,555 INFO [RocksDB]                      Options.allow_mmap_writes: 0
[8277] 01-07 03:34:26,555 INFO [RocksDB]                       Options.use_direct_reads: 0
[8277] 01-07 03:34:26,555 INFO [RocksDB]                       Options.use_direct_io_for_flush_and_compaction: 0
[8277] 01-07 03:34:26,555 INFO [RocksDB]         Options.create_missing_column_families: 0
[8277] 01-07 03:34:26,555 INFO [RocksDB]                             Options.db_log_dir: 
[8277] 01-07 03:34:26,555 INFO [RocksDB]                                Options.wal_dir: /home/ubuntu/ardb/data/rocksdb
[8277] 01-07 03:34:26,555 INFO [RocksDB]               Options.table_cache_numshardbits: 6
[8277] 01-07 03:34:26,555 INFO [RocksDB]                     Options.max_subcompactions: 1
[8277] 01-07 03:34:26,555 INFO [RocksDB]                 Options.max_background_flushes: -1
[8277] 01-07 03:34:26,555 INFO [RocksDB]                        Options.WAL_ttl_seconds: 0
[8277] 01-07 03:34:26,555 INFO [RocksDB]                      Options.WAL_size_limit_MB: 0
[8277] 01-07 03:34:26,555 INFO [RocksDB]            Options.manifest_preallocation_size: 4194304
[8277] 01-07 03:34:26,555 INFO [RocksDB]                    Options.is_fd_close_on_exec: 1
[8277] 01-07 03:34:26,555 INFO [RocksDB]                  Options.advise_random_on_open: 1
[8277] 01-07 03:34:26,555 INFO [RocksDB]                   Options.db_write_buffer_size: 0
[8277] 01-07 03:34:26,555 INFO [RocksDB]                   Options.write_buffer_manager: 0x7f819d5fa7d0
[8277] 01-07 03:34:26,555 INFO [RocksDB]        Options.access_hint_on_compaction_start: 1
[8277] 01-07 03:34:26,555 INFO [RocksDB] Options.new_table_reader_for_compaction_inputs: 0
[8277] 01-07 03:34:26,555 INFO [RocksDB]          Options.random_access_max_buffer_size: 1048576
[8277] 01-07 03:34:26,555 INFO [RocksDB]                     Options.use_adaptive_mutex: 1
[8277] 01-07 03:34:26,555 INFO [RocksDB]                           Options.rate_limiter: 0x7f819ce38540
[8277] 01-07 03:34:26,555 INFO [RocksDB]    Options.sst_file_manager.rate_bytes_per_sec: 0
[8277] 01-07 03:34:26,555 INFO [RocksDB]                      Options.wal_recovery_mode: 2
[8277] 01-07 03:34:26,555 INFO [RocksDB]                 Options.enable_thread_tracking: 0
[8277] 01-07 03:34:26,555 INFO [RocksDB]                 Options.enable_pipelined_write: 1
[8277] 01-07 03:34:26,555 INFO [RocksDB]        Options.allow_concurrent_memtable_write: 1
[8277] 01-07 03:34:26,555 INFO [RocksDB]     Options.enable_write_thread_adaptive_yield: 1
[8277] 01-07 03:34:26,555 INFO [RocksDB]            Options.write_thread_max_yield_usec: 100
[8277] 01-07 03:34:26,555 INFO [RocksDB]           Options.write_thread_slow_yield_usec: 3
[8277] 01-07 03:34:26,555 INFO [RocksDB]                              Options.row_cache: None
[8277] 01-07 03:34:26,555 INFO [RocksDB]                             Options.wal_filter: None
[8277] 01-07 03:34:26,555 INFO [RocksDB]            Options.avoid_flush_during_recovery: 0
[8277] 01-07 03:34:26,555 INFO [RocksDB]            Options.allow_ingest_behind: 0
[8277] 01-07 03:34:26,555 INFO [RocksDB]            Options.preserve_deletes: 0
[8277] 01-07 03:34:26,555 INFO [RocksDB]            Options.two_write_queues: 0
[8277] 01-07 03:34:26,555 INFO [RocksDB]            Options.manual_wal_flush: 0
[8277] 01-07 03:34:26,555 INFO [RocksDB]            Options.max_background_jobs: 16
[8277] 01-07 03:34:26,555 INFO [RocksDB]            Options.max_background_compactions: -1
[8277] 01-07 03:34:26,555 INFO [RocksDB]            Options.avoid_flush_during_shutdown: 0
[8277] 01-07 03:34:26,555 INFO [RocksDB]          Options.writable_file_max_buffer_size: 1048576
[8277] 01-07 03:34:26,555 INFO [RocksDB]            Options.delayed_write_rate : 52428800
[8277] 01-07 03:34:26,555 INFO [RocksDB]            Options.max_total_wal_size: 0
[8277] 01-07 03:34:26,555 INFO [RocksDB]            Options.delete_obsolete_files_period_micros: 21600000000
[8277] 01-07 03:34:26,555 INFO [RocksDB]                  Options.stats_dump_period_sec: 100000
[8277] 01-07 03:34:26,555 INFO [RocksDB]                         Options.max_open_files: 1024
[8277] 01-07 03:34:26,555 INFO [RocksDB]                         Options.bytes_per_sync: 1048576
[8277] 01-07 03:34:26,555 INFO [RocksDB]                     Options.wal_bytes_per_sync: 0
[8277] 01-07 03:34:26,555 INFO [RocksDB]      Options.compaction_readahead_size: 0
[8277] 01-07 03:34:26,555 INFO [RocksDB]Compression algorithms supported:
[8277] 01-07 03:34:26,555 INFO [RocksDB]	kZSTDNotFinalCompression supported: 0
[8277] 01-07 03:34:26,555 INFO [RocksDB]	kZSTD supported: 0
[8277] 01-07 03:34:26,555 INFO [RocksDB]	kXpressCompression supported: 0
[8277] 01-07 03:34:26,555 INFO [RocksDB]	kLZ4HCCompression supported: 0
[8277] 01-07 03:34:26,555 INFO [RocksDB]	kLZ4Compression supported: 0
[8277] 01-07 03:34:26,555 INFO [RocksDB]	kBZip2Compression supported: 0
[8277] 01-07 03:34:26,555 INFO [RocksDB]	kZlibCompression supported: 1
[8277] 01-07 03:34:26,555 INFO [RocksDB]	kSnappyCompression supported: 1
[8277] 01-07 03:34:26,555 INFO [RocksDB]Fast CRC32 supported: Supported on x86
[8277] 01-07 03:34:26,555 INFO [RocksDB][db/db_impl_open.cc:222] Creating manifest 1 

[8277] 01-07 03:34:26,563 INFO [RocksDB][db/version_set.cc:3085] Recovering from manifest file: MANIFEST-000001

[8277] 01-07 03:34:26,563 INFO [RocksDB][db/column_family.cc:475] --------------- Options for column family [default]:

[8277] 01-07 03:34:26,563 INFO [RocksDB]              Options.comparator: ardb.comparator
[8277] 01-07 03:34:26,563 INFO [RocksDB]          Options.merge_operator: ardb.merger
[8277] 01-07 03:34:26,563 INFO [RocksDB]       Options.compaction_filter: None
[8277] 01-07 03:34:26,563 INFO [RocksDB]       Options.compaction_filter_factory: ardb.compact_filter_factory
[8277] 01-07 03:34:26,563 INFO [RocksDB]        Options.memtable_factory: SkipListFactory
[8277] 01-07 03:34:26,563 INFO [RocksDB]           Options.table_factory: BlockBasedTable
[8277] 01-07 03:34:26,563 INFO [RocksDB]           table_factory options:   flush_block_policy_factory: FlushBlockBySizePolicyFactory (0x7f819d408018)
  cache_index_and_filter_blocks: 0
  cache_index_and_filter_blocks_with_high_priority: 0
  pin_l0_filter_and_index_blocks_in_cache: 0
  index_type: 0
  hash_index_allow_collision: 1
  checksum: 1
  no_block_cache: 0
  block_cache: 0x7f819d481cf0
  block_cache_name: LRUCache
  block_cache_options:
    capacity : 536870912
    num_shard_bits : 6
    strict_capacity_limit : 0
    high_pri_pool_ratio: 0.000
  block_cache_compressed: (nil)
  persistent_cache: (nil)
  block_size: 4096
  block_size_deviation: 10
  block_restart_interval: 16
  index_block_restart_interval: 1
  metadata_block_size: 4096
  partition_filters: 0
  use_delta_encoding: 1
  filter_policy: rocksdb.BuiltinBloomFilter
  whole_key_filtering: 1
  verify_compression: 0
  read_amp_bytes_per_bit: 0
  format_version: 2
  enable_index_compression: 1
  block_align: 0

[8277] 01-07 03:34:26,563 INFO [RocksDB]       Options.write_buffer_size: 268435456
[8277] 01-07 03:34:26,563 INFO [RocksDB] Options.max_write_buffer_number: 6
[8277] 01-07 03:34:26,563 INFO [RocksDB]       Options.compression[0]: NoCompression
[8277] 01-07 03:34:26,563 INFO [RocksDB]       Options.compression[1]: NoCompression
[8277] 01-07 03:34:26,563 INFO [RocksDB]       Options.compression[2]: Snappy
[8277] 01-07 03:34:26,563 INFO [RocksDB]       Options.compression[3]: Snappy
[8277] 01-07 03:34:26,563 INFO [RocksDB]       Options.compression[4]: Snappy
[8277] 01-07 03:34:26,563 INFO [RocksDB]       Options.compression[5]: Snappy
[8277] 01-07 03:34:26,563 INFO [RocksDB]       Options.compression[6]: Snappy
[8277] 01-07 03:34:26,563 INFO [RocksDB]                 Options.bottommost_compression: Disabled
[8277] 01-07 03:34:26,563 INFO [RocksDB]      Options.prefix_extractor: ardb.prefix_extractor
[8277] 01-07 03:34:26,563 INFO [RocksDB]  Options.memtable_insert_with_hint_prefix_extractor: nullptr
[8277] 01-07 03:34:26,563 INFO [RocksDB]            Options.num_levels: 7
[8277] 01-07 03:34:26,563 INFO [RocksDB]       Options.min_write_buffer_number_to_merge: 2
[8277] 01-07 03:34:26,563 INFO [RocksDB]    Options.max_write_buffer_number_to_maintain: 0
[8277] 01-07 03:34:26,563 INFO [RocksDB]           Options.compression_opts.window_bits: -14
[8277] 01-07 03:34:26,563 INFO [RocksDB]                 Options.compression_opts.level: -1
[8277] 01-07 03:34:26,563 INFO [RocksDB]              Options.compression_opts.strategy: 0
[8277] 01-07 03:34:26,563 INFO [RocksDB]        Options.compression_opts.max_dict_bytes: 0
[8277] 01-07 03:34:26,563 INFO [RocksDB]        Options.compression_opts.zstd_max_train_bytes: 0
[8277] 01-07 03:34:26,563 INFO [RocksDB]     Options.level0_file_num_compaction_trigger: 2
[8277] 01-07 03:34:26,563 INFO [RocksDB]         Options.level0_slowdown_writes_trigger: 20
[8277] 01-07 03:34:26,563 INFO [RocksDB]             Options.level0_stop_writes_trigger: 36
[8277] 01-07 03:34:26,563 INFO [RocksDB]                  Options.target_file_size_base: 67108864
[8277] 01-07 03:34:26,563 INFO [RocksDB]            Options.target_file_size_multiplier: 1
[8277] 01-07 03:34:26,563 INFO [RocksDB]               Options.max_bytes_for_level_base: 536870912
[8277] 01-07 03:34:26,563 INFO [RocksDB]Options.level_compaction_dynamic_level_bytes: 0
[8277] 01-07 03:34:26,563 INFO [RocksDB]         Options.max_bytes_for_level_multiplier: 10.000000
[8277] 01-07 03:34:26,563 INFO [RocksDB]Options.max_bytes_for_level_multiplier_addtl[0]: 1
[8277] 01-07 03:34:26,563 INFO [RocksDB]Options.max_bytes_for_level_multiplier_addtl[1]: 1
[8277] 01-07 03:34:26,563 INFO [RocksDB]Options.max_bytes_for_level_multiplier_addtl[2]: 1
[8277] 01-07 03:34:26,563 INFO [RocksDB]Options.max_bytes_for_level_multiplier_addtl[3]: 1
[8277] 01-07 03:34:26,563 INFO [RocksDB]Options.max_bytes_for_level_multiplier_addtl[4]: 1
[8277] 01-07 03:34:26,563 INFO [RocksDB]Options.max_bytes_for_level_multiplier_addtl[5]: 1
[8277] 01-07 03:34:26,563 INFO [RocksDB]Options.max_bytes_for_level_multiplier_addtl[6]: 1
[8277] 01-07 03:34:26,563 INFO [RocksDB]      Options.max_sequential_skip_in_iterations: 8
[8277] 01-07 03:34:26,563 INFO [RocksDB]                   Options.max_compaction_bytes: 1677721600
[8277] 01-07 03:34:26,563 INFO [RocksDB]                       Options.arena_block_size: 33554432
[8277] 01-07 03:34:26,563 INFO [RocksDB]  Options.soft_pending_compaction_bytes_limit: 68719476736
[8277] 01-07 03:34:26,563 INFO [RocksDB]  Options.hard_pending_compaction_bytes_limit: 274877906944
[8277] 01-07 03:34:26,563 INFO [RocksDB]      Options.rate_limit_delay_max_milliseconds: 100
[8277] 01-07 03:34:26,563 INFO [RocksDB]               Options.disable_auto_compactions: 0
[8277] 01-07 03:34:26,563 INFO [RocksDB]                       Options.compaction_style: kCompactionStyleLevel
[8277] 01-07 03:34:26,563 INFO [RocksDB]                         Options.compaction_pri: kByCompensatedSize
[8277] 01-07 03:34:26,563 INFO [RocksDB]Options.compaction_options_universal.size_ratio: 1
[8277] 01-07 03:34:26,563 INFO [RocksDB]Options.compaction_options_universal.min_merge_width: 2
[8277] 01-07 03:34:26,563 INFO [RocksDB]Options.compaction_options_universal.max_merge_width: 4294967295
[8277] 01-07 03:34:26,563 INFO [RocksDB]Options.compaction_options_universal.max_size_amplification_percent: 200
[8277] 01-07 03:34:26,563 INFO [RocksDB]Options.compaction_options_universal.compression_size_percent: -1
[8277] 01-07 03:34:26,563 INFO [RocksDB]Options.compaction_options_universal.stop_style: kCompactionStopStyleTotalSize
[8277] 01-07 03:34:26,563 INFO [RocksDB]Options.compaction_options_fifo.max_table_files_size: 1073741824
[8277] 01-07 03:34:26,563 INFO [RocksDB]Options.compaction_options_fifo.allow_compaction: 0
[8277] 01-07 03:34:26,563 INFO [RocksDB]Options.compaction_options_fifo.ttl: 0
[8277] 01-07 03:34:26,563 INFO [RocksDB]                  Options.table_properties_collectors: 
[8277] 01-07 03:34:26,563 INFO [RocksDB]                  Options.inplace_update_support: 0
[8277] 01-07 03:34:26,563 INFO [RocksDB]                Options.inplace_update_num_locks: 10000
[8277] 01-07 03:34:26,563 INFO [RocksDB]              Options.memtable_prefix_bloom_size_ratio: 0.000000
[8277] 01-07 03:34:26,563 INFO [RocksDB]  Options.memtable_huge_page_size: 0
[8277] 01-07 03:34:26,563 INFO [RocksDB]                          Options.bloom_locality: 0
[8277] 01-07 03:34:26,563 INFO [RocksDB]                   Options.max_successive_merges: 0
[8277] 01-07 03:34:26,563 INFO [RocksDB]               Options.optimize_filters_for_hits: 0
[8277] 01-07 03:34:26,563 INFO [RocksDB]               Options.paranoid_file_checks: 0
[8277] 01-07 03:34:26,563 INFO [RocksDB]               Options.force_consistency_checks: 0
[8277] 01-07 03:34:26,563 INFO [RocksDB]               Options.report_bg_io_stats: 0
[8277] 01-07 03:34:26,563 INFO [RocksDB]                              Options.ttl: 0
[8277] 01-07 03:34:26,563 INFO [RocksDB][db/version_set.cc:3361] Recovered from manifest file:/home/ubuntu/ardb/data/rocksdb/MANIFEST-000001 succeeded,manifest_file_number is 1, next_file_number is 3, last_sequence is 0, log_number is 0,prev_log_number is 0,max_column_family is 0,min_log_number_to_keep is 0

[8277] 01-07 03:34:26,563 INFO [RocksDB][db/version_set.cc:3369] Column family [default] (ID 0), log number is 0

[8277] 01-07 03:34:26,567 INFO [RocksDB][db/db_impl_open.cc:1219] DB pointer 0x7f819cdbe000
[8277] 01-07 03:34:26,567 INFO Ardb init engine:rocksdb success.
[8277] 01-07 03:34:26,570 INFO Ardb will accept connections on 0.0.0.0:16379
[8277] 01-07 03:34:26,570 INFO Ardb started with version 0.10.0
[8277] 01-07 03:34:27,571 INFO ========================Period Statistics Dump Begin===========================
[8277] 01-07 03:34:27,571 INFO slave_sync_total_commands_processed:0
[8277] 01-07 03:34:27,571 INFO slave_sync_instantaneous_ops_per_sec:0
[8277] 01-07 03:34:27,571 INFO total_commands_processed:0
[8277] 01-07 03:34:27,571 INFO instantaneous_ops_per_sec:0
[8277] 01-07 03:34:27,571 INFO total_connections_received:0
[8277] 01-07 03:34:27,571 INFO rejected_connections:0
[8277] 01-07 03:34:27,571 INFO ========================Period Statistics Dump End===========================
[8277] 01-07 03:34:39,269 INFO [RocksDB][db/version_set.cc:2847] Creating manifest 6

[8277] 01-07 03:34:39,275 INFO [RocksDB][db/column_family.cc:475] --------------- Options for column family [0]:

[8277] 01-07 03:34:39,275 INFO [RocksDB]              Options.comparator: ardb.comparator
[8277] 01-07 03:34:39,275 INFO [RocksDB]          Options.merge_operator: ardb.merger
[8277] 01-07 03:34:39,275 INFO [RocksDB]       Options.compaction_filter: None
[8277] 01-07 03:34:39,275 INFO [RocksDB]       Options.compaction_filter_factory: ardb.compact_filter_factory
[8277] 01-07 03:34:39,275 INFO [RocksDB]        Options.memtable_factory: SkipListFactory
[8277] 01-07 03:34:39,275 INFO [RocksDB]           Options.table_factory: BlockBasedTable
[8277] 01-07 03:34:39,275 INFO [RocksDB]           table_factory options:   flush_block_policy_factory: FlushBlockBySizePolicyFactory (0x7f819d408018)
  cache_index_and_filter_blocks: 0
  cache_index_and_filter_blocks_with_high_priority: 0
  pin_l0_filter_and_index_blocks_in_cache: 0
  index_type: 0
  hash_index_allow_collision: 1
  checksum: 1
  no_block_cache: 0
  block_cache: 0x7f819d481cf0
  block_cache_name: LRUCache
  block_cache_options:
    capacity : 536870912
    num_shard_bits : 6
    strict_capacity_limit : 0
    high_pri_pool_ratio: 0.000
  block_cache_compressed: (nil)
  persistent_cache: (nil)
  block_size: 4096
  block_size_deviation: 10
  block_restart_interval: 16
  index_block_restart_interval: 1
  metadata_block_size: 4096
  partition_filters: 0
  use_delta_encoding: 1
  filter_policy: rocksdb.BuiltinBloomFilter
  whole_key_filtering: 1
  verify_compression: 0
  read_amp_bytes_per_bit: 0
  format_version: 2
  enable_index_compression: 1
  block_align: 0

[8277] 01-07 03:34:39,275 INFO [RocksDB]       Options.write_buffer_size: 268435456
[8277] 01-07 03:34:39,275 INFO [RocksDB] Options.max_write_buffer_number: 6
[8277] 01-07 03:34:39,275 INFO [RocksDB]       Options.compression[0]: NoCompression
[8277] 01-07 03:34:39,275 INFO [RocksDB]       Options.compression[1]: NoCompression
[8277] 01-07 03:34:39,275 INFO [RocksDB]       Options.compression[2]: Snappy
[8277] 01-07 03:34:39,275 INFO [RocksDB]       Options.compression[3]: Snappy
[8277] 01-07 03:34:39,275 INFO [RocksDB]       Options.compression[4]: Snappy
[8277] 01-07 03:34:39,275 INFO [RocksDB]       Options.compression[5]: Snappy
[8277] 01-07 03:34:39,275 INFO [RocksDB]       Options.compression[6]: Snappy
[8277] 01-07 03:34:39,275 INFO [RocksDB]                 Options.bottommost_compression: Disabled
[8277] 01-07 03:34:39,275 INFO [RocksDB]      Options.prefix_extractor: ardb.prefix_extractor
[8277] 01-07 03:34:39,275 INFO [RocksDB]  Options.memtable_insert_with_hint_prefix_extractor: nullptr
[8277] 01-07 03:34:39,275 INFO [RocksDB]            Options.num_levels: 7
[8277] 01-07 03:34:39,275 INFO [RocksDB]       Options.min_write_buffer_number_to_merge: 2
[8277] 01-07 03:34:39,275 INFO [RocksDB]    Options.max_write_buffer_number_to_maintain: 0
[8277] 01-07 03:34:39,275 INFO [RocksDB]           Options.compression_opts.window_bits: -14
[8277] 01-07 03:34:39,275 INFO [RocksDB]                 Options.compression_opts.level: -1
[8277] 01-07 03:34:39,275 INFO [RocksDB]              Options.compression_opts.strategy: 0
[8277] 01-07 03:34:39,275 INFO [RocksDB]        Options.compression_opts.max_dict_bytes: 0
[8277] 01-07 03:34:39,275 INFO [RocksDB]        Options.compression_opts.zstd_max_train_bytes: 0
[8277] 01-07 03:34:39,275 INFO [RocksDB]     Options.level0_file_num_compaction_trigger: 2
[8277] 01-07 03:34:39,275 INFO [RocksDB]         Options.level0_slowdown_writes_trigger: 20
[8277] 01-07 03:34:39,275 INFO [RocksDB]             Options.level0_stop_writes_trigger: 36
[8277] 01-07 03:34:39,275 INFO [RocksDB]                  Options.target_file_size_base: 67108864
[8277] 01-07 03:34:39,275 INFO [RocksDB]            Options.target_file_size_multiplier: 1
[8277] 01-07 03:34:39,275 INFO [RocksDB]               Options.max_bytes_for_level_base: 536870912
[8277] 01-07 03:34:39,275 INFO [RocksDB]Options.level_compaction_dynamic_level_bytes: 0
[8277] 01-07 03:34:39,275 INFO [RocksDB]         Options.max_bytes_for_level_multiplier: 10.000000
[8277] 01-07 03:34:39,275 INFO [RocksDB]Options.max_bytes_for_level_multiplier_addtl[0]: 1
[8277] 01-07 03:34:39,275 INFO [RocksDB]Options.max_bytes_for_level_multiplier_addtl[1]: 1
[8277] 01-07 03:34:39,275 INFO [RocksDB]Options.max_bytes_for_level_multiplier_addtl[2]: 1
[8277] 01-07 03:34:39,275 INFO [RocksDB]Options.max_bytes_for_level_multiplier_addtl[3]: 1
[8277] 01-07 03:34:39,275 INFO [RocksDB]Options.max_bytes_for_level_multiplier_addtl[4]: 1
[8277] 01-07 03:34:39,275 INFO [RocksDB]Options.max_bytes_for_level_multiplier_addtl[5]: 1
[8277] 01-07 03:34:39,275 INFO [RocksDB]Options.max_bytes_for_level_multiplier_addtl[6]: 1
[8277] 01-07 03:34:39,275 INFO [RocksDB]      Options.max_sequential_skip_in_iterations: 8
[8277] 01-07 03:34:39,275 INFO [RocksDB]                   Options.max_compaction_bytes: 1677721600
[8277] 01-07 03:34:39,275 INFO [RocksDB]                       Options.arena_block_size: 33554432
[8277] 01-07 03:34:39,275 INFO [RocksDB]  Options.soft_pending_compaction_bytes_limit: 68719476736
[8277] 01-07 03:34:39,275 INFO [RocksDB]  Options.hard_pending_compaction_bytes_limit: 274877906944
[8277] 01-07 03:34:39,275 INFO [RocksDB]      Options.rate_limit_delay_max_milliseconds: 100
[8277] 01-07 03:34:39,275 INFO [RocksDB]               Options.disable_auto_compactions: 0
[8277] 01-07 03:34:39,275 INFO [RocksDB]                       Options.compaction_style: kCompactionStyleLevel
[8277] 01-07 03:34:39,275 INFO [RocksDB]                         Options.compaction_pri: kByCompensatedSize
[8277] 01-07 03:34:39,275 INFO [RocksDB]Options.compaction_options_universal.size_ratio: 1
[8277] 01-07 03:34:39,275 INFO [RocksDB]Options.compaction_options_universal.min_merge_width: 2
[8277] 01-07 03:34:39,275 INFO [RocksDB]Options.compaction_options_universal.max_merge_width: 4294967295
[8277] 01-07 03:34:39,275 INFO [RocksDB]Options.compaction_options_universal.max_size_amplification_percent: 200
[8277] 01-07 03:34:39,275 INFO [RocksDB]Options.compaction_options_universal.compression_size_percent: -1
[8277] 01-07 03:34:39,275 INFO [RocksDB]Options.compaction_options_universal.stop_style: kCompactionStopStyleTotalSize
[8277] 01-07 03:34:39,275 INFO [RocksDB]Options.compaction_options_fifo.max_table_files_size: 1073741824
[8277] 01-07 03:34:39,275 INFO [RocksDB]Options.compaction_options_fifo.allow_compaction: 0
[8277] 01-07 03:34:39,275 INFO [RocksDB]Options.compaction_options_fifo.ttl: 0
[8277] 01-07 03:34:39,275 INFO [RocksDB]                  Options.table_properties_collectors: 
[8277] 01-07 03:34:39,275 INFO [RocksDB]                  Options.inplace_update_support: 0
[8277] 01-07 03:34:39,275 INFO [RocksDB]                Options.inplace_update_num_locks: 10000
[8277] 01-07 03:34:39,275 INFO [RocksDB]              Options.memtable_prefix_bloom_size_ratio: 0.000000
[8277] 01-07 03:34:39,275 INFO [RocksDB]  Options.memtable_huge_page_size: 0
[8277] 01-07 03:34:39,275 INFO [RocksDB]                          Options.bloom_locality: 0
[8277] 01-07 03:34:39,275 INFO [RocksDB]                   Options.max_successive_merges: 0
[8277] 01-07 03:34:39,275 INFO [RocksDB]               Options.optimize_filters_for_hits: 0
[8277] 01-07 03:34:39,275 INFO [RocksDB]               Options.paranoid_file_checks: 0
[8277] 01-07 03:34:39,275 INFO [RocksDB]               Options.force_consistency_checks: 0
[8277] 01-07 03:34:39,275 INFO [RocksDB]               Options.report_bg_io_stats: 0
[8277] 01-07 03:34:39,275 INFO [RocksDB]                              Options.ttl: 0
[8277] 01-07 03:34:39,275 INFO [RocksDB][db/db_impl.cc:1396] Created column family [0] (ID 1)
[8277] 01-07 03:34:39,278 INFO Create ColumnFamilyHandle with name:0 success.
[8277] 01-07 03:34:46,428 INFO [RocksDB][db/db_impl_write.cc:1373] [0] New memtable created with log file: #9. Immutable memtables: 0.

[8277] 01-07 03:34:54,179 INFO [RocksDB][db/db_impl_write.cc:1373] [0] New memtable created with log file: #10. Immutable memtables: 1.

[8277] 01-07 03:34:54,179 INFO [RocksDB][db/db_impl_compaction_flush.cc:80] [JOB 2] Syncing log #3
[8277] 01-07 03:34:54,659 INFO [RocksDB][db/db_impl_compaction_flush.cc:80] [JOB 2] Syncing log #9
[8277] 01-07 03:34:57,962 INFO [RocksDB](Original Log Time 2020/01/07-03:34:54.179691) [db/db_impl_compaction_flush.cc:1424] Calling FlushMemTableToOutputFile with column family [0], flush slots available 4, compaction slots available 1, flush slots scheduled 1, compaction slots scheduled 0
[8277] 01-07 03:34:57,962 INFO [RocksDB][db/flush_job.cc:301] [0] [JOB 2] Flushing memtable with next log file: 9

[8277] 01-07 03:34:57,962 INFO [RocksDB][db/flush_job.cc:301] [0] [JOB 2] Flushing memtable with next log file: 10

[8277] 01-07 03:34:57,962 INFO [RocksDB]EVENT_LOG_v1 {"time_micros": 1578368097962748, "job": 2, "event": "flush_started", "num_memtables": 2, "num_entries": 3367276, "num_deletes": 0, "memory_usage": 520101712, "flush_reason": "Write Buffer Full"}
[8277] 01-07 03:34:57,962 INFO [RocksDB][db/flush_job.cc:331] [0] [JOB 2] Level-0 flush table #11: started
[8277] 01-07 03:35:02,353 INFO [RocksDB][db/db_impl_write.cc:1373] [0] New memtable created with log file: #12. Immutable memtables: 2.

[8277] 01-07 03:35:04,833 INFO [RocksDB]EVENT_LOG_v1 {"time_micros": 1578368104833625, "cf_name": "0", "job": 2, "event": "table_file_creation", "file_number": 11, "file_size": 327421374, "table_properties": {"data_size": 318122095, "index_size": 4267933, "filter_size": 5030304, "raw_key_size": 132511873, "raw_average_key_size": 42, "raw_value_size": 254832092, "raw_average_value_size": 81, "num_data_blocks": 79263, "num_entries": 3126762, "filter_policy_name": "rocksdb.BuiltinBloomFilter", "kDeletedKeys": "0", "kMergeOperands": "0"}}
[8277] 01-07 03:35:04,833 INFO [RocksDB][db/flush_job.cc:371] [0] [JOB 2] Level-0 flush table #11: 327421374 bytes OK
[8277] 01-07 03:35:04,836 INFO [RocksDB](Original Log Time 2020/01/07-03:35:04.834748) [db/memtable_list.cc:377] [0] Level-0 commit table #11 started
[8277] 01-07 03:35:04,836 INFO [RocksDB](Original Log Time 2020/01/07-03:35:04.836343) [db/memtable_list.cc:409] [0] Level-0 commit table #11: memtable #1 done
[8277] 01-07 03:35:04,836 INFO [RocksDB](Original Log Time 2020/01/07-03:35:04.836349) [db/memtable_list.cc:409] [0] Level-0 commit table #11: memtable #2 done
[8277] 01-07 03:35:04,836 INFO [RocksDB](Original Log Time 2020/01/07-03:35:04.836384) EVENT_LOG_v1 {"time_micros": 1578368104836358, "job": 2, "event": "flush_finished", "output_compression": "NoCompression", "lsm_state": [1, 0, 0, 0, 0, 0, 0], "immutable_memtables": 1}
[8277] 01-07 03:35:04,836 INFO [RocksDB](Original Log Time 2020/01/07-03:35:04.836400) [db/db_impl_compaction_flush.cc:177] [0] Level summary: base level 1 max bytes base 536870912 files[1 0 0 0 0 0 0] max score 0.61

[8277] 01-07 03:35:04,836 INFO [RocksDB][db/db_impl_files.cc:342] [JOB 2] Try to delete WAL files size 397588762, prev total WAL file size 636748656, number of live WAL files 4.

[8277] 01-07 03:35:12,095 INFO [RocksDB][db/db_impl_write.cc:1373] [0] New memtable created with log file: #13. Immutable memtables: 1.

[8277] 01-07 03:35:12,095 INFO [RocksDB][db/db_impl_compaction_flush.cc:80] [JOB 3] Syncing log #10
[8277] 01-07 03:35:12,488 INFO [RocksDB][db/db_impl_compaction_flush.cc:80] [JOB 3] Syncing log #12
[8277] 01-07 03:35:14,708 INFO [RocksDB](Original Log Time 2020/01/07-03:35:12.095296) [db/db_impl_compaction_flush.cc:1424] Calling FlushMemTableToOutputFile with column family [0], flush slots available 4, compaction slots available 1, flush slots scheduled 1, compaction slots scheduled 0
[8277] 01-07 03:35:14,709 INFO [RocksDB][db/flush_job.cc:301] [0] [JOB 3] Flushing memtable with next log file: 12

[8277] 01-07 03:35:14,709 INFO [RocksDB][db/flush_job.cc:301] [0] [JOB 3] Flushing memtable with next log file: 13

[8277] 01-07 03:35:14,709 INFO [RocksDB]EVENT_LOG_v1 {"time_micros": 1578368114709040, "job": 3, "event": "flush_started", "num_memtables": 2, "num_entries": 3348755, "num_deletes": 0, "memory_usage": 520099648, "flush_reason": "Write Buffer Full"}
[8277] 01-07 03:35:14,709 INFO [RocksDB][db/flush_job.cc:331] [0] [JOB 3] Level-0 flush table #14: started
[8277] 01-07 03:35:20,974 INFO [RocksDB]EVENT_LOG_v1 {"time_micros": 1578368120974130, "cf_name": "0", "job": 3, "event": "table_file_creation", "file_number": 14, "file_size": 325550595, "table_properties": {"data_size": 316302557, "index_size": 4244614, "filter_size": 5002382, "raw_key_size": 131780507, "raw_average_key_size": 42, "raw_value_size": 253429049, "raw_average_value_size": 81, "num_data_blocks": 78810, "num_entries": 3109560, "filter_policy_name": "rocksdb.BuiltinBloomFilter", "kDeletedKeys": "0", "kMergeOperands": "0"}}
[8277] 01-07 03:35:20,974 INFO [RocksDB][db/flush_job.cc:371] [0] [JOB 3] Level-0 flush table #14: 325550595 bytes OK
[8277] 01-07 03:35:20,977 INFO [RocksDB](Original Log Time 2020/01/07-03:35:20.975425) [db/memtable_list.cc:377] [0] Level-0 commit table #14 started
[8277] 01-07 03:35:20,977 INFO [RocksDB](Original Log Time 2020/01/07-03:35:20.977117) [db/memtable_list.cc:409] [0] Level-0 commit table #14: memtable #1 done
[8277] 01-07 03:35:20,977 INFO [RocksDB](Original Log Time 2020/01/07-03:35:20.977118) [db/memtable_list.cc:409] [0] Level-0 commit table #14: memtable #2 done
[8277] 01-07 03:35:20,977 INFO [RocksDB](Original Log Time 2020/01/07-03:35:20.977132) EVENT_LOG_v1 {"time_micros": 1578368120977126, "job": 3, "event": "flush_finished", "output_compression": "NoCompression", "lsm_state": [2, 0, 0, 0, 0, 0, 0], "immutable_memtables": 0}
[8277] 01-07 03:35:20,977 INFO [RocksDB](Original Log Time 2020/01/07-03:35:20.977161) [db/db_impl_compaction_flush.cc:177] [0] Level summary: base level 1 max bytes base 536870912 files[2 0 0 0 0 0 0] max score 1.22

[8277] 01-07 03:35:20,977 INFO [RocksDB][db/db_impl_files.cc:342] [JOB 3] Try to delete WAL files size 395483081, prev total WAL file size 567699633, number of live WAL files 3.

[8277] 01-07 03:35:20,977 WARN [RocksDB][db/db_impl.cc:491] ------- DUMPING STATS -------
[8277] 01-07 03:35:20,977 WARN [RocksDB][db/db_impl.cc:492] 
** DB Stats **
Uptime(secs): 54.4 total, 54.4 interval
Cumulative writes: 1167K writes, 8174K keys, 1164K commit groups, 1.0 writes per commit group, ingest: 0.90 GB, 16.92 MB/s
Cumulative WAL: 1167K writes, 0 syncs, 1167742.00 writes per sync, written: 0.90 GB, 16.92 MB/s
Cumulative stall: 00:00:0.000 H:M:S, 0.0 percent
Interval writes: 1167K writes, 8174K keys, 1164K commit groups, 1.0 writes per commit group, ingest: 920.57 MB, 16.92 MB/s
Interval WAL: 1167K writes, 0 syncs, 1167742.00 writes per sync, written: 0.90 MB, 16.92 MB/s
Interval stall: 00:00:0.000 H:M:S, 0.0 percent

** Compaction Stats [default] **
Level    Files   Size     Score Read(GB)  Rn(GB) Rnp1(GB) Write(GB) Wnew(GB) Moved(GB) W-Amp Rd(MB/s) Wr(MB/s) Comp(sec) Comp(cnt) Avg(sec) KeyIn KeyDrop
----------------------------------------------------------------------------------------------------------------------------------------------------------
 Sum      0/0    0.00 KB   0.0      0.0     0.0      0.0       0.0     
[8277] 01-07 03:35:20,977 INFO [RocksDB][db/compaction_job.cc:1531] [0] [JOB 4] Compacting 2@0 files to L1, score 1.22
[8277] 01-07 03:35:20,977 INFO [RocksDB][db/compaction_job.cc:1535] [0] Compaction start summary: Base version 4 Base level 0, inputs: [14(310MB) 11(312MB)]

[8277] 01-07 03:35:20,977 INFO [RocksDB]EVENT_LOG_v1 {"time_micros": 1578368120977531, "job": 4, "event": "compaction_started", "compaction_reason": "LevelL0FilesNum", "files_L0": [14, 11], "score": 1.21626, "input_data_size": 652971969}
[8277] 01-07 03:35:22,366 INFO [RocksDB][db/compaction_job.cc:1211] [0] [JOB 4] Generated table #15: 1186902 keys, 69772763 bytes
[8277] 01-07 03:35:22,366 INFO [RocksDB]EVENT_LOG_v1 {"time_micros": 1578368122366241, "cf_name": "0", "job": 4, "event": "table_file_creation", "file_number": 15, "file_size": 69772763, "table_properties": {"data_size": 67111497, "index_size": 976172, "filter_size": 1684063, "raw_key_size": 56498852, "raw_average_key_size": 47, "raw_value_size": 28566271, "raw_average_value_size": 24, "num_data_blocks": 16601, "num_entries": 1186902, "filter_policy_name": "rocksdb.BuiltinBloomFilter", "kDeletedKeys": "0", "kMergeOperands": "0"}}
[8277] 01-07 03:35:22,778 INFO [RocksDB][db/db_impl_write.cc:1373] [0] New memtable created with log file: #17. Immutable memtables: 0.

[8277] 01-07 03:35:23,851 INFO [RocksDB][db/compaction_job.cc:1211] [0] [JOB 4] Generated table #16: 597528 keys, 68990250 bytes
[8277] 01-07 03:35:23,851 INFO [RocksDB]EVENT_LOG_v1 {"time_micros": 1578368123851636, "cf_name": "0", "job": 4, "event": "table_file_creation", "file_number": 16, "file_size": 68990250, "table_properties": {"data_size": 67112830, "index_size": 888475, "filter_size": 987914, "raw_key_size": 24595773, "raw_average_key_size": 41, "raw_value_size": 56765133, "raw_average_value_size": 94, "num_data_blocks": 16740, "num_entries": 597528, "filter_policy_name": "rocksdb.BuiltinBloomFilter", "kDeletedKeys": "0", "kMergeOperands": "0"}}
[8277] 01-07 03:35:25,103 INFO [RocksDB][db/compaction_job.cc:1211] [0] [JOB 4] Generated table #18: 597502 keys, 68986694 bytes
[8277] 01-07 03:35:25,103 INFO [RocksDB]EVENT_LOG_v1 {"time_micros": 1578368125103226, "cf_name": "0", "job": 4, "event": "table_file_creation", "file_number": 18, "file_size": 68986694, "table_properties": {"data_size": 67109120, "index_size": 888683, "filter_size": 987860, "raw_key_size": 24594738, "raw_average_key_size": 41, "raw_value_size": 56762726, "raw_average_value_size": 95, "num_data_blocks": 16738, "num_entries": 597502, "filter_policy_name": "rocksdb.BuiltinBloomFilter", "kDeletedKeys": "0", "kMergeOperands": "0"}}
[8277] 01-07 03:35:26,402 INFO [RocksDB][db/compaction_job.cc:1211] [0] [JOB 4] Generated table #19: 597516 keys, 68989646 bytes
[8277] 01-07 03:35:26,402 INFO [RocksDB]EVENT_LOG_v1 {"time_micros": 1578368126402637, "cf_name": "0", "job": 4, "event": "table_file_creation", "file_number": 19, "file_size": 68989646, "table_properties": {"data_size": 67112219, "index_size": 888498, "filter_size": 987898, "raw_key_size": 24593396, "raw_average_key_size": 41, "raw_value_size": 56763984, "raw_average_value_size": 94, "num_data_blocks": 16740, "num_entries": 597516, "filter_policy_name": "rocksdb.BuiltinBloomFilter", "kDeletedKeys": "0", "kMergeOperands": "0"}}
[8277] 01-07 03:35:27,706 INFO [RocksDB][db/compaction_job.cc:1211] [0] [JOB 4] Generated table #20: 597541 keys, 68990310 bytes
[8277] 01-07 03:35:27,706 INFO [RocksDB]EVENT_LOG_v1 {"time_micros": 1578368127706069, "cf_name": "0", "job": 4, "event": "table_file_creation", "file_number": 20, "file_size": 68990310, "table_properties": {"data_size": 67112950, "index_size": 888400, "filter_size": 987929, "raw_key_size": 24595288, "raw_average_key_size": 41, "raw_value_size": 56766386, "raw_average_value_size": 94, "num_data_blocks": 16740, "num_entries": 597541, "filter_policy_name": "rocksdb.BuiltinBloomFilter", "kDeletedKeys": "0", "kMergeOperands": "0"}}
[8277] 01-07 03:35:29,014 INFO [RocksDB][db/compaction_job.cc:1211] [0] [JOB 4] Generated table #21: 597516 keys, 68986802 bytes
[8277] 01-07 03:35:29,014 INFO [RocksDB]EVENT_LOG_v1 {"time_micros": 1578368129014422, "cf_name": "0", "job": 4, "event": "table_file_creation", "file_number": 21, "file_size": 68986802, "table_properties": {"data_size": 67109491, "index_size": 888393, "filter_size": 987887, "raw_key_size": 24595090, "raw_average_key_size": 41, "raw_value_size": 56763984, "raw_average_value_size": 94, "num_data_blocks": 16739, "num_entries": 597516, "filter_policy_name": "rocksdb.BuiltinBloomFilter", "kDeletedKeys": "0", "kMergeOperands": "0"}}
[8277] 01-07 03:35:30,323 INFO [RocksDB][db/compaction_job.cc:1211] [0] [JOB 4] Generated table #22: 597539 keys, 68990230 bytes
[8277] 01-07 03:35:30,323 INFO [RocksDB]EVENT_LOG_v1 {"time_micros": 1578368130323973, "cf_name": "0", "job": 4, "event": "table_file_creation", "file_number": 22, "file_size": 68990230, "table_properties": {"data_size": 67112691, "index_size": 888583, "filter_size": 987925, "raw_key_size": 24596477, "raw_average_key_size": 41, "raw_value_size": 56766277, "raw_average_value_size": 95, "num_data_blocks": 16740, "num_entries": 597539, "filter_policy_name": "rocksdb.BuiltinBloomFilter", "kDeletedKeys": "0", "kMergeOperands": "0"}}
[8277] 01-07 03:35:31,625 INFO [RocksDB][db/compaction_job.cc:1211] [0] [JOB 4] Generated table #23: 597506 keys, 68989829 bytes
[8277] 01-07 03:35:31,625 INFO [RocksDB]EVENT_LOG_v1 {"time_micros": 1578368131625711, "cf_name": "0", "job": 4, "event": "table_file_creation", "file_number": 23, "file_size": 68989829, "table_properties": {"data_size": 67111927, "index_size": 888983, "filter_size": 987888, "raw_key_size": 24594304, "raw_average_key_size": 41, "raw_value_size": 56763043, "raw_average_value_size": 94, "num_data_blocks": 16740, "num_entries": 597506, "filter_policy_name": "rocksdb.BuiltinBloomFilter", "kDeletedKeys": "0", "kMergeOperands": "0"}}
[8277] 01-07 03:35:33,004 INFO [RocksDB][db/compaction_job.cc:1211] [0] [JOB 4] Generated table #24: 597537 keys, 68988846 bytes
[8277] 01-07 03:35:33,004 INFO [RocksDB]EVENT_LOG_v1 {"time_micros": 1578368133004491, "cf_name": "0", "job": 4, "event": "table_file_creation", "file_number": 24, "file_size": 68988846, "table_properties": {"data_size": 67111732, "index_size": 888167, "filter_size": 987916, "raw_key_size": 24595351, "raw_average_key_size": 41, "raw_value_size": 56765970, "raw_average_value_size": 94, "num_data_blocks": 16739, "num_entries": 597537, "filter_policy_name": "rocksdb.BuiltinBloomFilter", "kDeletedKeys": "0", "kMergeOperands": "0"}}
[8277] 01-07 03:35:33,153 INFO [RocksDB][db/db_impl_write.cc:1373] [0] New memtable created with log file: #26. Immutable memtables: 1.

[8277] 01-07 03:35:33,153 INFO [RocksDB][db/db_impl_compaction_flush.cc:80] [JOB 5] Syncing log #13
[8277] 01-07 03:35:34,505 INFO [RocksDB][db/compaction_job.cc:1211] [0] [JOB 4] Generated table #25: 269234 keys, 31078816 bytes
[8277] 01-07 03:35:34,505 INFO [RocksDB]EVENT_LOG_v1 {"time_micros": 1578368134505652, "cf_name": "0", "job": 4, "event": "table_file_creation", "file_number": 25, "file_size": 31078816, "table_properties": {"data_size": 30234020, "index_size": 398662, "filter_size": 445104, "raw_key_size": 11033092, "raw_average_key_size": 40, "raw_value_size": 25577311, "raw_average_value_size": 95, "num_data_blocks": 7541, "num_entries": 269234, "filter_policy_name": "rocksdb.BuiltinBloomFilter", "kDeletedKeys": "0", "kMergeOperands": "0"}}
[8277] 01-07 03:35:34,505 INFO [RocksDB][db/db_impl_compaction_flush.cc:80] [JOB 5] Syncing log #17
[8277] 01-07 03:35:34,506 INFO [RocksDB][db/compaction_job.cc:1287] [0] [JOB 4] Compacted 2@0 files to L1 => 652764186 bytes
[8277] 01-07 03:35:36,277 INFO [RocksDB](Original Log Time 2020/01/07-03:35:36.277809) [db/compaction_job.cc:685] [0] compacted to: base level 1 max bytes base 536870912 files[0 10 0 0 0 0 0] max score 1.22, MB/sec: 48.3 rd, 48.2 wr, level 1, files in(2, 0) out(10) MB in(622.7, 0.0) out(622.5), read-write-amplify(2.0) write-amplify(1.0) OK, records in: 6236322, records dropped: 1 output_compression: NoCompression

[8277] 01-07 03:35:36,277 INFO [RocksDB](Original Log Time 2020/01/07-03:35:36.277842) EVENT_LOG_v1 {"time_micros": 1578368136277834, "job": 4, "event": "compaction_finished", "compaction_time_micros": 13529347, "output_level": 1, "num_output_files": 10, "total_output_size": 652764186, "num_input_records": 6236322, "num_output_records": 6236321, "num_subcompactions": 1, "output_compression": "NoCompression", "num_single_delete_mismatches": 0, "num_single_delete_fallthrough": 0, "lsm_state": [0, 10, 0, 0, 0, 0, 0]}
[8277] 01-07 03:35:36,277 INFO [RocksDB][db/compaction_job.cc:1531] [0] [JOB 6] Compacting 1@1 files to L2, score 1.22
[8277] 01-07 03:35:36,277 INFO [RocksDB][db/compaction_job.cc:1535] [0] Compaction start summary: Base version 5 Base level 1, inputs: [15(66MB)]

[8277] 01-07 03:35:36,277 INFO [RocksDB]EVENT_LOG_v1 {"time_micros": 1578368136277935, "job": 6, "event": "compaction_started", "compaction_reason": "LevelMaxLevelSize", "files_L1": [15], "score": 1.21587, "input_data_size": 69772763}
[8277] 01-07 03:35:36,281 INFO [RocksDB](Original Log Time 2020/01/07-03:35:33.153584) [db/db_impl_compaction_flush.cc:1424] Calling FlushMemTableToOutputFile with column family [0], flush slots available 4, compaction slots available 1, flush slots scheduled 1, compaction slots scheduled 1
[8277] 01-07 03:35:36,281 INFO [RocksDB][db/flush_job.cc:301] [0] [JOB 5] Flushing memtable with next log file: 17

[8277] 01-07 03:35:36,281 INFO [RocksDB][db/flush_job.cc:301] [0] [JOB 5] Flushing memtable with next log file: 26

[8277] 01-07 03:35:36,281 INFO [RocksDB]EVENT_LOG_v1 {"time_micros": 1578368136281226, "job": 5, "event": "flush_started", "num_memtables": 2, "num_entries": 3575566, "num_deletes": 0, "memory_usage": 520099720, "flush_reason": "Write Buffer Full"}
[8277] 01-07 03:35:36,281 INFO [RocksDB][db/flush_job.cc:331] [0] [JOB 5] Level-0 flush table #27: started
[8277] 01-07 03:35:39,539 INFO [RocksDB][db/compaction_job.cc:1211] [0] [JOB 6] Generated table #28: 1186902 keys, 54540770 bytes
[8277] 01-07 03:35:39,539 INFO [RocksDB]EVENT_LOG_v1 {"time_micros": 1578368139539472, "cf_name": "0", "job": 6, "event": "table_file_creation", "file_number": 28, "file_size": 54540770, "table_properties": {"data_size": 52353551, "index_size": 975868, "filter_size": 1655239, "raw_key_size": 56498852, "raw_average_key_size": 47, "raw_value_size": 28566271, "raw_average_value_size": 24, "num_data_blocks": 16601, "num_entries": 1186902, "filter_policy_name": "rocksdb.BuiltinBloomFilter", "kDeletedKeys": "0", "kMergeOperands": "0"}}
[8277] 01-07 03:35:39,541 INFO [RocksDB][db/compaction_job.cc:1287] [0] [JOB 6] Compacted 1@1 files to L2 => 54540770 bytes
[8277] 01-07 03:35:39,543 INFO [RocksDB](Original Log Time 2020/01/07-03:35:39.542960) [db/compaction_job.cc:685] [0] compacted to: base level 1 max bytes base 536870912 files[0 9 1 0 0 0 0] max score 1.09, MB/sec: 21.4 rd, 16.7 wr, level 2, files in(1, 0) out(1) MB in(66.5, 0.0) out(52.0), read-write-amplify(1.8) write-amplify(0.8) OK, records in: 1186902, records dropped: 0 output_compression: Snappy

[8277] 01-07 03:35:39,543 INFO [RocksDB](Original Log Time 2020/01/07-03:35:39.542990) EVENT_LOG_v1 {"time_micros": 1578368139542984, "job": 6, "event": "compaction_finished", "compaction_time_micros": 3263171, "output_level": 2, "num_output_files": 1, "total_output_size": 54540770, "num_input_records": 1186902, "num_output_records": 1186902, "num_subcompactions": 1, "output_compression": "Snappy", "num_single_delete_mismatches": 0, "num_single_delete_fallthrough": 0, "lsm_state": [0, 9, 1, 0, 0, 0, 0]}
[8277] 01-07 03:35:39,550 INFO [RocksDB]EVENT_LOG_v1 {"time_micros": 1578368139550170, "job": 6, "event": "table_file_deletion", "file_number": 15}
[8277] 01-07 03:35:39,550 INFO [RocksDB][db/compaction_job.cc:1531] [0] [JOB 7] Compacting 1@1 files to L2, score 1.09
[8277] 01-07 03:35:39,550 INFO [RocksDB][db/compaction_job.cc:1535] [0] Compaction start summary: Base version 6 Base level 1, inputs: [20(65MB)]

[8277] 01-07 03:35:39,550 INFO [RocksDB]EVENT_LOG_v1 {"time_micros": 1578368139550256, "job": 7, "event": "compaction_started", "compaction_reason": "LevelMaxLevelSize", "files_L1": [20], "score": 1.08591, "input_data_size": 68990310}
[8277] 01-07 03:35:42,826 INFO [RocksDB][db/compaction_job.cc:1211] [0] [JOB 7] Generated table #29: 597541 keys, 68588924 bytes
[8277] 01-07 03:35:42,826 INFO [RocksDB]EVENT_LOG_v1 {"time_micros": 1578368142826496, "cf_name": "0", "job": 7, "event": "table_file_creation", "file_number": 29, "file_size": 68588924, "table_properties": {"data_size": 67112950, "index_size": 888400, "filter_size": 987929, "raw_key_size": 24595288, "raw_average_key_size": 41, "raw_value_size": 56766386, "raw_average_value_size": 94, "num_data_blocks": 16740, "num_entries": 597541, "filter_policy_name": "rocksdb.BuiltinBloomFilter", "kDeletedKeys": "0", "kMergeOperands": "0"}}
[8277] 01-07 03:35:42,827 INFO [RocksDB][db/compaction_job.cc:1287] [0] [JOB 7] Compacted 1@1 files to L2 => 68588924 bytes
[8277] 01-07 03:35:42,833 INFO [RocksDB](Original Log Time 2020/01/07-03:35:42.833602) [db/compaction_job.cc:685] [0] compacted to: base level 1 max bytes base 536870912 files[0 8 2 0 0 0 0] max score 0.96, MB/sec: 21.0 rd, 20.9 wr, level 2, files in(1, 0) out(1) MB in(65.8, 0.0) out(65.4), read-write-amplify(2.0) write-amplify(1.0) OK, records in: 597541, records dropped: 0 output_compression: Snappy

[8277] 01-07 03:35:42,833 INFO [RocksDB](Original Log Time 2020/01/07-03:35:42.833619) EVENT_LOG_v1 {"time_micros": 1578368142833613, "job": 7, "event": "compaction_finished", "compaction_time_micros": 3277526, "output_level": 2, "num_output_files": 1, "total_output_size": 68588924, "num_input_records": 597541, "num_output_records": 597541, "num_subcompactions": 1, "output_compression": "Snappy", "num_single_delete_mismatches": 0, "num_single_delete_fallthrough": 0, "lsm_state": [0, 8, 2, 0, 0, 0, 0]}
[8277] 01-07 03:35:42,840 INFO [RocksDB]EVENT_LOG_v1 {"time_micros": 1578368142840076, "job": 7, "event": "table_file_deletion", "file_number": 20}
[8277] 01-07 03:35:44,341 INFO [RocksDB][db/db_impl_write.cc:1373] [0] New memtable created with log file: #30. Immutable memtables: 2.

[8277] 01-07 03:35:45,235 INFO [RocksDB]EVENT_LOG_v1 {"time_micros": 1578368145235367, "cf_name": "0", "job": 5, "event": "table_file_creation", "file_number": 27, "file_size": 347663087, "table_properties": {"data_size": 337785313, "index_size": 4535418, "filter_size": 5341313, "raw_key_size": 140710680, "raw_average_key_size": 42, "raw_value_size": 270594431, "raw_average_value_size": 81, "num_data_blocks": 84160, "num_entries": 3320171, "filter_policy_name": "rocksdb.BuiltinBloomFilter", "kDeletedKeys": "0", "kMergeOperands": "0"}}
[8277] 01-07 03:35:45,235 INFO [RocksDB][db/flush_job.cc:371] [0] [JOB 5] Level-0 flush table #27: 347663087 bytes OK
[8277] 01-07 03:35:45,238 INFO [RocksDB](Original Log Time 2020/01/07-03:35:45.236582) [db/memtable_list.cc:377] [0] Level-0 commit table #27 started
[8277] 01-07 03:35:45,238 INFO [RocksDB](Original Log Time 2020/01/07-03:35:45.238344) [db/memtable_list.cc:409] [0] Level-0 commit table #27: memtable #1 done
[8277] 01-07 03:35:45,238 INFO [RocksDB](Original Log Time 2020/01/07-03:35:45.238344) [db/memtable_list.cc:409] [0] Level-0 commit table #27: memtable #2 done
[8277] 01-07 03:35:45,238 INFO [RocksDB](Original Log Time 2020/01/07-03:35:45.238353) EVENT_LOG_v1 {"time_micros": 1578368145238349, "job": 5, "event": "flush_finished", "output_compression": "NoCompression", "lsm_state": [1, 8, 2, 0, 0, 0, 0], "immutable_memtables": 1}
[8277] 01-07 03:35:45,238 INFO [RocksDB](Original Log Time 2020/01/07-03:35:45.238377) [db/db_impl_compaction_flush.cc:177] [0] Level summary: base level 1 max bytes base 536870912 files[1 8 2 0 0 0 0] max score 0.96

[8277] 01-07 03:35:45,238 INFO [RocksDB][db/db_impl_files.cc:342] [JOB 5] Try to delete WAL files size 422283460, prev total WAL file size 650011130, number of live WAL files 4.

[8277] 01-07 03:35:45,287 INFO [RocksDB]EVENT_LOG_v1 {"time_micros": 1578368145287978, "job": 5, "event": "table_file_deletion", "file_number": 14}
[8277] 01-07 03:35:45,337 INFO [RocksDB]EVENT_LOG_v1 {"time_micros": 1578368145337864, "job": 5, "event": "table_file_deletion", "file_number": 11}
[8277] 01-07 03:35:59,740 INFO [RocksDB][db/db_impl_write.cc:1373] [0] New memtable created with log file: #31. Immutable memtables: 1.

[8277] 01-07 03:35:59,740 INFO [RocksDB][db/db_impl_compaction_flush.cc:80] [JOB 8] Syncing log #26
[8277] 01-07 03:36:00,332 INFO [RocksDB][db/db_impl_compaction_flush.cc:80] [JOB 8] Syncing log #30
[8277] 01-07 03:36:01,919 INFO [RocksDB](Original Log Time 2020/01/07-03:35:59.740129) [db/db_impl_compaction_flush.cc:1424] Calling FlushMemTableToOutputFile with column family [0], flush slots available 4, compaction slots available 1, flush slots scheduled 1, compaction slots scheduled 0
[8277] 01-07 03:36:01,919 INFO [RocksDB][db/flush_job.cc:301] [0] [JOB 8] Flushing memtable with next log file: 30

[8277] 01-07 03:36:01,919 INFO [RocksDB][db/flush_job.cc:301] [0] [JOB 8] Flushing memtable with next log file: 31

[8277] 01-07 03:36:01,919 INFO [RocksDB]EVENT_LOG_v1 {"time_micros": 1578368161919313, "job": 8, "event": "flush_started", "num_memtables": 2, "num_entries": 3575671, "num_deletes": 0, "memory_usage": 520101024, "flush_reason": "Write Buffer Full"}
[8277] 01-07 03:36:01,919 INFO [RocksDB][db/flush_job.cc:331] [0] [JOB 8] Level-0 flush table #32: started
[8277] 01-07 03:36:08,662 INFO [RocksDB]EVENT_LOG_v1 {"time_micros": 1578368168662637, "cf_name": "0", "job": 8, "event": "table_file_creation", "file_number": 32, "file_size": 347644607, "table_properties": {"data_size": 337765799, "index_size": 4536456, "filter_size": 5341309, "raw_key_size": 140711728, "raw_average_key_size": 42, "raw_value_size": 270600158, "raw_average_value_size": 81, "num_data_blocks": 84155, "num_entries": 3320263, "filter_policy_name": "rocksdb.BuiltinBloomFilter", "kDeletedKeys": "0", "kMergeOperands": "0"}}
[8277] 01-07 03:36:08,662 INFO [RocksDB][db/flush_job.cc:371] [0] [JOB 8] Level-0 flush table #32: 347644607 bytes OK
[8277] 01-07 03:36:08,665 INFO [RocksDB](Original Log Time 2020/01/07-03:36:08.663812) [db/memtable_list.cc:377] [0] Level-0 commit table #32 started
[8277] 01-07 03:36:08,665 INFO [RocksDB](Original Log Time 2020/01/07-03:36:08.665569) [db/memtable_list.cc:409] [0] Level-0 commit table #32: memtable #1 done
[8277] 01-07 03:36:08,665 INFO [RocksDB](Original Log Time 2020/01/07-03:36:08.665570) [db/memtable_list.cc:409] [0] Level-0 commit table #32: memtable #2 done
[8277] 01-07 03:36:08,665 INFO [RocksDB](Original Log Time 2020/01/07-03:36:08.665582) EVENT_LOG_v1 {"time_micros": 1578368168665576, "job": 8, "event": "flush_finished", "output_compression": "NoCompression", "lsm_state": [2, 8, 2, 0, 0, 0, 0], "immutable_memtables": 0}
[8277] 01-07 03:36:08,665 INFO [RocksDB](Original Log Time 2020/01/07-03:36:08.665616) [db/db_impl_compaction_flush.cc:177] [0] Level summary: base level 1 max bytes base 536870912 files[2 8 2 0 0 0 0] max score 1.30

[8277] 01-07 03:36:08,665 INFO [RocksDB][db/db_impl_files.cc:342] [JOB 8] Try to delete WAL files size 422293406, prev total WAL file size 437968768, number of live WAL files 3.

[8277] 01-07 03:36:08,665 INFO [RocksDB][db/compaction_job.cc:1531] [0] [JOB 9] Compacting 2@0 + 8@1 files to L1, score 1.30
[8277] 01-07 03:36:08,665 INFO [RocksDB][db/compaction_job.cc:1535] [0] Compaction start summary: Base version 9 Base level 0, inputs: [32(331MB) 27(331MB)], [16(65MB) 18(65MB) 19(65MB) 21(65MB) 22(65MB) 23(65MB) 24(65MB) 25(29MB)]

[8277] 01-07 03:36:08,665 INFO [RocksDB]EVENT_LOG_v1 {"time_micros": 1578368168665839, "job": 9, "event": "compaction_started", "compaction_reason": "LevelL0FilesNum", "files_L0": [32, 27], "files_L1": [16, 18, 19, 21, 22, 23, 24, 25], "score": 1.29511, "input_data_size": 1209308807}
[8277] 01-07 03:36:10,125 INFO [RocksDB][db/compaction_job.cc:1211] [0] [JOB 9] Generated table #33: 1224929 keys, 69820930 bytes
[8277] 01-07 03:36:10,125 INFO [RocksDB]EVENT_LOG_v1 {"time_micros": 1578368170125864, "cf_name": "0", "job": 9, "event": "table_file_creation", "file_number": 33, "file_size": 69820930, "table_properties": {"data_size": 67109226, "index_size": 981788, "filter_size": 1728885, "raw_key_size": 58560074, "raw_average_key_size": 47, "raw_value_size": 26721599, "raw_average_value_size": 21, "num_data_blocks": 16591, "num_entries": 1224929, "filter_policy_name": "rocksdb.BuiltinBloomFilter", "kDeletedKeys": "0", "kMergeOperands": "0"}}
[8277] 01-07 03:36:11,434 INFO [RocksDB][db/compaction_job.cc:1211] [0] [JOB 9] Generated table #34: 597592 keys, 68987447 bytes
[8277] 01-07 03:36:11,434 INFO [RocksDB]EVENT_LOG_v1 {"time_micros": 1578368171434443, "cf_name": "0", "job": 9, "event": "table_file_creation", "file_number": 34, "file_size": 68987447, "table_properties": {"data_size": 67109604, "index_size": 888809, "filter_size": 988003, "raw_key_size": 24598960, "raw_average_key_size": 41, "raw_value_size": 56771294, "raw_average_value_size": 95, "num_data_blocks": 16742, "num_entries": 597592, "filter_policy_name": "rocksdb.BuiltinBloomFilter", "kDeletedKeys": "0", "kMergeOperands": "0"}}
[8277] 01-07 03:36:12,744 INFO [RocksDB][db/compaction_job.cc:1211] [0] [JOB 9] Generated table #35: 597594 keys, 68987405 bytes
[8277] 01-07 03:36:12,744 INFO [RocksDB]EVENT_LOG_v1 {"time_micros": 1578368172744354, "cf_name": "0", "job": 9, "event": "table_file_creation", "file_number": 35, "file_size": 68987405, "table_properties": {"data_size": 67109390, "index_size": 888969, "filter_size": 988015, "raw_key_size": 24598325, "raw_average_key_size": 41, "raw_value_size": 56771403, "raw_average_value_size": 94, "num_data_blocks": 16743, "num_entries": 597594, "filter_policy_name": "rocksdb.BuiltinBloomFilter", "kDeletedKeys": "0", "kMergeOperands": "0"}}
[8277] 01-07 03:36:14,073 INFO [RocksDB][db/compaction_job.cc:1211] [0] [JOB 9] Generated table #36: 597585 keys, 68987963 bytes
[8277] 01-07 03:36:14,073 INFO [RocksDB]EVENT_LOG_v1 {"time_micros": 1578368174073122, "cf_name": "0", "job": 9, "event": "table_file_creation", "file_number": 36, "file_size": 68987963, "table_properties": {"data_size": 67109929, "index_size": 888999, "filter_size": 988004, "raw_key_size": 24596528, "raw_average_key_size": 41, "raw_value_size": 56770566, "raw_average_value_size": 94, "num_data_blocks": 16743, "num_entries": 597585, "filter_policy_name": "rocksdb.BuiltinBloomFilter", "kDeletedKeys": "0", "kMergeOperands": "0"}}
[8277] 01-07 03:36:15,424 INFO [RocksDB][db/compaction_job.cc:1211] [0] [JOB 9] Generated table #37: 597623 keys, 68990546 bytes
[8277] 01-07 03:36:15,424 INFO [RocksDB]EVENT_LOG_v1 {"time_micros": 1578368175424353, "cf_name": "0", "job": 9, "event": "table_file_creation", "file_number": 37, "file_size": 68990546, "table_properties": {"data_size": 67112399, "index_size": 889055, "filter_size": 988061, "raw_key_size": 24600667, "raw_average_key_size": 41, "raw_value_size": 56774221, "raw_average_value_size": 95, "num_data_blocks": 16744, "num_entries": 597623, "filter_policy_name": "rocksdb.BuiltinBloomFilter", "kDeletedKeys": "0", "kMergeOperands": "0"}}
[8277] 01-07 03:36:16,725 INFO [RocksDB][db/compaction_job.cc:1211] [0] [JOB 9] Generated table #38: 597630 keys, 68990195 bytes
[8277] 01-07 03:36:16,725 INFO [RocksDB]EVENT_LOG_v1 {"time_micros": 1578368176725673, "cf_name": "0", "job": 9, "event": "table_file_creation", "file_number": 38, "file_size": 68990195, "table_properties": {"data_size": 67112576, "index_size": 888527, "filter_size": 988061, "raw_key_size": 24597488, "raw_average_key_size": 41, "raw_value_size": 56774850, "raw_average_value_size": 95, "num_data_blocks": 16743, "num_entries": 597630, "filter_policy_name": "rocksdb.BuiltinBloomFilter", "kDeletedKeys": "0", "kMergeOperands": "0"}}
[8277] 01-07 03:36:18,029 INFO [RocksDB][db/compaction_job.cc:1211] [0] [JOB 9] Generated table #39: 597608 keys, 68987543 bytes
[8277] 01-07 03:36:18,029 INFO [RocksDB]EVENT_LOG_v1 {"time_micros": 1578368178029846, "cf_name": "0", "job": 9, "event": "table_file_creation", "file_number": 39, "file_size": 68987543, "table_properties": {"data_size": 67109775, "index_size": 888715, "filter_size": 988022, "raw_key_size": 24599024, "raw_average_key_size": 41, "raw_value_size": 56772760, "raw_average_value_size": 95, "num_data_blocks": 16742, "num_entries": 597608, "filter_policy_name": "rocksdb.BuiltinBloomFilter", "kDeletedKeys": "0", "kMergeOperands": "0"}}
[8277] 01-07 03:36:19,329 INFO [RocksDB][db/compaction_job.cc:1211] [0] [JOB 9] Generated table #40: 597516 keys, 68989125 bytes
[8277] 01-07 03:36:19,329 INFO [RocksDB]EVENT_LOG_v1 {"time_micros": 1578368179329791, "cf_name": "0", "job": 9, "event": "table_file_creation", "file_number": 40, "file_size": 68989125, "table_properties": {"data_size": 67111533, "index_size": 888661, "filter_size": 987900, "raw_key_size": 24592822, "raw_average_key_size": 41, "raw_value_size": 56763984, "raw_average_value_size": 94, "num_data_blocks": 16740, "num_entries": 597516, "filter_policy_name": "rocksdb.BuiltinBloomFilter", "kDeletedKeys": "0", "kMergeOperands": "0"}}
[8277] 01-07 03:36:20,639 INFO [RocksDB][db/compaction_job.cc:1211] [0] [JOB 9] Generated table #41: 597539 keys, 68988541 bytes
[8277] 01-07 03:36:20,639 INFO [RocksDB]EVENT_LOG_v1 {"time_micros": 1578368180639258, "cf_name": "0", "job": 9, "event": "table_file_creation", "file_number": 41, "file_size": 68988541, "table_properties": {"data_size": 67110389, "index_size": 889169, "filter_size": 987952, "raw_key_size": 24595974, "raw_average_key_size": 41, "raw_value_size": 56766178, "raw_average_value_size": 94, "num_data_blocks": 16743, "num_entries": 597539, "filter_policy_name": "rocksdb.BuiltinBloomFilter", "kDeletedKeys": "0", "kMergeOperands": "0"}}
[8277] 01-07 03:36:21,947 INFO [RocksDB][db/compaction_job.cc:1211] [0] [JOB 9] Generated table #42: 597619 keys, 68988748 bytes
[8277] 01-07 03:36:21,947 INFO [RocksDB]EVENT_LOG_v1 {"time_micros": 1578368181947784, "cf_name": "0", "job": 9, "event": "table_file_creation", "file_number": 42, "file_size": 68988748, "table_properties": {"data_size": 67111179, "index_size": 888499, "filter_size": 988039, "raw_key_size": 24597648, "raw_average_key_size": 41, "raw_value_size": 56773805, "raw_average_value_size": 95, "num_data_blocks": 16742, "num_entries": 597619, "filter_policy_name": "rocksdb.BuiltinBloomFilter", "kDeletedKeys": "0", "kMergeOperands": "0"}}
[8277] 01-07 03:36:23,327 INFO [RocksDB][db/compaction_job.cc:1211] [0] [JOB 9] Generated table #43: 597589 keys, 68987467 bytes
[8277] 01-07 03:36:23,327 INFO [RocksDB]EVENT_LOG_v1 {"time_micros": 1578368183327365, "cf_name": "0", "job": 9, "event": "table_file_creation", "file_number": 43, "file_size": 68987467, "table_properties": {"data_size": 67109544, "index_size": 888893, "filter_size": 987999, "raw_key_size": 24597857, "raw_average_key_size": 41, "raw_value_size": 56770982, "raw_average_value_size": 95, "num_data_blocks": 16742, "num_entries": 597589, "filter_policy_name": "rocksdb.BuiltinBloomFilter", "kDeletedKeys": "0", "kMergeOperands": "0"}}
[8277] 01-07 03:36:24,630 INFO [RocksDB][db/compaction_job.cc:1211] [0] [JOB 9] Generated table #44: 597619 keys, 68989124 bytes
[8277] 01-07 03:36:24,630 INFO [RocksDB]EVENT_LOG_v1 {"time_micros": 1578368184630229, "cf_name": "0", "job": 9, "event": "table_file_creation", "file_number": 44, "file_size": 68989124, "table_properties": {"data_size": 67111096, "index_size": 888949, "filter_size": 988048, "raw_key_size": 24600081, "raw_average_key_size": 41, "raw_value_size": 56773805, "raw_average_value_size": 95, "num_data_blocks": 16743, "num_entries": 597619, "filter_policy_name": "rocksdb.BuiltinBloomFilter", "kDeletedKeys": "0", "kMergeOperands": "0"}}
[8277] 01-07 03:36:25,931 INFO [RocksDB][db/compaction_job.cc:1211] [0] [JOB 9] Generated table #45: 597624 keys, 68990859 bytes
[8277] 01-07 03:36:25,931 INFO [RocksDB]EVENT_LOG_v1 {"time_micros": 1578368185931243, "cf_name": "0", "job": 9, "event": "table_file_creation", "file_number": 45, "file_size": 68990859, "table_properties": {"data_size": 67112946, "index_size": 888829, "filter_size": 988053, "raw_key_size": 24598938, "raw_average_key_size": 41, "raw_value_size": 56774325, "raw_average_value_size": 95, "num_data_blocks": 16743, "num_entries": 597624, "filter_policy_name": "rocksdb.BuiltinBloomFilter", "kDeletedKeys": "0", "kMergeOperands": "0"}}
[8277] 01-07 03:36:27,233 INFO [RocksDB][db/compaction_job.cc:1211] [0] [JOB 9] Generated table #46: 597603 keys, 68987572 bytes
[8277] 01-07 03:36:27,233 INFO [RocksDB]EVENT_LOG_v1 {"time_micros": 1578368187233966, "cf_name": "0", "job": 9, "event": "table_file_creation", "file_number": 46, "file_size": 68987572, "table_properties": {"data_size": 67109367, "index_size": 889157, "filter_size": 988017, "raw_key_size": 24601056, "raw_average_key_size": 41, "raw_value_size": 56772240, "raw_average_value_size": 94, "num_data_blocks": 16742, "num_entries": 597603, "filter_policy_name": "rocksdb.BuiltinBloomFilter", "kDeletedKeys": "0", "kMergeOperands": "0"}}
[8277] 01-07 03:36:28,544 INFO [RocksDB][db/compaction_job.cc:1211] [0] [JOB 9] Generated table #47: 597598 keys, 68987967 bytes
[8277] 01-07 03:36:28,544 INFO [RocksDB]EVENT_LOG_v1 {"time_micros": 1578368188544548, "cf_name": "0", "job": 9, "event": "table_file_creation", "file_number": 47, "file_size": 68987967, "table_properties": {"data_size": 67110196, "index_size": 888739, "filter_size": 988001, "raw_key_size": 24597378, "raw_average_key_size": 41, "raw_value_size": 56771819, "raw_average_value_size": 95, "num_data_blocks": 16741, "num_entries": 597598, "filter_policy_name": "rocksdb.BuiltinBloomFilter", "kDeletedKeys": "0", "kMergeOperands": "0"}}
[8277] 01-07 03:36:29,850 INFO [RocksDB][db/compaction_job.cc:1211] [0] [JOB 9] Generated table #48: 597634 keys, 68988222 bytes
[8277] 01-07 03:36:29,850 INFO [RocksDB]EVENT_LOG_v1 {"time_micros": 1578368189850190, "cf_name": "0", "job": 9, "event": "table_file_creation", "file_number": 48, "file_size": 68988222, "table_properties": {"data_size": 67110357, "index_size": 888773, "filter_size": 988061, "raw_key_size": 24602001, "raw_average_key_size": 41, "raw_value_size": 56775266, "raw_average_value_size": 95, "num_data_blocks": 16743, "num_entries": 597634, "filter_policy_name": "rocksdb.BuiltinBloomFilter", "kDeletedKeys": "0", "kMergeOperands": "0"}}
[8277] 01-07 03:36:31,232 INFO [RocksDB][db/compaction_job.cc:1211] [0] [JOB 9] Generated table #49: 597633 keys, 68988309 bytes
[8277] 01-07 03:36:31,232 INFO [RocksDB]EVENT_LOG_v1 {"time_micros": 1578368191232682, "cf_name": "0", "job": 9, "event": "table_file_creation", "file_number": 49, "file_size": 68988309, "table_properties": {"data_size": 67110722, "index_size": 888512, "filter_size": 988044, "raw_key_size": 24601027, "raw_average_key_size": 41, "raw_value_size": 56775063, "raw_average_value_size": 94, "num_data_blocks": 16741, "num_entries": 597633, "filter_policy_name": "rocksdb.BuiltinBloomFilter", "kDeletedKeys": "0", "kMergeOperands": "0"}}
[8277] 01-07 03:36:31,847 INFO [RocksDB][db/compaction_job.cc:1211] [0] [JOB 9] Generated table #50: 305776 keys, 35293523 bytes
[8277] 01-07 03:36:31,847 INFO [RocksDB]EVENT_LOG_v1 {"time_micros": 1578368191847845, "cf_name": "0", "job": 9, "event": "table_file_creation", "file_number": 50, "file_size": 35293523, "table_properties": {"data_size": 34334238, "index_size": 452789, "filter_size": 505466, "raw_key_size": 12484762, "raw_average_key_size": 40, "raw_value_size": 29048801, "raw_average_value_size": 95, "num_data_blocks": 8562, "num_entries": 305776, "filter_policy_name": "rocksdb.BuiltinBloomFilter", "kDeletedKeys": "0", "kMergeOperands": "0"}}
[8277] 01-07 03:36:31,849 INFO [RocksDB][db/compaction_job.cc:1287] [0] [JOB 9] Compacted 2@0 + 8@1 files to L1 => 1208931486 bytes
[8277] 01-07 03:36:31,850 INFO [RocksDB](Original Log Time 2020/01/07-03:36:31.850910) [db/compaction_job.cc:685] [0] compacted to: base level 1 max bytes base 536870912 files[0 18 2 0 0 0 0] max score 2.25, MB/sec: 52.2 rd, 52.1 wr, level 1, files in(2, 8) out(18) MB in(663.1, 490.2) out(1152.9), read-write-amplify(3.5) write-amplify(1.7) OK, records in: 11092312, records dropped: 1 output_compression: NoCompression

[8277] 01-07 03:36:31,850 INFO [RocksDB](Original Log Time 2020/01/07-03:36:31.850924) EVENT_LOG_v1 {"time_micros": 1578368191850917, "job": 9, "event": "compaction_finished", "compaction_time_micros": 23183289, "output_level": 1, "num_output_files": 18, "total_output_size": 1208931486, "num_input_records": 11092312, "num_output_records": 11092311, "num_subcompactions": 1, "output_compression": "NoCompression", "num_single_delete_mismatches": 0, "num_single_delete_fallthrough": 0, "lsm_state": [0, 18, 2, 0, 0, 0, 0]}
[8277] 01-07 03:36:31,851 INFO [RocksDB][db/compaction_picker.cc:485] [0] Expanding@1 1+1(69820930+54540770 bytes) to 2+1 (138808377+54540770 bytes)

[8277] 01-07 03:36:31,851 INFO [RocksDB][db/compaction_job.cc:1531] [0] [JOB 10] Compacting 2@1 + 1@2 files to L2, score 2.25
[8277] 01-07 03:36:31,851 INFO [RocksDB][db/compaction_job.cc:1535] [0] Compaction start summary: Base version 10 Base level 1, inputs: [33(66MB) 34(65MB)], [28(52MB)]

[8277] 01-07 03:36:31,851 INFO [RocksDB]EVENT_LOG_v1 {"time_micros": 1578368191851035, "job": 10, "event": "compaction_started", "compaction_reason": "LevelMaxLevelSize", "files_L1": [33, 34], "files_L2": [28], "score": 2.25181, "input_data_size": 193349147}
[8277] 01-07 03:36:31,887 INFO [RocksDB]EVENT_LOG_v1 {"time_micros": 1578368191887354, "job": 0, "event": "table_file_deletion", "file_number": 32}
[8277] 01-07 03:36:31,921 INFO [RocksDB]EVENT_LOG_v1 {"time_micros": 1578368191921011, "job": 0, "event": "table_file_deletion", "file_number": 27}
[8277] 01-07 03:36:31,924 INFO [RocksDB]EVENT_LOG_v1 {"time_micros": 1578368191924010, "job": 0, "event": "table_file_deletion", "file_number": 25}
[8277] 01-07 03:36:31,930 INFO [RocksDB]EVENT_LOG_v1 {"time_micros": 1578368191930602, "job": 0, "event": "table_file_deletion", "file_number": 24}
[8277] 01-07 03:36:31,937 INFO [RocksDB]EVENT_LOG_v1 {"time_micros": 1578368191937126, "job": 0, "event": "table_file_deletion", "file_number": 23}
[8277] 01-07 03:36:31,943 INFO [RocksDB]EVENT_LOG_v1 {"time_micros": 1578368191943595, "job": 0, "event": "table_file_deletion", "file_number": 22}
[8277] 01-07 03:36:31,950 INFO [RocksDB]EVENT_LOG_v1 {"time_micros": 1578368191950019, "job": 0, "event": "table_file_deletion", "file_number": 21}
[8277] 01-07 03:36:31,956 INFO [RocksDB]EVENT_LOG_v1 {"time_micros": 1578368191956920, "job": 0, "event": "table_file_deletion", "file_number": 19}
[8277] 01-07 03:36:31,963 INFO [RocksDB]EVENT_LOG_v1 {"time_micros": 1578368191963640, "job": 0, "event": "table_file_deletion", "file_number": 18}
[8277] 01-07 03:36:31,970 INFO [RocksDB]EVENT_LOG_v1 {"time_micros": 1578368191970241, "job": 0, "event": "table_file_deletion", "file_number": 16}
[8277] 01-07 03:36:35,212 INFO [RocksDB][db/compaction_job.cc:1211] [0] [JOB 10] Generated table #51: 2088791 keys, 70725765 bytes
[8277] 01-07 03:36:35,212 INFO [RocksDB]EVENT_LOG_v1 {"time_micros": 1578368195212548, "cf_name": "0", "job": 10, "event": "table_file_creation", "file_number": 51, "file_size": 70725765, "table_properties": {"data_size": 67110728, "index_size": 1474106, "filter_size": 2818821, "raw_key_size": 101762615, "raw_average_key_size": 48, "raw_value_size": 24599091, "raw_average_value_size": 11, "num_data_blocks": 24081, "num_entries": 2088791, "filter_policy_name": "rocksdb.BuiltinBloomFilter", "kDeletedKeys": "0", "kMergeOperands": "0"}}
[8277] 01-07 03:36:36,506 INFO [RocksDB][db/compaction_job.cc:1211] [0] [JOB 10] Generated table #52: 597605 keys, 68583439 bytes
[8277] 01-07 03:36:36,506 INFO [RocksDB]EVENT_LOG_v1 {"time_micros": 1578368196506112, "cf_name": "0", "job": 10, "event": "table_file_creation", "file_number": 52, "file_size": 68583439, "table_properties": {"data_size": 67110995, "index_size": 889009, "filter_size": 988035, "raw_key_size": 24599322, "raw_average_key_size": 41, "raw_value_size": 56772547, "raw_average_value_size": 95, "num_data_blocks": 16744, "num_entries": 597605, "filter_policy_name": "rocksdb.BuiltinBloomFilter", "kDeletedKeys": "0", "kMergeOperands": "0"}}
