[7655] 01-07 03:31:33,558 INFO [RocksDB]RocksDB version: 5.14.2

[7655] 01-07 03:31:33,564 INFO [RocksDB]Git sha rocksdb_build_git_sha:9f703a6b9c3430e30aba2286240e44570994efe6
[7655] 01-07 03:31:33,564 INFO [RocksDB]Compile date Jan  7 2020
[7655] 01-07 03:31:33,564 INFO [RocksDB]DB SUMMARY

[7655] 01-07 03:31:33,564 INFO [RocksDB]SST files in /home/ubuntu/ardb/data/rocksdb dir, Total Num: 0, files: 

[7655] 01-07 03:31:33,564 INFO [RocksDB]Write Ahead Log file in /home/ubuntu/ardb/data/rocksdb: 

[7655] 01-07 03:31:33,564 INFO [RocksDB]                        Options.error_if_exists: 0
[7655] 01-07 03:31:33,564 INFO [RocksDB]                      Options.create_if_missing: 1
[7655] 01-07 03:31:33,564 INFO [RocksDB]                        Options.paranoid_checks: 1
[7655] 01-07 03:31:33,564 INFO [RocksDB]                                    Options.env: 0xbfa6c0
[7655] 01-07 03:31:33,564 INFO [RocksDB]                               Options.info_log: 0x7f53a203f8a0
[7655] 01-07 03:31:33,564 INFO [RocksDB]               Options.max_file_opening_threads: 16
[7655] 01-07 03:31:33,564 INFO [RocksDB]                             Options.statistics: (nil)
[7655] 01-07 03:31:33,564 INFO [RocksDB]                              Options.use_fsync: 0
[7655] 01-07 03:31:33,564 INFO [RocksDB]                      Options.max_log_file_size: 0
[7655] 01-07 03:31:33,564 INFO [RocksDB]                 Options.max_manifest_file_size: 18446744073709551615
[7655] 01-07 03:31:33,564 INFO [RocksDB]                  Options.log_file_time_to_roll: 0
[7655] 01-07 03:31:33,564 INFO [RocksDB]                      Options.keep_log_file_num: 1000
[7655] 01-07 03:31:33,564 INFO [RocksDB]                   Options.recycle_log_file_num: 0
[7655] 01-07 03:31:33,564 INFO [RocksDB]                        Options.allow_fallocate: 1
[7655] 01-07 03:31:33,564 INFO [RocksDB]                       Options.allow_mmap_reads: 0
[7655] 01-07 03:31:33,564 INFO [RocksDB]                      Options.allow_mmap_writes: 0
[7655] 01-07 03:31:33,564 INFO [RocksDB]                       Options.use_direct_reads: 0
[7655] 01-07 03:31:33,564 INFO [RocksDB]                       Options.use_direct_io_for_flush_and_compaction: 0
[7655] 01-07 03:31:33,564 INFO [RocksDB]         Options.create_missing_column_families: 0
[7655] 01-07 03:31:33,564 INFO [RocksDB]                             Options.db_log_dir: 
[7655] 01-07 03:31:33,564 INFO [RocksDB]                                Options.wal_dir: /home/ubuntu/ardb/data/rocksdb
[7655] 01-07 03:31:33,564 INFO [RocksDB]               Options.table_cache_numshardbits: 6
[7655] 01-07 03:31:33,564 INFO [RocksDB]                     Options.max_subcompactions: 1
[7655] 01-07 03:31:33,564 INFO [RocksDB]                 Options.max_background_flushes: -1
[7655] 01-07 03:31:33,564 INFO [RocksDB]                        Options.WAL_ttl_seconds: 0
[7655] 01-07 03:31:33,564 INFO [RocksDB]                      Options.WAL_size_limit_MB: 0
[7655] 01-07 03:31:33,564 INFO [RocksDB]            Options.manifest_preallocation_size: 4194304
[7655] 01-07 03:31:33,564 INFO [RocksDB]                    Options.is_fd_close_on_exec: 1
[7655] 01-07 03:31:33,564 INFO [RocksDB]                  Options.advise_random_on_open: 1
[7655] 01-07 03:31:33,564 INFO [RocksDB]                   Options.db_write_buffer_size: 0
[7655] 01-07 03:31:33,564 INFO [RocksDB]                   Options.write_buffer_manager: 0x7f53a27fa7d0
[7655] 01-07 03:31:33,564 INFO [RocksDB]        Options.access_hint_on_compaction_start: 1
[7655] 01-07 03:31:33,564 INFO [RocksDB] Options.new_table_reader_for_compaction_inputs: 0
[7655] 01-07 03:31:33,564 INFO [RocksDB]          Options.random_access_max_buffer_size: 1048576
[7655] 01-07 03:31:33,564 INFO [RocksDB]                     Options.use_adaptive_mutex: 1
[7655] 01-07 03:31:33,564 INFO [RocksDB]                           Options.rate_limiter: 0x7f53a2038540
[7655] 01-07 03:31:33,564 INFO [RocksDB]    Options.sst_file_manager.rate_bytes_per_sec: 0
[7655] 01-07 03:31:33,564 INFO [RocksDB]                      Options.wal_recovery_mode: 2
[7655] 01-07 03:31:33,564 INFO [RocksDB]                 Options.enable_thread_tracking: 0
[7655] 01-07 03:31:33,564 INFO [RocksDB]                 Options.enable_pipelined_write: 1
[7655] 01-07 03:31:33,564 INFO [RocksDB]        Options.allow_concurrent_memtable_write: 1
[7655] 01-07 03:31:33,564 INFO [RocksDB]     Options.enable_write_thread_adaptive_yield: 1
[7655] 01-07 03:31:33,564 INFO [RocksDB]            Options.write_thread_max_yield_usec: 100
[7655] 01-07 03:31:33,564 INFO [RocksDB]           Options.write_thread_slow_yield_usec: 3
[7655] 01-07 03:31:33,564 INFO [RocksDB]                              Options.row_cache: None
[7655] 01-07 03:31:33,564 INFO [RocksDB]                             Options.wal_filter: None
[7655] 01-07 03:31:33,564 INFO [RocksDB]            Options.avoid_flush_during_recovery: 0
[7655] 01-07 03:31:33,564 INFO [RocksDB]            Options.allow_ingest_behind: 0
[7655] 01-07 03:31:33,564 INFO [RocksDB]            Options.preserve_deletes: 0
[7655] 01-07 03:31:33,564 INFO [RocksDB]            Options.two_write_queues: 0
[7655] 01-07 03:31:33,564 INFO [RocksDB]            Options.manual_wal_flush: 0
[7655] 01-07 03:31:33,564 INFO [RocksDB]            Options.max_background_jobs: 16
[7655] 01-07 03:31:33,564 INFO [RocksDB]            Options.max_background_compactions: -1
[7655] 01-07 03:31:33,564 INFO [RocksDB]            Options.avoid_flush_during_shutdown: 0
[7655] 01-07 03:31:33,564 INFO [RocksDB]          Options.writable_file_max_buffer_size: 1048576
[7655] 01-07 03:31:33,564 INFO [RocksDB]            Options.delayed_write_rate : 52428800
[7655] 01-07 03:31:33,564 INFO [RocksDB]            Options.max_total_wal_size: 0
[7655] 01-07 03:31:33,564 INFO [RocksDB]            Options.delete_obsolete_files_period_micros: 21600000000
[7655] 01-07 03:31:33,564 INFO [RocksDB]                  Options.stats_dump_period_sec: 100000
[7655] 01-07 03:31:33,564 INFO [RocksDB]                         Options.max_open_files: 1024
[7655] 01-07 03:31:33,564 INFO [RocksDB]                         Options.bytes_per_sync: 1048576
[7655] 01-07 03:31:33,564 INFO [RocksDB]                     Options.wal_bytes_per_sync: 0
[7655] 01-07 03:31:33,564 INFO [RocksDB]      Options.compaction_readahead_size: 0
[7655] 01-07 03:31:33,564 INFO [RocksDB]Compression algorithms supported:
[7655] 01-07 03:31:33,564 INFO [RocksDB]	kZSTDNotFinalCompression supported: 0
[7655] 01-07 03:31:33,564 INFO [RocksDB]	kZSTD supported: 0
[7655] 01-07 03:31:33,564 INFO [RocksDB]	kXpressCompression supported: 0
[7655] 01-07 03:31:33,564 INFO [RocksDB]	kLZ4HCCompression supported: 0
[7655] 01-07 03:31:33,564 INFO [RocksDB]	kLZ4Compression supported: 0
[7655] 01-07 03:31:33,564 INFO [RocksDB]	kBZip2Compression supported: 0
[7655] 01-07 03:31:33,564 INFO [RocksDB]	kZlibCompression supported: 1
[7655] 01-07 03:31:33,564 INFO [RocksDB]	kSnappyCompression supported: 1
[7655] 01-07 03:31:33,564 INFO [RocksDB]Fast CRC32 supported: Supported on x86
[7655] 01-07 03:31:33,564 INFO [RocksDB][db/db_impl_open.cc:222] Creating manifest 1 

[7655] 01-07 03:31:33,571 INFO [RocksDB][db/version_set.cc:3085] Recovering from manifest file: MANIFEST-000001

[7655] 01-07 03:31:33,571 INFO [RocksDB][db/column_family.cc:475] --------------- Options for column family [default]:

[7655] 01-07 03:31:33,571 INFO [RocksDB]              Options.comparator: ardb.comparator
[7655] 01-07 03:31:33,571 INFO [RocksDB]          Options.merge_operator: ardb.merger
[7655] 01-07 03:31:33,571 INFO [RocksDB]       Options.compaction_filter: None
[7655] 01-07 03:31:33,571 INFO [RocksDB]       Options.compaction_filter_factory: ardb.compact_filter_factory
[7655] 01-07 03:31:33,571 INFO [RocksDB]        Options.memtable_factory: SkipListFactory
[7655] 01-07 03:31:33,571 INFO [RocksDB]           Options.table_factory: BlockBasedTable
[7655] 01-07 03:31:33,571 INFO [RocksDB]           table_factory options:   flush_block_policy_factory: FlushBlockBySizePolicyFactory (0x7f53a2608018)
  cache_index_and_filter_blocks: 0
  cache_index_and_filter_blocks_with_high_priority: 0
  pin_l0_filter_and_index_blocks_in_cache: 0
  index_type: 0
  hash_index_allow_collision: 1
  checksum: 1
  no_block_cache: 0
  block_cache: 0x7f53a2681cf0
  block_cache_name: LRUCache
  block_cache_options:
    capacity : 536870912
    num_shard_bits : 6
    strict_capacity_limit : 0
    high_pri_pool_ratio: 0.000
  block_cache_compressed: (nil)
  persistent_cache: (nil)
  block_size: 4096
  block_size_deviation: 10
  block_restart_interval: 16
  index_block_restart_interval: 1
  metadata_block_size: 4096
  partition_filters: 0
  use_delta_encoding: 1
  filter_policy: rocksdb.BuiltinBloomFilter
  whole_key_filtering: 1
  verify_compression: 0
  read_amp_bytes_per_bit: 0
  format_version: 2
  enable_index_compression: 1
  block_align: 0

[7655] 01-07 03:31:33,571 INFO [RocksDB]       Options.write_buffer_size: 268435456
[7655] 01-07 03:31:33,571 INFO [RocksDB] Options.max_write_buffer_number: 6
[7655] 01-07 03:31:33,571 INFO [RocksDB]       Options.compression[0]: NoCompression
[7655] 01-07 03:31:33,571 INFO [RocksDB]       Options.compression[1]: NoCompression
[7655] 01-07 03:31:33,571 INFO [RocksDB]       Options.compression[2]: Snappy
[7655] 01-07 03:31:33,571 INFO [RocksDB]       Options.compression[3]: Snappy
[7655] 01-07 03:31:33,571 INFO [RocksDB]       Options.compression[4]: Snappy
[7655] 01-07 03:31:33,571 INFO [RocksDB]       Options.compression[5]: Snappy
[7655] 01-07 03:31:33,571 INFO [RocksDB]       Options.compression[6]: Snappy
[7655] 01-07 03:31:33,571 INFO [RocksDB]                 Options.bottommost_compression: Disabled
[7655] 01-07 03:31:33,571 INFO [RocksDB]      Options.prefix_extractor: ardb.prefix_extractor
[7655] 01-07 03:31:33,571 INFO [RocksDB]  Options.memtable_insert_with_hint_prefix_extractor: nullptr
[7655] 01-07 03:31:33,571 INFO [RocksDB]            Options.num_levels: 7
[7655] 01-07 03:31:33,571 INFO [RocksDB]       Options.min_write_buffer_number_to_merge: 2
[7655] 01-07 03:31:33,571 INFO [RocksDB]    Options.max_write_buffer_number_to_maintain: 0
[7655] 01-07 03:31:33,571 INFO [RocksDB]           Options.compression_opts.window_bits: -14
[7655] 01-07 03:31:33,571 INFO [RocksDB]                 Options.compression_opts.level: -1
[7655] 01-07 03:31:33,571 INFO [RocksDB]              Options.compression_opts.strategy: 0
[7655] 01-07 03:31:33,571 INFO [RocksDB]        Options.compression_opts.max_dict_bytes: 0
[7655] 01-07 03:31:33,571 INFO [RocksDB]        Options.compression_opts.zstd_max_train_bytes: 0
[7655] 01-07 03:31:33,571 INFO [RocksDB]     Options.level0_file_num_compaction_trigger: 2
[7655] 01-07 03:31:33,571 INFO [RocksDB]         Options.level0_slowdown_writes_trigger: 20
[7655] 01-07 03:31:33,571 INFO [RocksDB]             Options.level0_stop_writes_trigger: 36
[7655] 01-07 03:31:33,571 INFO [RocksDB]                  Options.target_file_size_base: 67108864
[7655] 01-07 03:31:33,571 INFO [RocksDB]            Options.target_file_size_multiplier: 1
[7655] 01-07 03:31:33,571 INFO [RocksDB]               Options.max_bytes_for_level_base: 536870912
[7655] 01-07 03:31:33,571 INFO [RocksDB]Options.level_compaction_dynamic_level_bytes: 0
[7655] 01-07 03:31:33,571 INFO [RocksDB]         Options.max_bytes_for_level_multiplier: 10.000000
[7655] 01-07 03:31:33,571 INFO [RocksDB]Options.max_bytes_for_level_multiplier_addtl[0]: 1
[7655] 01-07 03:31:33,571 INFO [RocksDB]Options.max_bytes_for_level_multiplier_addtl[1]: 1
[7655] 01-07 03:31:33,572 INFO [RocksDB]Options.max_bytes_for_level_multiplier_addtl[2]: 1
[7655] 01-07 03:31:33,572 INFO [RocksDB]Options.max_bytes_for_level_multiplier_addtl[3]: 1
[7655] 01-07 03:31:33,572 INFO [RocksDB]Options.max_bytes_for_level_multiplier_addtl[4]: 1
[7655] 01-07 03:31:33,572 INFO [RocksDB]Options.max_bytes_for_level_multiplier_addtl[5]: 1
[7655] 01-07 03:31:33,572 INFO [RocksDB]Options.max_bytes_for_level_multiplier_addtl[6]: 1
[7655] 01-07 03:31:33,572 INFO [RocksDB]      Options.max_sequential_skip_in_iterations: 8
[7655] 01-07 03:31:33,572 INFO [RocksDB]                   Options.max_compaction_bytes: 1677721600
[7655] 01-07 03:31:33,572 INFO [RocksDB]                       Options.arena_block_size: 33554432
[7655] 01-07 03:31:33,572 INFO [RocksDB]  Options.soft_pending_compaction_bytes_limit: 68719476736
[7655] 01-07 03:31:33,572 INFO [RocksDB]  Options.hard_pending_compaction_bytes_limit: 274877906944
[7655] 01-07 03:31:33,572 INFO [RocksDB]      Options.rate_limit_delay_max_milliseconds: 100
[7655] 01-07 03:31:33,572 INFO [RocksDB]               Options.disable_auto_compactions: 0
[7655] 01-07 03:31:33,572 INFO [RocksDB]                       Options.compaction_style: kCompactionStyleLevel
[7655] 01-07 03:31:33,572 INFO [RocksDB]                         Options.compaction_pri: kByCompensatedSize
[7655] 01-07 03:31:33,572 INFO [RocksDB]Options.compaction_options_universal.size_ratio: 1
[7655] 01-07 03:31:33,572 INFO [RocksDB]Options.compaction_options_universal.min_merge_width: 2
[7655] 01-07 03:31:33,572 INFO [RocksDB]Options.compaction_options_universal.max_merge_width: 4294967295
[7655] 01-07 03:31:33,572 INFO [RocksDB]Options.compaction_options_universal.max_size_amplification_percent: 200
[7655] 01-07 03:31:33,572 INFO [RocksDB]Options.compaction_options_universal.compression_size_percent: -1
[7655] 01-07 03:31:33,572 INFO [RocksDB]Options.compaction_options_universal.stop_style: kCompactionStopStyleTotalSize
[7655] 01-07 03:31:33,572 INFO [RocksDB]Options.compaction_options_fifo.max_table_files_size: 1073741824
[7655] 01-07 03:31:33,572 INFO [RocksDB]Options.compaction_options_fifo.allow_compaction: 0
[7655] 01-07 03:31:33,572 INFO [RocksDB]Options.compaction_options_fifo.ttl: 0
[7655] 01-07 03:31:33,572 INFO [RocksDB]                  Options.table_properties_collectors: 
[7655] 01-07 03:31:33,572 INFO [RocksDB]                  Options.inplace_update_support: 0
[7655] 01-07 03:31:33,572 INFO [RocksDB]                Options.inplace_update_num_locks: 10000
[7655] 01-07 03:31:33,572 INFO [RocksDB]              Options.memtable_prefix_bloom_size_ratio: 0.000000
[7655] 01-07 03:31:33,572 INFO [RocksDB]  Options.memtable_huge_page_size: 0
[7655] 01-07 03:31:33,572 INFO [RocksDB]                          Options.bloom_locality: 0
[7655] 01-07 03:31:33,572 INFO [RocksDB]                   Options.max_successive_merges: 0
[7655] 01-07 03:31:33,572 INFO [RocksDB]               Options.optimize_filters_for_hits: 0
[7655] 01-07 03:31:33,572 INFO [RocksDB]               Options.paranoid_file_checks: 0
[7655] 01-07 03:31:33,572 INFO [RocksDB]               Options.force_consistency_checks: 0
[7655] 01-07 03:31:33,572 INFO [RocksDB]               Options.report_bg_io_stats: 0
[7655] 01-07 03:31:33,572 INFO [RocksDB]                              Options.ttl: 0
[7655] 01-07 03:31:33,572 INFO [RocksDB][db/version_set.cc:3361] Recovered from manifest file:/home/ubuntu/ardb/data/rocksdb/MANIFEST-000001 succeeded,manifest_file_number is 1, next_file_number is 3, last_sequence is 0, log_number is 0,prev_log_number is 0,max_column_family is 0,min_log_number_to_keep is 0

[7655] 01-07 03:31:33,572 INFO [RocksDB][db/version_set.cc:3369] Column family [default] (ID 0), log number is 0

[7655] 01-07 03:31:33,576 INFO [RocksDB][db/db_impl_open.cc:1219] DB pointer 0x7f53a1fbe000
[7655] 01-07 03:31:33,576 INFO Ardb init engine:rocksdb success.
[7655] 01-07 03:31:33,578 INFO Ardb will accept connections on 0.0.0.0:16379
[7655] 01-07 03:31:33,579 INFO Ardb started with version 0.10.0
[7655] 01-07 03:31:34,579 INFO ========================Period Statistics Dump Begin===========================
[7655] 01-07 03:31:34,579 INFO slave_sync_total_commands_processed:0
[7655] 01-07 03:31:34,579 INFO slave_sync_instantaneous_ops_per_sec:0
[7655] 01-07 03:31:34,579 INFO total_commands_processed:0
[7655] 01-07 03:31:34,579 INFO instantaneous_ops_per_sec:0
[7655] 01-07 03:31:34,579 INFO total_connections_received:0
[7655] 01-07 03:31:34,579 INFO rejected_connections:0
[7655] 01-07 03:31:34,579 INFO ========================Period Statistics Dump End===========================
[7655] 01-07 03:31:46,266 INFO [RocksDB][db/version_set.cc:2847] Creating manifest 6

[7655] 01-07 03:31:46,273 INFO [RocksDB][db/column_family.cc:475] --------------- Options for column family [0]:

[7655] 01-07 03:31:46,273 INFO [RocksDB]              Options.comparator: ardb.comparator
[7655] 01-07 03:31:46,273 INFO [RocksDB]          Options.merge_operator: ardb.merger
[7655] 01-07 03:31:46,273 INFO [RocksDB]       Options.compaction_filter: None
[7655] 01-07 03:31:46,273 INFO [RocksDB]       Options.compaction_filter_factory: ardb.compact_filter_factory
[7655] 01-07 03:31:46,273 INFO [RocksDB]        Options.memtable_factory: SkipListFactory
[7655] 01-07 03:31:46,273 INFO [RocksDB]           Options.table_factory: BlockBasedTable
[7655] 01-07 03:31:46,273 INFO [RocksDB]           table_factory options:   flush_block_policy_factory: FlushBlockBySizePolicyFactory (0x7f53a2608018)
  cache_index_and_filter_blocks: 0
  cache_index_and_filter_blocks_with_high_priority: 0
  pin_l0_filter_and_index_blocks_in_cache: 0
  index_type: 0
  hash_index_allow_collision: 1
  checksum: 1
  no_block_cache: 0
  block_cache: 0x7f53a2681cf0
  block_cache_name: LRUCache
  block_cache_options:
    capacity : 536870912
    num_shard_bits : 6
    strict_capacity_limit : 0
    high_pri_pool_ratio: 0.000
  block_cache_compressed: (nil)
  persistent_cache: (nil)
  block_size: 4096
  block_size_deviation: 10
  block_restart_interval: 16
  index_block_restart_interval: 1
  metadata_block_size: 4096
  partition_filters: 0
  use_delta_encoding: 1
  filter_policy: rocksdb.BuiltinBloomFilter
  whole_key_filtering: 1
  verify_compression: 0
  read_amp_bytes_per_bit: 0
  format_version: 2
  enable_index_compression: 1
  block_align: 0

[7655] 01-07 03:31:46,273 INFO [RocksDB]       Options.write_buffer_size: 268435456
[7655] 01-07 03:31:46,273 INFO [RocksDB] Options.max_write_buffer_number: 6
[7655] 01-07 03:31:46,273 INFO [RocksDB]       Options.compression[0]: NoCompression
[7655] 01-07 03:31:46,273 INFO [RocksDB]       Options.compression[1]: NoCompression
[7655] 01-07 03:31:46,273 INFO [RocksDB]       Options.compression[2]: Snappy
[7655] 01-07 03:31:46,273 INFO [RocksDB]       Options.compression[3]: Snappy
[7655] 01-07 03:31:46,273 INFO [RocksDB]       Options.compression[4]: Snappy
[7655] 01-07 03:31:46,273 INFO [RocksDB]       Options.compression[5]: Snappy
[7655] 01-07 03:31:46,273 INFO [RocksDB]       Options.compression[6]: Snappy
[7655] 01-07 03:31:46,273 INFO [RocksDB]                 Options.bottommost_compression: Disabled
[7655] 01-07 03:31:46,273 INFO [RocksDB]      Options.prefix_extractor: ardb.prefix_extractor
[7655] 01-07 03:31:46,273 INFO [RocksDB]  Options.memtable_insert_with_hint_prefix_extractor: nullptr
[7655] 01-07 03:31:46,273 INFO [RocksDB]            Options.num_levels: 7
[7655] 01-07 03:31:46,273 INFO [RocksDB]       Options.min_write_buffer_number_to_merge: 2
[7655] 01-07 03:31:46,273 INFO [RocksDB]    Options.max_write_buffer_number_to_maintain: 0
[7655] 01-07 03:31:46,273 INFO [RocksDB]           Options.compression_opts.window_bits: -14
[7655] 01-07 03:31:46,273 INFO [RocksDB]                 Options.compression_opts.level: -1
[7655] 01-07 03:31:46,273 INFO [RocksDB]              Options.compression_opts.strategy: 0
[7655] 01-07 03:31:46,273 INFO [RocksDB]        Options.compression_opts.max_dict_bytes: 0
[7655] 01-07 03:31:46,273 INFO [RocksDB]        Options.compression_opts.zstd_max_train_bytes: 0
[7655] 01-07 03:31:46,273 INFO [RocksDB]     Options.level0_file_num_compaction_trigger: 2
[7655] 01-07 03:31:46,273 INFO [RocksDB]         Options.level0_slowdown_writes_trigger: 20
[7655] 01-07 03:31:46,273 INFO [RocksDB]             Options.level0_stop_writes_trigger: 36
[7655] 01-07 03:31:46,273 INFO [RocksDB]                  Options.target_file_size_base: 67108864
[7655] 01-07 03:31:46,273 INFO [RocksDB]            Options.target_file_size_multiplier: 1
[7655] 01-07 03:31:46,273 INFO [RocksDB]               Options.max_bytes_for_level_base: 536870912
[7655] 01-07 03:31:46,273 INFO [RocksDB]Options.level_compaction_dynamic_level_bytes: 0
[7655] 01-07 03:31:46,273 INFO [RocksDB]         Options.max_bytes_for_level_multiplier: 10.000000
[7655] 01-07 03:31:46,273 INFO [RocksDB]Options.max_bytes_for_level_multiplier_addtl[0]: 1
[7655] 01-07 03:31:46,273 INFO [RocksDB]Options.max_bytes_for_level_multiplier_addtl[1]: 1
[7655] 01-07 03:31:46,273 INFO [RocksDB]Options.max_bytes_for_level_multiplier_addtl[2]: 1
[7655] 01-07 03:31:46,273 INFO [RocksDB]Options.max_bytes_for_level_multiplier_addtl[3]: 1
[7655] 01-07 03:31:46,273 INFO [RocksDB]Options.max_bytes_for_level_multiplier_addtl[4]: 1
[7655] 01-07 03:31:46,273 INFO [RocksDB]Options.max_bytes_for_level_multiplier_addtl[5]: 1
[7655] 01-07 03:31:46,273 INFO [RocksDB]Options.max_bytes_for_level_multiplier_addtl[6]: 1
[7655] 01-07 03:31:46,273 INFO [RocksDB]      Options.max_sequential_skip_in_iterations: 8
[7655] 01-07 03:31:46,273 INFO [RocksDB]                   Options.max_compaction_bytes: 1677721600
[7655] 01-07 03:31:46,273 INFO [RocksDB]                       Options.arena_block_size: 33554432
[7655] 01-07 03:31:46,273 INFO [RocksDB]  Options.soft_pending_compaction_bytes_limit: 68719476736
[7655] 01-07 03:31:46,273 INFO [RocksDB]  Options.hard_pending_compaction_bytes_limit: 274877906944
[7655] 01-07 03:31:46,273 INFO [RocksDB]      Options.rate_limit_delay_max_milliseconds: 100
[7655] 01-07 03:31:46,273 INFO [RocksDB]               Options.disable_auto_compactions: 0
[7655] 01-07 03:31:46,273 INFO [RocksDB]                       Options.compaction_style: kCompactionStyleLevel
[7655] 01-07 03:31:46,273 INFO [RocksDB]                         Options.compaction_pri: kByCompensatedSize
[7655] 01-07 03:31:46,273 INFO [RocksDB]Options.compaction_options_universal.size_ratio: 1
[7655] 01-07 03:31:46,273 INFO [RocksDB]Options.compaction_options_universal.min_merge_width: 2
[7655] 01-07 03:31:46,273 INFO [RocksDB]Options.compaction_options_universal.max_merge_width: 4294967295
[7655] 01-07 03:31:46,273 INFO [RocksDB]Options.compaction_options_universal.max_size_amplification_percent: 200
[7655] 01-07 03:31:46,273 INFO [RocksDB]Options.compaction_options_universal.compression_size_percent: -1
[7655] 01-07 03:31:46,273 INFO [RocksDB]Options.compaction_options_universal.stop_style: kCompactionStopStyleTotalSize
[7655] 01-07 03:31:46,273 INFO [RocksDB]Options.compaction_options_fifo.max_table_files_size: 1073741824
[7655] 01-07 03:31:46,273 INFO [RocksDB]Options.compaction_options_fifo.allow_compaction: 0
[7655] 01-07 03:31:46,273 INFO [RocksDB]Options.compaction_options_fifo.ttl: 0
[7655] 01-07 03:31:46,273 INFO [RocksDB]                  Options.table_properties_collectors: 
[7655] 01-07 03:31:46,273 INFO [RocksDB]                  Options.inplace_update_support: 0
[7655] 01-07 03:31:46,273 INFO [RocksDB]                Options.inplace_update_num_locks: 10000
[7655] 01-07 03:31:46,273 INFO [RocksDB]              Options.memtable_prefix_bloom_size_ratio: 0.000000
[7655] 01-07 03:31:46,273 INFO [RocksDB]  Options.memtable_huge_page_size: 0
[7655] 01-07 03:31:46,273 INFO [RocksDB]                          Options.bloom_locality: 0
[7655] 01-07 03:31:46,273 INFO [RocksDB]                   Options.max_successive_merges: 0
[7655] 01-07 03:31:46,273 INFO [RocksDB]               Options.optimize_filters_for_hits: 0
[7655] 01-07 03:31:46,273 INFO [RocksDB]               Options.paranoid_file_checks: 0
[7655] 01-07 03:31:46,273 INFO [RocksDB]               Options.force_consistency_checks: 0
[7655] 01-07 03:31:46,273 INFO [RocksDB]               Options.report_bg_io_stats: 0
[7655] 01-07 03:31:46,273 INFO [RocksDB]                              Options.ttl: 0
[7655] 01-07 03:31:46,274 INFO [RocksDB][db/db_impl.cc:1396] Created column family [0] (ID 1)
[7655] 01-07 03:31:46,277 INFO Create ColumnFamilyHandle with name:0 success.
[7655] 01-07 03:31:53,907 INFO [RocksDB][db/db_impl_write.cc:1373] [0] New memtable created with log file: #9. Immutable memtables: 0.

[7655] 01-07 03:32:02,466 INFO [RocksDB][db/db_impl_write.cc:1373] [0] New memtable created with log file: #10. Immutable memtables: 1.

[7655] 01-07 03:32:02,467 INFO [RocksDB][db/db_impl_compaction_flush.cc:80] [JOB 2] Syncing log #3
[7655] 01-07 03:32:02,989 INFO [RocksDB][db/db_impl_compaction_flush.cc:80] [JOB 2] Syncing log #9
[7655] 01-07 03:32:04,498 INFO [RocksDB](Original Log Time 2020/01/07-03:32:02.467078) [db/db_impl_compaction_flush.cc:1424] Calling FlushMemTableToOutputFile with column family [0], flush slots available 4, compaction slots available 1, flush slots scheduled 1, compaction slots scheduled 0
[7655] 01-07 03:32:04,498 INFO [RocksDB][db/flush_job.cc:301] [0] [JOB 2] Flushing memtable with next log file: 9

[7655] 01-07 03:32:04,498 INFO [RocksDB][db/flush_job.cc:301] [0] [JOB 2] Flushing memtable with next log file: 10

[7655] 01-07 03:32:04,498 INFO [RocksDB]EVENT_LOG_v1 {"time_micros": 1578367924498154, "job": 2, "event": "flush_started", "num_memtables": 2, "num_entries": 3410701, "num_deletes": 0, "memory_usage": 520100800, "flush_reason": "Write Buffer Full"}
[7655] 01-07 03:32:04,498 INFO [RocksDB][db/flush_job.cc:331] [0] [JOB 2] Level-0 flush table #11: started
[7655] 01-07 03:32:11,383 INFO [RocksDB][db/db_impl_write.cc:1373] [0] New memtable created with log file: #12. Immutable memtables: 2.

[7655] 01-07 03:32:11,658 INFO [RocksDB]EVENT_LOG_v1 {"time_micros": 1578367931658437, "cf_name": "0", "job": 2, "event": "table_file_creation", "file_number": 11, "file_size": 331644864, "table_properties": {"data_size": 322224293, "index_size": 4324340, "filter_size": 5095189, "raw_key_size": 134220747, "raw_average_key_size": 42, "raw_value_size": 258118613, "raw_average_value_size": 81, "num_data_blocks": 80285, "num_entries": 3167086, "filter_policy_name": "rocksdb.BuiltinBloomFilter", "kDeletedKeys": "0", "kMergeOperands": "0"}}
[7655] 01-07 03:32:11,658 INFO [RocksDB][db/flush_job.cc:371] [0] [JOB 2] Level-0 flush table #11: 331644864 bytes OK
[7655] 01-07 03:32:11,661 INFO [RocksDB](Original Log Time 2020/01/07-03:32:11.659846) [db/memtable_list.cc:377] [0] Level-0 commit table #11 started
[7655] 01-07 03:32:11,661 INFO [RocksDB](Original Log Time 2020/01/07-03:32:11.661542) [db/memtable_list.cc:409] [0] Level-0 commit table #11: memtable #1 done
[7655] 01-07 03:32:11,661 INFO [RocksDB](Original Log Time 2020/01/07-03:32:11.661547) [db/memtable_list.cc:409] [0] Level-0 commit table #11: memtable #2 done
[7655] 01-07 03:32:11,661 INFO [RocksDB](Original Log Time 2020/01/07-03:32:11.661558) EVENT_LOG_v1 {"time_micros": 1578367931661552, "job": 2, "event": "flush_finished", "output_compression": "NoCompression", "lsm_state": [1, 0, 0, 0, 0, 0, 0], "immutable_memtables": 1}
[7655] 01-07 03:32:11,661 INFO [RocksDB](Original Log Time 2020/01/07-03:32:11.661583) [db/db_impl_compaction_flush.cc:177] [0] Level summary: base level 1 max bytes base 536870912 files[1 0 0 0 0 0 0] max score 0.62

[7655] 01-07 03:32:11,661 INFO [RocksDB][db/db_impl_files.cc:342] [JOB 2] Try to delete WAL files size 402734857, prev total WAL file size 596445970, number of live WAL files 4.

[7655] 01-07 03:32:20,329 INFO [RocksDB][db/db_impl_write.cc:1373] [0] New memtable created with log file: #13. Immutable memtables: 1.

[7655] 01-07 03:32:20,329 INFO [RocksDB][db/db_impl_compaction_flush.cc:80] [JOB 3] Syncing log #10
[7655] 01-07 03:32:21,309 INFO [RocksDB][db/db_impl_compaction_flush.cc:80] [JOB 3] Syncing log #12
[7655] 01-07 03:32:22,767 INFO [RocksDB](Original Log Time 2020/01/07-03:32:20.329469) [db/db_impl_compaction_flush.cc:1424] Calling FlushMemTableToOutputFile with column family [0], flush slots available 4, compaction slots available 1, flush slots scheduled 1, compaction slots scheduled 0
[7655] 01-07 03:32:22,767 INFO [RocksDB][db/flush_job.cc:301] [0] [JOB 3] Flushing memtable with next log file: 12

[7655] 01-07 03:32:22,767 INFO [RocksDB][db/flush_job.cc:301] [0] [JOB 3] Flushing memtable with next log file: 13

[7655] 01-07 03:32:22,767 INFO [RocksDB]EVENT_LOG_v1 {"time_micros": 1578367942767179, "job": 3, "event": "flush_started", "num_memtables": 2, "num_entries": 3229830, "num_deletes": 0, "memory_usage": 520100072, "flush_reason": "Write Buffer Full"}
[7655] 01-07 03:32:22,767 INFO [RocksDB][db/flush_job.cc:331] [0] [JOB 3] Level-0 flush table #14: started
[7655] 01-07 03:32:28,851 INFO [RocksDB]EVENT_LOG_v1 {"time_micros": 1578367948851147, "cf_name": "0", "job": 3, "event": "table_file_creation", "file_number": 14, "file_size": 313992791, "table_properties": {"data_size": 305075760, "index_size": 4091239, "filter_size": 4824750, "raw_key_size": 127100788, "raw_average_key_size": 42, "raw_value_size": 244429658, "raw_average_value_size": 81, "num_data_blocks": 76014, "num_entries": 2999132, "filter_policy_name": "rocksdb.BuiltinBloomFilter", "kDeletedKeys": "0", "kMergeOperands": "0"}}
[7655] 01-07 03:32:28,851 INFO [RocksDB][db/flush_job.cc:371] [0] [JOB 3] Level-0 flush table #14: 313992791 bytes OK
[7655] 01-07 03:32:28,854 INFO [RocksDB](Original Log Time 2020/01/07-03:32:28.852427) [db/memtable_list.cc:377] [0] Level-0 commit table #14 started
[7655] 01-07 03:32:28,854 INFO [RocksDB](Original Log Time 2020/01/07-03:32:28.854318) [db/memtable_list.cc:409] [0] Level-0 commit table #14: memtable #1 done
[7655] 01-07 03:32:28,854 INFO [RocksDB](Original Log Time 2020/01/07-03:32:28.854319) [db/memtable_list.cc:409] [0] Level-0 commit table #14: memtable #2 done
[7655] 01-07 03:32:28,854 INFO [RocksDB](Original Log Time 2020/01/07-03:32:28.854329) EVENT_LOG_v1 {"time_micros": 1578367948854324, "job": 3, "event": "flush_finished", "output_compression": "NoCompression", "lsm_state": [2, 0, 0, 0, 0, 0, 0], "immutable_memtables": 0}
[7655] 01-07 03:32:28,854 INFO [RocksDB](Original Log Time 2020/01/07-03:32:28.854356) [db/db_impl_compaction_flush.cc:177] [0] Level summary: base level 1 max bytes base 536870912 files[2 0 0 0 0 0 0] max score 1.20

[7655] 01-07 03:32:28,854 INFO [RocksDB][db/db_impl_files.cc:342] [JOB 3] Try to delete WAL files size 381446796, prev total WAL file size 480340942, number of live WAL files 3.

[7655] 01-07 03:32:28,854 WARN [RocksDB][db/db_impl.cc:491] ------- DUMPING STATS -------
[7655] 01-07 03:32:28,854 WARN [RocksDB][db/db_impl.cc:492] 
** DB Stats **
Uptime(secs): 55.3 total, 55.3 interval
Cumulative writes: 1068K writes, 7477K keys, 1067K commit groups, 1.0 writes per commit group, ingest: 0.82 GB, 15.23 MB/s
Cumulative WAL: 1068K writes, 0 syncs, 1068266.00 writes per sync, written: 0.82 GB, 15.23 MB/s
Cumulative stall: 00:00:0.000 H:M:S, 0.0 percent
Interval writes: 1068K writes, 7477K keys, 1067K commit groups, 1.0 writes per commit group, ingest: 842.17 MB, 15.23 MB/s
Interval WAL: 1068K writes, 0 syncs, 1068266.00 writes per sync, written: 0.82 MB, 15.23 MB/s
Interval stall: 00:00:0.000 H:M:S, 0.0 percent

** Compaction Stats [default] **
Level    Files   Size     Score Read(GB)  Rn(GB) Rnp1(GB) Write(GB) Wnew(GB) Moved(GB) W-Amp Rd(MB/s) Wr(MB/s) Comp(sec) Comp(cnt) Avg(sec) KeyIn KeyDrop
----------------------------------------------------------------------------------------------------------------------------------------------------------
 Sum      0/0    0.00 KB   0.0      0.0     0.0      0.0       0.0     
[7655] 01-07 03:32:28,854 INFO [RocksDB][db/compaction_job.cc:1531] [0] [JOB 4] Compacting 2@0 files to L1, score 1.20
[7655] 01-07 03:32:28,854 INFO [RocksDB][db/compaction_job.cc:1535] [0] Compaction start summary: Base version 4 Base level 0, inputs: [14(299MB) 11(316MB)]

[7655] 01-07 03:32:28,854 INFO [RocksDB]EVENT_LOG_v1 {"time_micros": 1578367948854747, "job": 4, "event": "compaction_started", "compaction_reason": "LevelL0FilesNum", "files_L0": [14, 11], "score": 1.20259, "input_data_size": 645637655}
[7655] 01-07 03:32:30,286 INFO [RocksDB][db/compaction_job.cc:1211] [0] [JOB 4] Generated table #15: 1180278 keys, 69765181 bytes
[7655] 01-07 03:32:30,286 INFO [RocksDB]EVENT_LOG_v1 {"time_micros": 1578367950286640, "cf_name": "0", "job": 4, "event": "table_file_creation", "file_number": 15, "file_size": 69765181, "table_properties": {"data_size": 67112905, "index_size": 974985, "filter_size": 1676260, "raw_key_size": 56140101, "raw_average_key_size": 47, "raw_value_size": 28883992, "raw_average_value_size": 24, "num_data_blocks": 16603, "num_entries": 1180278, "filter_policy_name": "rocksdb.BuiltinBloomFilter", "kDeletedKeys": "0", "kMergeOperands": "0"}}
[7655] 01-07 03:32:31,595 INFO [RocksDB][db/compaction_job.cc:1211] [0] [JOB 4] Generated table #16: 597513 keys, 68990884 bytes
[7655] 01-07 03:32:31,595 INFO [RocksDB]EVENT_LOG_v1 {"time_micros": 1578367951595254, "cf_name": "0", "job": 4, "event": "table_file_creation", "file_number": 16, "file_size": 68990884, "table_properties": {"data_size": 67112929, "index_size": 889027, "filter_size": 987897, "raw_key_size": 24595470, "raw_average_key_size": 41, "raw_value_size": 56763672, "raw_average_value_size": 94, "num_data_blocks": 16740, "num_entries": 597513, "filter_policy_name": "rocksdb.BuiltinBloomFilter", "kDeletedKeys": "0", "kMergeOperands": "0"}}
[7655] 01-07 03:32:32,896 INFO [RocksDB][db/compaction_job.cc:1211] [0] [JOB 4] Generated table #17: 597506 keys, 68989112 bytes
[7655] 01-07 03:32:32,896 INFO [RocksDB]EVENT_LOG_v1 {"time_micros": 1578367952896046, "cf_name": "0", "job": 4, "event": "table_file_creation", "file_number": 17, "file_size": 68989112, "table_properties": {"data_size": 67111399, "index_size": 888796, "filter_size": 987886, "raw_key_size": 24594004, "raw_average_key_size": 41, "raw_value_size": 56763142, "raw_average_value_size": 95, "num_data_blocks": 16740, "num_entries": 597506, "filter_policy_name": "rocksdb.BuiltinBloomFilter", "kDeletedKeys": "0", "kMergeOperands": "0"}}
[7655] 01-07 03:32:34,205 INFO [RocksDB][db/compaction_job.cc:1211] [0] [JOB 4] Generated table #18: 597534 keys, 68988709 bytes
[7655] 01-07 03:32:34,205 INFO [RocksDB]EVENT_LOG_v1 {"time_micros": 1578367954205514, "cf_name": "0", "job": 4, "event": "table_file_creation", "file_number": 18, "file_size": 68988709, "table_properties": {"data_size": 67111509, "index_size": 888256, "filter_size": 987913, "raw_key_size": 24595181, "raw_average_key_size": 41, "raw_value_size": 56765658, "raw_average_value_size": 94, "num_data_blocks": 16739, "num_entries": 597534, "filter_policy_name": "rocksdb.BuiltinBloomFilter", "kDeletedKeys": "0", "kMergeOperands": "0"}}
[7655] 01-07 03:32:35,585 INFO [RocksDB][db/compaction_job.cc:1211] [0] [JOB 4] Generated table #19: 597514 keys, 68990512 bytes
[7655] 01-07 03:32:35,585 INFO [RocksDB]EVENT_LOG_v1 {"time_micros": 1578367955585790, "cf_name": "0", "job": 4, "event": "table_file_creation", "file_number": 19, "file_size": 68990512, "table_properties": {"data_size": 67112818, "index_size": 888758, "filter_size": 987905, "raw_key_size": 24593947, "raw_average_key_size": 41, "raw_value_size": 56763875, "raw_average_value_size": 95, "num_data_blocks": 16741, "num_entries": 597514, "filter_policy_name": "rocksdb.BuiltinBloomFilter", "kDeletedKeys": "0", "kMergeOperands": "0"}}
[7655] 01-07 03:32:36,489 INFO [RocksDB][db/db_impl_write.cc:1373] [0] New memtable created with log file: #21. Immutable memtables: 0.

[7655] 01-07 03:32:36,887 INFO [RocksDB][db/compaction_job.cc:1211] [0] [JOB 4] Generated table #20: 597520 keys, 68989952 bytes
[7655] 01-07 03:32:36,887 INFO [RocksDB]EVENT_LOG_v1 {"time_micros": 1578367956887392, "cf_name": "0", "job": 4, "event": "table_file_creation", "file_number": 20, "file_size": 68989952, "table_properties": {"data_size": 67112285, "index_size": 888732, "filter_size": 987904, "raw_key_size": 24594899, "raw_average_key_size": 41, "raw_value_size": 56764400, "raw_average_value_size": 95, "num_data_blocks": 16740, "num_entries": 597520, "filter_policy_name": "rocksdb.BuiltinBloomFilter", "kDeletedKeys": "0", "kMergeOperands": "0"}}
[7655] 01-07 03:32:38,190 INFO [RocksDB][db/compaction_job.cc:1211] [0] [JOB 4] Generated table #22: 597485 keys, 68990305 bytes
[7655] 01-07 03:32:38,190 INFO [RocksDB]EVENT_LOG_v1 {"time_micros": 1578367958190281, "cf_name": "0", "job": 4, "event": "table_file_creation", "file_number": 22, "file_size": 68990305, "table_properties": {"data_size": 67111975, "index_size": 889418, "filter_size": 987881, "raw_key_size": 24594303, "raw_average_key_size": 41, "raw_value_size": 56761057, "raw_average_value_size": 94, "num_data_blocks": 16742, "num_entries": 597485, "filter_policy_name": "rocksdb.BuiltinBloomFilter", "kDeletedKeys": "0", "kMergeOperands": "0"}}
[7655] 01-07 03:32:39,492 INFO [RocksDB][db/compaction_job.cc:1211] [0] [JOB 4] Generated table #23: 597539 keys, 68989946 bytes
[7655] 01-07 03:32:39,492 INFO [RocksDB]EVENT_LOG_v1 {"time_micros": 1578367959492156, "cf_name": "0", "job": 4, "event": "table_file_creation", "file_number": 23, "file_size": 68989946, "table_properties": {"data_size": 67112554, "index_size": 888443, "filter_size": 987918, "raw_key_size": 24596139, "raw_average_key_size": 41, "raw_value_size": 56766178, "raw_average_value_size": 94, "num_data_blocks": 16739, "num_entries": 597539, "filter_policy_name": "rocksdb.BuiltinBloomFilter", "kDeletedKeys": "0", "kMergeOperands": "0"}}
[7655] 01-07 03:32:40,798 INFO [RocksDB][db/compaction_job.cc:1211] [0] [JOB 4] Generated table #24: 597512 keys, 68989613 bytes
[7655] 01-07 03:32:40,798 INFO [RocksDB]EVENT_LOG_v1 {"time_micros": 1578367960798927, "cf_name": "0", "job": 4, "event": "table_file_creation", "file_number": 24, "file_size": 68989613, "table_properties": {"data_size": 67111866, "index_size": 888831, "filter_size": 987885, "raw_key_size": 24594699, "raw_average_key_size": 41, "raw_value_size": 56763667, "raw_average_value_size": 95, "num_data_blocks": 16739, "num_entries": 597512, "filter_policy_name": "rocksdb.BuiltinBloomFilter", "kDeletedKeys": "0", "kMergeOperands": "0"}}
[7655] 01-07 03:32:41,291 INFO [RocksDB][db/compaction_job.cc:1211] [0] [JOB 4] Generated table #25: 205816 keys, 23759137 bytes
[7655] 01-07 03:32:41,291 INFO [RocksDB]EVENT_LOG_v1 {"time_micros": 1578367961291457, "cf_name": "0", "job": 4, "event": "table_file_creation", "file_number": 25, "file_size": 23759137, "table_properties": {"data_size": 23113181, "index_size": 304669, "filter_size": 340257, "raw_key_size": 8422773, "raw_average_key_size": 40, "raw_value_size": 19552574, "raw_average_value_size": 95, "num_data_blocks": 5764, "num_entries": 205816, "filter_policy_name": "rocksdb.BuiltinBloomFilter", "kDeletedKeys": "0", "kMergeOperands": "0"}}
[7655] 01-07 03:32:41,292 INFO [RocksDB][db/compaction_job.cc:1287] [0] [JOB 4] Compacted 2@0 files to L1 => 645443351 bytes
[7655] 01-07 03:32:41,294 INFO [RocksDB](Original Log Time 2020/01/07-03:32:41.294438) [db/compaction_job.cc:685] [0] compacted to: base level 1 max bytes base 536870912 files[0 10 0 0 0 0 0] max score 1.20, MB/sec: 51.9 rd, 51.9 wr, level 1, files in(2, 0) out(10) MB in(615.7, 0.0) out(615.5), read-write-amplify(2.0) write-amplify(1.0) OK, records in: 6166218, records dropped: 1 output_compression: NoCompression

[7655] 01-07 03:32:41,294 INFO [RocksDB](Original Log Time 2020/01/07-03:32:41.294470) EVENT_LOG_v1 {"time_micros": 1578367961294464, "job": 4, "event": "compaction_finished", "compaction_time_micros": 12437973, "output_level": 1, "num_output_files": 10, "total_output_size": 645443351, "num_input_records": 6166218, "num_output_records": 6166217, "num_subcompactions": 1, "output_compression": "NoCompression", "num_single_delete_mismatches": 0, "num_single_delete_fallthrough": 0, "lsm_state": [0, 10, 0, 0, 0, 0, 0]}
[7655] 01-07 03:32:41,322 INFO [RocksDB]EVENT_LOG_v1 {"time_micros": 1578367961322758, "job": 4, "event": "table_file_deletion", "file_number": 14}
[7655] 01-07 03:32:41,351 INFO [RocksDB]EVENT_LOG_v1 {"time_micros": 1578367961351812, "job": 4, "event": "table_file_deletion", "file_number": 11}
[7655] 01-07 03:32:41,351 INFO [RocksDB][db/compaction_job.cc:1531] [0] [JOB 5] Compacting 1@1 files to L2, score 1.20
[7655] 01-07 03:32:41,351 INFO [RocksDB][db/compaction_job.cc:1535] [0] Compaction start summary: Base version 5 Base level 1, inputs: [15(66MB)]

[7655] 01-07 03:32:41,351 INFO [RocksDB]EVENT_LOG_v1 {"time_micros": 1578367961351878, "job": 5, "event": "compaction_started", "compaction_reason": "LevelMaxLevelSize", "files_L1": [15], "score": 1.20223, "input_data_size": 69765181}
[7655] 01-07 03:32:43,092 INFO [RocksDB][db/compaction_job.cc:1211] [0] [JOB 5] Generated table #26: 1180278 keys, 54699760 bytes
[7655] 01-07 03:32:43,092 INFO [RocksDB]EVENT_LOG_v1 {"time_micros": 1578367963092649, "cf_name": "0", "job": 5, "event": "table_file_creation", "file_number": 26, "file_size": 54699760, "table_properties": {"data_size": 52520319, "index_size": 974681, "filter_size": 1647760, "raw_key_size": 56140101, "raw_average_key_size": 47, "raw_value_size": 28883992, "raw_average_value_size": 24, "num_data_blocks": 16603, "num_entries": 1180278, "filter_policy_name": "rocksdb.BuiltinBloomFilter", "kDeletedKeys": "0", "kMergeOperands": "0"}}
[7655] 01-07 03:32:43,093 INFO [RocksDB][db/compaction_job.cc:1287] [0] [JOB 5] Compacted 1@1 files to L2 => 54699760 bytes
[7655] 01-07 03:32:43,095 INFO [RocksDB](Original Log Time 2020/01/07-03:32:43.095795) [db/compaction_job.cc:685] [0] compacted to: base level 1 max bytes base 536870912 files[0 9 1 0 0 0 0] max score 1.07, MB/sec: 40.0 rd, 31.4 wr, level 2, files in(1, 0) out(1) MB in(66.5, 0.0) out(52.2), read-write-amplify(1.8) write-amplify(0.8) OK, records in: 1180278, records dropped: 0 output_compression: Snappy

[7655] 01-07 03:32:43,095 INFO [RocksDB](Original Log Time 2020/01/07-03:32:43.095821) EVENT_LOG_v1 {"time_micros": 1578367963095803, "job": 5, "event": "compaction_finished", "compaction_time_micros": 1741968, "output_level": 2, "num_output_files": 1, "total_output_size": 54699760, "num_input_records": 1180278, "num_output_records": 1180278, "num_subcompactions": 1, "output_compression": "Snappy", "num_single_delete_mismatches": 0, "num_single_delete_fallthrough": 0, "lsm_state": [0, 9, 1, 0, 0, 0, 0]}
[7655] 01-07 03:32:43,095 INFO [RocksDB][db/compaction_job.cc:1531] [0] [JOB 6] Compacting 1@1 files to L2, score 1.07
[7655] 01-07 03:32:43,095 INFO [RocksDB][db/compaction_job.cc:1535] [0] Compaction start summary: Base version 6 Base level 1, inputs: [16(65MB)]

[7655] 01-07 03:32:43,095 INFO [RocksDB]EVENT_LOG_v1 {"time_micros": 1578367963095881, "job": 6, "event": "compaction_started", "compaction_reason": "LevelMaxLevelSize", "files_L1": [16], "score": 1.07228, "input_data_size": 68990884}
[7655] 01-07 03:32:44,433 INFO [RocksDB][db/compaction_job.cc:1211] [0] [JOB 6] Generated table #27: 597513 keys, 68589138 bytes
[7655] 01-07 03:32:44,433 INFO [RocksDB]EVENT_LOG_v1 {"time_micros": 1578367964433091, "cf_name": "0", "job": 6, "event": "table_file_creation", "file_number": 27, "file_size": 68589138, "table_properties": {"data_size": 67112929, "index_size": 889027, "filter_size": 987897, "raw_key_size": 24595470, "raw_average_key_size": 41, "raw_value_size": 56763672, "raw_average_value_size": 94, "num_data_blocks": 16740, "num_entries": 597513, "filter_policy_name": "rocksdb.BuiltinBloomFilter", "kDeletedKeys": "0", "kMergeOperands": "0"}}
[7655] 01-07 03:32:44,434 INFO [RocksDB][db/compaction_job.cc:1287] [0] [JOB 6] Compacted 1@1 files to L2 => 68589138 bytes
[7655] 01-07 03:32:44,436 INFO [RocksDB](Original Log Time 2020/01/07-03:32:44.436315) [db/compaction_job.cc:685] [0] compacted to: base level 1 max bytes base 536870912 files[0 8 2 0 0 0 0] max score 0.94, MB/sec: 51.5 rd, 51.2 wr, level 2, files in(1, 0) out(1) MB in(65.8, 0.0) out(65.4), read-write-amplify(2.0) write-amplify(1.0) OK, records in: 597513, records dropped: 0 output_compression: Snappy

[7655] 01-07 03:32:44,436 INFO [RocksDB](Original Log Time 2020/01/07-03:32:44.436328) EVENT_LOG_v1 {"time_micros": 1578367964436323, "job": 6, "event": "compaction_finished", "compaction_time_micros": 1338668, "output_level": 2, "num_output_files": 1, "total_output_size": 68589138, "num_input_records": 597513, "num_output_records": 597513, "num_subcompactions": 1, "output_compression": "Snappy", "num_single_delete_mismatches": 0, "num_single_delete_fallthrough": 0, "lsm_state": [0, 8, 2, 0, 0, 0, 0]}
[7655] 01-07 03:32:44,443 INFO [RocksDB]EVENT_LOG_v1 {"time_micros": 1578367964443009, "job": 6, "event": "table_file_deletion", "file_number": 16}
[7655] 01-07 03:32:44,450 INFO [RocksDB]EVENT_LOG_v1 {"time_micros": 1578367964450077, "job": 6, "event": "table_file_deletion", "file_number": 15}
[7655] 01-07 03:32:51,742 INFO [RocksDB][db/db_impl_write.cc:1373] [0] New memtable created with log file: #28. Immutable memtables: 1.

[7655] 01-07 03:32:51,742 INFO [RocksDB][db/db_impl_compaction_flush.cc:80] [JOB 7] Syncing log #13
[7655] 01-07 03:32:52,332 INFO [RocksDB][db/db_impl_compaction_flush.cc:80] [JOB 7] Syncing log #21
[7655] 01-07 03:32:53,919 INFO [RocksDB](Original Log Time 2020/01/07-03:32:51.742503) [db/db_impl_compaction_flush.cc:1424] Calling FlushMemTableToOutputFile with column family [0], flush slots available 4, compaction slots available 1, flush slots scheduled 1, compaction slots scheduled 0
[7655] 01-07 03:32:53,919 INFO [RocksDB][db/flush_job.cc:301] [0] [JOB 7] Flushing memtable with next log file: 21

[7655] 01-07 03:32:53,919 INFO [RocksDB][db/flush_job.cc:301] [0] [JOB 7] Flushing memtable with next log file: 28

[7655] 01-07 03:32:53,919 INFO [RocksDB]EVENT_LOG_v1 {"time_micros": 1578367973919103, "job": 7, "event": "flush_started", "num_memtables": 2, "num_entries": 3575607, "num_deletes": 0, "memory_usage": 520098576, "flush_reason": "Write Buffer Full"}
[7655] 01-07 03:32:53,919 INFO [RocksDB][db/flush_job.cc:331] [0] [JOB 7] Level-0 flush table #29: started
[7655] 01-07 03:33:00,660 INFO [RocksDB]EVENT_LOG_v1 {"time_micros": 1578367980660909, "cf_name": "0", "job": 7, "event": "table_file_creation", "file_number": 29, "file_size": 347658784, "table_properties": {"data_size": 337781174, "index_size": 4535193, "filter_size": 5341374, "raw_key_size": 140711835, "raw_average_key_size": 42, "raw_value_size": 270595634, "raw_average_value_size": 81, "num_data_blocks": 84164, "num_entries": 3320202, "filter_policy_name": "rocksdb.BuiltinBloomFilter", "kDeletedKeys": "0", "kMergeOperands": "0"}}
[7655] 01-07 03:33:00,660 INFO [RocksDB][db/flush_job.cc:371] [0] [JOB 7] Level-0 flush table #29: 347658784 bytes OK
[7655] 01-07 03:33:00,664 INFO [RocksDB](Original Log Time 2020/01/07-03:33:00.662499) [db/memtable_list.cc:377] [0] Level-0 commit table #29 started
[7655] 01-07 03:33:00,664 INFO [RocksDB](Original Log Time 2020/01/07-03:33:00.664154) [db/memtable_list.cc:409] [0] Level-0 commit table #29: memtable #1 done
[7655] 01-07 03:33:00,664 INFO [RocksDB](Original Log Time 2020/01/07-03:33:00.664155) [db/memtable_list.cc:409] [0] Level-0 commit table #29: memtable #2 done
[7655] 01-07 03:33:00,664 INFO [RocksDB](Original Log Time 2020/01/07-03:33:00.664168) EVENT_LOG_v1 {"time_micros": 1578367980664162, "job": 7, "event": "flush_finished", "output_compression": "NoCompression", "lsm_state": [1, 8, 2, 0, 0, 0, 0], "immutable_memtables": 0}
[7655] 01-07 03:33:00,664 INFO [RocksDB](Original Log Time 2020/01/07-03:33:00.664192) [db/db_impl_compaction_flush.cc:177] [0] Level summary: base level 1 max bytes base 536870912 files[1 8 2 0 0 0 0] max score 0.94

[7655] 01-07 03:33:00,664 INFO [RocksDB][db/db_impl_files.cc:342] [JOB 7] Try to delete WAL files size 422289860, prev total WAL file size 537143193, number of live WAL files 3.

[7655] 01-07 03:33:07,375 INFO [RocksDB][db/db_impl_write.cc:1373] [0] New memtable created with log file: #30. Immutable memtables: 0.

[7655] 01-07 03:33:23,356 INFO [RocksDB][db/db_impl_write.cc:1373] [0] New memtable created with log file: #31. Immutable memtables: 1.

[7655] 01-07 03:33:23,356 INFO [RocksDB][db/db_impl_compaction_flush.cc:80] [JOB 8] Syncing log #28
[7655] 01-07 03:33:23,948 INFO [RocksDB][db/db_impl_compaction_flush.cc:80] [JOB 8] Syncing log #30
[7655] 01-07 03:33:25,914 INFO [RocksDB](Original Log Time 2020/01/07-03:33:23.356276) [db/db_impl_compaction_flush.cc:1424] Calling FlushMemTableToOutputFile with column family [0], flush slots available 4, compaction slots available 1, flush slots scheduled 1, compaction slots scheduled 0
[7655] 01-07 03:33:25,914 INFO [RocksDB][db/flush_job.cc:301] [0] [JOB 8] Flushing memtable with next log file: 30

[7655] 01-07 03:33:25,914 INFO [RocksDB][db/flush_job.cc:301] [0] [JOB 8] Flushing memtable with next log file: 31

[7655] 01-07 03:33:25,914 INFO [RocksDB]EVENT_LOG_v1 {"time_micros": 1578368005914562, "job": 8, "event": "flush_started", "num_memtables": 2, "num_entries": 3575605, "num_deletes": 0, "memory_usage": 520099224, "flush_reason": "Write Buffer Full"}
[7655] 01-07 03:33:25,914 INFO [RocksDB][db/flush_job.cc:331] [0] [JOB 8] Level-0 flush table #32: started
[7655] 01-07 03:33:32,631 INFO [RocksDB]EVENT_LOG_v1 {"time_micros": 1578368012631612, "cf_name": "0", "job": 8, "event": "table_file_creation", "file_number": 32, "file_size": 347655219, "table_properties": {"data_size": 337774618, "index_size": 4538158, "filter_size": 5341400, "raw_key_size": 140709657, "raw_average_key_size": 42, "raw_value_size": 270596848, "raw_average_value_size": 81, "num_data_blocks": 84168, "num_entries": 3320208, "filter_policy_name": "rocksdb.BuiltinBloomFilter", "kDeletedKeys": "0", "kMergeOperands": "0"}}
[7655] 01-07 03:33:32,631 INFO [RocksDB][db/flush_job.cc:371] [0] [JOB 8] Level-0 flush table #32: 347655219 bytes OK
[7655] 01-07 03:33:32,634 INFO [RocksDB](Original Log Time 2020/01/07-03:33:32.632834) [db/memtable_list.cc:377] [0] Level-0 commit table #32 started
[7655] 01-07 03:33:32,634 INFO [RocksDB](Original Log Time 2020/01/07-03:33:32.634523) [db/memtable_list.cc:409] [0] Level-0 commit table #32: memtable #1 done
[7655] 01-07 03:33:32,634 INFO [RocksDB](Original Log Time 2020/01/07-03:33:32.634524) [db/memtable_list.cc:409] [0] Level-0 commit table #32: memtable #2 done
[7655] 01-07 03:33:32,634 INFO [RocksDB](Original Log Time 2020/01/07-03:33:32.634537) EVENT_LOG_v1 {"time_micros": 1578368012634530, "job": 8, "event": "flush_finished", "output_compression": "NoCompression", "lsm_state": [2, 8, 2, 0, 0, 0, 0], "immutable_memtables": 0}
[7655] 01-07 03:33:32,634 INFO [RocksDB](Original Log Time 2020/01/07-03:33:32.634556) [db/db_impl_compaction_flush.cc:177] [0] Level summary: base level 1 max bytes base 536870912 files[2 8 2 0 0 0 0] max score 1.30

[7655] 01-07 03:33:32,634 INFO [RocksDB][db/db_impl_files.cc:342] [JOB 8] Try to delete WAL files size 422288448, prev total WAL file size 446882715, number of live WAL files 3.

[7655] 01-07 03:33:32,634 INFO [RocksDB][db/compaction_job.cc:1531] [0] [JOB 9] Compacting 2@0 + 8@1 files to L1, score 1.30
[7655] 01-07 03:33:32,634 INFO [RocksDB][db/compaction_job.cc:1535] [0] Compaction start summary: Base version 9 Base level 0, inputs: [32(331MB) 29(331MB)], [17(65MB) 18(65MB) 19(65MB) 20(65MB) 22(65MB) 23(65MB) 24(65MB) 25(22MB)]

[7655] 01-07 03:33:32,634 INFO [RocksDB]EVENT_LOG_v1 {"time_micros": 1578368012634766, "job": 9, "event": "compaction_started", "compaction_reason": "LevelL0FilesNum", "files_L0": [32, 29], "files_L1": [17, 18, 19, 20, 22, 23, 24, 25], "score": 1.29512, "input_data_size": 1202001289}
[7655] 01-07 03:33:34,074 INFO [RocksDB][db/compaction_job.cc:1211] [0] [JOB 9] Generated table #33: 1224924 keys, 69821499 bytes
[7655] 01-07 03:33:34,074 INFO [RocksDB]EVENT_LOG_v1 {"time_micros": 1578368014074792, "cf_name": "0", "job": 9, "event": "table_file_creation", "file_number": 33, "file_size": 69821499, "table_properties": {"data_size": 67109704, "index_size": 981870, "filter_size": 1728894, "raw_key_size": 58560116, "raw_average_key_size": 47, "raw_value_size": 26721270, "raw_average_value_size": 21, "num_data_blocks": 16592, "num_entries": 1224924, "filter_policy_name": "rocksdb.BuiltinBloomFilter", "kDeletedKeys": "0", "kMergeOperands": "0"}}
[7655] 01-07 03:33:35,390 INFO [RocksDB][db/compaction_job.cc:1211] [0] [JOB 9] Generated table #34: 597509 keys, 68989154 bytes
[7655] 01-07 03:33:35,390 INFO [RocksDB]EVENT_LOG_v1 {"time_micros": 1578368015390146, "cf_name": "0", "job": 9, "event": "table_file_creation", "file_number": 34, "file_size": 68989154, "table_properties": {"data_size": 67111763, "index_size": 888469, "filter_size": 987891, "raw_key_size": 24595398, "raw_average_key_size": 41, "raw_value_size": 56763355, "raw_average_value_size": 95, "num_data_blocks": 16740, "num_entries": 597509, "filter_policy_name": "rocksdb.BuiltinBloomFilter", "kDeletedKeys": "0", "kMergeOperands": "0"}}
[7655] 01-07 03:33:36,769 INFO [RocksDB][db/compaction_job.cc:1211] [0] [JOB 9] Generated table #35: 597600 keys, 68988228 bytes
[7655] 01-07 03:33:36,769 INFO [RocksDB]EVENT_LOG_v1 {"time_micros": 1578368016769589, "cf_name": "0", "job": 9, "event": "table_file_creation", "file_number": 35, "file_size": 68988228, "table_properties": {"data_size": 67110799, "index_size": 888396, "filter_size": 988002, "raw_key_size": 24597151, "raw_average_key_size": 41, "raw_value_size": 56772126, "raw_average_value_size": 95, "num_data_blocks": 16741, "num_entries": 597600, "filter_policy_name": "rocksdb.BuiltinBloomFilter", "kDeletedKeys": "0", "kMergeOperands": "0"}}
[7655] 01-07 03:33:38,094 INFO [RocksDB][db/compaction_job.cc:1211] [0] [JOB 9] Generated table #36: 597604 keys, 68990971 bytes
[7655] 01-07 03:33:38,094 INFO [RocksDB]EVENT_LOG_v1 {"time_micros": 1578368018094954, "cf_name": "0", "job": 9, "event": "table_file_creation", "file_number": 36, "file_size": 68990971, "table_properties": {"data_size": 67112437, "index_size": 889454, "filter_size": 988049, "raw_key_size": 24599800, "raw_average_key_size": 41, "raw_value_size": 56772344, "raw_average_value_size": 94, "num_data_blocks": 16745, "num_entries": 597604, "filter_policy_name": "rocksdb.BuiltinBloomFilter", "kDeletedKeys": "0", "kMergeOperands": "0"}}
[7655] 01-07 03:33:39,372 INFO [RocksDB][db/compaction_job.cc:1211] [0] [JOB 9] Generated table #37: 597602 keys, 68986484 bytes
[7655] 01-07 03:33:39,372 INFO [RocksDB]EVENT_LOG_v1 {"time_micros": 1578368019372683, "cf_name": "0", "job": 9, "event": "table_file_creation", "file_number": 37, "file_size": 68986484, "table_properties": {"data_size": 67109176, "index_size": 888272, "filter_size": 988005, "raw_key_size": 24595808, "raw_average_key_size": 41, "raw_value_size": 56772235, "raw_average_value_size": 95, "num_data_blocks": 16741, "num_entries": 597602, "filter_policy_name": "rocksdb.BuiltinBloomFilter", "kDeletedKeys": "0", "kMergeOperands": "0"}}
[7655] 01-07 03:33:40,675 INFO [RocksDB][db/compaction_job.cc:1211] [0] [JOB 9] Generated table #38: 597632 keys, 68989369 bytes
[7655] 01-07 03:33:40,675 INFO [RocksDB]EVENT_LOG_v1 {"time_micros": 1578368020675986, "cf_name": "0", "job": 9, "event": "table_file_creation", "file_number": 38, "file_size": 68989369, "table_properties": {"data_size": 67111710, "index_size": 888574, "filter_size": 988054, "raw_key_size": 24599552, "raw_average_key_size": 41, "raw_value_size": 56775058, "raw_average_value_size": 95, "num_data_blocks": 16742, "num_entries": 597632, "filter_policy_name": "rocksdb.BuiltinBloomFilter", "kDeletedKeys": "0", "kMergeOperands": "0"}}
[7655] 01-07 03:33:41,985 INFO [RocksDB][db/compaction_job.cc:1211] [0] [JOB 9] Generated table #39: 597641 keys, 68989858 bytes
[7655] 01-07 03:33:41,985 INFO [RocksDB]EVENT_LOG_v1 {"time_micros": 1578368021985264, "cf_name": "0", "job": 9, "event": "table_file_creation", "file_number": 39, "file_size": 68989858, "table_properties": {"data_size": 67112472, "index_size": 888290, "filter_size": 988065, "raw_key_size": 24598646, "raw_average_key_size": 41, "raw_value_size": 56775895, "raw_average_value_size": 95, "num_data_blocks": 16742, "num_entries": 597641, "filter_policy_name": "rocksdb.BuiltinBloomFilter", "kDeletedKeys": "0", "kMergeOperands": "0"}}
[7655] 01-07 03:33:43,322 INFO [RocksDB][db/compaction_job.cc:1211] [0] [JOB 9] Generated table #40: 597608 keys, 68989822 bytes
[7655] 01-07 03:33:43,322 INFO [RocksDB]EVENT_LOG_v1 {"time_micros": 1578368023322793, "cf_name": "0", "job": 9, "event": "table_file_creation", "file_number": 40, "file_size": 68989822, "table_properties": {"data_size": 67111822, "index_size": 888934, "filter_size": 988035, "raw_key_size": 24597482, "raw_average_key_size": 41, "raw_value_size": 56772760, "raw_average_value_size": 95, "num_data_blocks": 16743, "num_entries": 597608, "filter_policy_name": "rocksdb.BuiltinBloomFilter", "kDeletedKeys": "0", "kMergeOperands": "0"}}
[7655] 01-07 03:33:44,596 INFO [RocksDB][db/compaction_job.cc:1211] [0] [JOB 9] Generated table #41: 597570 keys, 68989235 bytes
[7655] 01-07 03:33:44,596 INFO [RocksDB]EVENT_LOG_v1 {"time_micros": 1578368024596340, "cf_name": "0", "job": 9, "event": "table_file_creation", "file_number": 41, "file_size": 68989235, "table_properties": {"data_size": 67110589, "index_size": 889628, "filter_size": 987987, "raw_key_size": 24597021, "raw_average_key_size": 41, "raw_value_size": 56769105, "raw_average_value_size": 94, "num_data_blocks": 16743, "num_entries": 597570, "filter_policy_name": "rocksdb.BuiltinBloomFilter", "kDeletedKeys": "0", "kMergeOperands": "0"}}
[7655] 01-07 03:33:45,976 INFO [RocksDB][db/compaction_job.cc:1211] [0] [JOB 9] Generated table #42: 597631 keys, 68989338 bytes
[7655] 01-07 03:33:45,976 INFO [RocksDB]EVENT_LOG_v1 {"time_micros": 1578368025976538, "cf_name": "0", "job": 9, "event": "table_file_creation", "file_number": 42, "file_size": 68989338, "table_properties": {"data_size": 67111620, "index_size": 888634, "filter_size": 988053, "raw_key_size": 24598883, "raw_average_key_size": 41, "raw_value_size": 56774954, "raw_average_value_size": 95, "num_data_blocks": 16742, "num_entries": 597631, "filter_policy_name": "rocksdb.BuiltinBloomFilter", "kDeletedKeys": "0", "kMergeOperands": "0"}}
[7655] 01-07 03:33:47,276 INFO [RocksDB][db/compaction_job.cc:1211] [0] [JOB 9] Generated table #43: 597623 keys, 68987713 bytes
[7655] 01-07 03:33:47,276 INFO [RocksDB]EVENT_LOG_v1 {"time_micros": 1578368027276854, "cf_name": "0", "job": 9, "event": "table_file_creation", "file_number": 43, "file_size": 68987713, "table_properties": {"data_size": 67110171, "index_size": 888481, "filter_size": 988030, "raw_key_size": 24599787, "raw_average_key_size": 41, "raw_value_size": 56774221, "raw_average_value_size": 95, "num_data_blocks": 16741, "num_entries": 597623, "filter_policy_name": "rocksdb.BuiltinBloomFilter", "kDeletedKeys": "0", "kMergeOperands": "0"}}
[7655] 01-07 03:33:48,580 INFO [RocksDB][db/compaction_job.cc:1211] [0] [JOB 9] Generated table #44: 597608 keys, 68987215 bytes
[7655] 01-07 03:33:48,581 INFO [RocksDB]EVENT_LOG_v1 {"time_micros": 1578368028581017, "cf_name": "0", "job": 9, "event": "table_file_creation", "file_number": 44, "file_size": 68987215, "table_properties": {"data_size": 67109382, "index_size": 888789, "filter_size": 988013, "raw_key_size": 24600111, "raw_average_key_size": 41, "raw_value_size": 56772760, "raw_average_value_size": 95, "num_data_blocks": 16741, "num_entries": 597608, "filter_policy_name": "rocksdb.BuiltinBloomFilter", "kDeletedKeys": "0", "kMergeOperands": "0"}}
[7655] 01-07 03:33:49,891 INFO [RocksDB][db/compaction_job.cc:1211] [0] [JOB 9] Generated table #45: 597586 keys, 68987966 bytes
[7655] 01-07 03:33:49,891 INFO [RocksDB]EVENT_LOG_v1 {"time_micros": 1578368029891309, "cf_name": "0", "job": 9, "event": "table_file_creation", "file_number": 45, "file_size": 68987966, "table_properties": {"data_size": 67109953, "index_size": 888986, "filter_size": 987996, "raw_key_size": 24597069, "raw_average_key_size": 41, "raw_value_size": 56770670, "raw_average_value_size": 95, "num_data_blocks": 16742, "num_entries": 597586, "filter_policy_name": "rocksdb.BuiltinBloomFilter", "kDeletedKeys": "0", "kMergeOperands": "0"}}
[7655] 01-07 03:33:51,190 INFO [RocksDB][db/compaction_job.cc:1211] [0] [JOB 9] Generated table #46: 597638 keys, 68990203 bytes
[7655] 01-07 03:33:51,190 INFO [RocksDB]EVENT_LOG_v1 {"time_micros": 1578368031190892, "cf_name": "0", "job": 9, "event": "table_file_creation", "file_number": 46, "file_size": 68990203, "table_properties": {"data_size": 67112079, "index_size": 889022, "filter_size": 988071, "raw_key_size": 24602462, "raw_average_key_size": 41, "raw_value_size": 56775583, "raw_average_value_size": 94, "num_data_blocks": 16743, "num_entries": 597638, "filter_policy_name": "rocksdb.BuiltinBloomFilter", "kDeletedKeys": "0", "kMergeOperands": "0"}}
[7655] 01-07 03:33:52,499 INFO [RocksDB][db/compaction_job.cc:1211] [0] [JOB 9] Generated table #47: 597597 keys, 68986827 bytes
[7655] 01-07 03:33:52,499 INFO [RocksDB]EVENT_LOG_v1 {"time_micros": 1578368032499702, "cf_name": "0", "job": 9, "event": "table_file_creation", "file_number": 47, "file_size": 68986827, "table_properties": {"data_size": 67109358, "index_size": 888429, "filter_size": 988009, "raw_key_size": 24597090, "raw_average_key_size": 41, "raw_value_size": 56771715, "raw_average_value_size": 95, "num_data_blocks": 16742, "num_entries": 597597, "filter_policy_name": "rocksdb.BuiltinBloomFilter", "kDeletedKeys": "0", "kMergeOperands": "0"}}
[7655] 01-07 03:33:53,878 INFO [RocksDB][db/compaction_job.cc:1211] [0] [JOB 9] Generated table #48: 597618 keys, 68988114 bytes
[7655] 01-07 03:33:53,878 INFO [RocksDB]EVENT_LOG_v1 {"time_micros": 1578368033878950, "cf_name": "0", "job": 9, "event": "table_file_creation", "file_number": 48, "file_size": 68988114, "table_properties": {"data_size": 67110246, "index_size": 888803, "filter_size": 988034, "raw_key_size": 24600314, "raw_average_key_size": 41, "raw_value_size": 56773701, "raw_average_value_size": 94, "num_data_blocks": 16742, "num_entries": 597618, "filter_policy_name": "rocksdb.BuiltinBloomFilter", "kDeletedKeys": "0", "kMergeOperands": "0"}}
[7655] 01-07 03:33:55,255 INFO [RocksDB][db/compaction_job.cc:1211] [0] [JOB 9] Generated table #49: 597598 keys, 68988888 bytes
[7655] 01-07 03:33:55,256 INFO [RocksDB]EVENT_LOG_v1 {"time_micros": 1578368035256012, "cf_name": "0", "job": 9, "event": "table_file_creation", "file_number": 49, "file_size": 68988888, "table_properties": {"data_size": 67110527, "index_size": 889311, "filter_size": 988019, "raw_key_size": 24600051, "raw_average_key_size": 41, "raw_value_size": 56771819, "raw_average_value_size": 95, "num_data_blocks": 16743, "num_entries": 597598, "filter_policy_name": "rocksdb.BuiltinBloomFilter", "kDeletedKeys": "0", "kMergeOperands": "0"}}
[7655] 01-07 03:33:55,711 INFO [RocksDB][db/compaction_job.cc:1211] [0] [JOB 9] Generated table #50: 242246 keys, 27958784 bytes
[7655] 01-07 03:33:55,711 INFO [RocksDB]EVENT_LOG_v1 {"time_micros": 1578368035711698, "cf_name": "0", "job": 9, "event": "table_file_creation", "file_number": 50, "file_size": 27958784, "table_properties": {"data_size": 27199172, "index_size": 358161, "filter_size": 400421, "raw_key_size": 9870677, "raw_average_key_size": 40, "raw_value_size": 23013406, "raw_average_value_size": 95, "num_data_blocks": 6781, "num_entries": 242246, "filter_policy_name": "rocksdb.BuiltinBloomFilter", "kDeletedKeys": "0", "kMergeOperands": "0"}}
[7655] 01-07 03:33:55,713 INFO [RocksDB][db/compaction_job.cc:1287] [0] [JOB 9] Compacted 2@0 + 8@1 files to L1 => 1201599668 bytes
[7655] 01-07 03:33:55,715 INFO [RocksDB](Original Log Time 2020/01/07-03:33:55.715140) [db/compaction_job.cc:685] [0] compacted to: base level 1 max bytes base 536870912 files[0 18 2 0 0 0 0] max score 2.24, MB/sec: 52.1 rd, 52.1 wr, level 1, files in(2, 8) out(18) MB in(663.1, 483.2) out(1145.9), read-write-amplify(3.5) write-amplify(1.7) OK, records in: 11028836, records dropped: 1 output_compression: NoCompression

[7655] 01-07 03:33:55,715 INFO [RocksDB](Original Log Time 2020/01/07-03:33:55.715157) EVENT_LOG_v1 {"time_micros": 1578368035715150, "job": 9, "event": "compaction_finished", "compaction_time_micros": 23078480, "output_level": 1, "num_output_files": 18, "total_output_size": 1201599668, "num_input_records": 11028836, "num_output_records": 11028835, "num_subcompactions": 1, "output_compression": "NoCompression", "num_single_delete_mismatches": 0, "num_single_delete_fallthrough": 0, "lsm_state": [0, 18, 2, 0, 0, 0, 0]}
[7655] 01-07 03:33:55,715 INFO [RocksDB][db/compaction_job.cc:1531] [0] [JOB 10] Compacting 1@1 + 1@2 files to L2, score 2.24
[7655] 01-07 03:33:55,715 INFO [RocksDB][db/compaction_job.cc:1535] [0] Compaction start summary: Base version 10 Base level 1, inputs: [33(66MB)], [26(52MB)]

[7655] 01-07 03:33:55,715 INFO [RocksDB]EVENT_LOG_v1 {"time_micros": 1578368035715266, "job": 10, "event": "compaction_started", "compaction_reason": "LevelMaxLevelSize", "files_L1": [33], "files_L2": [26], "score": 2.23815, "input_data_size": 124521259}
[7655] 01-07 03:33:55,750 INFO [RocksDB]EVENT_LOG_v1 {"time_micros": 1578368035750265, "job": 0, "event": "table_file_deletion", "file_number": 32}
[7655] 01-07 03:33:55,783 INFO [RocksDB]EVENT_LOG_v1 {"time_micros": 1578368035783814, "job": 0, "event": "table_file_deletion", "file_number": 29}
[7655] 01-07 03:33:55,786 INFO [RocksDB]EVENT_LOG_v1 {"time_micros": 1578368035786178, "job": 0, "event": "table_file_deletion", "file_number": 25}
[7655] 01-07 03:33:55,792 INFO [RocksDB]EVENT_LOG_v1 {"time_micros": 1578368035792829, "job": 0, "event": "table_file_deletion", "file_number": 24}
[7655] 01-07 03:33:55,799 INFO [RocksDB]EVENT_LOG_v1 {"time_micros": 1578368035799440, "job": 0, "event": "table_file_deletion", "file_number": 23}
[7655] 01-07 03:33:55,806 INFO [RocksDB]EVENT_LOG_v1 {"time_micros": 1578368035806008, "job": 0, "event": "table_file_deletion", "file_number": 22}
[7655] 01-07 03:33:55,812 INFO [RocksDB]EVENT_LOG_v1 {"time_micros": 1578368035812631, "job": 0, "event": "table_file_deletion", "file_number": 20}
[7655] 01-07 03:33:55,819 INFO [RocksDB]EVENT_LOG_v1 {"time_micros": 1578368035819515, "job": 0, "event": "table_file_deletion", "file_number": 19}
[7655] 01-07 03:33:55,826 INFO [RocksDB]EVENT_LOG_v1 {"time_micros": 1578368035826387, "job": 0, "event": "table_file_deletion", "file_number": 18}
[7655] 01-07 03:33:55,832 INFO [RocksDB]EVENT_LOG_v1 {"time_micros": 1578368035832992, "job": 0, "event": "table_file_deletion", "file_number": 17}
[7655] 01-07 03:33:59,160 INFO [RocksDB][db/compaction_job.cc:1211] [0] [JOB 10] Generated table #51: 2080645 keys, 70714430 bytes
[7655] 01-07 03:33:59,160 INFO [RocksDB]EVENT_LOG_v1 {"time_micros": 1578368039160404, "cf_name": "0", "job": 10, "event": "table_file_creation", "file_number": 51, "file_size": 70714430, "table_properties": {"data_size": 67111829, "index_size": 1471239, "filter_size": 2808839, "raw_key_size": 101341282, "raw_average_key_size": 48, "raw_value_size": 24772476, "raw_average_value_size": 11, "num_data_blocks": 24042, "num_entries": 2080645, "filter_policy_name": "rocksdb.BuiltinBloomFilter", "kDeletedKeys": "0", "kMergeOperands": "0"}}
[7655] 01-07 03:33:59,867 INFO [RocksDB][db/compaction_job.cc:1211] [0] [JOB 10] Generated table #52: 324556 keys, 37248322 bytes
[7655] 01-07 03:33:59,867 INFO [RocksDB]EVENT_LOG_v1 {"time_micros": 1578368039867855, "cf_name": "0", "job": 10, "event": "table_file_creation", "file_number": 52, "file_size": 37248322, "table_properties": {"data_size": 36447764, "index_size": 482389, "filter_size": 536597, "raw_key_size": 13358916, "raw_average_key_size": 41, "raw_value_size": 30832730, "raw_average_value_size": 94, "num_data_blocks": 9093, "num_entries": 324556, "filter_policy_name": "rocksdb.BuiltinBloomFilter", "kDeletedKeys": "0", "kMergeOperands": "0"}}
[7655] 01-07 03:33:59,869 INFO [RocksDB][db/compaction_job.cc:1287] [0] [JOB 10] Compacted 1@1 + 1@2 files to L2 => 107962752 bytes
[7655] 01-07 03:33:59,870 INFO [RocksDB](Original Log Time 2020/01/07-03:33:59.870781) [db/compaction_job.cc:685] [0] compacted to: base level 1 max bytes base 536870912 files[0 17 3 0 0 0 0] max score 2.11, MB/sec: 30.0 rd, 26.0 wr, level 2, files in(1, 1) out(2) MB in(66.6, 52.2) out(103.0), read-write-amplify(3.3) write-amplify(1.5) OK, records in: 2405202, records dropped: 1 output_compression: Snappy

[7655] 01-07 03:33:59,870 INFO [RocksDB](Original Log Time 2020/01/07-03:33:59.870809) EVENT_LOG_v1 {"time_micros": 1578368039870792, "job": 10, "event": "compaction_finished", "compaction_time_micros": 4153809, "output_level": 2, "num_output_files": 2, "total_output_size": 107962752, "num_input_records": 2405202, "num_output_records": 2405201, "num_subcompactions": 1, "output_compression": "Snappy", "num_single_delete_mismatches": 0, "num_single_delete_fallthrough": 0, "lsm_state": [0, 17, 3, 0, 0, 0, 0]}
[7655] 01-07 03:33:59,870 INFO [RocksDB][db/compaction_job.cc:1531] [0] [JOB 11] Compacting 1@1 files to L2, score 2.11
[7655] 01-07 03:33:59,870 INFO [RocksDB][db/compaction_job.cc:1535] [0] Compaction start summary: Base version 11 Base level 1, inputs: [36(65MB)]

[7655] 01-07 03:33:59,870 INFO [RocksDB]EVENT_LOG_v1 {"time_micros": 1578368039870874, "job": 11, "event": "compaction_started", "compaction_reason": "LevelMaxLevelSize", "files_L1": [36], "score": 2.1081, "input_data_size": 68990971}
[7655] 01-07 03:33:59,878 INFO [RocksDB]EVENT_LOG_v1 {"time_micros": 1578368039878257, "job": 0, "event": "table_file_deletion", "file_number": 33}
[7655] 01-07 03:33:59,883 INFO [RocksDB]EVENT_LOG_v1 {"time_micros": 1578368039883882, "job": 0, "event": "table_file_deletion", "file_number": 26}
[7655] 01-07 03:34:01,173 INFO [RocksDB][db/compaction_job.cc:1211] [0] [JOB 11] Generated table #53: 597604 keys, 68585532 bytes
[7655] 01-07 03:34:01,173 INFO [RocksDB]EVENT_LOG_v1 {"time_micros": 1578368041173335, "cf_name": "0", "job": 11, "event": "table_file_creation", "file_number": 53, "file_size": 68585532, "table_properties": {"data_size": 67112437, "index_size": 889454, "filter_size": 988049, "raw_key_size": 24599800, "raw_average_key_size": 41, "raw_value_size": 56772344, "raw_average_value_size": 94, "num_data_blocks": 16745, "num_entries": 597604, "filter_policy_name": "rocksdb.BuiltinBloomFilter", "kDeletedKeys": "0", "kMergeOperands": "0"}}
[7655] 01-07 03:34:01,174 INFO [RocksDB][db/compaction_job.cc:1287] [0] [JOB 11] Compacted 1@1 files to L2 => 68585532 bytes
[7655] 01-07 03:34:01,176 INFO [RocksDB](Original Log Time 2020/01/07-03:34:01.176143) [db/compaction_job.cc:685] [0] compacted to: base level 1 max bytes base 536870912 files[0 16 4 0 0 0 0] max score 1.98, MB/sec: 52.9 rd, 52.6 wr, level 2, files in(1, 0) out(1) MB in(65.8, 0.0) out(65.4), read-write-amplify(2.0) write-amplify(1.0) OK, records in: 597604, records dropped: 0 output_compression: Snappy

[7655] 01-07 03:34:01,176 INFO [RocksDB](Original Log Time 2020/01/07-03:34:01.176157) EVENT_LOG_v1 {"time_micros": 1578368041176151, "job": 11, "event": "compaction_finished", "compaction_time_micros": 1303601, "output_level": 2, "num_output_files": 1, "total_output_size": 68585532, "num_input_records": 597604, "num_output_records": 597604, "num_subcompactions": 1, "output_compression": "Snappy", "num_single_delete_mismatches": 0, "num_single_delete_fallthrough": 0, "lsm_state": [0, 16, 4, 0, 0, 0, 0]}
[7655] 01-07 03:34:01,176 INFO [RocksDB][db/compaction_job.cc:1531] [0] [JOB 12] Compacting 1@1 files to L2, score 1.98
[7655] 01-07 03:34:01,176 INFO [RocksDB][db/compaction_job.cc:1535] [0] Compaction start summary: Base version 12 Base level 1, inputs: [46(65MB)]

[7655] 01-07 03:34:01,176 INFO [RocksDB]EVENT_LOG_v1 {"time_micros": 1578368041176230, "job": 12, "event": "compaction_started", "compaction_reason": "LevelMaxLevelSize", "files_L1": [46], "score": 1.9796, "input_data_size": 68990203}
[7655] 01-07 03:34:01,183 INFO [RocksDB]EVENT_LOG_v1 {"time_micros": 1578368041183045, "job": 0, "event": "table_file_deletion", "file_number": 36}
[7655] 01-07 03:34:02,486 INFO [RocksDB][db/compaction_job.cc:1211] [0] [JOB 12] Generated table #54: 597638 keys, 68584719 bytes
[7655] 01-07 03:34:02,486 INFO [RocksDB]EVENT_LOG_v1 {"time_micros": 1578368042486831, "cf_name": "0", "job": 12, "event": "table_file_creation", "file_number": 54, "file_size": 68584719, "table_properties": {"data_size": 67112079, "index_size": 889022, "filter_size": 988071, "raw_key_size": 24602462, "raw_average_key_size": 41, "raw_value_size": 56775583, "raw_average_value_size": 94, "num_data_blocks": 16743, "num_entries": 597638, "filter_policy_name": "rocksdb.BuiltinBloomFilter", "kDeletedKeys": "0", "kMergeOperands": "0"}}
[7655] 01-07 03:34:02,488 INFO [RocksDB][db/compaction_job.cc:1287] [0] [JOB 12] Compacted 1@1 files to L2 => 68584719 bytes
[7655] 01-07 03:34:02,489 INFO [RocksDB](Original Log Time 2020/01/07-03:34:02.489842) [db/compaction_job.cc:685] [0] compacted to: base level 1 max bytes base 536870912 files[0 15 5 0 0 0 0] max score 1.85, MB/sec: 52.6 rd, 52.3 wr, level 2, files in(1, 0) out(1) MB in(65.8, 0.0) out(65.4), read-write-amplify(2.0) write-amplify(1.0) OK, records in: 597638, records dropped: 0 output_compression: Snappy

[7655] 01-07 03:34:02,489 INFO [RocksDB](Original Log Time 2020/01/07-03:34:02.489855) EVENT_LOG_v1 {"time_micros": 1578368042489850, "job": 12, "event": "compaction_finished", "compaction_time_micros": 1311864, "output_level": 2, "num_output_files": 1, "total_output_size": 68584719, "num_input_records": 597638, "num_output_records": 597638, "num_subcompactions": 1, "output_compression": "Snappy", "num_single_delete_mismatches": 0, "num_single_delete_fallthrough": 0, "lsm_state": [0, 15, 5, 0, 0, 0, 0]}
[7655] 01-07 03:34:02,489 INFO [RocksDB][db/compaction_job.cc:1531] [0] [JOB 13] Compacting 1@1 files to L2, score 1.85
[7655] 01-07 03:34:02,489 INFO [RocksDB][db/compaction_job.cc:1535] [0] Compaction start summary: Base version 13 Base level 1, inputs: [39(65MB)]

[7655] 01-07 03:34:02,489 INFO [RocksDB]EVENT_LOG_v1 {"time_micros": 1578368042489920, "job": 13, "event": "compaction_started", "compaction_reason": "LevelMaxLevelSize", "files_L1": [39], "score": 1.85109, "input_data_size": 68989858}
[7655] 01-07 03:34:02,497 INFO [RocksDB]EVENT_LOG_v1 {"time_micros": 1578368042497021, "job": 0, "event": "table_file_deletion", "file_number": 46}
[7655] 01-07 03:34:03,788 INFO [RocksDB][db/compaction_job.cc:1211] [0] [JOB 13] Generated table #55: 597641 keys, 68585133 bytes
[7655] 01-07 03:34:03,788 INFO [RocksDB]EVENT_LOG_v1 {"time_micros": 1578368043788140, "cf_name": "0", "job": 13, "event": "table_file_creation", "file_number": 55, "file_size": 68585133, "table_properties": {"data_size": 67112472, "index_size": 888290, "filter_size": 988065, "raw_key_size": 24598646, "raw_average_key_size": 41, "raw_value_size": 56775895, "raw_average_value_size": 95, "num_data_blocks": 16742, "num_entries": 597641, "filter_policy_name": "rocksdb.BuiltinBloomFilter", "kDeletedKeys": "0", "kMergeOperands": "0"}}
[7655] 01-07 03:34:03,789 INFO [RocksDB][db/compaction_job.cc:1287] [0] [JOB 13] Compacted 1@1 files to L2 => 68585133 bytes
[7655] 01-07 03:34:03,791 INFO [RocksDB](Original Log Time 2020/01/07-03:34:03.791408) [db/compaction_job.cc:685] [0] compacted to: base level 1 max bytes base 536870912 files[0 14 6 0 0 0 0] max score 1.72, MB/sec: 53.1 rd, 52.8 wr, level 2, files in(1, 0) out(1) MB in(65.8, 0.0) out(65.4), read-write-amplify(2.0) write-amplify(1.0) OK, records in: 597641, records dropped: 0 output_compression: Snappy

[7655] 01-07 03:34:03,791 INFO [RocksDB](Original Log Time 2020/01/07-03:34:03.791434) EVENT_LOG_v1 {"time_micros": 1578368043791417, "job": 13, "event": "compaction_finished", "compaction_time_micros": 1299529, "output_level": 2, "num_output_files": 1, "total_output_size": 68585133, "num_input_records": 597641, "num_output_records": 597641, "num_subcompactions": 1, "output_compression": "Snappy", "num_single_delete_mismatches": 0, "num_single_delete_fallthrough": 0, "lsm_state": [0, 14, 6, 0, 0, 0, 0]}
[7655] 01-07 03:34:03,798 INFO [RocksDB]EVENT_LOG_v1 {"time_micros": 1578368043798488, "job": 13, "event": "table_file_deletion", "file_number": 39}
[7655] 01-07 03:34:03,798 INFO [RocksDB][db/compaction_job.cc:1531] [0] [JOB 14] Compacting 1@1 files to L2, score 1.72
[7655] 01-07 03:34:03,798 INFO [RocksDB][db/compaction_job.cc:1535] [0] Compaction start summary: Base version 14 Base level 1, inputs: [40(65MB)]

[7655] 01-07 03:34:03,798 INFO [RocksDB]EVENT_LOG_v1 {"time_micros": 1578368043798537, "job": 14, "event": "compaction_started", "compaction_reason": "LevelMaxLevelSize", "files_L1": [40], "score": 1.72259, "input_data_size": 68989822}
[7655] 01-07 03:34:05,096 INFO [RocksDB][db/compaction_job.cc:1211] [0] [JOB 14] Generated table #56: 597608 keys, 68584435 bytes
[7655] 01-07 03:34:05,096 INFO [RocksDB]EVENT_LOG_v1 {"time_micros": 1578368045096406, "cf_name": "0", "job": 14, "event": "table_file_creation", "file_number": 56, "file_size": 68584435, "table_properties": {"data_size": 67111822, "index_size": 888934, "filter_size": 988035, "raw_key_size": 24597482, "raw_average_key_size": 41, "raw_value_size": 56772760, "raw_average_value_size": 95, "num_data_blocks": 16743, "num_entries": 597608, "filter_policy_name": "rocksdb.BuiltinBloomFilter", "kDeletedKeys": "0", "kMergeOperands": "0"}}
[7655] 01-07 03:34:05,097 INFO [RocksDB][db/compaction_job.cc:1287] [0] [JOB 14] Compacted 1@1 files to L2 => 68584435 bytes
[7655] 01-07 03:34:05,099 INFO [RocksDB](Original Log Time 2020/01/07-03:34:05.099679) [db/compaction_job.cc:685] [0] compacted to: base level 1 max bytes base 536870912 files[0 13 7 0 0 0 0] max score 1.59, MB/sec: 53.1 rd, 52.8 wr, level 2, files in(1, 0) out(1) MB in(65.8, 0.0) out(65.4), read-write-amplify(2.0) write-amplify(1.0) OK, records in: 597608, records dropped: 0 output_compression: Snappy

[7655] 01-07 03:34:05,099 INFO [RocksDB](Original Log Time 2020/01/07-03:34:05.099704) EVENT_LOG_v1 {"time_micros": 1578368045099688, "job": 14, "event": "compaction_finished", "compaction_time_micros": 1299292, "output_level": 2, "num_output_files": 1, "total_output_size": 68584435, "num_input_records": 597608, "num_output_records": 597608, "num_subcompactions": 1, "output_compression": "Snappy", "num_single_delete_mismatches": 0, "num_single_delete_fallthrough": 0, "lsm_state": [0, 13, 7, 0, 0, 0, 0]}
[7655] 01-07 03:34:05,106 INFO [RocksDB]EVENT_LOG_v1 {"time_micros": 1578368045106974, "job": 14, "event": "table_file_deletion", "file_number": 40}
[7655] 01-07 03:34:05,107 INFO [RocksDB][db/compaction_job.cc:1531] [0] [JOB 15] Compacting 1@1 files to L2, score 1.59
[7655] 01-07 03:34:05,107 INFO [RocksDB][db/compaction_job.cc:1535] [0] Compaction start summary: Base version 15 Base level 1, inputs: [38(65MB)]

[7655] 01-07 03:34:05,107 INFO [RocksDB]EVENT_LOG_v1 {"time_micros": 1578368045107021, "job": 15, "event": "compaction_started", "compaction_reason": "LevelMaxLevelSize", "files_L1": [38], "score": 1.59408, "input_data_size": 68989369}
[7655] 01-07 03:34:06,411 INFO [RocksDB][db/compaction_job.cc:1211] [0] [JOB 15] Generated table #57: 597632 keys, 68584304 bytes
[7655] 01-07 03:34:06,412 INFO [RocksDB]EVENT_LOG_v1 {"time_micros": 1578368046411995, "cf_name": "0", "job": 15, "event": "table_file_creation", "file_number": 57, "file_size": 68584304, "table_properties": {"data_size": 67111710, "index_size": 888574, "filter_size": 988054, "raw_key_size": 24599552, "raw_average_key_size": 41, "raw_value_size": 56775058, "raw_average_value_size": 95, "num_data_blocks": 16742, "num_entries": 597632, "filter_policy_name": "rocksdb.BuiltinBloomFilter", "kDeletedKeys": "0", "kMergeOperands": "0"}}
[7655] 01-07 03:34:06,413 INFO [RocksDB][db/compaction_job.cc:1287] [0] [JOB 15] Compacted 1@1 files to L2 => 68584304 bytes
[7655] 01-07 03:34:06,415 INFO [RocksDB](Original Log Time 2020/01/07-03:34:06.415126) [db/compaction_job.cc:685] [0] compacted to: base level 1 max bytes base 536870912 files[0 12 8 0 0 0 0] max score 1.47, MB/sec: 52.8 rd, 52.5 wr, level 2, files in(1, 0) out(1) MB in(65.8, 0.0) out(65.4), read-write-amplify(2.0) write-amplify(1.0) OK, records in: 597632, records dropped: 0 output_compression: Snappy

[7655] 01-07 03:34:06,415 INFO [RocksDB](Original Log Time 2020/01/07-03:34:06.415154) EVENT_LOG_v1 {"time_micros": 1578368046415148, "job": 15, "event": "compaction_finished", "compaction_time_micros": 1306370, "output_level": 2, "num_output_files": 1, "total_output_size": 68584304, "num_input_records": 597632, "num_output_records": 597632, "num_subcompactions": 1, "output_compression": "Snappy", "num_single_delete_mismatches": 0, "num_single_delete_fallthrough": 0, "lsm_state": [0, 12, 8, 0, 0, 0, 0]}
[7655] 01-07 03:34:06,415 INFO [RocksDB][db/compaction_job.cc:1531] [0] [JOB 16] Compacting 1@1 files to L2, score 1.47
[7655] 01-07 03:34:06,415 INFO [RocksDB][db/compaction_job.cc:1535] [0] Compaction start summary: Base version 16 Base level 1, inputs: [42(65MB)]

[7655] 01-07 03:34:06,415 INFO [RocksDB]EVENT_LOG_v1 {"time_micros": 1578368046415228, "job": 16, "event": "compaction_started", "compaction_reason": "LevelMaxLevelSize", "files_L1": [42], "score": 1.46558, "input_data_size": 68989338}
[7655] 01-07 03:34:06,421 INFO [RocksDB]EVENT_LOG_v1 {"time_micros": 1578368046421899, "job": 0, "event": "table_file_deletion", "file_number": 38}
[7655] 01-07 03:34:07,712 INFO [RocksDB][db/compaction_job.cc:1211] [0] [JOB 16] Generated table #58: 597631 keys, 68584310 bytes
[7655] 01-07 03:34:07,712 INFO [RocksDB]EVENT_LOG_v1 {"time_micros": 1578368047712486, "cf_name": "0", "job": 16, "event": "table_file_creation", "file_number": 58, "file_size": 68584310, "table_properties": {"data_size": 67111620, "index_size": 888634, "filter_size": 988053, "raw_key_size": 24598883, "raw_average_key_size": 41, "raw_value_size": 56774954, "raw_average_value_size": 95, "num_data_blocks": 16742, "num_entries": 597631, "filter_policy_name": "rocksdb.BuiltinBloomFilter", "kDeletedKeys": "0", "kMergeOperands": "0"}}
[7655] 01-07 03:34:07,713 INFO [RocksDB][db/compaction_job.cc:1287] [0] [JOB 16] Compacted 1@1 files to L2 => 68584310 bytes
[7655] 01-07 03:34:07,715 INFO [RocksDB](Original Log Time 2020/01/07-03:34:07.715555) [db/compaction_job.cc:685] [0] compacted to: base level 1 max bytes base 536870912 files[0 11 9 0 0 0 0] max score 1.34, MB/sec: 53.1 rd, 52.8 wr, level 2, files in(1, 0) out(1) MB in(65.8, 0.0) out(65.4), read-write-amplify(2.0) write-amplify(1.0) OK, records in: 597631, records dropped: 0 output_compression: Snappy

[7655] 01-07 03:34:07,715 INFO [RocksDB](Original Log Time 2020/01/07-03:34:07.715579) EVENT_LOG_v1 {"time_micros": 1578368047715563, "job": 16, "event": "compaction_finished", "compaction_time_micros": 1298556, "output_level": 2, "num_output_files": 1, "total_output_size": 68584310, "num_input_records": 597631, "num_output_records": 597631, "num_subcompactions": 1, "output_compression": "Snappy", "num_single_delete_mismatches": 0, "num_single_delete_fallthrough": 0, "lsm_state": [0, 11, 9, 0, 0, 0, 0]}
[7655] 01-07 03:34:07,722 INFO [RocksDB]EVENT_LOG_v1 {"time_micros": 1578368047722978, "job": 16, "event": "table_file_deletion", "file_number": 42}
[7655] 01-07 03:34:07,723 INFO [RocksDB][db/compaction_job.cc:1531] [0] [JOB 17] Compacting 1@1 files to L2, score 1.34
[7655] 01-07 03:34:07,723 INFO [RocksDB][db/compaction_job.cc:1535] [0] Compaction start summary: Base version 17 Base level 1, inputs: [41(65MB)]

[7655] 01-07 03:34:07,723 INFO [RocksDB]EVENT_LOG_v1 {"time_micros": 1578368047723026, "job": 17, "event": "compaction_started", "compaction_reason": "LevelMaxLevelSize", "files_L1": [41], "score": 1.33708, "input_data_size": 68989235}
[7655] 01-07 03:34:09,030 INFO [RocksDB][db/compaction_job.cc:1211] [0] [JOB 17] Generated table #59: 597570 keys, 68584010 bytes
[7655] 01-07 03:34:09,030 INFO [RocksDB]EVENT_LOG_v1 {"time_micros": 1578368049030427, "cf_name": "0", "job": 17, "event": "table_file_creation", "file_number": 59, "file_size": 68584010, "table_properties": {"data_size": 67110589, "index_size": 889628, "filter_size": 987987, "raw_key_size": 24597021, "raw_average_key_size": 41, "raw_value_size": 56769105, "raw_average_value_size": 94, "num_data_blocks": 16743, "num_entries": 597570, "filter_policy_name": "rocksdb.BuiltinBloomFilter", "kDeletedKeys": "0", "kMergeOperands": "0"}}
[7655] 01-07 03:34:09,032 INFO [RocksDB][db/compaction_job.cc:1287] [0] [JOB 17] Compacted 1@1 files to L2 => 68584010 bytes
[7655] 01-07 03:34:09,033 INFO [RocksDB](Original Log Time 2020/01/07-03:34:09.033945) [db/compaction_job.cc:685] [0] compacted to: base level 1 max bytes base 536870912 files[0 10 10 0 0 0 0] max score 1.21, MB/sec: 52.7 rd, 52.4 wr, level 2, files in(1, 0) out(1) MB in(65.8, 0.0) out(65.4), read-write-amplify(2.0) write-amplify(1.0) OK, records in: 597570, records dropped: 0 output_compression: Snappy

[7655] 01-07 03:34:09,034 INFO [RocksDB](Original Log Time 2020/01/07-03:34:09.033971) EVENT_LOG_v1 {"time_micros": 1578368049033954, "job": 17, "event": "compaction_finished", "compaction_time_micros": 1309018, "output_level": 2, "num_output_files": 1, "total_output_size": 68584010, "num_input_records": 597570, "num_output_records": 597570, "num_subcompactions": 1, "output_compression": "Snappy", "num_single_delete_mismatches": 0, "num_single_delete_fallthrough": 0, "lsm_state": [0, 10, 10, 0, 0, 0, 0]}
[7655] 01-07 03:34:09,041 INFO [RocksDB]EVENT_LOG_v1 {"time_micros": 1578368049041483, "job": 17, "event": "table_file_deletion", "file_number": 41}
[7655] 01-07 03:34:09,041 INFO [RocksDB][db/compaction_picker.cc:485] [0] Expanding@1 1+2(68989154+105837460 bytes) to 2+2 (137977382+105837460 bytes)

[7655] 01-07 03:34:09,041 INFO [RocksDB][db/compaction_job.cc:1531] [0] [JOB 18] Compacting 2@1 + 2@2 files to L2, score 1.21
[7655] 01-07 03:34:09,041 INFO [RocksDB][db/compaction_job.cc:1535] [0] Compaction start summary: Base version 18 Base level 1, inputs: [34(65MB) 35(65MB)], [52(35MB) 27(65MB)]

[7655] 01-07 03:34:09,041 INFO [RocksDB]EVENT_LOG_v1 {"time_micros": 1578368049041548, "job": 18, "event": "compaction_started", "compaction_reason": "LevelMaxLevelSize", "files_L1": [34, 35], "files_L2": [52, 27], "score": 1.20858, "input_data_size": 243814842}
[7655] 01-07 03:34:10,340 INFO [RocksDB][db/compaction_job.cc:1211] [0] [JOB 18] Generated table #60: 597625 keys, 68584137 bytes
[7655] 01-07 03:34:10,340 INFO [RocksDB]EVENT_LOG_v1 {"time_micros": 1578368050340918, "cf_name": "0", "job": 18, "event": "table_file_creation", "file_number": 60, "file_size": 68584137, "table_properties": {"data_size": 67111386, "index_size": 888764, "filter_size": 988047, "raw_key_size": 24600248, "raw_average_key_size": 41, "raw_value_size": 56774330, "raw_average_value_size": 94, "num_data_blocks": 16742, "num_entries": 597625, "filter_policy_name": "rocksdb.BuiltinBloomFilter", "kDeletedKeys": "0", "kMergeOperands": "0"}}
[7655] 01-07 03:34:11,645 INFO [RocksDB][db/compaction_job.cc:1211] [0] [JOB 18] Generated table #61: 597602 keys, 68582936 bytes
[7655] 01-07 03:34:11,645 INFO [RocksDB]EVENT_LOG_v1 {"time_micros": 1578368051645705, "cf_name": "0", "job": 18, "event": "table_file_creation", "file_number": 61, "file_size": 68582936, "table_properties": {"data_size": 67110256, "index_size": 888503, "filter_size": 988005, "raw_key_size": 24596963, "raw_average_key_size": 41, "raw_value_size": 56772235, "raw_average_value_size": 95, "num_data_blocks": 16741, "num_entries": 597602, "filter_policy_name": "rocksdb.BuiltinBloomFilter", "kDeletedKeys": "0", "kMergeOperands": "0"}}
