[9522] 01-07 03:39:24,407 INFO [RocksDB]RocksDB version: 5.14.2

[9522] 01-07 03:39:24,413 INFO [RocksDB]Git sha rocksdb_build_git_sha:9f703a6b9c3430e30aba2286240e44570994efe6
[9522] 01-07 03:39:24,413 INFO [RocksDB]Compile date Jan  7 2020
[9522] 01-07 03:39:24,413 INFO [RocksDB]DB SUMMARY

[9522] 01-07 03:39:24,413 INFO [RocksDB]SST files in /home/ubuntu/ardb/data/rocksdb dir, Total Num: 0, files: 

[9522] 01-07 03:39:24,413 INFO [RocksDB]Write Ahead Log file in /home/ubuntu/ardb/data/rocksdb: 

[9522] 01-07 03:39:24,413 INFO [RocksDB]                        Options.error_if_exists: 0
[9522] 01-07 03:39:24,413 INFO [RocksDB]                      Options.create_if_missing: 1
[9522] 01-07 03:39:24,413 INFO [RocksDB]                        Options.paranoid_checks: 1
[9522] 01-07 03:39:24,413 INFO [RocksDB]                                    Options.env: 0xbfa6c0
[9522] 01-07 03:39:24,413 INFO [RocksDB]                               Options.info_log: 0x7fca9463f8a0
[9522] 01-07 03:39:24,413 INFO [RocksDB]               Options.max_file_opening_threads: 16
[9522] 01-07 03:39:24,413 INFO [RocksDB]                             Options.statistics: (nil)
[9522] 01-07 03:39:24,413 INFO [RocksDB]                              Options.use_fsync: 0
[9522] 01-07 03:39:24,413 INFO [RocksDB]                      Options.max_log_file_size: 0
[9522] 01-07 03:39:24,413 INFO [RocksDB]                 Options.max_manifest_file_size: 18446744073709551615
[9522] 01-07 03:39:24,413 INFO [RocksDB]                  Options.log_file_time_to_roll: 0
[9522] 01-07 03:39:24,413 INFO [RocksDB]                      Options.keep_log_file_num: 1000
[9522] 01-07 03:39:24,413 INFO [RocksDB]                   Options.recycle_log_file_num: 0
[9522] 01-07 03:39:24,413 INFO [RocksDB]                        Options.allow_fallocate: 1
[9522] 01-07 03:39:24,413 INFO [RocksDB]                       Options.allow_mmap_reads: 0
[9522] 01-07 03:39:24,413 INFO [RocksDB]                      Options.allow_mmap_writes: 0
[9522] 01-07 03:39:24,413 INFO [RocksDB]                       Options.use_direct_reads: 0
[9522] 01-07 03:39:24,413 INFO [RocksDB]                       Options.use_direct_io_for_flush_and_compaction: 0
[9522] 01-07 03:39:24,413 INFO [RocksDB]         Options.create_missing_column_families: 0
[9522] 01-07 03:39:24,413 INFO [RocksDB]                             Options.db_log_dir: 
[9522] 01-07 03:39:24,413 INFO [RocksDB]                                Options.wal_dir: /home/ubuntu/ardb/data/rocksdb
[9522] 01-07 03:39:24,413 INFO [RocksDB]               Options.table_cache_numshardbits: 6
[9522] 01-07 03:39:24,413 INFO [RocksDB]                     Options.max_subcompactions: 1
[9522] 01-07 03:39:24,413 INFO [RocksDB]                 Options.max_background_flushes: -1
[9522] 01-07 03:39:24,413 INFO [RocksDB]                        Options.WAL_ttl_seconds: 0
[9522] 01-07 03:39:24,413 INFO [RocksDB]                      Options.WAL_size_limit_MB: 0
[9522] 01-07 03:39:24,413 INFO [RocksDB]            Options.manifest_preallocation_size: 4194304
[9522] 01-07 03:39:24,413 INFO [RocksDB]                    Options.is_fd_close_on_exec: 1
[9522] 01-07 03:39:24,413 INFO [RocksDB]                  Options.advise_random_on_open: 1
[9522] 01-07 03:39:24,413 INFO [RocksDB]                   Options.db_write_buffer_size: 0
[9522] 01-07 03:39:24,413 INFO [RocksDB]                   Options.write_buffer_manager: 0x7fca94dfa7d0
[9522] 01-07 03:39:24,413 INFO [RocksDB]        Options.access_hint_on_compaction_start: 1
[9522] 01-07 03:39:24,413 INFO [RocksDB] Options.new_table_reader_for_compaction_inputs: 0
[9522] 01-07 03:39:24,413 INFO [RocksDB]          Options.random_access_max_buffer_size: 1048576
[9522] 01-07 03:39:24,413 INFO [RocksDB]                     Options.use_adaptive_mutex: 1
[9522] 01-07 03:39:24,413 INFO [RocksDB]                           Options.rate_limiter: 0x7fca94638540
[9522] 01-07 03:39:24,413 INFO [RocksDB]    Options.sst_file_manager.rate_bytes_per_sec: 0
[9522] 01-07 03:39:24,413 INFO [RocksDB]                      Options.wal_recovery_mode: 2
[9522] 01-07 03:39:24,413 INFO [RocksDB]                 Options.enable_thread_tracking: 0
[9522] 01-07 03:39:24,413 INFO [RocksDB]                 Options.enable_pipelined_write: 1
[9522] 01-07 03:39:24,413 INFO [RocksDB]        Options.allow_concurrent_memtable_write: 1
[9522] 01-07 03:39:24,413 INFO [RocksDB]     Options.enable_write_thread_adaptive_yield: 1
[9522] 01-07 03:39:24,413 INFO [RocksDB]            Options.write_thread_max_yield_usec: 100
[9522] 01-07 03:39:24,413 INFO [RocksDB]           Options.write_thread_slow_yield_usec: 3
[9522] 01-07 03:39:24,413 INFO [RocksDB]                              Options.row_cache: None
[9522] 01-07 03:39:24,413 INFO [RocksDB]                             Options.wal_filter: None
[9522] 01-07 03:39:24,413 INFO [RocksDB]            Options.avoid_flush_during_recovery: 0
[9522] 01-07 03:39:24,413 INFO [RocksDB]            Options.allow_ingest_behind: 0
[9522] 01-07 03:39:24,413 INFO [RocksDB]            Options.preserve_deletes: 0
[9522] 01-07 03:39:24,413 INFO [RocksDB]            Options.two_write_queues: 0
[9522] 01-07 03:39:24,413 INFO [RocksDB]            Options.manual_wal_flush: 0
[9522] 01-07 03:39:24,413 INFO [RocksDB]            Options.max_background_jobs: 16
[9522] 01-07 03:39:24,413 INFO [RocksDB]            Options.max_background_compactions: -1
[9522] 01-07 03:39:24,413 INFO [RocksDB]            Options.avoid_flush_during_shutdown: 0
[9522] 01-07 03:39:24,413 INFO [RocksDB]          Options.writable_file_max_buffer_size: 1048576
[9522] 01-07 03:39:24,413 INFO [RocksDB]            Options.delayed_write_rate : 52428800
[9522] 01-07 03:39:24,413 INFO [RocksDB]            Options.max_total_wal_size: 0
[9522] 01-07 03:39:24,413 INFO [RocksDB]            Options.delete_obsolete_files_period_micros: 21600000000
[9522] 01-07 03:39:24,413 INFO [RocksDB]                  Options.stats_dump_period_sec: 100000
[9522] 01-07 03:39:24,413 INFO [RocksDB]                         Options.max_open_files: 1024
[9522] 01-07 03:39:24,413 INFO [RocksDB]                         Options.bytes_per_sync: 1048576
[9522] 01-07 03:39:24,413 INFO [RocksDB]                     Options.wal_bytes_per_sync: 0
[9522] 01-07 03:39:24,413 INFO [RocksDB]      Options.compaction_readahead_size: 0
[9522] 01-07 03:39:24,413 INFO [RocksDB]Compression algorithms supported:
[9522] 01-07 03:39:24,413 INFO [RocksDB]	kZSTDNotFinalCompression supported: 0
[9522] 01-07 03:39:24,413 INFO [RocksDB]	kZSTD supported: 0
[9522] 01-07 03:39:24,413 INFO [RocksDB]	kXpressCompression supported: 0
[9522] 01-07 03:39:24,413 INFO [RocksDB]	kLZ4HCCompression supported: 0
[9522] 01-07 03:39:24,413 INFO [RocksDB]	kLZ4Compression supported: 0
[9522] 01-07 03:39:24,413 INFO [RocksDB]	kBZip2Compression supported: 0
[9522] 01-07 03:39:24,413 INFO [RocksDB]	kZlibCompression supported: 1
[9522] 01-07 03:39:24,413 INFO [RocksDB]	kSnappyCompression supported: 1
[9522] 01-07 03:39:24,413 INFO [RocksDB]Fast CRC32 supported: Supported on x86
[9522] 01-07 03:39:24,413 INFO [RocksDB][db/db_impl_open.cc:222] Creating manifest 1 

[9522] 01-07 03:39:24,421 INFO [RocksDB][db/version_set.cc:3085] Recovering from manifest file: MANIFEST-000001

[9522] 01-07 03:39:24,421 INFO [RocksDB][db/column_family.cc:475] --------------- Options for column family [default]:

[9522] 01-07 03:39:24,421 INFO [RocksDB]              Options.comparator: ardb.comparator
[9522] 01-07 03:39:24,421 INFO [RocksDB]          Options.merge_operator: ardb.merger
[9522] 01-07 03:39:24,421 INFO [RocksDB]       Options.compaction_filter: None
[9522] 01-07 03:39:24,421 INFO [RocksDB]       Options.compaction_filter_factory: ardb.compact_filter_factory
[9522] 01-07 03:39:24,421 INFO [RocksDB]        Options.memtable_factory: SkipListFactory
[9522] 01-07 03:39:24,421 INFO [RocksDB]           Options.table_factory: BlockBasedTable
[9522] 01-07 03:39:24,421 INFO [RocksDB]           table_factory options:   flush_block_policy_factory: FlushBlockBySizePolicyFactory (0x7fca94c08018)
  cache_index_and_filter_blocks: 0
  cache_index_and_filter_blocks_with_high_priority: 0
  pin_l0_filter_and_index_blocks_in_cache: 0
  index_type: 0
  hash_index_allow_collision: 1
  checksum: 1
  no_block_cache: 0
  block_cache: 0x7fca94c81cf0
  block_cache_name: LRUCache
  block_cache_options:
    capacity : 536870912
    num_shard_bits : 6
    strict_capacity_limit : 0
    high_pri_pool_ratio: 0.000
  block_cache_compressed: (nil)
  persistent_cache: (nil)
  block_size: 4096
  block_size_deviation: 10
  block_restart_interval: 16
  index_block_restart_interval: 1
  metadata_block_size: 4096
  partition_filters: 0
  use_delta_encoding: 1
  filter_policy: rocksdb.BuiltinBloomFilter
  whole_key_filtering: 1
  verify_compression: 0
  read_amp_bytes_per_bit: 0
  format_version: 2
  enable_index_compression: 1
  block_align: 0

[9522] 01-07 03:39:24,421 INFO [RocksDB]       Options.write_buffer_size: 268435456
[9522] 01-07 03:39:24,421 INFO [RocksDB] Options.max_write_buffer_number: 6
[9522] 01-07 03:39:24,421 INFO [RocksDB]       Options.compression[0]: NoCompression
[9522] 01-07 03:39:24,421 INFO [RocksDB]       Options.compression[1]: NoCompression
[9522] 01-07 03:39:24,421 INFO [RocksDB]       Options.compression[2]: Snappy
[9522] 01-07 03:39:24,421 INFO [RocksDB]       Options.compression[3]: Snappy
[9522] 01-07 03:39:24,421 INFO [RocksDB]       Options.compression[4]: Snappy
[9522] 01-07 03:39:24,421 INFO [RocksDB]       Options.compression[5]: Snappy
[9522] 01-07 03:39:24,421 INFO [RocksDB]       Options.compression[6]: Snappy
[9522] 01-07 03:39:24,421 INFO [RocksDB]                 Options.bottommost_compression: Disabled
[9522] 01-07 03:39:24,421 INFO [RocksDB]      Options.prefix_extractor: ardb.prefix_extractor
[9522] 01-07 03:39:24,421 INFO [RocksDB]  Options.memtable_insert_with_hint_prefix_extractor: nullptr
[9522] 01-07 03:39:24,421 INFO [RocksDB]            Options.num_levels: 7
[9522] 01-07 03:39:24,421 INFO [RocksDB]       Options.min_write_buffer_number_to_merge: 2
[9522] 01-07 03:39:24,421 INFO [RocksDB]    Options.max_write_buffer_number_to_maintain: 0
[9522] 01-07 03:39:24,421 INFO [RocksDB]           Options.compression_opts.window_bits: -14
[9522] 01-07 03:39:24,421 INFO [RocksDB]                 Options.compression_opts.level: -1
[9522] 01-07 03:39:24,421 INFO [RocksDB]              Options.compression_opts.strategy: 0
[9522] 01-07 03:39:24,421 INFO [RocksDB]        Options.compression_opts.max_dict_bytes: 0
[9522] 01-07 03:39:24,421 INFO [RocksDB]        Options.compression_opts.zstd_max_train_bytes: 0
[9522] 01-07 03:39:24,421 INFO [RocksDB]     Options.level0_file_num_compaction_trigger: 2
[9522] 01-07 03:39:24,421 INFO [RocksDB]         Options.level0_slowdown_writes_trigger: 20
[9522] 01-07 03:39:24,421 INFO [RocksDB]             Options.level0_stop_writes_trigger: 36
[9522] 01-07 03:39:24,421 INFO [RocksDB]                  Options.target_file_size_base: 67108864
[9522] 01-07 03:39:24,421 INFO [RocksDB]            Options.target_file_size_multiplier: 1
[9522] 01-07 03:39:24,421 INFO [RocksDB]               Options.max_bytes_for_level_base: 536870912
[9522] 01-07 03:39:24,421 INFO [RocksDB]Options.level_compaction_dynamic_level_bytes: 0
[9522] 01-07 03:39:24,421 INFO [RocksDB]         Options.max_bytes_for_level_multiplier: 10.000000
[9522] 01-07 03:39:24,421 INFO [RocksDB]Options.max_bytes_for_level_multiplier_addtl[0]: 1
[9522] 01-07 03:39:24,421 INFO [RocksDB]Options.max_bytes_for_level_multiplier_addtl[1]: 1
[9522] 01-07 03:39:24,421 INFO [RocksDB]Options.max_bytes_for_level_multiplier_addtl[2]: 1
[9522] 01-07 03:39:24,421 INFO [RocksDB]Options.max_bytes_for_level_multiplier_addtl[3]: 1
[9522] 01-07 03:39:24,421 INFO [RocksDB]Options.max_bytes_for_level_multiplier_addtl[4]: 1
[9522] 01-07 03:39:24,421 INFO [RocksDB]Options.max_bytes_for_level_multiplier_addtl[5]: 1
[9522] 01-07 03:39:24,421 INFO [RocksDB]Options.max_bytes_for_level_multiplier_addtl[6]: 1
[9522] 01-07 03:39:24,421 INFO [RocksDB]      Options.max_sequential_skip_in_iterations: 8
[9522] 01-07 03:39:24,421 INFO [RocksDB]                   Options.max_compaction_bytes: 1677721600
[9522] 01-07 03:39:24,421 INFO [RocksDB]                       Options.arena_block_size: 33554432
[9522] 01-07 03:39:24,421 INFO [RocksDB]  Options.soft_pending_compaction_bytes_limit: 68719476736
[9522] 01-07 03:39:24,421 INFO [RocksDB]  Options.hard_pending_compaction_bytes_limit: 274877906944
[9522] 01-07 03:39:24,421 INFO [RocksDB]      Options.rate_limit_delay_max_milliseconds: 100
[9522] 01-07 03:39:24,421 INFO [RocksDB]               Options.disable_auto_compactions: 0
[9522] 01-07 03:39:24,421 INFO [RocksDB]                       Options.compaction_style: kCompactionStyleLevel
[9522] 01-07 03:39:24,421 INFO [RocksDB]                         Options.compaction_pri: kByCompensatedSize
[9522] 01-07 03:39:24,421 INFO [RocksDB]Options.compaction_options_universal.size_ratio: 1
[9522] 01-07 03:39:24,421 INFO [RocksDB]Options.compaction_options_universal.min_merge_width: 2
[9522] 01-07 03:39:24,421 INFO [RocksDB]Options.compaction_options_universal.max_merge_width: 4294967295
[9522] 01-07 03:39:24,421 INFO [RocksDB]Options.compaction_options_universal.max_size_amplification_percent: 200
[9522] 01-07 03:39:24,421 INFO [RocksDB]Options.compaction_options_universal.compression_size_percent: -1
[9522] 01-07 03:39:24,421 INFO [RocksDB]Options.compaction_options_universal.stop_style: kCompactionStopStyleTotalSize
[9522] 01-07 03:39:24,421 INFO [RocksDB]Options.compaction_options_fifo.max_table_files_size: 1073741824
[9522] 01-07 03:39:24,421 INFO [RocksDB]Options.compaction_options_fifo.allow_compaction: 0
[9522] 01-07 03:39:24,421 INFO [RocksDB]Options.compaction_options_fifo.ttl: 0
[9522] 01-07 03:39:24,421 INFO [RocksDB]                  Options.table_properties_collectors: 
[9522] 01-07 03:39:24,421 INFO [RocksDB]                  Options.inplace_update_support: 0
[9522] 01-07 03:39:24,421 INFO [RocksDB]                Options.inplace_update_num_locks: 10000
[9522] 01-07 03:39:24,421 INFO [RocksDB]              Options.memtable_prefix_bloom_size_ratio: 0.000000
[9522] 01-07 03:39:24,421 INFO [RocksDB]  Options.memtable_huge_page_size: 0
[9522] 01-07 03:39:24,421 INFO [RocksDB]                          Options.bloom_locality: 0
[9522] 01-07 03:39:24,421 INFO [RocksDB]                   Options.max_successive_merges: 0
[9522] 01-07 03:39:24,421 INFO [RocksDB]               Options.optimize_filters_for_hits: 0
[9522] 01-07 03:39:24,421 INFO [RocksDB]               Options.paranoid_file_checks: 0
[9522] 01-07 03:39:24,421 INFO [RocksDB]               Options.force_consistency_checks: 0
[9522] 01-07 03:39:24,421 INFO [RocksDB]               Options.report_bg_io_stats: 0
[9522] 01-07 03:39:24,421 INFO [RocksDB]                              Options.ttl: 0
[9522] 01-07 03:39:24,421 INFO [RocksDB][db/version_set.cc:3361] Recovered from manifest file:/home/ubuntu/ardb/data/rocksdb/MANIFEST-000001 succeeded,manifest_file_number is 1, next_file_number is 3, last_sequence is 0, log_number is 0,prev_log_number is 0,max_column_family is 0,min_log_number_to_keep is 0

[9522] 01-07 03:39:24,421 INFO [RocksDB][db/version_set.cc:3369] Column family [default] (ID 0), log number is 0

[9522] 01-07 03:39:24,425 INFO [RocksDB][db/db_impl_open.cc:1219] DB pointer 0x7fca945be000
[9522] 01-07 03:39:24,425 INFO Ardb init engine:rocksdb success.
[9522] 01-07 03:39:24,428 INFO Ardb will accept connections on 0.0.0.0:16379
[9522] 01-07 03:39:24,428 INFO Ardb started with version 0.10.0
[9522] 01-07 03:39:25,429 INFO ========================Period Statistics Dump Begin===========================
[9522] 01-07 03:39:25,429 INFO slave_sync_total_commands_processed:0
[9522] 01-07 03:39:25,429 INFO slave_sync_instantaneous_ops_per_sec:0
[9522] 01-07 03:39:25,429 INFO total_commands_processed:0
[9522] 01-07 03:39:25,429 INFO instantaneous_ops_per_sec:0
[9522] 01-07 03:39:25,429 INFO total_connections_received:0
[9522] 01-07 03:39:25,429 INFO rejected_connections:0
[9522] 01-07 03:39:25,429 INFO ========================Period Statistics Dump End===========================
[9522] 01-07 03:39:37,058 INFO [RocksDB][db/version_set.cc:2847] Creating manifest 6

[9522] 01-07 03:39:37,064 INFO [RocksDB][db/column_family.cc:475] --------------- Options for column family [0]:

[9522] 01-07 03:39:37,064 INFO [RocksDB]              Options.comparator: ardb.comparator
[9522] 01-07 03:39:37,064 INFO [RocksDB]          Options.merge_operator: ardb.merger
[9522] 01-07 03:39:37,064 INFO [RocksDB]       Options.compaction_filter: None
[9522] 01-07 03:39:37,064 INFO [RocksDB]       Options.compaction_filter_factory: ardb.compact_filter_factory
[9522] 01-07 03:39:37,064 INFO [RocksDB]        Options.memtable_factory: SkipListFactory
[9522] 01-07 03:39:37,064 INFO [RocksDB]           Options.table_factory: BlockBasedTable
[9522] 01-07 03:39:37,064 INFO [RocksDB]           table_factory options:   flush_block_policy_factory: FlushBlockBySizePolicyFactory (0x7fca94c08018)
  cache_index_and_filter_blocks: 0
  cache_index_and_filter_blocks_with_high_priority: 0
  pin_l0_filter_and_index_blocks_in_cache: 0
  index_type: 0
  hash_index_allow_collision: 1
  checksum: 1
  no_block_cache: 0
  block_cache: 0x7fca94c81cf0
  block_cache_name: LRUCache
  block_cache_options:
    capacity : 536870912
    num_shard_bits : 6
    strict_capacity_limit : 0
    high_pri_pool_ratio: 0.000
  block_cache_compressed: (nil)
  persistent_cache: (nil)
  block_size: 4096
  block_size_deviation: 10
  block_restart_interval: 16
  index_block_restart_interval: 1
  metadata_block_size: 4096
  partition_filters: 0
  use_delta_encoding: 1
  filter_policy: rocksdb.BuiltinBloomFilter
  whole_key_filtering: 1
  verify_compression: 0
  read_amp_bytes_per_bit: 0
  format_version: 2
  enable_index_compression: 1
  block_align: 0

[9522] 01-07 03:39:37,064 INFO [RocksDB]       Options.write_buffer_size: 268435456
[9522] 01-07 03:39:37,064 INFO [RocksDB] Options.max_write_buffer_number: 6
[9522] 01-07 03:39:37,064 INFO [RocksDB]       Options.compression[0]: NoCompression
[9522] 01-07 03:39:37,064 INFO [RocksDB]       Options.compression[1]: NoCompression
[9522] 01-07 03:39:37,064 INFO [RocksDB]       Options.compression[2]: Snappy
[9522] 01-07 03:39:37,064 INFO [RocksDB]       Options.compression[3]: Snappy
[9522] 01-07 03:39:37,064 INFO [RocksDB]       Options.compression[4]: Snappy
[9522] 01-07 03:39:37,064 INFO [RocksDB]       Options.compression[5]: Snappy
[9522] 01-07 03:39:37,064 INFO [RocksDB]       Options.compression[6]: Snappy
[9522] 01-07 03:39:37,064 INFO [RocksDB]                 Options.bottommost_compression: Disabled
[9522] 01-07 03:39:37,064 INFO [RocksDB]      Options.prefix_extractor: ardb.prefix_extractor
[9522] 01-07 03:39:37,064 INFO [RocksDB]  Options.memtable_insert_with_hint_prefix_extractor: nullptr
[9522] 01-07 03:39:37,064 INFO [RocksDB]            Options.num_levels: 7
[9522] 01-07 03:39:37,064 INFO [RocksDB]       Options.min_write_buffer_number_to_merge: 2
[9522] 01-07 03:39:37,064 INFO [RocksDB]    Options.max_write_buffer_number_to_maintain: 0
[9522] 01-07 03:39:37,064 INFO [RocksDB]           Options.compression_opts.window_bits: -14
[9522] 01-07 03:39:37,064 INFO [RocksDB]                 Options.compression_opts.level: -1
[9522] 01-07 03:39:37,064 INFO [RocksDB]              Options.compression_opts.strategy: 0
[9522] 01-07 03:39:37,064 INFO [RocksDB]        Options.compression_opts.max_dict_bytes: 0
[9522] 01-07 03:39:37,064 INFO [RocksDB]        Options.compression_opts.zstd_max_train_bytes: 0
[9522] 01-07 03:39:37,064 INFO [RocksDB]     Options.level0_file_num_compaction_trigger: 2
[9522] 01-07 03:39:37,064 INFO [RocksDB]         Options.level0_slowdown_writes_trigger: 20
[9522] 01-07 03:39:37,064 INFO [RocksDB]             Options.level0_stop_writes_trigger: 36
[9522] 01-07 03:39:37,064 INFO [RocksDB]                  Options.target_file_size_base: 67108864
[9522] 01-07 03:39:37,064 INFO [RocksDB]            Options.target_file_size_multiplier: 1
[9522] 01-07 03:39:37,064 INFO [RocksDB]               Options.max_bytes_for_level_base: 536870912
[9522] 01-07 03:39:37,064 INFO [RocksDB]Options.level_compaction_dynamic_level_bytes: 0
[9522] 01-07 03:39:37,064 INFO [RocksDB]         Options.max_bytes_for_level_multiplier: 10.000000
[9522] 01-07 03:39:37,064 INFO [RocksDB]Options.max_bytes_for_level_multiplier_addtl[0]: 1
[9522] 01-07 03:39:37,064 INFO [RocksDB]Options.max_bytes_for_level_multiplier_addtl[1]: 1
[9522] 01-07 03:39:37,064 INFO [RocksDB]Options.max_bytes_for_level_multiplier_addtl[2]: 1
[9522] 01-07 03:39:37,064 INFO [RocksDB]Options.max_bytes_for_level_multiplier_addtl[3]: 1
[9522] 01-07 03:39:37,064 INFO [RocksDB]Options.max_bytes_for_level_multiplier_addtl[4]: 1
[9522] 01-07 03:39:37,064 INFO [RocksDB]Options.max_bytes_for_level_multiplier_addtl[5]: 1
[9522] 01-07 03:39:37,064 INFO [RocksDB]Options.max_bytes_for_level_multiplier_addtl[6]: 1
[9522] 01-07 03:39:37,064 INFO [RocksDB]      Options.max_sequential_skip_in_iterations: 8
[9522] 01-07 03:39:37,064 INFO [RocksDB]                   Options.max_compaction_bytes: 1677721600
[9522] 01-07 03:39:37,064 INFO [RocksDB]                       Options.arena_block_size: 33554432
[9522] 01-07 03:39:37,064 INFO [RocksDB]  Options.soft_pending_compaction_bytes_limit: 68719476736
[9522] 01-07 03:39:37,064 INFO [RocksDB]  Options.hard_pending_compaction_bytes_limit: 274877906944
[9522] 01-07 03:39:37,064 INFO [RocksDB]      Options.rate_limit_delay_max_milliseconds: 100
[9522] 01-07 03:39:37,064 INFO [RocksDB]               Options.disable_auto_compactions: 0
[9522] 01-07 03:39:37,064 INFO [RocksDB]                       Options.compaction_style: kCompactionStyleLevel
[9522] 01-07 03:39:37,064 INFO [RocksDB]                         Options.compaction_pri: kByCompensatedSize
[9522] 01-07 03:39:37,064 INFO [RocksDB]Options.compaction_options_universal.size_ratio: 1
[9522] 01-07 03:39:37,064 INFO [RocksDB]Options.compaction_options_universal.min_merge_width: 2
[9522] 01-07 03:39:37,064 INFO [RocksDB]Options.compaction_options_universal.max_merge_width: 4294967295
[9522] 01-07 03:39:37,064 INFO [RocksDB]Options.compaction_options_universal.max_size_amplification_percent: 200
[9522] 01-07 03:39:37,064 INFO [RocksDB]Options.compaction_options_universal.compression_size_percent: -1
[9522] 01-07 03:39:37,064 INFO [RocksDB]Options.compaction_options_universal.stop_style: kCompactionStopStyleTotalSize
[9522] 01-07 03:39:37,064 INFO [RocksDB]Options.compaction_options_fifo.max_table_files_size: 1073741824
[9522] 01-07 03:39:37,064 INFO [RocksDB]Options.compaction_options_fifo.allow_compaction: 0
[9522] 01-07 03:39:37,064 INFO [RocksDB]Options.compaction_options_fifo.ttl: 0
[9522] 01-07 03:39:37,064 INFO [RocksDB]                  Options.table_properties_collectors: 
[9522] 01-07 03:39:37,064 INFO [RocksDB]                  Options.inplace_update_support: 0
[9522] 01-07 03:39:37,064 INFO [RocksDB]                Options.inplace_update_num_locks: 10000
[9522] 01-07 03:39:37,064 INFO [RocksDB]              Options.memtable_prefix_bloom_size_ratio: 0.000000
[9522] 01-07 03:39:37,064 INFO [RocksDB]  Options.memtable_huge_page_size: 0
[9522] 01-07 03:39:37,064 INFO [RocksDB]                          Options.bloom_locality: 0
[9522] 01-07 03:39:37,064 INFO [RocksDB]                   Options.max_successive_merges: 0
[9522] 01-07 03:39:37,064 INFO [RocksDB]               Options.optimize_filters_for_hits: 0
[9522] 01-07 03:39:37,064 INFO [RocksDB]               Options.paranoid_file_checks: 0
[9522] 01-07 03:39:37,064 INFO [RocksDB]               Options.force_consistency_checks: 0
[9522] 01-07 03:39:37,064 INFO [RocksDB]               Options.report_bg_io_stats: 0
[9522] 01-07 03:39:37,064 INFO [RocksDB]                              Options.ttl: 0
[9522] 01-07 03:39:37,064 INFO [RocksDB][db/db_impl.cc:1396] Created column family [0] (ID 1)
[9522] 01-07 03:39:37,067 INFO Create ColumnFamilyHandle with name:0 success.
[9522] 01-07 03:39:44,768 INFO [RocksDB][db/db_impl_write.cc:1373] [0] New memtable created with log file: #9. Immutable memtables: 0.

[9522] 01-07 03:39:52,709 INFO [RocksDB][db/db_impl_write.cc:1373] [0] New memtable created with log file: #10. Immutable memtables: 1.

[9522] 01-07 03:39:52,709 INFO [RocksDB][db/db_impl_compaction_flush.cc:80] [JOB 2] Syncing log #3
[9522] 01-07 03:39:53,232 INFO [RocksDB][db/db_impl_compaction_flush.cc:80] [JOB 2] Syncing log #9
[9522] 01-07 03:39:54,645 INFO [RocksDB](Original Log Time 2020/01/07-03:39:52.709259) [db/db_impl_compaction_flush.cc:1424] Calling FlushMemTableToOutputFile with column family [0], flush slots available 4, compaction slots available 1, flush slots scheduled 1, compaction slots scheduled 0
[9522] 01-07 03:39:54,645 INFO [RocksDB][db/flush_job.cc:301] [0] [JOB 2] Flushing memtable with next log file: 9

[9522] 01-07 03:39:54,645 INFO [RocksDB][db/flush_job.cc:301] [0] [JOB 2] Flushing memtable with next log file: 10

[9522] 01-07 03:39:54,645 INFO [RocksDB]EVENT_LOG_v1 {"time_micros": 1578368394645816, "job": 2, "event": "flush_started", "num_memtables": 2, "num_entries": 3303766, "num_deletes": 0, "memory_usage": 520100664, "flush_reason": "Write Buffer Full"}
[9522] 01-07 03:39:54,645 INFO [RocksDB][db/flush_job.cc:331] [0] [JOB 2] Level-0 flush table #11: started
[9522] 01-07 03:40:01,189 INFO [RocksDB]EVENT_LOG_v1 {"time_micros": 1578368401189835, "cf_name": "0", "job": 2, "event": "table_file_creation", "file_number": 11, "file_size": 321245387, "table_properties": {"data_size": 312123128, "index_size": 4185786, "filter_size": 4935431, "raw_key_size": 130012647, "raw_average_key_size": 42, "raw_value_size": 250026245, "raw_average_value_size": 81, "num_data_blocks": 77767, "num_entries": 3067790, "filter_policy_name": "rocksdb.BuiltinBloomFilter", "kDeletedKeys": "0", "kMergeOperands": "0"}}
[9522] 01-07 03:40:01,189 INFO [RocksDB][db/flush_job.cc:371] [0] [JOB 2] Level-0 flush table #11: 321245387 bytes OK
[9522] 01-07 03:40:01,193 INFO [RocksDB](Original Log Time 2020/01/07-03:40:01.191097) [db/memtable_list.cc:377] [0] Level-0 commit table #11 started
[9522] 01-07 03:40:01,193 INFO [RocksDB](Original Log Time 2020/01/07-03:40:01.193098) [db/memtable_list.cc:409] [0] Level-0 commit table #11: memtable #1 done
[9522] 01-07 03:40:01,193 INFO [RocksDB](Original Log Time 2020/01/07-03:40:01.193103) [db/memtable_list.cc:409] [0] Level-0 commit table #11: memtable #2 done
[9522] 01-07 03:40:01,193 INFO [RocksDB](Original Log Time 2020/01/07-03:40:01.193114) EVENT_LOG_v1 {"time_micros": 1578368401193108, "job": 2, "event": "flush_finished", "output_compression": "NoCompression", "lsm_state": [1, 0, 0, 0, 0, 0, 0], "immutable_memtables": 0}
[9522] 01-07 03:40:01,193 INFO [RocksDB](Original Log Time 2020/01/07-03:40:01.193136) [db/db_impl_compaction_flush.cc:177] [0] Level summary: base level 1 max bytes base 536870912 files[1 0 0 0 0 0 0] max score 0.60

[9522] 01-07 03:40:01,193 INFO [RocksDB][db/db_impl_files.cc:342] [JOB 2] Try to delete WAL files size 390107671, prev total WAL file size 568621357, number of live WAL files 3.

[9522] 01-07 03:40:01,307 INFO [RocksDB][db/db_impl_write.cc:1373] [0] New memtable created with log file: #12. Immutable memtables: 0.

[9522] 01-07 03:40:10,872 INFO [RocksDB][db/db_impl_write.cc:1373] [0] New memtable created with log file: #13. Immutable memtables: 1.

[9522] 01-07 03:40:10,872 INFO [RocksDB][db/db_impl_compaction_flush.cc:80] [JOB 3] Syncing log #10
[9522] 01-07 03:40:11,475 INFO [RocksDB][db/db_impl_compaction_flush.cc:80] [JOB 3] Syncing log #12
[9522] 01-07 03:40:13,069 INFO [RocksDB](Original Log Time 2020/01/07-03:40:10.872363) [db/db_impl_compaction_flush.cc:1424] Calling FlushMemTableToOutputFile with column family [0], flush slots available 4, compaction slots available 1, flush slots scheduled 1, compaction slots scheduled 0
[9522] 01-07 03:40:13,069 INFO [RocksDB][db/flush_job.cc:301] [0] [JOB 3] Flushing memtable with next log file: 12

[9522] 01-07 03:40:13,069 INFO [RocksDB][db/flush_job.cc:301] [0] [JOB 3] Flushing memtable with next log file: 13

[9522] 01-07 03:40:13,069 INFO [RocksDB]EVENT_LOG_v1 {"time_micros": 1578368413069974, "job": 3, "event": "flush_started", "num_memtables": 2, "num_entries": 3310510, "num_deletes": 0, "memory_usage": 520100808, "flush_reason": "Write Buffer Full"}
[9522] 01-07 03:40:13,069 INFO [RocksDB][db/flush_job.cc:331] [0] [JOB 3] Level-0 flush table #14: started
[9522] 01-07 03:40:19,256 INFO [RocksDB]EVENT_LOG_v1 {"time_micros": 1578368419256862, "cf_name": "0", "job": 3, "event": "table_file_creation", "file_number": 14, "file_size": 321829930, "table_properties": {"data_size": 312689702, "index_size": 4193926, "filter_size": 4945260, "raw_key_size": 130275547, "raw_average_key_size": 42, "raw_value_size": 250534454, "raw_average_value_size": 81, "num_data_blocks": 77909, "num_entries": 3074046, "filter_policy_name": "rocksdb.BuiltinBloomFilter", "kDeletedKeys": "0", "kMergeOperands": "0"}}
[9522] 01-07 03:40:19,256 INFO [RocksDB][db/flush_job.cc:371] [0] [JOB 3] Level-0 flush table #14: 321829930 bytes OK
[9522] 01-07 03:40:19,259 INFO [RocksDB](Original Log Time 2020/01/07-03:40:19.258218) [db/memtable_list.cc:377] [0] Level-0 commit table #14 started
[9522] 01-07 03:40:19,259 INFO [RocksDB](Original Log Time 2020/01/07-03:40:19.259845) [db/memtable_list.cc:409] [0] Level-0 commit table #14: memtable #1 done
[9522] 01-07 03:40:19,259 INFO [RocksDB](Original Log Time 2020/01/07-03:40:19.259846) [db/memtable_list.cc:409] [0] Level-0 commit table #14: memtable #2 done
[9522] 01-07 03:40:19,259 INFO [RocksDB](Original Log Time 2020/01/07-03:40:19.259859) EVENT_LOG_v1 {"time_micros": 1578368419259853, "job": 3, "event": "flush_finished", "output_compression": "NoCompression", "lsm_state": [2, 0, 0, 0, 0, 0, 0], "immutable_memtables": 0}
[9522] 01-07 03:40:19,259 INFO [RocksDB](Original Log Time 2020/01/07-03:40:19.259871) [db/db_impl_compaction_flush.cc:177] [0] Level summary: base level 1 max bytes base 536870912 files[2 0 0 0 0 0 0] max score 1.20

[9522] 01-07 03:40:19,259 INFO [RocksDB][db/db_impl_files.cc:342] [JOB 3] Try to delete WAL files size 390975749, prev total WAL file size 551159905, number of live WAL files 3.

[9522] 01-07 03:40:19,260 WARN [RocksDB][db/db_impl.cc:491] ------- DUMPING STATS -------
[9522] 01-07 03:40:19,260 WARN [RocksDB][db/db_impl.cc:492] 
** DB Stats **
Uptime(secs): 54.8 total, 54.8 interval
Cumulative writes: 1138K writes, 7970K keys, 1138K commit groups, 1.0 writes per commit group, ingest: 0.88 GB, 16.37 MB/s
Cumulative WAL: 1138K writes, 0 syncs, 1138652.00 writes per sync, written: 0.88 GB, 16.37 MB/s
Cumulative stall: 00:00:0.000 H:M:S, 0.0 percent
Interval writes: 1138K writes, 7970K keys, 1138K commit groups, 1.0 writes per commit group, ingest: 897.66 MB, 16.37 MB/s
Interval WAL: 1138K writes, 0 syncs, 1138652.00 writes per sync, written: 0.88 MB, 16.37 MB/s
Interval stall: 00:00:0.000 H:M:S, 0.0 percent

** Compaction Stats [default] **
Level    Files   Size     Score Read(GB)  Rn(GB) Rnp1(GB) Write(GB) Wnew(GB) Moved(GB) W-Amp Rd(MB/s) Wr(MB/s) Comp(sec) Comp(cnt) Avg(sec) KeyIn KeyDrop
----------------------------------------------------------------------------------------------------------------------------------------------------------
 Sum      0/0    0.00 KB   0.0      0.0     0.0      0.0       0.0     
[9522] 01-07 03:40:19,260 INFO [RocksDB][db/compaction_job.cc:1531] [0] [JOB 4] Compacting 2@0 files to L1, score 1.20
[9522] 01-07 03:40:19,260 INFO [RocksDB][db/compaction_job.cc:1535] [0] Compaction start summary: Base version 4 Base level 0, inputs: [14(306MB) 11(306MB)]

[9522] 01-07 03:40:19,260 INFO [RocksDB]EVENT_LOG_v1 {"time_micros": 1578368419260262, "job": 4, "event": "compaction_started", "compaction_reason": "LevelL0FilesNum", "files_L0": [14, 11], "score": 1.19782, "input_data_size": 643075317}
[9522] 01-07 03:40:20,658 INFO [RocksDB][db/compaction_job.cc:1211] [0] [JOB 4] Generated table #15: 1177933 keys, 69760393 bytes
[9522] 01-07 03:40:20,658 INFO [RocksDB]EVENT_LOG_v1 {"time_micros": 1578368420658549, "cf_name": "0", "job": 4, "event": "table_file_creation", "file_number": 15, "file_size": 69760393, "table_properties": {"data_size": 67110926, "index_size": 974970, "filter_size": 1673466, "raw_key_size": 56013543, "raw_average_key_size": 47, "raw_value_size": 28989872, "raw_average_value_size": 24, "num_data_blocks": 16604, "num_entries": 1177933, "filter_policy_name": "rocksdb.BuiltinBloomFilter", "kDeletedKeys": "0", "kMergeOperands": "0"}}
[9522] 01-07 03:40:21,171 INFO [RocksDB][db/db_impl_write.cc:1373] [0] New memtable created with log file: #17. Immutable memtables: 0.

[9522] 01-07 03:40:22,047 INFO [RocksDB][db/compaction_job.cc:1211] [0] [JOB 4] Generated table #16: 597534 keys, 68990216 bytes
[9522] 01-07 03:40:22,047 INFO [RocksDB]EVENT_LOG_v1 {"time_micros": 1578368422047811, "cf_name": "0", "job": 4, "event": "table_file_creation", "file_number": 16, "file_size": 68990216, "table_properties": {"data_size": 67112740, "index_size": 888525, "filter_size": 987920, "raw_key_size": 24596553, "raw_average_key_size": 41, "raw_value_size": 56765757, "raw_average_value_size": 95, "num_data_blocks": 16740, "num_entries": 597534, "filter_policy_name": "rocksdb.BuiltinBloomFilter", "kDeletedKeys": "0", "kMergeOperands": "0"}}
[9522] 01-07 03:40:23,322 INFO [RocksDB][db/compaction_job.cc:1211] [0] [JOB 4] Generated table #18: 597503 keys, 68987727 bytes
[9522] 01-07 03:40:23,322 INFO [RocksDB]EVENT_LOG_v1 {"time_micros": 1578368423322334, "cf_name": "0", "job": 4, "event": "table_file_creation", "file_number": 18, "file_size": 68987727, "table_properties": {"data_size": 67110258, "index_size": 888568, "filter_size": 987870, "raw_key_size": 24593834, "raw_average_key_size": 41, "raw_value_size": 56762830, "raw_average_value_size": 95, "num_data_blocks": 16739, "num_entries": 597503, "filter_policy_name": "rocksdb.BuiltinBloomFilter", "kDeletedKeys": "0", "kMergeOperands": "0"}}
[9522] 01-07 03:40:24,626 INFO [RocksDB][db/compaction_job.cc:1211] [0] [JOB 4] Generated table #19: 597495 keys, 68987151 bytes
[9522] 01-07 03:40:24,626 INFO [RocksDB]EVENT_LOG_v1 {"time_micros": 1578368424626309, "cf_name": "0", "job": 4, "event": "table_file_creation", "file_number": 19, "file_size": 68987151, "table_properties": {"data_size": 67109701, "index_size": 888557, "filter_size": 987862, "raw_key_size": 24593168, "raw_average_key_size": 41, "raw_value_size": 56761998, "raw_average_value_size": 94, "num_data_blocks": 16739, "num_entries": 597495, "filter_policy_name": "rocksdb.BuiltinBloomFilter", "kDeletedKeys": "0", "kMergeOperands": "0"}}
[9522] 01-07 03:40:25,934 INFO [RocksDB][db/compaction_job.cc:1211] [0] [JOB 4] Generated table #20: 597520 keys, 68989640 bytes
[9522] 01-07 03:40:25,934 INFO [RocksDB]EVENT_LOG_v1 {"time_micros": 1578368425934063, "cf_name": "0", "job": 4, "event": "table_file_creation", "file_number": 20, "file_size": 68989640, "table_properties": {"data_size": 67112163, "index_size": 888551, "filter_size": 987895, "raw_key_size": 24594774, "raw_average_key_size": 41, "raw_value_size": 56764400, "raw_average_value_size": 95, "num_data_blocks": 16739, "num_entries": 597520, "filter_policy_name": "rocksdb.BuiltinBloomFilter", "kDeletedKeys": "0", "kMergeOperands": "0"}}
[9522] 01-07 03:40:27,234 INFO [RocksDB][db/compaction_job.cc:1211] [0] [JOB 4] Generated table #21: 597518 keys, 68988140 bytes
[9522] 01-07 03:40:27,234 INFO [RocksDB]EVENT_LOG_v1 {"time_micros": 1578368427234491, "cf_name": "0", "job": 4, "event": "table_file_creation", "file_number": 21, "file_size": 68988140, "table_properties": {"data_size": 67110821, "index_size": 888390, "filter_size": 987898, "raw_key_size": 24595031, "raw_average_key_size": 41, "raw_value_size": 56764192, "raw_average_value_size": 94, "num_data_blocks": 16740, "num_entries": 597518, "filter_policy_name": "rocksdb.BuiltinBloomFilter", "kDeletedKeys": "0", "kMergeOperands": "0"}}
[9522] 01-07 03:40:28,542 INFO [RocksDB][db/compaction_job.cc:1211] [0] [JOB 4] Generated table #22: 597506 keys, 68988435 bytes
[9522] 01-07 03:40:28,542 INFO [RocksDB]EVENT_LOG_v1 {"time_micros": 1578368428542226, "cf_name": "0", "job": 4, "event": "table_file_creation", "file_number": 22, "file_size": 68988435, "table_properties": {"data_size": 67110870, "index_size": 888650, "filter_size": 987884, "raw_key_size": 24594458, "raw_average_key_size": 41, "raw_value_size": 56763043, "raw_average_value_size": 94, "num_data_blocks": 16740, "num_entries": 597506, "filter_policy_name": "rocksdb.BuiltinBloomFilter", "kDeletedKeys": "0", "kMergeOperands": "0"}}
[9522] 01-07 03:40:29,924 INFO [RocksDB][db/compaction_job.cc:1211] [0] [JOB 4] Generated table #23: 597514 keys, 68988030 bytes
[9522] 01-07 03:40:29,924 INFO [RocksDB]EVENT_LOG_v1 {"time_micros": 1578368429924366, "cf_name": "0", "job": 4, "event": "table_file_creation", "file_number": 23, "file_size": 68988030, "table_properties": {"data_size": 67110567, "index_size": 888558, "filter_size": 987874, "raw_key_size": 24595025, "raw_average_key_size": 41, "raw_value_size": 56763875, "raw_average_value_size": 95, "num_data_blocks": 16738, "num_entries": 597514, "filter_policy_name": "rocksdb.BuiltinBloomFilter", "kDeletedKeys": "0", "kMergeOperands": "0"}}
[9522] 01-07 03:40:31,051 INFO [RocksDB][db/db_impl_write.cc:1373] [0] New memtable created with log file: #25. Immutable memtables: 1.

[9522] 01-07 03:40:31,051 INFO [RocksDB][db/db_impl_compaction_flush.cc:80] [JOB 5] Syncing log #13
[9522] 01-07 03:40:31,677 INFO [RocksDB][db/db_impl_compaction_flush.cc:80] [JOB 5] Syncing log #17
[9522] 01-07 03:40:31,677 INFO [RocksDB][db/compaction_job.cc:1211] [0] [JOB 4] Generated table #24: 597553 keys, 68989985 bytes
[9522] 01-07 03:40:31,677 INFO [RocksDB]EVENT_LOG_v1 {"time_micros": 1578368431677737, "cf_name": "0", "job": 4, "event": "table_file_creation", "file_number": 24, "file_size": 68989985, "table_properties": {"data_size": 67112751, "index_size": 888269, "filter_size": 987934, "raw_key_size": 24597148, "raw_average_key_size": 41, "raw_value_size": 56767535, "raw_average_value_size": 95, "num_data_blocks": 16739, "num_entries": 597553, "filter_policy_name": "rocksdb.BuiltinBloomFilter", "kDeletedKeys": "0", "kMergeOperands": "0"}}
[9522] 01-07 03:40:33,350 INFO [RocksDB][db/compaction_job.cc:1211] [0] [JOB 4] Generated table #27: 183759 keys, 21209977 bytes
[9522] 01-07 03:40:33,350 INFO [RocksDB]EVENT_LOG_v1 {"time_micros": 1578368433350469, "cf_name": "0", "job": 4, "event": "table_file_creation", "file_number": 27, "file_size": 21209977, "table_properties": {"data_size": 20633800, "index_size": 271363, "filter_size": 303784, "raw_key_size": 7514641, "raw_average_key_size": 40, "raw_value_size": 17457141, "raw_average_value_size": 95, "num_data_blocks": 5146, "num_entries": 183759, "filter_policy_name": "rocksdb.BuiltinBloomFilter", "kDeletedKeys": "0", "kMergeOperands": "0"}}
[9522] 01-07 03:40:33,351 INFO [RocksDB][db/compaction_job.cc:1287] [0] [JOB 4] Compacted 2@0 files to L1 => 642879694 bytes
[9522] 01-07 03:40:33,351 INFO [RocksDB](Original Log Time 2020/01/07-03:40:31.051483) [db/db_impl_compaction_flush.cc:1424] Calling FlushMemTableToOutputFile with column family [0], flush slots available 4, compaction slots available 1, flush slots scheduled 1, compaction slots scheduled 1
[9522] 01-07 03:40:33,351 INFO [RocksDB][db/flush_job.cc:301] [0] [JOB 5] Flushing memtable with next log file: 17

[9522] 01-07 03:40:33,351 INFO [RocksDB][db/flush_job.cc:301] [0] [JOB 5] Flushing memtable with next log file: 25

[9522] 01-07 03:40:33,351 INFO [RocksDB]EVENT_LOG_v1 {"time_micros": 1578368433351989, "job": 5, "event": "flush_started", "num_memtables": 2, "num_entries": 3407703, "num_deletes": 0, "memory_usage": 520098728, "flush_reason": "Write Buffer Full"}
[9522] 01-07 03:40:33,352 INFO [RocksDB][db/flush_job.cc:331] [0] [JOB 5] Level-0 flush table #26: started
[9522] 01-07 03:40:33,354 INFO [RocksDB](Original Log Time 2020/01/07-03:40:33.353963) [db/compaction_job.cc:685] [0] compacted to: base level 1 max bytes base 536870912 files[0 10 0 0 0 0 0] max score 1.20, MB/sec: 45.6 rd, 45.6 wr, level 1, files in(2, 0) out(10) MB in(613.3, 0.0) out(613.1), read-write-amplify(2.0) write-amplify(1.0) OK, records in: 6141836, records dropped: 1 output_compression: NoCompression

[9522] 01-07 03:40:33,354 INFO [RocksDB](Original Log Time 2020/01/07-03:40:33.353993) EVENT_LOG_v1 {"time_micros": 1578368433353984, "job": 4, "event": "compaction_finished", "compaction_time_micros": 14091654, "output_level": 1, "num_output_files": 10, "total_output_size": 642879694, "num_input_records": 6141836, "num_output_records": 6141835, "num_subcompactions": 1, "output_compression": "NoCompression", "num_single_delete_mismatches": 0, "num_single_delete_fallthrough": 0, "lsm_state": [0, 10, 0, 0, 0, 0, 0]}
[9522] 01-07 03:40:33,354 INFO [RocksDB][db/compaction_job.cc:1531] [0] [JOB 6] Compacting 1@1 files to L2, score 1.20
[9522] 01-07 03:40:33,354 INFO [RocksDB][db/compaction_job.cc:1535] [0] Compaction start summary: Base version 5 Base level 1, inputs: [15(66MB)]

[9522] 01-07 03:40:33,354 INFO [RocksDB]EVENT_LOG_v1 {"time_micros": 1578368433354732, "job": 6, "event": "compaction_started", "compaction_reason": "LevelMaxLevelSize", "files_L1": [15], "score": 1.19746, "input_data_size": 69760393}
[9522] 01-07 03:40:36,578 INFO [RocksDB][db/compaction_job.cc:1211] [0] [JOB 6] Generated table #28: 1177933 keys, 54752002 bytes
[9522] 01-07 03:40:36,578 INFO [RocksDB]EVENT_LOG_v1 {"time_micros": 1578368436578771, "cf_name": "0", "job": 6, "event": "table_file_creation", "file_number": 28, "file_size": 54752002, "table_properties": {"data_size": 52575491, "index_size": 974666, "filter_size": 1645078, "raw_key_size": 56013543, "raw_average_key_size": 47, "raw_value_size": 28989872, "raw_average_value_size": 24, "num_data_blocks": 16604, "num_entries": 1177933, "filter_policy_name": "rocksdb.BuiltinBloomFilter", "kDeletedKeys": "0", "kMergeOperands": "0"}}
[9522] 01-07 03:40:36,580 INFO [RocksDB][db/compaction_job.cc:1287] [0] [JOB 6] Compacted 1@1 files to L2 => 54752002 bytes
[9522] 01-07 03:40:36,582 INFO [RocksDB](Original Log Time 2020/01/07-03:40:36.582127) [db/compaction_job.cc:685] [0] compacted to: base level 1 max bytes base 536870912 files[0 9 1 0 0 0 0] max score 1.07, MB/sec: 21.6 rd, 17.0 wr, level 2, files in(1, 0) out(1) MB in(66.5, 0.0) out(52.2), read-write-amplify(1.8) write-amplify(0.8) OK, records in: 1177933, records dropped: 0 output_compression: Snappy

[9522] 01-07 03:40:36,582 INFO [RocksDB](Original Log Time 2020/01/07-03:40:36.582157) EVENT_LOG_v1 {"time_micros": 1578368436582150, "job": 6, "event": "compaction_finished", "compaction_time_micros": 3225253, "output_level": 2, "num_output_files": 1, "total_output_size": 54752002, "num_input_records": 1177933, "num_output_records": 1177933, "num_subcompactions": 1, "output_compression": "Snappy", "num_single_delete_mismatches": 0, "num_single_delete_fallthrough": 0, "lsm_state": [0, 9, 1, 0, 0, 0, 0]}
[9522] 01-07 03:40:36,589 INFO [RocksDB]EVENT_LOG_v1 {"time_micros": 1578368436589477, "job": 6, "event": "table_file_deletion", "file_number": 15}
[9522] 01-07 03:40:36,589 INFO [RocksDB][db/compaction_job.cc:1531] [0] [JOB 7] Compacting 1@1 files to L2, score 1.07
[9522] 01-07 03:40:36,589 INFO [RocksDB][db/compaction_job.cc:1535] [0] Compaction start summary: Base version 6 Base level 1, inputs: [16(65MB)]

[9522] 01-07 03:40:36,589 INFO [RocksDB]EVENT_LOG_v1 {"time_micros": 1578368436589533, "job": 7, "event": "compaction_started", "compaction_reason": "LevelMaxLevelSize", "files_L1": [16], "score": 1.06752, "input_data_size": 68990216}
[9522] 01-07 03:40:39,936 INFO [RocksDB][db/compaction_job.cc:1211] [0] [JOB 7] Generated table #29: 597534 keys, 68588449 bytes
[9522] 01-07 03:40:39,936 INFO [RocksDB]EVENT_LOG_v1 {"time_micros": 1578368439936656, "cf_name": "0", "job": 7, "event": "table_file_creation", "file_number": 29, "file_size": 68588449, "table_properties": {"data_size": 67112740, "index_size": 888525, "filter_size": 987920, "raw_key_size": 24596553, "raw_average_key_size": 41, "raw_value_size": 56765757, "raw_average_value_size": 95, "num_data_blocks": 16740, "num_entries": 597534, "filter_policy_name": "rocksdb.BuiltinBloomFilter", "kDeletedKeys": "0", "kMergeOperands": "0"}}
[9522] 01-07 03:40:39,937 INFO [RocksDB][db/compaction_job.cc:1287] [0] [JOB 7] Compacted 1@1 files to L2 => 68588449 bytes
[9522] 01-07 03:40:39,939 INFO [RocksDB](Original Log Time 2020/01/07-03:40:39.939572) [db/compaction_job.cc:685] [0] compacted to: base level 1 max bytes base 536870912 files[0 8 2 0 0 0 0] max score 0.94, MB/sec: 20.6 rd, 20.5 wr, level 2, files in(1, 0) out(1) MB in(65.8, 0.0) out(65.4), read-write-amplify(2.0) write-amplify(1.0) OK, records in: 597534, records dropped: 0 output_compression: Snappy

[9522] 01-07 03:40:39,939 INFO [RocksDB](Original Log Time 2020/01/07-03:40:39.939589) EVENT_LOG_v1 {"time_micros": 1578368439939582, "job": 7, "event": "compaction_finished", "compaction_time_micros": 3348343, "output_level": 2, "num_output_files": 1, "total_output_size": 68588449, "num_input_records": 597534, "num_output_records": 597534, "num_subcompactions": 1, "output_compression": "Snappy", "num_single_delete_mismatches": 0, "num_single_delete_fallthrough": 0, "lsm_state": [0, 8, 2, 0, 0, 0, 0]}
[9522] 01-07 03:40:41,992 INFO [RocksDB]EVENT_LOG_v1 {"time_micros": 1578368441992732, "cf_name": "0", "job": 5, "event": "table_file_creation", "file_number": 26, "file_size": 331340593, "table_properties": {"data_size": 321929025, "index_size": 4319941, "filter_size": 5090585, "raw_key_size": 134104311, "raw_average_key_size": 42, "raw_value_size": 257890886, "raw_average_value_size": 81, "num_data_blocks": 80212, "num_entries": 3164299, "filter_policy_name": "rocksdb.BuiltinBloomFilter", "kDeletedKeys": "0", "kMergeOperands": "0"}}
[9522] 01-07 03:40:41,992 INFO [RocksDB][db/flush_job.cc:371] [0] [JOB 5] Level-0 flush table #26: 331340593 bytes OK
[9522] 01-07 03:40:41,995 INFO [RocksDB](Original Log Time 2020/01/07-03:40:41.993930) [db/memtable_list.cc:377] [0] Level-0 commit table #26 started
[9522] 01-07 03:40:41,995 INFO [RocksDB](Original Log Time 2020/01/07-03:40:41.995693) [db/memtable_list.cc:409] [0] Level-0 commit table #26: memtable #1 done
[9522] 01-07 03:40:41,995 INFO [RocksDB](Original Log Time 2020/01/07-03:40:41.995694) [db/memtable_list.cc:409] [0] Level-0 commit table #26: memtable #2 done
[9522] 01-07 03:40:41,995 INFO [RocksDB](Original Log Time 2020/01/07-03:40:41.995703) EVENT_LOG_v1 {"time_micros": 1578368441995698, "job": 5, "event": "flush_finished", "output_compression": "NoCompression", "lsm_state": [1, 8, 2, 0, 0, 0, 0], "immutable_memtables": 0}
[9522] 01-07 03:40:41,995 INFO [RocksDB](Original Log Time 2020/01/07-03:40:41.995717) [db/db_impl_compaction_flush.cc:177] [0] Level summary: base level 1 max bytes base 536870912 files[1 8 2 0 0 0 0] max score 0.94

[9522] 01-07 03:40:41,995 INFO [RocksDB][db/db_impl_files.cc:342] [JOB 5] Try to delete WAL files size 402459893, prev total WAL file size 556583338, number of live WAL files 3.

[9522] 01-07 03:40:42,026 INFO [RocksDB]EVENT_LOG_v1 {"time_micros": 1578368442025999, "job": 5, "event": "table_file_deletion", "file_number": 16}
[9522] 01-07 03:40:42,057 INFO [RocksDB]EVENT_LOG_v1 {"time_micros": 1578368442057177, "job": 5, "event": "table_file_deletion", "file_number": 14}
[9522] 01-07 03:40:42,111 INFO [RocksDB]EVENT_LOG_v1 {"time_micros": 1578368442111308, "job": 5, "event": "table_file_deletion", "file_number": 11}
[9522] 01-07 03:40:45,400 INFO [RocksDB][db/db_impl_write.cc:1373] [0] New memtable created with log file: #30. Immutable memtables: 0.

[9522] 01-07 03:41:00,969 INFO [RocksDB][db/db_impl_write.cc:1373] [0] New memtable created with log file: #31. Immutable memtables: 1.

[9522] 01-07 03:41:00,969 INFO [RocksDB][db/db_impl_compaction_flush.cc:80] [JOB 8] Syncing log #25
[9522] 01-07 03:41:01,503 INFO [RocksDB][db/db_impl_compaction_flush.cc:80] [JOB 8] Syncing log #30
[9522] 01-07 03:41:03,089 INFO [RocksDB](Original Log Time 2020/01/07-03:41:00.969890) [db/db_impl_compaction_flush.cc:1424] Calling FlushMemTableToOutputFile with column family [0], flush slots available 4, compaction slots available 1, flush slots scheduled 1, compaction slots scheduled 0
[9522] 01-07 03:41:03,089 INFO [RocksDB][db/flush_job.cc:301] [0] [JOB 8] Flushing memtable with next log file: 30

[9522] 01-07 03:41:03,089 INFO [RocksDB][db/flush_job.cc:301] [0] [JOB 8] Flushing memtable with next log file: 31

[9522] 01-07 03:41:03,089 INFO [RocksDB]EVENT_LOG_v1 {"time_micros": 1578368463089742, "job": 8, "event": "flush_started", "num_memtables": 2, "num_entries": 3511033, "num_deletes": 0, "memory_usage": 520099432, "flush_reason": "Write Buffer Full"}
[9522] 01-07 03:41:03,089 INFO [RocksDB][db/flush_job.cc:331] [0] [JOB 8] Level-0 flush table #32: started
[9522] 01-07 03:41:09,717 INFO [RocksDB]EVENT_LOG_v1 {"time_micros": 1578368469717134, "cf_name": "0", "job": 8, "event": "table_file_creation", "file_number": 32, "file_size": 341382313, "table_properties": {"data_size": 331683249, "index_size": 4453168, "filter_size": 5244854, "raw_key_size": 138168587, "raw_average_key_size": 42, "raw_value_size": 265708587, "raw_average_value_size": 81, "num_data_blocks": 82641, "num_entries": 3260242, "filter_policy_name": "rocksdb.BuiltinBloomFilter", "kDeletedKeys": "0", "kMergeOperands": "0"}}
[9522] 01-07 03:41:09,717 INFO [RocksDB][db/flush_job.cc:371] [0] [JOB 8] Level-0 flush table #32: 341382313 bytes OK
[9522] 01-07 03:41:09,719 INFO [RocksDB](Original Log Time 2020/01/07-03:41:09.718285) [db/memtable_list.cc:377] [0] Level-0 commit table #32 started
[9522] 01-07 03:41:09,719 INFO [RocksDB](Original Log Time 2020/01/07-03:41:09.719892) [db/memtable_list.cc:409] [0] Level-0 commit table #32: memtable #1 done
[9522] 01-07 03:41:09,719 INFO [RocksDB](Original Log Time 2020/01/07-03:41:09.719893) [db/memtable_list.cc:409] [0] Level-0 commit table #32: memtable #2 done
[9522] 01-07 03:41:09,719 INFO [RocksDB](Original Log Time 2020/01/07-03:41:09.719904) EVENT_LOG_v1 {"time_micros": 1578368469719898, "job": 8, "event": "flush_finished", "output_compression": "NoCompression", "lsm_state": [2, 8, 2, 0, 0, 0, 0], "immutable_memtables": 0}
[9522] 01-07 03:41:09,719 INFO [RocksDB](Original Log Time 2020/01/07-03:41:09.719938) [db/db_impl_compaction_flush.cc:177] [0] Level summary: base level 1 max bytes base 536870912 files[2 8 2 0 0 0 0] max score 1.25

[9522] 01-07 03:41:09,719 INFO [RocksDB][db/db_impl_files.cc:342] [JOB 8] Try to delete WAL files size 414661099, prev total WAL file size 469812490, number of live WAL files 3.

[9522] 01-07 03:41:09,720 INFO [RocksDB][db/compaction_job.cc:1531] [0] [JOB 9] Compacting 2@0 + 8@1 files to L1, score 1.25
[9522] 01-07 03:41:09,720 INFO [RocksDB][db/compaction_job.cc:1535] [0] Compaction start summary: Base version 9 Base level 0, inputs: [32(325MB) 26(315MB)], [18(65MB) 19(65MB) 20(65MB) 21(65MB) 22(65MB) 23(65MB) 24(65MB) 27(20MB)]

[9522] 01-07 03:41:09,720 INFO [RocksDB]EVENT_LOG_v1 {"time_micros": 1578368469720158, "job": 9, "event": "compaction_started", "compaction_reason": "LevelL0FilesNum", "files_L0": [32, 26], "files_L1": [18, 19, 20, 21, 22, 23, 24, 27], "score": 1.25304, "input_data_size": 1176851991}
[9522] 01-07 03:41:11,179 INFO [RocksDB][db/compaction_job.cc:1211] [0] [JOB 9] Generated table #33: 1204460 keys, 69796585 bytes
[9522] 01-07 03:41:11,179 INFO [RocksDB]EVENT_LOG_v1 {"time_micros": 1578368471179519, "cf_name": "0", "job": 9, "event": "table_file_creation", "file_number": 33, "file_size": 69796585, "table_properties": {"data_size": 67112002, "index_size": 978868, "filter_size": 1704684, "raw_key_size": 57452836, "raw_average_key_size": 47, "raw_value_size": 27691745, "raw_average_value_size": 22, "num_data_blocks": 16597, "num_entries": 1204460, "filter_policy_name": "rocksdb.BuiltinBloomFilter", "kDeletedKeys": "0", "kMergeOperands": "0"}}
[9522] 01-07 03:41:12,479 INFO [RocksDB][db/compaction_job.cc:1211] [0] [JOB 9] Generated table #34: 597505 keys, 68989537 bytes
[9522] 01-07 03:41:12,479 INFO [RocksDB]EVENT_LOG_v1 {"time_micros": 1578368472479264, "cf_name": "0", "job": 9, "event": "table_file_creation", "file_number": 34, "file_size": 68989537, "table_properties": {"data_size": 67111881, "index_size": 888731, "filter_size": 987894, "raw_key_size": 24595689, "raw_average_key_size": 41, "raw_value_size": 56763038, "raw_average_value_size": 95, "num_data_blocks": 16741, "num_entries": 597505, "filter_policy_name": "rocksdb.BuiltinBloomFilter", "kDeletedKeys": "0", "kMergeOperands": "0"}}
[9522] 01-07 03:41:13,792 INFO [RocksDB][db/compaction_job.cc:1211] [0] [JOB 9] Generated table #35: 597606 keys, 68990042 bytes
[9522] 01-07 03:41:13,792 INFO [RocksDB]EVENT_LOG_v1 {"time_micros": 1578368473792479, "cf_name": "0", "job": 9, "event": "table_file_creation", "file_number": 35, "file_size": 68990042, "table_properties": {"data_size": 67112347, "index_size": 888638, "filter_size": 988026, "raw_key_size": 24596098, "raw_average_key_size": 41, "raw_value_size": 56772552, "raw_average_value_size": 94, "num_data_blocks": 16742, "num_entries": 597606, "filter_policy_name": "rocksdb.BuiltinBloomFilter", "kDeletedKeys": "0", "kMergeOperands": "0"}}
[9522] 01-07 03:41:15,096 INFO [RocksDB][db/compaction_job.cc:1211] [0] [JOB 9] Generated table #36: 597616 keys, 68990532 bytes
[9522] 01-07 03:41:15,096 INFO [RocksDB]EVENT_LOG_v1 {"time_micros": 1578368475096929, "cf_name": "0", "job": 9, "event": "table_file_creation", "file_number": 36, "file_size": 68990532, "table_properties": {"data_size": 67112272, "index_size": 889177, "filter_size": 988052, "raw_key_size": 24600361, "raw_average_key_size": 41, "raw_value_size": 56773592, "raw_average_value_size": 95, "num_data_blocks": 16744, "num_entries": 597616, "filter_policy_name": "rocksdb.BuiltinBloomFilter", "kDeletedKeys": "0", "kMergeOperands": "0"}}
[9522] 01-07 03:41:16,478 INFO [RocksDB][db/compaction_job.cc:1211] [0] [JOB 9] Generated table #37: 597617 keys, 68990466 bytes
[9522] 01-07 03:41:16,478 INFO [RocksDB]EVENT_LOG_v1 {"time_micros": 1578368476478983, "cf_name": "0", "job": 9, "event": "table_file_creation", "file_number": 37, "file_size": 68990466, "table_properties": {"data_size": 67112761, "index_size": 888628, "filter_size": 988046, "raw_key_size": 24597478, "raw_average_key_size": 41, "raw_value_size": 56773597, "raw_average_value_size": 94, "num_data_blocks": 16743, "num_entries": 597617, "filter_policy_name": "rocksdb.BuiltinBloomFilter", "kDeletedKeys": "0", "kMergeOperands": "0"}}
[9522] 01-07 03:41:17,780 INFO [RocksDB][db/compaction_job.cc:1211] [0] [JOB 9] Generated table #38: 597605 keys, 68988714 bytes
[9522] 01-07 03:41:17,780 INFO [RocksDB]EVENT_LOG_v1 {"time_micros": 1578368477780263, "cf_name": "0", "job": 9, "event": "table_file_creation", "file_number": 38, "file_size": 68988714, "table_properties": {"data_size": 67110791, "index_size": 888873, "filter_size": 988019, "raw_key_size": 24597906, "raw_average_key_size": 41, "raw_value_size": 56772448, "raw_average_value_size": 94, "num_data_blocks": 16742, "num_entries": 597605, "filter_policy_name": "rocksdb.BuiltinBloomFilter", "kDeletedKeys": "0", "kMergeOperands": "0"}}
[9522] 01-07 03:41:19,107 INFO [RocksDB][db/compaction_job.cc:1211] [0] [JOB 9] Generated table #39: 597594 keys, 68988149 bytes
[9522] 01-07 03:41:19,107 INFO [RocksDB]EVENT_LOG_v1 {"time_micros": 1578368479107591, "cf_name": "0", "job": 9, "event": "table_file_creation", "file_number": 39, "file_size": 68988149, "table_properties": {"data_size": 67110394, "index_size": 888718, "filter_size": 988006, "raw_key_size": 24597331, "raw_average_key_size": 41, "raw_value_size": 56771403, "raw_average_value_size": 94, "num_data_blocks": 16742, "num_entries": 597594, "filter_policy_name": "rocksdb.BuiltinBloomFilter", "kDeletedKeys": "0", "kMergeOperands": "0"}}
[9522] 01-07 03:41:20,385 INFO [RocksDB][db/compaction_job.cc:1211] [0] [JOB 9] Generated table #40: 597602 keys, 68987991 bytes
[9522] 01-07 03:41:20,385 INFO [RocksDB]EVENT_LOG_v1 {"time_micros": 1578368480385778, "cf_name": "0", "job": 9, "event": "table_file_creation", "file_number": 40, "file_size": 68987991, "table_properties": {"data_size": 67110362, "index_size": 888593, "filter_size": 988005, "raw_key_size": 24596446, "raw_average_key_size": 41, "raw_value_size": 56772235, "raw_average_value_size": 95, "num_data_blocks": 16741, "num_entries": 597602, "filter_policy_name": "rocksdb.BuiltinBloomFilter", "kDeletedKeys": "0", "kMergeOperands": "0"}}
[9522] 01-07 03:41:21,703 INFO [RocksDB][db/compaction_job.cc:1211] [0] [JOB 9] Generated table #41: 597593 keys, 68987983 bytes
[9522] 01-07 03:41:21,703 INFO [RocksDB]EVENT_LOG_v1 {"time_micros": 1578368481703240, "cf_name": "0", "job": 9, "event": "table_file_creation", "file_number": 41, "file_size": 68987983, "table_properties": {"data_size": 67109930, "index_size": 889017, "filter_size": 988005, "raw_key_size": 24599115, "raw_average_key_size": 41, "raw_value_size": 56771299, "raw_average_value_size": 94, "num_data_blocks": 16742, "num_entries": 597593, "filter_policy_name": "rocksdb.BuiltinBloomFilter", "kDeletedKeys": "0", "kMergeOperands": "0"}}
[9522] 01-07 03:41:23,022 INFO [RocksDB][db/compaction_job.cc:1211] [0] [JOB 9] Generated table #42: 597607 keys, 68987144 bytes
[9522] 01-07 03:41:23,022 INFO [RocksDB]EVENT_LOG_v1 {"time_micros": 1578368483022987, "cf_name": "0", "job": 9, "event": "table_file_creation", "file_number": 42, "file_size": 68987144, "table_properties": {"data_size": 67109461, "index_size": 888631, "filter_size": 988021, "raw_key_size": 24598595, "raw_average_key_size": 41, "raw_value_size": 56772656, "raw_average_value_size": 94, "num_data_blocks": 16742, "num_entries": 597607, "filter_policy_name": "rocksdb.BuiltinBloomFilter", "kDeletedKeys": "0", "kMergeOperands": "0"}}
[9522] 01-07 03:41:24,382 INFO [RocksDB][db/compaction_job.cc:1211] [0] [JOB 9] Generated table #43: 597628 keys, 68990323 bytes
[9522] 01-07 03:41:24,382 INFO [RocksDB]EVENT_LOG_v1 {"time_micros": 1578368484382980, "cf_name": "0", "job": 9, "event": "table_file_creation", "file_number": 43, "file_size": 68990323, "table_properties": {"data_size": 67112681, "index_size": 888572, "filter_size": 988039, "raw_key_size": 24598204, "raw_average_key_size": 41, "raw_value_size": 56774741, "raw_average_value_size": 95, "num_data_blocks": 16741, "num_entries": 597628, "filter_policy_name": "rocksdb.BuiltinBloomFilter", "kDeletedKeys": "0", "kMergeOperands": "0"}}
[9522] 01-07 03:41:25,684 INFO [RocksDB][db/compaction_job.cc:1211] [0] [JOB 9] Generated table #44: 597602 keys, 68989650 bytes
[9522] 01-07 03:41:25,684 INFO [RocksDB]EVENT_LOG_v1 {"time_micros": 1578368485684615, "cf_name": "0", "job": 9, "event": "table_file_creation", "file_number": 44, "file_size": 68989650, "table_properties": {"data_size": 67111296, "index_size": 889296, "filter_size": 988027, "raw_key_size": 24600173, "raw_average_key_size": 41, "raw_value_size": 56772136, "raw_average_value_size": 94, "num_data_blocks": 16743, "num_entries": 597602, "filter_policy_name": "rocksdb.BuiltinBloomFilter", "kDeletedKeys": "0", "kMergeOperands": "0"}}
[9522] 01-07 03:41:26,985 INFO [RocksDB][db/compaction_job.cc:1211] [0] [JOB 9] Generated table #45: 597635 keys, 68990634 bytes
[9522] 01-07 03:41:26,985 INFO [RocksDB]EVENT_LOG_v1 {"time_micros": 1578368486985241, "cf_name": "0", "job": 9, "event": "table_file_creation", "file_number": 45, "file_size": 68990634, "table_properties": {"data_size": 67112851, "index_size": 888686, "filter_size": 988066, "raw_key_size": 24599991, "raw_average_key_size": 41, "raw_value_size": 56775370, "raw_average_value_size": 95, "num_data_blocks": 16743, "num_entries": 597635, "filter_policy_name": "rocksdb.BuiltinBloomFilter", "kDeletedKeys": "0", "kMergeOperands": "0"}}
[9522] 01-07 03:41:28,289 INFO [RocksDB][db/compaction_job.cc:1211] [0] [JOB 9] Generated table #46: 597604 keys, 68988274 bytes
[9522] 01-07 03:41:28,289 INFO [RocksDB]EVENT_LOG_v1 {"time_micros": 1578368488289822, "cf_name": "0", "job": 9, "event": "table_file_creation", "file_number": 46, "file_size": 68988274, "table_properties": {"data_size": 67110091, "index_size": 889134, "filter_size": 988018, "raw_key_size": 24599855, "raw_average_key_size": 41, "raw_value_size": 56772344, "raw_average_value_size": 94, "num_data_blocks": 16742, "num_entries": 597604, "filter_policy_name": "rocksdb.BuiltinBloomFilter", "kDeletedKeys": "0", "kMergeOperands": "0"}}
[9522] 01-07 03:41:29,597 INFO [RocksDB][db/compaction_job.cc:1211] [0] [JOB 9] Generated table #47: 597631 keys, 68989353 bytes
[9522] 01-07 03:41:29,597 INFO [RocksDB]EVENT_LOG_v1 {"time_micros": 1578368489597761, "cf_name": "0", "job": 9, "event": "table_file_creation", "file_number": 47, "file_size": 68989353, "table_properties": {"data_size": 67111735, "index_size": 888525, "filter_size": 988062, "raw_key_size": 24600621, "raw_average_key_size": 41, "raw_value_size": 56774954, "raw_average_value_size": 95, "num_data_blocks": 16743, "num_entries": 597631, "filter_policy_name": "rocksdb.BuiltinBloomFilter", "kDeletedKeys": "0", "kMergeOperands": "0"}}
[9522] 01-07 03:41:30,905 INFO [RocksDB][db/compaction_job.cc:1211] [0] [JOB 9] Generated table #48: 597611 keys, 68990769 bytes
[9522] 01-07 03:41:30,905 INFO [RocksDB]EVENT_LOG_v1 {"time_micros": 1578368490905563, "cf_name": "0", "job": 9, "event": "table_file_creation", "file_number": 48, "file_size": 68990769, "table_properties": {"data_size": 67112764, "index_size": 888936, "filter_size": 988038, "raw_key_size": 24597784, "raw_average_key_size": 41, "raw_value_size": 56773072, "raw_average_value_size": 95, "num_data_blocks": 16743, "num_entries": 597611, "filter_policy_name": "rocksdb.BuiltinBloomFilter", "kDeletedKeys": "0", "kMergeOperands": "0"}}
[9522] 01-07 03:41:32,206 INFO [RocksDB][db/compaction_job.cc:1211] [0] [JOB 9] Generated table #49: 597660 keys, 68989031 bytes
[9522] 01-07 03:41:32,206 INFO [RocksDB]EVENT_LOG_v1 {"time_micros": 1578368492206774, "cf_name": "0", "job": 9, "event": "table_file_creation", "file_number": 49, "file_size": 68989031, "table_properties": {"data_size": 67112116, "index_size": 887819, "filter_size": 988065, "raw_key_size": 24529274, "raw_average_key_size": 41, "raw_value_size": 56777673, "raw_average_value_size": 94, "num_data_blocks": 16741, "num_entries": 597660, "filter_policy_name": "rocksdb.BuiltinBloomFilter", "kDeletedKeys": "0", "kMergeOperands": "0"}}
[9522] 01-07 03:41:32,300 INFO [RocksDB][db/compaction_job.cc:1211] [0] [JOB 9] Generated table #50: 24732 keys, 2854461 bytes
[9522] 01-07 03:41:32,300 INFO [RocksDB]EVENT_LOG_v1 {"time_micros": 1578368492300343, "cf_name": "0", "job": 9, "event": "table_file_creation", "file_number": 50, "file_size": 2854461, "table_properties": {"data_size": 2776683, "index_size": 35877, "filter_size": 40872, "raw_key_size": 993201, "raw_average_key_size": 40, "raw_value_size": 2349576, "raw_average_value_size": 95, "num_data_blocks": 692, "num_entries": 24732, "filter_policy_name": "rocksdb.BuiltinBloomFilter", "kDeletedKeys": "0", "kMergeOperands": "0"}}
[9522] 01-07 03:41:32,301 INFO [RocksDB][db/compaction_job.cc:1287] [0] [JOB 9] Compacted 2@0 + 8@1 files to L1 => 1176479638 bytes
[9522] 01-07 03:41:32,303 INFO [RocksDB](Original Log Time 2020/01/07-03:41:32.303774) [db/compaction_job.cc:685] [0] compacted to: base level 1 max bytes base 536870912 files[0 18 2 0 0 0 0] max score 2.19, MB/sec: 52.1 rd, 52.1 wr, level 1, files in(2, 8) out(18) MB in(641.6, 480.8) out(1122.0), read-write-amplify(3.5) write-amplify(1.7) OK, records in: 10790909, records dropped: 1 output_compression: NoCompression

[9522] 01-07 03:41:32,303 INFO [RocksDB](Original Log Time 2020/01/07-03:41:32.303791) EVENT_LOG_v1 {"time_micros": 1578368492303784, "job": 9, "event": "compaction_finished", "compaction_time_micros": 22581473, "output_level": 1, "num_output_files": 18, "total_output_size": 1176479638, "num_input_records": 10790909, "num_output_records": 10790908, "num_subcompactions": 1, "output_compression": "NoCompression", "num_single_delete_mismatches": 0, "num_single_delete_fallthrough": 0, "lsm_state": [0, 18, 2, 0, 0, 0, 0]}
[9522] 01-07 03:41:32,303 INFO [RocksDB][db/compaction_job.cc:1531] [0] [JOB 10] Compacting 1@1 + 1@2 files to L2, score 2.19
[9522] 01-07 03:41:32,303 INFO [RocksDB][db/compaction_job.cc:1535] [0] Compaction start summary: Base version 10 Base level 1, inputs: [33(66MB)], [28(52MB)]

[9522] 01-07 03:41:32,303 INFO [RocksDB]EVENT_LOG_v1 {"time_micros": 1578368492303894, "job": 10, "event": "compaction_started", "compaction_reason": "LevelMaxLevelSize", "files_L1": [33], "files_L2": [28], "score": 2.19136, "input_data_size": 124548587}
[9522] 01-07 03:41:32,338 INFO [RocksDB]EVENT_LOG_v1 {"time_micros": 1578368492338827, "job": 0, "event": "table_file_deletion", "file_number": 32}
[9522] 01-07 03:41:32,340 INFO [RocksDB]EVENT_LOG_v1 {"time_micros": 1578368492340974, "job": 0, "event": "table_file_deletion", "file_number": 27}
[9522] 01-07 03:41:32,372 INFO [RocksDB]EVENT_LOG_v1 {"time_micros": 1578368492372826, "job": 0, "event": "table_file_deletion", "file_number": 26}
[9522] 01-07 03:41:32,379 INFO [RocksDB]EVENT_LOG_v1 {"time_micros": 1578368492379570, "job": 0, "event": "table_file_deletion", "file_number": 24}
[9522] 01-07 03:41:32,386 INFO [RocksDB]EVENT_LOG_v1 {"time_micros": 1578368492386278, "job": 0, "event": "table_file_deletion", "file_number": 23}
[9522] 01-07 03:41:32,392 INFO [RocksDB]EVENT_LOG_v1 {"time_micros": 1578368492392909, "job": 0, "event": "table_file_deletion", "file_number": 22}
[9522] 01-07 03:41:32,399 INFO [RocksDB]EVENT_LOG_v1 {"time_micros": 1578368492399564, "job": 0, "event": "table_file_deletion", "file_number": 21}
[9522] 01-07 03:41:32,406 INFO [RocksDB]EVENT_LOG_v1 {"time_micros": 1578368492406489, "job": 0, "event": "table_file_deletion", "file_number": 20}
[9522] 01-07 03:41:32,413 INFO [RocksDB]EVENT_LOG_v1 {"time_micros": 1578368492413160, "job": 0, "event": "table_file_deletion", "file_number": 19}
[9522] 01-07 03:41:32,419 INFO [RocksDB]EVENT_LOG_v1 {"time_micros": 1578368492419803, "job": 0, "event": "table_file_deletion", "file_number": 18}
[9522] 01-07 03:41:35,662 INFO [RocksDB][db/compaction_job.cc:1211] [0] [JOB 10] Generated table #51: 2052733 keys, 70673959 bytes
[9522] 01-07 03:41:35,662 INFO [RocksDB]EVENT_LOG_v1 {"time_micros": 1578368495662875, "cf_name": "0", "job": 10, "event": "table_file_creation", "file_number": 51, "file_size": 70673959, "table_properties": {"data_size": 67110828, "index_size": 1460112, "filter_size": 2774507, "raw_key_size": 99897457, "raw_average_key_size": 48, "raw_value_size": 25364055, "raw_average_value_size": 12, "num_data_blocks": 23903, "num_entries": 2052733, "filter_policy_name": "rocksdb.BuiltinBloomFilter", "kDeletedKeys": "0", "kMergeOperands": "0"}}
[9522] 01-07 03:41:36,415 INFO [RocksDB][db/compaction_job.cc:1211] [0] [JOB 10] Generated table #52: 329659 keys, 37833424 bytes
[9522] 01-07 03:41:36,415 INFO [RocksDB]EVENT_LOG_v1 {"time_micros": 1578368496415803, "cf_name": "0", "job": 10, "event": "table_file_creation", "file_number": 52, "file_size": 37833424, "table_properties": {"data_size": 37020530, "index_size": 489970, "filter_size": 545019, "raw_key_size": 13568903, "raw_average_key_size": 41, "raw_value_size": 31317506, "raw_average_value_size": 94, "num_data_blocks": 9235, "num_entries": 329659, "filter_policy_name": "rocksdb.BuiltinBloomFilter", "kDeletedKeys": "0", "kMergeOperands": "0"}}
[9522] 01-07 03:41:36,417 INFO [RocksDB][db/compaction_job.cc:1287] [0] [JOB 10] Compacted 1@1 + 1@2 files to L2 => 108507383 bytes
[9522] 01-07 03:41:36,418 INFO [RocksDB](Original Log Time 2020/01/07-03:41:36.418771) [db/compaction_job.cc:685] [0] compacted to: base level 1 max bytes base 536870912 files[0 17 3 0 0 0 0] max score 2.06, MB/sec: 30.3 rd, 26.4 wr, level 2, files in(1, 1) out(2) MB in(66.6, 52.2) out(103.5), read-write-amplify(3.3) write-amplify(1.6) OK, records in: 2382393, records dropped: 1 output_compression: Snappy

[9522] 01-07 03:41:36,418 INFO [RocksDB](Original Log Time 2020/01/07-03:41:36.418799) EVENT_LOG_v1 {"time_micros": 1578368496418792, "job": 10, "event": "compaction_finished", "compaction_time_micros": 4113162, "output_level": 2, "num_output_files": 2, "total_output_size": 108507383, "num_input_records": 2382393, "num_output_records": 2382392, "num_subcompactions": 1, "output_compression": "Snappy", "num_single_delete_mismatches": 0, "num_single_delete_fallthrough": 0, "lsm_state": [0, 17, 3, 0, 0, 0, 0]}
[9522] 01-07 03:41:36,418 INFO [RocksDB][db/compaction_job.cc:1531] [0] [JOB 11] Compacting 1@1 files to L2, score 2.06
[9522] 01-07 03:41:36,418 INFO [RocksDB][db/compaction_job.cc:1535] [0] Compaction start summary: Base version 11 Base level 1, inputs: [48(65MB)]

[9522] 01-07 03:41:36,418 INFO [RocksDB]EVENT_LOG_v1 {"time_micros": 1578368496418874, "job": 11, "event": "compaction_started", "compaction_reason": "LevelMaxLevelSize", "files_L1": [48], "score": 2.06136, "input_data_size": 68990769}
[9522] 01-07 03:41:36,426 INFO [RocksDB]EVENT_LOG_v1 {"time_micros": 1578368496426980, "job": 0, "event": "table_file_deletion", "file_number": 33}
[9522] 01-07 03:41:36,432 INFO [RocksDB]EVENT_LOG_v1 {"time_micros": 1578368496432530, "job": 0, "event": "table_file_deletion", "file_number": 28}
[9522] 01-07 03:41:37,733 INFO [RocksDB][db/compaction_job.cc:1211] [0] [JOB 11] Generated table #53: 597611 keys, 68585603 bytes
[9522] 01-07 03:41:37,733 INFO [RocksDB]EVENT_LOG_v1 {"time_micros": 1578368497733593, "cf_name": "0", "job": 11, "event": "table_file_creation", "file_number": 53, "file_size": 68585603, "table_properties": {"data_size": 67112764, "index_size": 888936, "filter_size": 988038, "raw_key_size": 24597784, "raw_average_key_size": 41, "raw_value_size": 56773072, "raw_average_value_size": 95, "num_data_blocks": 16743, "num_entries": 597611, "filter_policy_name": "rocksdb.BuiltinBloomFilter", "kDeletedKeys": "0", "kMergeOperands": "0"}}
[9522] 01-07 03:41:37,734 INFO [RocksDB][db/compaction_job.cc:1287] [0] [JOB 11] Compacted 1@1 files to L2 => 68585603 bytes
[9522] 01-07 03:41:37,736 INFO [RocksDB](Original Log Time 2020/01/07-03:41:37.736547) [db/compaction_job.cc:685] [0] compacted to: base level 1 max bytes base 536870912 files[0 16 4 0 0 0 0] max score 1.93, MB/sec: 52.4 rd, 52.1 wr, level 2, files in(1, 0) out(1) MB in(65.8, 0.0) out(65.4), read-write-amplify(2.0) write-amplify(1.0) OK, records in: 597611, records dropped: 0 output_compression: Snappy

[9522] 01-07 03:41:37,736 INFO [RocksDB](Original Log Time 2020/01/07-03:41:37.736573) EVENT_LOG_v1 {"time_micros": 1578368497736556, "job": 11, "event": "compaction_finished", "compaction_time_micros": 1316015, "output_level": 2, "num_output_files": 1, "total_output_size": 68585603, "num_input_records": 597611, "num_output_records": 597611, "num_subcompactions": 1, "output_compression": "Snappy", "num_single_delete_mismatches": 0, "num_single_delete_fallthrough": 0, "lsm_state": [0, 16, 4, 0, 0, 0, 0]}
[9522] 01-07 03:41:37,736 INFO [RocksDB][db/compaction_job.cc:1531] [0] [JOB 12] Compacting 1@1 files to L2, score 1.93
[9522] 01-07 03:41:37,736 INFO [RocksDB][db/compaction_job.cc:1535] [0] Compaction start summary: Base version 12 Base level 1, inputs: [45(65MB)]

[9522] 01-07 03:41:37,736 INFO [RocksDB]EVENT_LOG_v1 {"time_micros": 1578368497736637, "job": 12, "event": "compaction_started", "compaction_reason": "LevelMaxLevelSize", "files_L1": [45], "score": 1.93285, "input_data_size": 68990634}
[9522] 01-07 03:41:37,747 INFO [RocksDB]EVENT_LOG_v1 {"time_micros": 1578368497747509, "job": 0, "event": "table_file_deletion", "file_number": 48}
[9522] 01-07 03:41:39,038 INFO [RocksDB][db/compaction_job.cc:1211] [0] [JOB 12] Generated table #54: 597635 keys, 68585544 bytes
[9522] 01-07 03:41:39,038 INFO [RocksDB]EVENT_LOG_v1 {"time_micros": 1578368499038091, "cf_name": "0", "job": 12, "event": "table_file_creation", "file_number": 54, "file_size": 68585544, "table_properties": {"data_size": 67112851, "index_size": 888686, "filter_size": 988066, "raw_key_size": 24599991, "raw_average_key_size": 41, "raw_value_size": 56775370, "raw_average_value_size": 95, "num_data_blocks": 16743, "num_entries": 597635, "filter_policy_name": "rocksdb.BuiltinBloomFilter", "kDeletedKeys": "0", "kMergeOperands": "0"}}
[9522] 01-07 03:41:39,039 INFO [RocksDB][db/compaction_job.cc:1287] [0] [JOB 12] Compacted 1@1 files to L2 => 68585544 bytes
[9522] 01-07 03:41:39,041 INFO [RocksDB](Original Log Time 2020/01/07-03:41:39.041255) [db/compaction_job.cc:685] [0] compacted to: base level 1 max bytes base 536870912 files[0 15 5 0 0 0 0] max score 1.80, MB/sec: 53.0 rd, 52.6 wr, level 2, files in(1, 0) out(1) MB in(65.8, 0.0) out(65.4), read-write-amplify(2.0) write-amplify(1.0) OK, records in: 597635, records dropped: 0 output_compression: Snappy

[9522] 01-07 03:41:39,041 INFO [RocksDB](Original Log Time 2020/01/07-03:41:39.041281) EVENT_LOG_v1 {"time_micros": 1578368499041264, "job": 12, "event": "compaction_finished", "compaction_time_micros": 1302776, "output_level": 2, "num_output_files": 1, "total_output_size": 68585544, "num_input_records": 597635, "num_output_records": 597635, "num_subcompactions": 1, "output_compression": "Snappy", "num_single_delete_mismatches": 0, "num_single_delete_fallthrough": 0, "lsm_state": [0, 15, 5, 0, 0, 0, 0]}
[9522] 01-07 03:41:39,041 INFO [RocksDB][db/compaction_job.cc:1531] [0] [JOB 13] Compacting 1@1 files to L2, score 1.80
[9522] 01-07 03:41:39,041 INFO [RocksDB][db/compaction_job.cc:1535] [0] Compaction start summary: Base version 13 Base level 1, inputs: [36(65MB)]

[9522] 01-07 03:41:39,041 INFO [RocksDB]EVENT_LOG_v1 {"time_micros": 1578368499041345, "job": 13, "event": "compaction_started", "compaction_reason": "LevelMaxLevelSize", "files_L1": [36], "score": 1.80435, "input_data_size": 68990532}
[9522] 01-07 03:41:39,048 INFO [RocksDB]EVENT_LOG_v1 {"time_micros": 1578368499048780, "job": 0, "event": "table_file_deletion", "file_number": 45}
[9522] 01-07 03:41:40,339 INFO [RocksDB][db/compaction_job.cc:1211] [0] [JOB 13] Generated table #55: 597616 keys, 68585262 bytes
[9522] 01-07 03:41:40,339 INFO [RocksDB]EVENT_LOG_v1 {"time_micros": 1578368500339125, "cf_name": "0", "job": 13, "event": "table_file_creation", "file_number": 55, "file_size": 68585262, "table_properties": {"data_size": 67112272, "index_size": 889177, "filter_size": 988052, "raw_key_size": 24600361, "raw_average_key_size": 41, "raw_value_size": 56773592, "raw_average_value_size": 95, "num_data_blocks": 16744, "num_entries": 597616, "filter_policy_name": "rocksdb.BuiltinBloomFilter", "kDeletedKeys": "0", "kMergeOperands": "0"}}
[9522] 01-07 03:41:40,340 INFO [RocksDB][db/compaction_job.cc:1287] [0] [JOB 13] Compacted 1@1 files to L2 => 68585262 bytes
[9522] 01-07 03:41:40,342 INFO [RocksDB](Original Log Time 2020/01/07-03:41:40.342424) [db/compaction_job.cc:685] [0] compacted to: base level 1 max bytes base 536870912 files[0 14 6 0 0 0 0] max score 1.68, MB/sec: 53.1 rd, 52.8 wr, level 2, files in(1, 0) out(1) MB in(65.8, 0.0) out(65.4), read-write-amplify(2.0) write-amplify(1.0) OK, records in: 597616, records dropped: 0 output_compression: Snappy

[9522] 01-07 03:41:40,342 INFO [RocksDB](Original Log Time 2020/01/07-03:41:40.342451) EVENT_LOG_v1 {"time_micros": 1578368500342434, "job": 13, "event": "compaction_finished", "compaction_time_micros": 1299248, "output_level": 2, "num_output_files": 1, "total_output_size": 68585262, "num_input_records": 597616, "num_output_records": 597616, "num_subcompactions": 1, "output_compression": "Snappy", "num_single_delete_mismatches": 0, "num_single_delete_fallthrough": 0, "lsm_state": [0, 14, 6, 0, 0, 0, 0]}
[9522] 01-07 03:41:40,342 INFO [RocksDB][db/compaction_job.cc:1531] [0] [JOB 14] Compacting 1@1 files to L2, score 1.68
[9522] 01-07 03:41:40,342 INFO [RocksDB][db/compaction_job.cc:1535] [0] Compaction start summary: Base version 14 Base level 1, inputs: [37(65MB)]

[9522] 01-07 03:41:40,342 INFO [RocksDB]EVENT_LOG_v1 {"time_micros": 1578368500342517, "job": 14, "event": "compaction_started", "compaction_reason": "LevelMaxLevelSize", "files_L1": [37], "score": 1.67584, "input_data_size": 68990466}
[9522] 01-07 03:41:40,349 INFO [RocksDB]EVENT_LOG_v1 {"time_micros": 1578368500349457, "job": 0, "event": "table_file_deletion", "file_number": 36}
[9522] 01-07 03:41:41,657 INFO [RocksDB][db/compaction_job.cc:1211] [0] [JOB 14] Generated table #56: 597617 keys, 68585853 bytes
[9522] 01-07 03:41:41,657 INFO [RocksDB]EVENT_LOG_v1 {"time_micros": 1578368501657624, "cf_name": "0", "job": 14, "event": "table_file_creation", "file_number": 56, "file_size": 68585853, "table_properties": {"data_size": 67112761, "index_size": 888628, "filter_size": 988046, "raw_key_size": 24597478, "raw_average_key_size": 41, "raw_value_size": 56773597, "raw_average_value_size": 94, "num_data_blocks": 16743, "num_entries": 597617, "filter_policy_name": "rocksdb.BuiltinBloomFilter", "kDeletedKeys": "0", "kMergeOperands": "0"}}
[9522] 01-07 03:41:41,659 INFO [RocksDB][db/compaction_job.cc:1287] [0] [JOB 14] Compacted 1@1 files to L2 => 68585853 bytes
[9522] 01-07 03:41:41,661 INFO [RocksDB](Original Log Time 2020/01/07-03:41:41.661111) [db/compaction_job.cc:685] [0] compacted to: base level 1 max bytes base 536870912 files[0 13 7 0 0 0 0] max score 1.55, MB/sec: 52.4 rd, 52.1 wr, level 2, files in(1, 0) out(1) MB in(65.8, 0.0) out(65.4), read-write-amplify(2.0) write-amplify(1.0) OK, records in: 597617, records dropped: 0 output_compression: Snappy

[9522] 01-07 03:41:41,661 INFO [RocksDB](Original Log Time 2020/01/07-03:41:41.661136) EVENT_LOG_v1 {"time_micros": 1578368501661120, "job": 14, "event": "compaction_finished", "compaction_time_micros": 1316634, "output_level": 2, "num_output_files": 1, "total_output_size": 68585853, "num_input_records": 597617, "num_output_records": 597617, "num_subcompactions": 1, "output_compression": "Snappy", "num_single_delete_mismatches": 0, "num_single_delete_fallthrough": 0, "lsm_state": [0, 13, 7, 0, 0, 0, 0]}
[9522] 01-07 03:41:41,661 INFO [RocksDB][db/compaction_job.cc:1531] [0] [JOB 15] Compacting 1@1 files to L2, score 1.55
[9522] 01-07 03:41:41,661 INFO [RocksDB][db/compaction_job.cc:1535] [0] Compaction start summary: Base version 15 Base level 1, inputs: [43(65MB)]

[9522] 01-07 03:41:41,661 INFO [RocksDB]EVENT_LOG_v1 {"time_micros": 1578368501661199, "job": 15, "event": "compaction_started", "compaction_reason": "LevelMaxLevelSize", "files_L1": [43], "score": 1.54734, "input_data_size": 68990323}
[9522] 01-07 03:41:41,668 INFO [RocksDB]EVENT_LOG_v1 {"time_micros": 1578368501668164, "job": 0, "event": "table_file_deletion", "file_number": 37}
[9522] 01-07 03:41:43,069 INFO [RocksDB][db/compaction_job.cc:1211] [0] [JOB 15] Generated table #57: 597628 keys, 68584983 bytes
[9522] 01-07 03:41:43,069 INFO [RocksDB]EVENT_LOG_v1 {"time_micros": 1578368503069130, "cf_name": "0", "job": 15, "event": "table_file_creation", "file_number": 57, "file_size": 68584983, "table_properties": {"data_size": 67112681, "index_size": 888572, "filter_size": 988039, "raw_key_size": 24598204, "raw_average_key_size": 41, "raw_value_size": 56774741, "raw_average_value_size": 95, "num_data_blocks": 16741, "num_entries": 597628, "filter_policy_name": "rocksdb.BuiltinBloomFilter", "kDeletedKeys": "0", "kMergeOperands": "0"}}
[9522] 01-07 03:41:43,070 INFO [RocksDB][db/compaction_job.cc:1287] [0] [JOB 15] Compacted 1@1 files to L2 => 68584983 bytes
[9522] 01-07 03:41:43,072 INFO [RocksDB](Original Log Time 2020/01/07-03:41:43.072032) [db/compaction_job.cc:685] [0] compacted to: base level 1 max bytes base 536870912 files[0 12 8 0 0 0 0] max score 1.42, MB/sec: 49.0 rd, 48.7 wr, level 2, files in(1, 0) out(1) MB in(65.8, 0.0) out(65.4), read-write-amplify(2.0) write-amplify(1.0) OK, records in: 597628, records dropped: 0 output_compression: Snappy

[9522] 01-07 03:41:43,072 INFO [RocksDB](Original Log Time 2020/01/07-03:41:43.072058) EVENT_LOG_v1 {"time_micros": 1578368503072040, "job": 15, "event": "compaction_finished", "compaction_time_micros": 1409133, "output_level": 2, "num_output_files": 1, "total_output_size": 68584983, "num_input_records": 597628, "num_output_records": 597628, "num_subcompactions": 1, "output_compression": "Snappy", "num_single_delete_mismatches": 0, "num_single_delete_fallthrough": 0, "lsm_state": [0, 12, 8, 0, 0, 0, 0]}
[9522] 01-07 03:41:43,072 INFO [RocksDB][db/compaction_job.cc:1531] [0] [JOB 16] Compacting 1@1 + 1@2 files to L2, score 1.42
[9522] 01-07 03:41:43,072 INFO [RocksDB][db/compaction_job.cc:1535] [0] Compaction start summary: Base version 16 Base level 1, inputs: [35(65MB)], [29(65MB)]

[9522] 01-07 03:41:43,072 INFO [RocksDB]EVENT_LOG_v1 {"time_micros": 1578368503072135, "job": 16, "event": "compaction_started", "compaction_reason": "LevelMaxLevelSize", "files_L1": [35], "files_L2": [29], "score": 1.41883, "input_data_size": 137578491}
[9522] 01-07 03:41:43,079 INFO [RocksDB]EVENT_LOG_v1 {"time_micros": 1578368503079364, "job": 0, "event": "table_file_deletion", "file_number": 43}
[9522] 01-07 03:41:44,366 INFO [RocksDB][db/compaction_job.cc:1211] [0] [JOB 16] Generated table #58: 597546 keys, 68587997 bytes
[9522] 01-07 03:41:44,366 INFO [RocksDB]EVENT_LOG_v1 {"time_micros": 1578368504366536, "cf_name": "0", "job": 16, "event": "table_file_creation", "file_number": 58, "file_size": 68587997, "table_properties": {"data_size": 67112776, "index_size": 888397, "filter_size": 987935, "raw_key_size": 24597016, "raw_average_key_size": 41, "raw_value_size": 56766906, "raw_average_value_size": 95, "num_data_blocks": 16740, "num_entries": 597546, "filter_policy_name": "rocksdb.BuiltinBloomFilter", "kDeletedKeys": "0", "kMergeOperands": "0"}}
[9522] 01-07 03:41:45,682 INFO [RocksDB][db/compaction_job.cc:1211] [0] [JOB 16] Generated table #59: 597594 keys, 68582289 bytes
[9522] 01-07 03:41:45,682 INFO [RocksDB]EVENT_LOG_v1 {"time_micros": 1578368505682284, "cf_name": "0", "job": 16, "event": "table_file_creation", "file_number": 59, "file_size": 68582289, "table_properties": {"data_size": 67109555, "index_size": 888617, "filter_size": 988006, "raw_key_size": 24595635, "raw_average_key_size": 41, "raw_value_size": 56771403, "raw_average_value_size": 94, "num_data_blocks": 16742, "num_entries": 597594, "filter_policy_name": "rocksdb.BuiltinBloomFilter", "kDeletedKeys": "0", "kMergeOperands": "0"}}
[9522] 01-07 03:41:45,683 INFO [RocksDB][db/compaction_job.cc:1287] [0] [JOB 16] Compacted 1@1 + 1@2 files to L2 => 137170286 bytes
[9522] 01-07 03:41:45,685 INFO [RocksDB](Original Log Time 2020/01/07-03:41:45.685794) [db/compaction_job.cc:685] [0] compacted to: base level 1 max bytes base 536870912 files[0 11 9 0 0 0 0] max score 1.29, MB/sec: 52.7 rd, 52.5 wr, level 2, files in(1, 1) out(2) MB in(65.8, 65.4) out(130.8), read-write-amplify(4.0) write-amplify(2.0) OK, records in: 1195140, records dropped: 0 output_compression: Snappy

[9522] 01-07 03:41:45,685 INFO [RocksDB](Original Log Time 2020/01/07-03:41:45.685819) EVENT_LOG_v1 {"time_micros": 1578368505685802, "job": 16, "event": "compaction_finished", "compaction_time_micros": 2611561, "output_level": 2, "num_output_files": 2, "total_output_size": 137170286, "num_input_records": 1195140, "num_output_records": 1195140, "num_subcompactions": 1, "output_compression": "Snappy", "num_single_delete_mismatches": 0, "num_single_delete_fallthrough": 0, "lsm_state": [0, 11, 9, 0, 0, 0, 0]}
[9522] 01-07 03:41:45,685 INFO [RocksDB][db/compaction_job.cc:1531] [0] [JOB 17] Compacting 1@1 files to L2, score 1.29
[9522] 01-07 03:41:45,685 INFO [RocksDB][db/compaction_job.cc:1535] [0] Compaction start summary: Base version 17 Base level 1, inputs: [44(65MB)]

[9522] 01-07 03:41:45,685 INFO [RocksDB]EVENT_LOG_v1 {"time_micros": 1578368505685888, "job": 17, "event": "compaction_started", "compaction_reason": "LevelMaxLevelSize", "files_L1": [44], "score": 1.29033, "input_data_size": 68989650}
[9522] 01-07 03:41:45,693 INFO [RocksDB]EVENT_LOG_v1 {"time_micros": 1578368505693388, "job": 0, "event": "table_file_deletion", "file_number": 35}
[9522] 01-07 03:41:45,700 INFO [RocksDB]EVENT_LOG_v1 {"time_micros": 1578368505700430, "job": 0, "event": "table_file_deletion", "file_number": 29}
[9522] 01-07 03:41:46,984 INFO [RocksDB][db/compaction_job.cc:1211] [0] [JOB 17] Generated table #60: 597602 keys, 68584332 bytes
[9522] 01-07 03:41:46,985 INFO [RocksDB]EVENT_LOG_v1 {"time_micros": 1578368506984992, "cf_name": "0", "job": 17, "event": "table_file_creation", "file_number": 60, "file_size": 68584332, "table_properties": {"data_size": 67111296, "index_size": 889296, "filter_size": 988027, "raw_key_size": 24600173, "raw_average_key_size": 41, "raw_value_size": 56772136, "raw_average_value_size": 94, "num_data_blocks": 16743, "num_entries": 597602, "filter_policy_name": "rocksdb.BuiltinBloomFilter", "kDeletedKeys": "0", "kMergeOperands": "0"}}
[9522] 01-07 03:41:46,986 INFO [RocksDB][db/compaction_job.cc:1287] [0] [JOB 17] Compacted 1@1 files to L2 => 68584332 bytes
[9522] 01-07 03:41:46,988 INFO [RocksDB](Original Log Time 2020/01/07-03:41:46.987961) [db/compaction_job.cc:685] [0] compacted to: base level 1 max bytes base 536870912 files[0 10 10 0 0 0 0] max score 1.16, MB/sec: 53.1 rd, 52.7 wr, level 2, files in(1, 0) out(1) MB in(65.8, 0.0) out(65.4), read-write-amplify(2.0) write-amplify(1.0) OK, records in: 597602, records dropped: 0 output_compression: Snappy

[9522] 01-07 03:41:46,988 INFO [RocksDB](Original Log Time 2020/01/07-03:41:46.987991) EVENT_LOG_v1 {"time_micros": 1578368506987985, "job": 17, "event": "compaction_finished", "compaction_time_micros": 1300348, "output_level": 2, "num_output_files": 1, "total_output_size": 68584332, "num_input_records": 597602, "num_output_records": 597602, "num_subcompactions": 1, "output_compression": "Snappy", "num_single_delete_mismatches": 0, "num_single_delete_fallthrough": 0, "lsm_state": [0, 10, 10, 0, 0, 0, 0]}
[9522] 01-07 03:41:46,988 INFO [RocksDB][db/compaction_job.cc:1531] [0] [JOB 18] Compacting 1@1 + 2@2 files to L2, score 1.16
[9522] 01-07 03:41:46,988 INFO [RocksDB][db/compaction_job.cc:1535] [0] Compaction start summary: Base version 18 Base level 1, inputs: [34(65MB)], [52(36MB) 58(65MB)]

[9522] 01-07 03:41:46,988 INFO [RocksDB]EVENT_LOG_v1 {"time_micros": 1578368506988077, "job": 18, "event": "compaction_started", "compaction_reason": "LevelMaxLevelSize", "files_L1": [34], "files_L2": [52, 58], "score": 1.16183, "input_data_size": 175410958}
[9522] 01-07 03:41:46,995 INFO [RocksDB]EVENT_LOG_v1 {"time_micros": 1578368506995462, "job": 0, "event": "table_file_deletion", "file_number": 44}
[9522] 01-07 03:41:48,304 INFO [RocksDB][db/compaction_job.cc:1211] [0] [JOB 18] Generated table #61: 597609 keys, 68583241 bytes
[9522] 01-07 03:41:48,304 INFO [RocksDB]EVENT_LOG_v1 {"time_micros": 1578368508304827, "cf_name": "0", "job": 18, "event": "table_file_creation", "file_number": 61, "file_size": 68583241, "table_properties": {"data_size": 67110557, "index_size": 888875, "filter_size": 988023, "raw_key_size": 24599625, "raw_average_key_size": 41, "raw_value_size": 56772864, "raw_average_value_size": 95, "num_data_blocks": 16742, "num_entries": 597609, "filter_policy_name": "rocksdb.BuiltinBloomFilter", "kDeletedKeys": "0", "kMergeOperands": "0"}}
[9522] 01-07 03:41:49,634 INFO [RocksDB][db/compaction_job.cc:1211] [0] [JOB 18] Generated table #62: 597619 keys, 68584431 bytes
[9522] 01-07 03:41:49,634 INFO [RocksDB]EVENT_LOG_v1 {"time_micros": 1578368509634060, "cf_name": "0", "job": 18, "event": "table_file_creation", "file_number": 62, "file_size": 68584431, "table_properties": {"data_size": 67111573, "index_size": 888715, "filter_size": 988048, "raw_key_size": 24598541, "raw_average_key_size": 41, "raw_value_size": 56773805, "raw_average_value_size": 95, "num_data_blocks": 16743, "num_entries": 597619, "filter_policy_name": "rocksdb.BuiltinBloomFilter", "kDeletedKeys": "0", "kMergeOperands": "0"}}
[9522] 01-07 03:41:50,350 INFO [RocksDB][db/compaction_job.cc:1211] [0] [JOB 18] Generated table #63: 329482 keys, 37810771 bytes
[9522] 01-07 03:41:50,350 INFO [RocksDB]EVENT_LOG_v1 {"time_micros": 1578368510350781, "cf_name": "0", "job": 18, "event": "table_file_creation", "file_number": 63, "file_size": 37810771, "table_properties": {"data_size": 36998630, "index_size": 489686, "filter_size": 544729, "raw_key_size": 13563442, "raw_average_key_size": 41, "raw_value_size": 31300781, "raw_average_value_size": 94, "num_data_blocks": 9231, "num_entries": 329482, "filter_policy_name": "rocksdb.BuiltinBloomFilter", "kDeletedKeys": "0", "kMergeOperands": "0"}}
[9522] 01-07 03:41:50,351 INFO [RocksDB][db/compaction_job.cc:1287] [0] [JOB 18] Compacted 1@1 + 2@2 files to L2 => 174978443 bytes
[9522] 01-07 03:41:50,353 INFO [RocksDB](Original Log Time 2020/01/07-03:41:50.353588) [db/compaction_job.cc:685] [0] compacted to: base level 1 max bytes base 536870912 files[0 9 11 0 0 0 0] max score 1.03, MB/sec: 52.1 rd, 52.0 wr, level 2, files in(1, 2) out(3) MB in(65.8, 101.5) out(166.9), read-write-amplify(5.1) write-amplify(2.5) OK, records in: 1524710, records dropped: 0 output_compression: Snappy

[9522] 01-07 03:41:50,353 INFO [RocksDB](Original Log Time 2020/01/07-03:41:50.353616) EVENT_LOG_v1 {"time_micros": 1578368510353609, "job": 18, "event": "compaction_finished", "compaction_time_micros": 3363859, "output_level": 2, "num_output_files": 3, "total_output_size": 174978443, "num_input_records": 1524710, "num_output_records": 1524710, "num_subcompactions": 1, "output_compression": "Snappy", "num_single_delete_mismatches": 0, "num_single_delete_fallthrough": 0, "lsm_state": [0, 9, 11, 0, 0, 0, 0]}
[9522] 01-07 03:41:50,353 INFO [RocksDB][db/compaction_job.cc:1531] [0] [JOB 19] Compacting 1@1 files to L2, score 1.03
[9522] 01-07 03:41:50,353 INFO [RocksDB][db/compaction_job.cc:1535] [0] Compaction start summary: Base version 19 Base level 1, inputs: [47(65MB)]

[9522] 01-07 03:41:50,353 INFO [RocksDB]EVENT_LOG_v1 {"time_micros": 1578368510353702, "job": 19, "event": "compaction_started", "compaction_reason": "LevelMaxLevelSize", "files_L1": [47], "score": 1.03332, "input_data_size": 68989353}
[9522] 01-07 03:41:50,360 INFO [RocksDB]EVENT_LOG_v1 {"time_micros": 1578368510360856, "job": 0, "event": "table_file_deletion", "file_number": 58}
[9522] 01-07 03:41:50,365 INFO [RocksDB]EVENT_LOG_v1 {"time_micros": 1578368510365059, "job": 0, "event": "table_file_deletion", "file_number": 52}
[9522] 01-07 03:41:50,372 INFO [RocksDB]EVENT_LOG_v1 {"time_micros": 1578368510372692, "job": 0, "event": "table_file_deletion", "file_number": 34}
[9522] 01-07 03:41:51,653 INFO [RocksDB][db/compaction_job.cc:1211] [0] [JOB 19] Generated table #64: 597631 keys, 68584474 bytes
[9522] 01-07 03:41:51,653 INFO [RocksDB]EVENT_LOG_v1 {"time_micros": 1578368511653820, "cf_name": "0", "job": 19, "event": "table_file_creation", "file_number": 64, "file_size": 68584474, "table_properties": {"data_size": 67111735, "index_size": 888525, "filter_size": 988062, "raw_key_size": 24600621, "raw_average_key_size": 41, "raw_value_size": 56774954, "raw_average_value_size": 95, "num_data_blocks": 16743, "num_entries": 597631, "filter_policy_name": "rocksdb.BuiltinBloomFilter", "kDeletedKeys": "0", "kMergeOperands": "0"}}
[9522] 01-07 03:41:51,655 INFO [RocksDB][db/compaction_job.cc:1287] [0] [JOB 19] Compacted 1@1 files to L2 => 68584474 bytes
[9522] 01-07 03:41:51,656 INFO [RocksDB](Original Log Time 2020/01/07-03:41:51.656838) [db/compaction_job.cc:685] [0] compacted to: base level 1 max bytes base 536870912 files[0 8 12 0 0 0 0] max score 0.90, MB/sec: 53.0 rd, 52.7 wr, level 2, files in(1, 0) out(1) MB in(65.8, 0.0) out(65.4), read-write-amplify(2.0) write-amplify(1.0) OK, records in: 597631, records dropped: 0 output_compression: Snappy

[9522] 01-07 03:41:51,656 INFO [RocksDB](Original Log Time 2020/01/07-03:41:51.656865) EVENT_LOG_v1 {"time_micros": 1578368511656848, "job": 19, "event": "compaction_finished", "compaction_time_micros": 1301390, "output_level": 2, "num_output_files": 1, "total_output_size": 68584474, "num_input_records": 597631, "num_output_records": 597631, "num_subcompactions": 1, "output_compression": "Snappy", "num_single_delete_mismatches": 0, "num_single_delete_fallthrough": 0, "lsm_state": [0, 8, 12, 0, 0, 0, 0]}
[9522] 01-07 03:41:51,664 INFO [RocksDB]EVENT_LOG_v1 {"time_micros": 1578368511664403, "job": 0, "event": "table_file_deletion", "file_number": 47}
